31667476
31818826
32515950
31309380
30963725
32013556
31547718
31187852
31390145
32389599
35712597
35922427
35154586
36169094
35192023
364356423
364436818
369839918
357542909
369519838
1270694433
1251762412
1242159417
1258300651
1262213016
2200117291
2142960083
2202580334
2211243602
2169668049
2683868361
2671584695
2705463596
2602785829
2664715274
2884910338
2882867862
2881077445
2895869852
2896821706
2939384274
2905173523
2938870518
2995390091
2905124023
3047964834
3029866097
3034948377
3041245172
3030933978
3067473597
3014525312
3055500045
2985512155
3080810132
