30287344
31938228
31274187
30796773
31641083
31614604
32565648
31836410
32110654
32187835
36005261
35196039
35954449
35647333
35773928
362049884
358293081
364053713
367347616
365190939
1001946485
952957564
991970680
990926492
1004487251
1566808532
1533509223
1549073219
1563971836
1566281499
1947844358
1943299754
1928228256
1910412970
1935365589
2046976783
2107633462
2068989190
2013043541
2127234503
2189803329
2162642475
2190442936
2199601071
2150254294
2199370500
2197561687
2192573863
2159563534
2203337653
2198162320
2188982222
2198197380
2165780271
2193698289
