35802065
36360320
37134198
37466879
35497310
36591599
37716192
38568634
37559177
37271743
41124243
42238953
42161210
41902400
41923644
467600406
472352338
462739540
467002934
468423990
1007225547
976851299
1013366093
957028417
1004250077
1506274847
1562304866
1546470960
1546941213
1572098307
1959328917
1945685826
1912799390
1968585438
1946794817
2135047403
2121638324
2128626811
2136690890
2094413850
2131126992
2191424983
2194921011
2139533957
2141141694
2196056672
2223724399
2209528430
2217654448
2208449952
2162831581
2209879078
2198592700
2197142697
2168881983
