25549135
24887702
25137427
26329256
25698724
26470590
25435086
24997266
26596885
25093196
27572458
27411970
27982922
28236995
27255203
289337748
276745214
290248177
290608013
285463338
908888605
904642520
905766775
885309285
909222328
1933729464
1941501662
1895828151
1954906208
1937283928
2511007537
2533088307
2545275316
2499403872
2524872715
2704087510
2755939507
2707646948
2706613216
2743721911
2837101899
2797624038
2779668872
2864381736
2850691376
2865744385
2892606633
2914025918
2914094383
2861787130
2855424594
2932409904
2905188511
2936613234
2944290114
