36513015
36939836
36577329
35471129
35472994
37852860
36507543
36144519
36217982
36186715
38064335
35966782
36509806
36756205
37422079
269214684
268399816
273249323
269110356
268947652
445356261
435541477
454111348
447167345
451512001
532775033
546000697
515018865
548570503
535091022
578925710
565916264
557122045
568921741
576873558
543321320
523497358
544693457
533384799
536824363
510025866
511189967
505194568
489137808
474576226
471159587
476782420
464874983
483441341
474532654
460514754
459877498
451318639
466274274
448666371
