31632432
31057893
31946574
31329196
32888339
32361694
31875359
31264406
30745102
32254555
34724260
37088801
36421388
34996364
35637142
216324272
269895221
274552586
272567303
266412700
454213991
454429961
453324617
444781649
449463189
514832683
524942492
540914169
547304814
545141491
564362844
577396775
569512786
557780044
577134245
529741946
532920010
528475236
540091596
531457919
506145587
493492933
469214986
504795580
504626310
483711080
480664949
475211598
475282251
485147277
461093095
457527318
452132035
462601959
461174129
