26896268
26989181
25432552
25372475
25199541
25350651
26903386
26009890
26291917
25440395
28166698
28485434
27850085
27356674
29284845
275939723
265835510
272283156
271194975
271167912
439628184
456487206
449420612
453013436
425965958
542350384
542357832
533884892
541095325
536356545
575252186
556280400
575857329
570442373
569504901
539132192
541501144
535323891
535388713
539207660
504071727
480290252
496029834
507669245
509005948
481590520
478787691
482439577
480367037
465896334
463624487
463243328
465712773
441255287
455957947
