37208709
37170142
38313265
36803157
36599134
37132042
36128760
37995850
39539108
36942311
44205197
40895574
43003516
41869211
43544099
564322072
578113394
566836106
573568927
573537779
1504643332
1495867466
1511817256
1522552768
1511528728
2301979699
2297194532
2281485450
2259188706
2289943512
2710487112
2702290522
2688831335
2699076311
2686203718
2874043450
2879541957
2853684909
2888327393
2871477209
2996991449
2948463578
2956320706
2828229059
3000984780
3041612095
2907730010
3020422185
3047576665
3053062789
3028921003
3071426046
3009372323
3076718909
3049714830
