35083637
36158086
35006776
35400800
34755124
36462913
36267449
35274788
36475810
35768597
39604551
39502092
40021086
39089552
39188602
512953810
500238678
503954482
483250873
502016132
1432870119
1433995347
1427563614
1429667276
1428781544
2109515322
2142561671
2127804660
2153535087
2111411783
2565611412
2564593738
2540484463
2546469141
2539414517
2692993839
2671629396
2582611348
2761504172
2772271982
2813880321
2874513011
2864010648
2842999284
2864195193
2902617660
2919352503
2819988240
2913387337
2920712405
2967875085
2858686678
2893001045
2948051046
2952826306
