34344442
34171081
34697030
35609084
33619010
33182964
36001701
35575477
34736528
34826356
38717463
39211519
38730872
40325228
40677844
506716235
499523310
498737962
494560934
505038211
1432270121
1415201510
1431025157
1424079286
1441407826
2265735793
2296370117
2291699698
2276880903
2304678458
2709392476
2700698560
2687097422
2707488465
2614358548
2896755770
2850732168
2912464366
2895575303
2903508385
2980525778
2999394129
2988240683
2977738262
2997898325
2998819362
3057391899
3029313029
3043431619
3042055000
3084625955
3047462588
3084397529
3083775122
3034937558
