31105411
31429844
31240838
30940483
31176221
31959818
32020523
31455147
30360372
31522332
36046647
35465605
35460717
35981834
35516690
366003948
367925323
341206360
355544409
362779839
1251567102
1261712352
1236405818
1263601371
1269359744
2153313330
2136637048
2145953384
2148153652
2115680323
2558650684
2535551619
2491847476
2507874812
2520761777
2700790261
2735494936
2750858081
2745114497
2760708817
2805920684
2827955051
2812772120
2857093024
2815830089
2891853966
2875302330
2889409168
2865585821
2898880809
2936060785
2900981735
2934283161
2935555318
2949277567
