26726754
26958290
25477821
25568506
24386859
24209450
25301376
25051296
26404462
27208195
28577921
28658078
29150666
27534596
27494190
289650041
281074096
289369245
285045393
290952192
879775067
906331553
908686674
894062535
906950513
1568694470
1562027946
1525867486
1566661115
1554529897
1949253479
1920313211
1941691216
1930806407
1875280923
2120654652
2116782185
2065921857
2084747919
2107677526
2155954287
2183123951
2168816255
2193446698
2169860124
2130859114
2196908069
2190152216
2205370667
2161891939
2187920655
2182874559
2180799293
2181889381
2093570537
