37988308
38055605
36948218
36968337
36945314
37507865
37631541
38825081
37205736
37854640
40897769
41751910
41422932
41945344
42208748
573092352
566250234
573758003
584527540
570683216
1426846750
1405247456
1427988165
1429727724
1434286411
2099454100
2161411230
2127240737
2112368785
2146141388
2531433159
2581527393
2505544869
2582331252
2551809731
2766532086
2701144200
2766311108
2756122512
2733360616
2843568508
2847069204
2857891101
2816917979
2868835476
2903108426
2719686863
2918359553
2929854155
2852676000
2921505929
2949812285
2960454290
2887473057
2772525621
