34385141
34748943
35735768
35380795
35807958
37181526
36654517
36587454
36676694
35502017
41185833
40713233
39960649
40597308
38819119
471623995
470140374
465206739
459438770
466035859
1009152076
1010776006
983292656
997772426
1004598792
1539466826
1474193045
1546125179
1567426487
1528543473
1959073665
1952665370
1958164683
1918985120
1972604823
2147051739
2133128212
2145170917
2123998934
2065306376
2125175758
2199773254
2196311497
2204291275
2157788069
2219646858
2216349975
2202711266
2214276927
2210583926
2190055620
2135031961
2212561526
2197082493
2206992371
