25670033
25538444
26781109
25482038
26022689
26362503
25700720
25758402
26047112
25426852
28574894
27711610
28147096
28932661
28599839
292375739
282386834
290409847
288135810
285805928
909737388
906479109
910326412
888415418
904666010
1936587272
1942362647
1863720394
1940402926
1894231222
2533102439
2582570873
2598249768
2593594291
2523639011
2881261084
2822548885
2866959446
2860002690
2858524201
2979695723
2932944056
2979050429
2988417039
2994714624
2996091329
3031691466
3050172681
3053384542
2972632509
3074013115
3067571685
3028857829
3044694368
3086993664
