34280557
34874963
35087188
35560577
34772752
35811463
35841421
34762788
34486346
35441531
36824759
37758073
37085873
38110285
36838025
275548107
269222010
275408130
266078447
274610426
455643676
456782498
449444833
450426356
455525963
533275548
499699293
539517284
543471998
531421764
572471267
575632283
579526823
563958298
571349835
538536710
539059042
544248963
533185882
545312122
489881114
501768214
511565540
485815879
501597163
474926519
478043657
475659470
484871445
482106483
460841432
443211002
459158887
450795379
464078578
