965661 55555 0.000010
0 713165 223783 713165 223783 1
1 1 94089 1 94089 1
2 500475 56679 500475 56679 1
3 43295 39560 43295 39560 1
4 288337 29931 288337 29931 1
5 5 23831 5 23831 1
6 811995 19654 811995 19654 1
7 581037 16633 581037 16633 1
8 422708 14356 422708 14356 1
9 454023 12584 454023 12584 1
10 344854 11171 344854 11171 1
11 162370 10020 162370 10020 1
12 656366 9066 656366 9066 1
13 13 8264 13 8264 1
14 151953 7581 151953 7581 1
15 374059 6993 374059 6993 1
16 279048 6483 279048 6483 1
17 278961 6036 278961 6036 1
18 806435 5641 806435 5641 1
19 603003 5291 603003 5291 1
20 549444 4978 549444 4978 1
21 831846 4697 831846 4697 1
22 967024 4443 967024 4443 1
23 313696 4213 313696 4213 1
24 183943 4003 183943 4003 1
25 604339 3812 604339 3812 1
26 729111 3636 729111 3636 1
27 472803 3474 472803 3474 1
28 835493 3325 835493 3325 1
29 338292 3187 338292 3187 1
30 582955 3059 582955 3059 1
31 809067 2940 809067 2940 1
32 711224 2829 711224 2829 1
33 677947 2726 677947 2726 1
34 330585 2629 330585 2629 1
35 314060 2538 314060 2538 1
36 610297 2452 610297 2452 1
37 37 2372 37 2372 1
38 533212 2296 533212 2296 1
39 452801 2225 452801 2225 1
40 730035 2157 730035 2157 1
41 735519 2093 735519 2093 1
42 638830 2032 638830 2032 1
43 234666 1975 234666 1975 1
44 497622 1920 497622 1920 1
45 292877 1868 292877 1868 1
46 60041 1818 60041 1818 1
47 966109 1771 966109 1771 1
48 388464 1726 388464 1726 1
49 893567 1683 893567 1683 1
50 202603 1642 202603 1642 1
51 321680 1603 321680 1603 1
52 819512 1565 819512 1565 1
53 743624 1529 743624 1529 1
54 341525 1494 341525 1494 1
55 943515 1461 943515 1461 1
56 603924 1429 603924 1429 1
57 650301 1398 650301 1398 1
58 397442 1369 397442 1369 1
59 843347 1340 843347 1340 1
60 327852 1313 327852 1313 1
61 158612 1286 158612 1286 1
62 62 1261 62 1261 1
63 213133 1236 213133 1236 1
64 127067 1213 127067 1213 1
65 780651 1190 780651 1190 1
66 280093 1167 280093 1167 1
67 67 1146 67 1146 1
68 945426 1125 945426 1125 1
69 787035 1105 787035 1105 1
70 274045 1086 274045 1086 1
71 644947 1067 644947 1067 1
72 442676 1049 442676 1049 1
73 349707 1031 349707 1031 1
74 856802 1014 856802 1014 1
75 661175 997 661175 997 1
76 98308 981 98308 981 1
77 92754 965 92754 965 1
78 534864 950 534864 950 1
79 110375 935 110375 935 1
80 878755 921 878755 921 1
81 81 907 81 907 1
82 80387 893 80387 893 1
83 725410 880 725410 880 1
84 84 867 84 867 1
85 279584 854 279584 854 1
86 844980 842 844980 842 1
87 829107 830 829107 830 1
88 796821 819 796821 819 1
89 73134 807 73134 807 1
90 695804 796 695804 796 1
91 198636 785 198636 785 1
92 92 775 92 775 1
93 729218 765 729218 765 1
94 602385 755 602385 755 1
95 872422 745 872422 745 1
96 302259 735 302259 735 1
97 316664 726 316664 726 1
98 903922 717 903922 717 1
99 30473 708 30473 708 1
100 97170 699 97170 699 1
101 954359 690 954359 690 1
102 75820 682 75820 682 1
103 132561 674 132561 674 1
104 989941 666 989941 666 1
105 90009 658 90009 658 1
106 106 650 106 650 1
107 262174 643 262174 643 1
108 998207 635 998207 635 1
109 109 628 109 628 1
110 858196 621 858196 621 1
111 179039 614 179039 614 1
112 415985 607 415985 607 1
113 892275 601 892275 601 1
114 114 594 114 594 1
115 814608 588 814608 588 1
116 315324 582 315324 582 1
117 469239 575 469239 575 1
118 426633 569 426633 569 1
119 257854 563 257854 563 1
120 296578 558 296578 558 1
121 121 552 121 552 1
122 687311 546 687311 546 1
123 648635 541 648635 541 1
124 617842 535 617842 535 1
125 885806 530 885806 530 1
126 441682 525 441682 525 1
127 306864 520 306864 520 1
128 570238 515 570238 515 1
129 69043 510 69043 510 1
130 63803 505 63803 505 1
131 128256 500 128256 500 1
132 348451 495 348451 495 1
133 74424 491 74424 491 1
134 312915 486 312915 486 1
135 876644 482 876644 482 1
136 878886 477 878886 477 1
137 911927 473 911927 473 1
138 790478 469 790478 469 1
139 995672 465 995672 465 1
140 426568 461 426568 461 1
141 793576 457 793576 457 1
142 380355 453 380355 453 1
143 540292 449 540292 449 1
144 817945 445 817945 445 1
145 145 441 145 441 1
146 211892 437 211892 437 1
147 640739 434 640739 434 1
148 146225 430 146225 430 1
149 179885 426 179885 426 1
150 150 423 150 423 1
151 471589 419 471589 419 1
152 374984 416 374984 416 1
153 153 413 153 413 1
154 326861 409 326861 409 1
155 480940 406 480940 406 1
156 156 403 156 403 1
157 878899 399 878899 399 1
158 524508 396 524508 396 1
159 721413 393 721413 393 1
160 497674 390 497674 390 1
161 205864 387 205864 387 1
162 635963 384 635963 384 1
163 689381 381 689381 381 1
164 39874 378 39874 378 1
165 323799 376 323799 376 1
166 219357 373 219357 373 1
167 425619 370 425619 370 1
168 168 367 168 367 1
169 79313 365 79313 365 1
170 799755 362 799755 362 1
171 946002 359 946002 359 1
172 680959 357 680959 357 1
173 173 354 173 354 1
174 820046 352 820046 352 1
175 877924 349 877924 349 1
176 26171 347 26171 347 1
177 124395 344 124395 344 1
178 807154 342 807154 342 1
179 179 339 179 339 1
180 730161 337 730161 337 1
181 576931 335 576931 335 1
182 776140 332 776140 332 1
183 164566 330 164566 330 1
184 184 328 184 328 1
185 459490 326 459490 326 1
186 290246 324 290246 324 1
187 518378 321 518378 321 1
188 662150 319 662150 319 1
189 592797 317 592797 317 1
190 712040 315 712040 315 1
191 697542 313 697542 313 1
192 150855 311 150855 311 1
193 616414 309 616414 309 1
194 452560 307 452560 307 1
195 758750 305 758750 305 1
196 880354 303 880354 303 1
197 397851 301 397851 301 1
198 92206 299 92206 299 1
199 998584 298 998584 298 1
200 200 296 200 296 1
201 914662 294 914662 294 1
202 466258 292 466258 292 1
203 391988 290 391988 290 1
204 41956 288 41956 288 1
205 11818 287 11818 287 1
206 875647 285 875647 285 1
207 221456 283 221456 283 1
208 312165 282 312165 282 1
209 878956 280 878956 280 1
210 825377 278 825377 278 1
211 471029 277 471029 277 1
212 222222 275 222222 275 1
213 650646 273 650646 273 1
214 809643 272 809643 272 1
215 915342 270 915342 270 1
216 38843 269 38843 269 1
217 335478 267 335478 267 1
218 218 266 218 266 1
219 360514 264 360514 264 1
220 226053 263 226053 263 1
221 184114 261 184114 261 1
222 850307 260 850307 260 1
223 223 258 223 258 1
224 586042 257 586042 257 1
225 399785 255 399785 255 1
226 74007 254 74007 254 1
227 437205 253 437205 253 1
228 526420 251 526420 251 1
229 87033 250 87033 250 1
230 690572 248 690572 248 1
231 647588 247 647588 247 1
232 232 246 232 246 1
233 632949 245 632949 245 1
234 464159 243 464159 243 1
235 866496 242 866496 242 1
236 258874 241 258874 241 1
237 875902 239 875902 239 1
238 947680 238 947680 238 1
239 239 237 239 237 1
240 197584 236 197584 236 1
241 933953 234 933953 234 1
242 242 233 242 233 1
243 891719 232 891719 232 1
244 63497 231 63497 231 1
245 664840 230 664840 230 1
246 73270 229 73270 229 1
247 60358 227 60358 227 1
248 894737 226 894737 226 1
249 249 225 249 225 1
250 20087 224 20087 224 1
251 433244 223 433244 223 1
252 740512 222 740512 222 1
253 469794 221 469794 221 1
254 603036 220 603036 220 1
255 255 219 255 219 1
256 488207 217 488207 217 1
257 937773 216 937773 216 1
258 837509 215 837509 215 1
259 22731 214 22731 214 1
260 334867 213 334867 213 1
261 821550 212 821550 212 1
262 273910 211 273910 211 1
263 343099 210 343099 210 1
264 916869 209 916869 209 1
265 601265 208 601265 208 1
266 895704 207 895704 207 1
267 912485 206 912485 206 1
268 268 205 268 205 1
269 863986 204 863986 204 1
270 516532 204 516532 204 1
271 271 203 271 203 1
272 941569 202 941569 202 1
273 423622 201 423622 201 1
274 987761 200 987761 200 1
275 604627 199 604627 199 1
276 430565 198 430565 198 1
277 871021 197 871021 197 1
278 726601 196 726601 196 1
279 772717 195 875586 195 0
280 875586 195 772717 195 0
281 419614 194 419614 194 1
282 212322 193 212322 193 1
283 848878 192 848878 192 1
284 210910 191 210910 191 1
285 305863 190 305863 190 1
286 353607 189 947808 189 0
287 947808 189 353607 189 0
288 432616 188 432616 188 1
289 209537 187 209537 187 1
290 204023 186 204023 186 1
291 690795 185 690795 185 1
292 726510 185 726510 185 1
293 440501 184 440501 184 1
294 942466 183 942466 183 1
295 151999 182 151999 182 1
296 853286 182 853286 182 1
297 984713 181 984713 181 1
298 215822 180 215822 180 1
299 255442 179 255442 179 1
300 698072 178 737872 178 0
301 737872 178 698072 178 0
302 302 177 302 177 1
303 674819 176 720354 176 0
304 720354 176 674819 176 0
305 356480 175 356480 175 1
306 306 174 306 174 1
307 452061 173 386321 173 0
308 386321 173 452061 173 0
309 31746 172 31746 172 1
310 846536 171 351620 171 0
311 351620 171 846536 171 0
312 56217 170 56217 170 1
313 345401 169 345401 169 1
314 605451 169 605451 169 1
315 617354 168 617354 168 1
316 776652 167 776652 167 1
317 279280 167 279280 167 1
318 866394 166 866394 166 1
319 331964 165 158097 165 0
320 158097 165 331964 165 0
321 448897 164 448897 164 1
322 23746 163 23746 163 1
323 883340 163 883340 163 1
324 915039 162 825575 162 0
325 825575 162 915039 162 0
326 211344 161 211344 161 1
327 923718 160 34982 160 0
328 34982 160 923718 160 0
329 931488 159 931488 159 1
330 446984 159 446984 159 1
331 220609 158 220609 158 1
332 100872 157 162602 157 0
333 162602 157 100872 157 0
334 187727 156 187727 156 1
335 799407 156 799407 156 1
336 239130 155 239130 155 1
337 170193 154 170193 154 1
338 331178 154 331178 154 1
339 340 153 340 153 1
340 656350 153 656350 153 1
341 634827 152 655444 152 0
342 655444 152 634827 152 0
343 876341 151 917639 151 0
344 917639 151 876341 151 0
345 118315 150 118315 150 1
346 240287 149 540846 149 0
347 540846 149 240287 149 0
348 982058 148 179730 148 0
349 179730 148 982058 148 0
350 378737 147 378737 147 1
351 511352 147 511352 147 1
352 161801 146 442283 146 0
353 442283 146 161801 146 0
354 830963 145 621312 145 0
355 621312 145 830963 145 0
356 948465 144 219707 144 0
357 219707 144 948465 144 0
358 961012 143 358063 143 0
359 358063 143 961012 143 0
360 426319 142 361 142 0
361 361 142 426319 142 0
362 806172 141 806172 141 1
363 540160 141 540160 141 1
364 825109 140 825109 140 1
365 902175 140 902175 140 1
366 104436 139 25983 139 0
367 25983 139 104436 139 0
368 368 138 369 138 0
369 369 138 368 138 0
370 381913 137 606996 137 0
371 929603 137 929603 137 1
372 606996 137 381913 137 0
373 979321 136 979321 136 1
374 593513 136 593513 136 1
375 330337 135 297959 135 0
376 297959 135 330337 135 0
377 251987 134 251987 134 1
378 940305 134 940305 134 1
379 579605 133 850516 133 0
380 850516 133 579605 133 0
381 969925 133 969925 133 1
382 180948 132 180948 132 1
383 382 132 382 132 1
384 481167 131 481167 131 1
385 759840 131 759840 131 1
386 660801 130 660801 130 1
387 36144 130 36144 130 1
388 387 130 387 130 1
389 770508 129 770508 129 1
390 901154 129 901154 129 1
391 989422 128 989422 128 1
392 52869 128 52869 128 1
393 562798 127 179693 127 0
394 179693 127 562798 127 0
395 998338 127 998338 127 1
396 396 126 396 126 1
397 4777 126 4777 126 1
398 373457 125 245834 125 0
399 482009 125 373457 125 0
400 245834 125 482009 125 0
401 401 124 401 124 1
402 610850 124 844308 124 0
403 844308 124 610850 124 0
404 866988 123 866988 123 1
405 895515 123 895515 123 1
406 939890 122 72517 122 0
407 72517 122 406 122 0
408 406 122 939890 122 0
409 192685 121 408789 121 0
410 408789 121 410 121 0
411 410 121 192685 121 0
412 992761 120 413 120 0
413 413 120 992761 120 0
414 186228 119 48193 119 0
415 48193 119 186228 119 0
416 540110 119 540110 119 1
417 418 118 418 118 1
418 643951 118 620532 118 0
419 620532 118 643951 118 0
420 474844 117 474844 117 1
421 911415 117 911415 117 1
422 466847 117 466847 117 1
423 859611 116 470199 116 0
424 20593 116 20593 116 1
425 470199 116 859611 116 0
426 478810 115 470258 115 0
427 716775 115 478810 115 0
428 470258 115 716775 115 0
429 250846 114 956135 114 0
430 364246 114 364246 114 1
431 956135 114 250846 114 0
432 842596 113 842596 113 1
433 433 113 433 113 1
434 434 113 434 113 1
435 557476 112 436 112 0
436 436 112 557476 112 0
437 87859 112 87859 112 1
438 313670 111 2812 111 0
439 207807 111 207807 111 1
440 2812 111 313670 111 0
441 893770 110 37855 110 0
442 443 110 893770 110 0
443 37855 110 443 110 0
444 342783 109 517254 109 0
445 231430 109 231430 109 1
446 229284 109 229284 109 1
447 517254 109 342783 109 0
448 463177 108 450 108 0
449 450 108 265108 108 0
450 265108 108 463177 108 0
451 451 107 452 107 0
452 452 107 150194 107 0
453 150194 107 451 107 0
454 986785 106 456 106 0
455 456 106 986785 106 0
456 74351 106 74351 106 1
457 234682 106 234682 106 1
458 599769 105 470126 105 0
459 470126 105 335793 105 0
460 335793 105 599769 105 0
461 770461 104 770461 104 1
462 595238 104 595238 104 1
463 899880 104 899880 104 1
464 298926 104 298926 104 1
465 972699 103 972699 103 1
466 231159 103 231159 103 1
467 576947 103 875010 103 0
468 875010 103 576947 103 0
469 878180 102 842964 102 0
470 670468 102 670468 102 1
471 842964 102 878180 102 0
472 935730 101 935730 101 1
473 52839 101 13874 101 0
474 13874 101 52839 101 0
475 783047 101 783047 101 1
476 250013 100 250013 100 1
477 681227 100 178870 100 0
478 823943 100 823943 100 1
479 178870 100 681227 100 0
480 463712 99 169786 99 0
481 879067 99 879067 99 1
482 62206 99 62206 99 1
483 169786 99 463712 99 0
484 348040 98 484 98 0
485 989280 98 989280 98 1
486 197479 98 197479 98 1
487 484 98 348040 98 0
488 488 97 489 97 0
489 489 97 840325 97 0
490 840325 97 488 97 0
491 171685 97 171685 97 1
492 417933 96 417933 96 1
493 494 96 494 96 1
494 635448 96 635448 96 1
495 153261 96 153261 96 1
496 128382 95 52117 95 0
497 52117 95 128382 95 0
498 499 95 499 95 1
499 629380 95 629380 95 1
500 403963 94 781883 94 0
501 233731 94 33610 94 0
502 33610 94 403963 94 0
503 781883 94 233731 94 0
504 179301 93 226504 93 0
505 606413 93 179301 93 0
506 195667 93 606413 93 0
507 90148 93 90148 93 1
508 226504 93 195667 93 0
509 211440 92 211440 92 1
510 511 92 646007 92 0
511 646007 92 911598 92 0
512 911598 92 511 92 0
513 383 91 762175 91 0
514 440627 91 383 91 0
515 762175 91 222720 91 0
516 400828 91 440627 91 0
517 222720 91 400828 91 0
518 111102 90 416104 90 0
519 416104 90 633780 90 0
520 633780 90 111102 90 0
521 404321 90 404321 90 1
522 522 89 522 89 1
523 331635 89 242363 89 0
524 604849 89 604849 89 1
525 242363 89 9973 89 0
526 9973 89 331635 89 0
527 254775 88 254775 88 1
528 527 88 584935 88 0
529 584935 88 748348 88 0
530 748348 88 919997 88 0
531 919997 88 527 88 0
532 862565 87 991204 87 0
533 889759 87 26712 87 0
534 199519 87 889759 87 0
535 26712 87 199519 87 0
536 991204 87 862565 87 0
537 66774 86 585278 86 0
538 806857 86 499016 86 0
539 856860 86 66774 86 0
540 585278 86 806857 86 0
541 499016 86 856860 86 0
542 343832 85 664406 85 0
543 664406 85 167533 85 0
544 818458 85 562290 85 0
545 167533 85 343832 85 0
546 562290 85 818458 85 0
547 814947 84 435013 84 0
548 195912 84 445055 84 0
549 594806 84 814947 84 0
550 435013 84 195912 84 0
551 445055 84 594806 84 0
552 142107 83 106522 83 0
553 707243 83 412071 83 0
554 662558 83 707243 83 0
555 412071 83 990391 83 0
556 106522 83 142107 83 0
557 990391 83 662558 83 0
558 549796 82 336914 82 0
559 336914 82 562 82 0
560 562 82 86201 82 0
561 561 82 549796 82 0
562 86201 82 561 82 0
563 563675 81 937022 81 0
564 552971 81 563675 81 0
565 112633 81 367939 81 0
566 367939 81 183039 81 0
567 183039 81 112633 81 0
568 937022 81 552971 81 0
569 860616 80 678039 80 0
570 252324 80 610562 80 0
571 610562 80 252324 80 0
572 678039 80 477273 80 0
573 477273 80 860616 80 0
574 838144 79 265769 79 0
575 494192 79 814279 79 0
576 276048 79 574 79 0
577 574 79 838144 79 0
578 814279 79 494192 79 0
579 265769 79 276048 79 0
580 479622 78 82496 78 0
581 82496 78 584 78 0
582 8023 78 583 78 0
583 585 78 585 78 1
584 583 78 479622 78 0
585 584 78 8023 78 0
586 586 77 971011 77 0
587 971011 77 586 77 0
588 580940 77 964785 77 0
589 914522 77 985065 77 0
590 964785 77 914522 77 0
591 985065 77 580940 77 0
592 66335 76 850194 76 0
593 850194 76 793559 76 0
594 288508 76 596 76 0
595 596 76 66335 76 0
596 217345 76 288508 76 0
597 793559 76 594 76 0
598 594 76 217345 76 0
599 604 75 123534 75 0
600 807529 75 62708 75 0
601 123534 75 426687 75 0
602 62708 75 6065 75 0
603 6065 75 807529 75 0
604 426687 75 604 75 0
605 448777 74 448777 74 1
606 987833 74 609 74 0
607 607 74 607 74 1
608 603675 74 987833 74 0
609 609 74 921840 74 0
610 962447 74 603675 74 0
611 921840 74 962447 74 0
612 571366 73 226020 73 0
613 332858 73 332858 73 1
614 226020 73 571366 73 0
615 84399 73 84399 73 1
616 530856 73 530856 73 1
617 292209 73 292209 73 1
618 927797 72 967536 72 0
619 473533 72 41913 72 0
620 907226 72 927797 72 0
621 967536 72 937764 72 0
622 937764 72 189739 72 0
623 189739 72 907226 72 0
624 41913 72 473533 72 0
625 911057 71 73615 71 0
626 108771 71 808596 71 0
627 111533 71 911057 71 0
628 73615 71 629 71 0
629 808596 71 111533 71 0
630 629 71 627 71 0
631 627 71 108771 71 0
632 784579 70 354555 70 0
633 318133 70 228018 70 0
634 26377 70 26377 70 1
635 354555 70 121058 70 0
636 929176 70 925724 70 0
637 228018 70 784579 70 0
638 121058 70 318133 70 0
639 925724 70 929176 70 0
640 354701 69 354701 69 1
641 673127 69 673127 69 1
642 259736 69 259736 69 1
643 635579 69 245555 69 0
644 245555 69 635579 69 0
645 195346 69 195346 69 1
646 784683 69 784683 69 1
647 299692 68 335176 68 0
648 365959 68 896995 68 0
649 335176 68 438454 68 0
650 994158 68 299692 68 0
651 715947 68 715947 68 1
652 896995 68 994158 68 0
653 732258 68 365959 68 0
654 438454 68 732258 68 0
655 881870 67 997775 67 0
656 550478 67 319069 67 0
657 343133 67 881870 67 0
658 137863 67 137863 67 1
659 319069 67 441074 67 0
660 997775 67 883826 67 0
661 441074 67 343133 67 0
662 883826 67 550478 67 0
663 664 66 336514 66 0
664 336514 66 664 66 0
665 653931 66 562655 66 0
666 562655 66 710867 66 0
667 768371 66 382746 66 0
668 90765 66 90765 66 1
669 710867 66 653931 66 0
670 382746 66 768371 66 0
671 864948 65 864948 65 1
672 678 65 671 65 0
673 181645 65 181645 65 1
674 676 65 828344 65 0
675 828344 65 678 65 0
676 671 65 295615 65 0
677 204101 65 676 65 0
678 295615 65 204101 65 0
679 832557 64 348028 64 0
680 348028 64 222777 64 0
681 180619 64 938262 64 0
682 403287 64 512347 64 0
683 938262 64 694137 64 0
684 74625 64 74625 64 1
685 512347 64 832557 64 0
686 694137 64 180619 64 0
687 222777 64 403287 64 0
688 375534 63 795109 63 0
689 581208 63 945219 63 0
690 264563 63 193599 63 0
691 795109 63 178571 63 0
692 193599 63 264563 63 0
693 945219 63 527983 63 0
694 178571 63 375534 63 0
695 527983 63 581208 63 0
696 333821 62 333821 62 1
697 435328 62 399390 62 0
698 957670 62 957670 62 1
699 435500 62 435328 62 0
700 702 62 435500 62 0
701 594976 62 647104 62 0
702 269845 62 269845 62 1
703 399390 62 594976 62 0
704 647104 62 702 62 0
705 904232 61 878750 61 0
706 392030 61 820481 61 0
707 616915 61 904232 61 0
708 347383 61 885278 61 0
709 885278 61 347383 61 0
710 820481 61 969990 61 0
711 969990 61 392030 61 0
712 111220 61 616915 61 0
713 878750 61 111220 61 0
714 707 61 707 61 1
715 230594 60 392895 60 0
716 715 60 230594 60 0
717 956695 60 342127 60 0
718 392895 60 71626 60 0
719 545230 60 715 60 0
720 76645 60 545230 60 0
721 342127 60 76645 60 0
722 71626 60 722 60 0
723 722 60 956695 60 0
724 411781 59 45711 59 0
725 920988 59 732 59 0
726 732 59 509725 59 0
727 578406 59 920988 59 0
728 674619 59 422447 59 0
729 614869 59 971070 59 0
730 45711 59 614869 59 0
731 971070 59 578406 59 0
732 509725 59 674619 59 0
733 422447 59 411781 59 0
734 834703 58 126428 58 0
735 126428 58 734 58 0
736 41539 58 834703 58 0
737 737 58 833141 58 0
738 735 58 41539 58 0
739 734 58 76960 58 0
740 833141 58 735 58 0
741 76960 58 424207 58 0
742 424207 58 737 58 0
743 806567 58 806567 58 1
744 817905 57 221743 57 0
745 753 57 423369 57 0
746 498009 57 749 57 0
747 749 57 817905 57 0
748 423369 57 67803 57 0
749 67803 57 907798 57 0
750 221743 57 849207 57 0
751 28031 57 498009 57 0
752 921670 57 753 57 0
753 907798 57 921670 57 0
754 849207 57 28031 57 0
755 570706 56 160441 56 0
756 274913 56 364512 56 0
757 160441 56 963394 56 0
758 763 56 701962 56 0
759 963394 56 759 56 0
760 612051 56 570706 56 0
761 759 56 274913 56 0
762 749926 56 612051 56 0
763 307263 56 749926 56 0
764 701962 56 307263 56 0
765 364512 56 763 56 0
766 748124 55 899892 55 0
767 655068 55 770 55 0
768 770 55 25990 55 0
769 581207 55 581207 55 1
770 794032 55 47900 55 0
771 47900 55 931672 55 0
772 25990 55 655068 55 0
773 600301 55 794032 55 0
774 931672 55 600301 55 0
775 353066 55 748124 55 0
776 899892 55 353066 55 0
777 785 54 785 54 1
778 707100 54 667622 54 0
779 393199 54 728360 54 0
780 746162 54 237014 54 0
781 763715 54 141279 54 0
782 417240 54 417240 54 1
783 667622 54 954610 54 0
784 728360 54 746162 54 0
785 954610 54 393199 54 0
786 237014 54 763715 54 0
787 907422 54 907422 54 1
788 141279 54 707100 54 0
789 518535 53 424072 53 0
790 44427 53 943120 53 0
791 943120 53 47355 53 0
792 259548 53 164761 53 0
793 47355 53 524462 53 0
794 164761 53 59980 53 0
795 424072 53 518535 53 0
796 524462 53 139080 53 0
797 139080 53 851703 53 0
798 851703 53 259548 53 0
799 792 53 44427 53 0
800 59980 53 792 53 0
801 329735 52 803 52 0
802 695399 52 811 52 0
803 811 52 285758 52 0
804 789031 52 806 52 0
805 731098 52 789031 52 0
806 376013 52 452345 52 0
807 806 52 376013 52 0
808 888327 52 888327 52 1
809 803 52 329735 52 0
810 285758 52 731098 52 0
811 857436 52 695399 52 0
812 452345 52 857436 52 0
813 563418 51 834849 51 0
814 821 51 200000 51 0
815 174168 51 174168 51 1
816 336021 51 542180 51 0
817 834849 51 963223 51 0
818 934569 51 821 51 0
819 401173 51 658814 51 0
820 606685 51 813 51 0
821 200000 51 934569 51 0
822 963223 51 401173 51 0
823 813 51 563418 51 0
824 542180 51 606685 51 0
825 658814 51 336021 51 0
826 732212 50 540446 50 0
827 624716 50 277306 50 0
828 353403 50 322429 50 0
829 935336 50 826 50 0
830 835 50 488136 50 0
831 307385 50 307385 50 1
832 411782 50 353403 50 0
833 872763 50 624716 50 0
834 277306 50 935336 50 0
835 488136 50 872763 50 0
836 322429 50 732212 50 0
837 826 50 411782 50 0
838 540446 50 835 50 0
839 951940 49 951940 49 1
840 328277 49 585353 49 0
841 845 49 259348 49 0
842 844 49 854288 49 0
843 198708 49 845 49 0
844 259348 49 45182 49 0
845 549853 49 198708 49 0
846 43513 49 166121 49 0
847 854288 49 405182 49 0
848 585353 49 844 49 0
849 405182 49 278561 49 0
850 45182 49 43513 49 0
851 166121 49 328277 49 0
852 278561 49 549853 49 0
853 406391 48 96926 48 0
854 309635 48 327123 48 0
855 338674 48 257701 48 0
856 940946 48 309635 48 0
857 520811 48 602699 48 0
858 601327 48 831709 48 0
859 862 48 338674 48 0
860 831709 48 520811 48 0
861 859 48 601327 48 0
862 257701 48 406391 48 0
863 602699 48 859 48 0
864 96926 48 862 48 0
865 262627 48 940946 48 0
866 327123 48 262627 48 0
867 879 47 304755 47 0
868 284081 47 879 47 0
869 23570 47 581081 47 0
870 881 47 272888 47 0
871 317229 47 23570 47 0
872 304755 47 602494 47 0
873 405666 47 544247 47 0
874 933694 47 604783 47 0
875 809374 47 809374 47 1
876 544247 47 284081 47 0
877 602494 47 405666 47 0
878 581081 47 933694 47 0
879 214896 47 317229 47 0
880 272888 47 881 47 0
881 604783 47 214896 47 0
882 958149 46 958149 46 1
883 539962 46 417721 46 0
884 832319 46 700865 46 0
885 57244 46 188591 46 0
886 57258 46 172076 46 0
887 417721 46 833250 46 0
888 700865 46 31667 46 0
889 833250 46 57258 46 0
890 31667 46 539962 46 0
891 657096 46 657096 46 1
892 264237 46 832319 46 0
893 713734 46 412313 46 0
894 188591 46 57244 46 0
895 172076 46 713734 46 0
896 896724 46 896724 46 1
897 412313 46 264237 46 0
898 440467 45 913 45 0
899 745222 45 373076 45 0
900 913 45 687525 45 0
901 209879 45 902 45 0
902 765684 45 601889 45 0
903 568450 45 587096 45 0
904 168968 45 209879 45 0
905 687525 45 304195 45 0
906 373076 45 765684 45 0
907 601889 45 906 45 0
908 902 45 568450 45 0
909 587096 45 745222 45 0
910 824513 45 440467 45 0
911 304195 45 824513 45 0
912 905 45 168968 45 0
913 906 45 905 45 0
914 625747 44 653814 44 0
915 419443 44 929031 44 0
916 638196 44 625747 44 0
917 627283 44 638196 44 0
918 686521 44 483492 44 0
919 631937 44 647231 44 0
920 734933 44 919 44 0
921 388490 44 627283 44 0
922 579633 44 734933 44 0
923 262207 44 67323 44 0
924 307741 44 307741 44 1
925 483492 44 631937 44 0
926 67323 44 419443 44 0
927 653814 44 579633 44 0
928 919 44 262207 44 0
929 647231 44 686521 44 0
930 929031 44 388490 44 0
931 602074 43 59697 43 0
932 945 43 745858 43 0
933 745858 43 276203 43 0
934 947 43 561574 43 0
935 226913 43 1074 43 0
936 510339 43 226913 43 0
937 59697 43 537573 43 0
938 176658 43 176658 43 1
939 537573 43 272193 43 0
940 937 43 211787 43 0
941 1074 43 947 43 0
942 264055 43 510339 43 0
943 211787 43 264055 43 0
944 276203 43 602074 43 0
945 846748 43 945 43 0
946 272193 43 846748 43 0
947 561574 43 937 43 0
948 603029 42 603029 42 1
949 964 42 9123 42 0
950 224768 42 232502 42 0
951 962 42 135262 42 0
952 861218 42 230268 42 0
953 327348 42 962 42 0
954 993381 42 964 42 0
955 708130 42 702933 42 0
956 72198 42 861218 42 0
957 9123 42 246366 42 0
958 909150 42 209235 42 0
959 232502 42 224768 42 0
960 323446 42 72198 42 0
961 230268 42 708130 42 0
962 246366 42 993381 42 0
963 702933 42 327348 42 0
964 135262 42 323446 42 0
965 209235 42 909150 42 0
966 881669 41 754414 41 0
967 448668 41 238806 41 0
968 238806 41 881669 41 0
969 623022 41 488596 41 0
970 368180 41 949298 41 0
971 684365 41 534934 41 0
972 319254 41 688813 41 0
973 281572 41 791326 41 0
974 808007 41 368180 41 0
975 688813 41 281572 41 0
976 661547 41 448668 41 0
977 949298 41 106837 41 0
978 765801 41 765801 41 1
979 838083 41 319254 41 0
980 106837 41 838083 41 0
981 731388 41 731388 41 1
982 488596 41 623022 41 0
983 754414 41 684365 41 0
984 534934 41 808007 41 0
985 791326 41 661547 41 0
986 220266 40 1924 40 0
987 1003 40 932168 40 0
988 59140 40 23641 40 0
989 932168 40 59140 40 0
990 23641 40 728529 40 0
991 681201 40 829814 40 0
992 320604 40 79414 40 0
993 227090 40 829912 40 0
994 728529 40 363969 40 0
995 829814 40 746033 40 0
996 746033 40 320604 40 0
997 363969 40 681201 40 0
998 654649 40 1003 40 0
999 386431 40 220266 40 0
1000 829912 40 990 40 0
1001 203729 40 203729 40 1
1002 990 40 386431 40 0
1003 1924 40 227090 40 0
1004 79414 40 654649 40 0
1005 1017 39 88509 39 0
1006 295832 39 656712 39 0
1007 11754 39 571152 39 0
1008 845502 39 140405 39 0
1009 571152 39 817688 39 0
1010 458115 39 621602 39 0
1011 140405 39 1010 39 0
1012 88509 39 829329 39 0
1013 621602 39 1018 39 0
1014 817688 39 1017 39 0
1015 1018 39 759814 39 0
1016 829329 39 609575 39 0
1017 498173 39 1006 39 0
1018 759814 39 11754 39 0
1019 609575 39 845502 39 0
1020 809964 39 978000 39 0
1021 1010 39 295832 39 0
1022 656712 39 498173 39 0
1023 978000 39 809964 39 0
1024 1006 39 34733 39 0
1025 34733 39 458115 39 0
1026 1041 38 640071 38 0
1027 883332 38 1033 38 0
1028 384266 38 883332 38 0
1029 1040 38 384266 38 0
1030 223638 38 530323 38 0
1031 1045 38 223638 38 0
1032 990723 38 1028 38 0
1033 1033 38 1031 38 0
1034 687552 38 687552 38 1
1035 1031 38 1041 38 0
1036 530323 38 63684 38 0
1037 1028 38 348309 38 0
1038 861236 38 1040 38 0
1039 845919 38 845919 38 1
1040 640071 38 940090 38 0
1041 394015 38 802879 38 0
1042 63684 38 394015 38 0
1043 639935 38 1045 38 0
1044 940090 38 281699 38 0
1045 802879 38 639935 38 0
1046 348309 38 990723 38 0
1047 281699 38 861236 38 0
1048 838692 37 653693 37 0
1049 227464 37 737009 37 0
1050 762390 37 429088 37 0
1051 217929 37 267969 37 0
1052 670257 37 1052 37 0
1053 1068 37 403083 37 0
1054 514199 37 1068 37 0
1055 653693 37 514199 37 0
1056 133060 37 766352 37 0
1057 613735 37 550084 37 0
1058 429088 37 931620 37 0
1059 777 37 217929 37 0
1060 550084 37 777 37 0
1061 931620 37 670257 37 0
1062 766352 37 838692 37 0
1063 735449 37 133060 37 0
1064 737009 37 762390 37 0
1065 30758 37 735449 37 0
1066 403083 37 30758 37 0
1067 121184 37 1049 37 0
1068 267969 37 613735 37 0
1069 1052 37 121184 37 0
1070 1049 37 227464 37 0
1071 595017 36 1082 36 0
1072 850601 36 88612 36 0
1073 933324 36 1076 36 0
1074 480007 36 480007 36 1
1075 12807 36 970670 36 0
1076 545199 36 891587 36 0
1077 98173 36 34548 36 0
1078 598308 36 12807 36 0
1079 66490 36 1080 36 0
1080 739484 36 536069 36 0
1081 1084 36 98173 36 0
1082 970670 36 850601 36 0
1083 417612 36 443692 36 0
1084 443692 36 66490 36 0
1085 928940 36 1084 36 0
1086 88612 36 417612 36 0
1087 536069 36 928940 36 0
1088 891587 36 194731 36 0
1089 194731 36 595017 36 0
1090 1076 36 933324 36 0
1091 34548 36 598308 36 0
1092 1078 36 545199 36 0
1093 1080 36 1078 36 0
1094 1082 36 739484 36 0
1095 617569 35 581216 35 0
1096 120321 35 985352 35 0
1097 445288 35 509309 35 0
1098 203935 35 559046 35 0
1099 551148 35 1100 35 0
1100 509309 35 391492 35 0
1101 559046 35 100268 35 0
1102 11972 35 470089 35 0
1103 856260 35 779541 35 0
1104 391492 35 120321 35 0
1105 469644 35 203935 35 0
1106 100268 35 445288 35 0
1107 787927 35 561147 35 0
1108 779541 35 551148 35 0
1109 600253 35 617569 35 0
1110 319920 35 856260 35 0
1111 659009 35 600253 35 0
1112 470089 35 659009 35 0
1113 1100 35 11972 35 0
1114 18779 35 18779 35 1
1115 515677 35 515677 35 1
1116 985352 35 307353 35 0
1117 516357 35 319920 35 0
1118 561147 35 469644 35 0
1119 581216 35 516357 35 0
1120 307353 35 787927 35 0
1121 113928 34 275792 34 0
1122 275792 34 446842 34 0
1123 1133 34 1126 34 0
1124 668409 34 927518 34 0
1125 912610 34 375165 34 0
1126 311747 34 425994 34 0
1127 720865 34 1133 34 0
1128 375165 34 483271 34 0
1129 1140 34 2923 34 0
1130 163464 34 364822 34 0
1131 927518 34 724353 34 0
1132 567655 34 163464 34 0
1133 446842 34 912610 34 0
1134 417690 34 549380 34 0
1135 549380 34 712234 34 0
1136 712234 34 468821 34 0
1137 2923 34 1123 34 0
1138 131052 34 417690 34 0
1139 468821 34 668409 34 0
1140 483271 34 567655 34 0
1141 1122 34 113928 34 0
1142 1123 34 131052 34 0
1143 724353 34 1122 34 0
1144 1126 34 311747 34 0
1145 364822 34 1140 34 0
1146 425994 34 720865 34 0
1147 889048 33 432072 33 0
1148 877504 33 301289 33 0
1149 513170 33 182653 33 0
1150 290310 33 523800 33 0
1151 1169 33 341295 33 0
1152 118810 33 516025 33 0
1153 168303 33 974541 33 0
1154 523800 33 603957 33 0
1155 974541 33 634791 33 0
1156 80759 33 914184 33 0
1157 163437 33 1169 33 0
1158 432072 33 487364 33 0
1159 516025 33 539068 33 0
1160 673762 33 877504 33 0
1161 634791 33 889048 33 0
1162 306292 33 1150 33 0
1163 301289 33 673762 33 0
1164 74534 33 290310 33 0
1165 914184 33 163437 33 0
1166 1150 33 513170 33 0
1167 1149 33 1149 33 1
1168 271072 33 80759 33 0
1169 487364 33 118810 33 0
1170 603957 33 168303 33 0
1171 539068 33 74534 33 0
1172 777078 33 777078 33 1
1173 182653 33 306292 33 0
1174 341295 33 271072 33 0
1175 696721 32 696721 32 1
1176 204670 32 928499 32 0
1177 1192 32 297560 32 0
1178 620737 32 401540 32 0
1179 699606 32 247598 32 0
1180 247598 32 299198 32 0
1181 801348 32 1200 32 0
1182 1200 32 555550 32 0
1183 1201 32 928620 32 0
1184 555550 32 1192 32 0
1185 1202 32 1202 32 1
1186 886544 32 672175 32 0
1187 801718 32 845694 32 0
1188 187278 32 835870 32 0
1189 401540 32 1201 32 0
1190 835870 32 236592 32 0
1191 236592 32 620737 32 0
1192 776892 32 416060 32 0
1193 297560 32 187278 32 0
1194 247861 32 699606 32 0
1195 928499 32 825636 32 0
1196 416060 32 886544 32 0
1197 299198 32 247861 32 0
1198 672175 32 765269 32 0
1199 765269 32 776892 32 0
1200 825636 32 443712 32 0
1201 443712 32 204670 32 0
1202 928620 32 708822 32 0
1203 845694 32 801718 32 0
1204 708822 32 801348 32 0
1205 663164 31 937573 31 0
1206 169460 31 726223 31 0
1207 1221 31 169460 31 0
1208 176451 31 533639 31 0
1209 607796 31 607796 31 1
1210 1225 31 123877 31 0
1211 607431 31 930914 31 0
1212 762738 31 744571 31 0
1213 1236 31 970443 31 0
1214 1228 31 1215 31 0
1215 930914 31 344461 31 0
1216 937573 31 81185 31 0
1217 368372 31 1236 31 0
1218 899374 31 12570 31 0
1219 927814 31 899374 31 0
1220 708226 31 176451 31 0
1221 397228 31 1228 31 0
1222 123877 31 762738 31 0
1223 533639 31 927814 31 0
1224 88569 31 117826 31 0
1225 726223 31 905242 31 0
1226 12570 31 64532 31 0
1227 81185 31 708226 31 0
1228 905242 31 1225 31 0
1229 970443 31 536868 31 0
1230 64532 31 663164 31 0
1231 344461 31 1212 31 0
1232 744571 31 368372 31 0
1233 117826 31 607431 31 0
1234 536868 31 397228 31 0
1235 1215 31 1221 31 0
1236 1212 31 88569 31 0
1237 864546 30 190034 30 0
1238 998563 30 998563 30 1
1239 122812 30 380152 30 0
1240 1266 30 795909 30 0
1241 566122 30 368012 30 0
1242 618155 30 69627 30 0
1243 1269 30 50473 30 0
1244 262356 30 292493 30 0
1245 190034 30 759631 30 0
1246 380152 30 898337 30 0
1247 16918 30 21509 30 0
1248 368012 30 871125 30 0
1249 292493 30 39450 30 0
1250 871125 30 693124 30 0
1251 912874 30 1269 30 0
1252 39450 30 294583 30 0
1253 858434 30 618155 30 0
1254 21509 30 1266 30 0
1255 294583 30 566122 30 0
1256 680556 30 521895 30 0
1257 693124 30 680556 30 0
1258 69627 30 912874 30 0
1259 1258 30 546601 30 0
1260 381249 30 1242 30 0
1261 759631 30 1258 30 0
1262 1242 30 11075 30 0
1263 898337 30 741154 30 0
1264 521895 30 122812 30 0
1265 546601 30 16918 30 0
1266 50473 30 864546 30 0
1267 741154 30 262356 30 0
1268 795909 30 858434 30 0
1269 11075 30 381249 30 0
1270 102185 29 605864 29 0
1271 409062 29 858368 29 0
1272 838573 29 981119 29 0
1273 156549 29 959376 29 0
1274 150301 29 409062 29 0
1275 858368 29 178079 29 0
1276 499371 29 159578 29 0
1277 613883 29 230227 29 0
1278 230227 29 1274 29 0
1279 14388 29 289635 29 0
1280 289635 29 464126 29 0
1281 381093 29 150301 29 0
1282 167069 29 102185 29 0
1283 959376 29 946083 29 0
1284 491645 29 838573 29 0
1285 855413 29 499371 29 0
1286 314976 29 820161 29 0
1287 348655 29 156549 29 0
1288 132452 29 167069 29 0
1289 419134 29 613883 29 0
1290 605864 29 419134 29 0
1291 178079 29 132452 29 0
1292 899476 29 1278 29 0
1293 159578 29 348655 29 0
1294 981119 29 899476 29 0
1295 1272 29 1282 29 0
1296 485840 29 485840 29 1
1297 1274 29 314976 29 0
1298 820161 29 272280 29 0
1299 1278 29 381093 29 0
1300 553498 29 14388 29 0
1301 272280 29 725374 29 0
1302 464126 29 1272 29 0
1303 1282 29 855413 29 0
1304 946083 29 491645 29 0
1305 725374 29 553498 29 0
1306 80844 28 1311 28 0
1307 892377 28 119707 28 0
1308 159821 28 200122 28 0
1309 1333 28 641337 28 0
1310 129919 28 233967 28 0
1311 1341 28 653527 28 0
1312 496055 28 805677 28 0
1313 283020 28 659670 28 0
1314 653527 28 17263 28 0
1315 80654 28 175258 28 0
1316 119707 28 129919 28 0
1317 17263 28 892377 28 0
1318 788557 28 29065 28 0
1319 25091 28 602314 28 0
1320 210273 28 283020 28 0
1321 117005 28 117005 28 1
1322 175258 28 210273 28 0
1323 588671 28 533614 28 0
1324 533614 28 496055 28 0
1325 613653 28 788557 28 0
1326 805677 28 684514 28 0
1327 602314 28 80844 28 0
1328 233967 28 390223 28 0
1329 29065 28 80654 28 0
1330 684514 28 1315 28 0
1331 840360 28 25091 28 0
1332 929892 28 1341 28 0
1333 200122 28 376854 28 0
1334 1307 28 588671 28 0
1335 1311 28 159821 28 0
1336 599666 28 613653 28 0
1337 1315 28 135209 28 0
1338 641337 28 1307 28 0
1339 659670 28 1333 28 0
1340 390223 28 840360 28 0
1341 376854 28 929892 28 0
1342 135209 28 599666 28 0
1343 1381 27 728816 27 0
1344 388850 27 1353 27 0
1345 343380 27 851840 27 0
1346 196700 27 223268 27 0
1347 473134 27 813352 27 0
1348 225003 27 479453 27 0
1349 1374 27 804085 27 0
1350 728816 27 1381 27 0
1351 636682 27 343380 27 0
1352 626652 27 540071 27 0
1353 804085 27 176469 27 0
1354 540071 27 1346 27 0
1355 479453 27 626652 27 0
1356 934712 27 669679 27 0
1357 630062 27 64882 27 0
1358 807979 27 695817 27 0
1359 64882 27 923091 27 0
1360 447124 27 888231 27 0
1361 861246 27 449828 27 0
1362 923091 27 42825 27 0
1363 638823 27 630062 27 0
1364 669679 27 934712 27 0
1365 1353 27 512298 27 0
1366 42825 27 636682 27 0
1367 851840 27 861246 27 0
1368 888231 27 361753 27 0
1369 1346 27 447124 27 0
1370 736983 27 94331 27 0
1371 79629 27 79629 27 1
1372 361753 27 782162 27 0
1373 782162 27 431738 27 0
1374 176469 27 196700 27 0
1375 695817 27 1363 27 0
1376 772262 27 225003 27 0
1377 94331 27 1374 27 0
1378 223268 27 473134 27 0
1379 512298 27 638823 27 0
1380 431738 27 807979 27 0
1381 813352 27 772262 27 0
1382 1363 27 388850 27 0
1383 449828 27 736983 27 0
1384 927404 26 553079 26 0
1385 286175 26 180567 26 0
1386 1401 26 309469 26 0
1387 885710 26 171832 26 0
1388 171832 26 131854 26 0
1389 816104 26 349367 26 0
1390 923690 26 286175 26 0
1391 883976 26 221447 26 0
1392 488258 26 317016 26 0
1393 317016 26 1392 26 0
1394 286057 26 940896 26 0
1395 493996 26 434968 26 0
1396 41542 26 1389 26 0
1397 661729 26 491933 26 0
1398 349367 26 980166 26 0
1399 1422 26 286057 26 0
1400 131854 26 331221 26 0
1401 893581 26 816104 26 0
1402 491933 26 323762 26 0
1403 221447 26 542812 26 0
1404 632405 26 41542 26 0
1405 329452 26 655307 26 0
1406 323762 26 623921 26 0
1407 940896 26 380283 26 0
1408 623921 26 1422 26 0
1409 669092 26 669092 26 1
1410 755981 26 883976 26 0
1411 980166 26 245740 26 0
1412 245740 26 885710 26 0
1413 258872 26 893581 26 0
1414 542812 26 661729 26 0
1415 331221 26 258872 26 0
1416 434968 26 493996 26 0
1417 616979 26 163749 26 0
1418 328026 26 488258 26 0
1419 309469 26 927404 26 0
1420 655307 26 329452 26 0
1421 1389 26 632405 26 0
1422 380283 26 328026 26 0
1423 1392 26 1401 26 0
1424 180567 26 616979 26 0
1425 553079 26 923690 26 0
1426 163749 26 755981 26 0
1427 852858 25 595403 25 0
1428 870435 25 527613 25 0
1429 671132 25 161556 25 0
1430 37321 25 870435 25 0
1431 519769 25 1429 25 0
1432 161556 25 87959 25 0
1433 559453 25 516538 25 0
1434 743623 25 659122 25 0
1435 751401 25 807116 25 0
1436 453946 25 419055 25 0
1437 704651 25 37321 25 0
1438 516538 25 725510 25 0
1439 420391 25 311393 25 0
1440 52676 25 951857 25 0
1441 807116 25 578732 25 0
1442 311393 25 23654 25 0
1443 418002 25 334513 25 0
1444 1442 25 453946 25 0
1445 947166 25 418002 25 0
1446 87959 25 947166 25 0
1447 376634 25 552835 25 0
1448 578732 25 704651 25 0
1449 244930 25 742393 25 0
1450 595403 25 559453 25 0
1451 700663 25 420391 25 0
1452 150619 25 534358 25 0
1453 665080 25 626201 25 0
1454 897411 25 671132 25 0
1455 976770 25 897411 25 0
1456 80083 25 568418 25 0
1457 759564 25 759564 25 1
1458 742393 25 52676 25 0
1459 951857 25 519769 25 0
1460 23654 25 862390 25 0
1461 1429 25 976770 25 0
1462 40272 25 700663 25 0
1463 659122 25 665080 25 0
1464 534358 25 376634 25 0
1465 725510 25 743623 25 0
1466 862390 25 1442 25 0
1467 552835 25 131287 25 0
1468 527613 25 80083 25 0
1469 626201 25 852858 25 0
1470 131287 25 40272 25 0
1471 419055 25 751401 25 0
1472 334513 25 150619 25 0
1473 568418 25 244930 25 0
1474 1516 24 481538 24 0
1475 345391 24 948887 24 0
1476 451679 24 817543 24 0
1477 250694 24 1516 24 0
1478 362334 24 312131 24 0
1479 150505 24 529511 24 0
1480 388382 24 146541 24 0
1481 817543 24 728103 24 0
1482 197876 24 246920 24 0
1483 439014 24 95354 24 0
1484 948887 24 573671 24 0
1485 64225 24 865775 24 0
1486 770963 24 531831 24 0
1487 557243 24 94839 24 0
1488 498908 24 479190 24 0
1489 531831 24 197876 24 0
1490 105012 24 637806 24 0
1491 287364 24 451679 24 0
1492 663291 24 557243 24 0
1493 767722 24 770963 24 0
1494 881568 24 203252 24 0
1495 902131 24 345391 24 0
1496 479190 24 663291 24 0
1497 648056 24 1486 24 0
1498 481538 24 287364 24 0
1499 469961 24 954153 24 0
1500 146541 24 250694 24 0
1501 928319 24 928319 24 1
1502 657252 24 504510 24 0
1503 312131 24 146655 24 0
1504 95354 24 401423 24 0
1505 246920 24 83824 24 0
1506 954153 24 469961 24 0
1507 573671 24 648056 24 0
1508 728103 24 362334 24 0
1509 529511 24 767722 24 0
1510 203252 24 150505 24 0
1511 293770 24 62039 24 0
1512 94839 24 388382 24 0
1513 62039 24 293770 24 0
1514 887445 24 439014 24 0
1515 146655 24 657252 24 0
1516 1496 24 64225 24 0
1517 401423 24 826571 24 0
1518 83824 24 1496 24 0
1519 504510 24 881568 24 0
1520 1486 24 498908 24 0
1521 637806 24 105012 24 0
1522 865775 24 887445 24 0
1523 826571 24 902131 24 0
1524 949586 23 373025 23 0
1525 878409 23 148605 23 0
1526 168530 23 1534 23 0
1527 99084 23 1570 23 0
1528 960370 23 841148 23 0
1529 344518 23 878409 23 0
1530 724472 23 743611 23 0
1531 705476 23 758374 23 0
1532 743120 23 918151 23 0
1533 713896 23 743120 23 0
1534 508681 23 1553 23 0
1535 1570 23 764456 23 0
1536 38702 23 159618 23 0
1537 959097 23 993883 23 0
1538 141688 23 1539 23 0
1539 853797 23 603882 23 0
1540 274745 23 61799 23 0
1541 135308 23 658112 23 0
1542 532864 23 195859 23 0
1543 182571 23 949586 23 0
1544 148605 23 98587 23 0
1545 515683 23 853797 23 0
1546 841148 23 724472 23 0
1547 373025 23 595624 23 0
1548 195859 23 168530 23 0
1549 61799 23 38702 23 0
1550 183149 23 1550 23 0
1551 918151 23 404702 23 0
1552 558399 23 344518 23 0
1553 750108 23 750108 23 1
1554 543235 23 995142 23 0
1555 780555 23 731293 23 0
1556 658112 23 183149 23 0
1557 893243 23 893243 23 1
1558 507293 23 729634 23 0
1559 993883 23 705476 23 0
1560 643961 23 558399 23 0
1561 758374 23 507293 23 0
1562 582522 23 135308 23 0
1563 731293 23 713896 23 0
1564 404702 23 959097 23 0
1565 798503 23 960370 23 0
1566 1534 23 643961 23 0
1567 1539 23 515683 23 0
1568 1550 23 141688 23 0
1569 603882 23 532864 23 0
1570 743611 23 780555 23 0
1571 1553 23 582522 23 0
1572 159618 23 99084 23 0
1573 764456 23 274745 23 0
1574 595624 23 543235 23 0
1575 729634 23 508681 23 0
1576 995142 23 798503 23 0
1577 98587 23 182571 23 0
1578 971953 22 898928 22 0
1579 128926 22 128926 22 1
1580 107645 22 761237 22 0
1581 90381 22 3050 22 0
1582 97226 22 482026 22 0
1583 597968 22 301581 22 0
1584 199534 22 413208 22 0
1585 86748 22 102461 22 0
1586 482026 22 97226 22 0
1587 791839 22 107645 22 0
1588 20337 22 850502 22 0
1589 1632 22 474371 22 0
1590 761237 22 197656 22 0
1591 136955 22 737788 22 0
1592 1624 22 997376 22 0
1593 824574 22 791839 22 0
1594 992824 22 303415 22 0
1595 898928 22 971953 22 0
1596 102461 22 824574 22 0
1597 303415 22 428682 22 0
1598 120334 22 120334 22 1
1599 78427 22 992824 22 0
1600 539101 22 413670 22 0
1601 495811 22 991885 22 0
1602 979100 22 20337 22 0
1603 301581 22 90381 22 0
1604 842843 22 255538 22 0
1605 18735 22 979100 22 0
1606 142500 22 415670 22 0
1607 428682 22 842843 22 0
1608 737788 22 542038 22 0
1609 3050 22 1586 22 0
1610 997376 22 148148 22 0
1611 415670 22 377285 22 0
1612 542411 22 395636 22 0
1613 474371 22 78427 22 0
1614 377285 22 739405 22 0
1615 56124 22 1603 22 0
1616 850502 22 1582 22 0
1617 656695 22 136955 22 0
1618 542038 22 274057 22 0
1619 1603 22 86748 22 0
1620 255538 22 656695 22 0
1621 739405 22 573096 22 0
1622 413670 22 699813 22 0
1623 148148 22 18735 22 0
1624 197656 22 56124 22 0
1625 1586 22 539101 22 0
1626 573096 22 142500 22 0
1627 255912 22 495811 22 0
1628 638686 22 597968 22 0
1629 395636 22 199534 22 0
1630 699813 22 542411 22 0
1631 274057 22 1624 22 0
1632 413208 22 263934 22 0
1633 991885 22 255912 22 0
1634 263934 22 638686 22 0
1635 1582 22 1632 22 0
1636 403700 21 419041 21 0
1637 1688 21 714007 21 0
1638 900122 21 433357 21 0
1639 1691 21 481539 21 0
1640 83879 21 44438 21 0
1641 464806 21 1688 21 0
1642 1684 21 216769 21 0
1643 912220 21 912220 21 1
1644 714007 21 858433 21 0
1645 216769 21 235103 21 0
1646 895211 21 403700 21 0
1647 39595 21 39595 21 1
1648 321327 21 181023 21 0
1649 821834 21 321327 21 0
1650 580740 21 1684 21 0
1651 419041 21 1691 21 0
1652 796860 21 970449 21 0
1653 666809 21 862073 21 0
1654 93355 21 958437 21 0
1655 887826 21 821834 21 0
1656 980180 21 131429 21 0
1657 837596 21 911897 21 0
1658 911897 21 309024 21 0
1659 417192 21 1645 21 0
1660 433357 21 113041 21 0
1661 240520 21 923424 21 0
1662 958437 21 1651 21 0
1663 131429 21 572123 21 0
1664 309024 21 99704 21 0
1665 858433 21 438287 21 0
1666 923424 21 580740 21 0
1667 1675 21 410053 21 0
1668 113041 21 552396 21 0
1669 1695 21 987768 21 0
1670 745871 21 980180 21 0
1671 235103 21 93355 21 0
1672 1651 21 342293 21 0
1673 342293 21 577572 21 0
1674 1649 21 269948 21 0
1675 950328 21 1649 21 0
1676 1645 21 240520 21 0
1677 862073 21 682082 21 0
1678 481539 21 1695 21 0
1679 181023 21 417192 21 0
1680 784928 21 97340 21 0
1681 44438 21 666809 21 0
1682 99704 21 796860 21 0
1683 361592 21 417887 21 0
1684 889495 21 745871 21 0
1685 987768 21 83879 21 0
1686 970449 21 353382 21 0
1687 513028 21 950328 21 0
1688 682082 21 361592 21 0
1689 410053 21 1661 21 0
1690 438287 21 513028 21 0
1691 572123 21 895211 21 0
1692 552396 21 889495 21 0
1693 353382 21 784928 21 0
1694 1661 21 464806 21 0
1695 577572 21 24613 21 0
1696 417887 21 887826 21 0
1697 97340 21 837596 21 0
1698 24613 21 1675 21 0
1699 269948 21 900122 21 0
1700 668975 20 1713 20 0
1701 1735 20 536216 20 0
1702 316688 20 1765 20 0
1703 538298 20 618933 20 0
1704 112664 20 592151 20 0
1705 313006 20 538298 20 0
1706 1738 20 173871 20 0
1707 791317 20 734928 20 0
1708 1757 20 921783 20 0
1709 335755 20 668975 20 0
1710 751523 20 584686 20 0
1711 673167 20 218752 20 0
1712 166901 20 751523 20 0
1713 592151 20 402643 20 0
1714 379147 20 763371 20 0
1715 1765 20 1726 20 0
1716 1767 20 313006 20 0
1717 42412 20 360735 20 0
1718 48370 20 1735 20 0
1719 225681 20 139016 20 0
1720 1768 20 39361 20 0
1721 1750 20 376750 20 0
1722 885751 20 1750 20 0
1723 1761 20 384943 20 0
1724 178729 20 540408 20 0
1725 618933 20 49295 20 0
1726 384943 20 735247 20 0
1727 376750 20 159160 20 0
1728 999164 20 687657 20 0
1729 310453 20 541785 20 0
1730 252329 20 42412 20 0
1731 39361 20 316688 20 0
1732 133445 20 971499 20 0
1733 565286 20 339608 20 0
1734 392212 20 785827 20 0
1735 245590 20 752333 20 0
1736 921783 20 240071 20 0
1737 541785 20 379147 20 0
1738 14971 20 48370 20 0
1739 536216 20 1700 20 0
1740 49295 20 935972 20 0
1741 218752 20 310453 20 0
1742 935972 20 271214 20 0
1743 621297 20 1738 20 0
1744 94157 20 14971 20 0
1745 971499 20 1761 20 0
1746 488818 20 673167 20 0
1747 402643 20 791317 20 0
1748 584686 20 1710 20 0
1749 687657 20 166901 20 0
1750 763371 20 621297 20 0
1751 1700 20 999164 20 0
1752 752333 20 1768 20 0
1753 1726 20 565286 20 0
1754 734928 20 885751 20 0
1755 271214 20 178729 20 0
1756 360735 20 1757 20 0
1757 573870 20 245590 20 0
1758 339608 20 252329 20 0
1759 785827 20 165309 20 0
1760 1713 20 225681 20 0
1761 159160 20 335755 20 0
1762 1710 20 133445 20 0
1763 139016 20 488818 20 0
1764 735247 20 392212 20 0
1765 540408 20 94157 20 0
1766 165309 20 573870 20 0
1767 173871 20 1767 20 0
1768 240071 20 112664 20 0
1769 1837 19 412756 19 0
1770 963198 19 502863 19 0
1771 817284 19 172932 19 0
1772 761955 19 603991 19 0
1773 659941 19 620676 19 0
1774 1843 19 845939 19 0
1775 417845 19 1829 19 0
1776 361649 19 826427 19 0
1777 524630 19 979112 19 0
1778 670880 19 734710 19 0
1779 59108 19 188648 19 0
1780 362451 19 188555 19 0
1781 954476 19 348646 19 0
1782 602452 19 1800 19 0
1783 348646 19 250554 19 0
1784 734710 19 656517 19 0
1785 613040 19 966402 19 0
1786 63093 19 817284 19 0
1787 966402 19 659941 19 0
1788 179353 19 532328 19 0
1789 110088 19 903596 19 0
1790 845939 19 362451 19 0
1791 470155 19 732574 19 0
1792 444064 19 946100 19 0
1793 603991 19 1790 19 0
1794 620676 19 63093 19 0
1795 758884 19 39488 19 0
1796 154767 19 173987 19 0
1797 250554 19 963198 19 0
1798 173987 19 417845 19 0
1799 946100 19 458537 19 0
1800 662168 19 662168 19 1
1801 812280 19 273824 19 0
1802 412756 19 362965 19 0
1803 732574 19 243588 19 0
1804 107149 19 924008 19 0
1805 458537 19 374344 19 0
1806 781955 19 235920 19 0
1807 273824 19 613040 19 0
1808 172932 19 154767 19 0
1809 188555 19 1769 19 0
1810 326743 19 59108 19 0
1811 979112 19 954476 19 0
1812 924008 19 953551 19 0
1813 317740 19 361649 19 0
1814 826427 19 802712 19 0
1815 802712 19 602452 19 0
1816 651597 19 470155 19 0
1817 953551 19 107149 19 0
1818 243588 19 179353 19 0
1819 502863 19 573678 19 0
1820 188648 19 317740 19 0
1821 903596 19 1791 19 0
1822 362965 19 812280 19 0
1823 235920 19 758884 19 0
1824 318758 19 1837 19 0
1825 937044 19 947904 19 0
1826 697947 19 697947 19 1
1827 573678 19 524630 19 0
1828 656517 19 277277 19 0
1829 277277 19 326743 19 0
1830 479541 19 1775 19 0
1831 660976 19 318758 19 0
1832 39488 19 781955 19 0
1833 947904 19 761955 19 0
1834 274255 19 1816 19 0
1835 1829 19 274255 19 0
1836 1791 19 444064 19 0
1837 1790 19 937044 19 0
1838 374344 19 1825 19 0
1839 1816 19 1843 19 0
1840 532328 19 479541 19 0
1841 1800 19 651597 19 0
1842 1775 19 670880 19 0
1843 1769 19 660976 19 0
1844 1825 19 110088 19 0
1845 173582 18 538595 18 0
1846 81438 18 8758 18 0
1847 500741 18 956068 18 0
1848 415683 18 173582 18 0
1849 980481 18 1891 18 0
1850 779760 18 709525 18 0
1851 1922 18 544459 18 0
1852 755695 18 920792 18 0
1853 385252 18 353366 18 0
1854 70806 18 542859 18 0
1855 1916 18 897966 18 0
1856 22548 18 1874 18 0
1857 331435 18 685349 18 0
1858 231981 18 565072 18 0
1859 542859 18 90326 18 0
1860 920792 18 755695 18 0
1861 700849 18 779760 18 0
1862 827584 18 71544 18 0
1863 672208 18 488238 18 0
1864 8758 18 1916 18 0
1865 279509 18 538082 18 0
1866 600074 18 340941 18 0
1867 580379 18 331435 18 0
1868 76483 18 929387 18 0
1869 513630 18 279509 18 0
1870 538595 18 548913 18 0
1871 544459 18 778653 18 0
1872 903943 18 33234 18 0
1873 136495 18 837104 18 0
1874 223546 18 472582 18 0
1875 245417 18 612373 18 0
1876 584863 18 259333 18 0
1877 340941 18 342913 18 0
1878 306003 18 77161 18 0
1879 71544 18 306921 18 0
1880 183008 18 807845 18 0
1881 457091 18 22548 18 0
1882 488238 18 76483 18 0
1883 548913 18 73129 18 0
1884 768402 18 869497 18 0
1885 876817 18 385252 18 0
1886 807845 18 71848 18 0
1887 342913 18 980481 18 0
1888 837104 18 81438 18 0
1889 576689 18 432771 18 0
1890 538082 18 209206 18 0
1891 90326 18 1864 18 0
1892 353366 18 576689 18 0
1893 71848 18 903943 18 0
1894 565072 18 40553 18 0
1895 631527 18 513630 18 0
1896 778653 18 56887 18 0
1897 709525 18 162908 18 0
1898 1874 18 519080 18 0
1899 77161 18 1859 18 0
1900 259333 18 768402 18 0
1901 56887 18 442487 18 0
1902 442487 18 824279 18 0
1903 280175 18 223546 18 0
1904 929387 18 70806 18 0
1905 432771 18 136495 18 0
1906 306921 18 500741 18 0
1907 824279 18 867093 18 0
1908 491231 18 415683 18 0
1909 1864 18 876817 18 0
1910 612373 18 457091 18 0
1911 956068 18 280175 18 0
1912 73129 18 231981 18 0
1913 1859 18 580379 18 0
1914 472582 18 789711 18 0
1915 685349 18 584863 18 0
1916 897966 18 672208 18 0
1917 33234 18 600074 18 0
1918 789711 18 183008 18 0
1919 162908 18 213054 18 0
1920 867093 18 491231 18 0
1921 519080 18 631527 18 0
1922 40553 18 245417 18 0
1923 209206 18 1892 18 0
1924 781832 18 306003 18 0
1925 213054 18 700849 18 0
1926 1891 18 827584 18 0
1927 1892 18 781832 18 0
1928 869497 18 1922 18 0
1929 858838 17 328653 17 0
1930 997561 17 308353 17 0
1931 337342 17 740541 17 0
1932 197409 17 337342 17 0
1933 450149 17 556374 17 0
1934 858828 17 245617 17 0
1935 703799 17 272734 17 0
1936 813521 17 703799 17 0
1937 1990 17 161848 17 0
1938 510919 17 2014 17 0
1939 2014 17 157316 17 0
1940 567252 17 302048 17 0
1941 630425 17 111887 17 0
1942 2012 17 100281 17 0
1943 951852 17 567252 17 0
1944 200361 17 1960 17 0
1945 546478 17 54256 17 0
1946 279475 17 763270 17 0
1947 372649 17 944666 17 0
1948 940461 17 337554 17 0
1949 376943 17 281503 17 0
1950 350941 17 556446 17 0
1951 220154 17 361083 17 0
1952 808731 17 220154 17 0
1953 687330 17 534220 17 0
1954 534220 17 372649 17 0
1955 887721 17 1954 17 0
1956 361083 17 1990 17 0
1957 308353 17 1949 17 0
1958 239961 17 395364 17 0
1959 161848 17 546478 17 0
1960 472378 17 630425 17 0
1961 245617 17 32472 17 0
1962 100281 17 1945 17 0
1963 328653 17 498552 17 0
1964 898705 17 746178 17 0
1965 753786 17 1977 17 0
1966 599627 17 599627 17 1
1967 798801 17 444898 17 0
1968 966998 17 788571 17 0
1969 763270 17 582373 17 0
1970 857233 17 857233 17 1
1971 933404 17 1980 17 0
1972 582373 17 725349 17 0
1973 746178 17 253265 17 0
1974 402998 17 687330 17 0
1975 904191 17 200361 17 0
1976 498552 17 997561 17 0
1977 337554 17 858838 17 0
1978 375125 17 933404 17 0
1979 662989 17 774461 17 0
1980 862308 17 402998 17 0
1981 725349 17 1967 17 0
1982 272439 17 798801 17 0
1983 10925 17 450149 17 0
1984 161335 17 813521 17 0
1985 444898 17 375125 17 0
1986 1945 17 70834 17 0
1987 230521 17 662989 17 0
1988 1960 17 898705 17 0
1989 32472 17 2012 17 0
1990 505542 17 239961 17 0
1991 740541 17 992108 17 0
1992 396962 17 858828 17 0
1993 1954 17 472378 17 0
1994 992108 17 951852 17 0
1995 272734 17 940461 17 0
1996 1949 17 10925 17 0
1997 506901 17 506901 17 1
1998 673446 17 505542 17 0
1999 413893 17 230521 17 0
2000 111887 17 350941 17 0
2001 253265 17 879531 17 0
2002 70834 17 334073 17 0
2003 281503 17 951678 17 0
2004 774461 17 36202 17 0
2005 395364 17 396962 17 0
2006 334073 17 966998 17 0
2007 788571 17 673446 17 0
2008 157316 17 197409 17 0
2009 302048 17 510919 17 0
2010 1967 17 161335 17 0
2011 1980 17 23634 17 0
2012 556446 17 413893 17 0
2013 54256 17 279475 17 0
2014 36202 17 272439 17 0
2015 1977 17 753786 17 0
2016 342722 17 887721 17 0
2017 556374 17 808731 17 0
2018 879531 17 342722 17 0
2019 951678 17 904191 17 0
2020 944666 17 376943 17 0
2021 23634 17 862308 17 0
2022 2117 16 438541 16 0
2023 537300 16 599341 16 0
2024 547537 16 547537 16 1
2025 161574 16 890267 16 0
2026 299091 16 2084 16 0
2027 985936 16 132781 16 0
2028 980458 16 161841 16 0
2029 2084 16 512097 16 0
2030 77626 16 2067 16 0
2031 670968 16 632631 16 0
2032 196980 16 148395 16 0
2033 2085 16 2049 16 0
2034 653416 16 912346 16 0
2035 810332 16 396309 16 0
2036 161841 16 741863 16 0
2037 438541 16 717531 16 0
2038 357743 16 187315 16 0
2039 2109 16 811427 16 0
2040 741863 16 364183 16 0
2041 568860 16 97892 16 0
2042 796362 16 234690 16 0
2043 2103 16 470312 16 0
2044 863328 16 2048 16 0
2045 407043 16 670968 16 0
2046 267642 16 493164 16 0
2047 222604 16 218428 16 0
2048 578148 16 471734 16 0
2049 2102 16 863328 16 0
2050 224838 16 357275 16 0
2051 128654 16 222604 16 0
2052 144346 16 734562 16 0
2053 902897 16 532816 16 0
2054 541820 16 835764 16 0
2055 817457 16 2050 16 0
2056 959317 16 959317 16 1
2057 811427 16 407043 16 0
2058 744881 16 340071 16 0
2059 739010 16 994037 16 0
2060 33768 16 913219 16 0
2061 632631 16 676460 16 0
2062 890267 16 161574 16 0
2063 734562 16 369888 16 0
2064 648131 16 744881 16 0
2065 449717 16 449717 16 1
2066 966740 16 578148 16 0
2067 994037 16 796362 16 0
2068 357275 16 2109 16 0
2069 206421 16 763262 16 0
2070 913219 16 648131 16 0
2071 10542 16 2027 16 0
2072 475925 16 653416 16 0
2073 132781 16 2025 16 0
2074 514610 16 299091 16 0
2075 495569 16 985936 16 0
2076 813460 16 206421 16 0
2077 599341 16 2085 16 0
2078 440649 16 139086 16 0
2079 322570 16 196980 16 0
2080 470312 16 194277 16 0
2081 248390 16 475925 16 0
2082 2050 16 357743 16 0
2083 396309 16 902897 16 0
2084 717531 16 739010 16 0
2085 589011 16 10542 16 0
2086 2062 16 134698 16 0
2087 97892 16 780540 16 0
2088 2061 16 2102 16 0
2089 364183 16 322570 16 0
2090 512097 16 2062 16 0
2091 148395 16 33768 16 0
2092 532816 16 2069 16 0
2093 676460 16 568860 16 0
2094 760483 16 495569 16 0
2095 493164 16 537300 16 0
2096 471734 16 810332 16 0
2097 2049 16 2034 16 0
2098 2048 16 909799 16 0
2099 194277 16 45382 16 0
2100 465069 16 2117 16 0
2101 909799 16 465069 16 0
2102 2025 16 248390 16 0
2103 151518 16 284846 16 0
2104 2027 16 760483 16 0
2105 2034 16 2783 16 0
2106 369888 16 440649 16 0
2107 45382 16 77626 16 0
2108 284846 16 813460 16 0
2109 2081 16 514610 16 0
2110 187315 16 817457 16 0
2111 780540 16 220559 16 0
2112 220559 16 541820 16 0
2113 2783 16 267642 16 0
2114 912346 16 128654 16 0
2115 134698 16 589011 16 0
2116 763262 16 151518 16 0
2117 234690 16 980458 16 0
2118 2069 16 65551 16 0
2119 835764 16 2081 16 0
2120 340071 16 354523 16 0
2121 2067 16 144346 16 0
2122 65551 16 224838 16 0
2123 139086 16 966740 16 0
2124 354523 16 2103 16 0
2125 218428 16 2061 16 0
2126 425626 15 39232 15 0
2127 58945 15 941368 15 0
2128 104343 15 115228 15 0
2129 278087 15 450558 15 0
2130 991778 15 603182 15 0
2131 155242 15 577472 15 0
2132 728960 15 47534 15 0
2133 189129 15 668247 15 0
2134 2225 15 572850 15 0
2135 153540 15 475493 15 0
2136 39232 15 705128 15 0
2137 2221 15 648451 15 0
2138 484667 15 69475 15 0
2139 476724 15 221010 15 0
2140 414138 15 605938 15 0
2141 605938 15 484667 15 0
2142 698523 15 2133 15 0
2143 69475 15 262106 15 0
2144 979494 15 374569 15 0
2145 756040 15 991778 15 0
2146 367940 15 499725 15 0
2147 733398 15 2153 15 0
2148 210932 15 756040 15 0
2149 374569 15 838398 15 0
2150 899760 15 915681 15 0
2151 541941 15 92775 15 0
2152 864702 15 2230 15 0
2153 39733 15 155242 15 0
2154 546427 15 2169 15 0
2155 133676 15 677779 15 0
2156 527678 15 928947 15 0
2157 572850 15 567693 15 0
2158 315746 15 17235 15 0
2159 632253 15 733398 15 0
2160 223571 15 2209 15 0
2161 794093 15 241111 15 0
2162 915681 15 210932 15 0
2163 2230 15 926408 15 0
2164 422180 15 2160 15 0
2165 343236 15 625778 15 0
2166 645270 15 599854 15 0
2167 933996 15 910305 15 0
2168 835441 15 761337 15 0
2169 534807 15 654471 15 0
2170 72419 15 640260 15 0
2171 705128 15 306825 15 0
2172 499725 15 942502 15 0
2173 835779 15 835441 15 0
2174 256261 15 966612 15 0
2175 283396 15 152560 15 0
2176 436886 15 58945 15 0
2177 640260 15 540154 15 0
2178 514406 15 595357 15 0
2179 942502 15 698523 15 0
2180 635906 15 18764 15 0
2181 928947 15 436886 15 0
2182 701210 15 10417 15 0
2183 868832 15 425626 15 0
2184 213709 15 414138 15 0
2185 677779 15 938405 15 0
2186 47534 15 728960 15 0
2187 147651 15 283396 15 0
2188 10417 15 2178 15 0
2189 914832 15 424756 15 0
2190 540154 15 502791 15 0
2191 938405 15 35494 15 0
2192 761337 15 534807 15 0
2193 145184 15 527678 15 0
2194 625778 15 668183 15 0
2195 648451 15 133676 15 0
2196 176042 15 2204 15 0
2197 595357 15 476724 15 0
2198 524867 15 632253 15 0
2199 567693 15 2179 15 0
2200 262106 15 147651 15 0
2201 941368 15 914832 15 0
2202 838398 15 835779 15 0
2203 638654 15 979494 15 0
2204 152560 15 367940 15 0
2205 306825 15 933996 15 0
2206 255720 15 223571 15 0
2207 603182 15 212371 15 0
2208 92840 15 167152 15 0
2209 966612 15 189129 15 0
2210 910305 15 72419 15 0
2211 18764 15 2221 15 0
2212 517173 15 104343 15 0
2213 92775 15 794093 15 0
2214 221010 15 422180 15 0
2215 35494 15 645270 15 0
2216 599854 15 39733 15 0
2217 654471 15 278087 15 0
2218 424756 15 524867 15 0
2219 450558 15 840532 15 0
2220 2209 15 2131 15 0
2221 926408 15 2225 15 0
2222 2140 15 868832 15 0
2223 2204 15 213709 15 0
2224 2133 15 701210 15 0
2225 2131 15 638654 15 0
2226 212371 15 514406 15 0
2227 668183 15 153540 15 0
2228 502791 15 2140 15 0
2229 2178 15 176042 15 0
2230 17235 15 315746 15 0
2231 241111 15 255720 15 0
2232 668247 15 343236 15 0
2233 167152 15 541941 15 0
2234 2179 15 899760 15 0
2235 840532 15 635906 15 0
2236 2153 15 92840 15 0
2237 475493 15 517173 15 0
2238 577472 15 145184 15 0
2239 115228 15 864702 15 0
2240 2169 15 256261 15 0
2241 2160 15 546427 15 0
2242 728782 14 782971 14 0
2243 630259 14 165045 14 0
2244 2345 14 641272 14 0
2245 129060 14 720628 14 0
2246 268789 14 224050 14 0
2247 588408 14 746960 14 0
2248 945813 14 14441 14 0
2249 2353 14 637116 14 0
2250 2354 14 2345 14 0
2251 737472 14 272497 14 0
2252 2356 14 742291 14 0
2253 344113 14 544708 14 0
2254 803349 14 344113 14 0
2255 498764 14 2356 14 0
2256 157093 14 775573 14 0
2257 782971 14 788864 14 0
2258 704337 14 146418 14 0
2259 329273 14 875164 14 0
2260 513508 14 708610 14 0
2261 771892 14 838137 14 0
2262 2322 14 843071 14 0
2263 836371 14 256050 14 0
2264 880983 14 377084 14 0
2265 908343 14 2258 14 0
2266 51538 14 378620 14 0
2267 724330 14 29443 14 0
2268 272497 14 844661 14 0
2269 2368 14 563294 14 0
2270 943592 14 737472 14 0
2271 908398 14 256685 14 0
2272 982262 14 424867 14 0
2273 137539 14 670321 14 0
2274 47961 14 945813 14 0
2275 477376 14 238987 14 0
2276 844661 14 873650 14 0
2277 2341 14 2298 14 0
2278 2342 14 728782 14 0
2279 667874 14 317650 14 0
2280 202633 14 362803 14 0
2281 990180 14 304593 14 0
2282 889306 14 477376 14 0
2283 402847 14 402847 14 1
2284 645254 14 679327 14 0
2285 766545 14 889306 14 0
2286 875164 14 803349 14 0
2287 641272 14 394374 14 0
2288 317490 14 423646 14 0
2289 654654 14 513508 14 0
2290 878245 14 201303 14 0
2291 423526 14 2306 14 0
2292 317650 14 95224 14 0
2293 29443 14 988891 14 0
2294 424867 14 667874 14 0
2295 970753 14 931621 14 0
2296 70615 14 590011 14 0
2297 300831 14 771892 14 0
2298 238987 14 2304 14 0
2299 103747 14 322642 14 0
2300 190487 14 2268 14 0
2301 753437 14 2365 14 0
2302 243748 14 439690 14 0
2303 931621 14 926793 14 0
2304 742291 14 487843 14 0
2305 101313 14 498764 14 0
2306 14441 14 202633 14 0
2307 394374 14 724330 14 0
2308 843071 14 137539 14 0
2309 2365 14 51538 14 0
2310 141822 14 225421 14 0
2311 838137 14 630259 14 0
2312 612799 14 612799 14 1
2313 95224 14 458230 14 0
2314 875105 14 300831 14 0
2315 788864 14 329273 14 0
2316 139256 14 141822 14 0
2317 458230 14 878245 14 0
2318 926793 14 497880 14 0
2319 988891 14 101313 14 0
2320 746960 14 875105 14 0
2321 304593 14 180221 14 0
2322 720962 14 943592 14 0
2323 294919 14 576500 14 0
2324 487843 14 139256 14 0
2325 423646 14 190487 14 0
2326 322642 14 970753 14 0
2327 377084 14 423526 14 0
2328 822548 14 554628 14 0
2329 63966 14 990180 14 0
2330 180221 14 243748 14 0
2331 492162 14 822548 14 0
2332 422758 14 849926 14 0
2333 530625 14 2342 14 0
2334 487424 14 47961 14 0
2335 679327 14 105205 14 0
2336 907173 14 308522 14 0
2337 590011 14 908398 14 0
2338 637116 14 497640 14 0
2339 2268 14 907173 14 0
2340 411249 14 2368 14 0
2341 362803 14 487424 14 0
2342 165045 14 982262 14 0
2343 430172 14 129060 14 0
2344 2258 14 411249 14 0
2345 256685 14 179226 14 0
2346 775573 14 654654 14 0
2347 873650 14 818315 14 0
2348 544708 14 70615 14 0
2349 720628 14 880983 14 0
2350 179226 14 472041 14 0
2351 256050 14 588408 14 0
2352 2304 14 645254 14 0
2353 105205 14 430172 14 0
2354 2306 14 704337 14 0
2355 849926 14 908343 14 0
2356 497880 14 530625 14 0
2357 439690 14 753437 14 0
2358 472041 14 268789 14 0
2359 308522 14 2354 14 0
2360 201303 14 2322 14 0
2361 576500 14 720962 14 0
2362 670321 14 2314 14 0
2363 2314 14 492162 14 0
2364 378620 14 766545 14 0
2365 497640 14 317490 14 0
2366 554628 14 294919 14 0
2367 563294 14 2341 14 0
2368 818315 14 157093 14 0
2369 224050 14 63966 14 0
2370 2298 14 422758 14 0
2371 146418 14 103747 14 0
2372 225421 14 836371 14 0
2373 708610 14 2353 14 0
2374 377309 13 312564 13 0
2375 24216 13 606790 13 0
2376 645567 13 924529 13 0
2377 906375 13 2420 13 0
2378 449101 13 11110 13 0
2379 496022 13 315253 13 0
2380 432879 13 252232 13 0
2381 2515 13 701080 13 0
2382 312564 13 969477 13 0
2383 2517 13 363772 13 0
2384 735324 13 814101 13 0
2385 254520 13 36971 13 0
2386 619749 13 404098 13 0
2387 2481 13 2480 13 0
2388 424286 13 252640 13 0
2389 811634 13 377309 13 0
2390 814174 13 2390 13 0
2391 947910 13 2515 13 0
2392 2470 13 859257 13 0
2393 795345 13 361481 13 0
2394 2475 13 2426 13 0
2395 516362 13 2490 13 0
2396 452642 13 253498 13 0
2397 2479 13 715922 13 0
2398 2480 13 595297 13 0
2399 2501 13 145249 13 0
2400 2482 13 724479 13 0
2401 117924 13 2482 13 0
2402 2490 13 699252 13 0
2403 701004 13 132260 13 0
2404 416422 13 318104 13 0
2405 89933 13 938594 13 0
2406 318104 13 267228 13 0
2407 57329 13 2393 13 0
2408 212932 13 113053 13 0
2409 708803 13 756789 13 0
2410 252232 13 795345 13 0
2411 327244 13 686743 13 0
2412 134638 13 524298 13 0
2413 654397 13 811634 13 0
2414 909645 13 2408 13 0
2415 205143 13 839008 13 0
2416 849382 13 950723 13 0
2417 412838 13 2416 13 0
2418 799346 13 645567 13 0
2419 588860 13 782024 13 0
2420 462537 13 701004 13 0
2421 162526 13 516362 13 0
2422 782024 13 631417 13 0
2423 624976 13 496022 13 0
2424 701080 13 162526 13 0
2425 333440 13 117924 13 0
2426 725777 13 442158 13 0
2427 564437 13 592973 13 0
2428 132260 13 564437 13 0
2429 412773 13 333440 13 0
2430 969477 13 439889 13 0
2431 363772 13 412838 13 0
2432 145249 13 496934 13 0
2433 524298 13 814174 13 0
2434 534273 13 631600 13 0
2435 2519 13 358083 13 0
2436 143200 13 624976 13 0
2437 361481 13 89933 13 0
2438 825873 13 708803 13 0
2439 36971 13 134638 13 0
2440 325126 13 424286 13 0
2441 859810 13 313090 13 0
2442 11110 13 672651 13 0
2443 505679 13 588860 13 0
2444 720373 13 2383 13 0
2445 56391 13 834857 13 0
2446 95855 13 916650 13 0
2447 814101 13 69642 13 0
2448 200686 13 254520 13 0
2449 631417 13 947910 13 0
2450 308269 13 731602 13 0
2451 916650 13 177657 13 0
2452 441980 13 849382 13 0
2453 747845 13 267143 13 0
2454 442158 13 2479 13 0
2455 699252 13 734127 13 0
2456 228467 13 412773 13 0
2457 595297 13 534273 13 0
2458 778627 13 731878 13 0
2459 379965 13 367887 13 0
2460 2393 13 906375 13 0
2461 358083 13 357291 13 0
2462 715922 13 33853 13 0
2463 93155 13 200686 13 0
2464 938594 13 325126 13 0
2465 404098 13 725777 13 0
2466 731602 13 720373 13 0
2467 672651 13 205143 13 0
2468 177657 13 2481 13 0
2469 2391 13 217530 13 0
2470 2408 13 974298 13 0
2471 367887 13 799346 13 0
2472 917459 13 845349 13 0
2473 496934 13 2470 13 0
2474 974298 13 524905 13 0
2475 2415 13 327244 13 0
2476 2416 13 308269 13 0
2477 357291 13 859810 13 0
2478 2420 13 2449 13 0
2479 606790 13 2391 13 0
2480 33853 13 825873 13 0
2481 253498 13 917459 13 0
2482 834857 13 93155 13 0
2483 950723 13 909645 13 0
2484 756789 13 379965 13 0
2485 439889 13 56391 13 0
2486 22255 13 24216 13 0
2487 315253 13 452642 13 0
2488 778108 13 469771 13 0
2489 221397 13 735324 13 0
2490 655922 13 449101 13 0
2491 731265 13 441980 13 0
2492 267228 13 402824 13 0
2493 631600 13 655922 13 0
2494 349096 13 778108 13 0
2495 217530 13 970557 13 0
2496 686743 13 228467 13 0
2497 839008 13 22255 13 0
2498 2377 13 349096 13 0
2499 267143 13 939866 13 0
2500 2383 13 416422 13 0
2501 2390 13 2501 13 0
2502 924529 13 519693 13 0
2503 519693 13 95855 13 0
2504 2449 13 619749 13 0
2505 734127 13 221397 13 0
2506 313090 13 778627 13 0
2507 845349 13 462537 13 0
2508 402824 13 819637 13 0
2509 469771 13 2441 13 0
2510 2441 13 2415 13 0
2511 252640 13 57329 13 0
2512 592973 13 2475 13 0
2513 69642 13 654397 13 0
2514 970557 13 2377 13 0
2515 528047 13 432879 13 0
2516 524905 13 811764 13 0
2517 819637 13 505679 13 0
2518 939866 13 143200 13 0
2519 2426 13 747845 13 0
2520 731878 13 2517 13 0
2521 811764 13 731265 13 0
2522 113053 13 528047 13 0
2523 859257 13 212932 13 0
2524 724479 13 2519 13 0
2525 523436 12 565064 12 0
2526 879320 12 378669 12 0
2527 206224 12 568119 12 0
2528 2658 12 42291 12 0
2529 706139 12 287438 12 0
2530 2681 12 44450 12 0
2531 765242 12 978877 12 0
2532 405906 12 471852 12 0
2533 2645 12 233790 12 0
2534 812830 12 957231 12 0
2535 828171 12 92201 12 0
2536 277792 12 2584 12 0
2537 565207 12 903383 12 0
2538 860716 12 990449 12 0
2539 594332 12 261498 12 0
2540 2671 12 146638 12 0
2541 358291 12 847846 12 0
2542 2674 12 633666 12 0
2543 843424 12 706139 12 0
2544 44450 12 588382 12 0
2545 18046 12 812830 12 0
2546 558041 12 677692 12 0
2547 552422 12 791284 12 0
2548 149868 12 716805 12 0
2549 699900 12 2566 12 0
2550 777066 12 2690 12 0
2551 2625 12 909579 12 0
2552 2629 12 607887 12 0
2553 148469 12 839810 12 0
2554 460650 12 332548 12 0
2555 621801 12 101546 12 0
2556 992203 12 348124 12 0
2557 2639 12 519617 12 0
2558 548322 12 2634 12 0
2559 563791 12 295530 12 0
2560 53784 12 551198 12 0
2561 891924 12 894541 12 0
2562 827127 12 463854 12 0
2563 71133 12 405105 12 0
2564 238738 12 637766 12 0
2565 973091 12 364385 12 0
2566 823820 12 405906 12 0
2567 606718 12 126533 12 0
2568 568119 12 843424 12 0
2569 12410 12 428323 12 0
2570 358052 12 621801 12 0
2571 589960 12 565207 12 0
2572 656620 12 992203 12 0
2573 992928 12 552422 12 0
2574 523306 12 765242 12 0
2575 996949 12 772617 12 0
2576 885968 12 429269 12 0
2577 987031 12 324130 12 0
2578 17924 12 67337 12 0
2579 807747 12 543957 12 0
2580 56403 12 594332 12 0
2581 92201 12 197111 12 0
2582 261498 12 597002 12 0
2583 571083 12 694949 12 0
2584 139647 12 358052 12 0
2585 400366 12 658965 12 0
2586 131752 12 987031 12 0
2587 660449 12 148469 12 0
2588 372814 12 426870 12 0
2589 73534 12 2625 12 0
2590 378669 12 156602 12 0
2591 772617 12 149868 12 0
2592 471852 12 497632 12 0
2593 341187 12 827127 12 0
2594 497632 12 57940 12 0
2595 909579 12 860716 12 0
2596 2690 12 314879 12 0
2597 101546 12 410632 12 0
2598 426870 12 2674 12 0
2599 164908 12 968674 12 0
2600 946673 12 303100 12 0
2601 885600 12 152388 12 0
2602 392346 12 245284 12 0
2603 795231 12 823820 12 0
2604 544573 12 482612 12 0
2605 978877 12 946673 12 0
2606 197111 12 544573 12 0
2607 249584 12 52684 12 0
2608 839810 12 777066 12 0
2609 372789 12 656620 12 0
2610 847846 12 392346 12 0
2611 968674 12 667580 12 0
2612 303100 12 400366 12 0
2613 412097 12 944285 12 0
2614 563874 12 595829 12 0
2615 2634 12 480788 12 0
2616 57940 12 210759 12 0
2617 543957 12 39299 12 0
2618 2551 12 807747 12 0
2619 332548 12 17924 12 0
2620 314879 12 974849 12 0
2621 694949 12 184604 12 0
2622 595829 12 732940 12 0
2623 826096 12 636019 12 0
2624 658965 12 486140 12 0
2625 677692 12 206224 12 0
2626 990449 12 344175 12 0
2627 277551 12 460650 12 0
2628 410632 12 2658 12 0
2629 233790 12 563791 12 0
2630 463854 12 249584 12 0
2631 2550 12 523306 12 0
2632 295530 12 2579 12 0
2633 974849 12 657289 12 0
2634 944285 12 935980 12 0
2635 482612 12 523436 12 0
2636 126533 12 885968 12 0
2637 657289 12 18046 12 0
2638 414202 12 992928 12 0
2639 636019 12 414202 12 0
2640 348124 12 885600 12 0
2641 2566 12 277551 12 0
2642 667580 12 358291 12 0
2643 2570 12 197078 12 0
2644 486140 12 699900 12 0
2645 565064 12 372814 12 0
2646 791284 12 149958 12 0
2647 753388 12 449499 12 0
2648 629153 12 12410 12 0
2649 935980 12 559750 12 0
2650 480788 12 71133 12 0
2651 785184 12 2645 12 0
2652 559750 12 589960 12 0
2653 156602 12 514797 12 0
2654 894541 12 996949 12 0
2655 42291 12 372789 12 0
2656 758067 12 660449 12 0
2657 324130 12 316789 12 0
2658 344175 12 973091 12 0
2659 537580 12 2610 12 0
2660 551198 12 758067 12 0
2661 374835 12 785184 12 0
2662 295624 12 2570 12 0
2663 210759 12 341187 12 0
2664 316789 12 753388 12 0
2665 903383 12 2611 12 0
2666 405105 12 634965 12 0
2667 67337 12 629153 12 0
2668 39299 12 53784 12 0
2669 245284 12 277792 12 0
2670 429269 12 879320 12 0
2671 184604 12 412097 12 0
2672 637766 12 139647 12 0
2673 732940 12 571083 12 0
2674 588382 12 796487 12 0
2675 957231 12 131752 12 0
2676 2598 12 2629 12 0
2677 716805 12 164908 12 0
2678 2584 12 374835 12 0
2679 149958 12 537580 12 0
2680 2585 12 891924 12 0
2681 597002 12 828171 12 0
2682 449499 12 826096 12 0
2683 428323 12 558041 12 0
2684 287438 12 295624 12 0
2685 796487 12 2639 12 0
2686 197078 12 2585 12 0
2687 146638 12 2551 12 0
2688 52684 12 73534 12 0
2689 364385 12 2671 12 0
2690 2610 12 2681 12 0
2691 607887 12 563874 12 0
2692 633666 12 795231 12 0
2693 2611 12 2550 12 0
2694 2579 12 548322 12 0
2695 519617 12 606718 12 0
2696 152388 12 2598 12 0
2697 634965 12 56403 12 0
2698 514797 12 238738 12 0
2699 998616 11 279501 11 0
2700 937218 11 626600 11 0
2701 248157 11 235734 11 0
2702 968412 11 377021 11 0
2703 574125 11 952956 11 0
2704 721084 11 661227 11 0
2705 137310 11 439771 11 0
2706 922537 11 159651 11 0
2707 544215 11 163398 11 0
2708 705220 11 757623 11 0
2709 645572 11 2771 11 0
2710 419253 11 87520 11 0
2711 975188 11 342346 11 0
2712 2894 11 317847 11 0
2713 2895 11 2805 11 0
2714 569205 11 918160 11 0
2715 365295 11 660854 11 0
2716 616927 11 739007 11 0
2717 508261 11 809932 11 0
2718 2902 11 325672 11 0
2719 895581 11 175747 11 0
2720 947650 11 520363 11 0
2721 645805 11 113430 11 0
2722 503361 11 66098 11 0
2723 289879 11 973549 11 0
2724 544364 11 137310 11 0
2725 175747 11 606118 11 0
2726 227988 11 574125 11 0
2727 276618 11 2851 11 0
2728 262118 11 409864 11 0
2729 2841 11 898375 11 0
2730 487669 11 428352 11 0
2731 998599 11 262118 11 0
2732 922104 11 536959 11 0
2733 650429 11 472056 11 0
2734 2851 11 616927 11 0
2735 2874 11 339324 11 0
2736 521749 11 830007 11 0
2737 339932 11 661885 11 0
2738 863507 11 83675 11 0
2739 791525 11 2781 11 0
2740 984926 11 31768 11 0
2741 976092 11 348083 11 0
2742 679340 11 2704 11 0
2743 583035 11 313373 11 0
2744 565808 11 2707 11 0
2745 157203 11 891897 11 0
2746 774793 11 566283 11 0
2747 87520 11 2737 11 0
2748 783711 11 806116 11 0
2749 470134 11 361309 11 0
2750 520363 11 531192 11 0
2751 277935 11 235643 11 0
2752 923605 11 2740 11 0
2753 536959 11 2902 11 0
2754 235643 11 569205 11 0
2755 368602 11 487669 11 0
2756 736748 11 792058 11 0
2757 159651 11 92403 11 0
2758 330219 11 645572 11 0
2759 147222 11 2745 11 0
2760 354218 11 2729 11 0
2761 145272 11 833439 11 0
2762 235734 11 923605 11 0
2763 911628 11 311508 11 0
2764 918160 11 503361 11 0
2765 377021 11 419253 11 0
2766 88669 11 2895 11 0
2767 581046 11 638502 11 0
2768 849595 11 549327 11 0
2769 950495 11 2749 11 0
2770 936527 11 533768 11 0
2771 792058 11 20730 11 0
2772 311508 11 803456 11 0
2773 350776 11 679340 11 0
2774 792330 11 936527 11 0
2775 570793 11 477237 11 0
2776 393508 11 2748 11 0
2777 833439 11 162177 11 0
2778 113430 11 774793 11 0
2779 428352 11 814030 11 0
2780 891897 11 663388 11 0
2781 342346 11 446175 11 0
2782 468958 11 921374 11 0
2783 245439 11 35286 11 0
2784 730294 11 636719 11 0
2785 390018 11 305334 11 0
2786 446175 11 227988 11 0
2787 744104 11 581046 11 0
2788 538224 11 477805 11 0
2789 32680 11 744104 11 0
2790 617068 11 354218 11 0
2791 794662 11 483720 11 0
2792 325672 11 2874 11 0
2793 35286 11 736748 11 0
2794 855096 11 470134 11 0
2795 9098 11 157203 11 0
2796 337237 11 2841 11 0
2797 348083 11 538183 11 0
2798 663388 11 9098 11 0
2799 533768 11 863507 11 0
2800 220196 11 244883 11 0
2801 199914 11 947650 11 0
2802 470705 11 2788 11 0
2803 803456 11 998616 11 0
2804 364484 11 895581 11 0
2805 809932 11 17000 11 0
2806 538183 11 544364 11 0
2807 347318 11 353198 11 0
2808 830007 11 2757 11 0
2809 638502 11 337237 11 0
2810 313373 11 984926 11 0
2811 31768 11 842648 11 0
2812 806116 11 933323 11 0
2813 584149 11 220196 11 0
2814 20730 11 514474 11 0
2815 994347 11 234137 11 0
2816 2740 11 339932 11 0
2817 2737 11 2795 11 0
2818 2736 11 468958 11 0
2819 732745 11 365295 11 0
2820 305334 11 145272 11 0
2821 361309 11 330219 11 0
2822 66098 11 294710 11 0
2823 2729 11 508261 11 0
2824 615404 11 721084 11 0
2825 401455 11 950495 11 0
2826 92615 11 849595 11 0
2827 477237 11 289879 11 0
2828 2771 11 521749 11 0
2829 162828 11 583035 11 0
2830 952956 11 132761 11 0
2831 898375 11 2746 11 0
2832 661885 11 403178 11 0
2833 529840 11 425834 11 0
2834 2757 11 577078 11 0
2835 422534 11 689680 11 0
2836 409864 11 199914 11 0
2837 468647 11 922104 11 0
2838 675618 11 2807 11 0
2839 2749 11 401455 11 0
2840 75861 11 570793 11 0
2841 2748 11 911628 11 0
2842 2746 11 565808 11 0
2843 2745 11 276618 11 0
2844 403178 11 675618 11 0
2845 68163 11 998599 11 0
2846 814030 11 529840 11 0
2847 234137 11 62311 11 0
2848 244883 11 937218 11 0
2849 689680 11 975188 11 0
2850 472056 11 147222 11 0
2851 62311 11 2782 11 0
2852 636719 11 450314 11 0
2853 439771 11 794662 11 0
2854 606118 11 2894 11 0
2855 162177 11 783711 11 0
2856 866342 11 393508 11 0
2857 92403 11 743159 11 0
2858 739007 11 277935 11 0
2859 973549 11 994347 11 0
2860 933323 11 92615 11 0
2861 17000 11 162828 11 0
2862 317847 11 368602 11 0
2863 425834 11 925647 11 0
2864 2704 11 75861 11 0
2865 921374 11 994090 11 0
2866 531192 11 212376 11 0
2867 2707 11 245439 11 0
2868 954483 11 88669 11 0
2869 450314 11 470705 11 0
2870 212376 11 2714 11 0
2871 2714 11 615404 11 0
2872 483720 11 976092 11 0
2873 994090 11 855096 11 0
2874 477805 11 650429 11 0
2875 606299 11 347318 11 0
2876 626600 11 705220 11 0
2877 661227 11 422534 11 0
2878 660854 11 248157 11 0
2879 2782 11 2736 11 0
2880 2781 11 597483 11 0
2881 2788 11 606299 11 0
2882 514474 11 922537 11 0
2883 83675 11 954483 11 0
2884 757623 11 390018 11 0
2885 566283 11 791525 11 0
2886 339324 11 866342 11 0
2887 597483 11 2801 11 0
2888 549327 11 350776 11 0
2889 842648 11 68163 11 0
2890 914116 11 617068 11 0
2891 163398 11 544215 11 0
2892 294710 11 32680 11 0
2893 132761 11 468647 11 0
2894 279501 11 538224 11 0
2895 577078 11 584149 11 0
2896 353198 11 792330 11 0
2897 743159 11 732745 11 0
2898 2795 11 914116 11 0
2899 2807 11 645805 11 0
2900 925647 11 730294 11 0
2901 2801 11 968412 11 0
2902 2805 11 364484 11 0
2903 3082 10 3132 10 0
2904 301313 10 2956 10 0
2905 3083 10 121424 10 0
2906 540677 10 231518 10 0
2907 3081 10 602506 10 0
2908 60784 10 169561 10 0
2909 157509 10 436749 10 0
2910 958641 10 547890 10 0
2911 594280 10 451210 10 0
2912 461797 10 2916 10 0
2913 438413 10 644595 10 0
2914 3105 10 835968 10 0
2915 3102 10 672012 10 0
2916 133037 10 373414 10 0
2917 607165 10 2963 10 0
2918 700778 10 77925 10 0
2919 764671 10 2945 10 0
2920 850171 10 913378 10 0
2921 678304 10 678304 10 1
2922 863828 10 3142 10 0
2923 671517 10 950906 10 0
2924 298530 10 665342 10 0
2925 648454 10 2931 10 0
2926 12085 10 421750 10 0
2927 187615 10 55802 10 0
2928 3087 10 660166 10 0
2929 386430 10 924092 10 0
2930 3052 10 973426 10 0
2931 451210 10 54779 10 0
2932 606048 10 391480 10 0
2933 972349 10 85934 10 0
2934 152084 10 841169 10 0
2935 3044 10 607165 10 0
2936 516865 10 101517 10 0
2937 729741 10 700778 10 0
2938 3053 10 179227 10 0
2939 3039 10 386430 10 0
2940 970148 10 761831 10 0
2941 810502 10 3105 10 0
2942 769565 10 3052 10 0
2943 169686 10 510903 10 0
2944 3033 10 872023 10 0
2945 585479 10 769565 10 0
2946 56937 10 451458 10 0
2947 129732 10 568409 10 0
2948 54779 10 958641 10 0
2949 727285 10 902753 10 0
2950 280322 10 552776 10 0
2951 267721 10 813297 10 0
2952 3070 10 419902 10 0
2953 930026 10 298530 10 0
2954 950906 10 863828 10 0
2955 231518 10 66391 10 0
2956 85934 10 419228 10 0
2957 3062 10 3122 10 0
2958 953870 10 3128 10 0
2959 3059 10 486580 10 0
2960 599385 10 868286 10 0
2961 3055 10 726844 10 0
2962 32379 10 169686 10 0
2963 650348 10 809772 10 0
2964 761831 10 950770 10 0
2965 173352 10 364306 10 0
2966 627098 10 648454 10 0
2967 480874 10 796611 10 0
2968 602506 10 835399 10 0
2969 660166 10 2953 10 0
2970 867257 10 599385 10 0
2971 935848 10 850992 10 0
2972 596927 10 764671 10 0
2973 816188 10 461797 10 0
2974 563738 10 157509 10 0
2975 454319 10 513856 10 0
2976 856376 10 2942 10 0
2977 894136 10 765035 10 0
2978 383421 10 3053 10 0
2979 486580 10 992365 10 0
2980 966330 10 722787 10 0
2981 510903 10 189314 10 0
2982 759637 10 857841 10 0
2983 552776 10 3087 10 0
2984 654555 10 830220 10 0
2985 850992 10 756780 10 0
2986 316599 10 856376 10 0
2987 835399 10 3059 10 0
2988 835968 10 208161 10 0
2989 3142 10 540677 10 0
2990 247424 10 813223 10 0
2991 722787 10 953870 10 0
2992 92733 10 972349 10 0
2993 959910 10 173352 10 0
2994 726362 10 970148 10 0
2995 45832 10 135344 10 0
2996 813223 10 11279 10 0
2997 85873 10 458532 10 0
2998 11279 10 594280 10 0
2999 505984 10 10590 10 0
3000 3122 10 366039 10 0
3001 655519 10 361759 10 0
3002 1620 10 2980 10 0
3003 215635 10 301313 10 0
3004 872023 10 3022 10 0
3005 150460 10 816188 10 0
3006 537924 10 516372 10 0
3007 868286 10 959910 10 0
3008 171240 10 150460 10 0
3009 419902 10 3044 10 0
3010 973426 10 171240 10 0
3011 516372 10 26224 10 0
3012 454981 10 537924 10 0
3013 67883 10 713094 10 0
3014 130450 10 772882 10 0
3015 509949 10 661176 10 0
3016 685213 10 171811 10 0
3017 366039 10 280322 10 0
3018 391480 10 2933 10 0
3019 875460 10 875460 10 1
3020 26224 10 729741 10 0
3021 620667 10 2968 10 0
3022 684404 10 3028 10 0
3023 417085 10 3082 10 0
3024 773783 10 267721 10 0
3025 3132 10 935848 10 0
3026 856459 10 231636 10 0
3027 3128 10 963580 10 0
3028 321611 10 480874 10 0
3029 765035 10 306922 10 0
3030 364306 10 627098 10 0
3031 189314 10 32379 10 0
3032 514169 10 2996 10 0
3033 816914 10 516865 10 0
3034 77925 10 2997 10 0
3035 356506 10 221668 10 0
3036 2934 10 586625 10 0
3037 2933 10 454981 10 0
3038 2931 10 867257 10 0
3039 796611 10 403573 10 0
3040 899679 10 357591 10 0
3041 64183 10 2934 10 0
3042 880220 10 83207 10 0
3043 436749 10 299500 10 0
3044 633091 10 60784 10 0
3045 490151 10 633179 10 0
3046 2916 10 215635 10 0
3047 299500 10 553704 10 0
3048 2956 10 850171 10 0
3049 2968 10 382665 10 0
3050 66391 10 363377 10 0
3051 458532 10 45832 10 0
3052 61560 10 454319 10 0
3053 361759 10 576235 10 0
3054 2963 10 894136 10 0
3055 231636 10 871713 10 0
3056 47972 10 856459 10 0
3057 411771 10 439141 10 0
3058 451181 10 129732 10 0
3059 2952 10 135292 10 0
3060 547890 10 810502 10 0
3061 2945 10 3055 10 0
3062 221668 10 930026 10 0
3063 2942 10 507820 10 0
3064 295804 10 1620 10 0
3065 518250 10 899679 10 0
3066 586625 10 61560 10 0
3067 121424 10 438413 10 0
3068 726844 10 18681 10 0
3069 44311 10 596927 10 0
3070 357591 10 417085 10 0
3071 179227 10 3031 10 0
3072 18681 10 451181 10 0
3073 146852 10 2106 10 0
3074 186447 10 321611 10 0
3075 88034 10 44311 10 0
3076 756780 10 518250 10 0
3077 419228 10 650348 10 0
3078 36995 10 47972 10 0
3079 513856 10 411771 10 0
3080 161323 10 727285 10 0
3081 992365 10 759637 10 0
3082 2953 10 807375 10 0
3083 963580 10 654555 10 0
3084 672012 10 2977 10 0
3085 772882 10 12085 10 0
3086 451458 10 92733 10 0
3087 984989 10 671517 10 0
3088 373414 10 3033 10 0
3089 171811 10 726362 10 0
3090 913378 10 816914 10 0
3091 2905 10 701075 10 0
3092 657119 10 3070 10 0
3093 101517 10 220467 10 0
3094 3031 10 383421 10 0
3095 299597 10 247424 10 0
3096 83207 10 186447 10 0
3097 208161 10 585479 10 0
3098 2997 10 490151 10 0
3099 841169 10 685213 10 0
3100 220467 10 880220 10 0
3101 665342 10 657119 10 0
3102 135292 10 187615 10 0
3103 661176 10 505984 10 0
3104 169561 10 775452 10 0
3105 306922 10 773783 10 0
3106 507820 10 88034 10 0
3107 2106 10 152084 10 0
3108 807375 10 509949 10 0
3109 830220 10 146852 10 0
3110 2996 10 36995 10 0
3111 978551 10 684404 10 0
3112 902753 10 465529 10 0
3113 950770 10 3004 10 0
3114 55802 10 3062 10 0
3115 326655 10 633091 10 0
3116 3004 10 133037 10 0
3117 363377 10 56937 10 0
3118 713094 10 2952 10 0
3119 439141 10 356506 10 0
3120 10590 10 130450 10 0
3121 871713 10 3081 10 0
3122 924092 10 978551 10 0
3123 644595 10 376385 10 0
3124 2980 10 295804 10 0
3125 633179 10 3039 10 0
3126 857841 10 606048 10 0
3127 813297 10 67883 10 0
3128 3028 10 563738 10 0
3129 553704 10 85873 10 0
3130 206040 10 206040 10 1
3131 568409 10 3083 10 0
3132 2977 10 326655 10 0
3133 421750 10 984989 10 0
3134 809772 10 514169 10 0
3135 403573 10 798825 10 0
3136 798825 10 3102 10 0
3137 775452 10 966330 10 0
3138 135344 10 161323 10 0
3139 701075 10 655519 10 0
3140 576235 10 620667 10 0
3141 465529 10 64183 10 0
3142 376385 10 2905 10 0
3143 3022 10 316599 10 0
3144 382665 10 299597 10 0
3145 550949 9 517815 9 0
3146 3357 9 256856 9 0
3147 100743 9 196505 9 0
3148 8272 9 759250 9 0
3149 198660 9 195764 9 0
3150 270432 9 914938 9 0
3151 157013 9 592468 9 0
3152 196863 9 423742 9 0
3153 52940 9 618125 9 0
3154 489374 9 802752 9 0
3155 149635 9 487345 9 0
3156 183374 9 550949 9 0
3157 213904 9 380316 9 0
3158 1901 9 909885 9 0
3159 194540 9 123703 9 0
3160 3348 9 22832 9 0
3161 423742 9 3171 9 0
3162 3349 9 485143 9 0
3163 322333 9 204686 9 0
3164 216667 9 168548 9 0
3165 3305 9 39538 9 0
3166 184770 9 718031 9 0
3167 206321 9 3180 9 0
3168 548174 9 737845 9 0
3169 195245 9 159693 9 0
3170 840554 9 3357 9 0
3171 3319 9 864374 9 0
3172 374050 9 3176 9 0
3173 3317 9 686093 9 0
3174 874261 9 529235 9 0
3175 3309 9 288358 9 0
3176 329929 9 561804 9 0
3177 241010 9 3271 9 0
3178 586295 9 573377 9 0
3179 196505 9 143239 9 0
3180 3310 9 206321 9 0
3181 179687 9 3317 9 0
3182 737845 9 1901 9 0
3183 268951 9 3349 9 0
3184 490388 9 160123 9 0
3185 862219 9 561343 9 0
3186 530313 9 142900 9 0
3187 3330 9 885279 9 0
3188 726646 9 647330 9 0
3189 157282 9 360746 9 0
3190 778522 9 840554 9 0
3191 3329 9 198660 9 0
3192 705873 9 521483 9 0
3193 537578 9 100743 9 0
3194 670374 9 3207 9 0
3195 96369 9 257472 9 0
3196 482175 9 207119 9 0
3197 3302 9 817919 9 0
3198 872189 9 69094 9 0
3199 61202 9 731424 9 0
3200 256856 9 904387 9 0
3201 678702 9 530313 9 0
3202 319570 9 650809 9 0
3203 807075 9 265333 9 0
3204 521483 9 809244 9 0
3205 440855 9 132256 9 0
3206 196545 9 86572 9 0
3207 482541 9 869643 9 0
3208 640432 9 3225 9 0
3209 177353 9 3195 9 0
3210 3431 9 783200 9 0
3211 237519 9 777059 9 0
3212 936393 9 177353 9 0
3213 450137 9 539744 9 0
3214 321878 9 554602 9 0
3215 743028 9 857010 9 0
3216 593587 9 420517 9 0
3217 750628 9 456577 9 0
3218 385598 9 3305 9 0
3219 731424 9 241864 9 0
3220 824417 9 216667 9 0
3221 19815 9 29851 9 0
3222 241864 9 365112 9 0
3223 429489 9 957501 9 0
3224 529549 9 864775 9 0
3225 394572 9 490388 9 0
3226 541694 9 196545 9 0
3227 773519 9 440855 9 0
3228 592951 9 237519 9 0
3229 819786 9 803381 9 0
3230 3415 9 3210 9 0
3231 265267 9 911281 9 0
3232 39538 9 120657 9 0
3233 512768 9 3229 9 0
3234 261067 9 3330 9 0
3235 380316 9 914711 9 0
3236 564950 9 3329 9 0
3237 168548 9 674059 9 0
3238 180576 9 249308 9 0
3239 420517 9 3310 9 0
3240 225512 9 482175 9 0
3241 3384 9 947030 9 0
3242 265333 9 579109 9 0
3243 951004 9 447312 9 0
3244 950512 9 4930 9 0
3245 755918 9 3154 9 0
3246 975658 9 807075 9 0
3247 541357 9 664873 9 0
3248 3375 9 3216 9 0
3249 664873 9 3269 9 0
3250 647330 9 111070 9 0
3251 306723 9 648757 9 0
3252 258405 9 96369 9 0
3253 852165 9 179687 9 0
3254 335968 9 593587 9 0
3255 735829 9 319570 9 0
3256 3364 9 352111 9 0
3257 553983 9 564950 9 0
3258 3359 9 184770 9 0
3259 420291 9 176587 9 0
3260 833720 9 532112 9 0
3261 467483 9 543241 9 0
3262 904980 9 86025 9 0
3263 464060 9 222543 9 0
3264 366120 9 877793 9 0
3265 249308 9 52940 9 0
3266 648757 9 987791 9 0
3267 420418 9 431366 9 0
3268 224220 9 22432 9 0
3269 379725 9 819786 9 0
3270 817466 9 27273 9 0
3271 3400 9 930230 9 0
3272 29935 9 609693 9 0
3273 447312 9 253052 9 0
3274 3397 9 3400 9 0
3275 869643 9 258442 9 0
3276 433023 9 907049 9 0
3277 3393 9 420418 9 0
3278 635459 9 3224 9 0
3279 627640 9 802699 9 0
3280 142900 9 666643 9 0
3281 288358 9 541357 9 0
3282 579109 9 329929 9 0
3283 317098 9 670374 9 0
3284 3154 9 493110 9 0
3285 172393 9 3431 9 0
3286 333228 9 169044 9 0
3287 182866 9 317098 9 0
3288 3145 9 892645 9 0
3289 517815 9 824417 9 0
3290 5691 9 750628 9 0
3291 169044 9 302724 9 0
3292 724817 9 3205 9 0
3293 253052 9 529549 9 0
3294 592226 9 650683 9 0
3295 558685 9 239361 9 0
3296 143239 9 134476 9 0
3297 61596 9 489374 9 0
3298 573377 9 750022 9 0
3299 123703 9 134298 9 0
3300 370801 9 467483 9 0
3301 777059 9 255894 9 0
3302 718031 9 513535 9 0
3303 957501 9 70849 9 0
3304 302724 9 558685 9 0
3305 520434 9 18718 9 0
3306 3180 9 264108 9 0
3307 222543 9 420291 9 0
3308 864775 9 530917 9 0
3309 561343 9 678702 9 0
3310 3176 9 627640 9 0
3311 176587 9 706746 9 0
3312 530917 9 3260 9 0
3313 64537 9 802618 9 0
3314 160123 9 213904 9 0
3315 674059 9 268951 9 0
3316 3171 9 570358 9 0
3317 352111 9 333228 9 0
3318 750022 9 252580 9 0
3319 877793 9 945230 9 0
3320 428367 9 17818 9 0
3321 264108 9 3319 9 0
3322 134298 9 327417 9 0
3323 3157 9 8197 9 0
3324 207119 9 3384 9 0
3325 554602 9 635459 9 0
3326 987791 9 314647 9 0
3327 911281 9 8272 9 0
3328 239361 9 512768 9 0
3329 802752 9 284366 9 0
3330 111070 9 196863 9 0
3331 274267 9 3397 9 0
3332 513535 9 370801 9 0
3333 371419 9 472010 9 0
3334 181348 9 321108 9 0
3335 650809 9 352310 9 0
3336 18718 9 592226 9 0
3337 618125 9 445328 9 0
3338 321108 9 3393 9 0
3339 914938 9 950512 9 0
3340 603852 9 19815 9 0
3341 255222 9 872189 9 0
3342 360746 9 3302 9 0
3343 314647 9 5691 9 0
3344 561804 9 61596 9 0
3345 615735 9 195245 9 0
3346 472010 9 862219 9 0
3347 132256 9 64537 9 0
3348 668526 9 450137 9 0
3349 213573 9 541694 9 0
3350 899461 9 157282 9 0
3351 802699 9 322333 9 0
3352 609693 9 213573 9 0
3353 885279 9 778522 9 0
3354 221907 9 385598 9 0
3355 8197 9 265267 9 0
3356 22832 9 863627 9 0
3357 4930 9 258405 9 0
3358 22432 9 615735 9 0
3359 903779 9 181348 9 0
3360 650683 9 705873 9 0
3361 27273 9 603852 9 0
3362 529235 9 29935 9 0
3363 445328 9 817466 9 0
3364 711767 9 374050 9 0
3365 904387 9 640432 9 0
3366 493110 9 904980 9 0
3367 3269 9 936393 9 0
3368 686093 9 852165 9 0
3369 947030 9 379725 9 0
3370 431366 9 773519 9 0
3371 592468 9 224220 9 0
3372 892645 9 3259 9 0
3373 352310 9 743028 9 0
3374 857010 9 668526 9 0
3375 487345 9 3309 9 0
3376 120657 9 3266 9 0
3377 485143 9 548994 9 0
3378 255894 9 182866 9 0
3379 539744 9 225512 9 0
3380 3229 9 3359 9 0
3381 3271 9 520434 9 0
3382 759250 9 394572 9 0
3383 68976 9 61202 9 0
3384 3225 9 306723 9 0
3385 543241 9 899461 9 0
3386 365112 9 428367 9 0
3387 3266 9 3157 9 0
3388 930527 9 558143 9 0
3389 734342 9 194540 9 0
3390 284366 9 553983 9 0
3391 258442 9 366120 9 0
3392 257472 9 3415 9 0
3393 3260 9 903779 9 0
3394 3259 9 726646 9 0
3395 809244 9 833720 9 0
3396 3224 9 735829 9 0
3397 930230 9 270432 9 0
3398 327417 9 274267 9 0
3399 204686 9 371419 9 0
3400 532112 9 930527 9 0
3401 86572 9 226202 9 0
3402 863627 9 537578 9 0
3403 421992 9 433023 9 0
3404 252580 9 464060 9 0
3405 70849 9 149635 9 0
3406 3210 9 975658 9 0
3407 17818 9 335968 9 0
3408 360079 9 318038 9 0
3409 3207 9 3364 9 0
3410 3205 9 704309 9 0
3411 456577 9 429489 9 0
3412 69094 9 3348 9 0
3413 86025 9 360079 9 0
3414 817919 9 179474 9 0
3415 134476 9 586295 9 0
3416 3195 9 734342 9 0
3417 318038 9 724817 9 0
3418 226202 9 592951 9 0
3419 802618 9 548174 9 0
3420 783200 9 3145 9 0
3421 803381 9 68976 9 0
3422 179474 9 482541 9 0
3423 909885 9 255222 9 0
3424 570358 9 261067 9 0
3425 29851 9 183374 9 0
3426 558143 9 711767 9 0
3427 159693 9 241010 9 0
3428 864374 9 3375 9 0
3429 548994 9 221907 9 0
3430 945230 9 755918 9 0
3431 706746 9 157013 9 0
3432 914711 9 874261 9 0
3433 3216 9 421992 9 0
3434 195764 9 321878 9 0
3435 666643 9 951004 9 0
3436 907049 9 180576 9 0
3437 704309 9 172393 9 0
3438 354791 8 4294967295 0 0
3439 536266 8 4294967295 0 0
3440 631841 8 4294967295 0 0
3441 842594 8 4294967295 0 0
3442 322212 8 4294967295 0 0
3443 455957 8 4294967295 0 0
3444 723860 8 4294967295 0 0
3445 160159 8 4294967295 0 0
3446 536432 8 4294967295 0 0
3447 964373 8 4294967295 0 0
3448 769049 8 4294967295 0 0
3449 787966 8 4294967295 0 0
3450 414435 8 4294967295 0 0
3451 73327 8 4294967295 0 0
3452 375669 8 4294967295 0 0
3453 951869 8 4294967295 0 0
3454 33763 8 4294967295 0 0
3455 469970 8 4294967295 0 0
3456 891309 8 4294967295 0 0
3457 586725 8 4294967295 0 0
3458 988823 8 4294967295 0 0
3459 545267 8 4294967295 0 0
3460 553669 8 4294967295 0 0
3461 798113 8 4294967295 0 0
3462 328146 8 4294967295 0 0
3463 880882 8 4294967295 0 0
3464 26430 8 4294967295 0 0
3465 524926 8 4294967295 0 0
3466 3744 8 4294967295 0 0
3467 3724 8 4294967295 0 0
3468 3727 8 4294967295 0 0
3469 504938 8 4294967295 0 0
3470 769052 8 4294967295 0 0
3471 927060 8 4294967295 0 0
3472 261424 8 4294967295 0 0
3473 9919 8 4294967295 0 0
3474 766872 8 4294967295 0 0
3475 3718 8 4294967295 0 0
3476 121063 8 4294967295 0 0
3477 929173 8 4294967295 0 0
3478 298002 8 4294967295 0 0
3479 3750 8 4294967295 0 0
3480 854307 8 4294967295 0 0
3481 334831 8 4294967295 0 0
3482 608586 8 4294967295 0 0
3483 542390 8 4294967295 0 0
3484 3692 8 4294967295 0 0
3485 352419 8 4294967295 0 0
3486 368206 8 4294967295 0 0
3487 22387 8 4294967295 0 0
3488 3678 8 4294967295 0 0
3489 622936 8 4294967295 0 0
3490 294339 8 4294967295 0 0
3491 112427 8 4294967295 0 0
3492 445833 8 4294967295 0 0
3493 788046 8 4294967295 0 0
3494 267032 8 4294967295 0 0
3495 74077 8 4294967295 0 0
3496 791845 8 4294967295 0 0
3497 3699 8 4294967295 0 0
3498 3707 8 4294967295 0 0
3499 427116 8 4294967295 0 0
3500 3716 8 4294967295 0 0
3501 491806 8 4294967295 0 0
3502 594650 8 4294967295 0 0
3503 7776 8 4294967295 0 0
3504 361612 8 4294967295 0 0
3505 854095 8 4294967295 0 0
3506 220567 8 4294967295 0 0
3507 406012 8 4294967295 0 0
3508 728889 8 4294967295 0 0
3509 772788 8 4294967295 0 0
3510 730339 8 4294967295 0 0
3511 96387 8 4294967295 0 0
3512 58506 8 4294967295 0 0
3513 608338 8 4294967295 0 0
3514 869218 8 4294967295 0 0
3515 689866 8 4294967295 0 0
3516 144835 8 4294967295 0 0
3517 529464 8 4294967295 0 0
3518 51468 8 4294967295 0 0
3519 776470 8 4294967295 0 0
3520 489796 8 4294967295 0 0
3521 3766 8 4294967295 0 0
3522 42164 8 4294967295 0 0
3523 700513 8 4294967295 0 0
3524 998729 8 4294967295 0 0
3525 3769 8 4294967295 0 0
3526 3770 8 4294967295 0 0
3527 120603 8 4294967295 0 0
3528 154650 8 4294967295 0 0
3529 139348 8 4294967295 0 0
3530 292198 8 4294967295 0 0
3531 3782 8 4294967295 0 0
3532 88473 8 4294967295 0 0
3533 808848 8 4294967295 0 0
3534 3792 8 4294967295 0 0
3535 999037 8 4294967295 0 0
3536 926119 8 4294967295 0 0
3537 839657 8 4294967295 0 0
3538 281020 8 4294967295 0 0
