12335778 55555 0.000010
0 1039553 1582 1039553 1579 1
1 1334798 1118 1334798 1116 1
2 4211539 913 4211539 912 1
3 3137304 791 3137304 791 1
4 7084740 707 7084740 706 1
5 4778440 646 4778440 644 1
6 6133043 598 6133043 598 1
7 1321801 559 1321801 557 1
8 3602344 527 3602344 526 1
9 3444396 500 3444396 499 1
10 6406523 477 6406523 474 1
11 3152748 457 3152748 454 1
12 5048708 439 5048708 437 1
13 4767725 423 4767725 423 1
14 2470347 408 2470347 408 1
15 9792592 395 9792592 395 1
16 16 384 16 383 1
17 17 373 17 372 1
18 3841286 363 3841286 363 1
19 5561446 354 5561446 354 1
20 5541905 345 5541905 345 1
21 1622023 337 1622023 337 1
22 9366026 330 9366026 330 1
23 6749807 323 6749807 321 1
24 2102122 316 2102122 316 1
25 25 310 25 310 1
26 5935020 304 5935020 304 1
27 9709277 299 9709277 299 1
28 5619599 294 5619599 294 1
29 1751403 289 1751403 289 1
30 8197054 284 8197054 284 1
31 8448207 280 8448207 280 1
32 1615449 275 1615449 275 1
33 2612563 271 2612563 271 1
34 7050751 267 7050751 267 1
35 4976239 264 4976239 262 1
36 7088296 260 7088296 259 1
37 8181905 257 8181905 257 1
38 38 253 38 253 1
39 1957559 250 1957559 250 1
40 5818068 247 5818068 247 1
41 4852100 244 4852100 244 1
42 4132839 241 4132839 241 1
43 43 238 43 237 1
44 9503514 236 9503514 235 1
45 45 233 45 233 1
46 8932064 231 8932064 230 1
47 7395632 228 7395632 228 1
48 6267130 226 6267130 226 1
49 1105939 224 1105939 224 1
50 4818817 221 4818817 221 1
51 2202971 219 2202971 219 1
52 678277 217 678277 216 1
53 9466253 215 9466253 215 1
54 7215871 213 7215871 213 1
55 1042365 211 1042365 211 1
56 4401624 209 4401624 209 1
57 57 208 57 208 1
58 8752557 206 8752557 206 1
59 9234490 204 9234490 204 1
60 9265404 202 9265404 202 1
61 7217155 201 7217155 201 1
62 7741560 199 7741560 199 1
63 7752085 198 7752085 198 1
64 4249730 196 4249730 196 1
65 65 195 65 195 1
66 2748601 193 2748601 193 1
67 6457397 192 6457397 192 1
68 68 190 68 190 1
69 1086211 189 1086211 189 1
70 5676427 188 5676427 188 1
71 2806316 186 2806316 186 1
72 4427936 185 4427936 185 1
73 7422436 184 7422436 184 1
74 4575700 183 4575700 182 1
75 5667401 181 5667401 181 1
76 3971389 180 3971389 180 1
77 509928 179 509928 179 1
78 832383 178 832383 177 1
79 5828992 177 5828992 177 1
80 736761 176 7823074 175 0
81 7823074 175 736761 175 0
82 2610898 174 2610898 174 1
83 83 173 83 173 1
84 3836307 172 3836307 171 1
85 2139337 171 6173501 170 0
86 6173501 170 2139337 170 0
87 87 169 87 169 1
88 6970913 168 6970913 167 1
89 170181 167 170181 166 1
90 6797971 166 6797971 166 1
91 9307760 165 9307760 165 1
92 9760366 164 9760366 164 1
93 463070 163 463070 163 1
94 94 162 94 162 1
95 1034491 161 1034491 161 1
96 6298523 161 6298523 161 1
97 2567063 160 2567063 160 1
98 98 159 98 159 1
99 6216239 158 6216239 158 1
100 101 157 302443 157 0
101 302443 157 101 157 0
102 7368653 156 4896524 155 0
103 4896524 155 7368653 155 0
104 3883727 154 7473065 154 0
105 7473065 154 3883727 154 0
106 448087 153 448087 153 1
107 2497796 152 2497796 152 1
108 5746957 151 3365977 150 0
109 8143720 151 8143720 150 1
110 3365977 150 5746957 150 0
111 111 149 111 149 1
112 1551629 149 1551629 149 1
113 113 148 113 148 1
114 5127386 147 115 147 0
115 115 147 5127386 147 0
116 8436799 146 8436799 146 1
117 8774190 146 8774190 146 1
118 118 145 118 145 1
119 1623703 144 1623703 144 1
120 4488972 144 4488972 143 1
121 122 143 6973796 143 0
122 6973796 143 6555360 142 0
123 6555360 142 122 142 0
124 6271296 141 6271296 141 1
125 4157301 141 5648942 140 0
126 5382233 140 4157301 140 0
127 5648942 140 6088434 139 0
128 6088434 139 3993568 139 0
129 3993568 139 5382233 139 0
130 9612438 138 7509482 138 0
131 7509482 138 9612438 138 0
132 3612666 137 6456036 137 0
133 6456036 137 3612666 137 0
134 4368354 136 8758696 136 0
135 8758696 136 4368354 136 0
136 137 135 137 135 1
137 8582095 135 8582095 135 1
138 622912 134 7767300 134 0
139 7767300 134 8758988 133 0
140 9541397 133 9541397 133 1
141 8758988 133 9533265 132 0
142 6554385 132 622912 132 0
143 9533265 132 6554385 132 0
144 3991398 131 3991398 131 1
145 1409387 131 1409387 131 1
146 4950038 130 2480029 130 0
147 147 130 4950038 130 0
148 2480029 130 6797852 129 0
149 6010152 129 6010152 129 1
150 6797852 129 147 128 0
151 8322280 128 8322280 128 1
152 152 128 152 128 1
153 772542 127 9524891 127 0
154 4922971 127 4922971 127 1
155 9524891 127 2545163 126 0
156 2545163 126 772542 126 0
157 2627107 126 2627107 125 1
158 3048932 125 3048932 125 1
159 9423218 125 8090588 125 0
160 8090588 125 9423218 125 0
161 4893440 124 438817 124 0
162 438817 124 4893440 124 0
163 190280 123 5580835 123 0
164 8521691 123 8521691 123 1
165 5580835 123 190280 123 0
166 6729913 122 4294967295 0 0
167 4794101 122 4294967295 0 0
168 9576574 122 4294967295 0 0
169 2154098 121 4294967295 0 0
170 9363808 121 4294967295 0 0
171 432895 121 4294967295 0 0
172 6907295 120 4294967295 0 0
173 174 120 4294967295 0 0
174 3240780 120 4294967295 0 0
175 7704295 119 4294967295 0 0
176 175 119 4294967295 0 0
177 4288623 119 4294967295 0 0
178 6578590 118 4294967295 0 0
179 9512579 118 4294967295 0 0
180 6095681 118 4294967295 0 0
181 181 117 4294967295 0 0
182 182 117 4294967295 0 0
183 4038686 117 4294967295 0 0
184 184 116 4294967295 0 0
185 9879203 116 4294967295 0 0
186 8913949 116 4294967295 0 0
187 5517840 115 4294967295 0 0
188 2491882 115 4294967295 0 0
189 7432308 115 4294967295 0 0
190 193 114 4294967295 0 0
191 6546311 114 4294967295 0 0
192 5225977 114 4294967295 0 0
193 8302373 114 4294967295 0 0
194 4028464 113 4294967295 0 0
195 6384861 113 4294967295 0 0
196 1124658 113 4294967295 0 0
197 7897924 112 4294967295 0 0
198 737008 112 4294967295 0 0
199 4551515 112 4294967295 0 0
200 5353187 112 4294967295 0 0
201 8610409 111 4294967295 0 0
202 2891872 111 4294967295 0 0
203 6460767 111 4294967295 0 0
204 465269 110 4294967295 0 0
205 4268356 110 4294967295 0 0
206 4751813 110 4294967295 0 0
207 3162508 110 4294967295 0 0
208 6851653 109 4294967295 0 0
209 5747514 109 4294967295 0 0
210 9308562 109 4294967295 0 0
211 238557 109 4294967295 0 0
212 1774061 108 4294967295 0 0
213 4547674 108 4294967295 0 0
214 2811052 108 4294967295 0 0
215 8787004 108 4294967295 0 0
216 2615140 107 4294967295 0 0
217 1027573 107 4294967295 0 0
218 4700162 107 4294967295 0 0
219 216 107 4294967295 0 0
220 1148627 106 4294967295 0 0
221 2183827 106 4294967295 0 0
222 2547902 106 4294967295 0 0
223 7941122 106 4294967295 0 0
224 5491079 105 4294967295 0 0
225 9323702 105 4294967295 0 0
226 8512732 105 4294967295 0 0
227 673407 105 4294967295 0 0
228 719093 105 4294967295 0 0
229 1194314 104 4294967295 0 0
230 4679021 104 4294967295 0 0
231 232 104 4294967295 0 0
232 8459317 104 4294967295 0 0
233 233 103 4294967295 0 0
234 8609497 103 4294967295 0 0
235 6027228 103 4294967295 0 0
236 7639695 103 4294967295 0 0
237 676094 103 4294967295 0 0
238 8358773 102 4294967295 0 0
239 7633046 102 4294967295 0 0
240 303916 102 4294967295 0 0
241 9679071 102 4294967295 0 0
242 9355040 101 4294967295 0 0
243 6975580 101 4294967295 0 0
244 1656888 101 4294967295 0 0
245 21522 101 4294967295 0 0
246 1482929 101 4294967295 0 0
247 7432945 100 4294967295 0 0
248 6756458 100 4294967295 0 0
249 2404366 100 4294967295 0 0
250 9244073 100 4294967295 0 0
251 614072 100 4294967295 0 0
252 231244 99 4294967295 0 0
253 4704406 99 4294967295 0 0
254 7375426 99 4294967295 0 0
255 9343886 99 4294967295 0 0
256 8028416 99 4294967295 0 0
257 9780790 98 4294967295 0 0
258 8659422 98 4294967295 0 0
259 2868941 98 4294967295 0 0
260 8130370 98 4294967295 0 0
261 9938174 98 4294967295 0 0
262 9506573 98 4294967295 0 0
263 1168780 97 4294967295 0 0
264 7936923 97 4294967295 0 0
265 9414406 97 4294967295 0 0
266 267 97 4294967295 0 0
