9998514 55555 0.000010
0 1039553 6079271 1039553 6079271 1
1 1334798 1519818 1334798 1519818 1
2 4211539 675475 4211539 675475 1
3 3137304 379954 3137304 379954 1
4 7084740 243171 7084740 243171 1
5 4778440 168869 4778440 168869 1
6 6133043 124067 6133043 124067 1
7 1321801 94989 1321801 94989 1
8 3602344 75053 3602344 75053 1
9 3444396 60793 3444396 60793 1
10 6406523 50242 6406523 50242 1
11 3152748 42217 3152748 42217 1
12 5048708 35972 5048708 35972 1
13 4767725 31017 4767725 31017 1
14 2470347 27019 2470347 27019 1
15 9792592 23747 9792592 23747 1
16 16 21036 16 21036 1
17 17 18763 17 18763 1
18 3841286 16840 3841286 16840 1
19 5561446 15198 5561446 15198 1
20 5541905 13785 5541905 13785 1
21 1622023 12560 1622023 12560 1
22 9366026 11492 9366026 11492 1
23 6749807 10554 6749807 10554 1
24 2102122 9727 2102122 9727 1
25 25 8993 25 8993 1
26 5935020 8339 5935020 8339 1
27 9709277 7754 9709277 7754 1
28 5619599 7229 5619599 7229 1
29 1751403 6755 1751403 6755 1
30 8197054 6326 8197054 6326 1
31 8448207 5937 8448207 5937 1
32 1615449 5582 1615449 5582 1
33 2612563 5259 2612563 5259 1
34 7050751 4963 7050751 4963 1
35 4976239 4691 4976239 4691 1
36 7088296 4441 7088296 4441 1
37 8181905 4210 8181905 4210 1
38 38 3997 38 3997 1
39 1957559 3800 1957559 3800 1
40 5818068 3616 5818068 3616 1
41 4852100 3446 4852100 3446 1
42 4132839 3288 4132839 3288 1
43 43 3140 43 3140 1
44 9503514 3002 9503514 3002 1
45 45 2873 45 2873 1
46 8932064 2752 8932064 2752 1
47 7395632 2639 7395632 2639 1
48 6267130 2532 6267130 2532 1
49 1105939 2432 1105939 2432 1
50 4818817 2337 4818817 2337 1
51 2202971 2248 2202971 2248 1
52 678277 2164 678277 2164 1
53 9466253 2085 9466253 2085 1
54 7215871 2010 7215871 2010 1
55 1042365 1939 1042365 1939 1
56 4401624 1871 4401624 1871 1
57 57 1807 57 1807 1
58 8752557 1746 8752557 1746 1
59 9234490 1689 9234490 1689 1
60 9265404 1634 9265404 1634 1
61 7217155 1581 7217155 1581 1
62 7741560 1532 7741560 1532 1
63 7752085 1484 7752085 1484 1
64 4249730 1439 4249730 1439 1
65 65 1396 65 1396 1
66 2748601 1354 2748601 1354 1
67 6457397 1315 6457397 1315 1
68 68 1277 68 1277 1
69 1086211 1241 1086211 1241 1
70 5676427 1206 5676427 1206 1
71 2806316 1173 2806316 1173 1
72 4427936 1141 4427936 1141 1
73 7422436 1110 7422436 1110 1
74 4575700 1081 4575700 1081 1
75 5667401 1053 5667401 1053 1
76 3971389 1025 3971389 1025 1
77 509928 999 509928 999 1
78 832383 974 832383 974 1
79 5828992 950 5828992 950 1
80 736761 927 736761 927 1
81 7823074 904 7823074 904 1
82 2610898 882 2610898 882 1
83 83 862 83 862 1
84 3836307 841 3836307 841 1
85 2139337 822 2139337 822 1
86 6173501 803 6173501 803 1
87 87 785 87 785 1
88 6970913 767 6970913 767 1
89 170181 751 170181 751 1
90 6797971 734 6797971 734 1
91 9307760 718 9307760 718 1
92 9760366 703 9760366 703 1
93 463070 688 463070 688 1
94 94 674 94 674 1
95 1034491 660 1034491 660 1
96 6298523 646 6298523 646 1
97 2567063 633 2567063 633 1
98 98 620 98 620 1
99 6216239 608 6216239 608 1
100 302443 596 302443 596 1
101 101 584 101 584 1
102 7368653 573 7368653 573 1
103 4896524 562 4896524 562 1
104 7473065 551 7473065 551 1
105 3883727 541 3883727 541 1
106 448087 531 448087 531 1
107 2497796 521 2497796 521 1
108 8143720 512 8143720 512 1
109 5746957 502 5746957 502 1
110 3365977 493 3365977 493 1
111 111 485 111 485 1
112 1551629 476 1551629 476 1
113 113 468 113 468 1
114 5127386 460 5127386 460 1
115 115 452 115 452 1
116 8774190 444 8774190 444 1
117 8436799 437 8436799 437 1
118 118 429 118 429 1
119 1623703 422 1623703 422 1
120 4488972 415 4488972 415 1
121 6973796 408 6973796 408 1
122 122 402 122 402 1
123 6555360 395 6555360 395 1
124 4157301 389 4157301 389 1
125 6271296 383 6271296 383 1
126 5648942 377 5648942 377 1
127 5382233 371 5382233 371 1
128 3993568 365 3993568 365 1
129 6088434 360 6088434 360 1
130 9612438 354 9612438 354 1
131 7509482 349 7509482 349 1
132 6456036 344 6456036 344 1
133 3612666 339 3612666 339 1
134 8758696 334 8758696 334 1
135 4368354 329 4368354 329 1
136 8582095 324 8582095 324 1
137 137 319 137 319 1
138 7767300 315 7767300 315 1
139 622912 310 622912 310 1
140 9541397 306 9541397 306 1
141 8758988 301 8758988 301 1
142 6554385 297 6554385 297 1
143 9533265 293 9533265 293 1
144 3991398 289 3991398 289 1
145 1409387 285 1409387 285 1
146 2480029 281 2480029 281 1
147 147 278 147 278 1
148 4950038 274 4950038 274 1
149 6797852 270 6797852 270 1
150 6010152 267 6010152 267 1
151 8322280 263 8322280 263 1
152 152 260 152 260 1
153 9524891 256 9524891 256 1
154 772542 253 772542 253 1
155 4922971 250 4922971 250 1
156 2545163 247 2545163 247 1
157 2627107 244 2627107 244 1
158 8090588 240 8090588 240 1
159 3048932 237 3048932 237 1
160 9423218 235 9423218 235 1
161 4893440 232 4893440 232 1
162 438817 229 438817 229 1
163 8521691 226 8521691 226 1
164 190280 223 190280 223 1
165 5580835 221 5580835 221 1
166 9576574 218 9576574 218 1
167 4794101 215 4794101 215 1
168 6729913 213 6729913 213 1
169 2154098 210 2154098 210 1
170 432895 208 432895 208 1
171 9363808 205 9363808 205 1
172 6907295 203 6907295 203 1
173 3240780 201 3240780 201 1
174 174 199 174 199 1
175 175 196 175 196 1
176 4288623 194 4288623 194 1
177 7704295 192 7704295 192 1
178 9512579 190 9512579 190 1
179 6095681 188 6095681 188 1
180 6578590 186 6578590 186 1
181 181 184 181 184 1
182 182 182 182 182 1
183 4038686 180 4038686 180 1
184 184 178 184 178 1
185 9879203 176 9879203 176 1
186 8913949 174 8913949 174 1
187 7432308 172 7432308 172 1
188 5517840 170 5517840 170 1
189 2491882 168 2491882 168 1
190 8302373 167 8302373 167 1
191 6546311 165 6546311 165 1
192 5225977 163 5225977 163 1
193 193 162 193 162 1
194 4028464 160 4028464 160 1
195 6384861 158 6384861 158 1
196 1124658 157 1124658 157 1
197 5353187 155 5353187 155 1
198 4551515 154 4551515 154 1
199 737008 152 737008 152 1
200 7897924 150 7897924 150 1
201 6460767 149 6460767 149 1
202 8610409 148 8610409 148 1
203 2891872 146 2891872 146 1
204 4751813 145 4751813 145 1
205 465269 143 465269 143 1
206 3162508 142 3162508 142 1
207 4268356 141 4268356 141 1
208 9308562 139 9308562 139 1
209 238557 138 238557 138 1
210 6851653 137 6851653 137 1
211 5747514 135 5747514 135 1
212 2811052 134 2811052 134 1
213 4547674 133 4547674 133 1
214 8787004 132 8787004 132 1
215 1774061 130 1774061 130 1
216 216 129 216 129 1
217 1027573 128 1027573 128 1
218 2615140 127 2615140 127 1
219 4700162 126 4700162 126 1
220 7941122 124 7941122 124 1
221 2547902 123 2547902 123 1
222 2183827 122 2183827 122 1
223 1148627 121 1148627 121 1
224 8512732 120 8512732 120 1
225 5491079 119 5491079 119 1
226 9323702 118 9323702 118 1
227 719093 117 719093 117 1
228 673407 116 673407 116 1
229 4679021 115 4679021 115 1
230 1194314 114 1194314 114 1
231 8459317 113 8459317 113 1
232 232 112 232 112 1
233 233 111 233 111 1
234 8609497 110 8609497 110 1
235 6027228 109 6027228 109 1
236 7639695 108 7639695 108 1
237 676094 107 676094 107 1
238 7633046 106 7633046 106 1
239 8358773 106 8358773 106 1
240 9679071 105 9679071 105 1
241 303916 104 303916 104 1
242 21522 103 21522 103 1
243 9355040 102 9355040 102 1
244 6975580 101 6975580 101 1
245 1656888 100 1482929 100 0
246 1482929 100 1656888 100 0
247 6756458 99 6756458 99 1
248 614072 98 4294967295 0 0
249 2404366 97 4294967295 0 0
250 7432945 96 4294967295 0 0
251 9244073 96 4294967295 0 0
252 9343886 95 4294967295 0 0
253 7375426 94 4294967295 0 0
254 231244 93 4294967295 0 0
255 4704406 93 4294967295 0 0
256 8028416 92 4294967295 0 0
257 9780790 91 4294967295 0 0
258 9506573 91 4294967295 0 0
259 8659422 90 4294967295 0 0
260 8130370 89 4294967295 0 0
261 2868941 89 4294967295 0 0
262 9938174 88 4294967295 0 0
263 6868924 87 4294967295 0 0
264 7936923 87 4294967295 0 0
265 1168780 86 4294967295 0 0
266 9414406 85 4294967295 0 0
267 267 85 4294967295 0 0
268 8549770 84 4294967295 0 0
269 6306962 83 4294967295 0 0
270 6067145 83 4294967295 0 0
271 9805126 82 4294967295 0 0
272 928570 82 4294967295 0 0
273 1633814 81 4294967295 0 0
274 2514858 80 4294967295 0 0
275 42339 80 4294967295 0 0
276 796346 79 4294967295 0 0
277 1920346 79 4294967295 0 0
278 4349113 78 4294967295 0 0
279 9553112 78 4294967295 0 0
280 1236292 77 4294967295 0 0
281 8344541 76 4294967295 0 0
282 7477169 76 4294967295 0 0
283 8612708 75 4294967295 0 0
284 2696880 75 4294967295 0 0
285 286 74 4294967295 0 0
286 862194 74 4294967295 0 0
287 287 73 4294967295 0 0
288 288 73 4294967295 0 0
289 7255572 72 4294967295 0 0
290 9242110 72 4294967295 0 0
291 292 71 4294967295 0 0
292 2887928 71 4294967295 0 0
293 293 70 4294967295 0 0
294 294 70 4294967295 0 0
295 3869514 69 4294967295 0 0
296 296 69 4294967295 0 0
297 4908297 68 4294967295 0 0
298 8070840 68 4294967295 0 0
299 6037879 68 4294967295 0 0
300 300 67 4294967295 0 0
301 2773854 67 4294967295 0 0
302 2268861 66 4294967295 0 0
303 371405 66 4294967295 0 0
304 3724198 65 4294967295 0 0
305 6115677 65 4294967295 0 0
306 50020 65 4294967295 0 0
307 1324447 64 4294967295 0 0
308 7792207 64 4294967295 0 0
309 50139 63 4294967295 0 0
310 7447559 63 4294967295 0 0
311 3529458 62 4294967295 0 0
312 442479 62 4294967295 0 0
313 2201885 62 4294967295 0 0
314 529628 61 4294967295 0 0
315 5385372 61 4294967295 0 0
316 9094667 60 4294967295 0 0
317 9958128 60 4294967295 0 0
318 7569061 60 4294967295 0 0
319 3396942 59 4294967295 0 0
320 2725555 59 4294967295 0 0
321 320 59 4294967295 0 0
322 2237715 58 4294967295 0 0
323 4545179 58 4294967295 0 0
324 4368652 58 4294967295 0 0
325 3014990 57 4294967295 0 0
326 468563 57 4294967295 0 0
327 2389422 57 4294967295 0 0
328 1111927 56 4294967295 0 0
329 9704765 56 4294967295 0 0
330 5382349 55 4294967295 0 0
331 8405167 55 4294967295 0 0
332 1874597 55 4294967295 0 0
333 9332136 54 4294967295 0 0
334 1769401 54 4294967295 0 0
335 9273767 54 4294967295 0 0
336 9690227 54 4294967295 0 0
337 7393579 53 4294967295 0 0
338 2343517 53 4294967295 0 0
339 4307791 53 4294967295 0 0
340 341 52 4294967295 0 0
341 342 52 4294967295 0 0
342 852138 52 4294967295 0 0
343 9338315 51 4294967295 0 0
344 4637871 51 4294967295 0 0
345 8576206 51 4294967295 0 0
346 1124938 50 4294967295 0 0
347 8241752 50 4294967295 0 0
348 6583060 50 4294967295 0 0
