1233311 55555 0.000010
0 713165 500 713165 492 1
1 1 354 1 350 1
2 500475 289 500475 288 1
3 43295 250 43295 245 1
4 288337 224 288337 218 1
5 5 204 5 202 1
6 811995 189 811995 187 1
7 581037 177 581037 175 1
8 422708 167 422708 167 1
9 454023 158 454023 157 1
10 344854 151 344854 150 1
11 162370 144 162370 142 1
12 656366 139 656366 139 1
13 13 134 13 134 1
14 151953 129 151953 128 1
15 374059 125 374059 125 1
16 279048 121 279048 121 1
17 278961 118 278961 117 1
18 806435 115 806435 111 1
19 603003 112 549444 109 0
20 549444 109 831846 107 0
21 831846 107 603003 107 0
22 967024 104 967024 103 1
23 313696 102 313696 101 1
24 183943 100 183943 99 1
25 604339 98 729111 96 0
26 729111 96 604339 95 0
27 472803 95 835493 92 0
28 835493 93 472803 91 0
29 338292 91 338292 91 1
30 582955 90 582955 90 1
31 809067 88 809067 87 1
32 711224 87 711224 86 1
33 677947 86 330585 85 0
34 330585 85 677947 83 0
35 314060 83 610297 81 0
36 610297 82 37 81 0
37 37 81 533212 80 0
38 533212 80 314060 80 0
39 452801 79 452801 79 1
40 730035 78 730035 77 1
41 735519 77 735519 77 1
42 638830 76 497622 75 0
43 497622 75 234666 75 0
44 234666 75 638830 73 0
45 292877 74 292877 73 1
46 60041 73 966109 72 0
47 966109 72 388464 71 0
48 893567 71 893567 71 1
49 388464 71 202603 70 0
50 202603 70 60041 70 0
51 321680 69 743624 68 0
52 819512 69 341525 67 0
53 743624 68 943515 67 0
54 341525 67 321680 66 0
55 943515 67 843347 65 0
56 650301 66 603924 65 0
57 603924 66 650301 65 0
58 397442 65 819512 65 0
59 843347 65 397442 65 0
60 158612 64 158612 64 1
61 327852 64 327852 63 1
62 62 63 62 62 1
63 213133 63 213133 62 1
64 780651 62 780651 62 1
65 127067 62 787035 60 0
66 67 61 67 60 1
67 280093 61 127067 60 0
68 787035 60 280093 60 0
69 945426 60 442676 59 0
70 644947 59 274045 59 0
71 442676 59 349707 58 0
72 274045 59 644947 58 0
73 349707 58 945426 58 0
74 856802 58 92754 57 0
75 661175 57 856802 57 0
76 98308 57 98308 57 1
77 92754 57 661175 56 0
78 878755 56 534864 56 0
79 534864 56 110375 56 0
80 110375 56 878755 56 0
81 80387 55 81 55 0
82 81 55 80387 55 0
83 725410 55 84 54 0
84 84 54 844980 54 0
85 844980 54 796821 53 0
86 279584 54 279584 52 1
87 73134 53 829107 52 0
88 796821 53 725410 52 0
89 829107 53 73134 51 0
90 695804 52 729218 51 0
91 198636 52 92 51 0
92 729218 52 695804 51 0
93 92 52 198636 50 0
94 316664 51 97170 50 0
95 602385 51 872422 50 0
96 872422 51 302259 50 0
97 302259 51 316664 50 0
98 30473 50 903922 49 0
99 97170 50 90009 49 0
100 954359 50 602385 49 0
101 903922 50 989941 49 0
102 989941 49 30473 49 0
103 132561 49 109 48 0
104 90009 49 262174 48 0
105 75820 49 998207 48 0
106 106 48 132561 48 0
107 262174 48 892275 47 0
108 109 48 954359 47 0
109 998207 48 75820 47 0
110 892275 47 858196 47 0
111 858196 47 114 47 0
112 114 47 179039 47 0
113 415985 47 415985 46 1
114 179039 47 426633 46 0
115 257854 46 315324 46 0
116 426633 46 257854 46 0
117 469239 46 106 46 0
118 814608 46 814608 45 1
119 315324 46 121 45 0
120 617842 45 296578 45 0
121 885806 45 617842 45 0
122 121 45 687311 45 0
123 687311 45 469239 45 0
124 296578 45 128256 44 0
125 648635 45 63803 44 0
126 441682 44 306864 44 0
127 69043 44 885806 44 0
128 306864 44 441682 44 0
129 570238 44 69043 43 0
130 128256 44 878886 43 0
131 63803 44 570238 43 0
132 348451 43 74424 43 0
133 878886 43 348451 43 0
134 876644 43 312915 43 0
135 911927 43 911927 43 1
136 74424 43 648635 43 0
137 312915 43 380355 42 0
138 817945 42 817945 42 1
139 793576 42 793576 42 1
140 426568 42 995672 42 0
141 790478 42 145 41 0
142 540292 42 876644 41 0
143 380355 42 179885 41 0
144 995672 42 426568 41 0
145 179885 41 540292 41 0
146 150 41 211892 41 0
147 640739 41 790478 41 0
148 145 41 156 40 0
149 211892 41 524508 40 0
150 146225 41 640739 40 0
151 471589 41 721413 40 0
152 326861 40 374984 40 0
153 156 40 150 40 0
154 153 40 878899 40 0
155 524508 40 146225 40 0
156 721413 40 326861 40 0
157 480940 40 39874 39 0
158 878899 40 219357 39 0
159 374984 40 425619 39 0
160 497674 39 323799 39 0
161 39874 39 471589 39 0
162 219357 39 153 39 0
163 689381 39 689381 39 1
164 205864 39 124395 38 0
165 635963 39 680959 38 0
166 323799 39 173 38 0
167 425619 39 168 38 0
168 124395 38 877924 38 0
169 173 38 26171 38 0
170 799755 38 635963 38 0
171 680959 38 480940 38 0
172 168 38 79313 38 0
173 877924 38 179 37 0
174 820046 38 576931 37 0
175 946002 38 807154 37 0
176 26171 38 497674 37 0
177 79313 38 290246 37 0
178 576931 37 820046 37 0
179 776140 37 205864 37 0
180 459490 37 459490 37 1
181 184 37 164566 36 0
182 290246 37 150855 36 0
183 730161 37 712040 36 0
184 179 37 616414 36 0
185 807154 37 697542 36 0
186 164566 37 946002 36 0
187 592797 36 730161 36 0
188 662150 36 518378 36 0
189 616414 36 758750 36 0
190 397851 36 799755 36 0
191 452560 36 880354 36 0
192 880354 36 776140 36 0
193 712040 36 184 36 0
194 518378 36 397851 36 0
195 697542 36 592797 35 0
196 150855 36 662150 35 0
197 758750 36 466258 35 0
198 914662 35 452560 35 0
199 391988 35 11818 35 0
200 875647 35 221456 35 0
201 878956 35 914662 35 0
202 221456 35 998584 35 0
203 466258 35 200 35 0
204 312165 35 391988 35 0
205 92206 35 878956 35 0
206 11818 35 38843 34 0
207 41956 35 650646 34 0
208 200 35 335478 34 0
209 998584 35 184114 34 0
210 218 34 312165 34 0
211 650646 34 825377 34 0
212 471029 34 222222 34 0
213 915342 34 92206 34 0
214 809643 34 41956 34 0
215 850307 34 218 34 0
216 184114 34 875647 34 0
217 335478 34 399785 33 0
218 226053 34 437205 33 0
219 360514 34 586042 33 0
220 38843 34 471029 33 0
221 825377 34 74007 33 0
222 222222 34 223 33 0
223 258874 33 690572 33 0
224 690572 33 632949 33 0
225 526420 33 360514 33 0
226 866496 33 866496 33 1
227 632949 33 915342 33 0
228 87033 33 87033 33 1
229 586042 33 258874 33 0
230 464159 33 226053 33 0
231 232 33 526420 33 0
232 437205 33 809643 33 0
233 399785 33 933953 32 0
234 74007 33 60358 32 0
235 223 33 73270 32 0
236 647588 33 464159 32 0
237 63497 32 249 32 0
238 197584 32 947680 32 0
239 894737 32 20087 32 0
240 249 32 894737 32 0
241 947680 32 664840 32 0
242 891719 32 197584 32 0
243 20087 32 891719 32 0
244 875902 32 239 32 0
245 242 32 232 32 0
246 933953 32 850307 32 0
247 60358 32 242 32 0
248 239 32 647588 32 0
249 664840 32 875902 32 0
250 433244 32 63497 32 0
251 73270 32 821550 31 0
252 837509 31 837509 31 1
253 334867 31 603036 31 0
254 268 31 937773 31 0
255 937773 31 273910 31 0
256 343099 31 255 31 0
257 22731 31 740512 31 0
258 912485 31 912485 31 1
259 469794 31 433244 31 0
260 603036 31 343099 31 0
261 601265 31 601265 31 1
262 916869 31 305863 30 0
263 740512 31 212322 30 0
264 273910 31 488207 30 0
265 821550 31 353607 30 0
266 488207 31 271 30 0
267 895704 31 916869 30 0
268 255 31 863986 30 0
269 604627 30 469794 30 0
270 726601 30 334867 30 0
271 430565 30 419614 30 0
272 419614 30 516532 30 0
273 212322 30 22731 30 0
274 941569 30 871021 30 0
275 875586 30 386321 29 0
276 987761 30 947808 29 0
277 353607 30 151999 29 0
278 863986 30 720354 29 0
279 210910 30 215822 29 0
280 516532 30 255442 29 0
281 305863 30 204023 29 0
282 871021 30 987761 29 0
283 848878 30 430565 29 0
284 271 30 356480 29 0
285 423622 30 853286 29 0
286 772717 30 604627 29 0
287 151999 29 772717 29 0
288 690795 29 423622 29 0
289 674819 29 942466 29 0
290 215822 29 674819 29 0
291 726510 29 941569 29 0
292 737872 29 698072 29 0
293 306 29 726510 29 0
294 356480 29 690795 28 0
295 947808 29 351620 28 0
296 698072 29 446984 28 0
297 302 29 34982 28 0
298 853286 29 776652 28 0
299 942466 29 210910 28 0
300 209537 29 268 28 0
301 440501 29 432616 28 0
302 255442 29 56217 28 0
303 386321 29 31746 28 0
304 720354 29 23746 28 0
305 432616 29 915039 28 0
306 204023 29 440501 28 0
307 984713 29 726601 28 0
308 345401 28 302 28 0
309 866394 28 448897 28 0
310 56217 28 848878 28 0
311 617354 28 617354 28 1
312 883340 28 875586 28 0
313 605451 28 345401 28 0
314 915039 28 866394 28 0
315 846536 28 931488 28 0
316 825575 28 895704 28 0
317 448897 28 306 28 0
318 351620 28 158097 28 0
319 34982 28 984713 28 0
320 446984 28 605451 28 0
321 776652 28 100872 27 0
322 211344 28 883340 27 0
323 279280 28 825575 27 0
324 23746 28 442283 27 0
325 331964 28 239130 27 0
326 452061 28 799407 27 0
327 31746 28 737872 27 0
328 158097 28 240287 27 0
329 931488 28 331178 27 0
330 923718 28 656350 27 0
331 220609 27 655444 27 0
332 162602 27 340 27 0
333 799407 27 830963 27 0
334 917639 27 540846 27 0
335 161801 27 846536 27 0
336 170193 27 279280 27 0
337 239130 27 187727 27 0
338 118315 27 211344 27 0
339 656350 27 511352 27 0
340 621312 27 170193 27 0
341 331178 27 161801 27 0
342 511352 27 331964 27 0
343 655444 27 982058 27 0
344 187727 27 923718 27 0
345 876341 27 118315 27 0
346 634827 27 378737 27 0
347 442283 27 452061 27 0
348 540846 27 358063 26 0
349 378737 27 361 26 0
350 830963 27 634827 26 0
351 100872 27 368 26 0
352 982058 27 179730 26 0
353 240287 27 917639 26 0
354 340 27 902175 26 0
355 179730 27 162602 26 0
356 382 26 481167 26 0
357 481167 26 876341 26 0
358 358063 26 25983 26 0
359 251987 26 940305 26 0
360 219707 26 369 26 0
361 593513 26 540160 26 0
362 369 26 621312 26 0
363 368 26 969925 26 0
364 381913 26 180948 26 0
365 25983 26 806172 26 0
366 606996 26 220609 26 0
367 850516 26 979321 26 0
368 540160 26 929603 26 0
369 929603 26 382 26 0
370 330337 26 606996 26 0
371 579605 26 426319 26 0
372 104436 26 961012 26 0
373 426319 26 825109 26 0
374 806172 26 104436 26 0
375 969925 26 209537 26 0
376 180948 26 251987 26 0
377 825109 26 219707 26 0
378 297959 26 192685 25 0
379 940305 26 408789 25 0
380 361 26 770508 25 0
381 948465 26 297959 25 0
382 961012 26 387 25 0
383 902175 26 52869 25 0
384 979321 26 948465 25 0
385 901154 25 850516 25 0
386 989422 25 186228 25 0
387 866988 25 330337 25 0
388 401 25 998338 25 0
389 998338 25 245834 25 0
390 52869 25 401 25 0
391 406 25 989422 25 0
392 192685 25 540110 25 0
393 48193 25 610850 25 0
394 410 25 844308 25 0
395 413 25 901154 25 0
396 179693 25 373457 25 0
397 540110 25 593513 25 0
398 770508 25 36144 25 0
399 408789 25 992761 25 0
400 895515 25 179693 25 0
401 36144 25 482009 25 0
402 992761 25 4777 25 0
403 759840 25 562798 25 0
404 660801 25 895515 25 0
405 610850 25 939890 25 0
406 4777 25 418 24 0
407 844308 25 517254 24 0
408 562798 25 893770 24 0
409 72517 25 643951 24 0
410 482009 25 911415 24 0
411 387 25 2812 24 0
412 373457 25 759840 24 0
413 939890 25 478810 24 0
414 186228 25 450 24 0
415 245834 25 231430 24 0
416 396 25 410 24 0
417 470258 24 406 24 0
418 436 24 660801 24 0
419 20593 24 72517 24 0
420 474844 24 452 24 0
421 207807 24 20593 24 0
422 87859 24 48193 24 0
423 466847 24 443 24 0
424 557476 24 433 24 0
425 443 24 842596 24 0
426 842596 24 381913 24 0
427 956135 24 463177 24 0
428 229284 24 557476 24 0
429 364246 24 87859 24 0
430 450 24 436 24 0
431 451 24 364246 24 0
432 452 24 474844 24 0
433 231430 24 342783 24 0
434 620532 24 470199 24 0
435 250846 24 37855 24 0
436 265108 24 396 24 0
437 911415 24 207807 24 0
438 893770 24 413 24 0
439 478810 24 250846 24 0
440 463177 24 466847 24 0
441 2812 24 434 24 0
442 37855 24 470258 24 0
443 716775 24 716775 24 1
444 517254 24 229284 24 0
445 342783 24 250013 23 0
446 418 24 150194 23 0
447 859611 24 879067 23 0
448 470199 24 840325 23 0
449 313670 24 348040 23 0
450 643951 24 62206 23 0
451 434 24 986785 23 0
452 433 24 935730 23 0
453 875010 23 231159 23 0
454 635448 23 74351 23 0
455 171685 23 178870 23 0
456 335793 23 470126 23 0
457 599769 23 234682 23 0
458 484 23 52839 23 0
459 463712 23 313670 23 0
460 231159 23 488 23 0
461 488 23 956135 23 0
462 489 23 620532 23 0
463 348040 23 595238 23 0
464 52839 23 265108 23 0
465 153261 23 171685 23 0
466 250013 23 579605 23 0
467 197479 23 899880 23 0
468 840325 23 463712 23 0
469 169786 23 859611 23 0
470 595238 23 197479 23 0
471 878180 23 875010 23 0
472 879067 23 972699 23 0
473 150194 23 576947 23 0
474 681227 23 599769 23 0
475 178870 23 298926 23 0
476 823943 23 484 23 0
477 576947 23 770461 23 0
478 972699 23 13874 23 0
479 74351 23 878180 23 0
480 62206 23 153261 23 0
481 986785 23 169786 23 0
482 770461 23 866988 23 0
483 298926 23 331635 22 0
484 899880 23 111102 22 0
485 234682 23 195667 22 0
486 456 23 919997 22 0
487 842964 23 128382 22 0
488 989280 23 179301 22 0
489 783047 23 233731 22 0
490 935730 23 417933 22 0
491 13874 23 629380 22 0
492 470126 23 781883 22 0
493 670468 23 499016 22 0
494 195667 22 52117 22 0
495 254775 22 400828 22 0
496 889759 22 856860 22 0
497 806857 22 527 22 0
498 862565 22 748348 22 0
499 211440 22 416104 22 0
500 604849 22 862565 22 0
501 242363 22 226504 22 0
502 222720 22 635448 22 0
503 9973 22 33610 22 0
504 404321 22 633780 22 0
505 527 22 991204 22 0
506 646007 22 604849 22 0
507 919997 22 783047 22 0
508 606413 22 222720 22 0
509 522 22 511 22 0
510 226504 22 489 22 0
511 440627 22 670468 22 0
512 781883 22 522 22 0
513 911598 22 211440 22 0
514 179301 22 842964 22 0
515 233731 22 911598 22 0
516 633780 22 681227 22 0
517 629380 22 335793 22 0
518 52117 22 440627 22 0
519 499016 22 451 22 0
520 748348 22 254775 22 0
521 762175 22 199519 22 0
522 400828 22 606413 22 0
523 991204 22 494 22 0
524 511 22 499 22 0
525 416104 22 404321 22 0
526 199519 22 806857 22 0
527 585278 22 9973 22 0
528 111102 22 646007 22 0
529 417933 22 584935 22 0
530 33610 22 383 22 0
531 383 22 456 22 0
532 331635 22 823943 22 0
533 856860 22 445055 21 0
534 499 22 814279 21 0
535 128382 22 594 21 0
536 90148 22 26712 21 0
537 26712 22 8023 21 0
538 403963 22 403963 21 1
539 584935 22 343832 21 0
540 494 22 664406 21 0
541 937022 21 477273 21 0
542 664406 21 336914 21 0
543 985065 21 584 21 0
544 336914 21 367939 21 0
545 549796 21 242363 21 0
546 82496 21 412071 21 0
547 814947 21 66774 21 0
548 914522 21 989280 21 0
549 574 21 814947 21 0
550 479622 21 594806 21 0
551 167533 21 585278 21 0
552 860616 21 964785 21 0
553 793559 21 678039 21 0
554 964785 21 985065 21 0
555 583 21 580940 21 0
556 662558 21 574 21 0
557 584 21 762175 21 0
558 585 21 195912 21 0
559 276048 21 838144 21 0
560 586 21 142107 21 0
561 343832 21 106522 21 0
562 562290 21 860616 21 0
563 971011 21 252324 21 0
564 594806 21 288508 21 0
565 288508 21 265769 21 0
566 594 21 90148 21 0
567 445055 21 610562 21 0
568 183039 21 585 21 0
569 265769 21 552971 21 0
570 367939 21 82496 21 0
571 142107 21 86201 21 0
572 580940 21 583 21 0
573 707243 21 479622 21 0
574 252324 21 167533 21 0
575 435013 21 971011 21 0
576 552971 21 707243 21 0
577 66774 21 562 21 0
578 106522 21 990391 21 0
579 818458 21 562290 21 0
580 112633 21 112633 21 1
581 838144 21 299692 20 0
582 195912 21 596 20 0
583 412071 21 183039 20 0
584 990391 21 549796 20 0
585 477273 21 604 20 0
586 494192 21 292209 20 0
587 86201 21 732258 20 0
588 563675 21 586 20 0
589 561 21 276048 20 0
590 562 21 925724 20 0
591 8023 21 62708 20 0
592 610562 21 673127 20 0
593 814279 21 435013 20 0
594 678039 21 818458 20 0
595 927797 20 259736 20 0
596 627 20 627 20 1
597 929176 20 967536 20 0
598 66335 20 629 20 0
599 896995 20 609 20 0
600 365959 20 907226 20 0
601 6065 20 332858 20 0
602 473533 20 929176 20 0
603 245555 20 494192 20 0
604 911057 20 448777 20 0
605 108771 20 530856 20 0
606 850194 20 318133 20 0
607 629 20 561 20 0
608 438454 20 937022 20 0
609 84399 20 354555 20 0
610 189739 20 635579 20 0
611 962447 20 228018 20 0
612 603675 20 896995 20 0
613 354555 20 189739 20 0
614 732258 20 108771 20 0
615 137863 20 121058 20 0
616 111533 20 793559 20 0
617 354701 20 563675 20 0
618 784579 20 850194 20 0
619 784683 20 921840 20 0
620 635579 20 883826 20 0
621 883826 20 335176 20 0
622 807529 20 354701 20 0
623 195346 20 603675 20 0
624 26377 20 473533 20 0
625 673127 20 715947 20 0
626 299692 20 84399 20 0
627 925724 20 807529 20 0
628 987833 20 66335 20 0
629 41913 20 784683 20 0
630 907226 20 123534 20 0
631 808596 20 245555 20 0
632 259736 20 927797 20 0
633 715947 20 987833 20 0
634 448777 20 911057 20 0
635 335176 20 319069 20 0
636 994158 20 111533 20 0
637 217345 20 889759 20 0
638 123534 20 937764 20 0
639 292209 20 662558 20 0
640 73615 20 607 20 0
641 332858 20 571366 20 0
642 609 20 365959 20 0
643 607 20 435328 19 0
644 604 20 392030 19 0
645 121058 20 45711 19 0
646 426687 20 509725 19 0
647 596 20 676 19 0
648 571366 20 195346 19 0
649 318133 20 678 19 0
650 319069 20 694137 19 0
651 530856 20 820481 19 0
652 937764 20 333821 19 0
653 228018 20 295615 19 0
654 226020 20 382746 19 0
655 967536 20 962447 19 0
656 62708 20 938262 19 0
657 921840 20 647104 19 0
658 392030 19 545230 19 0
659 509725 19 342127 19 0
660 969990 19 527983 19 0
661 920988 19 137863 19 0
662 707 19 181645 19 0
663 435328 19 392895 19 0
664 403287 19 808596 19 0
665 702 19 864948 19 0
666 399390 19 784579 19 0
667 76645 19 674619 19 0
668 614869 19 269845 19 0
669 111220 19 707 19 0
670 382746 19 348028 19 0
671 269845 19 336514 19 0
672 674619 19 956695 19 0
673 550478 19 399390 19 0
674 178571 19 710867 19 0
675 694137 19 664 19 0
676 832557 19 217345 19 0
677 581208 19 715 19 0
678 653931 19 581208 19 0
679 715 19 111220 19 0
680 180619 19 578406 19 0
681 820481 19 795109 19 0
682 904232 19 914522 19 0
683 392895 19 73615 19 0
684 885278 19 512347 19 0
685 997775 19 671 19 0
686 375534 19 343133 19 0
687 722 19 422447 19 0
688 295615 19 71626 19 0
689 230594 19 614869 19 0
690 333821 19 26377 19 0
691 435500 19 6065 19 0
692 527983 19 441074 19 0
693 204101 19 226020 19 0
694 664 19 264563 19 0
695 956695 19 178571 19 0
696 616915 19 653931 19 0
697 347383 19 616915 19 0
698 90765 19 878750 19 0
699 45711 19 403287 19 0
700 828344 19 90765 19 0
701 422447 19 957670 19 0
702 343133 19 180619 19 0
703 768371 19 347383 19 0
704 864948 19 994158 19 0
705 562655 19 230594 19 0
706 945219 19 193599 19 0
707 878750 19 435500 19 0
708 74625 19 426687 19 0
709 222777 19 997775 19 0
710 336514 19 969990 19 0
711 710867 19 702 19 0
712 938262 19 817905 18 0
713 441074 19 945219 18 0
714 545230 19 376013 18 0
715 678 19 76960 18 0
716 647104 19 524462 18 0
717 342127 19 411781 18 0
718 181645 19 735 18 0
719 264563 19 550478 18 0
720 348028 19 76645 18 0
721 795109 19 849207 18 0
722 193599 19 785 18 0
723 71626 19 963223 18 0
724 594976 19 329735 18 0
725 957670 19 803 18 0
726 578406 19 139080 18 0
727 671 19 899892 18 0
728 512347 19 749926 18 0
729 881870 19 259548 18 0
730 676 19 857436 18 0
731 417240 18 424072 18 0
732 424072 18 770 18 0
733 954610 18 806 18 0
734 833141 18 806567 18 0
735 200000 18 748124 18 0
736 899892 18 562655 18 0
737 25990 18 763715 18 0
738 423369 18 126428 18 0
739 770 18 763 18 0
740 41539 18 47900 18 0
741 424207 18 701962 18 0
742 817905 18 768371 18 0
743 789031 18 44427 18 0
744 452345 18 885278 18 0
745 498009 18 667622 18 0
746 655068 18 963394 18 0
747 971070 18 734 18 0
748 126428 18 353066 18 0
749 813 18 904232 18 0
750 811 18 746162 18 0
751 746162 18 792 18 0
752 612051 18 851703 18 0
753 806 18 832557 18 0
754 329735 18 204101 18 0
755 785 18 888327 18 0
756 728360 18 921670 18 0
757 803 18 59980 18 0
758 76960 18 25990 18 0
759 59980 18 731098 18 0
760 748124 18 518535 18 0
761 851703 18 920988 18 0
762 570706 18 655068 18 0
763 792 18 28031 18 0
764 931672 18 221743 18 0
765 849207 18 375534 18 0
766 888327 18 74625 18 0
767 411781 18 931672 18 0
768 364512 18 364512 18 1
769 735 18 722 18 0
770 734 18 438454 18 0
771 943120 18 424207 18 0
772 44427 18 141279 18 0
773 732 18 833141 18 0
774 707100 18 594976 18 0
775 47355 18 753 18 0
776 47900 18 160441 18 0
777 336021 18 393199 18 0
778 667622 18 612051 18 0
779 737 18 907422 18 0
780 28031 18 200000 18 0
781 695399 18 881870 18 0
782 963223 18 813 18 0
783 600301 18 164761 18 0
784 353066 18 237014 18 0
785 963394 18 452345 18 0
786 763 18 498009 18 0
787 221743 18 907798 18 0
788 806567 18 759 18 0
789 518535 18 625747 17 0
790 907422 18 913 17 0
791 259548 18 406391 17 0
792 763715 18 821 17 0
793 237014 18 732 17 0
794 285758 18 23570 17 0
795 139080 18 940946 17 0
796 759 18 789031 17 0
797 834703 18 520811 17 0
798 701962 18 47355 17 0
799 857436 18 277306 17 0
800 67803 18 700865 17 0
801 274913 18 934569 17 0
802 749926 18 57258 17 0
803 753 18 570706 17 0
804 907798 18 411782 17 0
805 749 18 707100 17 0
806 524462 18 549853 17 0
807 794032 18 954610 17 0
808 160441 18 809374 17 0
809 164761 18 198708 17 0
810 581207 18 563418 17 0
811 393199 18 728360 17 0
812 731098 18 587096 17 0
813 921670 18 328277 17 0
814 376013 18 943120 17 0
815 141279 18 542180 17 0
816 307263 18 581207 17 0
817 657096 17 585353 17 0
818 601327 17 811 17 0
819 700865 17 606685 17 0
820 862 17 602699 17 0
821 45182 17 259348 17 0
822 549853 17 951940 17 0
823 859 17 304755 17 0
824 935336 17 602494 17 0
825 929031 17 854288 17 0
826 304755 17 624716 17 0
827 353403 17 540446 17 0
828 174168 17 845 17 0
829 913 17 174168 17 0
830 902 17 307385 17 0
831 43513 17 828344 17 0
832 905 17 601327 17 0
833 933694 17 168968 17 0
834 906 17 307263 17 0
835 658814 17 264237 17 0
836 833250 17 971070 17 0
837 834849 17 647231 17 0
838 563418 17 859 17 0
839 214896 17 834703 17 0
840 585353 17 745222 17 0
841 832319 17 214896 17 0
842 881 17 765684 17 0
843 309635 17 835 17 0
844 824513 17 958149 17 0
845 831709 17 423369 17 0
846 304195 17 285758 17 0
847 198708 17 41539 17 0
848 879 17 440467 17 0
849 209879 17 737 17 0
850 188591 17 831709 17 0
851 23570 17 353403 17 0
852 307385 17 732212 17 0
853 373076 17 96926 17 0
854 934569 17 832319 17 0
855 587096 17 568450 17 0
856 96926 17 600301 17 0
857 745222 17 905 17 0
858 958149 17 188591 17 0
859 896724 17 933694 17 0
860 277306 17 373076 17 0
861 412313 17 658814 17 0
862 411782 17 749 17 0
863 166121 17 309635 17 0
864 257701 17 872763 17 0
865 568450 17 412313 17 0
866 322429 17 45182 17 0
867 809374 17 31667 17 0
868 606685 17 879 17 0
869 168968 17 935336 17 0
870 540446 17 713734 17 0
871 284081 17 278561 17 0
872 647231 17 222777 17 0
873 406391 17 581081 17 0
874 172076 17 41913 17 0
875 405666 17 834849 17 0
876 338674 17 687525 17 0
877 732212 17 862 17 0
878 405182 17 284081 17 0
879 604783 17 67803 17 0
880 539962 17 794032 17 0
881 765684 17 906 17 0
882 581081 17 274913 17 0
883 854288 17 336021 17 0
884 419443 17 304195 17 0
885 488136 17 826 17 0
886 687525 17 209879 17 0
887 327123 17 166121 17 0
888 542180 17 405182 17 0
889 625747 17 419443 17 0
890 278561 17 838083 16 0
891 328277 17 896724 16 0
892 951940 17 1040 16 0
893 317229 17 902 16 0
894 624716 17 702933 16 0
895 31667 17 802879 16 0
896 264237 17 23641 16 0
897 845 17 43513 16 0
898 872763 17 604783 16 0
899 417721 17 106837 16 0
900 262627 17 1018 16 0
901 272888 17 405666 16 0
902 544247 17 262207 16 0
903 440467 17 881669 16 0
904 713734 17 654649 16 0
905 520811 17 681201 16 0
906 57258 17 579633 16 0
907 57244 17 731388 16 0
908 259348 17 623022 16 0
909 579633 17 561574 16 0
910 401173 17 483492 16 0
911 940946 17 765801 16 0
912 826 17 791326 16 0
913 602494 17 759814 16 0
914 835 17 1031 16 0
915 601889 17 88509 16 0
916 602699 17 949298 16 0
917 821 17 745858 16 0
918 844 17 809964 16 0
919 978000 16 317229 16 0
920 203729 16 640071 16 0
921 534934 16 883332 16 0
922 386431 16 1010 16 0
923 295832 16 238806 16 0
924 281572 16 172076 16 0
925 1028 16 537573 16 0
926 498173 16 79414 16 0
927 1031 16 327348 16 0
928 1018 16 1074 16 0
929 1033 16 140405 16 0
930 67323 16 746033 16 0
931 307741 16 601889 16 0
932 140405 16 498173 16 0
933 621602 16 135262 16 0
934 571152 16 945 16 0
935 537573 16 401173 16 0
936 829814 16 539962 16 0
937 276203 16 384266 16 0
938 731388 16 808007 16 0
939 809964 16 226913 16 0
940 909150 16 661547 16 0
941 829912 16 845502 16 0
942 1003 16 448668 16 0
943 817688 16 276203 16 0
944 993381 16 1017 16 0
945 72198 16 919 16 0
946 728529 16 824513 16 0
947 1010 16 534934 16 0
948 224768 16 281699 16 0
949 688813 16 1033 16 0
950 838083 16 272888 16 0
951 458115 16 63684 16 0
952 1017 16 417240 16 0
953 684365 16 227090 16 0
954 561574 16 686521 16 0
955 846748 16 1028 16 0
956 384266 16 846748 16 0
957 448668 16 638196 16 0
958 1074 16 603029 16 0
959 759814 16 829912 16 0
960 686521 16 687552 16 0
961 211787 16 947 16 0
962 990723 16 657096 16 0
963 609575 16 734933 16 0
964 654649 16 844 16 0
965 640071 16 220266 16 0
966 510339 16 656712 16 0
967 681201 16 320604 16 0
968 59140 16 1003 16 0
969 623022 16 34733 16 0
970 323446 16 72198 16 0
971 1924 16 990723 16 0
972 638196 16 368180 16 0
973 262207 16 881 16 0
974 808007 16 688813 16 0
975 1041 16 322429 16 0
976 653814 16 829329 16 0
977 1006 16 631937 16 0
978 232502 16 1041 16 0
979 281699 16 59140 16 0
980 368180 16 510339 16 0
981 264055 16 417721 16 0
982 319254 16 708130 16 0
983 1040 16 57244 16 0
984 754414 16 388490 16 0
985 11754 16 386431 16 0
986 348309 16 940090 16 0
987 363969 16 209235 16 0
988 59697 16 728529 16 0
989 949298 16 929031 16 0
990 223638 16 861218 16 0
991 272193 16 224768 16 0
992 226913 16 833250 16 0
993 603029 16 964 16 0
994 734933 16 11754 16 0
995 746033 16 754414 16 0
996 687552 16 544247 16 0
997 964 16 932168 16 0
998 230268 16 327123 16 0
999 962 16 281572 16 0
1000 9123 16 817688 16 0
1001 883332 16 627283 16 0
1002 327348 16 363969 16 0
1003 661547 16 338674 16 0
1004 932168 16 571152 16 0
1005 246366 16 609575 16 0
1006 881669 16 488136 16 0
1007 106837 16 295832 16 0
1008 227090 16 962 16 0
1009 656712 16 230268 16 0
1010 702933 16 176658 16 0
1011 947 16 978000 16 0
1012 945 16 59697 16 0
1013 488596 16 67323 16 0
1014 802879 16 458115 16 0
1015 34733 16 257701 16 0
1016 320604 16 9123 16 0
1017 708130 16 670257 15 0
1018 238806 16 933324 15 0
1019 63684 16 470089 15 0
1020 765801 16 856260 15 0
1021 23641 16 272193 15 0
1022 937 16 825636 15 0
1023 940090 16 469644 15 0
1024 627283 16 311747 15 0
1025 602074 16 203729 15 0
1026 135262 16 581216 15 0
1027 483492 16 429088 15 0
1028 88509 16 375165 15 0
1029 861218 16 1006 15 0
1030 829329 16 659009 15 0
1031 631937 16 653814 15 0
1032 388490 16 559046 15 0
1033 919 16 487364 15 0
1034 220266 16 1045 15 0
1035 79414 16 668409 15 0
1036 745858 16 319254 15 0
1037 791326 16 297560 15 0
1038 209235 16 509309 15 0
1039 990 16 861236 15 0
1040 845502 16 617569 15 0
1041 176658 16 1150 15 0
1042 889048 15 30758 15 0
1043 98173 15 203935 15 0
1044 696721 15 712234 15 0
1045 301289 15 550084 15 0
1046 974541 15 634791 15 0
1047 673762 15 168303 15 0
1048 539068 15 850601 15 0
1049 66490 15 1169 15 0
1050 825636 15 204670 15 0
1051 1123 15 1052 15 0
1052 121184 15 364822 15 0
1053 88612 15 829814 15 0
1054 1122 15 595017 15 0
1055 670257 15 549380 15 0
1056 523800 15 1049 15 0
1057 429088 15 516357 15 0
1058 777078 15 928620 15 0
1059 417612 15 211787 15 0
1060 762390 15 696721 15 0
1061 417690 15 11972 15 0
1062 1140 15 468821 15 0
1063 236592 15 909150 15 0
1064 297560 15 301289 15 0
1065 1068 15 600253 15 0
1066 271072 15 695399 15 0
1067 886544 15 1080 15 0
1068 306292 15 886544 15 0
1069 217929 15 993381 15 0
1070 613735 15 514199 15 0
1071 267969 15 223638 15 0
1072 203935 15 217929 15 0
1073 634791 15 598308 15 0
1074 182653 15 1924 15 0
1075 425994 15 737009 15 0
1076 487364 15 271072 15 0
1077 12807 15 34548 15 0
1078 877504 15 80759 15 0
1079 550084 15 1076 15 0
1080 204670 15 323446 15 0
1081 445288 15 567655 15 0
1082 1169 15 264055 15 0
1083 483271 15 539068 15 0
1084 100268 15 602074 15 0
1085 432072 15 18779 15 0
1086 559046 15 246366 15 0
1087 2923 15 970670 15 0
1088 446842 15 787927 15 0
1089 928620 15 1084 15 0
1090 1133 15 613735 15 0
1091 931620 15 1122 15 0
1092 850601 15 74534 15 0
1093 1126 15 131052 15 0
1094 928499 15 88612 15 0
1095 514199 15 985352 15 0
1096 595017 15 1123 15 0
1097 375165 15 720865 15 0
1098 443692 15 545199 15 0
1099 720865 15 838692 15 0
1100 1149 15 391492 15 0
1101 1150 15 394015 15 0
1102 74534 15 928499 15 0
1103 787927 15 98173 15 0
1104 530323 15 735449 15 0
1105 861236 15 480007 15 0
1106 469644 15 513170 15 0
1107 567655 15 100268 15 0
1108 516025 15 673762 15 0
1109 364822 15 319920 15 0
1110 470089 15 1126 15 0
1111 845694 15 118810 15 0
1112 131052 15 348309 15 0
1113 168303 15 432072 15 0
1114 194731 15 232502 15 0
1115 970670 15 120321 15 0
1116 659009 15 2923 15 0
1117 838692 15 914184 15 0
1118 1100 15 551148 15 0
1119 513170 15 290310 15 0
1120 545199 15 417690 15 0
1121 617569 15 247861 15 0
1122 598308 15 133060 15 0
1123 985352 15 306292 15 0
1124 653693 15 236592 15 0
1125 515677 15 937 15 0
1126 801718 15 990 15 0
1127 777 15 912610 15 0
1128 403083 15 445288 15 0
1129 133060 15 1133 15 0
1130 311747 15 561147 15 0
1131 480007 15 603957 15 0
1132 275792 15 801718 15 0
1133 581216 15 1149 15 0
1134 290310 15 163437 15 0
1135 724353 15 766352 15 0
1136 603957 15 684365 15 0
1137 927518 15 416060 15 0
1138 600253 15 275792 15 0
1139 914184 15 307353 15 0
1140 555550 15 488596 15 0
1141 247861 15 163464 15 0
1142 856260 15 1078 15 0
1143 912610 15 516025 15 0
1144 391492 15 974541 15 0
1145 341295 15 724353 15 0
1146 933324 15 779541 15 0
1147 113928 15 341295 15 0
1148 299198 15 113928 15 0
1149 735449 15 262627 15 0
1150 536069 15 1068 15 0
1151 34548 15 12807 15 0
1152 766352 15 555550 15 0
1153 516357 15 267969 15 0
1154 307353 15 621602 15 0
1155 1052 15 121184 15 0
1156 1080 15 877504 15 0
1157 30758 15 588671 14 0
1158 891587 15 1192 14 0
1159 416060 15 889048 14 0
1160 549380 15 446842 14 0
1161 120321 15 210273 14 0
1162 319920 15 12570 14 0
1163 737009 15 1258 14 0
1164 668409 15 523800 14 0
1165 1084 15 533639 14 0
1166 1082 15 129919 14 0
1167 801348 15 1282 14 0
1168 779541 15 892377 14 0
1169 1076 15 1353 14 0
1170 227464 15 669679 14 0
1171 11972 15 483271 14 0
1172 639935 15 840360 14 0
1173 1045 15 521895 14 0
1174 845919 15 314976 14 0
1175 509309 15 820161 14 0
1176 928940 15 959376 14 0
1177 394015 15 599666 14 0
1178 468821 15 42825 14 0
1179 739484 15 272280 14 0
1180 163437 15 233967 14 0
1181 712234 15 227464 14 0
1182 80759 15 135209 14 0
1183 118810 15 294583 14 0
1184 18779 15 851840 14 0
1185 163464 15 708822 14 0
1186 1049 15 409062 14 0
1187 561147 15 69627 14 0
1188 1078 15 613883 14 0
1189 551148 15 190034 14 0
1190 888231 14 937573 14 0
1191 272280 14 1274 14 0
1192 1346 14 1140 14 0
1193 94331 14 25091 14 0
1194 69627 14 1202 14 0
1195 726223 14 159578 14 0
1196 898337 14 1082 14 0
1197 626652 14 602314 14 0
1198 820161 14 169460 14 0
1199 129919 14 262356 14 0
1200 1333 14 66490 14 0
1201 233967 14 175258 14 0
1202 899476 14 762738 14 0
1203 132452 14 776892 14 0
1204 620737 14 858434 14 0
1205 431738 14 230227 14 0
1206 1363 14 417612 14 0
1207 39450 14 94331 14 0
1208 1341 14 927814 14 0
1209 765269 14 1269 14 0
1210 210273 14 970443 14 0
1211 892377 14 194731 14 0
1212 970443 14 123877 14 0
1213 998563 14 117005 14 0
1214 725374 14 626652 14 0
1215 11075 14 946083 14 0
1216 946083 14 708226 14 0
1217 135209 14 912874 14 0
1218 927814 14 381093 14 0
1219 899374 14 425994 14 0
1220 618155 14 1346 14 0
1221 485840 14 200122 14 0
1222 680556 14 699606 14 0
1223 12570 14 891587 14 0
1224 1353 14 156549 14 0
1225 29065 14 1272 14 0
1226 840360 14 813352 14 0
1227 496055 14 981119 14 0
1228 851840 14 838573 14 0
1229 190034 14 292493 14 0
1230 858368 14 795909 14 0
1231 599666 14 1200 14 0
1232 858434 14 178079 14 0
1233 708822 14 150301 14 0
1234 605864 14 515677 14 0
1235 390223 14 390223 14 1
1236 663164 14 931620 14 0
1237 861246 14 845694 14 0
1238 981119 14 343380 14 0
1239 388850 14 693124 14 0
1240 708226 14 607431 14 0
1241 169460 14 927518 14 0
1242 409062 14 496055 14 0
1243 117005 14 17263 14 0
1244 607431 14 1225 14 0
1245 167069 14 29065 14 0
1246 838573 14 772262 14 0
1247 782162 14 80844 14 0
1248 864546 14 368372 14 0
1249 607796 14 14388 14 0
1250 117826 14 449828 14 0
1251 25091 14 1201 14 0
1252 196700 14 663164 14 0
1253 178079 14 899476 14 0
1254 397228 14 11075 14 0
1255 343380 14 536868 14 0
1256 602314 14 381249 14 0
1257 479453 14 928940 14 0
1258 50473 14 182653 14 0
1259 289635 14 929892 14 0
1260 788557 14 607796 14 0
1261 499371 14 380152 14 0
1262 187278 14 1100 14 0
1263 653527 14 299198 14 0
1264 247598 14 835870 14 0
1265 21509 14 533614 14 0
1266 449828 14 899374 14 0
1267 546601 14 247598 14 0
1268 659670 14 464126 14 0
1269 401540 14 289635 14 0
1270 344461 14 659670 14 0
1271 536868 14 845919 14 0
1272 855413 14 530323 14 0
1273 176469 14 620737 14 0
1274 176451 14 344461 14 0
1275 566122 14 613653 14 0
1276 912874 14 21509 14 0
1277 959376 14 653527 14 0
1278 175258 14 167069 14 0
1279 123877 14 684514 14 0
1280 491645 14 805677 14 0
1281 42825 14 672175 14 0
1282 776892 14 638823 14 0
1283 381249 14 762390 14 0
1284 636682 14 888231 14 0
1285 156549 14 1341 14 0
1286 381093 14 641337 14 0
1287 419134 14 536069 14 0
1288 728816 14 639935 14 0
1289 521895 14 225003 14 0
1290 122812 14 1307 14 0
1291 923091 14 726223 14 0
1292 380152 14 16918 14 0
1293 759631 14 630062 14 0
1294 672175 14 479453 14 0
1295 464126 14 81185 14 0
1296 150301 14 1278 14 0
1297 613653 14 861246 14 0
1298 294583 14 176469 14 0
1299 14388 14 807979 14 0
1300 630062 14 788557 14 0
1301 443712 14 80654 14 0
1302 613883 14 122812 14 0
1303 772262 14 491645 14 0
1304 376854 14 307741 14 0
1305 64532 14 159821 14 0
1306 81185 14 368012 14 0
1307 80654 14 801348 14 0
1308 292493 14 39450 14 0
1309 641337 14 553498 14 0
1310 80844 14 782162 14 0
1311 736983 14 431738 14 0
1312 835870 14 388850 14 0
1313 314976 14 741154 14 0
1314 119707 14 1242 14 0
1315 102185 14 930914 14 0
1316 937573 14 397228 14 0
1317 795909 14 618155 14 0
1318 348655 14 176451 14 0
1319 762738 14 283020 14 0
1320 283020 14 1215 14 0
1321 159821 14 419134 14 0
1322 699606 14 653693 14 0
1323 638823 14 736983 14 0
1324 17263 14 1311 14 0
1325 159578 14 871125 14 0
1326 871125 14 1228 14 0
1327 200122 14 759631 14 0
1328 262356 14 443692 14 0
1329 16918 14 223268 14 0
1330 669679 14 132452 14 0
1331 905242 14 739484 14 0
1332 744571 14 855413 14 0
1333 230227 14 1236 14 0
1334 1282 14 842843 13 0
1335 930914 14 870435 13 0
1336 223268 14 761237 13 0
1337 1200 14 481538 13 0
1338 225003 14 1429 13 0
1339 813352 14 286175 13 0
1340 1201 14 504510 13 0
1341 693124 14 923690 13 0
1342 1202 14 388382 13 0
1343 1269 14 1582 13 0
1344 1215 14 616979 13 0
1345 1242 14 52676 13 0
1346 1212 14 303415 13 0
1347 368372 14 542812 13 0
1348 1278 14 94839 13 0
1349 1311 14 451679 13 0
1350 533639 14 993883 13 0
1351 1272 14 557243 13 0
1352 1258 14 656695 13 0
1353 1192 14 150619 13 0
1354 553498 14 553079 13 0
1355 533614 14 902131 13 0
1356 805677 14 704651 13 0
1357 741154 14 403083 13 0
1358 1225 14 117826 13 0
1359 368012 14 998563 13 0
1360 1266 14 743611 13 0
1361 1307 14 380283 13 0
1362 807979 14 98587 13 0
1363 1221 14 770963 13 0
1364 1228 14 850502 13 0
1365 929892 14 725374 13 0
1366 88569 14 131287 13 0
1367 1236 14 1333 13 0
1368 361753 14 1381 13 0
1369 1274 14 852858 13 0
1370 684514 14 582522 13 0
1371 588671 14 893581 13 0
1372 1315 14 418002 13 0
1373 221447 13 64532 13 0
1374 637806 13 473134 13 0
1375 311393 13 1212 13 0
1376 439014 13 376854 13 0
1377 852858 13 196700 13 0
1378 146541 13 493996 13 0
1379 881568 13 135308 13 0
1380 182571 13 329452 13 0
1381 447124 13 657252 13 0
1382 508681 13 947166 13 0
1383 954153 13 705476 13 0
1384 700663 13 485840 13 0
1385 94839 13 566122 13 0
1386 532864 13 95354 13 0
1387 418002 13 102461 13 0
1388 1582 13 893243 13 0
1389 180567 13 559453 13 0
1390 250694 13 780555 13 0
1391 597968 13 881568 13 0
1392 940896 13 331221 13 0
1393 759564 13 309469 13 0
1394 893243 13 119707 13 0
1395 1586 13 552835 13 0
1396 146655 13 632405 13 0
1397 980166 13 744571 13 0
1398 1539 13 443712 13 0
1399 750108 13 1392 13 0
1400 83824 13 807116 13 0
1401 893581 13 1315 13 0
1402 1534 13 597968 13 0
1403 699813 13 507293 13 0
1404 603882 13 1363 13 0
1405 934712 13 669092 13 0
1406 870435 13 515683 13 0
1407 287364 13 499371 13 0
1408 199534 13 439014 13 0
1409 743120 13 1550 13 0
1410 883976 13 905242 13 0
1411 1516 13 250694 13 0
1412 64225 13 824574 13 0
1413 713896 13 976770 13 0
1414 312131 13 777078 13 0
1415 415670 13 255538 13 0
1416 527613 13 1586 13 0
1417 197656 13 995142 13 0
1418 1570 13 1422 13 0
1419 491933 13 38702 13 0
1420 197876 13 543235 13 0
1421 131854 13 1266 13 0
1422 102461 13 148605 13 0
1423 993883 13 163749 13 0
1424 853797 13 699813 13 0
1425 960370 13 97226 13 0
1426 362334 13 636682 13 0
1427 401423 13 992824 13 0
1428 1553 13 527613 13 0
1429 303415 13 731293 13 0
1430 1550 13 146541 13 0
1431 992824 13 323762 13 0
1432 997376 13 1221 13 0
1433 729634 13 50473 13 0
1434 632405 13 136955 13 0
1435 345391 13 759564 13 0
1436 473134 13 99084 13 0
1437 542812 13 750108 13 0
1438 38702 13 64882 13 0
1439 661729 13 105012 13 0
1440 878409 13 1570 13 0
1441 61799 13 328026 13 0
1442 658112 13 150505 13 0
1443 420391 13 661729 13 0
1444 543235 13 516538 13 0
1445 742393 13 729634 13 0
1446 728103 13 293770 13 0
1447 743623 13 512298 13 0
1448 150619 13 334513 13 0
1449 245740 13 488258 13 0
1450 150505 13 887445 13 0
1451 373025 13 1389 13 0
1452 761237 13 102185 13 0
1453 317016 13 1442 13 0
1454 309469 13 546601 13 0
1455 344518 13 498908 13 0
1456 274745 13 816104 13 0
1457 131287 13 287364 13 0
1458 135308 13 841148 13 0
1459 329452 13 1539 13 0
1460 246920 13 595403 13 0
1461 582522 13 245740 13 0
1462 816104 13 1516 13 0
1463 498908 13 954153 13 0
1464 95354 13 680556 13 0
1465 107645 13 695817 13 0
1466 23654 13 197876 13 0
1467 764456 13 187278 13 0
1468 918151 13 923091 13 0
1469 659122 13 927404 13 0
1470 516538 13 663291 13 0
1471 842843 13 578732 13 0
1472 553079 13 195859 13 0
1473 183149 13 671132 13 0
1474 531831 13 182571 13 0
1475 479190 13 183149 13 0
1476 419055 13 971953 13 0
1477 148605 13 447124 13 0
1478 578732 13 764456 13 0
1479 159618 13 700663 13 0
1480 331221 13 529511 13 0
1481 705476 13 558399 13 0
1482 80083 13 1496 13 0
1483 804085 13 665080 13 0
1484 725510 13 724472 13 0
1485 534358 13 131854 13 0
1486 655307 13 434968 13 0
1487 850502 13 605864 13 0
1488 529511 13 858368 13 0
1489 665080 13 743120 13 0
1490 515683 13 885710 13 0
1491 263934 13 648056 13 0
1492 62039 13 817543 13 0
1493 657252 13 317016 13 0
1494 841148 13 404702 13 0
1495 704651 13 180567 13 0
1496 743611 13 637806 13 0
1497 656695 13 728816 13 0
1498 902131 13 362334 13 0
1499 79629 13 40272 13 0
1500 195859 13 658112 13 0
1501 105012 13 349367 13 0
1502 663291 13 534358 13 0
1503 751401 13 758374 13 0
1504 244930 13 883976 13 0
1505 388382 13 1534 13 0
1506 951857 13 519769 13 0
1507 557243 13 1401 13 0
1508 328026 13 258872 13 0
1509 413670 13 878409 13 0
1510 504510 13 532864 13 0
1511 1381 13 623921 13 0
1512 595624 13 23654 13 0
1513 648056 13 595624 13 0
1514 334513 13 199534 13 0
1515 862390 13 1486 13 0
1516 451679 13 1553 13 0
1517 1374 13 643961 13 0
1518 286175 13 361753 13 0
1519 1442 13 980166 13 0
1520 323762 13 171832 13 0
1521 758374 13 713896 13 0
1522 37321 13 940896 13 0
1523 995142 13 997376 13 0
1524 286057 13 725510 13 0
1525 87959 13 79629 13 0
1526 824574 13 626201 13 0
1527 168530 13 311393 13 0
1528 376634 13 777 13 0
1529 380283 13 373025 13 0
1530 947166 13 951857 13 0
1531 671132 13 274745 13 0
1532 626201 13 413670 13 0
1533 203252 13 918151 13 0
1534 948887 13 949586 13 0
1535 826571 13 244930 13 0
1536 493996 13 469961 13 0
1537 755981 13 159618 13 0
1538 949586 13 345391 13 0
1539 258872 13 1374 13 0
1540 1401 13 755981 13 0
1541 616979 13 804085 13 0
1542 255538 13 765269 13 0
1543 971953 13 263934 13 0
1544 41542 13 864546 13 0
1545 798503 13 853797 13 0
1546 99084 13 728103 13 0
1547 887445 13 508681 13 0
1548 595403 13 743623 13 0
1549 481538 13 742393 13 0
1550 923690 13 420391 13 0
1551 163749 13 898337 13 0
1552 540071 13 573671 13 0
1553 559453 13 348655 13 0
1554 98587 13 959097 13 0
1555 724472 13 286057 13 0
1556 780555 13 37321 13 0
1557 1422 13 88569 13 0
1558 1392 13 146655 13 0
1559 1389 13 491933 12 0
1560 171832 13 538595 12 0
1561 865775 13 524630 12 0
1562 469961 13 739405 12 0
1563 141688 13 1829 12 0
1564 1429 13 958437 12 0
1565 623921 13 107645 12 0
1566 927404 13 340941 12 0
1567 807116 13 81438 12 0
1568 293770 13 209206 12 0
1569 519769 13 90381 12 0
1570 897411 13 41542 12 0
1571 161556 13 415670 12 0
1572 568418 13 1726 12 0
1573 453946 13 618933 12 0
1574 64882 13 245590 12 0
1575 512298 13 472582 12 0
1576 695817 13 313006 12 0
1577 573671 13 417845 12 0
1578 40272 13 1750 12 0
1579 488258 13 353382 12 0
1580 1486 13 344518 12 0
1581 1496 13 90326 12 0
1582 349367 13 44438 12 0
1583 643961 13 732574 12 0
1584 552835 13 94157 12 0
1585 274057 13 49295 12 0
1586 507293 13 235103 12 0
1587 434968 13 923424 12 0
1588 669092 13 827584 12 0
1589 767722 13 139016 12 0
1590 52676 13 413208 12 0
1591 976770 13 1825 12 0
1592 770963 13 216769 12 0
1593 558399 13 274255 12 0
1594 97226 13 1800 12 0
1595 959097 13 245417 12 0
1596 928319 13 791839 12 0
1597 731293 13 911897 12 0
1598 136955 13 1874 12 0
1599 404702 13 821834 12 0
1600 817543 13 417887 12 0
1601 885710 13 900122 12 0
1602 71544 12 682082 12 0
1603 1837 12 903943 12 0
1604 139016 12 862073 12 0
1605 935972 12 802712 12 0
1606 621297 12 360735 12 0
1607 97340 12 885751 12 0
1608 33234 12 987768 12 0
1609 188648 12 573096 12 0
1610 188555 12 934712 12 0
1611 209206 12 112664 12 0
1612 963198 12 419055 12 0
1613 1790 12 947904 12 0
1614 1791 12 532328 12 0
1615 613040 12 1775 12 0
1616 361592 12 924008 12 0
1617 660976 12 374344 12 0
1618 1750 12 384943 12 0
1619 14971 12 361592 12 0
1620 763371 12 1632 12 0
1621 889495 12 243588 12 0
1622 946100 12 457091 12 0
1623 433357 12 39595 12 0
1624 1843 12 14971 12 0
1625 751523 12 495811 12 0
1626 542859 12 172932 12 0
1627 1768 12 56124 12 0
1628 791839 12 946100 12 0
1629 572123 12 758884 12 0
1630 235920 12 76483 12 0
1631 361649 12 552396 12 0
1632 1775 12 269948 12 0
1633 524630 12 86748 12 0
1634 662168 12 513028 12 0
1635 1816 12 403700 12 0
1636 1769 12 737788 12 0
1637 827584 12 1684 12 0
1638 245590 12 778653 12 0
1639 768402 12 306003 12 0
1640 377285 12 48370 12 0
1641 1825 12 568418 12 0
1642 1757 12 240071 12 0
1643 376750 12 154767 12 0
1644 464806 12 61799 12 0
1645 1767 12 453946 12 0
1646 752333 12 221447 12 0
1647 1829 12 573678 12 0
1648 309024 12 659941 12 0
1649 379147 12 376750 12 0
1650 1765 12 573870 12 0
1651 735247 12 309024 12 0
1652 1761 12 655307 12 0
1653 826427 12 897411 12 0
1654 128926 12 93355 12 0
1655 245417 12 761955 12 0
1656 1800 12 755695 12 0
1657 384943 12 1790 12 0
1658 3050 12 213054 12 0
1659 950328 12 188555 12 0
1660 937044 12 353366 12 0
1661 318758 12 921783 12 0
1662 573870 12 668975 12 0
1663 739405 12 474371 12 0
1664 374344 12 531831 12 0
1665 39488 12 735247 12 0
1666 737788 12 592151 12 0
1667 218752 12 1603 12 0
1668 240520 12 862390 12 0
1669 999164 12 697947 12 0
1670 488818 12 18735 12 0
1671 360735 12 80083 12 0
1672 885751 12 845939 12 0
1673 42412 12 580379 12 0
1674 670880 12 62039 12 0
1675 687657 12 584863 12 0
1676 83879 12 136495 12 0
1677 666809 12 953551 12 0
1678 573096 12 865775 12 0
1679 584686 12 342293 12 0
1680 539101 12 481539 12 0
1681 81438 12 362965 12 0
1682 39361 12 1837 12 0
1683 502863 12 433357 12 0
1684 577572 12 1675 12 0
1685 966402 12 301581 12 0
1686 900122 12 895211 12 0
1687 921783 12 133445 12 0
1688 428682 12 165309 12 0
1689 817284 12 791317 12 0
1690 269948 12 438287 12 0
1691 980180 12 310453 12 0
1692 44438 12 542859 12 0
1693 348646 12 1765 12 0
1694 541785 12 1651 12 0
1695 796860 12 464806 12 0
1696 824279 12 479190 12 0
1697 225681 12 120334 12 0
1698 573678 12 470155 12 0
1699 392212 12 1843 12 0
1700 326743 12 173582 12 0
1701 136495 12 1769 12 0
1702 542038 12 39488 12 0
1703 542411 12 188648 12 0
1704 548913 12 1864 12 0
1705 148148 12 417192 12 0
1706 697947 12 768402 12 0
1707 1892 12 255912 12 0
1708 1891 12 734928 12 0
1709 584863 12 1816 12 0
1710 672208 12 444064 12 0
1711 317740 12 71544 12 0
1712 668975 12 482026 12 0
1713 280175 12 887826 12 0
1714 93355 12 274057 12 0
1715 923424 12 687657 12 0
1716 306003 12 970449 12 0
1717 444064 12 113041 12 0
1718 1874 12 541785 12 0
1719 24613 12 225681 12 0
1720 1864 12 252329 12 0
1721 887826 12 666809 12 0
1722 673167 12 1649 12 0
1723 1859 12 39361 12 0
1724 979112 12 745871 12 0
1725 924008 12 824279 12 0
1726 353382 12 401423 12 0
1727 142500 12 673167 12 0
1728 682082 12 714007 12 0
1729 980481 12 83879 12 0
1730 271214 12 250554 12 0
1731 231981 12 603882 12 0
1732 513630 12 928319 12 0
1733 240071 12 538298 12 0
1734 761955 12 321327 12 0
1735 353366 12 1645 12 0
1736 39595 12 173871 12 0
1737 979100 12 789711 12 0
1738 63093 12 1791 12 0
1739 99704 12 660976 12 0
1740 274255 12 966402 12 0
1741 243588 12 519080 12 0
1742 273824 12 1768 12 0
1743 362451 12 141688 12 0
1744 837596 12 99704 12 0
1745 277277 12 670880 12 0
1746 532328 12 479541 12 0
1747 898928 12 166901 12 0
1748 413208 12 536216 12 0
1749 301581 12 273824 12 0
1750 1624 12 784928 12 0
1751 342293 12 83824 12 0
1752 110088 12 316688 12 0
1753 412756 12 110088 12 0
1754 602452 12 277277 12 0
1755 956068 12 131429 12 0
1756 313006 12 540408 12 0
1757 181023 12 377285 12 0
1758 321327 12 613040 12 0
1759 1603 12 662168 12 0
1760 235103 12 812280 12 0
1761 519080 12 179353 12 0
1762 479541 12 361649 12 0
1763 250554 12 1761 12 0
1764 958437 12 20337 12 0
1765 565072 12 64225 12 0
1766 538298 12 458537 12 0
1767 417887 12 162908 12 0
1768 417845 12 837596 12 0
1769 812280 12 889495 12 0
1770 565286 12 348646 12 0
1771 513028 12 318758 12 0
1772 789711 12 963198 12 0
1773 22548 12 63093 12 0
1774 255912 12 542038 12 0
1775 821834 12 1710 12 0
1776 1661 12 798503 12 0
1777 656517 12 231981 12 0
1778 310453 12 603991 12 0
1779 216769 12 948887 12 0
1780 457091 12 33234 12 0
1781 481539 12 502863 12 0
1782 1651 12 56887 12 0
1783 133445 12 218752 12 0
1784 1649 12 410053 12 0
1785 895211 12 240520 12 0
1786 472582 12 339608 12 0
1787 592151 12 1688 12 0
1788 1645 12 183008 12 0
1789 580379 12 539101 12 0
1790 183008 12 898928 12 0
1791 419041 12 59108 12 0
1792 1632 12 751523 12 0
1793 56887 12 903596 12 0
1794 415683 12 392212 12 0
1795 544459 12 148148 12 0
1796 173582 12 937044 12 0
1797 603991 12 980180 12 0
1798 173871 12 317740 12 0
1799 580740 12 412756 12 0
1800 173987 12 97340 12 0
1801 912220 12 161556 12 0
1802 402643 12 22548 12 0
1803 112664 12 580740 12 0
1804 714007 12 203252 12 0
1805 778653 12 1700 12 0
1806 911897 12 912220 12 0
1807 120334 12 401540 12 0
1808 113041 12 817284 12 0
1809 755695 12 954476 12 0
1810 758884 12 620676 12 0
1811 482026 12 752333 12 0
1812 339608 12 656517 12 0
1813 971499 12 796860 12 0
1814 732574 12 168530 12 0
1815 403700 12 488818 12 0
1816 785827 12 960370 12 0
1817 20337 12 1738 12 0
1818 162908 12 659122 12 0
1819 59108 12 312131 12 0
1820 179353 12 763371 12 0
1821 784928 12 929387 12 0
1822 954476 12 826571 12 0
1823 178729 12 544459 12 0
1824 417192 12 271214 12 0
1825 340941 12 542411 12 0
1826 802712 12 362451 12 0
1827 76483 12 956068 12 0
1828 166901 12 1691 12 0
1829 159160 12 785827 12 0
1830 252329 12 1859 12 0
1831 172932 12 335755 12 0
1832 638686 12 781955 12 0
1833 651597 12 173987 12 0
1834 223546 12 826427 12 0
1835 858433 12 4294967295 0 0
1836 495811 12 4294967295 0 0
1837 659941 12 4294967295 0 0
1838 94157 12 4294967295 0 0
1839 929387 12 4294967295 0 0
1840 618933 12 4294967295 0 0
1841 1713 12 4294967295 0 0
1842 845939 12 4294967295 0 0
1843 48370 12 4294967295 0 0
1844 1710 12 4294967295 0 0
1845 947904 12 4294967295 0 0
1846 86748 12 4294967295 0 0
1847 903596 12 4294967295 0 0
1848 131429 12 4294967295 0 0
1849 734710 12 4294967295 0 0
1850 745871 12 4294967295 0 0
1851 540408 12 4294967295 0 0
1852 1700 12 4294967295 0 0
1853 56124 12 4294967295 0 0
1854 1695 12 4294967295 0 0
1855 991885 12 4294967295 0 0
1856 18735 12 4294967295 0 0
1857 1691 12 4294967295 0 0
1858 620676 12 4294967295 0 0
1859 362965 12 4294967295 0 0
1860 1688 12 4294967295 0 0
1861 734928 12 4294967295 0 0
1862 107149 12 4294967295 0 0
1863 791317 12 4294967295 0 0
1864 1738 12 4294967295 0 0
1865 458537 12 4294967295 0 0
1866 410053 12 4294967295 0 0
1867 1735 12 4294967295 0 0
1868 552396 12 4294967295 0 0
1869 213054 12 4294967295 0 0
1870 90381 12 4294967295 0 0
1871 538595 12 4294967295 0 0
1872 970449 12 4294967295 0 0
1873 470155 12 4294967295 0 0
1874 1726 12 4294967295 0 0
1875 90326 12 4294967295 0 0
1876 987768 12 4294967295 0 0
1877 474371 12 4294967295 0 0
1878 438287 12 4294967295 0 0
1879 781955 12 4294967295 0 0
1880 78427 12 4294967295 0 0
1881 316688 12 4294967295 0 0
1882 1675 12 4294967295 0 0
1883 335755 12 4294967295 0 0
1884 165309 12 4294967295 0 0
1885 953551 12 4294967295 0 0
1886 903943 12 4294967295 0 0
1887 154767 12 4294967295 0 0
1888 395636 12 4294967295 0 0
1889 49295 12 4294967295 0 0
1890 1684 12 4294967295 0 0
1891 862073 12 4294967295 0 0
1892 536216 12 4294967295 0 0
1893 698523 11 4294967295 0 0
1894 910305 11 4294967295 0 0
1895 862308 11 4294967295 0 0
1896 475493 11 4294967295 0 0
1897 223571 11 4294967295 0 0
1898 567693 11 4294967295 0 0
1899 202633 11 4294967295 0 0
1900 414138 11 4294967295 0 0
1901 100281 11 4294967295 0 0
1902 590011 11 4294967295 0 0
1903 440649 11 4294967295 0 0
1904 256261 11 4294967295 0 0
1905 2225 11 4294967295 0 0
1906 685349 11 4294967295 0 0
1907 673446 11 4294967295 0 0
1908 670968 11 4294967295 0 0
1909 779760 11 4294967295 0 0
1910 337554 11 4294967295 0 0
1911 255720 11 4294967295 0 0
1912 813460 11 4294967295 0 0
1913 756040 11 4294967295 0 0
1914 568860 11 4294967295 0 0
1915 2258 11 4294967295 0 0
1916 863328 11 4294967295 0 0
1917 92775 11 4294967295 0 0
1918 450558 11 4294967295 0 0
1919 167152 11 4294967295 0 0
1920 70834 11 4294967295 0 0
1921 284846 11 4294967295 0 0
1922 813521 11 4294967295 0 0
1923 488238 11 4294967295 0 0
1924 337342 11 4294967295 0 0
1925 161335 11 4294967295 0 0
1926 857233 11 4294967295 0 0
1927 272439 11 4294967295 0 0
1928 741863 11 4294967295 0 0
1929 532816 11 4294967295 0 0
1930 283396 11 4294967295 0 0
1931 241111 11 4294967295 0 0
1932 899760 11 4294967295 0 0
1933 2204 11 4294967295 0 0
1934 161574 11 4294967295 0 0
1935 2230 11 4294967295 0 0
