29999192 55555 0.000010
0 12880644 20544964 12880644 20531755 1
1 27546843 4319047 27546843 4316203 1
2 9421475 1734533 9421475 1733449 1
3 16985852 907968 16985852 907382 1
4 22381743 549570 22381743 549219 1
5 6601940 364641 6601940 364409 1
6 19167512 257771 19167512 257613 1
7 26082697 190877 26082697 190739 1
8 26349538 146440 26349538 146350 1
9 11920939 115533 11920939 115450 1
10 22928793 93233 22928793 93180 1
11 15931095 76656 15931095 76608 1
12 1737098 64023 1737098 63985 1
13 12709913 54190 12709913 54148 1
14 6899289 46398 6899289 46370 1
15 12822840 40127 12822840 40104 1
16 15555755 35010 15555755 34985 1
17 23762724 30785 23762724 30760 1
18 239425 27259 239425 27240 1
19 10863421 24288 10863421 24276 1
20 23383221 21763 23383221 21751 1
21 9377131 19600 9377131 19592 1
22 26050044 17734 26050044 17726 1
23 22904892 16115 22904892 16103 1
24 19530033 14701 19530033 14693 1
25 11211064 13459 11211064 13446 1
26 17740954 12363 17740954 12352 1
27 5354566 11392 5354566 11386 1
28 16024943 10527 16024943 10523 1
29 11113610 9754 11113610 9748 1
30 30 9060 30 9053 1
31 1082604 8436 1082604 8428 1
32 25065359 7871 25065359 7866 1
33 2588130 7360 2588130 7352 1
34 18986174 6895 18986174 6890 1
35 8649667 6472 8649667 6468 1
36 25514107 6085 25514107 6081 1
37 9868494 5730 9868494 5728 1
38 38 5405 38 5400 1
39 11422549 5106 11422549 5102 1
40 14303177 4830 14303177 4827 1
41 3828462 4575 3828462 4570 1
42 24252872 4339 24252872 4332 1
43 14750655 4120 14750655 4118 1
44 2802450 3917 2802450 3914 1
45 1298001 3728 1298001 3726 1
46 46 3552 46 3551 1
47 47 3388 47 3387 1
48 18681442 3234 18681442 3232 1
49 49 3090 49 3087 1
50 50 2956 50 2954 1
51 6816457 2829 6816457 2828 1
52 52 2711 52 2708 1
53 53 2599 53 2598 1
54 8225765 2494 8225765 2490 1
55 1648295 2395 1648295 2394 1
56 15471384 2301 15471384 2298 1
57 23408397 2213 23408397 2213 1
58 16684339 2130 16684339 2128 1
59 24930477 2051 24930477 2050 1
60 60 1976 60 1976 1
61 2545132 1905 2545132 1905 1
62 20076035 1837 20076035 1835 1
63 3757242 1773 3757242 1772 1
64 4523835 1713 4523835 1710 1
65 12261787 1655 12261787 1654 1
66 26224558 1600 26224558 1599 1
67 3609363 1547 3609363 1546 1
68 21847821 1497 21847821 1496 1
69 16769970 1450 16769970 1450 1
70 2778429 1404 2778429 1404 1
71 17551948 1361 17551948 1360 1
72 72 1319 72 1317 1
73 2542401 1279 2542401 1277 1
74 20538485 1241 20538485 1241 1
75 14983369 1205 14983369 1204 1
76 6410511 1170 6410511 1170 1
77 5962792 1136 5962792 1136 1
78 11856306 1104 11856306 1103 1
79 13323508 1073 13323508 1073 1
80 26768642 1044 26768642 1043 1
81 4130664 1015 4130664 1014 1
82 19816319 988 19816319 988 1
83 16074013 962 16074013 960 1
84 15237081 937 15237081 937 1
85 24750547 912 24750547 911 1
86 29916443 889 29916443 888 1
87 23271831 866 23271831 864 1
88 8390058 844 8390058 843 1
89 8952701 823 8952701 822 1
90 12741616 803 12741616 803 1
91 24591162 784 24591162 784 1
92 3627928 765 3627928 765 1
93 14497818 747 14497818 744 1
94 94 729 94 728 1
95 7209262 712 7209262 711 1
96 96 696 96 696 1
97 97 680 97 679 1
98 760189 665 760189 663 1
99 13257601 650 13257601 648 1
100 14195167 635 14195167 635 1
101 27394373 621 27394373 621 1
102 11764454 608 11764454 608 1
103 29221837 595 29221837 595 1
104 21357780 582 21357780 582 1
105 5040814 570 5040814 570 1
106 3962393 558 3962393 558 1
107 1749327 546 1749327 546 1
108 22477060 535 22477060 533 1
109 8684803 524 8684803 524 1
110 25619535 514 25619535 514 1
111 21080142 503 21080142 503 1
112 25352424 493 25352424 493 1
113 20014391 484 20014391 483 1
114 7925241 474 7925241 474 1
115 28023923 465 28023923 465 1
116 3960631 456 3960631 455 1
117 10963587 448 10963587 448 1
118 28491940 439 28491940 438 1
119 26256108 431 26256108 431 1
120 4704416 423 4704416 423 1
121 7384924 415 7384924 415 1
122 16358088 408 16358088 408 1
123 8550824 400 8550824 400 1
124 16766850 393 16766850 393 1
125 16704178 386 16704178 386 1
126 28748605 379 28748605 379 1
127 3479274 373 3479274 373 1
128 128 366 128 366 1
129 23446078 360 23446078 360 1
130 3940354 354 3940354 354 1
131 13373539 348 13373539 347 1
132 719787 342 719787 342 1
133 22089672 336 22089672 336 1
134 10556052 331 10556052 331 1
135 29610433 325 29610433 325 1
136 136 320 136 320 1
137 137 315 137 315 1
138 138 310 138 310 1
139 15537223 305 15537223 305 1
140 7500276 300 7500276 300 1
141 26392253 295 4294967295 0 0
142 5105201 291 4294967295 0 0
143 14578241 286 4294967295 0 0
144 26757603 282 4294967295 0 0
145 20249505 277 4294967295 0 0
146 2519073 273 4294967295 0 0
147 23642344 269 4294967295 0 0
148 148 265 4294967295 0 0
149 26329406 261 4294967295 0 0
150 26947901 257 4294967295 0 0
151 5781663 253 4294967295 0 0
152 25344244 250 4294967295 0 0
153 153 246 4294967295 0 0
154 8377063 242 4294967295 0 0
155 12266863 239 4294967295 0 0
156 156 235 4294967295 0 0
157 10828741 232 4294967295 0 0
158 10494470 229 4294967295 0 0
159 14974439 226 4294967295 0 0
160 26525176 223 4294967295 0 0
161 28626298 219 4294967295 0 0
162 20171621 216 4294967295 0 0
163 24306644 213 4294967295 0 0
164 6661238 211 4294967295 0 0
165 6701179 208 4294967295 0 0
166 24054367 205 4294967295 0 0
167 6241810 202 4294967295 0 0
168 1165133 200 4294967295 0 0
169 3644547 197 4294967295 0 0
170 170 194 4294967295 0 0
171 171 192 4294967295 0 0
172 172 189 4294967295 0 0
173 173 187 4294967295 0 0
174 4114119 184 4294967295 0 0
175 4886400 182 4294967295 0 0
176 20250036 180 4294967295 0 0
177 8728406 178 4294967295 0 0
178 178 175 4294967295 0 0
179 4508961 173 4294967295 0 0
180 18005736 171 4294967295 0 0
181 8253663 169 4294967295 0 0
182 19425206 167 4294967295 0 0
183 19590502 165 4294967295 0 0
184 22711993 163 4294967295 0 0
185 18624590 161 4294967295 0 0
186 29930297 159 4294967295 0 0
187 4251970 157 4294967295 0 0
188 188 155 4294967295 0 0
189 16016351 153 4294967295 0 0
190 28434083 151 4294967295 0 0
191 20184874 150 4294967295 0 0
192 2765921 148 4294967295 0 0
193 10985552 146 4294967295 0 0
194 13419510 145 4294967295 0 0
195 16185481 143 4294967295 0 0
196 196 141 4294967295 0 0
197 7870173 140 4294967295 0 0
198 26881824 138 4294967295 0 0
199 26053874 137 4294967295 0 0
200 10727682 135 4294967295 0 0
201 5987573 134 4294967295 0 0
202 24359866 132 4294967295 0 0
203 10755321 131 4294967295 0 0
204 21817719 129 4294967295 0 0
205 205 128 4294967295 0 0
206 19821572 126 4294967295 0 0
207 16247166 125 4294967295 0 0
208 9646106 124 4294967295 0 0
209 15359114 122 4294967295 0 0
210 210 121 4294967295 0 0
211 21368233 120 4294967295 0 0
212 21738812 119 4294967295 0 0
213 26509886 117 4294967295 0 0
214 26855632 116 4294967295 0 0
215 246490 115 4294967295 0 0
216 216 114 4294967295 0 0
217 15475682 113 4294967295 0 0
218 28049505 111 4294967295 0 0
219 6737268 110 4294967295 0 0
220 220 109 4294967295 0 0
221 17843088 108 4294967295 0 0
222 14671368 107 4294967295 0 0
223 8167668 106 4294967295 0 0
224 21830191 105 4294967295 0 0
225 225 104 4294967295 0 0
226 22925838 103 4294967295 0 0
227 26424121 102 4294967295 0 0
228 18633729 101 4294967295 0 0
229 22178833 100 4294967295 0 0
230 11914168 99 4294967295 0 0
231 231 98 4294967295 0 0
232 15226415 97 4294967295 0 0
233 5954439 96 4294967295 0 0
234 9964436 95 4294967295 0 0
235 7389618 94 4294967295 0 0
236 10939150 93 4294967295 0 0
237 6784700 92 4294967295 0 0
238 12620193 91 4294967295 0 0
239 29478443 91 4294967295 0 0
240 24982073 90 4294967295 0 0
241 27682258 89 4294967295 0 0
