29999685 55555 0.000010
0 12880644 22363239 12880644 22351651 1
1 27546843 3953299 27546843 3951181 1
2 9421475 1434602 9421475 1433887 1
3 16985852 698851 16985852 698489 1
4 22381743 400046 22381743 399849 1
5 6601940 253604 6601940 253460 1
6 19167512 172500 19167512 172422 1
7 26082697 123541 26082697 123464 1
8 26349538 92030 26349538 91989 1
9 11920939 70719 11920939 70686 1
10 22928793 55725 22928793 55689 1
11 15931095 44831 15931095 44807 1
12 1737098 36701 1737098 36678 1
13 12709913 30494 12709913 30477 1
14 6899289 25663 6899289 25653 1
15 12822840 21839 12822840 21830 1
16 15555755 18768 15555755 18757 1
17 23762724 16269 23762724 16259 1
18 239425 14212 239425 14207 1
19 10863421 12501 10863421 12490 1
20 23383221 11066 23383221 11060 1
21 9377131 9851 9377131 9847 1
22 26050044 8815 26050044 8808 1
23 22904892 7925 22904892 7919 1
24 19530033 7156 19530033 7152 1
25 11211064 6488 11211064 6483 1
26 17740954 5904 17740954 5901 1
27 5354566 5391 5354566 5390 1
28 16024943 4938 16024943 4937 1
29 11113610 4537 11113610 4535 1
30 30 4180 30 4179 1
31 1082604 3861 1082604 3858 1
32 25065359 3575 25065359 3571 1
33 2588130 3318 2588130 3316 1
34 18986174 3086 18986174 3082 1
35 8649667 2876 8649667 2875 1
36 25514107 2686 25514107 2685 1
37 9868494 2512 9868494 2509 1
38 38 2354 38 2352 1
39 11422549 2210 11422549 2208 1
40 14303177 2078 14303177 2077 1
41 3828462 1956 3828462 1955 1
42 24252872 1844 24252872 1842 1
43 14750655 1741 14750655 1741 1
44 2802450 1646 2802450 1646 1
45 1298001 1558 1298001 1557 1
46 46 1477 46 1477 1
47 47 1401 47 1401 1
48 18681442 1331 18681442 1330 1
49 49 1265 49 1263 1
50 50 1204 50 1203 1
51 6816457 1147 6816457 1147 1
52 52 1094 52 1093 1
53 53 1044 53 1043 1
54 8225765 997 8225765 997 1
55 1648295 953 1648295 953 1
56 15471384 912 15471384 912 1
57 23408397 873 23408397 873 1
58 16684339 836 16684339 836 1
59 24930477 802 24930477 801 1
60 60 770 60 770 1
61 2545132 739 2545132 739 1
62 20076035 710 20076035 710 1
63 3757242 682 3757242 681 1
64 4523835 657 4523835 657 1
65 12261787 632 12261787 632 1
66 26224558 609 26224558 608 1
67 3609363 586 3609363 586 1
68 21847821 565 21847821 565 1
69 16769970 545 16769970 544 1
70 2778429 526 2778429 525 1
71 17551948 508 17551948 508 1
72 72 491 72 491 1
73 2542401 475 2542401 474 1
74 20538485 459 20538485 459 1
75 14983369 444 14983369 443 1
76 6410511 430 6410511 429 1
77 5962792 416 5962792 416 1
78 11856306 403 11856306 403 1
79 13323508 391 13323508 391 1
80 26768642 379 26768642 379 1
81 4130664 367 4130664 367 1
82 19816319 356 19816319 356 1
83 16074013 346 16074013 345 1
84 15237081 336 15237081 336 1
85 24750547 326 24750547 326 1
86 29916443 317 29916443 317 1
87 23271831 308 23271831 308 1
88 8390058 299 8390058 299 1
89 8952701 291 4294967295 0 0
90 12741616 283 4294967295 0 0
91 24591162 275 4294967295 0 0
92 3627928 268 4294967295 0 0
93 14497818 261 4294967295 0 0
94 94 254 4294967295 0 0
95 7209262 248 4294967295 0 0
96 96 241 4294967295 0 0
97 97 235 4294967295 0 0
98 760189 229 4294967295 0 0
99 13257601 224 4294967295 0 0
100 14195167 218 4294967295 0 0
101 27394373 213 4294967295 0 0
102 11764454 208 4294967295 0 0
103 29221837 203 4294967295 0 0
104 21357780 198 4294967295 0 0
105 5040814 193 4294967295 0 0
106 3962393 189 4294967295 0 0
107 1749327 184 4294967295 0 0
108 22477060 180 4294967295 0 0
109 8684803 176 4294967295 0 0
110 25619535 172 4294967295 0 0
111 21080142 168 4294967295 0 0
112 25352424 165 4294967295 0 0
113 20014391 161 4294967295 0 0
114 7925241 158 4294967295 0 0
115 28023923 154 4294967295 0 0
116 3960631 151 4294967295 0 0
117 10963587 148 4294967295 0 0
118 28491940 145 4294967295 0 0
119 26256108 142 4294967295 0 0
120 4704416 139 4294967295 0 0
121 7384924 136 4294967295 0 0
122 16358088 133 4294967295 0 0
123 8550824 131 4294967295 0 0
124 16766850 128 4294967295 0 0
125 16704178 125 4294967295 0 0
126 28748605 123 4294967295 0 0
127 3479274 121 4294967295 0 0
128 128 118 4294967295 0 0
129 23446078 116 4294967295 0 0
130 3940354 114 4294967295 0 0
131 13373539 112 4294967295 0 0
132 719787 110 4294967295 0 0
133 22089672 108 4294967295 0 0
134 10556052 106 4294967295 0 0
135 29610433 104 4294967295 0 0
136 136 102 4294967295 0 0
137 137 100 4294967295 0 0
138 138 98 4294967295 0 0
139 15537223 96 4294967295 0 0
140 7500276 95 4294967295 0 0
141 26392253 93 4294967295 0 0
142 5105201 91 4294967295 0 0
143 14578241 90 4294967295 0 0
144 26757603 88 4294967295 0 0
145 20249505 87 4294967295 0 0
146 2519073 85 4294967295 0 0
147 23642344 84 4294967295 0 0
148 148 83 4294967295 0 0
149 26329406 81 4294967295 0 0
150 26947901 80 4294967295 0 0
151 5781663 79 4294967295 0 0
152 25344244 77 4294967295 0 0
153 153 76 4294967295 0 0
154 8377063 75 4294967295 0 0
155 12266863 74 4294967295 0 0
156 156 72 4294967295 0 0
157 10828741 71 4294967295 0 0
158 10494470 70 4294967295 0 0
159 14974439 69 4294967295 0 0
160 26525176 68 4294967295 0 0
161 28626298 67 4294967295 0 0
162 20171621 66 4294967295 0 0
163 24306644 65 4294967295 0 0
164 6661238 64 4294967295 0 0
165 6701179 63 4294967295 0 0
166 24054367 62 4294967295 0 0
167 6241810 61 4294967295 0 0
168 1165133 60 4294967295 0 0
169 3644547 59 4294967295 0 0
170 170 58 4294967295 0 0
171 171 58 4294967295 0 0
172 172 57 4294967295 0 0
173 173 56 4294967295 0 0
174 4114119 55 4294967295 0 0
175 4886400 54 4294967295 0 0
176 20250036 54 4294967295 0 0
177 8728406 53 4294967295 0 0
178 178 52 4294967295 0 0
179 4508961 51 4294967295 0 0
180 18005736 51 4294967295 0 0
181 8253663 50 4294967295 0 0
182 19425206 49 4294967295 0 0
183 19590502 49 4294967295 0 0
184 22711993 48 4294967295 0 0
185 18624590 47 4294967295 0 0
186 29930297 47 4294967295 0 0
187 188 46 4294967295 0 0
188 4251970 46 4294967295 0 0
189 16016351 45 4294967295 0 0
