37008891 55555 0.000010
0 12880644 2739 12880644 2738 1
1 27546843 1937 27546843 1936 1
2 9421475 1581 9421475 1580 1
3 16985852 1369 16985852 1368 1
4 22381743 1225 22381743 1225 1
5 6601940 1118 6601940 1118 1
6 19167512 1035 19167512 1035 1
7 26082697 968 26082697 968 1
8 26349538 913 26349538 912 1
9 11920939 866 11920939 866 1
10 22928793 826 22928793 826 1
11 15931095 791 15931095 791 1
12 1737098 760 1737098 760 1
13 12709913 732 12709913 732 1
14 6899289 707 6899289 707 1
15 12822840 685 12822840 685 1
16 15555755 664 15555755 664 1
17 23762724 646 23762724 645 1
18 239425 628 239425 628 1
19 10863421 612 10863421 612 1
20 23383221 598 23383221 598 1
21 9377131 584 9377131 584 1
22 26050044 571 26050044 571 1
23 22904892 559 22904892 559 1
24 19530033 548 19530033 548 1
25 11211064 537 11211064 537 1
26 17740954 527 17740954 527 1
27 5354566 518 5354566 518 1
28 16024943 509 16024943 509 1
29 11113610 500 11113610 500 1
30 30 492 30 492 1
31 1082604 484 1082604 484 1
32 25065359 477 25065359 477 1
33 2588130 470 2588130 470 1
34 18986174 463 18986174 463 1
35 8649667 456 8649667 456 1
36 25514107 450 25514107 450 1
37 9868494 444 9868494 444 1
38 38 439 38 439 1
39 11422549 433 11422549 433 1
40 14303177 428 14303177 428 1
41 3828462 423 3828462 422 1
42 24252872 418 24252872 418 1
43 14750655 413 14750655 412 1
44 2802450 408 2802450 408 1
45 1298001 404 1298001 404 1
46 46 400 46 400 1
47 47 395 47 395 1
48 18681442 391 18681442 390 1
49 49 387 49 387 1
50 50 384 50 384 1
51 6816457 380 6816457 380 1
52 52 376 52 376 1
53 53 373 53 373 1
54 8225765 369 4294967295 0 0
55 1648295 366 4294967295 0 0
56 15471384 363 4294967295 0 0
57 23408397 360 4294967295 0 0
58 16684339 357 4294967295 0 0
59 24930477 354 4294967295 0 0
60 60 351 4294967295 0 0
61 2545132 348 4294967295 0 0
62 20076035 345 4294967295 0 0
63 3757242 342 4294967295 0 0
64 4523835 340 4294967295 0 0
65 12261787 337 4294967295 0 0
66 26224558 335 4294967295 0 0
67 3609363 332 4294967295 0 0
68 21847821 330 4294967295 0 0
69 16769970 327 4294967295 0 0
70 2778429 325 4294967295 0 0
71 17551948 323 4294967295 0 0
72 72 321 4294967295 0 0
73 2542401 318 4294967295 0 0
74 20538485 316 4294967295 0 0
75 14983369 314 4294967295 0 0
76 6410511 312 4294967295 0 0
77 5962792 310 4294967295 0 0
78 11856306 308 4294967295 0 0
79 13323508 306 4294967295 0 0
80 26768642 304 4294967295 0 0
81 4130664 302 4294967295 0 0
82 19816319 301 4294967295 0 0
83 16074013 299 4294967295 0 0
84 15237081 297 4294967295 0 0
85 24750547 295 4294967295 0 0
86 29916443 294 4294967295 0 0
87 23271831 292 4294967295 0 0
88 8390058 290 4294967295 0 0
89 8952701 289 4294967295 0 0
90 12741616 287 4294967295 0 0
91 24591162 286 4294967295 0 0
92 3627928 284 4294967295 0 0
93 14497818 283 4294967295 0 0
94 94 281 4294967295 0 0
95 7209262 280 4294967295 0 0
96 96 278 4294967295 0 0
97 97 277 4294967295 0 0
98 760189 275 4294967295 0 0
99 13257601 274 4294967295 0 0
100 14195167 273 4294967295 0 0
101 27394373 271 4294967295 0 0
102 11764454 270 4294967295 0 0
103 29221837 269 4294967295 0 0
104 21357780 267 4294967295 0 0
105 5040814 266 4294967295 0 0
106 3962393 265 4294967295 0 0
107 1749327 264 4294967295 0 0
108 22477060 262 4294967295 0 0
109 8684803 261 4294967295 0 0
110 25619535 260 4294967295 0 0
111 21080142 259 4294967295 0 0
112 25352424 258 4294967295 0 0
113 20014391 257 4294967295 0 0
114 7925241 255 4294967295 0 0
115 28023923 254 4294967295 0 0
116 3960631 253 4294967295 0 0
117 10963587 252 4294967295 0 0
118 28491940 251 4294967295 0 0
119 26256108 250 4294967295 0 0
120 4704416 249 4294967295 0 0
121 7384924 248 4294967295 0 0
122 16358088 247 4294967295 0 0
123 8550824 246 4294967295 0 0
124 16766850 245 4294967295 0 0
125 16704178 244 4294967295 0 0
126 28748605 243 4294967295 0 0
127 3479274 242 4294967295 0 0
128 128 241 4294967295 0 0
129 23446078 240 4294967295 0 0
130 3940354 239 4294967295 0 0
131 13373539 238 4294967295 0 0
132 719787 237 4294967295 0 0
133 22089672 237 4294967295 0 0
134 10556052 236 4294967295 0 0
135 29610433 235 4294967295 0 0
136 136 234 4294967295 0 0
137 137 233 4294967295 0 0
138 138 232 4294967295 0 0
139 15537223 231 4294967295 0 0
140 7500276 231 4294967295 0 0
141 26392253 230 4294967295 0 0
142 5105201 229 4294967295 0 0
143 14578241 228 4294967295 0 0
144 26757603 227 4294967295 0 0
145 20249505 227 4294967295 0 0
146 2519073 226 4294967295 0 0
147 23642344 225 4294967295 0 0
148 26329406 224 4294967295 0 0
149 148 224 4294967295 0 0
150 26947901 223 4294967295 0 0
151 5781663 222 4294967295 0 0
152 25344244 221 4294967295 0 0
153 153 221 4294967295 0 0
154 8377063 220 4294967295 0 0
