29997425 55555 0.000010
0 12880644 18237813 12880644 18226680 1
1 27546843 4559453 27546843 4556695 1
2 9421475 2026424 9421475 2025176 1
3 16985852 1139863 16985852 1139210 1
4 22381743 729513 22381743 729095 1
5 6601940 506606 6601940 506314 1
6 19167512 372200 19167512 371969 1
7 26082697 284966 26082697 284801 1
8 26349538 225158 26349538 225021 1
9 11920939 182378 11920939 182269 1
10 22928793 150726 22928793 150636 1
11 15931095 126651 15931095 126572 1
12 1737098 107916 1737098 107857 1
13 12709913 93050 12709913 92997 1
14 6899289 81057 6899289 81009 1
15 12822840 71241 12822840 71202 1
16 15555755 63107 15555755 63061 1
17 23762724 56290 23762724 56256 1
18 239425 50520 239425 50485 1
19 10863421 45595 10863421 45570 1
20 23383221 41356 23383221 41325 1
21 9377131 37681 9377131 37653 1
22 26050044 34476 26050044 34462 1
23 22904892 31663 22904892 31646 1
24 19530033 29181 19530033 29162 1
25 11211064 26979 11211064 26963 1
26 17740954 25018 17740954 25006 1
27 5354566 23263 5354566 23251 1
28 16024943 21686 16024943 21679 1
29 11113610 20264 11113610 20254 1
30 30 18978 30 18970 1
31 1082604 17810 1082604 17795 1
32 25065359 16747 25065359 16739 1
33 2588130 15777 2588130 15771 1
34 18986174 14888 18986174 14878 1
35 8649667 14072 8649667 14066 1
36 25514107 13322 25514107 13318 1
37 9868494 12630 9868494 12621 1
38 38 11991 38 11984 1
39 11422549 11399 11422549 11388 1
40 14303177 10849 14303177 10843 1
41 3828462 10339 3828462 10333 1
42 24252872 9864 24252872 9856 1
43 14750655 9420 14750655 9411 1
44 2802450 9006 2802450 9000 1
45 1298001 8619 1298001 8614 1
46 46 8256 46 8252 1
47 47 7916 47 7911 1
48 18681442 7596 18681442 7592 1
49 49 7295 49 7288 1
50 50 7012 50 7006 1
51 6816457 6745 6816457 6741 1
52 52 6493 52 6488 1
53 53 6254 53 6249 1
54 8225765 6029 8225765 6026 1
55 1648295 5816 1648295 5814 1
56 15471384 5613 15471384 5609 1
57 23408397 5421 23408397 5418 1
58 16684339 5239 16684339 5234 1
59 24930477 5066 24930477 5064 1
60 60 4901 60 4896 1
61 2545132 4744 2545132 4742 1
62 20076035 4595 20076035 4591 1
63 3757242 4453 3757242 4450 1
64 4523835 4317 4523835 4317 1
65 12261787 4187 12261787 4185 1
66 26224558 4063 26224558 4061 1
67 3609363 3944 3609363 3943 1
68 21847821 3831 21847821 3830 1
69 16769970 3722 16769970 3719 1
70 2778429 3618 2778429 3617 1
71 17551948 3518 17551948 3517 1
72 72 3422 72 3418 1
73 2542401 3330 2542401 3327 1
74 20538485 3242 20538485 3242 1
75 14983369 3158 14983369 3156 1
76 6410511 3076 6410511 3075 1
77 5962792 2998 5962792 2998 1
78 11856306 2922 11856306 2920 1
79 13323508 2850 13323508 2849 1
80 26768642 2780 26768642 2777 1
81 4130664 2712 4130664 2711 1
82 19816319 2647 19816319 2645 1
83 16074013 2585 16074013 2583 1
84 15237081 2524 15237081 2522 1
85 24750547 2466 24750547 2464 1
86 29916443 2410 29916443 2409 1
87 23271831 2355 23271831 2355 1
88 8390058 2302 8390058 2300 1
89 8952701 2252 8952701 2249 1
90 12741616 2202 12741616 2199 1
91 24591162 2155 24591162 2153 1
92 3627928 2109 3627928 2109 1
93 14497818 2064 14497818 2064 1
94 94 2021 94 2020 1
95 7209262 1979 7209262 1976 1
96 96 1938 96 1937 1
97 97 1899 97 1899 1
98 760189 1861 760189 1861 1
99 13257601 1824 13257601 1823 1
100 14195167 1788 14195167 1788 1
101 27394373 1753 27394373 1752 1
102 11764454 1719 11764454 1719 1
103 29221837 1686 29221837 1685 1
104 21357780 1654 21357780 1654 1
105 5040814 1623 5040814 1622 1
106 3962393 1593 3962393 1593 1
107 1749327 1564 1749327 1564 1
108 22477060 1535 22477060 1534 1
109 8684803 1507 8684803 1507 1
110 25619535 1480 25619535 1479 1
111 21080142 1454 21080142 1454 1
112 25352424 1428 25352424 1428 1
113 20014391 1403 20014391 1403 1
114 7925241 1379 7925241 1377 1
115 28023923 1355 28023923 1354 1
116 3960631 1332 3960631 1332 1
117 10963587 1310 10963587 1310 1
118 28491940 1288 28491940 1287 1
119 26256108 1267 26256108 1267 1
120 4704416 1246 4704416 1246 1
121 7384924 1225 7384924 1224 1
122 16358088 1205 16358088 1205 1
123 8550824 1186 8550824 1185 1
124 16766850 1167 16766850 1165 1
125 16704178 1149 16704178 1147 1
126 28748605 1131 28748605 1129 1
127 3479274 1113 3479274 1111 1
128 128 1096 128 1096 1
129 23446078 1079 23446078 1079 1
130 3940354 1063 3940354 1062 1
131 13373539 1047 13373539 1047 1
132 719787 1031 719787 1030 1
133 22089672 1016 22089672 1015 1
134 10556052 1001 10556052 1000 1
135 29610433 986 29610433 985 1
136 136 972 136 970 1
137 137 958 137 957 1
138 138 944 138 944 1
139 15537223 931 15537223 930 1
140 7500276 917 7500276 916 1
141 26392253 904 26392253 903 1
142 5105201 892 5105201 892 1
143 14578241 880 14578241 880 1
144 26757603 867 26757603 867 1
145 20249505 856 20249505 856 1
146 2519073 844 2519073 844 1
147 23642344 833 23642344 833 1
148 148 821 148 821 1
149 26329406 811 26329406 810 1
150 26947901 800 26947901 800 1
151 5781663 789 5781663 789 1
152 25344244 779 25344244 779 1
153 153 769 153 769 1
154 8377063 759 8377063 759 1
155 12266863 749 12266863 748 1
156 156 740 156 739 1
157 10828741 731 10828741 731 1
158 10494470 721 10494470 720 1
159 14974439 712 14974439 712 1
160 26525176 704 26525176 703 1
161 28626298 695 28626298 695 1
162 20171621 686 20171621 686 1
163 24306644 678 24306644 678 1
164 6661238 670 6661238 670 1
165 6701179 662 6701179 662 1
166 24054367 654 24054367 654 1
167 6241810 646 6241810 643 1
168 1165133 639 1165133 639 1
169 3644547 631 3644547 630 1
170 170 624 170 623 1
171 171 616 171 616 1
172 172 609 172 609 1
173 173 602 173 602 1
174 4114119 596 4114119 596 1
175 4886400 589 4886400 588 1
176 20250036 582 20250036 582 1
177 8728406 576 8728406 576 1
178 178 569 178 569 1
179 4508961 563 4508961 562 1
180 18005736 557 18005736 557 1
181 8253663 551 8253663 549 1
182 19425206 545 19425206 545 1
183 19590502 539 19590502 539 1
184 22711993 533 22711993 532 1
185 18624590 527 18624590 526 1
186 29930297 522 29930297 522 1
187 4251970 516 4251970 515 1
188 188 511 188 510 1
189 16016351 505 16016351 505 1
190 28434083 500 28434083 500 1
191 20184874 495 20184874 495 1
192 2765921 490 2765921 489 1
193 10985552 485 10985552 485 1
194 13419510 480 13419510 479 1
195 16185481 475 16185481 474 1
196 196 470 196 470 1
197 7870173 465 7870173 465 1
198 26881824 461 26881824 461 1
199 26053874 456 26053874 456 1
200 10727682 451 10727682 451 1
201 5987573 447 5987573 447 1
202 24359866 443 24359866 443 1
203 10755321 438 10755321 438 1
204 21817719 434 21817719 433 1
205 205 430 205 430 1
206 19821572 426 19821572 425 1
207 16247166 422 16247166 422 1
208 9646106 418 9646106 417 1
209 15359114 414 15359114 414 1
210 210 410 210 409 1
211 21368233 406 21368233 406 1
212 21738812 402 21738812 401 1
213 26509886 398 26509886 397 1
214 26855632 395 26855632 395 1
215 246490 391 246490 391 1
216 216 387 216 387 1
217 15475682 384 15475682 384 1
218 28049505 380 28049505 380 1
219 6737268 377 6737268 376 1
220 220 373 220 372 1
221 17843088 370 17843088 370 1
222 14671368 367 14671368 367 1
223 8167668 363 8167668 363 1
224 21830191 360 21830191 360 1
225 225 357 225 357 1
226 22925838 354 22925838 354 1
227 26424121 351 26424121 351 1
228 18633729 348 18633729 348 1
229 22178833 345 22178833 345 1
230 11914168 342 11914168 342 1
231 231 339 231 339 1
232 15226415 336 15226415 335 1
233 5954439 333 5954439 333 1
234 9964436 330 9964436 330 1
235 7389618 327 7389618 327 1
236 10939150 325 10939150 325 1
237 6784700 322 6784700 322 1
238 29478443 319 29478443 318 1
239 12620193 317 12620193 317 1
240 24982073 314 24982073 314 1
241 27682258 311 27682258 310 1
242 1156600 309 1156600 309 1
243 14110250 306 14110250 306 1
244 830707 304 830707 304 1
245 6124478 301 6124478 301 1
246 23160761 299 23160761 299 1
247 26673947 297 4294967295 0 0
248 19350002 294 4294967295 0 0
249 249 292 4294967295 0 0
250 7862376 289 4294967295 0 0
251 5695678 287 4294967295 0 0
252 1710768 285 4294967295 0 0
253 253 283 4294967295 0 0
254 12471756 280 4294967295 0 0
255 7046361 278 4294967295 0 0
256 2180915 276 4294967295 0 0
257 6418013 274 4294967295 0 0
258 258 272 4294967295 0 0
259 218116 270 4294967295 0 0
260 10647130 268 4294967295 0 0
261 11131011 266 4294967295 0 0
262 20780294 264 4294967295 0 0
263 4136774 262 4294967295 0 0
264 14412648 260 4294967295 0 0
265 29261404 258 4294967295 0 0
266 20912741 256 4294967295 0 0
267 10238097 254 4294967295 0 0
268 21692198 252 4294967295 0 0
269 7503612 250 4294967295 0 0
270 13878188 248 4294967295 0 0
271 22395217 247 4294967295 0 0
272 16509770 245 4294967295 0 0
273 2268541 243 4294967295 0 0
274 27923282 241 4294967295 0 0
275 275 239 4294967295 0 0
276 14040021 238 4294967295 0 0
277 29281098 236 4294967295 0 0
278 1932349 234 4294967295 0 0
279 12008074 233 4294967295 0 0
280 280 231 4294967295 0 0
281 26764680 229 4294967295 0 0
282 14660294 228 4294967295 0 0
283 7580130 226 4294967295 0 0
284 4465163 225 4294967295 0 0
285 18488958 223 4294967295 0 0
286 5285796 221 4294967295 0 0
287 2872132 220 4294967295 0 0
288 18558957 218 4294967295 0 0
289 2775730 217 4294967295 0 0
290 1337471 215 4294967295 0 0
291 13905811 214 4294967295 0 0
292 11936784 212 4294967295 0 0
293 18629118 211 4294967295 0 0
294 16566525 210 4294967295 0 0
295 10001649 208 4294967295 0 0
296 17321781 207 4294967295 0 0
297 18648718 205 4294967295 0 0
298 24801928 204 4294967295 0 0
299 299 203 4294967295 0 0
300 4937931 201 4294967295 0 0
301 17652010 200 4294967295 0 0
302 20868272 199 4294967295 0 0
303 303 197 4294967295 0 0
304 13019450 196 4294967295 0 0
305 305 195 4294967295 0 0
306 27227590 194 4294967295 0 0
307 611752 192 4294967295 0 0
308 4395471 191 4294967295 0 0
309 17898626 190 4294967295 0 0
310 16791098 189 4294967295 0 0
311 26949917 187 4294967295 0 0
312 26717119 186 4294967295 0 0
313 24167046 185 4294967295 0 0
314 14284948 184 4294967295 0 0
315 22740217 183 4294967295 0 0
316 20297429 181 4294967295 0 0
317 16608233 180 4294967295 0 0
318 318 179 4294967295 0 0
319 24306085 178 4294967295 0 0
320 28983305 177 4294967295 0 0
321 9849715 176 4294967295 0 0
322 6660439 175 4294967295 0 0
323 15952646 174 4294967295 0 0
324 11463632 173 4294967295 0 0
325 16190038 172 4294967295 0 0
326 28335790 171 4294967295 0 0
327 10970105 170 4294967295 0 0
328 16725620 168 4294967295 0 0
329 20636027 167 4294967295 0 0
330 29405960 166 4294967295 0 0
331 12207243 165 4294967295 0 0
332 18342499 164 4294967295 0 0
333 333 163 4294967295 0 0
334 334 163 4294967295 0 0
335 335 162 4294967295 0 0
336 17400751 161 4294967295 0 0
337 14682881 160 4294967295 0 0
338 4952032 159 4294967295 0 0
339 8683634 158 4294967295 0 0
340 7845067 157 4294967295 0 0
341 3509910 156 4294967295 0 0
342 15180544 155 4294967295 0 0
343 25574613 154 4294967295 0 0
344 17659628 153 4294967295 0 0
345 125322 152 4294967295 0 0
346 11217204 151 4294967295 0 0
347 347 151 4294967295 0 0
