999971 55555 0.000010
0 713165 831907 713165 831907 1
1 1 103988 1 103988 1
2 500475 30811 500475 30811 1
3 43295 12999 43295 12999 1
4 288337 6655 288337 6655 1
5 5 3851 5 3851 1
6 811995 2425 811995 2425 1
7 581037 1625 581037 1625 1
8 422708 1141 422708 1141 1
9 454023 832 454023 832 1
10 344854 625 344854 625 1
11 162370 481 162370 481 1
12 656366 379 656366 379 1
13 13 303 13 303 1
14 151953 246 151953 246 1
15 374059 203 374059 203 1
16 279048 169 279048 169 1
17 278961 143 278961 143 1
18 806435 121 806435 121 1
19 603003 104 603003 104 1
20 549444 90 549444 90 1
21 831846 78 831846 78 1
22 967024 68 967024 68 1
23 313696 60 313696 60 1
24 183943 53 183943 53 1
25 604339 47 604339 47 1
26 729111 42 729111 42 1
27 472803 38 472803 38 1
28 835493 34 835493 34 1
29 338292 31 338292 31 1
30 582955 28 582955 28 1
31 809067 25 809067 25 1
32 711224 23 711224 23 1
33 677947 21 677947 21 1
34 330585 19 330585 19 1
35 314060 18 314060 18 1
36 610297 16 610297 16 1
37 37 15 37 15 1
38 533212 14 533212 14 1
39 452801 13 452801 13 1
40 730035 12 730035 12 1
41 735519 11 735519 11 1
42 234666 10 234666 10 1
43 638830 10 638830 10 1
44 497622 9 292877 9 0
45 292877 9 497622 9 0
46 60041 8 4294967295 0 0
47 966109 8 4294967295 0 0
48 388464 7 4294967295 0 0
49 893567 7 4294967295 0 0
50 321680 6 4294967295 0 0
51 202603 6 4294967295 0 0
52 819512 6 4294967295 0 0
53 743624 5 4294967295 0 0
54 341525 5 4294967295 0 0
55 943515 5 4294967295 0 0
56 327852 4 4294967295 0 0
57 650301 4 4294967295 0 0
58 603924 4 4294967295 0 0
59 843347 4 4294967295 0 0
60 397442 4 4294967295 0 0
61 213133 3 4294967295 0 0
62 67 3 4294967295 0 0
63 945426 3 4294967295 0 0
64 127067 3 4294967295 0 0
65 62 3 4294967295 0 0
66 780651 3 4294967295 0 0
67 280093 3 4294967295 0 0
68 158612 3 4294967295 0 0
69 534864 2 4294967295 0 0
70 349707 2 4294967295 0 0
71 787035 2 4294967295 0 0
72 644947 2 4294967295 0 0
73 274045 2 4294967295 0 0
74 98308 2 4294967295 0 0
75 110375 2 4294967295 0 0
76 92754 2 4294967295 0 0
77 878755 2 4294967295 0 0
78 442676 2 4294967295 0 0
79 856802 2 4294967295 0 0
80 661175 2 4294967295 0 0
81 81 2 4294967295 0 0
82 858196 1 4294967295 0 0
83 892275 1 4294967295 0 0
84 132561 1 4294967295 0 0
85 114 1 4294967295 0 0
86 954359 1 4294967295 0 0
87 80387 1 4294967295 0 0
88 796821 1 4294967295 0 0
89 725410 1 4294967295 0 0
90 302259 1 4294967295 0 0
91 903922 1 4294967295 0 0
92 998207 1 4294967295 0 0
93 30473 1 4294967295 0 0
94 814608 1 4294967295 0 0
95 90009 1 4294967295 0 0
96 602385 1 4294967295 0 0
97 729218 1 4294967295 0 0
98 695804 1 4294967295 0 0
99 179039 1 4294967295 0 0
100 262174 1 4294967295 0 0
101 829107 1 4294967295 0 0
102 415985 1 4294967295 0 0
103 198636 1 4294967295 0 0
104 75820 1 4294967295 0 0
105 315324 1 4294967295 0 0
106 316664 1 4294967295 0 0
107 469239 1 4294967295 0 0
108 872422 1 4294967295 0 0
109 844980 1 4294967295 0 0
110 109 1 4294967295 0 0
111 106 1 4294967295 0 0
112 73134 1 4294967295 0 0
113 92 1 4294967295 0 0
114 84 1 4294967295 0 0
115 989941 1 4294967295 0 0
116 279584 1 4294967295 0 0
117 97170 1 4294967295 0 0
118 666661 0 4294967295 0 0
119 667925 0 4294967295 0 0
120 666629 0 4294967295 0 0
121 666660 0 4294967295 0 0
122 666630 0 4294967295 0 0
123 666631 0 4294967295 0 0
124 666659 0 4294967295 0 0
125 666658 0 4294967295 0 0
126 666657 0 4294967295 0 0
127 666628 0 4294967295 0 0
128 666662 0 4294967295 0 0
129 666663 0 4294967295 0 0
130 666654 0 4294967295 0 0
131 666627 0 4294967295 0 0
132 666626 0 4294967295 0 0
133 666625 0 4294967295 0 0
134 666664 0 4294967295 0 0
135 666612 0 4294967295 0 0
136 666665 0 4294967295 0 0
137 666666 0 4294967295 0 0
138 666624 0 4294967295 0 0
139 666646 0 4294967295 0 0
140 666640 0 4294967295 0 0
141 666641 0 4294967295 0 0
142 666639 0 4294967295 0 0
143 666642 0 4294967295 0 0
144 666643 0 4294967295 0 0
145 666638 0 4294967295 0 0
146 666644 0 4294967295 0 0
