9967238 55555 0.000010
0 1039553 3828861 1039553 3828861 1
1 1334798 1353707 1334798 1353707 1
2 4211539 736865 4211539 736865 1
3 3137304 478608 3137304 478608 1
4 7084740 342464 7084740 342464 1
5 4778440 260521 4778440 260521 1
6 6133043 206739 6133043 206739 1
7 1321801 169213 1321801 169213 1
8 3602344 141810 3602344 141810 1
9 3444396 121079 3444396 121079 1
10 6406523 104950 6406523 104950 1
11 3152748 92108 3152748 92108 1
12 5048708 81687 5048708 81687 1
13 4767725 73093 4767725 73093 1
14 2470347 65907 2470347 65907 1
15 9792592 59826 9792592 59826 1
16 16 54626 16 54626 1
17 17 50137 17 50137 1
18 3841286 46232 3841286 46232 1
19 5561446 42808 5561446 42808 1
20 5541905 39787 5541905 39787 1
21 1622023 37105 1622023 37105 1
22 9366026 34712 9366026 34712 1
23 6749807 32565 6749807 32565 1
24 2102122 30631 2102122 30631 1
25 25 28881 25 28881 1
26 5935020 27291 5935020 27291 1
27 9709277 25842 9709277 25842 1
28 5619599 24517 5619599 24517 1
29 1751403 23302 1751403 23302 1
30 8197054 22183 8197054 22183 1
31 8448207 21152 8448207 21152 1
32 1615449 20198 1615449 20198 1
33 2612563 19313 2612563 19313 1
34 7050751 18491 7050751 18491 1
35 4976239 17726 4976239 17726 1
36 7088296 17012 7088296 17012 1
37 8181905 16345 8181905 16345 1
38 38 15721 38 15721 1
39 1957559 15135 1957559 15135 1
40 5818068 14585 5818068 14585 1
41 4852100 14067 4852100 14067 1
42 4132839 13579 4132839 13579 1
43 43 13119 43 13119 1
44 9503514 12684 9503514 12684 1
45 45 12272 45 12272 1
46 8932064 11883 8932064 11883 1
47 7395632 11514 7395632 11514 1
48 6267130 11163 6267130 11163 1
49 1105939 10830 1105939 10830 1
50 4818817 10513 4818817 10513 1
51 2202971 10211 2202971 10211 1
52 678277 9923 678277 9923 1
53 9466253 9649 9466253 9649 1
54 7215871 9387 7215871 9387 1
55 1042365 9137 1042365 9137 1
56 4401624 8897 4401624 8897 1
57 57 8668 57 8668 1
58 8752557 8449 8752557 8449 1
59 9234490 8238 9234490 8238 1
60 9265404 8037 9265404 8037 1
61 7217155 7843 7217155 7843 1
62 7741560 7657 7741560 7657 1
63 7752085 7478 7752085 7478 1
64 4249730 7306 4249730 7306 1
65 65 7141 65 7141 1
66 2748601 6982 2748601 6982 1
67 6457397 6828 6457397 6828 1
68 68 6680 68 6680 1
69 1086211 6538 1086211 6538 1
70 5676427 6400 5676427 6400 1
71 2806316 6267 2806316 6267 1
72 4427936 6139 4427936 6139 1
73 7422436 6015 7422436 6015 1
74 4575700 5895 4575700 5895 1
75 5667401 5779 5667401 5779 1
76 3971389 5667 3971389 5667 1
77 509928 5558 509928 5558 1
78 832383 5453 832383 5453 1
79 5828992 5351 5828992 5351 1
80 736761 5252 736761 5252 1
81 7823074 5156 7823074 5156 1
82 2610898 5064 2610898 5064 1
83 83 4973 83 4973 1
84 3836307 4886 3836307 4886 1
85 2139337 4801 2139337 4801 1
86 6173501 4718 6173501 4718 1
87 87 4638 87 4638 1
88 6970913 4560 6970913 4560 1
89 170181 4484 170181 4484 1
90 6797971 4411 6797971 4411 1
91 9307760 4339 9307760 4339 1
92 9760366 4269 9760366 4269 1
93 463070 4201 463070 4201 1
94 94 4135 94 4135 1
95 1034491 4071 1034491 4071 1
96 6298523 4008 6298523 4008 1
97 2567063 3947 2567063 3947 1
98 98 3887 98 3887 1
99 6216239 3829 6216239 3829 1
100 302443 3772 302443 3772 1
101 101 3717 101 3717 1
102 7368653 3663 7368653 3663 1
103 4896524 3610 4896524 3610 1
104 7473065 3559 7473065 3559 1
105 3883727 3508 3883727 3508 1
106 448087 3459 448087 3459 1
107 2497796 3411 2497796 3411 1
108 8143720 3365 8143720 3365 1
109 5746957 3319 5746957 3319 1
110 3365977 3274 3365977 3274 1
111 111 3230 111 3230 1
112 1551629 3188 1551629 3188 1
113 113 3146 113 3146 1
114 5127386 3105 5127386 3105 1
115 115 3065 115 3065 1
116 8774190 3025 8774190 3025 1
117 8436799 2987 8436799 2987 1
118 118 2950 118 2950 1
119 1623703 2913 1623703 2913 1
120 4488972 2877 4488972 2877 1
121 6973796 2841 6973796 2841 1
122 122 2807 122 2807 1
123 6555360 2773 6555360 2773 1
124 4157301 2740 4157301 2740 1
125 6271296 2707 6271296 2707 1
126 5648942 2675 5648942 2675 1
127 5382233 2644 5382233 2644 1
128 3993568 2613 3993568 2613 1
129 6088434 2583 6088434 2583 1
130 9612438 2554 9612438 2554 1
131 7509482 2525 7509482 2525 1
132 6456036 2496 6456036 2496 1
133 3612666 2468 3612666 2468 1
134 8758696 2441 8758696 2441 1
135 4368354 2414 4368354 2414 1
136 8582095 2388 8582095 2388 1
137 137 2362 137 2362 1
138 7767300 2336 7767300 2336 1
139 622912 2311 622912 2311 1
140 9541397 2287 9541397 2287 1
141 8758988 2263 8758988 2263 1
142 6554385 2239 6554385 2239 1
143 9533265 2216 9533265 2216 1
144 3991398 2193 3991398 2193 1
145 1409387 2170 1409387 2170 1
146 2480029 2148 2480029 2148 1
147 147 2127 147 2127 1
148 4950038 2105 4950038 2105 1
149 6797852 2084 6797852 2084 1
150 6010152 2063 6010152 2063 1
151 8322280 2043 8322280 2043 1
152 152 2023 152 2023 1
153 9524891 2003 9524891 2003 1
154 772542 1984 772542 1984 1
155 4922971 1965 4922971 1965 1
156 2545163 1946 2545163 1946 1
157 2627107 1928 2627107 1928 1
158 8090588 1910 8090588 1910 1
159 3048932 1892 3048932 1892 1
160 9423218 1874 9423218 1874 1
161 4893440 1857 4893440 1857 1
162 438817 1840 438817 1840 1
163 8521691 1823 8521691 1823 1
164 190280 1807 190280 1807 1
165 5580835 1790 5580835 1790 1
166 9576574 1774 9576574 1774 1
167 4794101 1758 4794101 1758 1
168 6729913 1743 6729913 1743 1
169 2154098 1727 2154098 1727 1
170 432895 1712 432895 1712 1
171 9363808 1697 9363808 1697 1
172 6907295 1683 6907295 1683 1
173 3240780 1668 3240780 1668 1
174 174 1654 174 1654 1
175 175 1640 175 1640 1
176 4288623 1626 4288623 1626 1
177 7704295 1612 7704295 1612 1
178 9512579 1599 9512579 1599 1
179 6095681 1585 6095681 1585 1
180 6578590 1572 6578590 1572 1
181 181 1559 181 1559 1
182 182 1547 182 1547 1
183 4038686 1534 4038686 1534 1
184 184 1522 184 1522 1
185 9879203 1509 9879203 1509 1
186 8913949 1497 8913949 1497 1
187 7432308 1485 7432308 1485 1
188 5517840 1474 5517840 1474 1
189 2491882 1462 2491882 1462 1
190 8302373 1451 8302373 1451 1
191 6546311 1439 6546311 1439 1
192 5225977 1428 5225977 1428 1
193 193 1417 193 1417 1
194 4028464 1406 4028464 1406 1
195 6384861 1395 6384861 1395 1
196 1124658 1385 1124658 1385 1
197 5353187 1374 5353187 1374 1
198 4551515 1364 4551515 1364 1
199 737008 1354 737008 1354 1
200 7897924 1344 7897924 1344 1
201 6460767 1334 6460767 1334 1
202 8610409 1324 8610409 1324 1
203 2891872 1314 2891872 1314 1
204 4751813 1304 4751813 1304 1
205 465269 1295 465269 1295 1
206 3162508 1286 3162508 1286 1
207 4268356 1276 4268356 1276 1
208 9308562 1267 9308562 1267 1
209 238557 1258 238557 1258 1
210 6851653 1249 6851653 1249 1
211 5747514 1240 5747514 1240 1
212 2811052 1232 2811052 1232 1
213 4547674 1223 4547674 1223 1
214 8787004 1215 8787004 1215 1
215 1774061 1206 1774061 1206 1
216 216 1198 216 1198 1
217 1027573 1190 1027573 1190 1
218 2615140 1181 2615140 1181 1
219 4700162 1173 4700162 1173 1
220 7941122 1165 7941122 1165 1
221 2547902 1158 2547902 1158 1
222 2183827 1150 2183827 1150 1
223 1148627 1142 1148627 1142 1
224 8512732 1134 8512732 1134 1
225 5491079 1127 5491079 1127 1
226 9323702 1120 9323702 1120 1
227 719093 1112 719093 1112 1
228 673407 1105 673407 1105 1
229 4679021 1098 4679021 1098 1
230 1194314 1091 1194314 1091 1
231 8459317 1084 8459317 1084 1
232 232 1077 232 1077 1
233 233 1070 233 1070 1
234 8609497 1063 8609497 1063 1
235 6027228 1056 6027228 1056 1
236 7639695 1049 7639695 1049 1
237 676094 1043 676094 1043 1
238 7633046 1036 7633046 1036 1
239 8358773 1030 8358773 1030 1
240 9679071 1023 9679071 1023 1
241 303916 1017 303916 1017 1
242 21522 1011 21522 1011 1
243 9355040 1005 9355040 1005 1
244 6975580 998 6975580 998 1
245 1656888 992 1656888 992 1
246 1482929 986 1482929 986 1
247 6756458 980 6756458 980 1
248 614072 974 614072 974 1
249 2404366 969 2404366 969 1
250 9244073 963 9244073 963 1
251 7432945 957 7432945 957 1
252 9343886 951 9343886 951 1
253 7375426 946 7375426 946 1
254 4704406 940 4704406 940 1
255 231244 935 231244 935 1
256 8028416 929 8028416 929 1
257 9506573 924 9506573 924 1
258 9780790 919 9780790 919 1
259 8659422 913 8659422 913 1
260 2868941 908 2868941 908 1
261 8130370 903 8130370 903 1
262 9938174 898 9938174 898 1
263 6868924 893 6868924 893 1
264 7936923 888 7936923 888 1
265 1168780 883 1168780 883 1
266 9414406 878 9414406 878 1
267 267 873 267 873 1
268 8549770 868 8549770 868 1
269 6067145 863 6067145 863 1
270 6306962 858 6306962 858 1
271 9805126 854 9805126 854 1
272 928570 849 928570 849 1
273 1633814 844 1633814 844 1
274 2514858 840 2514858 840 1
275 42339 835 42339 835 1
276 796346 831 796346 831 1
277 1920346 826 1920346 826 1
278 4349113 822 4349113 822 1
279 9553112 817 9553112 817 1
280 1236292 813 1236292 813 1
281 8344541 809 8344541 809 1
282 7477169 804 7477169 804 1
283 2696880 800 2696880 800 1
284 8612708 796 8612708 796 1
285 862194 792 862194 792 1
286 286 787 286 787 1
287 287 783 287 783 1
288 288 779 288 779 1
289 9242110 775 9242110 775 1
290 7255572 771 7255572 771 1
291 2887928 767 2887928 767 1
292 292 763 292 763 1
293 293 760 293 760 1
294 294 756 294 756 1
295 3869514 752 3869514 752 1
296 296 748 296 748 1
297 6037879 744 6037879 744 1
298 4908297 741 4908297 741 1
299 8070840 737 8070840 737 1
300 300 733 300 733 1
301 2773854 730 2773854 730 1
302 371405 726 371405 726 1
303 2268861 722 2268861 722 1
304 50020 719 50020 719 1
305 6115677 715 6115677 715 1
306 3724198 712 3724198 712 1
307 7792207 708 7792207 708 1
308 1324447 705 1324447 705 1
309 7447559 701 7447559 701 1
310 50139 698 50139 698 1
311 2201885 695 2201885 695 1
312 3529458 691 3529458 691 1
313 442479 688 442479 688 1
314 529628 685 529628 685 1
315 5385372 682 5385372 682 1
316 9958128 678 9958128 678 1
317 7569061 675 7569061 675 1
318 9094667 672 9094667 672 1
319 2725555 669 2725555 669 1
320 320 666 320 666 1
321 3396942 663 3396942 663 1
322 2237715 660 2237715 660 1
323 4545179 657 4545179 657 1
324 4368652 653 4368652 653 1
325 2389422 650 2389422 650 1
326 3014990 648 3014990 648 1
327 468563 645 468563 645 1
328 9704765 642 9704765 642 1
329 1111927 639 1111927 639 1
330 1874597 636 1874597 636 1
331 5382349 633 5382349 633 1
332 8405167 630 8405167 630 1
333 9273767 627 9273767 627 1
334 9690227 624 9690227 624 1
335 9332136 622 9332136 622 1
336 1769401 619 1769401 619 1
337 7393579 616 7393579 616 1
338 2343517 613 2343517 613 1
339 4307791 611 4307791 611 1
340 852138 608 852138 608 1
341 341 605 341 605 1
342 342 603 342 603 1
343 4637871 600 4637871 600 1
344 9338315 598 9338315 598 1
345 8576206 595 8576206 595 1
346 346 592 346 592 1
347 1124938 590 1124938 590 1
348 8241752 587 8241752 587 1
349 6583060 585 6583060 585 1
350 1636802 582 1636802 582 1
351 3028323 580 3028323 580 1
352 3140608 577 3140608 577 1
353 2567560 575 2567560 575 1
354 354 572 354 572 1
355 355 570 355 570 1
356 9958664 568 9958664 568 1
357 2530398 565 2530398 565 1
358 8060135 563 8060135 563 1
359 8882576 561 8882576 561 1
360 234484 558 234484 558 1
361 5887704 556 5887704 556 1
362 4100845 554 4100845 554 1
363 7961197 551 7961197 551 1
364 8453000 549 8453000 549 1
365 2554116 547 2554116 547 1
366 6891020 545 6891020 545 1
367 7566340 542 7566340 542 1
368 368 540 368 540 1
369 4912338 538 4912338 538 1
370 587166 536 587166 536 1
371 2935740 534 2935740 534 1
372 9112575 532 9112575 532 1
373 5701322 529 5701322 529 1
374 6421252 527 6421252 527 1
375 6112591 525 6112591 525 1
376 2556990 523 2556990 523 1
377 7361539 521 7361539 521 1
378 3444532 519 3444532 519 1
379 163395 517 163395 517 1
380 8103535 515 8103535 515 1
381 9794837 513 9794837 513 1
382 382 511 382 511 1
383 6876830 509 6876830 509 1
384 7525747 507 7525747 507 1
385 9398911 505 9398911 505 1
386 2952995 503 2952995 503 1
387 9165661 501 9165661 501 1
388 8797389 499 8797389 499 1
389 389 497 389 497 1
390 1598212 495 1598212 495 1
391 8688871 493 8688871 493 1
392 160381 491 160381 491 1
393 922356 490 922356 490 1
394 3321446 488 3321446 488 1
395 9591774 486 9591774 486 1
396 7811628 484 7811628 484 1
397 6516674 482 6516674 482 1
398 7272772 480 7272772 480 1
399 891140 479 891140 479 1
400 3191532 477 3191532 477 1
401 8546836 475 8546836 475 1
402 402 473 402 473 1
403 9815448 472 9815448 472 1
404 8211117 470 8211117 470 1
405 405 468 405 468 1
406 1871175 466 1871175 466 1
407 7465056 465 7465056 465 1
408 1648994 463 1648994 463 1
409 409 461 409 461 1
410 727885 460 727885 460 1
411 7355198 458 7355198 458 1
412 6156958 456 6156958 456 1
413 7185338 455 7185338 455 1
414 3585881 453 3585881 453 1
415 9210616 451 9210616 451 1
416 416 450 416 450 1
417 6824405 448 6824405 448 1
418 3607721 446 3607721 446 1
419 2331773 445 2331773 445 1
420 420 443 420 443 1
421 421 442 421 442 1
422 7333496 440 7333496 440 1
423 2415768 439 2415768 439 1
424 6626112 437 6626112 437 1
425 5387753 435 5387753 435 1
426 3498654 434 3498654 434 1
427 8006384 432 8006384 432 1
428 9549535 431 9549535 431 1
429 4818440 429 4818440 429 1
430 8416280 428 8416280 428 1
431 6609818 426 6609818 426 1
432 2954668 425 2954668 425 1
433 5714036 423 5714036 423 1
434 4408511 422 4408511 422 1
435 1049034 421 1049034 421 1
436 436 419 436 419 1
437 437 418 437 418 1
438 9411772 416 9411772 416 1
439 8586761 415 8586761 415 1
440 8265720 413 8265720 413 1
441 6808351 412 6808351 412 1
442 6991417 411 6991417 411 1
443 8242452 409 8242452 409 1
444 7779208 408 7779208 408 1
445 445 407 445 407 1
446 2027724 405 2027724 405 1
447 9405892 404 9405892 404 1
448 448 402 448 402 1
449 1864777 401 1864777 401 1
450 450 400 450 400 1
451 2426983 398 2426983 398 1
452 9667976 397 9667976 397 1
453 4589939 396 4589939 396 1
454 4568516 395 4568516 395 1
455 1966488 393 1966488 393 1
456 4743150 392 4743150 392 1
457 6641958 391 6641958 391 1
458 6453909 389 6453909 389 1
459 7803478 388 7803478 388 1
460 1040440 387 1040440 387 1
461 461 386 461 386 1
462 8076817 384 8076817 384 1
463 463 383 463 383 1
464 2860008 382 2860008 382 1
465 7779943 381 7779943 381 1
466 4224978 379 4224978 379 1
467 4145247 378 4145247 378 1
468 468 377 468 377 1
469 6152239 376 6152239 376 1
470 6416869 375 6416869 375 1
471 471 373 471 373 1
472 6831866 372 6831866 372 1
473 5413836 371 5413836 371 1
474 2569951 370 2569951 370 1
475 1631696 369 1631696 369 1
476 3361148 368 3361148 368 1
477 477 366 477 366 1
478 8568834 365 8568834 365 1
479 3521172 364 3521172 364 1
480 480 363 480 363 1
481 9809225 362 9809225 362 1
482 9289126 361 9289126 361 1
483 9291433 360 9291433 360 1
484 3616602 358 3616602 358 1
485 6690235 357 6690235 357 1
486 6384896 356 6384896 356 1
487 5674083 355 5674083 355 1
488 3751487 354 3751487 354 1
489 4046608 353 4046608 353 1
490 9225138 352 9225138 352 1
491 4332798 351 4332798 351 1
492 492 350 492 350 1
493 33900 349 33900 349 1
494 1884924 348 1884924 348 1
495 1195402 347 1195402 347 1
496 1299196 346 1299196 346 1
497 2457628 345 2457628 345 1
498 4719567 343 4719567 343 1
499 6136948 342 6136948 342 1
500 2893271 341 2893271 341 1
501 1047730 340 1047730 340 1
502 751857 339 751857 339 1
503 5601722 338 5601722 338 1
504 1868659 337 1868659 337 1
505 505 336 505 336 1
506 1362345 335 1362345 335 1
507 507 334 507 334 1
508 4422 333 4422 333 1
509 2053578 332 2053578 332 1
510 7795021 331 7795021 331 1
511 2483776 330 7967958 330 0
512 7967958 330 2483776 330 0
513 7198607 329 7198607 329 1
514 8225350 328 8225350 328 1
515 7431640 327 7431640 327 1
516 9199303 326 9199303 326 1
517 517 325 517 325 1
518 467405 324 467405 324 1
519 9966506 323 9966506 323 1
520 520 322 520 322 1
521 521 321 521 321 1
522 5594389 320 5594389 320 1
523 4100272 319 4100272 319 1
524 4355423 318 4355423 318 1
525 1830977 317 1830977 317 1
526 948466 316 948466 316 1
527 607309 316 607309 316 1
528 2387899 315 2387899 315 1
529 1996264 314 1996264 314 1
530 7272128 313 7272128 313 1
531 694552 312 694552 312 1
532 5031776 311 5031776 311 1
533 2940903 310 2940903 310 1
534 2487656 309 6499788 309 0
535 6499788 309 2487656 309 0
536 2559643 308 2559643 308 1
537 5051381 307 5051381 307 1
538 6430295 306 6430295 306 1
539 9457862 305 9457862 305 1
540 2387965 304 2387965 304 1
541 1861473 303 1861473 303 1
542 6989518 303 6989518 303 1
543 4019404 302 4019404 302 1
544 5355406 301 5355406 301 1
545 7945620 300 7945620 300 1
546 7352364 299 7352364 299 1
547 547 298 547 298 1
548 548 298 548 298 1
549 549 297 549 297 1
550 1202905 296 1202905 296 1
551 2711642 295 2711642 295 1
552 63057 294 63057 294 1
553 4764986 294 4764986 294 1
554 5939105 293 5939105 293 1
555 5462913 292 5462913 292 1
556 4682245 291 4682245 291 1
557 5306657 290 5306657 290 1
558 8610799 290 8610799 290 1
559 2447005 289 2447005 289 1
560 5107329 288 5107329 288 1
561 1935452 287 1935452 287 1
562 561 287 561 287 1
563 4794985 286 4794985 286 1
564 835956 285 835956 285 1
565 2283643 284 8948829 284 0
566 8948829 284 2283643 284 0
567 6228736 283 6228736 283 1
568 1608644 282 1608644 282 1
569 1118153 281 570 281 0
570 570 281 1118153 281 0
571 8334158 280 8334158 280 1
572 2822571 279 2822571 279 1
573 9082679 278 1385529 278 0
574 1385529 278 9082679 278 0
575 575 277 575 277 1
576 4792694 276 4792694 276 1
577 1192208 276 1192208 276 1
578 6205984 275 6205984 275 1
579 3971821 274 3971821 274 1
580 2854400 273 2486685 273 0
581 2486685 273 2854400 273 0
582 6229701 272 6229701 272 1
583 2574702 271 2574702 271 1
584 694999 271 694999 271 1
585 149223 270 149223 270 1
586 8735128 269 8735128 269 1
587 5239904 269 5239904 269 1
588 588 268 588 268 1
589 9859973 267 9859973 267 1
590 3807179 266 2847978 266 0
591 2847978 266 3807179 266 0
592 848685 265 848685 265 1
593 2759085 264 2759085 264 1
594 7458873 264 7458873 264 1
595 2797590 263 2797590 263 1
596 6081732 262 6081732 262 1
597 997166 262 997166 262 1
598 8311932 261 8311932 261 1
599 8610589 261 8610589 261 1
600 1295772 260 1295772 260 1
601 809889 259 601 259 0
602 601 259 809889 259 0
603 2567445 258 2567445 258 1
604 2413448 257 2413448 257 1
605 3344009 257 3344009 257 1
606 4155091 256 4155091 256 1
607 3534157 255 8740674 255 0
608 8740674 255 3534157 255 0
609 6354382 254 6354382 254 1
610 610 254 610 254 1
611 9337029 253 9337029 253 1
612 2455859 252 2455859 252 1
613 612 252 612 252 1
614 2952338 251 2952338 251 1
615 5261391 250 7068748 250 0
616 7068748 250 5261391 250 0
617 4711531 249 4973647 249 0
618 4973647 249 4711531 249 0
619 6210449 248 6210449 248 1
620 9406706 247 1134350 247 0
621 1134350 247 9406706 247 0
622 1534617 246 8865180 246 0
623 8865180 246 1534617 246 0
624 608452 245 608452 245 1
625 3312002 244 3328206 244 0
626 3328206 244 3312002 244 0
627 3957919 243 3957919 243 1
628 627 243 627 243 1
629 630 242 630 242 1
630 1808016 242 1808016 242 1
631 2910463 241 2910463 241 1
632 2403683 240 2403683 240 1
633 9877110 240 9877110 240 1
634 634 239 634 239 1
635 8655252 239 8655252 239 1
636 637 238 3939680 238 0
637 3939680 238 637 238 0
638 2526805 237 2526805 237 1
639 9481674 236 9481674 236 1
640 6850775 236 6850775 236 1
641 2444933 235 2444933 235 1
642 8964938 235 8964938 235 1
643 4165868 234 4165868 234 1
644 5810081 234 5810081 234 1
645 7287793 233 7852601 233 0
646 7852601 233 7287793 233 0
647 1246035 232 647 232 0
648 647 232 1246035 232 0
649 480411 231 3977136 231 0
650 3977136 231 480411 231 0
651 1445049 230 1445049 230 1
652 652 229 9337715 229 0
653 9337715 229 652 229 0
654 5135033 228 1081907 228 0
655 1081907 228 5135033 228 0
656 3077096 227 3077096 227 1
657 3534740 227 3534740 227 1
658 2016551 226 2016551 226 1
659 8729125 226 8729125 226 1
660 843298 225 7529189 225 0
661 7529189 225 843298 225 0
662 671129 224 671129 224 1
663 663 224 663 224 1
664 5468583 223 894219 223 0
665 894219 223 5468583 223 0
666 3169894 222 3169894 222 1
667 3414151 222 3414151 222 1
668 7141818 221 7141818 221 1
669 7465002 221 7465002 221 1
670 9618282 220 9618282 220 1
671 3523607 220 3523607 220 1
672 3928391 219 3928391 219 1
673 3458917 219 3458917 219 1
674 3124154 218 8139125 218 0
675 8139125 218 3124154 218 0
676 7063754 217 7063754 217 1
677 8249672 217 8249672 217 1
678 2283060 216 2283060 216 1
679 3524523 216 3524523 216 1
680 682 215 8332488 215 0
681 2250618 215 2250618 215 1
682 8332488 215 682 215 0
683 62121 214 62121 214 1
684 4384168 214 4384168 214 1
685 685 213 6569340 213 0
686 6569340 213 685 213 0
687 898525 212 898525 212 1
688 2405301 212 2405301 212 1
689 3828031 211 7754272 211 0
690 7754272 211 3828031 211 0
691 692 210 692 210 1
692 5422167 210 5422167 210 1
693 693 209 693 209 1
694 694 209 694 209 1
695 2140522 209 2140522 209 1
696 697 208 697 208 1
697 4538310 208 4538310 208 1
698 7379929 207 3446780 207 0
699 3446780 207 7379929 207 0
700 2034656 206 2034656 206 1
701 7385987 206 7385987 206 1
702 699129 205 5335483 205 0
703 5335483 205 7848042 205 0
704 7848042 205 699129 205 0
705 185281 204 3488629 204 0
706 3488629 204 185281 204 0
707 708 203 707 203 0
708 707 203 708 203 0
709 8164847 202 8164847 202 1
710 7038224 202 7038224 202 1
711 205689 202 205689 202 1
712 2994398 201 2994398 201 1
713 7307986 201 7307986 201 1
714 6588758 200 6588758 200 1
715 714 200 714 200 1
716 322359 199 8195247 199 0
717 4234165 199 4234165 199 1
718 8195247 199 322359 199 0
719 719 198 719 198 1
720 3082131 198 3082131 198 1
721 1360277 197 2408238 197 0
722 2696440 197 2696440 197 1
723 2408238 197 1360277 197 0
724 725 196 725 196 1
725 5275360 196 5275360 196 1
726 7113548 195 456712 195 0
727 456712 195 7113548 195 0
728 5175989 195 5175989 195 1
729 1660139 194 1660139 194 1
730 730 194 730 194 1
731 6393285 193 6393285 193 1
732 3427007 193 3074515 193 0
733 3074515 193 3427007 193 0
734 5764904 192 6143873 192 0
735 6143873 192 5764904 192 0
736 736 191 736 191 1
737 3761332 191 3761332 191 1
738 4408995 191 4408995 191 1
739 9240223 190 4752733 190 0
740 4752733 190 9240223 190 0
741 9225150 189 7796860 189 0
742 743 189 743 189 1
743 7796860 189 9225150 189 0
744 142397 188 4891179 188 0
745 74407 188 142397 188 0
746 4891179 188 74407 188 0
747 7001815 187 7001815 187 1
748 9666189 187 9666189 187 1
749 125687 186 8913996 186 0
750 8913996 186 7575669 186 0
751 7575669 186 125687 186 0
752 9062956 185 2401889 185 0
753 2401889 185 9062956 185 0
754 7220579 185 7220579 185 1
755 4815969 184 4815969 184 1
756 3592845 184 3592845 184 1
757 2576847 183 3085241 183 0
758 3085241 183 2576847 183 0
759 2306282 183 2306282 183 1
760 176144 182 9058420 182 0
761 9058420 182 176144 182 0
762 3343418 182 3343418 182 1
763 4513201 181 7520180 181 0
764 8365114 181 8365114 181 1
765 7520180 181 4513201 181 0
766 8949213 180 4902866 180 0
767 4902866 180 7156203 180 0
768 7156203 180 8949213 180 0
769 8048219 179 8038501 179 0
770 769 179 8048219 179 0
771 8038501 179 769 179 0
772 2783193 178 651735 178 0
773 651735 178 2783193 178 0
774 769453 177 769453 177 1
775 2807022 177 1541654 177 0
776 1541654 177 2807022 177 0
777 3651504 176 3651504 176 1
778 8167339 176 2922433 176 0
779 2922433 176 8167339 176 0
780 7893285 175 1310532 175 0
781 4482298 175 7893285 175 0
782 1310532 175 4482298 175 0
783 9243023 174 9243023 174 1
784 2406085 174 2406085 174 1
785 785 174 785 174 1
786 3969902 173 8590879 173 0
787 8590879 173 8897863 173 0
788 8897863 173 3969902 173 0
789 3721055 172 8191557 172 0
790 6833055 172 6833055 172 1
791 8191557 172 3721055 172 0
792 9479541 171 794 171 0
793 5864872 171 9479541 171 0
794 794 171 5864872 171 0
795 2495082 170 7502794 170 0
796 7502794 170 2495082 170 0
797 1196230 170 5838336 170 0
798 5838336 170 1196230 170 0
799 1608823 169 8516191 169 0
800 8516191 169 9521010 169 0
801 9521010 169 1608823 169 0
802 8915692 168 8306334 168 0
803 8159934 168 8915692 168 0
804 8306334 168 8159934 168 0
805 6554669 167 27659 167 0
806 6781221 167 6554669 167 0
807 27659 167 6781221 167 0
808 8473843 166 8944855 166 0
809 4009456 166 8473843 166 0
810 8944855 166 4009456 166 0
811 813 165 537630 165 0
812 537630 165 706795 165 0
813 8579441 165 813 165 0
814 706795 165 8579441 165 0
815 9533128 164 9533128 164 1
816 9502308 164 9502308 164 1
817 6989028 164 6989028 164 1
818 1612248 163 8519549 163 0
819 230996 163 230996 163 1
820 8519549 163 1612248 163 0
821 4086199 162 4086199 162 1
822 823 162 823 162 1
823 9507991 162 2944663 162 0
824 2944663 162 9507991 162 0
825 9833533 161 9833533 161 1
826 9565550 161 1142747 161 0
827 1142747 161 9565550 161 0
828 6495892 160 3619045 160 0
829 9681319 160 7254102 160 0
830 7254102 160 9681319 160 0
831 3619045 160 6495892 160 0
832 9830206 159 9826103 159 0
833 6718850 159 9830206 159 0
834 9826103 159 6718850 159 0
835 7147412 158 7147412 158 1
836 5132190 158 5466670 158 0
837 5466670 158 5132190 158 0
838 9016879 158 9016879 158 1
839 343116 157 343116 157 1
840 7284675 157 2363754 157 0
841 2363754 157 7284675 157 0
842 97722 156 5464282 156 0
843 844 156 844 156 1
844 9260858 156 9260858 156 1
845 5464282 156 97722 156 0
846 6140743 155 6140743 155 1
847 9204683 155 849 155 0
848 849 155 9204683 155 0
849 8117415 155 8117415 155 1
850 7927644 154 7210190 154 0
851 9071382 154 7927644 154 0
852 7210190 154 9071382 154 0
853 4944996 153 856 153 0
854 5629403 153 8259783 153 0
855 856 153 4944996 153 0
856 8259783 153 5629403 153 0
857 857 152 857 152 1
858 2472318 152 8524525 152 0
859 8524525 152 4257770 152 0
860 4257770 152 2472318 152 0
861 6855209 151 864 151 0
862 7111572 151 7111572 151 1
863 4426821 151 6855209 151 0
864 864 151 4426821 151 0
865 8299836 150 8299836 150 1
866 2900617 150 2900617 150 1
867 1738451 150 1738451 150 1
868 5691724 149 937191 149 0
869 3335247 149 3335247 149 1
870 937191 149 3688338 149 0
871 3688338 149 5691724 149 0
872 9666567 148 2284200 148 0
873 9989723 148 7075174 148 0
874 2284200 148 9989723 148 0
875 7075174 148 9666567 148 0
876 2494989 147 2494989 147 1
877 391307 147 2446779 147 0
878 879 147 879 147 1
879 2446779 147 391307 147 0
880 8035021 146 5431797 146 0
881 5431797 146 8035021 146 0
882 1146662 146 4402141 146 0
883 4402141 146 1146662 146 0
884 8945043 145 4047543 145 0
885 2922550 145 2922550 145 1
886 7050661 145 8945043 145 0
887 4047543 145 7050661 145 0
888 7425579 144 33400 144 0
889 5369897 144 3008199 144 0
890 33400 144 5369897 144 0
891 3008199 144 7425579 144 0
892 893 143 1025359 143 0
893 1025359 143 3808064 143 0
894 3808064 143 893 143 0
895 1405170 143 1405170 143 1
896 1607309 143 1607309 143 1
897 327883 142 7692514 142 0
898 9851784 142 9851784 142 1
899 900 142 900 142 1
900 7692514 142 327883 142 0
901 2570630 141 2570630 141 1
902 88668 141 6191445 141 0
903 6191445 141 88668 141 0
904 3968700 141 3968700 141 1
905 2922463 140 3171090 140 0
906 7720610 140 2922463 140 0
907 5860778 140 7720610 140 0
908 3171090 140 5860778 140 0
909 910 139 912 139 0
910 912 139 4843278 139 0
911 4843278 139 910 139 0
912 6472351 139 5643966 139 0
913 5643966 139 6472351 139 0
914 8738114 138 1986366 138 0
915 2883327 138 2883327 138 1
916 1986366 138 8738114 138 0
917 917 138 917 138 1
918 921 137 3864667 137 0
919 8551065 137 1037650 137 0
920 3524698 137 921 137 0
921 3864667 137 8551065 137 0
922 1037650 137 3524698 137 0
923 103181 136 6125045 136 0
924 5795399 136 1622452 136 0
925 6125045 136 103181 136 0
926 1622452 136 5795399 136 0
927 9353831 135 1045366 135 0
928 7383761 135 7383761 135 1
929 1045366 135 9353831 135 0
930 2040083 135 2040083 135 1
931 8225707 135 8225707 135 1
932 932 134 932 134 1
933 9601223 134 9601223 134 1
934 1906414 134 1906414 134 1
935 7292186 134 7292186 134 1
936 4555317 133 6935178 133 0
937 2384031 133 4247488 133 0
938 936 133 936 133 1
939 6935178 133 4555317 133 0
940 4247488 133 2384031 133 0
941 2770481 132 8329710 132 0
942 8329710 132 999293 132 0
943 945 132 2770481 132 0
944 999293 132 945 132 0
945 6023858 132 6023858 132 1
946 3795008 131 3795008 131 1
947 3291593 131 6960094 131 0
948 9551495 131 7685169 131 0
949 6960094 131 9551495 131 0
950 7685169 131 3291593 131 0
951 3575802 130 3575802 130 1
952 1033764 130 2434973 130 0
953 1364679 130 1364679 130 1
954 7836512 130 1033764 130 0
955 2434973 130 7836512 130 0
956 7961501 129 550416 129 0
957 958 129 7961501 129 0
958 550416 129 9623626 129 0
959 9623626 129 3022575 129 0
960 3022575 129 958 129 0
961 4665440 128 6753904 128 0
962 6753904 128 5605338 128 0
963 370255 128 4665440 128 0
964 5605338 128 3363581 128 0
965 3363581 128 370255 128 0
966 967 127 2659436 127 0
967 2659436 127 7019183 127 0
968 7019183 127 967 127 0
969 1733321 127 7804189 127 0
970 7804189 127 1733321 127 0
971 2037575 126 6795822 126 0
972 204447 126 5699182 126 0
973 5699182 126 2037575 126 0
974 6795822 126 2898988 126 0
975 2898988 126 204447 126 0
976 7381382 125 7381382 125 1
977 4779425 125 4779425 125 1
978 1620558 125 1620558 125 1
979 979 125 979 125 1
980 7750741 125 7750741 125 1
981 9365650 124 6328794 124 0
982 1537313 124 985 124 0
983 985 124 9365650 124 0
984 6328794 124 1537313 124 0
985 9816660 124 9816660 124 1
986 2779350 123 987 123 0
987 6217633 123 6217633 123 1
988 4861071 123 990 123 0
989 990 123 4861071 123 0
990 4150486 123 2779350 123 0
991 987 123 4150486 123 0
992 8005480 122 2702298 122 0
993 1882546 122 8005480 122 0
994 2702298 122 994 122 0
995 9447883 122 9447883 122 1
996 994 122 1882546 122 0
997 8739541 121 3276697 121 0
998 8130421 121 2335328 121 0
999 3276697 121 7315008 121 0
1000 2090565 121 2090565 121 1
1001 7315008 121 8130421 121 0
1002 2335328 121 8739541 121 0
1003 8796981 120 6190782 120 0
1004 2756956 120 7126214 120 0
1005 6190782 120 2534803 120 0
1006 7126214 120 8796981 120 0
1007 2534803 120 2756956 120 0
1008 9085357 119 9085357 119 1
1009 7759203 119 7759203 119 1
1010 5402930 119 936678 119 0
1011 936678 119 1011 119 0
1012 6237017 119 5402930 119 0
1013 1011 119 6237017 119 0
1014 1016 118 9553946 118 0
1015 9553946 118 3705152 118 0
1016 3705152 118 2885443 118 0
1017 6194961 118 6194961 118 1
1018 9435246 118 9435246 118 1
1019 2885443 118 1016 118 0
1020 942966 117 5139257 117 0
1021 5139257 117 4758952 117 0
1022 6136765 117 6136765 117 1
1023 5003832 117 5003832 117 1
1024 4758952 117 942966 117 0
1025 1020 117 1020 117 1
1026 2825137 116 6076874 116 0
1027 9960346 116 9960346 116 1
1028 4812217 116 2825137 116 0
1029 4334992 116 4812217 116 0
1030 6076874 116 4334992 116 0
1031 7493023 115 6919541 115 0
1032 8725436 115 6159203 115 0
1033 6919541 115 8725436 115 0
1034 3462564 115 159810 115 0
1035 159810 115 7493023 115 0
1036 6159203 115 3462564 115 0
1037 1038 114 1038 114 1
1038 3285724 114 6044856 114 0
1039 3193206 114 3193206 114 1
1040 7692873 114 3285724 114 0
1041 1037 114 7692873 114 0
1042 6044856 114 3393759 114 0
1043 3393759 114 1037 114 0
1044 5208466 113 5571956 113 0
1045 7303075 113 9224503 113 0
1046 2190338 113 9917381 113 0
1047 5571956 113 5208466 113 0
1048 9224503 113 7303075 113 0
1049 9917381 113 2190338 113 0
1050 5967091 112 7650791 112 0
1051 7650791 112 5967091 112 0
1052 7269919 112 7269919 112 1
1053 7128910 112 6861672 112 0
1054 6861672 112 7128910 112 0
1055 2454098 112 2454098 112 1
1056 1057 111 3160537 111 0
1057 1059 111 2776844 111 0
1058 2776844 111 6883631 111 0
1059 3160537 111 4237759 111 0
1060 6883631 111 1059 111 0
1061 4237759 111 1057 111 0
1062 4896458 110 9222373 110 0
1063 3628442 110 4246129 110 0
1064 3773470 110 5482766 110 0
1065 9222373 110 4896458 110 0
1066 4246129 110 9406529 110 0
1067 9406529 110 3628442 110 0
1068 5482766 110 3773470 110 0
1069 8505936 109 5419215 109 0
1070 1072 109 4909309 109 0
1071 4098925 109 4098925 109 1
1072 5419215 109 6585584 109 0
1073 4909309 109 8505936 109 0
1074 6585584 109 1072 109 0
1075 3296830 108 4132538 108 0
1076 7371621 108 9398031 108 0
1077 6660577 108 842433 108 0
1078 9398031 108 2436135 108 0
1079 842433 108 3296830 108 0
1080 4132538 108 6660577 108 0
1081 2436135 108 7371621 108 0
1082 5822138 107 4876655 107 0
1083 4876655 107 5822138 107 0
1084 5714314 107 5714314 107 1
1085 3001812 107 9434515 107 0
1086 5479606 107 7242380 107 0
1087 9434515 107 5479606 107 0
1088 7242380 107 3001812 107 0
1089 8276959 106 7836206 106 0
1090 7836206 106 8276959 106 0
1091 3814731 106 3814731 106 1
1092 5543230 106 3801511 106 0
1093 3171910 106 3171910 106 1
1094 3801511 106 5543230 106 0
1095 1089 106 1089 106 1
1096 1677823 105 1557604 105 0
1097 1099 105 1677823 105 0
1098 1012070 105 1099 105 0
1099 1557604 105 1012070 105 0
1100 964762 105 3256266 105 0
1101 3256266 105 5247008 105 0
1102 5247008 105 964762 105 0
1103 8322754 104 5340519 104 0
1104 9938528 104 9183977 104 0
1105 7623087 104 8322754 104 0
1106 5340519 104 9475635 104 0
1107 6719334 104 6719334 104 1
1108 9475635 104 9938528 104 0
1109 9183977 104 7623087 104 0
1110 7252783 103 1115 103 0
1111 6735714 103 9987789 103 0
1112 6735124 103 8189082 103 0
1113 7964720 103 7252783 103 0
1114 8189082 103 6735124 103 0
1115 9987789 103 6735714 103 0
1116 1115 103 7964720 103 0
1117 305639 102 1123 102 0
1118 1341473 102 1341473 102 1
1119 686388 102 5630910 102 0
1120 8833387 102 8833387 102 1
1121 5630910 102 3371039 102 0
1122 3371039 102 305639 102 0
1123 1123 102 686388 102 0
1124 3773918 101 3773918 101 1
1125 9572767 101 1127 101 0
1126 1127 101 1128 101 0
1127 1128 101 1130 101 0
1128 266191 101 970781 101 0
1129 1130 101 9572767 101 0
1130 3793619 101 3793619 101 1
1131 970781 101 266191 101 0
1132 6820993 100 5505718 100 0
1133 790348 100 790348 100 1
1134 3117895 100 3117895 100 1
1135 3122017 100 7676129 100 0
1136 5505718 100 6820993 100 0
1137 7676129 100 4466120 100 0
1138 4466120 100 3122017 100 0
1139 9299396 99 4149383 99 0
1140 1140 99 132735 99 0
1141 132735 99 9299396 99 0
1142 569679 99 569679 99 1
1143 6172546 99 1140 99 0
1144 4149383 99 1236447 99 0
1145 5379229 99 5379229 99 1
1146 1236447 99 6172546 99 0
1147 1149 98 4294967295 0 0
1148 1235199 98 4294967295 0 0
1149 8395456 98 4294967295 0 0
1150 5527840 98 4294967295 0 0
1151 5321155 98 4294967295 0 0
1152 7153493 98 4294967295 0 0
1153 7105642 98 4294967295 0 0
1154 8398402 98 4294967295 0 0
1155 4408074 97 4294967295 0 0
1156 7317365 97 4294967295 0 0
1157 5977459 97 4294967295 0 0
1158 1373561 97 4294967295 0 0
1159 1162 97 4294967295 0 0
1160 8146088 97 4294967295 0 0
1161 4133777 97 4294967295 0 0
1162 1159 97 4294967295 0 0
1163 2906264 96 4294967295 0 0
1164 8159362 96 4294967295 0 0
1165 4263526 96 4294967295 0 0
1166 82925 96 4294967295 0 0
1167 3234343 96 4294967295 0 0
1168 1103672 96 4294967295 0 0
1169 6075474 96 4294967295 0 0
1170 5356554 96 4294967295 0 0
1171 1173 95 4294967295 0 0
1172 7365405 95 4294967295 0 0
1173 606135 95 4294967295 0 0
1174 3167635 95 4294967295 0 0
1175 5627310 95 4294967295 0 0
1176 8699629 95 4294967295 0 0
1177 4906325 95 4294967295 0 0
1178 2512202 95 4294967295 0 0
1179 3920313 94 4294967295 0 0
1180 7156840 94 4294967295 0 0
1181 60909 94 4294967295 0 0
1182 2802560 94 4294967295 0 0
1183 3768967 94 4294967295 0 0
1184 810260 94 4294967295 0 0
1185 1179 94 4294967295 0 0
1186 3910795 94 4294967295 0 0
1187 5172648 94 4294967295 0 0
1188 477908 93 4294967295 0 0
1189 4847788 93 4294967295 0 0
1190 7185736 93 4294967295 0 0
1191 2633229 93 4294967295 0 0
1192 5806534 93 4294967295 0 0
1193 8209389 93 4294967295 0 0
1194 2761045 93 4294967295 0 0
1195 1189 93 4294967295 0 0
1196 8295327 92 4294967295 0 0
1197 8615368 92 4294967295 0 0
1198 4374601 92 4294967295 0 0
1199 2242883 92 4294967295 0 0
1200 4324271 92 4294967295 0 0
1201 2042750 92 4294967295 0 0
1202 3403360 92 4294967295 0 0
1203 8658116 92 4294967295 0 0
1204 422057 92 4294967295 0 0
1205 6829562 91 4294967295 0 0
1206 6384988 91 4294967295 0 0
1207 3215566 91 4294967295 0 0
1208 3436217 91 4294967295 0 0
1209 1209 91 4294967295 0 0
1210 653653 91 4294967295 0 0
1211 1641391 91 4294967295 0 0
1212 750770 91 4294967295 0 0
1213 7368567 91 4294967295 0 0
1214 4979112 90 4294967295 0 0
1215 5426716 90 4294967295 0 0
1216 9145417 90 4294967295 0 0
1217 8663591 90 4294967295 0 0
1218 1261476 90 4294967295 0 0
1219 7637938 90 4294967295 0 0
1220 4887100 90 4294967295 0 0
1221 466525 90 4294967295 0 0
1222 7625555 90 4294967295 0 0
1223 7112769 89 4294967295 0 0
1224 7099218 89 4294967295 0 0
1225 4244354 89 4294967295 0 0
1226 1068949 89 4294967295 0 0
1227 6862505 89 4294967295 0 0
1228 8367145 89 4294967295 0 0
1229 1623805 89 4294967295 0 0
1230 8864082 89 4294967295 0 0
1231 7799893 89 4294967295 0 0
1232 1520627 88 4294967295 0 0
1233 5383843 88 4294967295 0 0
1234 477376 88 4294967295 0 0
1235 2112034 88 4294967295 0 0
1236 4910518 88 4294967295 0 0
1237 1701587 88 4294967295 0 0
1238 1235 88 4294967295 0 0
1239 1234 88 4294967295 0 0
1240 198135 88 4294967295 0 0
1241 4858149 87 4294967295 0 0
1242 2146417 87 4294967295 0 0
1243 8097008 87 4294967295 0 0
1244 6068918 87 4294967295 0 0
1245 3972329 87 4294967295 0 0
1246 6203576 87 4294967295 0 0
1247 1662285 87 4294967295 0 0
