9994129 55555 0.000010
0 1039553 5096028 1039553 5096028 1
1 1334798 1515058 1334798 1515058 1
2 4211539 745194 4211539 745194 1
3 3137304 450429 3137304 450429 1
4 7084740 304814 7084740 304814 1
5 4778440 221548 4778440 221548 1
6 6133043 169165 6133043 169165 1
7 1321801 133913 1321801 133913 1
8 3602344 108970 3602344 108970 1
9 3444396 90622 3444396 90622 1
10 6406523 76700 6406523 76700 1
11 3152748 65867 3152748 65867 1
12 5048708 57257 5048708 57257 1
13 4767725 50293 4767725 50293 1
14 2470347 44573 2470347 44573 1
15 9792592 39813 9792592 39813 1
16 16 35805 16 35805 1
17 17 32397 17 32397 1
18 3841286 29472 3841286 29472 1
19 5561446 26942 5561446 26942 1
20 5541905 24737 5541905 24737 1
21 1622023 22803 1622023 22803 1
22 9366026 21096 9366026 21096 1
23 6749807 19582 6749807 19582 1
24 2102122 18232 2102122 18232 1
25 25 17023 25 17023 1
26 5935020 15935 5935020 15935 1
27 9709277 14952 9709277 14952 1
28 5619599 14062 5619599 14062 1
29 1751403 13252 1751403 13252 1
30 8197054 12513 8197054 12513 1
31 8448207 11836 8448207 11836 1
32 1615449 11216 1615449 11216 1
33 2612563 10645 2612563 10645 1
34 7050751 10118 7050751 10118 1
35 4976239 9632 4976239 9632 1
36 7088296 9181 7088296 9181 1
37 8181905 8762 8181905 8762 1
38 38 8373 38 8373 1
39 1957559 8010 1957559 8010 1
40 5818068 7671 5818068 7671 1
41 4852100 7354 4852100 7354 1
42 4132839 7058 4132839 7058 1
43 43 6779 43 6779 1
44 9503514 6518 9503514 6518 1
45 45 6272 45 6272 1
46 8932064 6040 8932064 6040 1
47 7395632 5822 7395632 5822 1
48 6267130 5616 6267130 5616 1
49 1105939 5420 1105939 5420 1
50 4818817 5236 4818817 5236 1
51 2202971 5061 2202971 5061 1
52 678277 4895 678277 4895 1
53 9466253 4737 9466253 4737 1
54 7215871 4588 7215871 4588 1
55 1042365 4445 1042365 4445 1
56 4401624 4310 4401624 4310 1
57 57 4181 57 4181 1
58 8752557 4057 8752557 4057 1
59 9234490 3940 9234490 3940 1
60 9265404 3827 9265404 3827 1
61 7217155 3720 7217155 3720 1
62 7741560 3617 7741560 3617 1
63 7752085 3519 7752085 3519 1
64 4249730 3425 4249730 3425 1
65 65 3334 65 3334 1
66 2748601 3248 2748601 3248 1
67 6457397 3165 6457397 3165 1
68 68 3085 68 3085 1
69 1086211 3008 1086211 3008 1
70 5676427 2934 5676427 2934 1
71 2806316 2864 2806316 2864 1
72 4427936 2795 4427936 2795 1
73 7422436 2729 7422436 2729 1
74 4575700 2666 4575700 2666 1
75 5667401 2605 5667401 2605 1
76 3971389 2546 3971389 2546 1
77 509928 2489 509928 2489 1
78 832383 2434 832383 2434 1
79 5828992 2381 5828992 2381 1
80 736761 2330 736761 2330 1
81 7823074 2281 7823074 2281 1
82 2610898 2233 2610898 2233 1
83 83 2186 83 2186 1
84 3836307 2142 3836307 2142 1
85 2139337 2098 2139337 2098 1
86 6173501 2056 6173501 2056 1
87 87 2016 87 2016 1
88 6970913 1976 6970913 1976 1
89 170181 1938 170181 1938 1
90 6797971 1901 6797971 1901 1
91 9307760 1865 9307760 1865 1
92 9760366 1830 9760366 1830 1
93 463070 1796 463070 1796 1
94 94 1763 94 1763 1
95 1034491 1731 1034491 1731 1
96 6298523 1700 6298523 1700 1
97 2567063 1669 2567063 1669 1
98 98 1640 98 1640 1
99 6216239 1612 6216239 1612 1
100 302443 1584 302443 1584 1
101 101 1557 101 1557 1
102 7368653 1530 7368653 1530 1
103 4896524 1505 4896524 1505 1
104 7473065 1480 7473065 1480 1
105 3883727 1455 3883727 1455 1
106 448087 1432 448087 1432 1
107 2497796 1408 2497796 1408 1
108 8143720 1386 8143720 1386 1
109 5746957 1364 5746957 1364 1
110 3365977 1343 3365977 1343 1
111 111 1322 111 1322 1
112 1551629 1301 1551629 1301 1
113 113 1281 113 1281 1
114 5127386 1262 5127386 1262 1
115 115 1243 115 1243 1
116 8774190 1224 8774190 1224 1
117 8436799 1206 8436799 1206 1
118 118 1189 118 1189 1
119 1623703 1171 1623703 1171 1
120 4488972 1154 4488972 1154 1
121 6973796 1138 6973796 1138 1
122 122 1122 122 1122 1
123 6555360 1106 6555360 1106 1
124 4157301 1091 4157301 1091 1
125 6271296 1075 6271296 1075 1
126 5648942 1061 5648942 1061 1
127 5382233 1046 5382233 1046 1
128 3993568 1032 3993568 1032 1
129 6088434 1018 6088434 1018 1
130 9612438 1005 9612438 1005 1
131 7509482 991 7509482 991 1
132 6456036 978 6456036 978 1
133 3612666 966 3612666 966 1
134 8758696 953 8758696 953 1
135 4368354 941 4368354 941 1
136 8582095 929 8582095 929 1
137 137 917 137 917 1
138 7767300 906 7767300 906 1
139 622912 894 622912 894 1
140 9541397 883 9541397 883 1
141 8758988 872 8758988 872 1
142 6554385 862 6554385 862 1
143 9533265 851 9533265 851 1
144 3991398 841 3991398 841 1
145 1409387 831 1409387 831 1
146 2480029 821 2480029 821 1
147 147 811 147 811 1
148 4950038 802 4950038 802 1
149 6797852 793 6797852 793 1
150 6010152 783 6010152 783 1
151 8322280 774 8322280 774 1
152 152 766 152 766 1
153 9524891 757 9524891 757 1
154 772542 748 772542 748 1
155 4922971 740 4922971 740 1
156 2545163 732 2545163 732 1
157 2627107 724 2627107 724 1
158 8090588 716 8090588 716 1
159 3048932 708 3048932 708 1
160 9423218 700 9423218 700 1
161 4893440 693 4893440 693 1
162 438817 685 438817 685 1
163 8521691 678 8521691 678 1
164 190280 671 190280 671 1
165 5580835 664 5580835 664 1
166 9576574 657 9576574 657 1
167 4794101 650 4794101 650 1
168 6729913 643 6729913 643 1
169 2154098 637 2154098 637 1
170 432895 630 432895 630 1
171 9363808 624 9363808 624 1
172 6907295 618 6907295 618 1
173 3240780 611 3240780 611 1
174 174 605 174 605 1
175 175 599 175 599 1
176 4288623 593 4288623 593 1
177 7704295 587 7704295 587 1
178 9512579 582 9512579 582 1
179 6095681 576 6095681 576 1
180 6578590 571 6578590 571 1
181 181 565 181 565 1
182 182 560 182 560 1
183 4038686 554 4038686 554 1
184 184 549 184 549 1
185 9879203 544 9879203 544 1
186 8913949 539 8913949 539 1
187 7432308 534 7432308 534 1
188 5517840 529 5517840 529 1
189 2491882 524 2491882 524 1
190 8302373 519 8302373 519 1
191 6546311 515 6546311 515 1
192 5225977 510 5225977 510 1
193 193 505 193 505 1
194 4028464 501 4028464 501 1
195 6384861 496 6384861 496 1
196 1124658 492 1124658 492 1
197 5353187 488 5353187 488 1
198 4551515 483 4551515 483 1
199 737008 479 737008 479 1
200 7897924 475 7897924 475 1
201 6460767 471 6460767 471 1
202 8610409 467 8610409 467 1
203 2891872 463 2891872 463 1
204 4751813 459 4751813 459 1
205 465269 455 465269 455 1
206 3162508 451 3162508 451 1
207 4268356 447 4268356 447 1
208 9308562 444 9308562 444 1
209 238557 440 238557 440 1
210 6851653 436 6851653 436 1
211 5747514 433 5747514 433 1
212 2811052 429 2811052 429 1
213 4547674 426 4547674 426 1
214 8787004 422 8787004 422 1
215 1774061 419 1774061 419 1
216 216 415 216 415 1
217 1027573 412 1027573 412 1
218 2615140 409 2615140 409 1
219 4700162 406 4700162 406 1
220 7941122 402 7941122 402 1
221 2547902 399 2547902 399 1
222 2183827 396 2183827 396 1
223 1148627 393 1148627 393 1
224 8512732 390 8512732 390 1
225 5491079 387 5491079 387 1
226 9323702 384 9323702 384 1
227 719093 381 719093 381 1
228 673407 378 673407 378 1
229 4679021 375 4679021 375 1
230 1194314 372 1194314 372 1
231 8459317 370 8459317 370 1
232 232 367 232 367 1
233 233 364 233 364 1
234 8609497 361 8609497 361 1
235 6027228 359 6027228 359 1
236 7639695 356 7639695 356 1
237 676094 353 676094 353 1
238 7633046 351 7633046 351 1
239 8358773 348 8358773 348 1
240 9679071 346 9679071 346 1
241 303916 343 303916 343 1
242 21522 341 21522 341 1
243 9355040 338 9355040 338 1
244 6975580 336 6975580 336 1
245 1656888 333 1656888 333 1
246 1482929 331 1482929 331 1
247 6756458 329 6756458 329 1
248 614072 326 614072 326 1
249 2404366 324 2404366 324 1
250 9244073 322 9244073 322 1
251 7432945 320 7432945 320 1
252 9343886 318 9343886 318 1
253 7375426 315 7375426 315 1
254 4704406 313 4704406 313 1
255 231244 311 231244 311 1
256 8028416 309 8028416 309 1
257 9506573 307 9506573 307 1
258 9780790 305 9780790 305 1
259 8659422 303 8659422 303 1
260 2868941 301 2868941 301 1
261 8130370 299 8130370 299 1
262 9938174 297 9938174 297 1
263 6868924 295 6868924 295 1
264 7936923 293 7936923 293 1
265 1168780 291 1168780 291 1
266 9414406 289 9414406 289 1
267 267 287 267 287 1
268 8549770 285 8549770 285 1
269 6067145 283 6067145 283 1
270 6306962 282 6306962 282 1
271 9805126 280 9805126 280 1
272 928570 278 928570 278 1
273 1633814 276 1633814 276 1
274 2514858 274 2514858 274 1
275 42339 273 42339 273 1
276 796346 271 796346 271 1
277 1920346 269 1920346 269 1
278 4349113 268 4349113 268 1
279 9553112 266 9553112 266 1
280 1236292 264 1236292 264 1
281 8344541 263 8344541 263 1
282 7477169 261 7477169 261 1
283 2696880 259 2696880 259 1
284 8612708 258 8612708 258 1
285 862194 256 862194 256 1
286 286 255 286 255 1
287 287 253 287 253 1
288 288 252 288 252 1
289 9242110 250 9242110 250 1
290 7255572 249 7255572 249 1
291 2887928 247 2887928 247 1
292 292 246 292 246 1
293 293 244 293 244 1
294 294 243 294 243 1
295 3869514 241 3869514 241 1
296 296 240 296 240 1
297 6037879 238 6037879 238 1
298 4908297 237 4908297 237 1
299 8070840 236 8070840 236 1
300 300 234 300 234 1
301 2773854 233 2773854 233 1
302 371405 232 371405 232 1
303 2268861 230 2268861 230 1
304 50020 229 50020 229 1
305 6115677 228 6115677 228 1
306 3724198 226 3724198 226 1
307 7792207 225 7792207 225 1
308 1324447 224 1324447 224 1
309 7447559 223 7447559 223 1
310 50139 221 50139 221 1
311 2201885 220 2201885 220 1
312 3529458 219 3529458 219 1
313 442479 218 442479 218 1
314 529628 216 529628 216 1
315 5385372 215 5385372 215 1
316 9958128 214 9958128 214 1
317 7569061 213 7569061 213 1
318 9094667 212 9094667 212 1
319 2725555 210 2725555 210 1
320 320 209 320 209 1
321 3396942 208 3396942 208 1
322 2237715 207 2237715 207 1
323 4545179 206 4545179 206 1
324 4368652 205 4368652 205 1
325 2389422 204 2389422 204 1
326 3014990 203 3014990 203 1
327 468563 202 468563 202 1
328 9704765 201 9704765 201 1
329 1111927 199 1111927 199 1
330 1874597 198 1874597 198 1
331 5382349 197 5382349 197 1
332 8405167 196 8405167 196 1
333 9273767 195 9273767 195 1
334 9690227 194 9690227 194 1
335 9332136 193 9332136 193 1
336 1769401 192 1769401 192 1
337 7393579 191 7393579 191 1
338 2343517 190 2343517 190 1
339 4307791 189 4307791 189 1
340 852138 188 852138 188 1
341 341 187 341 187 1
342 342 186 342 186 1
343 9338315 185 9338315 185 1
344 4637871 185 4637871 185 1
345 8576206 184 8576206 184 1
346 346 183 346 183 1
347 1124938 182 1124938 182 1
348 8241752 181 8241752 181 1
349 6583060 180 6583060 180 1
350 1636802 179 1636802 179 1
351 3028323 178 3028323 178 1
352 3140608 177 3140608 177 1
353 354 176 354 176 1
354 2567560 176 2567560 176 1
355 355 175 355 175 1
356 9958664 174 9958664 174 1
357 2530398 173 2530398 173 1
358 8060135 172 8060135 172 1
359 8882576 171 8882576 171 1
360 5887704 170 5887704 170 1
361 234484 170 234484 170 1
362 4100845 169 4100845 169 1
363 7961197 168 7961197 168 1
364 8453000 167 8453000 167 1
365 2554116 166 2554116 166 1
366 6891020 166 6891020 166 1
367 7566340 165 7566340 165 1
368 368 164 368 164 1
369 4912338 163 4912338 163 1
370 587166 162 587166 162 1
371 2935740 162 2935740 162 1
372 9112575 161 9112575 161 1
373 5701322 160 5701322 160 1
374 6421252 159 6112591 159 0
375 6112591 159 6421252 159 0
376 2556990 158 2556990 158 1
377 7361539 157 3444532 157 0
378 3444532 157 7361539 157 0
379 163395 156 163395 156 1
380 8103535 155 8103535 155 1
381 382 154 382 154 1
382 9794837 154 9794837 154 1
383 6876830 153 6876830 153 1
384 7525747 152 7525747 152 1
385 9398911 152 9398911 152 1
386 2952995 151 2952995 151 1
387 8797389 150 9165661 150 0
388 9165661 150 8797389 150 0
389 389 149 389 149 1
390 8688871 148 1598212 148 0
391 1598212 148 8688871 148 0
392 160381 147 160381 147 1
393 922356 146 922356 146 1
394 3321446 146 3321446 146 1
395 9591774 145 9591774 145 1
396 7811628 144 6516674 144 0
397 6516674 144 7811628 144 0
398 7272772 143 7272772 143 1
399 3191532 142 3191532 142 1
400 891140 142 891140 142 1
401 402 141 402 141 1
402 8546836 141 8546836 141 1
403 9815448 140 9815448 140 1
404 405 139 8211117 139 0
405 8211117 139 405 139 0
406 1871175 138 1871175 138 1
407 7465056 138 7465056 138 1
408 1648994 137 1648994 137 1
409 409 136 409 136 1
410 727885 136 727885 136 1
411 7355198 135 7355198 135 1
412 6156958 135 6156958 135 1
413 7185338 134 3585881 134 0
414 3585881 134 7185338 134 0
415 9210616 133 9210616 133 1
416 416 132 416 132 1
417 6824405 132 6824405 132 1
418 3607721 131 3607721 131 1
419 2331773 131 2331773 131 1
420 420 130 420 130 1
421 421 130 421 130 1
422 7333496 129 7333496 129 1
423 2415768 129 2415768 129 1
424 6626112 128 6626112 128 1
425 5387753 128 5387753 128 1
426 3498654 127 8006384 127 0
427 8006384 127 3498654 127 0
428 9549535 126 4818440 126 0
429 4818440 126 9549535 126 0
430 8416280 125 8416280 125 1
431 6609818 124 6609818 124 1
432 2954668 124 2954668 124 1
433 5714036 123 5714036 123 1
434 4408511 123 4408511 123 1
435 1049034 122 437 122 0
436 437 122 436 122 0
437 436 122 1049034 122 0
438 8586761 121 8586761 121 1
439 9411772 121 9411772 121 1
440 6808351 120 6808351 120 1
441 8265720 120 8265720 120 1
442 6991417 119 8242452 119 0
443 8242452 119 6991417 119 0
444 445 118 7779208 118 0
445 7779208 118 445 118 0
446 9405892 117 9405892 117 1
447 2027724 117 2027724 117 1
448 448 116 448 116 1
449 1864777 116 1864777 116 1
450 2426983 115 450 115 0
451 450 115 2426983 115 0
452 9667976 115 9667976 115 1
453 4589939 114 4589939 114 1
454 4568516 114 4568516 114 1
455 4743150 113 1966488 113 0
456 1966488 113 4743150 113 0
457 6641958 112 6641958 112 1
458 6453909 112 6453909 112 1
459 7803478 112 7803478 112 1
460 461 111 1040440 111 0
461 1040440 111 461 111 0
462 463 110 463 110 1
463 8076817 110 8076817 110 1
464 4224978 109 2860008 109 0
465 2860008 109 7779943 109 0
466 7779943 109 4224978 109 0
467 468 108 4145247 108 0
468 4145247 108 468 108 0
469 6152239 107 471 107 0
470 471 107 6152239 107 0
471 6416869 107 6416869 107 1
472 5413836 106 5413836 106 1
473 6831866 106 6831866 106 1
474 3361148 105 3361148 105 1
475 1631696 105 1631696 105 1
476 2569951 105 2569951 105 1
477 8568834 104 3521172 104 0
478 3521172 104 8568834 104 0
479 477 104 477 104 1
480 480 103 9809225 103 0
481 9809225 103 480 103 0
482 9291433 102 9289126 102 0
483 3616602 102 3616602 102 1
484 9289126 102 9291433 102 0
485 6384896 101 5674083 101 0
486 6690235 101 6384896 101 0
487 5674083 101 6690235 101 0
488 3751487 100 3751487 100 1
489 4046608 100 4046608 100 1
490 9225138 100 9225138 100 1
491 4332798 99 492 99 0
492 492 99 4332798 99 0
493 33900 98 4294967295 0 0
494 1884924 98 4294967295 0 0
495 1195402 98 4294967295 0 0
496 1299196 97 4294967295 0 0
497 2457628 97 4294967295 0 0
498 4719567 97 4294967295 0 0
499 1047730 96 4294967295 0 0
500 2893271 96 4294967295 0 0
501 6136948 96 4294967295 0 0
502 5601722 95 4294967295 0 0
503 1868659 95 4294967295 0 0
504 751857 95 4294967295 0 0
505 505 94 4294967295 0 0
506 507 94 4294967295 0 0
507 1362345 94 4294967295 0 0
508 4422 93 4294967295 0 0
509 2053578 93 4294967295 0 0
510 7795021 93 4294967295 0 0
511 8225350 92 4294967295 0 0
512 2483776 92 4294967295 0 0
513 7198607 92 4294967295 0 0
514 7967958 92 4294967295 0 0
515 9199303 91 4294967295 0 0
516 517 91 4294967295 0 0
517 7431640 91 4294967295 0 0
518 520 90 4294967295 0 0
519 9966506 90 4294967295 0 0
520 467405 90 4294967295 0 0
521 5594389 89 4294967295 0 0
522 521 89 4294967295 0 0
523 4355423 89 4294967295 0 0
524 4100272 89 4294967295 0 0
525 607309 88 4294967295 0 0
526 948466 88 4294967295 0 0
527 1830977 88 4294967295 0 0
528 2387899 87 4294967295 0 0
529 1996264 87 4294967295 0 0
530 7272128 87 4294967295 0 0
531 694552 86 4294967295 0 0
532 6499788 86 4294967295 0 0
533 2940903 86 4294967295 0 0
534 5031776 86 4294967295 0 0
535 2559643 85 4294967295 0 0
536 6430295 85 4294967295 0 0
537 5051381 85 4294967295 0 0
538 2487656 85 4294967295 0 0
539 9457862 84 4294967295 0 0
540 6989518 84 4294967295 0 0
541 2387965 84 4294967295 0 0
542 5355406 83 4294967295 0 0
543 4019404 83 4294967295 0 0
544 1861473 83 4294967295 0 0
545 7945620 83 4294967295 0 0
546 547 82 4294967295 0 0
547 548 82 4294967295 0 0
548 549 82 4294967295 0 0
549 7352364 82 4294967295 0 0
550 2711642 81 4294967295 0 0
551 4764986 81 4294967295 0 0
552 63057 81 4294967295 0 0
553 1202905 81 4294967295 0 0
554 4682245 80 4294967295 0 0
555 5462913 80 4294967295 0 0
556 5939105 80 4294967295 0 0
557 8610799 80 4294967295 0 0
558 5306657 79 4294967295 0 0
559 5107329 79 4294967295 0 0
560 561 79 4294967295 0 0
561 2447005 79 4294967295 0 0
562 2283643 78 4294967295 0 0
563 1935452 78 4294967295 0 0
564 4794985 78 4294967295 0 0
565 835956 78 4294967295 0 0
566 6228736 77 4294967295 0 0
567 1608644 77 4294967295 0 0
568 1118153 77 4294967295 0 0
569 8948829 77 4294967295 0 0
570 570 76 4294967295 0 0
571 2822571 76 4294967295 0 0
572 9082679 76 4294967295 0 0
573 8334158 76 4294967295 0 0
574 1192208 75 4294967295 0 0
575 6205984 75 4294967295 0 0
576 1385529 75 4294967295 0 0
577 4792694 75 4294967295 0 0
578 575 75 4294967295 0 0
579 3971821 74 4294967295 0 0
580 6229701 74 4294967295 0 0
581 2854400 74 4294967295 0 0
582 2486685 74 4294967295 0 0
583 2574702 73 4294967295 0 0
584 5239904 73 4294967295 0 0
585 8735128 73 4294967295 0 0
586 149223 73 4294967295 0 0
587 694999 73 4294967295 0 0
588 2847978 72 4294967295 0 0
589 9859973 72 4294967295 0 0
590 588 72 4294967295 0 0
591 3807179 72 4294967295 0 0
592 848685 72 4294967295 0 0
593 2759085 71 4294967295 0 0
