999524 55555 0.000010
0 713165 607927 713165 602693 1
1 1 151982 1 150684 1
2 500475 67547 500475 66952 1
3 43295 37995 43295 37651 1
4 288337 24317 288337 24106 1
5 5 16887 5 16741 1
6 811995 12407 811995 12299 1
7 581037 9499 581037 9418 1
8 422708 7505 422708 7438 1
9 454023 6079 454023 6038 1
10 344854 5024 344854 4974 1
11 162370 4222 162370 4177 1
12 656366 3597 656366 3567 1
13 13 3102 13 3069 1
14 151953 2702 151953 2684 1
15 374059 2375 374059 2358 1
16 279048 2104 279048 2088 1
17 278961 1876 278961 1864 1
18 806435 1684 806435 1668 1
19 603003 1520 603003 1510 1
20 549444 1379 549444 1368 1
21 831846 1256 831846 1243 1
22 967024 1149 967024 1139 1
23 313696 1055 313696 1039 1
24 183943 973 183943 965 1
25 604339 899 604339 892 1
26 729111 834 729111 827 1
27 472803 775 472803 766 1
28 835493 723 835493 715 1
29 338292 675 338292 666 1
30 582955 633 582955 628 1
31 809067 594 809067 588 1
32 711224 558 711224 557 1
33 677947 526 677947 520 1
34 330585 496 330585 493 1
35 314060 469 314060 468 1
36 610297 444 610297 442 1
37 37 421 37 418 1
38 533212 400 533212 392 1
39 452801 380 452801 374 1
40 730035 362 730035 360 1
41 735519 345 735519 341 1
42 638830 329 638830 326 1
43 234666 314 234666 311 1
44 497622 300 497622 299 1
45 292877 287 292877 281 1
46 60041 275 60041 274 1
47 966109 264 966109 261 1
48 388464 253 388464 251 1
49 893567 243 893567 243 1
50 202603 234 202603 231 1
51 321680 225 321680 223 1
52 819512 216 819512 213 1
53 743624 208 743624 206 1
54 341525 201 341525 198 1
55 943515 194 943515 193 1
56 603924 187 603924 187 1
57 650301 181 650301 180 1
58 397442 175 397442 171 1
59 843347 169 843347 168 1
60 327852 163 327852 162 1
61 158612 158 158612 157 1
62 62 153 62 152 1
63 213133 148 213133 147 1
64 127067 144 127067 142 1
65 780651 140 780651 140 1
66 280093 135 280093 133 1
67 67 131 67 130 1
68 945426 128 945426 126 1
69 787035 124 787035 124 1
70 274045 121 274045 121 1
71 644947 117 644947 115 1
72 442676 114 442676 114 1
73 349707 111 349707 109 1
74 856802 108 856802 106 1
75 661175 105 661175 105 1
76 98308 103 98308 102 1
77 92754 100 92754 100 1
78 534864 97 534864 95 1
79 110375 95 110375 94 1
80 878755 93 878755 92 1
81 81 90 81 89 1
82 80387 88 80387 85 1
83 725410 86 725410 85 1
84 84 84 84 83 1
85 279584 82 279584 80 1
86 844980 80 844980 80 1
87 829107 79 829107 77 1
88 796821 77 796821 77 1
89 73134 75 73134 75 1
90 695804 73 695804 72 1
91 198636 72 198636 71 1
92 92 70 92 70 1
93 729218 69 729218 68 1
94 602385 67 602385 66 1
95 872422 66 872422 66 1
96 302259 65 302259 65 1
97 316664 63 316664 63 1
98 903922 62 903922 62 1
99 30473 61 30473 60 1
100 97170 60 97170 60 1
101 954359 58 954359 57 1
102 75820 57 75820 56 1
103 132561 56 132561 56 1
104 989941 55 90009 54 0
105 90009 54 989941 54 0
106 106 53 106 53 1
107 262174 52 262174 51 1
108 998207 51 998207 50 1
109 109 50 109 49 1
110 858196 49 858196 48 1
111 179039 48 179039 48 1
112 415985 48 415985 48 1
113 892275 47 892275 47 1
114 114 46 114 46 1
115 814608 45 469239 44 0
116 315324 44 814608 44 0
117 469239 44 426633 43 0
118 426633 43 315324 43 0
119 296578 42 296578 42 1
120 257854 42 121 41 0
121 121 41 257854 40 0
122 648635 40 648635 40 1
123 687311 40 617842 39 0
124 617842 39 687311 39 0
125 885806 38 885806 38 1
126 441682 38 441682 37 1
127 306864 37 570238 37 0
128 570238 37 306864 36 0
129 69043 36 69043 35 1
130 63803 35 63803 35 1
131 128256 35 128256 34 1
132 74424 34 348451 34 0
133 348451 34 74424 33 0
134 876644 33 876644 33 1
135 312915 33 312915 32 1
136 878886 32 911927 32 0
137 911927 32 878886 32 0
138 995672 31 995672 31 1
139 790478 31 426568 31 0
140 426568 31 790478 30 0
141 380355 30 380355 29 1
142 793576 30 793576 29 1
143 817945 29 540292 29 0
144 145 29 817945 29 0
145 540292 29 640739 28 0
146 640739 28 211892 28 0
147 211892 28 145 28 0
148 179885 27 179885 27 1
149 150 27 146225 27 0
150 146225 27 471589 26 0
151 374984 26 150 26 0
152 471589 26 374984 26 0
153 153 26 153 26 1
154 480940 25 156 25 0
155 326861 25 326861 25 1
156 156 25 480940 25 0
157 878899 24 878899 24 1
158 524508 24 721413 24 0
159 721413 24 524508 24 0
160 635963 23 635963 23 1
161 205864 23 205864 23 1
162 497674 23 497674 23 1
163 689381 23 425619 22 0
164 39874 22 323799 22 0
165 219357 22 689381 22 0
166 425619 22 219357 22 0
167 323799 22 39874 22 0
168 79313 21 168 21 0
169 946002 21 79313 21 0
170 799755 21 946002 21 0
171 168 21 799755 21 0
172 173 20 173 20 1
173 877924 20 820046 20 0
174 680959 20 877924 20 0
175 820046 20 26171 19 0
176 26171 19 179 19 0
177 124395 19 124395 19 1
178 807154 19 730161 19 0
179 179 19 680959 19 0
180 730161 19 807154 19 0
181 164566 18 459490 18 0
182 576931 18 184 18 0
183 184 18 164566 18 0
184 459490 18 776140 18 0
185 776140 18 576931 18 0
186 518378 17 290246 17 0
187 712040 17 518378 17 0
188 662150 17 712040 17 0
189 290246 17 592797 17 0
190 592797 17 452560 16 0
191 397851 16 880354 16 0
192 150855 16 397851 16 0
193 880354 16 150855 16 0
194 616414 16 662150 16 0
195 758750 16 616414 16 0
196 697542 16 697542 15 1
197 452560 16 200 15 0
198 391988 15 758750 15 0
199 914662 15 998584 15 0
200 998584 15 391988 15 0
201 92206 15 466258 15 0
202 466258 15 914662 15 0
203 200 15 92206 15 0
204 11818 14 41956 14 0
205 875647 14 471029 14 0
206 471029 14 312165 14 0
207 878956 14 825377 14 0
208 41956 14 875647 14 0
209 312165 14 11818 14 0
210 221456 14 221456 14 1
211 825377 14 878956 13 0
212 650646 13 809643 13 0
213 809643 13 218 13 0
214 222222 13 335478 13 0
215 218 13 650646 13 0
216 360514 13 360514 13 1
217 915342 13 915342 13 1
218 335478 13 222222 13 0
219 38843 13 38843 13 1
220 184114 12 850307 12 0
221 226053 12 74007 12 0
222 850307 12 399785 12 0
223 437205 12 184114 12 0
224 399785 12 223 12 0
225 526420 12 690572 11 0
226 74007 12 866496 11 0
227 586042 12 526420 11 0
228 223 12 632949 11 0
229 866496 11 226053 11 0
230 258874 11 239 11 0
231 690572 11 947680 11 0
232 875902 11 875902 11 1
233 464159 11 464159 11 1
234 87033 11 586042 11 0
235 239 11 87033 11 0
236 232 11 232 11 1
237 632949 11 647588 11 0
238 947680 11 437205 11 0
239 647588 11 258874 11 0
240 73270 10 60358 10 0
241 197584 10 664840 10 0
242 249 10 894737 10 0
243 894737 10 249 10 0
244 60358 10 242 10 0
245 433244 10 197584 10 0
246 933953 10 433244 10 0
247 242 10 933953 10 0
248 63497 10 20087 10 0
249 20087 10 63497 10 0
250 891719 10 73270 10 0
251 664840 10 895704 9 0
252 601265 9 273910 9 0
253 895704 9 469794 9 0
254 488207 9 603036 9 0
255 273910 9 837509 9 0
256 255 9 916869 9 0
257 334867 9 334867 9 1
258 837509 9 488207 9 0
259 821550 9 601265 9 0
260 937773 9 343099 9 0
261 22731 9 740512 9 0
262 740512 9 22731 9 0
263 469794 9 891719 9 0
264 916869 9 255 9 0
265 343099 9 821550 9 0
266 603036 9 937773 9 0
267 871021 8 4294967295 0 0
268 419614 8 4294967295 0 0
269 987761 8 4294967295 0 0
270 863986 8 4294967295 0 0
271 941569 8 4294967295 0 0
272 423622 8 4294967295 0 0
273 848878 8 4294967295 0 0
274 604627 8 4294967295 0 0
275 772717 8 4294967295 0 0
276 912485 8 4294967295 0 0
277 271 8 4294967295 0 0
278 212322 8 4294967295 0 0
279 875586 8 4294967295 0 0
280 268 8 4294967295 0 0
281 430565 8 4294967295 0 0
282 726601 8 4294967295 0 0
283 516532 8 4294967295 0 0
284 674819 7 4294967295 0 0
285 204023 7 4294967295 0 0
286 947808 7 4294967295 0 0
287 305863 7 4294967295 0 0
288 215822 7 4294967295 0 0
289 302 7 4294967295 0 0
290 720354 7 4294967295 0 0
291 737872 7 4294967295 0 0
292 209537 7 4294967295 0 0
293 432616 7 4294967295 0 0
294 726510 7 4294967295 0 0
295 984713 7 4294967295 0 0
296 255442 7 4294967295 0 0
297 151999 7 4294967295 0 0
298 853286 7 4294967295 0 0
299 440501 7 4294967295 0 0
300 698072 7 4294967295 0 0
301 942466 7 4294967295 0 0
302 690795 7 4294967295 0 0
303 210910 7 4294967295 0 0
304 353607 7 4294967295 0 0
305 351620 6 4294967295 0 0
306 31746 6 4294967295 0 0
307 345401 6 4294967295 0 0
308 931488 6 4294967295 0 0
309 448897 6 4294967295 0 0
310 617354 6 4294967295 0 0
311 158097 6 4294967295 0 0
312 605451 6 4294967295 0 0
313 279280 6 4294967295 0 0
314 776652 6 4294967295 0 0
315 866394 6 4294967295 0 0
316 825575 6 4294967295 0 0
317 356480 6 4294967295 0 0
318 446984 6 4294967295 0 0
319 915039 6 4294967295 0 0
320 452061 6 4294967295 0 0
321 923718 6 4294967295 0 0
322 306 6 4294967295 0 0
323 386321 6 4294967295 0 0
324 883340 6 4294967295 0 0
325 220609 6 4294967295 0 0
326 23746 6 4294967295 0 0
327 331964 6 4294967295 0 0
328 211344 6 4294967295 0 0
329 846536 6 4294967295 0 0
330 34982 6 4294967295 0 0
331 56217 6 4294967295 0 0
332 161801 5 4294967295 0 0
333 442283 5 4294967295 0 0
334 378737 5 4294967295 0 0
335 982058 5 4294967295 0 0
336 331178 5 4294967295 0 0
337 655444 5 4294967295 0 0
338 239130 5 4294967295 0 0
339 100872 5 4294967295 0 0
340 361 5 4294967295 0 0
341 799407 5 4294967295 0 0
342 118315 5 4294967295 0 0
343 104436 5 4294967295 0 0
344 825109 5 4294967295 0 0
345 426319 5 4294967295 0 0
346 179730 5 4294967295 0 0
347 830963 5 4294967295 0 0
348 540160 5 4294967295 0 0
349 948465 5 4294967295 0 0
350 961012 5 4294967295 0 0
351 806172 5 4294967295 0 0
352 170193 5 4294967295 0 0
353 902175 5 4294967295 0 0
354 240287 5 4294967295 0 0
355 540846 5 4294967295 0 0
356 917639 5 4294967295 0 0
357 634827 5 4294967295 0 0
358 219707 5 4294967295 0 0
359 340 5 4294967295 0 0
360 511352 5 4294967295 0 0
361 358063 5 4294967295 0 0
362 621312 5 4294967295 0 0
363 876341 5 4294967295 0 0
364 187727 5 4294967295 0 0
365 162602 5 4294967295 0 0
366 656350 5 4294967295 0 0
367 72517 4 4294967295 0 0
