29417341 55555 0.000010
0 12880644 6606381 12880644 6606381 1
1 27546843 2777641 27546843 2777641 1
2 9421475 1673255 9421475 1673255 1
3 16985852 1167854 16985852 1167854 1
4 22381743 883591 22381743 883591 1
5 6601940 703517 6601940 703517 1
6 19167512 580218 19167512 580218 1
7 26082697 491022 26082697 491022 1
8 26349538 423800 26349538 423800 1
9 11920939 371504 11920939 371504 1
10 22928793 329779 22928793 329779 1
11 15931095 295792 15931095 295792 1
12 1737098 267630 1737098 267630 1
13 12709913 243952 12709913 243952 1
14 6899289 223795 6899289 223795 1
15 12822840 206449 12822840 206449 1
16 15555755 191383 15555755 191383 1
17 23762724 178186 23762724 178186 1
18 239425 166541 239425 166541 1
19 10863421 156198 10863421 156198 1
20 23383221 146957 23383221 146957 1
21 9377131 138655 9377131 138655 1
22 26050044 131161 26050044 131161 1
23 22904892 124365 22904892 124365 1
24 19530033 118179 19530033 118179 1
25 11211064 112524 11211064 112524 1
26 17740954 107339 17740954 107339 1
27 5354566 102569 5354566 102569 1
28 16024943 98167 16024943 98167 1
29 11113610 94094 11113610 94094 1
30 30 90315 30 90315 1
31 1082604 86801 1082604 86801 1
32 25065359 83526 25065359 83526 1
33 2588130 80466 2588130 80466 1
34 18986174 77603 18986174 77603 1
35 8649667 74918 8649667 74918 1
36 25514107 72395 25514107 72395 1
37 9868494 70022 9868494 70022 1
38 38 67785 38 67785 1
39 11422549 65673 11422549 65673 1
40 14303177 63677 14303177 63677 1
41 3828462 61788 3828462 61788 1
42 24252872 59997 24252872 59997 1
43 14750655 58297 14750655 58297 1
44 2802450 56682 2802450 56682 1
45 1298001 55146 1298001 55146 1
46 46 53684 46 53684 1
47 47 52289 47 52289 1
48 18681442 50959 18681442 50959 1
49 49 49688 49 49688 1
50 50 48473 50 48473 1
51 6816457 47311 6816457 47311 1
52 52 46198 52 46198 1
53 53 45131 53 45131 1
54 8225765 44107 8225765 44107 1
55 1648295 43125 1648295 43125 1
56 15471384 42181 15471384 42181 1
57 23408397 41274 23408397 41274 1
58 16684339 40402 16684339 40402 1
59 24930477 39562 24930477 39562 1
60 60 38753 60 38753 1
61 2545132 37973 2545132 37973 1
62 20076035 37221 20076035 37221 1
63 3757242 36495 3757242 36495 1
64 4523835 35795 4523835 35795 1
65 12261787 35118 12261787 35118 1
66 26224558 34464 26224558 34464 1
67 3609363 33832 3609363 33832 1
68 21847821 33220 21847821 33220 1
69 16769970 32628 16769970 32628 1
70 2778429 32055 2778429 32055 1
71 17551948 31499 17551948 31499 1
72 72 30961 72 30961 1
73 2542401 30439 2542401 30439 1
74 20538485 29932 20538485 29932 1
75 14983369 29441 14983369 29441 1
76 6410511 28963 6410511 28963 1
77 5962792 28500 5962792 28500 1
78 11856306 28050 11856306 28050 1
79 13323508 27612 13323508 27612 1
80 26768642 27187 26768642 27187 1
81 4130664 26773 4130664 26773 1
82 19816319 26370 19816319 26370 1
83 16074013 25979 16074013 25979 1
84 15237081 25597 15237081 25597 1
85 24750547 25226 24750547 25226 1
86 29916443 24864 29916443 24864 1
87 23271831 24511 23271831 24511 1
88 8390058 24167 8390058 24167 1
89 8952701 23832 8952701 23832 1
90 12741616 23505 12741616 23505 1
91 24591162 23186 24591162 23186 1
92 3627928 22875 3627928 22875 1
93 14497818 22571 14497818 22571 1
94 94 22275 94 22275 1
95 7209262 21985 7209262 21985 1
96 96 21702 96 21702 1
97 97 21426 97 21426 1
98 760189 21155 760189 21155 1
99 13257601 20891 13257601 20891 1
100 14195167 20633 14195167 20633 1
101 27394373 20380 27394373 20380 1
102 11764454 20133 11764454 20133 1
103 29221837 19892 29221837 19892 1
104 21357780 19655 21357780 19655 1
105 5040814 19424 5040814 19424 1
106 3962393 19197 3962393 19197 1
107 1749327 18975 1749327 18975 1
108 22477060 18758 22477060 18758 1
109 8684803 18545 8684803 18545 1
110 25619535 18336 25619535 18336 1
111 21080142 18132 21080142 18132 1
112 25352424 17931 25352424 17931 1
113 20014391 17735 20014391 17735 1
114 7925241 17542 7925241 17542 1
115 28023923 17354 28023923 17354 1
116 3960631 17168 3960631 17168 1
117 10963587 16987 10963587 16987 1
118 28491940 16809 28491940 16809 1
119 26256108 16634 26256108 16634 1
120 4704416 16462 4704416 16462 1
121 7384924 16293 7384924 16293 1
122 16358088 16128 16358088 16128 1
123 8550824 15966 8550824 15966 1
124 16766850 15806 16766850 15806 1
125 16704178 15650 16704178 15650 1
126 28748605 15496 28748605 15496 1
127 3479274 15344 3479274 15344 1
128 128 15196 128 15196 1
129 23446078 15050 23446078 15050 1
130 3940354 14906 3940354 14906 1
131 13373539 14765 13373539 14765 1
132 719787 14627 719787 14627 1
133 22089672 14490 22089672 14490 1
134 10556052 14356 10556052 14356 1
135 29610433 14225 29610433 14225 1
136 136 14095 136 14095 1
137 137 13967 137 13967 1
138 138 13842 138 13842 1
139 15537223 13718 15537223 13718 1
140 7500276 13597 7500276 13597 1
141 26392253 13477 26392253 13477 1
142 5105201 13360 5105201 13360 1
143 14578241 13244 14578241 13244 1
144 26757603 13130 26757603 13130 1
145 20249505 13017 20249505 13017 1
146 2519073 12907 2519073 12907 1
147 23642344 12798 23642344 12798 1
148 148 12691 148 12691 1
149 26329406 12585 26329406 12585 1
150 26947901 12481 26947901 12481 1
151 5781663 12378 5781663 12378 1
152 25344244 12277 25344244 12277 1
153 153 12178 153 12178 1
154 8377063 12080 8377063 12080 1
155 12266863 11983 12266863 11983 1
156 156 11887 156 11887 1
157 10828741 11793 10828741 11793 1
158 10494470 11701 10494470 11701 1
159 14974439 11610 14974439 11610 1
160 26525176 11519 26525176 11519 1
161 28626298 11431 28626298 11431 1
162 20171621 11343 20171621 11343 1
163 24306644 11257 24306644 11257 1
164 6661238 11171 6661238 11171 1
165 6701179 11087 6701179 11087 1
166 24054367 11004 24054367 11004 1
167 6241810 10923 6241810 10923 1
168 1165133 10842 1165133 10842 1
169 3644547 10762 3644547 10762 1
170 170 10684 170 10684 1
171 171 10606 171 10606 1
172 172 10529 172 10529 1
173 173 10454 173 10454 1
174 4114119 10379 4114119 10379 1
175 4886400 10306 4886400 10306 1
176 20250036 10233 20250036 10233 1
177 8728406 10161 8728406 10161 1
178 178 10090 178 10090 1
179 4508961 10020 4508961 10020 1
180 18005736 9951 18005736 9951 1
181 8253663 9883 8253663 9883 1
182 19425206 9815 19425206 9815 1
183 19590502 9749 19590502 9749 1
184 22711993 9683 22711993 9683 1
185 18624590 9618 18624590 9618 1
186 29930297 9553 29930297 9553 1
187 4251970 9490 4251970 9490 1
188 188 9427 188 9427 1
189 16016351 9365 16016351 9365 1
190 28434083 9304 28434083 9304 1
191 20184874 9244 20184874 9244 1
192 2765921 9184 2765921 9184 1
193 10985552 9125 10985552 9125 1
194 13419510 9066 13419510 9066 1
195 16185481 9008 16185481 9008 1
196 196 8951 196 8951 1
197 7870173 8895 7870173 8895 1
198 26881824 8839 26881824 8839 1
199 26053874 8784 26053874 8784 1
200 10727682 8729 10727682 8729 1
201 5987573 8675 5987573 8675 1
202 24359866 8622 24359866 8622 1
203 10755321 8569 10755321 8569 1
204 21817719 8517 21817719 8517 1
205 205 8465 205 8465 1
206 19821572 8414 19821572 8414 1
207 16247166 8363 16247166 8363 1
208 9646106 8313 9646106 8313 1
209 15359114 8264 15359114 8264 1
210 210 8215 210 8215 1
211 21368233 8167 21368233 8167 1
212 21738812 8119 21738812 8119 1
213 26509886 8071 26509886 8071 1
214 26855632 8024 26855632 8024 1
215 246490 7978 246490 7978 1
216 216 7932 216 7932 1
217 15475682 7887 15475682 7887 1
218 28049505 7842 28049505 7842 1
219 6737268 7797 6737268 7797 1
220 220 7753 220 7753 1
221 17843088 7709 17843088 7709 1
222 14671368 7666 14671368 7666 1
223 8167668 7623 8167668 7623 1
224 21830191 7581 21830191 7581 1
225 225 7539 225 7539 1
226 22925838 7498 22925838 7498 1
227 26424121 7457 26424121 7457 1
228 18633729 7416 18633729 7416 1
229 22178833 7376 22178833 7376 1
230 11914168 7336 11914168 7336 1
231 231 7296 231 7296 1
232 15226415 7257 15226415 7257 1
233 5954439 7218 5954439 7218 1
234 9964436 7180 9964436 7180 1
235 7389618 7142 7389618 7142 1
236 10939150 7104 10939150 7104 1
237 6784700 7067 6784700 7067 1
238 29478443 7030 29478443 7030 1
239 12620193 6994 12620193 6994 1
240 24982073 6957 24982073 6957 1
241 27682258 6921 27682258 6921 1
242 1156600 6886 1156600 6886 1
243 14110250 6851 14110250 6851 1
244 830707 6816 830707 6816 1
245 6124478 6781 6124478 6781 1
246 23160761 6747 23160761 6747 1
247 26673947 6713 26673947 6713 1
248 19350002 6679 19350002 6679 1
249 249 6646 249 6646 1
250 7862376 6613 7862376 6613 1
251 5695678 6580 5695678 6580 1
252 1710768 6547 1710768 6547 1
253 253 6515 253 6515 1
254 12471756 6483 12471756 6483 1
255 7046361 6452 7046361 6452 1
256 2180915 6420 2180915 6420 1
257 6418013 6389 6418013 6389 1
258 258 6358 258 6358 1
259 218116 6328 218116 6328 1
260 10647130 6297 10647130 6297 1
261 11131011 6267 11131011 6267 1
262 20780294 6238 20780294 6238 1
263 4136774 6208 4136774 6208 1
264 14412648 6179 14412648 6179 1
265 29261404 6150 29261404 6150 1
266 20912741 6121 20912741 6121 1
267 10238097 6092 10238097 6092 1
268 21692198 6064 21692198 6064 1
269 7503612 6036 7503612 6036 1
270 13878188 6008 13878188 6008 1
271 22395217 5981 22395217 5981 1
272 16509770 5953 16509770 5953 1
273 2268541 5926 2268541 5926 1
274 27923282 5899 27923282 5899 1
275 275 5873 275 5873 1
276 14040021 5846 14040021 5846 1
277 29281098 5820 29281098 5820 1
278 1932349 5794 1932349 5794 1
279 12008074 5768 12008074 5768 1
280 280 5742 280 5742 1
281 26764680 5717 26764680 5717 1
282 14660294 5692 14660294 5692 1
283 7580130 5667 7580130 5667 1
284 4465163 5642 4465163 5642 1
285 18488958 5617 18488958 5617 1
286 5285796 5593 5285796 5593 1
287 2872132 5568 2872132 5568 1
288 18558957 5544 18558957 5544 1
289 2775730 5520 2775730 5520 1
290 1337471 5497 1337471 5497 1
291 13905811 5473 13905811 5473 1
292 11936784 5450 11936784 5450 1
293 18629118 5427 18629118 5427 1
294 16566525 5404 16566525 5404 1
295 10001649 5381 10001649 5381 1
296 17321781 5358 17321781 5358 1
297 18648718 5336 18648718 5336 1
298 24801928 5313 24801928 5313 1
299 299 5291 299 5291 1
300 4937931 5269 4937931 5269 1
301 17652010 5248 17652010 5248 1
302 20868272 5226 20868272 5226 1
303 303 5204 303 5204 1
304 13019450 5183 13019450 5183 1
305 305 5162 305 5162 1
306 27227590 5141 27227590 5141 1
307 611752 5120 611752 5120 1
308 4395471 5099 4395471 5099 1
309 17898626 5079 17898626 5079 1
310 16791098 5058 16791098 5058 1
311 26949917 5038 26949917 5038 1
312 26717119 5018 26717119 5018 1
313 24167046 4998 24167046 4998 1
314 14284948 4978 14284948 4978 1
315 22740217 4959 22740217 4959 1
316 20297429 4939 20297429 4939 1
317 16608233 4920 16608233 4920 1
318 318 4900 318 4900 1
319 24306085 4881 24306085 4881 1
320 28983305 4862 28983305 4862 1
321 9849715 4843 9849715 4843 1
322 6660439 4825 6660439 4825 1
323 15952646 4806 15952646 4806 1
324 11463632 4788 11463632 4788 1
325 16190038 4769 16190038 4769 1
326 28335790 4751 28335790 4751 1
327 10970105 4733 10970105 4733 1
328 16725620 4715 16725620 4715 1
329 20636027 4697 20636027 4697 1
330 29405960 4679 29405960 4679 1
331 12207243 4662 12207243 4662 1
332 18342499 4644 18342499 4644 1
333 333 4627 333 4627 1
334 334 4610 334 4610 1
335 335 4592 335 4592 1
336 17400751 4575 17400751 4575 1
337 14682881 4558 14682881 4558 1
338 4952032 4542 4952032 4542 1
339 8683634 4525 8683634 4525 1
340 7845067 4508 7845067 4508 1
341 3509910 4492 3509910 4492 1
342 15180544 4476 15180544 4476 1
343 25574613 4459 25574613 4459 1
344 17659628 4443 17659628 4443 1
345 125322 4427 125322 4427 1
346 11217204 4411 11217204 4411 1
347 347 4395 347 4395 1
348 8070060 4380 8070060 4380 1
349 14106234 4364 14106234 4364 1
350 14261450 4348 14261450 4348 1
351 22727486 4333 22727486 4333 1
352 17180738 4318 17180738 4318 1
353 7317206 4302 7317206 4302 1
354 7756410 4287 7756410 4287 1
355 14466421 4272 14466421 4272 1
356 28456067 4257 28456067 4257 1
357 3795800 4242 3795800 4242 1
358 15650303 4228 15650303 4228 1
359 29467303 4213 29467303 4213 1
360 25874313 4198 25874313 4198 1
361 6948001 4184 6948001 4184 1
362 11464250 4169 11464250 4169 1
363 15744955 4155 15744955 4155 1
364 24411639 4141 24411639 4141 1
365 3176183 4127 3176183 4127 1
366 366 4113 366 4113 1
367 15073500 4099 15073500 4099 1
368 368 4085 368 4085 1
369 21723285 4071 21723285 4071 1
370 19216550 4057 19216550 4057 1
371 11785346 4044 11785346 4044 1
372 6020788 4030 6020788 4030 1
373 12471905 4017 12471905 4017 1
374 374 4003 374 4003 1
375 17470172 3990 17470172 3990 1
376 22414192 3977 22414192 3977 1
377 19615764 3964 19615764 3964 1
378 138685 3951 138685 3951 1
379 17256305 3938 17256305 3938 1
380 29199974 3925 29199974 3925 1
381 3507258 3912 3507258 3912 1
382 475415 3899 475415 3899 1
383 16146700 3886 16146700 3886 1
384 19704439 3874 19704439 3874 1
385 22968789 3861 22968789 3861 1
386 14129979 3849 14129979 3849 1
387 14938588 3836 14938588 3836 1
388 8182328 3824 8182328 3824 1
389 20604746 3812 20604746 3812 1
390 8981395 3800 8981395 3800 1
391 308243 3788 308243 3788 1
392 22598660 3775 22598660 3775 1
393 9480852 3764 9480852 3764 1
394 16983097 3752 16983097 3752 1
395 11688277 3740 11688277 3740 1
396 24627874 3728 24627874 3728 1
397 14009826 3716 14009826 3716 1
398 16575430 3705 16575430 3705 1
399 22855797 3693 22855797 3693 1
400 14324101 3682 14324101 3682 1
401 26754535 3670 26754535 3670 1
402 26736787 3659 26736787 3659 1
403 20889278 3647 20889278 3647 1
404 25828527 3636 25828527 3636 1
405 419287 3625 419287 3625 1
406 19134727 3614 19134727 3614 1
407 22348144 3603 22348144 3603 1
408 19819123 3592 19819123 3592 1
409 23382942 3581 23382942 3581 1
410 26189404 3570 26189404 3570 1
411 1094243 3559 1094243 3559 1
412 14915117 3548 14915117 3548 1
413 27280481 3538 27280481 3538 1
414 414 3527 414 3527 1
415 14887025 3516 14887025 3516 1
416 17396461 3506 17396461 3506 1
417 417 3495 417 3495 1
418 7996599 3485 7996599 3485 1
419 9505457 3475 9505457 3475 1
420 15774293 3464 15774293 3464 1
421 7578173 3454 7578173 3454 1
422 422 3444 422 3444 1
423 24489811 3434 24489811 3434 1
424 14415983 3424 14415983 3424 1
425 21215754 3414 21215754 3414 1
426 13488267 3404 13488267 3404 1
427 427 3394 427 3394 1
428 2603390 3384 2603390 3384 1
429 27643847 3374 27643847 3374 1
430 430 3364 430 3364 1
431 25298441 3354 25298441 3354 1
432 28095943 3345 28095943 3345 1
433 13175347 3335 13175347 3335 1
434 28887819 3325 28887819 3325 1
435 435 3316 435 3316 1
436 17047207 3306 17047207 3306 1
437 11061580 3297 11061580 3297 1
438 11573559 3288 11573559 3288 1
439 26477817 3278 26477817 3278 1
440 6499670 3269 6499670 3269 1
441 24313085 3260 24313085 3260 1
442 442 3251 442 3251 1
443 443 3241 443 3241 1
444 13000724 3232 13000724 3232 1
445 24288075 3223 24288075 3223 1
446 8447444 3214 8447444 3214 1
447 11906346 3205 11906346 3205 1
448 7204095 3196 7204095 3196 1
449 14234935 3187 14234935 3187 1
450 21521554 3179 21521554 3179 1
451 25167393 3170 25167393 3170 1
452 452 3161 452 3161 1
453 12087903 3152 12087903 3152 1
454 23886704 3144 23886704 3144 1
455 24966842 3135 24966842 3135 1
456 29235276 3127 29235276 3127 1
457 1048262 3118 1048262 3118 1
458 13369271 3110 13369271 3110 1
459 8922182 3101 8922182 3101 1
460 11664617 3093 11664617 3093 1
461 15250372 3084 15250372 3084 1
462 27667890 3076 27667890 3076 1
463 9669726 3068 9669726 3068 1
464 27406252 3059 27406252 3059 1
465 16222600 3051 16222600 3051 1
466 3614605 3043 3614605 3043 1
467 1441090 3035 1441090 3035 1
468 468 3027 468 3027 1
469 10756062 3019 10756062 3019 1
470 24529694 3011 24529694 3011 1
471 4980410 3003 4980410 3003 1
472 7253622 2995 7253622 2995 1
473 3332463 2987 3332463 2987 1
474 28867149 2979 28867149 2979 1
475 3853504 2971 3853504 2971 1
476 11835441 2964 11835441 2964 1
477 26937924 2956 26937924 2956 1
478 478 2948 478 2948 1
479 28208968 2940 28208968 2940 1
480 25347878 2933 25347878 2933 1
481 16671812 2925 16671812 2925 1
482 20957534 2918 20957534 2918 1
483 14793911 2910 14793911 2910 1
484 1151370 2903 1151370 2903 1
485 485 2895 485 2895 1
486 12506575 2888 12506575 2888 1
487 28626183 2880 28626183 2880 1
488 973664 2873 973664 2873 1
489 3697602 2866 3697602 2866 1
490 29444986 2858 29444986 2858 1
491 28653310 2851 28653310 2851 1
492 492 2844 492 2844 1
493 20584993 2837 20584993 2837 1
494 15679245 2829 15679245 2829 1
495 7493506 2822 7493506 2822 1
496 16145633 2815 16145633 2815 1
497 28147470 2808 28147470 2808 1
498 28729724 2801 28729724 2801 1
499 2305262 2794 2305262 2794 1
500 17439646 2787 17439646 2787 1
501 20092792 2780 20092792 2780 1
502 25156614 2773 25156614 2773 1
503 2753470 2766 2753470 2766 1
504 29570875 2760 29570875 2760 1
505 17104974 2753 17104974 2753 1
506 17296165 2746 17296165 2746 1
507 25241064 2739 25241064 2739 1
508 508 2733 508 2733 1
509 6462294 2726 6462294 2726 1
510 510 2719 510 2719 1
511 1298687 2713 1298687 2713 1
512 16596343 2706 16596343 2706 1
513 513 2699 513 2699 1
514 514 2693 514 2693 1
515 6605557 2686 6605557 2686 1
516 18882187 2680 18882187 2680 1
517 23682609 2673 23682609 2673 1
518 5365979 2667 5365979 2667 1
519 9722341 2660 9722341 2660 1
520 19599096 2654 19599096 2654 1
521 24796377 2648 24796377 2648 1
522 12392365 2641 12392365 2641 1
523 6405612 2635 6405612 2635 1
524 524 2629 524 2629 1
525 25917237 2623 25917237 2623 1
526 18437249 2616 18437249 2616 1
527 20055508 2610 20055508 2610 1
528 9604223 2604 9604223 2604 1
529 19770341 2598 19770341 2598 1
530 15541124 2592 15541124 2592 1
531 25557337 2586 25557337 2586 1
532 6566266 2580 6566266 2580 1
533 17636574 2574 17636574 2574 1
534 25659896 2568 25659896 2568 1
535 10283090 2562 10283090 2562 1
536 15610082 2556 15610082 2556 1
537 14933738 2550 14933738 2550 1
538 23118868 2544 23118868 2544 1
539 23759665 2538 23759665 2538 1
540 12066174 2532 12066174 2532 1
541 12118734 2526 12118734 2526 1
542 532354 2520 532354 2520 1
543 543 2515 543 2515 1
544 7734268 2509 7734268 2509 1
545 5104104 2503 5104104 2503 1
546 1410015 2497 1410015 2497 1
547 15852737 2492 15852737 2492 1
548 548 2486 548 2486 1
549 24499257 2480 24499257 2480 1
550 4790341 2475 4790341 2475 1
551 27457269 2469 27457269 2469 1
552 29099904 2464 29099904 2464 1
553 553 2458 553 2458 1
554 554 2452 554 2452 1
555 14651844 2447 14651844 2447 1
556 5354615 2441 5354615 2441 1
557 557 2436 557 2436 1
558 12113289 2431 12113289 2431 1
559 24435478 2425 24435478 2425 1
560 15154442 2420 15154442 2420 1
561 20294181 2414 20294181 2414 1
562 24609302 2409 24609302 2409 1
563 20136275 2404 20136275 2404 1
564 28867598 2398 28867598 2398 1
565 23510834 2393 23510834 2393 1
566 13860 2388 13860 2388 1
567 567 2382 567 2382 1
568 16040202 2377 16040202 2377 1
569 22970885 2372 22970885 2372 1
570 6193573 2367 6193573 2367 1
571 29648920 2362 29648920 2362 1
572 20605772 2357 20605772 2357 1
573 10757418 2351 10757418 2351 1
574 4217574 2346 4217574 2346 1
575 19638934 2341 19638934 2341 1
576 22137646 2336 22137646 2336 1
577 23759225 2331 23759225 2331 1
578 7100969 2326 7100969 2326 1
579 579 2321 579 2321 1
580 4503879 2316 4503879 2316 1
581 581 2311 581 2311 1
582 11029375 2306 11029375 2306 1
583 12085394 2301 12085394 2301 1
584 2728466 2296 2728466 2296 1
585 20733140 2291 20733140 2291 1
586 20926654 2286 20926654 2286 1
587 19154583 2282 19154583 2282 1
588 12780577 2277 12780577 2277 1
589 3373976 2272 3373976 2272 1
590 11693659 2267 11693659 2267 1
591 591 2262 591 2262 1
592 10641722 2258 10641722 2258 1
593 447537 2253 447537 2253 1
594 594 2248 594 2248 1
595 23089142 2243 23089142 2243 1
596 4285094 2239 4285094 2239 1
597 597 2234 597 2234 1
598 27740433 2229 27740433 2229 1
599 19369945 2225 19369945 2225 1
600 19309321 2220 19309321 2220 1
601 22362604 2215 22362604 2215 1
602 10673188 2211 10673188 2211 1
603 11264084 2206 11264084 2206 1
604 28084391 2202 28084391 2202 1
605 3603355 2197 3603355 2197 1
606 606 2193 606 2193 1
607 607 2188 607 2188 1
608 27366215 2184 27366215 2184 1
609 5517872 2179 5517872 2179 1
610 23958721 2175 23958721 2175 1
611 24458093 2170 24458093 2170 1
612 25324416 2166 25324416 2166 1
613 613 2161 613 2161 1
614 614 2157 614 2157 1
615 29025868 2153 29025868 2153 1
616 616 2148 616 2148 1
617 17420748 2144 17420748 2144 1
618 9487526 2140 9487526 2140 1
619 16567171 2135 16567171 2135 1
620 16170425 2131 16170425 2131 1
621 15281559 2127 15281559 2127 1
622 16257414 2123 16257414 2123 1
623 29162150 2118 29162150 2118 1
624 23575709 2114 23575709 2114 1
625 846386 2110 846386 2110 1
626 24081652 2106 24081652 2106 1
627 18587498 2101 18587498 2101 1
628 9516876 2097 9516876 2097 1
629 16172598 2093 16172598 2093 1
630 630 2089 630 2089 1
631 19165814 2085 19165814 2085 1
632 5125723 2081 5125723 2081 1
633 13630675 2077 13630675 2077 1
634 634 2073 634 2073 1
635 9003617 2068 9003617 2068 1
636 3542408 2064 3542408 2064 1
637 637 2060 637 2060 1
638 2753576 2056 2753576 2056 1
639 9097144 2052 9097144 2052 1
640 2081477 2048 2081477 2048 1
641 8836748 2044 8836748 2044 1
642 20219450 2040 20219450 2040 1
643 23595599 2036 23595599 2036 1
644 3679448 2032 3679448 2032 1
645 645 2028 645 2028 1
646 24975416 2025 24975416 2025 1
647 20770530 2021 20770530 2021 1
648 7368813 2017 7368813 2017 1
649 6882537 2013 6882537 2013 1
650 13116901 2009 13116901 2009 1
651 17720206 2005 17720206 2005 1
652 29943954 2001 29943954 2001 1
653 7796805 1998 7796805 1998 1
654 654 1994 654 1994 1
655 14502922 1990 14502922 1990 1
656 28365977 1986 28365977 1986 1
657 5574107 1982 5574107 1982 1
658 220501 1979 220501 1979 1
659 2612724 1975 2612724 1975 1
660 660 1971 660 1971 1
661 22021458 1967 22021458 1967 1
662 15447709 1964 15447709 1964 1
663 4385614 1960 4385614 1960 1
664 11697287 1956 11697287 1956 1
665 665 1953 665 1953 1
666 666 1949 666 1949 1
667 16238467 1945 16238467 1945 1
668 668 1942 668 1942 1
669 9921549 1938 9921549 1938 1
670 28437553 1934 28437553 1934 1
671 3663462 1931 3663462 1931 1
672 672 1927 672 1927 1
673 29655206 1924 29655206 1924 1
674 674 1920 674 1920 1
675 20011969 1917 20011969 1917 1
676 5623056 1913 5623056 1913 1
677 5885201 1910 5885201 1910 1
678 23836770 1906 23836770 1906 1
679 5254674 1903 5254674 1903 1
680 680 1899 680 1899 1
681 3419805 1896 3419805 1896 1
682 11740592 1892 11740592 1892 1
683 29968699 1889 29968699 1889 1
684 7189808 1885 7189808 1885 1
685 2020221 1882 2020221 1882 1
686 16972258 1878 16972258 1878 1
687 662694 1875 662694 1875 1
688 14037064 1871 14037064 1871 1
689 8392648 1868 8392648 1868 1
690 690 1865 690 1865 1
691 3582943 1861 3582943 1861 1
692 23516155 1858 23516155 1858 1
693 19411518 1855 19411518 1855 1
694 3821216 1851 3821216 1851 1
695 21190610 1848 21190610 1848 1
696 23312112 1845 23312112 1845 1
697 697 1841 697 1841 1
698 25428890 1838 25428890 1838 1
699 23088746 1835 23088746 1835 1
700 7169495 1832 7169495 1832 1
701 701 1828 701 1828 1
702 21225422 1825 21225422 1825 1
703 9607444 1822 9607444 1822 1
704 25828493 1819 25828493 1819 1
705 25603443 1815 25603443 1815 1
706 15510093 1812 15510093 1812 1
707 22127207 1809 22127207 1809 1
708 18933796 1806 18933796 1806 1
709 19781627 1803 19781627 1803 1
710 710 1799 710 1799 1
711 26387369 1796 26387369 1796 1
712 2360917 1793 2360917 1793 1
713 14535564 1790 14535564 1790 1
714 9248482 1787 9248482 1787 1
715 12357416 1784 12357416 1784 1
716 9917163 1781 9917163 1781 1
717 23384185 1777 23384185 1777 1
718 3260460 1774 3260460 1774 1
719 23468177 1771 23468177 1771 1
720 8368658 1768 8368658 1768 1
721 7060711 1765 7060711 1765 1
722 14889663 1762 14889663 1762 1
723 24316189 1759 24316189 1759 1
724 15085641 1756 15085641 1756 1
725 3974520 1753 3974520 1753 1
726 8297554 1750 8297554 1750 1
727 20638049 1747 20638049 1747 1
728 64567 1744 64567 1744 1
729 4940886 1741 4940886 1741 1
730 28065121 1738 28065121 1738 1
731 25276545 1735 25276545 1735 1
732 11699528 1732 11699528 1732 1
733 2248835 1729 2248835 1729 1
734 734 1726 734 1726 1
735 15794374 1723 15794374 1723 1
736 9678293 1720 9678293 1720 1
737 10684381 1717 10684381 1717 1
738 26790802 1715 26790802 1715 1
739 22165500 1712 22165500 1712 1
740 4448788 1709 4448788 1709 1
741 12611088 1706 12611088 1706 1
742 7752649 1703 7752649 1703 1
743 10123541 1700 10123541 1700 1
744 11501263 1697 11501263 1697 1
745 6032397 1694 6032397 1694 1
746 13454330 1692 13454330 1692 1
747 7479579 1689 7479579 1689 1
748 17387158 1686 17387158 1686 1
749 9421887 1683 9421887 1683 1
750 7467422 1680 7467422 1680 1
751 23279902 1678 23279902 1678 1
752 12086176 1675 12086176 1675 1
753 5415641 1672 5415641 1672 1
754 25597343 1669 25597343 1669 1
755 16582553 1667 16582553 1667 1
756 9936649 1664 9936649 1664 1
757 19126567 1661 19126567 1661 1
758 11742841 1658 11742841 1658 1
759 18258952 1656 18258952 1656 1
760 15745903 1653 15745903 1653 1
761 5750108 1650 5750108 1650 1
762 762 1647 762 1647 1
763 21859181 1645 21859181 1645 1
764 21766038 1642 21766038 1642 1
765 25982844 1639 25982844 1639 1
766 6737672 1637 6737672 1637 1
767 13567563 1634 13567563 1634 1
768 3859040 1631 3859040 1631 1
769 769 1629 769 1629 1
770 28026139 1626 28026139 1626 1
771 771 1623 771 1623 1
772 13196678 1621 13196678 1621 1
773 773 1618 773 1618 1
774 22932794 1616 22932794 1616 1
775 17535297 1613 17535297 1613 1
776 24434081 1610 24434081 1610 1
777 21057057 1608 21057057 1608 1
778 7689178 1605 7689178 1605 1
779 13835822 1603 13835822 1603 1
780 8606823 1600 8606823 1600 1
781 24691068 1598 24691068 1598 1
782 9347972 1595 9347972 1595 1
783 7804967 1592 7804967 1592 1
784 784 1590 784 1590 1
785 22319748 1587 22319748 1587 1
786 26782004 1585 26782004 1585 1
787 28826062 1582 28826062 1582 1
788 29035592 1580 29035592 1580 1
789 2183064 1577 2183064 1577 1
790 4791258 1575 4791258 1575 1
791 791 1572 791 1572 1
792 18199500 1570 18199500 1570 1
793 6667683 1567 6667683 1567 1
794 25158865 1565 25158865 1565 1
795 17954750 1563 17954750 1563 1
796 1995146 1560 1995146 1560 1
797 21327221 1558 21327221 1558 1
798 9878241 1555 9878241 1555 1
799 8134584 1553 8134584 1553 1
800 25277901 1550 25277901 1550 1
801 20613444 1548 20613444 1548 1
802 11336191 1546 11336191 1546 1
803 6687831 1543 6687831 1543 1
804 7976420 1541 7976420 1541 1
805 805 1538 805 1538 1
806 17003862 1536 17003862 1536 1
807 807 1534 807 1534 1
808 1902704 1531 1902704 1531 1
809 13169420 1529 13169420 1529 1
810 24657483 1526 24657483 1526 1
811 926500 1524 926500 1524 1
812 19664796 1522 19664796 1522 1
813 25066299 1519 25066299 1519 1
814 16046300 1517 16046300 1517 1
815 3679366 1515 3679366 1515 1
816 25588340 1512 25588340 1512 1
817 4652700 1510 4652700 1510 1
818 2785711 1508 2785711 1508 1
819 28725067 1506 28725067 1506 1
820 8561911 1503 8561911 1503 1
821 9336804 1501 9336804 1501 1
822 5412259 1499 5412259 1499 1
823 16310215 1496 16310215 1496 1
824 13799270 1494 13799270 1494 1
825 10694119 1492 10694119 1492 1
826 21506587 1490 21506587 1490 1
827 5093066 1487 5093066 1487 1
828 14151523 1485 14151523 1485 1
829 25835719 1483 25835719 1483 1
830 8014523 1481 8014523 1481 1
831 29306398 1478 29306398 1478 1
832 2972464 1476 2972464 1476 1
833 3361579 1474 3361579 1474 1
834 2739875 1472 2739875 1472 1
835 27990024 1470 27990024 1470 1
836 1546753 1467 1546753 1467 1
837 29641943 1465 29641943 1465 1
838 24539547 1463 24539547 1463 1
839 19801585 1461 19801585 1461 1
840 28665315 1459 28665315 1459 1
841 5360269 1457 5360269 1457 1
842 5217574 1454 5217574 1454 1
843 17529380 1452 17529380 1452 1
844 23164692 1450 23164692 1450 1
845 25395496 1448 25395496 1448 1
846 13996934 1446 13996934 1446 1
847 22683843 1444 22683843 1444 1
848 25643797 1442 25643797 1442 1
849 27997908 1439 27997908 1439 1
850 8090642 1437 8090642 1437 1
851 1021197 1435 1021197 1435 1
852 20303787 1433 20303787 1433 1
853 10692104 1431 10692104 1431 1
854 10357022 1429 10357022 1429 1
855 13571616 1427 13571616 1427 1
856 2406566 1425 2406566 1425 1
857 5524783 1423 5524783 1423 1
858 12697856 1421 12697856 1421 1
859 859 1419 859 1419 1
860 18758387 1416 18758387 1416 1
861 861 1414 861 1414 1
862 862 1412 862 1412 1
863 15542646 1410 15542646 1410 1
864 27659437 1408 27659437 1408 1
865 865 1406 865 1406 1
866 866 1404 866 1404 1
867 9140709 1402 9140709 1402 1
868 11758754 1400 11758754 1400 1
869 869 1398 869 1398 1
870 26837924 1396 26837924 1396 1
871 18417317 1394 18417317 1394 1
872 2476371 1392 2476371 1392 1
873 27347804 1390 27347804 1390 1
874 431682 1388 431682 1388 1
875 24285351 1386 24285351 1386 1
876 19490469 1384 19490469 1384 1
877 877 1382 877 1382 1
878 24495558 1380 24495558 1380 1
879 5711289 1378 5711289 1378 1
880 880 1376 880 1376 1
881 25118390 1374 25118390 1374 1
882 3232680 1373 3232680 1373 1
883 883 1371 883 1371 1
884 23755544 1369 23755544 1369 1
885 15124786 1367 15124786 1367 1
886 10579539 1365 10579539 1365 1
887 2640386 1363 2640386 1363 1
888 10706845 1361 10706845 1361 1
889 2198347 1359 2198347 1359 1
890 21035920 1357 21035920 1357 1
891 13160138 1355 13160138 1355 1
892 9350160 1353 9350160 1353 1
893 5684089 1351 5684089 1351 1
894 24417283 1350 24417283 1350 1
895 7438131 1348 7438131 1348 1
896 25460529 1346 25460529 1346 1
897 29046275 1344 29046275 1344 1
898 6935041 1342 6935041 1342 1
899 19024046 1340 19024046 1340 1
900 21211978 1338 21211978 1338 1
901 901 1336 901 1336 1
902 1421384 1335 1421384 1335 1
903 23750022 1333 23750022 1333 1
904 25645494 1331 25645494 1331 1
905 12741535 1329 12741535 1329 1
906 870007 1327 870007 1327 1
907 11146845 1325 11146845 1325 1
908 23377719 1324 23377719 1324 1
909 17907998 1322 17907998 1322 1
910 19044367 1320 19044367 1320 1
911 13111555 1318 13111555 1318 1
912 18257416 1316 18257416 1316 1
913 3165313 1315 3165313 1315 1
914 150062 1313 150062 1313 1
915 25279728 1311 25279728 1311 1
916 26534378 1309 26534378 1309 1
917 10923054 1307 10923054 1307 1
918 26912804 1306 26912804 1306 1
919 11172594 1304 11172594 1304 1
920 12087740 1302 12087740 1302 1
921 7255643 1300 7255643 1300 1
922 23687953 1299 23687953 1299 1
923 5474074 1297 5474074 1297 1
924 3973343 1295 3973343 1295 1
925 18051595 1293 18051595 1293 1
926 19690175 1292 19690175 1292 1
927 2900687 1290 2900687 1290 1
928 18377463 1288 18377463 1288 1
929 929 1286 929 1286 1
930 25693385 1285 25693385 1285 1
931 2601896 1283 2601896 1283 1
932 24272017 1281 24272017 1281 1
933 21132163 1279 21132163 1279 1
934 7073824 1278 7073824 1278 1
935 7127494 1276 7127494 1276 1
936 12832468 1274 12832468 1274 1
937 29749902 1273 29749902 1273 1
938 10949639 1271 10949639 1271 1
939 6127664 1269 6127664 1269 1
940 940 1268 940 1268 1
941 11632197 1266 11632197 1266 1
942 12991435 1264 12991435 1264 1
943 23766406 1263 23766406 1263 1
944 2764806 1261 2764806 1261 1
945 5581887 1259 5581887 1259 1
946 356139 1258 356139 1258 1
947 11520468 1256 11520468 1256 1
948 25938913 1254 25938913 1254 1
949 949 1253 949 1253 1
950 17348995 1251 17348995 1251 1
951 951 1249 951 1249 1
952 16557183 1248 16557183 1248 1
953 24655971 1246 24655971 1246 1
954 29108934 1244 29108934 1244 1
955 11981932 1243 11981932 1243 1
956 19962390 1241 19962390 1241 1
957 957 1240 957 1240 1
958 958 1238 958 1238 1
959 18980340 1236 18980340 1236 1
960 960 1235 960 1235 1
961 22432236 1233 22432236 1233 1
962 11940038 1231 11940038 1231 1
963 16884435 1230 16884435 1230 1
964 964 1228 964 1228 1
965 28695640 1227 28695640 1227 1
966 29257948 1225 29257948 1225 1
967 11737824 1224 11737824 1224 1
968 968 1222 968 1222 1
969 19904048 1220 19904048 1220 1
970 13635537 1219 13635537 1219 1
971 24554291 1217 24554291 1217 1
972 4335002 1216 4335002 1216 1
973 12707422 1214 12707422 1214 1
974 29815350 1213 29815350 1213 1
975 19681454 1211 19681454 1211 1
976 29666910 1209 29666910 1209 1
977 7168267 1208 7168267 1208 1
978 6170810 1206 6170810 1206 1
979 979 1205 979 1205 1
980 905226 1203 905226 1203 1
981 27518668 1202 27518668 1202 1
982 6588773 1200 6588773 1200 1
983 11734659 1199 11734659 1199 1
984 14464484 1197 14464484 1197 1
985 985 1196 985 1196 1
986 12110104 1194 12110104 1194 1
987 22671597 1193 22671597 1193 1
988 22805729 1191 22805729 1191 1
989 3335782 1190 3335782 1190 1
990 2288262 1188 2288262 1188 1
991 24601518 1187 24601518 1187 1
992 3266692 1185 3266692 1185 1
993 25354087 1184 25354087 1184 1
994 22688851 1182 22688851 1182 1
995 16147049 1181 16147049 1181 1
996 4549969 1179 4549969 1179 1
997 25215501 1178 25215501 1178 1
998 1235176 1176 1235176 1176 1
999 12942220 1175 12942220 1175 1
1000 3112802 1173 3112802 1173 1
1001 3416237 1172 3416237 1172 1
1002 8455237 1170 8455237 1170 1
1003 5611238 1169 5611238 1169 1
1004 26593399 1167 26593399 1167 1
1005 29069273 1166 29069273 1166 1
1006 8321728 1165 8321728 1165 1
1007 1599042 1163 1599042 1163 1
1008 18869017 1162 18869017 1162 1
1009 8201016 1160 8201016 1160 1
1010 1010 1159 1010 1159 1
1011 7073684 1157 7073684 1157 1
1012 15717658 1156 15717658 1156 1
1013 28047987 1155 28047987 1155 1
1014 28304714 1153 28304714 1153 1
1015 9303036 1152 9303036 1152 1
1016 10812712 1150 10812712 1150 1
1017 12923374 1149 12923374 1149 1
1018 15199267 1147 15199267 1147 1
1019 26615821 1146 26615821 1146 1
1020 29080219 1145 29080219 1145 1
1021 2556414 1143 2556414 1143 1
1022 25750547 1142 25750547 1142 1
1023 17852965 1140 17852965 1140 1
1024 18560391 1139 18560391 1139 1
1025 3011 1138 3011 1138 1
1026 1026 1136 1026 1136 1
1027 13580790 1135 13580790 1135 1
1028 8018478 1134 8018478 1134 1
1029 5437720 1132 5437720 1132 1
1030 6718756 1131 6718756 1131 1
1031 24082649 1129 24082649 1129 1
1032 14348482 1128 14348482 1128 1
1033 6398906 1127 6398906 1127 1
1034 16569065 1125 16569065 1125 1
1035 26210481 1124 26210481 1124 1
1036 21814421 1123 21814421 1123 1
1037 12158042 1121 12158042 1121 1
1038 12597687 1120 12597687 1120 1
1039 10724426 1119 10724426 1119 1
1040 1040 1117 1040 1117 1
1041 18837329 1116 18837329 1116 1
1042 14722874 1115 14722874 1115 1
1043 2286900 1113 2286900 1113 1
1044 9870751 1112 9870751 1112 1
1045 1525285 1111 1525285 1111 1
1046 21295867 1109 21295867 1109 1
1047 25498755 1108 25498755 1108 1
1048 18374152 1107 18374152 1107 1
1049 14294205 1105 14294205 1105 1
1050 19597052 1104 19597052 1104 1
1051 13870603 1103 13870603 1103 1
1052 4825663 1101 4825663 1101 1
1053 18205134 1100 18205134 1100 1
1054 9084971 1099 9084971 1099 1
1055 1055 1097 1055 1097 1
1056 18084551 1096 18084551 1096 1
1057 1057 1095 1057 1095 1
1058 10314718 1094 10314718 1094 1
1059 21230661 1092 21230661 1092 1
1060 9302103 1091 9302103 1091 1
1061 7702682 1090 7702682 1090 1
1062 1141228 1088 1141228 1088 1
1063 2130146 1087 2130146 1087 1
1064 1267119 1086 1267119 1086 1
1065 1065 1085 1065 1085 1
1066 18875800 1083 18875800 1083 1
1067 3826356 1082 3826356 1082 1
1068 14170249 1081 14170249 1081 1
1069 1069 1080 1069 1080 1
1070 13303237 1078 13303237 1078 1
1071 21480774 1077 21480774 1077 1
1072 27147903 1076 27147903 1076 1
1073 4474766 1075 4474766 1075 1
1074 22801134 1073 22801134 1073 1
1075 25011376 1072 25011376 1072 1
1076 26816868 1071 26816868 1071 1
1077 13382651 1070 13382651 1070 1
1078 1078 1068 1078 1068 1
1079 29557740 1067 29557740 1067 1
1080 21824794 1066 21824794 1066 1
1081 14253100 1065 14253100 1065 1
1082 15071827 1063 15071827 1063 1
1083 18782431 1062 18782431 1062 1
1084 4477105 1061 4477105 1061 1
1085 2927717 1060 2927717 1060 1
1086 17207746 1058 17207746 1058 1
1087 21698621 1057 21698621 1057 1
1088 17450205 1056 17450205 1056 1
1089 12133569 1055 12133569 1055 1
1090 1090 1054 1090 1054 1
1091 17157484 1052 17157484 1052 1
1092 3135780 1051 3135780 1051 1
1093 5486716 1050 5486716 1050 1
1094 1094 1049 1094 1049 1
1095 7748821 1048 7748821 1048 1
1096 25150077 1046 25150077 1046 1
1097 26316901 1045 26316901 1045 1
1098 2262898 1044 2262898 1044 1
1099 20673060 1043 20673060 1043 1
1100 9597922 1042 9597922 1042 1
1101 17531726 1040 17531726 1040 1
1102 15858848 1039 15858848 1039 1
1103 17034545 1038 17034545 1038 1
1104 9327284 1037 9327284 1037 1
1105 18381475 1036 18381475 1036 1
1106 7706320 1035 7706320 1035 1
1107 7337434 1033 7337434 1033 1
1108 16079193 1032 16079193 1032 1
1109 8558633 1031 8558633 1031 1
1110 1110 1030 1110 1030 1
1111 15995684 1029 15995684 1029 1
1112 1463679 1028 1463679 1028 1
1113 6252587 1026 6252587 1026 1
1114 28061962 1025 28061962 1025 1
1115 1115 1024 1115 1024 1
1116 15981032 1023 15981032 1023 1
1117 12797147 1022 12797147 1022 1
1118 27853616 1021 27853616 1021 1
1119 12916881 1020 12916881 1020 1
1120 7893557 1018 7893557 1018 1
1121 1121 1017 1121 1017 1
1122 7236436 1016 7236436 1016 1
1123 19263756 1015 19263756 1015 1
1124 14071498 1014 14071498 1014 1
1125 12254026 1013 12254026 1013 1
1126 8940918 1012 8940918 1012 1
1127 14321076 1011 14321076 1011 1
1128 1128 1009 1128 1009 1
1129 18140508 1008 18140508 1008 1
1130 3864335 1007 3864335 1007 1
1131 22860599 1006 22860599 1006 1
1132 1819485 1005 1819485 1005 1
1133 14816357 1004 14816357 1004 1
1134 634210 1003 634210 1003 1
1135 13424007 1002 13424007 1002 1
1136 29563720 1001 29563720 1001 1
1137 18653847 1000 18653847 1000 1
1138 21363380 998 21363380 998 1
1139 19837499 997 19837499 997 1
1140 29141511 996 29141511 996 1
1141 26085636 995 26085636 995 1
1142 27512740 994 27512740 994 1
1143 20871685 993 20871685 993 1
1144 14681096 992 14681096 992 1
1145 1145 991 1145 991 1
1146 18188729 990 18188729 990 1
1147 1147 989 1147 989 1
1148 1484683 988 1484683 988 1
1149 10108039 986 10108039 986 1
1150 24270452 985 24270452 985 1
1151 24053379 984 24053379 984 1
1152 1152 983 1152 983 1
1153 547212 982 547212 982 1
1154 10852880 981 10852880 981 1
1155 1155 980 1155 980 1
1156 1169120 979 1169120 979 1
1157 15323610 978 15323610 978 1
1158 14195139 977 14195139 977 1
1159 28281986 976 28281986 976 1
1160 7499043 975 7499043 975 1
1161 29814543 974 29814543 974 1
1162 22931925 973 22931925 973 1
1163 7219920 972 7219920 972 1
1164 28190515 971 28190515 971 1
1165 10198114 970 10198114 970 1
1166 29275573 969 29275573 969 1
1167 25400124 968 25400124 968 1
1168 4139672 966 4139672 966 1
1169 6267327 965 6267327 965 1
1170 1170 964 1170 964 1
1171 1171 963 1171 963 1
1172 15289184 962 15289184 962 1
1173 16708718 961 16708718 961 1
1174 6450261 960 6450261 960 1
1175 8058573 959 8058573 959 1
1176 19679274 958 19679274 958 1
1177 11814181 957 11814181 957 1
1178 19361019 956 19361019 956 1
1179 2767069 955 2767069 955 1
1180 26879056 954 26879056 954 1
1181 2444198 953 2444198 953 1
1182 25924426 952 25924426 952 1
1183 17353340 951 17353340 951 1
1184 26769139 950 26769139 950 1
1185 679462 949 679462 949 1
1186 4312909 948 4312909 948 1
1187 1187 947 1187 947 1
1188 6154255 946 6154255 946 1
1189 9087990 945 9087990 945 1
1190 4713425 944 4713425 944 1
1191 26934733 943 26934733 943 1
1192 16902922 942 16902922 942 1
1193 19436106 941 19436106 941 1
1194 15350965 940 15350965 940 1
1195 4713981 939 4713981 939 1
1196 21818316 938 21818316 938 1
1197 12864906 937 12864906 937 1
1198 1198 936 1198 936 1
1199 24718030 935 24718030 935 1
1200 27431457 934 27431457 934 1
1201 1201 933 1201 933 1
1202 9455787 932 9455787 932 1
1203 1203 931 1203 931 1
1204 13444198 931 13444198 931 1
1205 14732373 930 14732373 930 1
1206 25487684 929 25487684 929 1
1207 26320352 928 26320352 928 1
1208 10279871 927 10279871 927 1
1209 11316247 926 11316247 926 1
1210 21689060 925 21689060 925 1
1211 28762490 924 28762490 924 1
1212 26206989 923 26206989 923 1
1213 20569656 922 20569656 922 1
1214 11562692 921 11562692 921 1
1215 23730091 920 23730091 920 1
1216 8999104 919 8999104 919 1
1217 19141114 918 19141114 918 1
1218 14159879 917 14159879 917 1
1219 6495145 916 6495145 916 1
1220 17594675 915 17594675 915 1
1221 3815134 914 3815134 914 1
1222 21052635 913 8007307 913 0
1223 8007307 913 21052635 913 0
1224 13581157 912 13581157 912 1
1225 22741828 911 22741828 911 1
1226 4898285 910 4898285 910 1
1227 1227 909 1227 909 1
1228 9982144 908 9982144 908 1
1229 1229 907 1229 907 1
1230 28165642 906 28165642 906 1
1231 21898092 905 21898092 905 1
1232 19789406 904 19789406 904 1
1233 14073078 903 14073078 903 1
1234 1234 902 1234 902 1
1235 12782585 901 19241205 901 0
1236 19241205 901 12782585 901 0
1237 8099710 900 8099710 900 1
1238 4582587 899 4582587 899 1
1239 5277574 898 5277574 898 1
1240 4294412 897 4294412 897 1
1241 22775759 896 22775759 896 1
1242 15508576 895 15508576 895 1
1243 7891729 894 7891729 894 1
1244 9397736 893 9397736 893 1
1245 1245 892 4164776 892 0
1246 4164776 892 1245 892 0
1247 1914992 891 1914992 891 1
1248 15072550 890 15072550 890 1
1249 1249 889 1249 889 1
1250 28488302 888 28488302 888 1
1251 27316006 887 27316006 887 1
1252 18444107 886 18444107 886 1
1253 1113020 885 1113020 885 1
1254 19738445 884 7448010 884 0
1255 7448010 884 19738445 884 0
1256 11519160 883 11519160 883 1
1257 12391928 882 12391928 882 1
1258 15289582 881 15289582 881 1
1259 2843997 880 2843997 880 1
1260 17399297 879 17399297 879 1
1261 1261 878 1261 878 1
1262 10630323 877 1262 877 0
1263 1262 877 10630323 877 0
1264 929201 876 929201 876 1
1265 13374258 875 13374258 875 1
1266 27003658 874 27003658 874 1
1267 22177234 873 22177234 873 1
1268 27394597 872 27394597 872 1
1269 1388437 871 19996435 871 0
1270 19996435 871 1388437 871 0
1271 14945515 870 14945515 870 1
1272 19500277 869 19500277 869 1
1273 6103696 868 6103696 868 1
1274 19878336 867 19878336 867 1
1275 12493582 866 12493582 866 1
1276 22173725 865 29303183 865 0
1277 29303183 865 22173725 865 0
1278 1278 864 1278 864 1
1279 1279 863 1279 863 1
1280 10495962 862 10495962 862 1
1281 1281 861 1281 861 1
1282 24413066 860 11908294 860 0
1283 11908294 860 24413066 860 0
1284 17697425 859 17697425 859 1
1285 13060700 858 13060700 858 1
1286 1286 857 1286 857 1
1287 26504442 856 26504442 856 1
1288 28717686 855 1270678 855 0
1289 1270678 855 28717686 855 0
1290 7724948 854 7724948 854 1
1291 1834652 853 1834652 853 1
1292 8846577 852 8846577 852 1
1293 1486104 851 1486104 851 1
1294 4309804 850 27099528 850 0
1295 27099528 850 4309804 850 0
1296 24024455 849 24024455 849 1
1297 2503948 848 2503948 848 1
1298 7657031 847 7657031 847 1
1299 29802559 846 29802559 846 1
1300 1299 846 1299 846 1
1301 3563974 845 3563974 845 1
1302 25344390 844 25344390 844 1
1303 9958543 843 9958543 843 1
1304 28463641 842 28463641 842 1
1305 20836215 841 4124486 841 0
1306 4124486 841 20836215 841 0
1307 17763547 840 17763547 840 1
1308 1257881 839 1257881 839 1
1309 19961636 838 19961636 838 1
1310 1311 837 17523241 837 0
1311 17523241 837 1311 837 0
1312 13529789 836 13529789 836 1
1313 23671452 835 23671452 835 1
1314 1314 834 1314 834 1
1315 20443989 833 20443989 833 1
1316 1315 833 1315 833 1
1317 24209157 832 24209157 832 1
1318 24292345 831 24292345 831 1
1319 23594241 830 16415125 830 0
1320 16415125 830 23594241 830 0
1321 27906629 829 27906629 829 1
1322 9529322 828 9529322 828 1
1323 15772429 827 15772429 827 1
1324 9087033 826 24761241 826 0
1325 24761241 826 9087033 826 0
1326 6194971 825 6194971 825 1
1327 1014502 824 1014502 824 1
1328 23460739 823 8539356 823 0
1329 8539356 823 23460739 823 0
1330 17253083 822 17253083 822 1
1331 8137290 821 8137290 821 1
1332 28604081 820 28604081 820 1
1333 10785681 819 27663450 819 0
1334 27663450 819 10785681 819 0
1335 9471204 818 9471204 818 1
1336 27907798 817 27907798 817 1
1337 16292904 816 22523634 816 0
1338 22523634 816 16292904 816 0
1339 8205757 815 8205757 815 1
1340 16701771 814 16701771 814 1
1341 29944151 813 2351231 813 0
1342 2351231 813 29944151 813 0
1343 19454489 812 19454489 812 1
1344 24246046 811 24246046 811 1
1345 12857885 810 13910563 810 0
1346 13910563 810 12857885 810 0
1347 9628321 809 9628321 809 1
1348 7829934 808 7829934 808 1
1349 28186368 807 28186368 807 1
1350 1350 807 1350 807 1
1351 10380458 806 10380458 806 1
1352 23040629 805 23040629 805 1
1353 1353 804 28032274 804 0
1354 28032274 804 1353 804 0
1355 11399621 803 11399621 803 1
1356 5228566 802 5228566 802 1
1357 14573765 801 14573765 801 1
1358 18005336 801 18005336 801 1
1359 1359 800 1359 800 1
1360 9797632 799 9797632 799 1
1361 25700663 798 11297966 798 0
1362 11297966 798 25700663 798 0
1363 1363 797 1363 797 1
1364 9254533 796 21168517 796 0
1365 21168517 796 9254533 796 0
1366 17078077 795 17078077 795 1
1367 4767966 794 4767966 794 1
1368 8280952 793 3672246 793 0
1369 3672246 793 8280952 793 0
1370 11710633 792 11710633 792 1
1371 28325601 791 28325601 791 1
1372 15695042 790 15695042 790 1
1373 16098479 790 16098479 790 1
1374 8410955 789 8410955 789 1
1375 14812726 788 14812726 788 1
1376 10382734 788 10382734 788 1
1377 1377 787 1377 787 1
1378 20960600 786 20960600 786 1
1379 10550136 785 10550136 785 1
1380 22924954 785 22924954 785 1
1381 1381 784 1381 784 1
1382 16718600 783 832701 783 0
1383 832701 783 16718600 783 0
1384 5592780 782 5592780 782 1
1385 1385 781 1385 781 1
1386 11492320 780 1386 780 0
1387 1386 780 11492320 780 0
1388 21099952 779 21099952 779 1
1389 21366892 778 28776845 778 0
1390 28776845 778 21366892 778 0
1391 1391 777 1391 777 1
1392 29552608 776 29552608 776 1
1393 26553667 776 26553667 776 1
1394 1394 775 1394 775 1
1395 7259167 774 1395 774 0
1396 1395 774 7259167 774 0
1397 22495440 773 22495440 773 1
1398 7173509 772 7173509 772 1
1399 9763749 771 9763749 771 1
1400 29510374 771 29510374 771 1
1401 7235900 770 7235900 770 1
1402 7156806 769 9423466 769 0
1403 9423466 769 7156806 769 0
1404 27134370 768 27134370 768 1
1405 1405 767 21158601 767 0
1406 21158601 767 1405 767 0
1407 25403355 766 25403355 766 1
1408 7740100 765 19481844 765 0
1409 19481844 765 7740100 765 0
1410 22419487 764 22419487 764 1
1411 8731181 763 8731181 763 1
1412 15127497 763 15127497 763 1
1413 1413 762 1413 762 1
1414 19985544 761 19985544 761 1
1415 3906932 761 3906932 761 1
1416 26413359 760 26413359 760 1
1417 3365225 759 3365225 759 1
1418 20000340 759 20000340 759 1
1419 1419 758 1419 758 1
1420 5424040 757 5424040 757 1
1421 8592006 757 8592006 757 1
1422 26937981 756 26937981 756 1
1423 19418449 755 19418449 755 1
1424 7709855 755 7709855 755 1
1425 18524099 754 18524099 754 1
1426 26655175 753 1427 753 0
1427 1427 753 26655175 753 0
1428 26281844 752 26281844 752 1
1429 1430 751 1430 751 1
1430 28890103 751 28890103 751 1
1431 1452699 750 1452699 750 1
1432 1433 749 12368735 749 0
1433 12368735 749 1433 749 0
1434 18772295 748 18772295 748 1
1435 13205510 747 9186995 747 0
1436 9186995 747 13205510 747 0
1437 1314080 746 1314080 746 1
1438 18119670 745 25210219 745 0
1439 25210219 745 18119670 745 0
1440 1440 744 1440 744 1
1441 1441 743 1441 743 1
1442 1442 743 1442 743 1
1443 15249252 742 15249252 742 1
1444 757964 742 757964 742 1
1445 10340451 741 10340451 741 1
1446 23350297 740 27867379 740 0
1447 27867379 740 23350297 740 0
1448 6490194 739 6490194 739 1
1449 13088573 738 8379369 738 0
1450 8379369 738 13088573 738 0
1451 16672034 737 16672034 737 1
1452 6845187 736 6845187 736 1
1453 10849806 736 10849806 736 1
1454 11712142 735 26158278 735 0
1455 26158278 735 11712142 735 0
1456 26129574 734 26129574 734 1
1457 20287840 733 20287840 733 1
1458 7967757 733 7967757 733 1
1459 1459 732 1459 732 1
1460 22356780 731 22356780 731 1
1461 8686376 731 8686376 731 1
1462 14128259 730 26791038 730 0
1463 26791038 730 14128259 730 0
1464 23729265 729 23729265 729 1
1465 29741190 728 29741190 728 1
1466 16798183 728 16798183 728 1
1467 26969202 727 26969202 727 1
1468 11466886 726 11466886 726 1
1469 738851 726 738851 726 1
1470 22301612 725 22301612 725 1
1471 26552243 725 26552243 725 1
1472 15788513 724 15788513 724 1
1473 23954835 723 4995957 723 0
1474 4995957 723 23954835 723 0
1475 1476 722 1476 722 1
1476 23908467 722 23908467 722 1
1477 18118524 721 18118524 721 1
1478 14164960 720 1302302 720 0
1479 1302302 720 14164960 720 0
1480 1183884 719 1183884 719 1
1481 2519778 718 2519778 718 1
1482 21703633 718 21703633 718 1
1483 19412439 717 7944085 717 0
1484 7944085 717 19412439 717 0
1485 25598664 716 25598664 716 1
1486 11483566 715 11483566 715 1
1487 3586206 715 3586206 715 1
1488 18171466 714 18171466 714 1
1489 13952167 714 13952167 714 1
1490 9808114 713 9808114 713 1
1491 24453179 712 24453179 712 1
1492 3923187 712 3923187 712 1
1493 2542352 711 2542352 711 1
1494 14330573 711 14330573 711 1
1495 1495 710 1495 710 1
1496 19873941 709 19873941 709 1
1497 13865127 709 13865127 709 1
1498 16311670 708 6071389 708 0
1499 6071389 708 16311670 708 0
1500 636562 707 636562 707 1
1501 4253796 707 4253796 707 1
1502 1502 706 1502 706 1
1503 17559733 705 1503 705 0
1504 1503 705 17559733 705 0
1505 1505 704 3626139 704 0
1506 3626139 704 1505 704 0
1507 16598499 703 16598499 703 1
1508 18918981 702 20600518 702 0
1509 20600518 702 18918981 702 0
1510 17855947 701 17855947 701 1
1511 15816896 701 15816896 701 1
1512 13855651 700 13855651 700 1
1513 10571912 700 10571912 700 1
1514 1514 699 1514 699 1
1515 9109580 698 9109580 698 1
1516 26820007 698 26820007 698 1
1517 6011412 697 6011412 697 1
1518 1518 697 1518 697 1
1519 3487844 696 14323407 696 0
1520 14323407 696 3487844 696 0
1521 1521 695 1521 695 1
1522 1005371 694 11358215 694 0
1523 11358215 694 1005371 694 0
1524 7467681 693 7467681 693 1
1525 1525 693 1525 693 1
1526 11511462 692 11511462 692 1
1527 13267 692 13267 692 1
1528 28574130 691 28574130 691 1
1529 6129345 690 6129345 690 1
1530 1530 690 1530 690 1
1531 1532 689 19438867 689 0
1532 19438867 689 1532 689 0
1533 7430514 688 12384888 688 0
1534 12384888 688 7430514 688 0
1535 23025022 687 23025022 687 1
1536 11364533 686 11364533 686 1
1537 10267680 686 10267680 686 1
1538 13878744 685 27784749 685 0
1539 27784749 685 13878744 685 0
1540 25520529 684 25520529 684 1
1541 7843065 684 7843065 684 1
1542 6269289 683 6269289 683 1
1543 2983242 683 2983242 683 1
1544 2439897 682 2439897 682 1
1545 1043859 681 1043859 681 1
1546 8093520 681 8093520 681 1
1547 6972058 680 6280313 680 0
1548 6280313 680 6972058 680 0
1549 1549 679 1549 679 1
1550 11608028 679 11608028 679 1
1551 20267866 678 20267866 678 1
1552 21484440 678 21484440 678 1
1553 2192034 677 1553 677 0
1554 1553 677 2192034 677 0
1555 7639440 676 7639440 676 1
1556 8952453 675 11103739 675 0
1557 11103739 675 8952453 675 0
1558 5727422 674 5727422 674 1
1559 19152585 674 19152585 674 1
1560 1560 673 3376483 673 0
1561 3376483 673 1560 673 0
1562 22645876 672 22645876 672 1
1563 29594277 672 29594277 672 1
1564 17833075 671 17833075 671 1
1565 13652543 671 13652543 671 1
1566 13986760 670 13986760 670 1
1567 29938029 670 29938029 670 1
1568 4608533 669 4608533 669 1
1569 24477942 668 17090768 668 0
1570 17090768 668 24477942 668 0
1571 14339433 667 14339433 667 1
1572 10468974 667 10468974 667 1
1573 17679319 666 17679319 666 1
1574 5897210 666 5897210 666 1
1575 27230441 665 27230441 665 1
1576 26783860 665 26783860 665 1
1577 12266988 664 18672570 664 0
1578 18672570 664 12266988 664 0
1579 204906 663 204906 663 1
1580 2938523 663 2938523 663 1
1581 8317487 662 8317487 662 1
1582 13458018 662 13458018 662 1
1583 19825098 661 19825098 661 1
1584 22083311 661 22083311 661 1
1585 10555247 660 10555247 660 1
1586 10400815 660 10400815 660 1
1587 6666925 659 15748246 659 0
1588 15748246 659 6666925 659 0
1589 5988792 658 5988792 658 1
1590 84201 657 1590 657 0
1591 1590 657 84201 657 0
1592 24451609 656 24451609 656 1
1593 855020 656 855020 656 1
1594 25623475 655 25623475 655 1
1595 5990797 655 5990797 655 1
1596 22308742 654 22308742 654 1
1597 4335139 654 4335139 654 1
1598 19008107 653 4487020 653 0
1599 4487020 653 19008107 653 0
1600 1601 652 8822710 652 0
1601 8822710 652 1601 652 0
1602 5047454 651 17770499 651 0
1603 17770499 651 5047454 651 0
1604 1605 650 1605 650 1
1605 22429431 650 22429431 650 1
1606 26399032 649 13977714 649 0
1607 13977714 649 26399032 649 0
1608 22190701 648 22190701 648 1
1609 28731263 648 28731263 648 1
1610 17179735 647 20727638 647 0
1611 20727638 647 17179735 647 0
1612 6406961 646 2548775 646 0
1613 2548775 646 6406961 646 0
1614 4952088 645 17606138 645 0
1615 17606138 645 4952088 645 0
1616 26402967 644 2516414 644 0
1617 2516414 644 26402967 644 0
1618 12462964 643 12462964 643 1
1619 26828362 643 26828362 643 1
1620 1680580 642 7242441 642 0
1621 7242441 642 1680580 642 0
1622 3782920 641 3782920 641 1
1623 20230181 641 20230181 641 1
1624 20379261 640 20379261 640 1
1625 10086091 640 10086091 640 1
1626 16201355 639 16201355 639 1
1627 6009040 639 6009040 639 1
1628 10452944 638 25329554 638 0
1629 25329554 638 10452944 638 0
1630 15589944 637 12680440 637 0
1631 12680440 637 15589944 637 0
1632 20111209 636 8076192 636 0
1633 8076192 636 20111209 636 0
1634 18041847 635 14435096 635 0
1635 14435096 635 18041847 635 0
1636 25305497 634 23836860 634 0
1637 23836860 634 25305497 634 0
1638 28589048 633 8916960 633 0
1639 8916960 633 26950093 633 0
1640 26950093 633 28589048 633 0
1641 18783236 632 18783236 632 1
1642 8987373 632 8987373 632 1
1643 7941040 631 7941040 631 1
1644 20754454 631 20754454 631 1
1645 28026068 630 28026068 630 1
1646 1646 630 1646 630 1
1647 1647 629 1647 629 1
1648 26133668 629 26133668 629 1
1649 19903426 628 5129109 628 0
1650 5129109 628 19903426 628 0
1651 13433519 627 13433519 627 1
1652 9562384 627 9562384 627 1
1653 12794224 626 8134928 626 0
1654 8134928 626 12794224 626 0
1655 1655 625 22130496 625 0
1656 22130496 625 1655 625 0
1657 12295786 624 12295786 624 1
1658 28135764 624 28135764 624 1
1659 29582604 623 1661 623 0
1660 5779366 623 5779366 623 1
1661 1661 623 29582604 623 0
1662 27071545 622 27071545 622 1
1663 29745248 622 29745248 622 1
1664 10644074 621 8397656 621 0
1665 8397656 621 10644074 621 0
1666 6570591 620 21637297 620 0
1667 21637297 620 6570591 620 0
1668 2573024 619 521658 619 0
1669 521658 619 2573024 619 0
1670 21737326 618 21737326 618 1
1671 17288373 618 17288373 618 1
1672 10648842 617 9530348 617 0
1673 9530348 617 10648842 617 0
1674 21464178 617 21464178 617 1
1675 11716431 616 2286677 616 0
1676 2286677 616 11716431 616 0
1677 24982106 615 7639024 615 0
1678 7639024 615 24982106 615 0
1679 19337351 614 19337351 614 1
1680 25727541 614 25727541 614 1
1681 9662937 613 9662937 613 1
1682 15177775 613 15177775 613 1
1683 11202728 612 11202728 612 1
1684 27495806 612 27495806 612 1
1685 23924747 611 25462071 611 0
1686 17780353 611 23924747 611 0
1687 25462071 611 17780353 611 0
1688 3862298 610 13029570 610 0
1689 13029570 610 3862298 610 0
1690 29144273 609 29144273 609 1
1691 4154239 609 4154239 609 1
1692 1692 608 1692 608 1
1693 16804781 608 16804781 608 1
1694 14188700 607 18626149 607 0
1695 9964544 607 9964544 607 1
1696 18626149 607 14188700 607 0
1697 6850930 606 8150505 606 0
1698 8150505 606 6850930 606 0
1699 18112900 605 1452498 605 0
1700 1452498 605 18112900 605 0
1701 29000871 604 21073846 604 0
1702 21073846 604 29000871 604 0
1703 27053624 603 12705046 603 0
1704 12705046 603 27053624 603 0
1705 26476393 603 26476393 603 1
1706 25166243 602 25166243 602 1
1707 6527635 602 6527635 602 1
1708 6688807 601 3885617 601 0
1709 3885617 601 6688807 601 0
1710 28850809 600 28850809 600 1
1711 1711 600 1711 600 1
1712 28435 599 13550524 599 0
1713 13550524 599 28435 599 0
1714 17948685 599 17948685 599 1
1715 23711163 598 29430439 598 0
1716 29430439 598 23711163 598 0
1717 18730936 597 9227244 597 0
1718 9227244 597 18730936 597 0
1719 1721 596 23435346 596 0
1720 21904613 596 1721 596 0
1721 23435346 596 21904613 596 0
1722 28698722 595 14681811 595 0
1723 14681811 595 28698722 595 0
1724 13722708 594 1725 594 0
1725 1725 594 13722708 594 0
1726 1726 593 1726 593 1
1727 3576626 593 3576626 593 1
1728 4318543 593 4318543 593 1
1729 1633730 592 19669827 592 0
1730 19669827 592 1633730 592 0
1731 7329192 591 25085316 591 0
1732 25085316 591 7329192 591 0
1733 20259014 590 27207389 590 0
1734 29278022 590 29278022 590 1
1735 27207389 590 20259014 590 0
1736 1737 589 5713074 589 0
1737 5713074 589 1737 589 0
1738 14933155 588 14933155 588 1
1739 23023989 588 23023989 588 1
1740 29386429 587 1741 587 0
1741 18407935 587 18407935 587 1
1742 1741 587 29386429 587 0
1743 14085780 586 14085780 586 1
1744 5722917 586 5722917 586 1
1745 13923529 585 1746 585 0
1746 19934568 585 13923529 585 0
1747 1746 585 19934568 585 0
1748 1749 584 1749 584 1
1749 19220357 584 19220357 584 1
1750 25106103 583 25106103 583 1
1751 3055827 583 3055827 583 1
1752 13715463 582 13715463 582 1
1753 13874133 582 29910551 582 0
1754 29910551 582 13874133 582 0
1755 2025578 581 2025578 581 1
1756 14488150 581 14488150 581 1
1757 23411886 580 20983274 580 0
1758 20983274 580 23411886 580 0
1759 29577709 580 29577709 580 1
1760 1760 579 1760 579 1
1761 1761 579 1761 579 1
1762 8318429 578 8318429 578 1
1763 15719712 578 15719712 578 1
1764 7247323 577 1764 577 0
1765 1764 577 26078609 577 0
1766 26078609 577 7247323 577 0
1767 1250735 576 1250735 576 1
1768 6403288 576 6403288 576 1
1769 16137790 575 29806254 575 0
1770 26317048 575 16137790 575 0
1771 29806254 575 26317048 575 0
1772 11421537 574 11421537 574 1
1773 17139406 574 17139406 574 1
1774 29227920 573 13160763 573 0
1775 13160763 573 29227920 573 0
1776 6085475 573 6085475 573 1
1777 22301870 572 22301870 572 1
1778 26312370 572 26312370 572 1
1779 15358276 571 15358276 571 1
1780 12341146 571 17329301 571 0
1781 17329301 571 12341146 571 0
1782 22376620 570 2464983 570 0
1783 2464983 570 22376620 570 0
1784 18015725 569 18015725 569 1
1785 29434780 569 29434780 569 1
1786 28974952 569 28974952 569 1
1787 22392340 568 22392340 568 1
1788 1788 568 1788 568 1
1789 13691682 567 13691682 567 1
1790 17466838 567 1790 567 0
1791 1790 567 17466838 567 0
1792 24538581 566 24538581 566 1
1793 1793 566 1793 566 1
1794 19077500 565 4348401 565 0
1795 1795 565 1795 565 1
1796 4348401 565 19077500 565 0
1797 26374437 564 15040815 564 0
1798 15040815 564 26374437 564 0
1799 6827643 563 886253 563 0
1800 886253 563 23018953 563 0
1801 23018953 563 6827643 563 0
1802 7047029 562 7047029 562 1
1803 1803 562 21811538 562 0
1804 21811538 562 1803 562 0
1805 7013580 561 14125443 561 0
1806 14125443 561 7013580 561 0
1807 1807 560 1807 560 1
1808 6601171 560 26833302 560 0
1809 26833302 560 6601171 560 0
1810 29931218 559 29931218 559 1
1811 11656663 559 11656663 559 1
1812 19910079 558 22784562 558 0
1813 14295168 558 14295168 558 1
1814 22784562 558 19910079 558 0
1815 7408476 557 20259517 557 0
1816 20259517 557 9800845 557 0
1817 9800845 557 7408476 557 0
1818 12465274 556 12465274 556 1
1819 1818 556 1818 556 1
1820 1820 555 1820 555 1
1821 10602473 555 22660852 555 0
1822 22660852 555 10602473 555 0
1823 2260202 554 16353435 554 0
1824 16353435 554 2260202 554 0
1825 29398468 553 29398468 553 1
1826 20641879 553 20641879 553 1
1827 9307617 553 9307617 553 1
1828 16751984 552 8863415 552 0
1829 231980 552 231980 552 1
1830 8863415 552 16751984 552 0
1831 10662988 551 10662988 551 1
1832 3142519 551 3142519 551 1
1833 1834 550 3824896 550 0
1834 18512739 550 18512739 550 1
1835 3824896 550 1834 550 0
1836 1838 549 18767484 549 0
1837 18767484 549 5771165 549 0
1838 5771165 549 1838 549 0
1839 8919130 548 7250768 548 0
1840 7250768 548 8919130 548 0
1841 29368164 547 24394149 547 0
1842 24394149 547 29368164 547 0
1843 1748562 547 1748562 547 1
1844 9755711 546 17101005 546 0
1845 17101005 546 15791863 546 0
1846 15791863 546 9755711 546 0
1847 27515345 545 27515345 545 1
1848 26341995 545 29744029 545 0
1849 29744029 545 26341995 545 0
1850 2159010 544 25578270 544 0
1851 25578270 544 2159010 544 0
1852 5390380 543 5390380 543 1
1853 11416650 543 14181340 543 0
1854 14181340 543 11416650 543 0
1855 1856 542 1857 542 0
1856 1857 542 1856 542 0
1857 14134594 542 14134594 542 1
1858 9425448 541 9425448 541 1
1859 6248115 541 6248115 541 1
1860 6811639 540 13131911 540 0
1861 21934633 540 21934633 540 1
1862 13131911 540 6811639 540 0
1863 21794592 539 21794592 539 1
1864 24095738 539 24095738 539 1
1865 1863 539 1863 539 1
1866 1868 538 1868 538 1
1867 6289638 538 6289638 538 1
1868 1598281 538 1598281 538 1
1869 9266221 537 9266221 537 1
1870 25169717 537 25169717 537 1
1871 14893620 537 14893620 537 1
1872 14404109 536 4924746 536 0
1873 4924746 536 14404109 536 0
1874 16059584 535 29594405 535 0
1875 29594405 535 16059584 535 0
1876 25431419 535 25431419 535 1
1877 20392274 534 1877 534 0
1878 1877 534 19129516 534 0
1879 19129516 534 20392274 534 0
1880 24366139 533 24366139 533 1
1881 19058660 533 19058660 533 1
1882 11240605 533 11240605 533 1
1883 11873758 532 11873758 532 1
1884 7157094 532 1884 532 0
1885 1884 532 7157094 532 0
1886 22195337 531 22195337 531 1
1887 14066649 531 14066649 531 1
1888 11523202 530 24978141 530 0
1889 24978141 530 9381607 530 0
1890 9381607 530 11523202 530 0
1891 27388957 529 2564260 529 0
1892 1892 529 27388957 529 0
1893 2564260 529 1892 529 0
1894 13136535 528 16327853 528 0
1895 22169708 528 13136535 528 0
1896 16327853 528 22169708 528 0
1897 1899 527 12239941 527 0
1898 162826 527 1899 527 0
1899 12239941 527 162826 527 0
1900 12308524 526 4280140 526 0
1901 1496306 526 12308524 526 0
1902 4280140 526 1496306 526 0
1903 1602265 525 13470577 525 0
1904 13470577 525 5742490 525 0
1905 5742490 525 1602265 525 0
1906 23873336 524 23873336 524 1
1907 3005501 524 3005501 524 1
1908 3697781 524 3697781 524 1
1909 23185062 523 587518 523 0
1910 24960130 523 23185062 523 0
1911 587518 523 24960130 523 0
1912 10146806 522 25250527 522 0
1913 25250527 522 10146806 522 0
1914 11002432 521 26353224 521 0
1915 1915 521 1915 521 1
1916 26353224 521 11002432 521 0
1917 27836552 520 1919 520 0
1918 28445023 520 27836552 520 0
1919 1919 520 28445023 520 0
1920 1921 519 25696487 519 0
1921 25696487 519 23606540 519 0
1922 23606540 519 1921 519 0
1923 17437348 518 17437348 518 1
1924 11774281 518 11162204 518 0
1925 11162204 518 11774281 518 0
1926 12195692 517 12195692 517 1
1927 24230425 517 28252428 517 0
1928 28252428 517 24230425 517 0
1929 15441971 516 24389866 516 0
1930 27503189 516 27503189 516 1
1931 24389866 516 15441971 516 0
1932 1690090 515 1690090 515 1
1933 1933 515 21755708 515 0
1934 21755708 515 1933 515 0
1935 20201064 514 22944650 514 0
1936 26859628 514 26859628 514 1
1937 22944650 514 20201064 514 0
1938 1418509 513 1418509 513 1
1939 24362237 513 14615074 513 0
1940 14615074 513 24362237 513 0
1941 19466497 512 7491307 512 0
1942 7491307 512 19466497 512 0
1943 5692580 512 5692580 512 1
1944 27379288 511 15092417 511 0
1945 29747861 511 29747861 511 1
1946 15092417 511 27379288 511 0
1947 8063934 510 8063934 510 1
1948 26537187 510 7631394 510 0
1949 7631394 510 26537187 510 0
1950 1917793 509 12853496 509 0
1951 12853496 509 18358848 509 0
1952 18358848 509 1917793 509 0
1953 20139327 509 20139327 509 1
1954 2515749 508 9832401 508 0
1955 20443844 508 20443844 508 1
1956 9832401 508 2515749 508 0
1957 1958 507 1959 507 0
1958 1959 507 1958 507 0
1959 17718658 507 17718658 507 1
1960 18147749 506 15973960 506 0
1961 15973960 506 1962 506 0
1962 1962 506 18147749 506 0
1963 3579552 505 2578188 505 0
1964 22828171 505 22828171 505 1
1965 2578188 505 3579552 505 0
1966 1989257 504 7560056 504 0
1967 23252194 504 23252194 504 1
1968 7560056 504 1989257 504 0
1969 26562004 503 26562004 503 1
1970 1970 503 1970 503 1
1971 8986476 503 8986476 503 1
1972 1974 502 7473111 502 0
1973 7473111 502 1974 502 0
1974 26384265 502 26384265 502 1
1975 4685909 501 4685909 501 1
1976 5405369 501 5405369 501 1
1977 26701749 501 26701749 501 1
1978 22012481 501 22012481 501 1
1979 3440392 500 15776714 500 0
1980 15776714 500 2529896 500 0
1981 2529896 500 3440392 500 0
1982 3015353 499 3015353 499 1
1983 8273293 499 8273293 499 1
1984 3793 499 3793 499 1
1985 2682092 498 2682092 498 1
1986 8719140 498 3421111 498 0
1987 3421111 498 8719140 498 0
1988 1988 497 1988 497 1
1989 27440378 497 18678265 497 0
1990 18678265 497 27440378 497 0
1991 1991 496 1991 496 1
1992 23157327 496 23157327 496 1
1993 23547564 496 23547564 496 1
1994 6034009 495 5953624 495 0
1995 13825840 495 6034009 495 0
1996 1995 495 1995 495 1
1997 5953624 495 13825840 495 0
1998 15780516 494 15780516 494 1
1999 23664277 494 1126968 494 0
2000 1126968 494 23664277 494 0
2001 6276844 493 24073081 493 0
2002 24073081 493 6276844 493 0
2003 7241819 493 7241819 493 1
2004 26013177 492 9434237 492 0
2005 1740257 492 26013177 492 0
2006 9434237 492 1740257 492 0
2007 21923026 491 22953809 491 0
2008 22953809 491 21923026 491 0
2009 3365822 491 14340615 491 0
2010 14340615 491 3365822 491 0
2011 22548405 490 2011 490 0
2012 2011 490 20172664 490 0
2013 20172664 490 22548405 490 0
2014 12631461 489 28331043 489 0
2015 5340518 489 5340518 489 1
2016 28331043 489 12631461 489 0
2017 3556584 488 27501784 488 0
2018 27501784 488 6983144 488 0
2019 2017 488 3556584 488 0
2020 6983144 488 2017 488 0
2021 29014024 487 22775073 487 0
2022 4415431 487 4415431 487 1
2023 22775073 487 29014024 487 0
2024 20443499 486 2289540 486 0
2025 4462128 486 4462128 486 1
2026 2289540 486 20443499 486 0
2027 9399617 485 4782205 485 0
2028 21534400 485 1367539 485 0
2029 4782205 485 21534400 485 0
2030 1367539 485 9399617 485 0
2031 11316011 484 1200987 484 0
2032 26405554 484 26405554 484 1
2033 1200987 484 11316011 484 0
2034 16419280 483 16419280 483 1
2035 11135781 483 11135781 483 1
2036 3249865 483 3249865 483 1
2037 7857799 482 12374023 482 0
2038 12374023 482 7857799 482 0
2039 12806808 482 12806808 482 1
2040 19867092 482 19867092 482 1
2041 2042 481 2042 481 1
2042 22040239 481 22040239 481 1
2043 9008146 481 9008146 481 1
2044 704555 480 704555 480 1
2045 25191087 480 25191087 480 1
2046 20751289 480 16287029 480 0
2047 16287029 480 20751289 480 0
2048 21662328 479 22561457 479 0
2049 2048 479 2048 479 1
2050 22561457 479 21662328 479 0
2051 24947088 478 18632722 478 0
2052 20268357 478 20268357 478 1
2053 18632722 478 24947088 478 0
2054 15160904 477 15600648 477 0
2055 15600648 477 27399890 477 0
2056 27399890 477 7389109 477 0
2057 7389109 477 15160904 477 0
2058 1225978 476 2059 476 0
2059 2059 476 20176275 476 0
2060 20176275 476 1225978 476 0
2061 20769353 475 28362786 475 0
2062 28362786 475 2695576 475 0
2063 2695576 475 22931959 475 0
2064 22931959 475 20769353 475 0
2065 19182569 474 6073122 474 0
2066 995203 474 995203 474 1
2067 6073122 474 19182569 474 0
2068 19310052 473 20389349 473 0
2069 13403947 473 19310052 473 0
2070 6952117 473 13403947 473 0
2071 20389349 473 6952117 473 0
2072 7836067 472 19475483 472 0
2073 19475483 472 7836067 472 0
2074 7885503 472 7885503 472 1
2075 10653491 471 6425936 471 0
2076 2077 471 1038549 471 0
2077 6425936 471 10653491 471 0
2078 1038549 471 2077 471 0
2079 14068549 470 2081 470 0
2080 2081 470 8415205 470 0
2081 8415205 470 14068549 470 0
2082 29623334 469 29623334 469 1
2083 5531751 469 24436764 469 0
2084 9220233 469 5531751 469 0
2085 24436764 469 9220233 469 0
2086 3556295 468 3556295 468 1
2087 830246 468 830246 468 1
2088 10114935 468 10114935 468 1
2089 573160 467 2091 467 0
2090 18821730 467 25978475 467 0
2091 2091 467 18821730 467 0
2092 25978475 467 573160 467 0
2093 18299566 466 17526022 466 0
2094 29734388 466 2096 466 0
2095 2096 466 29734388 466 0
2096 17526022 466 18299566 466 0
2097 2099 465 16127235 465 0
2098 16127235 465 19899206 465 0
2099 19899206 465 2099 465 0
2100 26447560 464 22157962 464 0
2101 22157962 464 4064960 464 0
2102 4064960 464 5825058 464 0
2103 5825058 464 26447560 464 0
2104 17086341 463 9352711 463 0
2105 2106 463 2106 463 1
2106 9352711 463 19135748 463 0
2107 19135748 463 17086341 463 0
2108 29323749 462 2110 462 0
2109 2110 462 29323749 462 0
2110 20084500 462 20084500 462 1
2111 21008320 461 21008320 461 1
2112 2112 461 2112 461 1
2113 27258960 461 3610628 461 0
2114 3610628 461 27258960 461 0
2115 881210 460 13704225 460 0
2116 29584568 460 29584568 460 1
2117 8964966 460 8964966 460 1
2118 13704225 460 881210 460 0
2119 25364607 459 25364607 459 1
2120 25273622 459 25273622 459 1
2121 24894167 459 24894167 459 1
2122 28479370 458 1653813 458 0
2123 1653813 458 28479370 458 0
2124 22188037 458 22188037 458 1
2125 2125 458 2125 458 1
2126 6176310 457 11405254 457 0
2127 8714982 457 2126 457 0
2128 11405254 457 6176310 457 0
2129 2126 457 8714982 457 0
2130 4121546 456 4121546 456 1
2131 7109056 456 7109056 456 1
2132 3275396 456 3275396 456 1
2133 25579104 455 25579104 455 1
2134 2135 455 9193725 455 0
2135 18961238 455 18961238 455 1
2136 9193725 455 2135 455 0
2137 7818609 454 22074993 454 0
2138 18064027 454 18064027 454 1
2139 22074993 454 15601768 454 0
2140 15601768 454 7818609 454 0
2141 14725394 453 1821967 453 0
2142 1821967 453 2142 453 0
2143 2143 453 2143 453 1
2144 2142 453 14725394 453 0
2145 2146 452 2985045 452 0
2146 2147 452 2146 452 0
2147 2985045 452 3142220 452 0
2148 3142220 452 2147 452 0
2149 25304708 451 17470384 451 0
2150 5036872 451 5036872 451 1
2151 17470384 451 25304708 451 0
2152 18500477 450 18500477 450 1
2153 27307182 450 2155 450 0
2154 297557 450 27307182 450 0
2155 2155 450 297557 450 0
2156 5984874 449 2159 449 0
2157 2159 449 2157 449 0
2158 2157 449 5984874 449 0
2159 27323417 449 27323417 449 1
2160 7004265 448 23236459 448 0
2161 2161 448 7004265 448 0
2162 23236459 448 4228095 448 0
2163 4228095 448 2161 448 0
2164 4323748 447 15035153 447 0
2165 19394329 447 19394329 447 1
2166 15035153 447 6963783 447 0
2167 6963783 447 4323748 447 0
2168 2508694 446 2170 446 0
2169 25417558 446 2508694 446 0
2170 2170 446 25417558 446 0
2171 11510080 446 11510080 446 1
2172 2172 445 22071552 445 0
2173 2175 445 2175 445 1
2174 22071552 445 4332899 445 0
2175 4332899 445 2172 445 0
2176 2176 444 2176 444 1
2177 2177 444 2177 444 1
2178 12731886 444 12731886 444 1
2179 22491500 443 22491500 443 1
2180 23485954 443 23485954 443 1
2181 12823396 443 20839977 443 0
2182 20839977 443 12823396 443 0
2183 27384110 442 21677386 442 0
2184 1200306 442 27384110 442 0
2185 21677386 442 28919345 442 0
2186 28919345 442 1200306 442 0
2187 24168615 441 28188127 441 0
2188 28188127 441 177607 441 0
2189 177607 441 24168615 441 0
2190 26131806 441 26131806 441 1
2191 26038581 440 5265963 440 0
2192 24733884 440 26038581 440 0
2193 14469876 440 14469876 440 1
2194 5265963 440 24733884 440 0
2195 12741942 439 12514045 439 0
2196 8506939 439 12741942 439 0
2197 12514045 439 8506939 439 0
2198 5771095 439 5771095 439 1
2199 21646037 438 21646037 438 1
2200 2199 438 879784 438 0
2201 879784 438 2199 438 0
2202 12128128 438 12128128 438 1
2203 12765865 437 10465759 437 0
2204 16899868 437 14553094 437 0
2205 14553094 437 12765865 437 0
2206 10465759 437 16899868 437 0
2207 14144182 436 14144182 436 1
2208 6805299 436 16059672 436 0
2209 16059672 436 6805299 436 0
2210 13989128 436 13989128 436 1
2211 17758803 435 2213 435 0
2212 16856402 435 18554792 435 0
2213 2213 435 13226987 435 0
2214 13226987 435 17758803 435 0
2215 18554792 435 16856402 435 0
2216 5333062 434 2217 434 0
2217 17431454 434 19241302 434 0
2218 19241302 434 5333062 434 0
2219 2217 434 17431454 434 0
2220 11186819 433 20818204 433 0
2221 15906248 433 15906248 433 1
2222 20818204 433 11186819 433 0
2223 8726706 433 8726706 433 1
2224 21753058 432 2224 432 0
2225 2224 432 21753058 432 0
2226 2227 432 2227 432 1
2227 27261909 432 27261909 432 1
2228 14496657 431 14496657 431 1
2229 23150884 431 23150884 431 1
2230 2231 431 29443963 431 0
2231 29443963 431 2231 431 0
2232 26343084 430 14335004 430 0
2233 8187854 430 8187854 430 1
2234 14335004 430 26343084 430 0
2235 12454276 430 12454276 430 1
2236 18677997 429 18677997 429 1
2237 4473907 429 4473907 429 1
2238 3237676 429 6067072 429 0
2239 6067072 429 3237676 429 0
2240 10285996 428 15601720 428 0
2241 26711308 428 27408967 428 0
2242 15601720 428 12117647 428 0
2243 27408967 428 10285996 428 0
2244 12117647 428 26711308 428 0
2245 2703186 427 2703186 427 1
2246 17806733 427 8819677 427 0
2247 21005445 427 21005445 427 1
2248 8819677 427 17806733 427 0
2249 16432399 426 18127899 426 0
2250 18127899 426 9613534 426 0
2251 12710146 426 12710146 426 1
2252 9613534 426 16432399 426 0
2253 13372583 425 20536341 425 0
2254 10348340 425 13372583 425 0
2255 20536341 425 10348340 425 0
2256 7448871 425 7448871 425 1
2257 11396825 424 4323254 424 0
2258 10738946 424 16581908 424 0
2259 4323254 424 10738946 424 0
2260 16581908 424 11396825 424 0
2261 1192126 423 7793533 423 0
2262 12147679 423 2106771 423 0
2263 2106771 423 1192126 423 0
2264 7793533 423 12147679 423 0
2265 2119894 423 2119894 423 1
2266 26142953 422 19486757 422 0
2267 6326488 422 6326488 422 1
2268 19486757 422 26142953 422 0
2269 4555008 422 4555008 422 1
2270 6918847 421 6918847 421 1
2271 7521026 421 7521026 421 1
2272 3589323 421 28779708 421 0
2273 28779708 421 3589323 421 0
2274 2647827 420 7730541 420 0
2275 7730541 420 8345504 420 0
2276 9409628 420 2647827 420 0
2277 26864819 420 26864819 420 1
2278 8345504 420 9409628 420 0
2279 23881433 419 2891983 419 0
2280 2891983 419 1245139 419 0
2281 2281 419 23881433 419 0
2282 1245139 419 2281 419 0
2283 16074385 418 10956621 418 0
2284 2284 418 28640781 418 0
2285 28640781 418 2284 418 0
2286 10956621 418 16074385 418 0
2287 3486728 417 23619370 417 0
2288 17368734 417 3486728 417 0
2289 20804003 417 4580564 417 0
2290 23619370 417 17368734 417 0
2291 4580564 417 20804003 417 0
2292 2295 416 80763 416 0
2293 18287011 416 4420016 416 0
2294 80763 416 2295 416 0
2295 4420016 416 18287011 416 0
2296 18514021 415 19447450 415 0
2297 22344 415 20109391 415 0
2298 18246577 415 22344 415 0
2299 20109391 415 18514021 415 0
2300 19447450 415 18246577 415 0
2301 4880130 414 26156890 414 0
2302 19774895 414 19774895 414 1
2303 26156890 414 10198694 414 0
2304 10198694 414 4880130 414 0
2305 8476814 413 2309 413 0
2306 2309 413 19845436 413 0
2307 3058988 413 8476814 413 0
2308 19845436 413 3058988 413 0
2309 2305 413 2305 413 1
2310 23701756 412 26834845 412 0
2311 26834845 412 23701756 412 0
2312 27051692 412 20275629 412 0
2313 20275629 412 27051692 412 0
2314 3806270 411 3806270 411 1
2315 2317 411 2260676 411 0
2316 16030297 411 9050602 411 0
2317 2260676 411 2317 411 0
2318 9050602 411 16030297 411 0
2319 29776336 410 11223426 410 0
2320 11223426 410 2320 410 0
2321 13307165 410 13307165 410 1
2322 2320 410 29776336 410 0
2323 29512316 409 29512316 409 1
2324 23950467 409 15902820 409 0
2325 27635340 409 27635340 409 1
2326 15902820 409 23950467 409 0
2327 18365371 409 18365371 409 1
2328 19600333 408 1114940 408 0
2329 1114940 408 19600333 408 0
2330 9541836 408 9541836 408 1
2331 20995077 408 20995077 408 1
2332 6482392 407 15878790 407 0
2333 17888335 407 16910793 407 0
2334 16910793 407 17888335 407 0
2335 4140558 407 4140558 407 1
2336 15878790 407 6482392 407 0
2337 321385 406 16326064 406 0
2338 11208688 406 11208688 406 1
2339 16326064 406 321385 406 0
2340 3131523 406 3131523 406 1
2341 10377219 405 10377219 405 1
2342 3001114 405 28069210 405 0
2343 27174166 405 27174166 405 1
2344 21475970 405 21475970 405 1
2345 28069210 405 3001114 405 0
2346 12740315 404 14156023 404 0
2347 6306598 404 12740315 404 0
2348 14156023 404 4224257 404 0
2349 2347 404 6306598 404 0
2350 4224257 404 2347 404 0
2351 20910856 403 6097369 403 0
2352 6097369 403 17885460 403 0
2353 19704100 403 19704100 403 1
2354 17885460 403 20910856 403 0
2355 26577793 402 19792055 402 0
2356 2357 402 7077739 402 0
2357 7077739 402 2357 402 0
2358 13998137 402 13998137 402 1
2359 19792055 402 26577793 402 0
2360 18307503 401 26279450 401 0
2361 20771749 401 3652991 401 0
2362 3652991 401 18307503 401 0
2363 26279450 401 20771749 401 0
2364 10701185 401 10701185 401 1
2365 23869933 400 1726879 400 0
2366 22378034 400 22378034 400 1
2367 1726879 400 2366 400 0
2368 12550025 400 12550025 400 1
2369 2366 400 23869933 400 0
2370 24287768 399 20688358 399 0
2371 20688358 399 24287768 399 0
2372 4390799 399 7614372 399 0
2373 7614372 399 4390799 399 0
2374 29249556 398 11163167 398 0
2375 25998964 398 29249556 398 0
2376 11163167 398 25998964 398 0
2377 23403798 398 2377 398 0
2378 2377 398 23403798 398 0
2379 15394577 397 15394577 397 1
2380 18491820 397 18968559 397 0
2381 22306195 397 22306195 397 1
2382 18968559 397 24142212 397 0
2383 24142212 397 18491820 397 0
2384 8831152 396 8831152 396 1
2385 20120138 396 25362087 396 0
2386 25362087 396 20120138 396 0
2387 36707 396 36707 396 1
2388 3084528 396 3084528 396 1
2389 8556617 395 23754950 395 0
2390 15866574 395 15866574 395 1
2391 23754950 395 2390 395 0
2392 11897076 395 11897076 395 1
2393 2390 395 8556617 395 0
2394 9853152 394 9008001 394 0
2395 9008001 394 6457490 394 0
2396 6457490 394 9853152 394 0
2397 5891587 394 5891587 394 1
2398 24942814 393 28891774 393 0
2399 7069396 393 23898281 393 0
2400 28891774 393 7188001 393 0
2401 23898281 393 7069396 393 0
2402 7188001 393 24942814 393 0
2403 21031266 392 23655137 392 0
2404 2406 392 2406 392 1
2405 22567259 392 21031266 392 0
2406 23655137 392 22567259 392 0
2407 7159127 392 7159127 392 1
2408 3283697 391 3283697 391 1
2409 28510685 391 20211051 391 0
2410 25891052 391 25891052 391 1
2411 11170523 391 11170523 391 1
2412 20211051 391 28510685 391 0
2413 794217 390 21725608 390 0
2414 2158070 390 794217 390 0
2415 1254350 390 1254350 390 1
2416 21725608 390 19664009 390 0
2417 19664009 390 2158070 390 0
2418 15236825 389 15236825 389 1
2419 23401866 389 23401866 389 1
2420 10305984 389 2421 389 0
2421 18992480 389 10305984 389 0
2422 2421 389 18992480 389 0
2423 24278547 388 20315415 388 0
2424 6511901 388 6511901 388 1
2425 15303808 388 15303808 388 1
2426 28574918 388 28574918 388 1
2427 20315415 388 24278547 388 0
2428 15788866 387 23127177 387 0
2429 23127177 387 15788866 387 0
2430 12751743 387 12751743 387 1
2431 18601803 387 12964999 387 0
2432 12964999 387 18601803 387 0
2433 23283202 386 19464290 386 0
2434 29999063 386 26938664 386 0
2435 24982085 386 24982085 386 1
2436 26938664 386 29999063 386 0
2437 19464290 386 23283202 386 0
2438 2438 385 2441 385 0
2439 12946351 385 12946351 385 1
2440 2441 385 8378306 385 0
2441 8378306 385 4953755 385 0
2442 4953755 385 2438 385 0
2443 21179326 384 21179326 384 1
2444 9356519 384 2187737 384 0
2445 27959917 384 20220408 384 0
2446 2187737 384 9356519 384 0
2447 20220408 384 27959917 384 0
2448 29152696 383 10080920 383 0
2449 10080920 383 18339957 383 0
2450 6268141 383 29152696 383 0
2451 18339957 383 6268141 383 0
2452 7343198 383 7343198 383 1
2453 22605925 382 22605925 382 1
2454 29069350 382 29069350 382 1
2455 26829218 382 15481893 382 0
2456 7811101 382 6404635 382 0
2457 6404635 382 26829218 382 0
2458 15481893 382 7811101 382 0
2459 27084661 381 27157207 381 0
2460 12448189 381 27084661 381 0
2461 27157207 381 2251848 381 0
2462 2251848 381 8833989 381 0
2463 8833989 381 12448189 381 0
2464 2467 380 22922632 380 0
2465 19059421 380 14083527 380 0
2466 14083527 380 2467 380 0
2467 10768125 380 19059421 380 0
2468 22922632 380 10768125 380 0
2469 2470 379 9528210 379 0
2470 2471 379 22660953 379 0
2471 2473 379 2473 379 1
2472 22660953 379 2471 379 0
2473 9528210 379 2470 379 0
2474 5293043 378 2475 378 0
2475 16597430 378 16597430 378 1
2476 24980430 378 2477 378 0
2477 2475 378 24980430 378 0
2478 2477 378 5293043 378 0
2479 12651014 377 12651014 377 1
2480 82675 377 2806392 377 0
2481 443468 377 443468 377 1
2482 3775355 377 82675 377 0
2483 2806392 377 3775355 377 0
2484 5590699 377 5590699 377 1
2485 24470864 376 8428403 376 0
2486 925467 376 2489 376 0
2487 2489 376 925467 376 0
2488 8428403 376 1631466 376 0
2489 1631466 376 24470864 376 0
2490 21762306 375 9427810 375 0
2491 3234938 375 14765814 375 0
2492 14765814 375 3234938 375 0
2493 2491 375 21762306 375 0
2494 9427810 375 2491 375 0
2495 17347497 374 2087042 374 0
2496 6162551 374 6162551 374 1
2497 22931316 374 26483784 374 0
2498 26483784 374 6841742 374 0
2499 2087042 374 22931316 374 0
2500 6841742 374 17347497 374 0
2501 16383899 373 15873744 373 0
2502 15873744 373 5616211 373 0
2503 5616211 373 16383899 373 0
2504 10553037 373 9162318 373 0
2505 9162318 373 10553037 373 0
2506 21442236 372 21442236 372 1
2507 16436059 372 16436059 372 1
2508 12811020 372 2506 372 0
2509 23395165 372 23395165 372 1
2510 2506 372 12811020 372 0
2511 24086433 371 29978619 371 0
2512 6594365 371 412829 371 0
2513 5361420 371 25987395 371 0
2514 29978619 371 6594365 371 0
2515 412829 371 24086433 371 0
2516 25987395 371 5361420 371 0
2517 7865421 370 15707419 370 0
2518 5001468 370 13681615 370 0
2519 22561711 370 22561711 370 1
2520 15707419 370 5001468 370 0
2521 13681615 370 7865421 370 0
2522 29614502 369 15831526 369 0
2523 8226389 369 14796125 369 0
2524 2007926 369 8226389 369 0
2525 7061988 369 7061988 369 1
2526 14796125 369 2007926 369 0
2527 15831526 369 29614502 369 0
2528 25207097 368 13354893 368 0
2529 5822682 368 2532 368 0
2530 13354893 368 19514883 368 0
2531 2532 368 25207097 368 0
2532 19514883 368 5822682 368 0
2533 2533 367 20383253 367 0
2534 19412278 367 16414164 367 0
2535 9138600 367 9138600 367 1
2536 2534 367 2534 367 1
2537 20383253 367 19412278 367 0
2538 16414164 367 2533 367 0
2539 28153495 366 16040714 366 0
2540 16040714 366 28153495 366 0
2541 21188636 366 21444863 366 0
2542 21444863 366 23225030 366 0
2543 23225030 366 21188636 366 0
2544 1316297 365 7600902 365 0
2545 28476937 365 28476937 365 1
2546 23379065 365 2547 365 0
2547 7600902 365 2548 365 0
2548 2548 365 1316297 365 0
2549 2547 365 23379065 365 0
2550 3947023 364 23452792 364 0
2551 15089246 364 5512786 364 0
2552 17617717 364 17617717 364 1
2553 23452792 364 15051985 364 0
2554 5512786 364 3947023 364 0
2555 15051985 364 15089246 364 0
2556 1779198 363 12137578 363 0
2557 21856340 363 1779198 363 0
2558 14863302 363 21856340 363 0
2559 12137578 363 14863302 363 0
2560 21752038 363 21752038 363 1
2561 9089304 362 14669560 362 0
2562 13885242 362 9089304 362 0
2563 20606273 362 13885242 362 0
2564 14669560 362 14344949 362 0
2565 14344949 362 20606273 362 0
2566 1766401 362 1766401 362 1
2567 4076909 361 13569743 361 0
2568 3041238 361 4076909 361 0
2569 2571 361 2571 361 1
2570 13569743 361 9098432 361 0
2571 20502847 361 3041238 361 0
2572 9098432 361 20502847 361 0
2573 15846076 360 6611455 360 0
2574 17815105 360 17815105 360 1
2575 2573 360 1490687 360 0
2576 1490687 360 15846076 360 0
2577 6611455 360 2573 360 0
2578 23272734 359 18603934 359 0
2579 21845594 359 21845594 359 1
2580 19120894 359 23272734 359 0
2581 2710663 359 2710663 359 1
2582 18603934 359 19120894 359 0
2583 16155669 359 16155669 359 1
2584 15521566 358 2730533 358 0
2585 16185987 358 15521566 358 0
2586 22181149 358 22181149 358 1
2587 29723353 358 29723353 358 1
2588 2589 358 16185987 358 0
2589 2730533 358 2589 358 0
2590 14690547 357 22314874 357 0
2591 22314874 357 11147576 357 0
2592 23224540 357 23224540 357 1
2593 11147576 357 18754414 357 0
2594 18754414 357 15795986 357 0
2595 15795986 357 14690547 357 0
2596 2864685 356 4395376 356 0
2597 2600 356 12678342 356 0
2598 4395376 356 11665313 356 0
2599 12678342 356 2864685 356 0
2600 11665313 356 2600 356 0
2601 25210042 355 6558466 355 0
2602 20620572 355 25210042 355 0
2603 290749 355 28328749 355 0
2604 28328749 355 290749 355 0
2605 6558466 355 20620572 355 0
2606 15571563 355 15571563 355 1
2607 13037051 354 22414496 354 0
2608 12865345 354 13037051 354 0
2609 2611 354 11825702 354 0
2610 11825702 354 8122213 354 0
2611 22414496 354 12865345 354 0
2612 8122213 354 2611 354 0
2613 15119232 353 15119232 353 1
2614 23404417 353 6376415 353 0
2615 6376415 353 23418597 353 0
2616 2616 353 4731666 353 0
2617 23418597 353 23404417 353 0
2618 4731666 353 2616 353 0
2619 16821075 352 2622 352 0
2620 15243385 352 27108674 352 0
2621 2622 352 1534536 352 0
2622 1534536 352 15243385 352 0
2623 27108674 352 16821075 352 0
2624 17665324 352 17665324 352 1
2625 6101190 351 6101190 351 1
2626 6852600 351 17635180 351 0
2627 20313088 351 8879413 351 0
2628 8879413 351 25621948 351 0
2629 25621948 351 6852600 351 0
2630 17635180 351 20313088 351 0
2631 6430672 350 3925016 350 0
2632 15433680 350 8092921 350 0
2633 3925016 350 6430672 350 0
2634 9640412 350 9640412 350 1
2635 2254618 350 2254618 350 1
2636 8092921 350 15433680 350 0
2637 5568619 349 24564952 349 0
2638 6675603 349 363335 349 0
2639 13245572 349 5568619 349 0
2640 363335 349 7213460 349 0
2641 7213460 349 13245572 349 0
2642 24564952 349 6675603 349 0
2643 4930730 348 961664 348 0
2644 961664 348 27291636 348 0
2645 2648 348 2648 348 1
2646 27291636 348 16693312 348 0
2647 16693312 348 25279442 348 0
2648 25279442 348 4930730 348 0
2649 26089786 347 25345399 347 0
2650 4759115 347 26089786 347 0
2651 5822057 347 3224230 347 0
2652 458936 347 4759115 347 0
2653 25345399 347 5822057 347 0
2654 3224230 347 458936 347 0
2655 16600988 346 8509702 346 0
2656 22272671 346 12583462 346 0
2657 8509702 346 22272671 346 0
2658 2656 346 26511134 346 0
2659 26511134 346 2656 346 0
2660 10751787 346 10751787 346 1
2661 12583462 346 16600988 346 0
2662 17660115 345 17660115 345 1
2663 2734381 345 22436873 345 0
2664 12617918 345 400153 345 0
2665 400153 345 2734381 345 0
2666 18236336 345 18236336 345 1
2667 22436873 345 12617918 345 0
2668 26387168 344 14474635 344 0
2669 14474635 344 14716078 344 0
2670 19605575 344 19605575 344 1
2671 9024597 344 9024597 344 1
2672 14716078 344 27090895 344 0
2673 27090895 344 26387168 344 0
2674 28085556 343 2851537 343 0
2675 6825825 343 2675 343 0
2676 2851537 343 28085556 343 0
2677 4508343 343 19807469 343 0
2678 2675 343 6825825 343 0
2679 19807469 343 4508343 343 0
2680 4612451 342 24681927 342 0
2681 24063567 342 11057390 342 0
2682 11057390 342 16636560 342 0
2683 16636560 342 4612451 342 0
2684 2681 342 2681 342 1
2685 24681927 342 24063567 342 0
2686 15531096 341 5426078 341 0
2687 26665088 341 15531096 341 0
2688 11354929 341 26187927 341 0
2689 5426078 341 25598526 341 0
2690 14008930 341 14008930 341 1
2691 25598526 341 26665088 341 0
2692 26187927 341 11354929 341 0
2693 27217366 340 27217366 340 1
2694 2567166 340 21145681 340 0
2695 29555353 340 29555353 340 1
2696 21145681 340 2567166 340 0
2697 2566212 340 2566212 340 1
2698 14605212 340 14605212 340 1
2699 2699 339 2703 339 0
2700 11890075 339 9337812 339 0
2701 14783726 339 14783726 339 1
2702 2703 339 11890075 339 0
2703 9337812 339 23369750 339 0
2704 23369750 339 2699 339 0
2705 7283595 338 2708 338 0
2706 15262506 338 28120243 338 0
2707 2708 338 7553582 338 0
2708 28120243 338 7283595 338 0
2709 2706 338 15262506 338 0
2710 11906102 338 2706 338 0
2711 7553582 338 11906102 338 0
2712 19275828 337 19275828 337 1
2713 3378736 337 3378736 337 1
2714 26263949 337 15716588 337 0
2715 20569056 337 26263949 337 0
2716 8224657 337 8224657 337 1
2717 15716588 337 20569056 337 0
2718 24562075 336 13812305 336 0
2719 20014198 336 2722 336 0
2720 19085534 336 8775471 336 0
2721 8775471 336 24562075 336 0
2722 13812305 336 19085534 336 0
2723 18512828 336 20014198 336 0
2724 2722 336 18512828 336 0
2725 12154715 335 29189934 335 0
2726 17582335 335 26364991 335 0
2727 14725995 335 12154715 335 0
2728 9424866 335 17582335 335 0
2729 29189934 335 9424866 335 0
2730 26364991 335 14725995 335 0
2731 2737 334 2737 334 1
2732 10050537 334 20778307 334 0
2733 10311248 334 10311248 334 1
2734 15394180 334 5087382 334 0
2735 11671517 334 15394180 334 0
2736 5087382 334 10050537 334 0
2737 20778307 334 11671517 334 0
2738 27363581 333 12551638 333 0
2739 26573097 333 28569842 333 0
2740 21867900 333 21867900 333 1
2741 28569842 333 26573097 333 0
2742 15191668 333 27363581 333 0
2743 12551638 333 15191668 333 0
2744 27449506 332 11085153 332 0
2745 20787481 332 7047032 332 0
2746 7318233 332 7318233 332 1
2747 543639 332 27449506 332 0
2748 17691806 332 17691806 332 1
2749 7047032 332 543639 332 0
2750 11085153 332 20787481 332 0
2751 5662223 331 28895267 331 0
2752 16461516 331 16461516 331 1
2753 13736545 331 2752 331 0
2754 5958817 331 5958817 331 1
2755 12186406 331 13736545 331 0
2756 28895267 331 12186406 331 0
2757 2752 331 5662223 331 0
2758 2758 330 1441925 330 0
2759 2125289 330 2763 330 0
2760 5442212 330 2125289 330 0
2761 2763 330 20148159 330 0
2762 20148159 330 2758 330 0
2763 1441925 330 5442212 330 0
2764 1712971 329 1712971 329 1
2765 18707593 329 3465398 329 0
2766 5164318 329 27914058 329 0
2767 27914058 329 23096073 329 0
2768 23096073 329 5164318 329 0
2769 24961070 329 18707593 329 0
2770 3465398 329 24961070 329 0
2771 309543 328 2777 328 0
2772 6659592 328 8314086 328 0
2773 16380601 328 309543 328 0
2774 24371341 328 24371341 328 1
2775 2777 328 5944387 328 0
2776 5944387 328 16380601 328 0
2777 8314086 328 6659592 328 0
2778 5020829 327 2778 327 0
2779 16108811 327 16108811 327 1
2780 2783 327 11353674 327 0
2781 2778 327 5020829 327 0
2782 11353674 327 2779 327 0
2783 2779 327 2783 327 0
2784 1561094 327 1561094 327 1
2785 2791 326 20854776 326 0
2786 20854776 326 19149235 326 0
2787 8959435 326 26862043 326 0
2788 22179846 326 8959435 326 0
2789 26862043 326 22179846 326 0
2790 19149235 326 2791 326 0
2791 21888932 326 21888932 326 1
2792 2792 325 1688511 325 0
2793 22707464 325 16600094 325 0
2794 22151284 325 22707464 325 0
2795 16600094 325 22151284 325 0
2796 1688511 325 19172690 325 0
2797 19172690 325 2792 325 0
2798 245642 324 16116087 324 0
2799 26125046 324 13186967 324 0
2800 24616081 324 19236428 324 0
2801 16116087 324 26125046 324 0
2802 6361461 324 6361461 324 1
2803 13186967 324 24616081 324 0
2804 19236428 324 245642 324 0
2805 22830516 323 2810 323 0
2806 15133138 323 5719243 323 0
2807 17214314 323 8327155 323 0
2808 1082755 323 17214314 323 0
2809 2810 323 1082755 323 0
2810 8327155 323 15133138 323 0
2811 5719243 323 22830516 323 0
2812 4503060 322 23947285 322 0
2813 16037056 322 12742465 322 0
2814 12742465 322 16288001 322 0
2815 18447709 322 4503060 322 0
2816 23947285 322 18447709 322 0
2817 2816 322 16037056 322 0
2818 16288001 322 2816 322 0
2819 8372040 321 7617613 321 0
2820 20739475 321 2823 321 0
2821 7617613 321 8372040 321 0
2822 21567322 321 20739475 321 0
2823 7056259 321 7056259 321 1
2824 1977191 321 21567322 321 0
2825 2823 321 1977191 321 0
2826 17948079 320 5213769 320 0
2827 28506810 320 8782779 320 0
2828 5213769 320 19155944 320 0
2829 16979989 320 17948079 320 0
2830 8175608 320 28506810 320 0
2831 19155944 320 16979989 320 0
2832 8782779 320 8175608 320 0
2833 25261866 319 12005243 319 0
2834 12005243 319 25261866 319 0
2835 12273472 319 12273472 319 1
2836 541189 319 541189 319 1
2837 8784099 319 8769513 319 0
2838 13698091 319 8784099 319 0
2839 9149456 319 9149456 319 1
2840 8769513 319 13698091 319 0
2841 18265843 318 1346666 318 0
2842 2513833 318 6123608 318 0
2843 28418629 318 24673392 318 0
2844 24673392 318 18265843 318 0
2845 1346666 318 28418629 318 0
2846 6123608 318 2513833 318 0
2847 20074426 318 20074426 318 1
2848 906568 317 18145125 317 0
2849 2851 317 16386096 317 0
2850 18145125 317 2851 317 0
2851 16386096 317 906568 317 0
2852 26728636 317 28915669 317 0
2853 16163514 317 16163514 317 1
2854 28915669 317 26728636 317 0
2855 23309973 316 23309973 316 1
2856 12651972 316 20102022 316 0
2857 1596474 316 10940505 316 0
2858 2859 316 2859 316 1
2859 20102022 316 26841825 316 0
2860 10940505 316 1596474 316 0
2861 26841825 316 12651972 316 0
2862 28712715 315 17265887 315 0
2863 21978943 315 21978943 315 1
2864 23510981 315 1672553 315 0
2865 11305114 315 10092101 315 0
2866 17265887 315 23510981 315 0
2867 1672553 315 11305114 315 0
2868 10092101 315 28712715 315 0
2869 29635466 314 29635466 314 1
2870 16756310 314 26856776 314 0
2871 5062673 314 16756310 314 0
2872 26856776 314 24788206 314 0
2873 6155581 314 6155581 314 1
2874 21184015 314 21184015 314 1
2875 24788206 314 5062673 314 0
2876 21284778 314 21284778 314 1
2877 20497127 313 1561403 313 0
2878 3286749 313 27635872 313 0
2879 2883 313 20497127 313 0
2880 27635872 313 2883 313 0
2881 9330968 313 9330968 313 1
2882 1486136 313 3286749 313 0
2883 1561403 313 1486136 313 0
2884 5869142 312 2891 312 0
2885 29281364 312 28844921 312 0
2886 2885 312 2888 312 0
2887 23037875 312 23037875 312 1
2888 2888 312 12115645 312 0
2889 2891 312 5869142 312 0
2890 28844921 312 29281364 312 0
2891 12115645 312 2885 312 0
2892 23840676 311 5205013 311 0
2893 2895 311 9968434 311 0
2894 16986119 311 23840676 311 0
2895 13996320 311 16986119 311 0
2896 15744228 311 15744228 311 1
2897 5205013 311 2895 311 0
2898 9968434 311 13996320 311 0
2899 2901 310 7837130 310 0
2900 10600708 310 10600708 310 1
2901 2899 310 2899 310 1
2902 28665752 310 2901 310 0
2903 5558719 310 12037086 310 0
2904 12037086 310 28665752 310 0
2905 7837130 310 5558719 310 0
2906 27082853 309 4596124 309 0
2907 1995079 309 1463690 309 0
2908 28025514 309 27082853 309 0
2909 1463690 309 4364510 309 0
2910 4364510 309 3789447 309 0
2911 3789447 309 29320889 309 0
2912 29320889 309 1995079 309 0
2913 4596124 309 28025514 309 0
2914 6885341 308 29555297 308 0
2915 3828654 308 18364160 308 0
2916 29555297 308 26036943 308 0
2917 18364160 308 24436404 308 0
2918 24436404 308 9827664 308 0
2919 13427717 308 6885341 308 0
2920 9827664 308 3828654 308 0
2921 26036943 308 13427717 308 0
2922 12849659 307 9700661 307 0
2923 1818166 307 27316059 307 0
2924 27316059 307 23844569 307 0
2925 10782414 307 10782414 307 1
2926 23844569 307 2928 307 0
2927 2928 307 12849659 307 0
2928 9700661 307 1818166 307 0
2929 1106824 306 7623707 306 0
2930 7623707 306 19739962 306 0
2931 21396147 306 1106824 306 0
2932 4861675 306 20365142 306 0
2933 7391429 306 21396147 306 0
2934 10634509 306 7391429 306 0
2935 19739962 306 4861675 306 0
2936 20365142 306 10634509 306 0
2937 16649454 305 11433397 305 0
2938 11433397 305 18887296 305 0
2939 18887296 305 12567951 305 0
2940 22144146 305 16649454 305 0
2941 9202440 305 9202440 305 1
2942 1897189 305 1897189 305 1
2943 11365566 305 22144146 305 0
2944 12567951 305 11365566 305 0
2945 20868305 304 20868305 304 1
2946 28096950 304 20449242 304 0
2947 20449242 304 21998883 304 0
2948 21998883 304 19901257 304 0
2949 2946 304 1546772 304 0
2950 19901257 304 2946 304 0
2951 1546772 304 28096950 304 0
2952 29045663 303 11593322 303 0
2953 27213745 303 2955 303 0
2954 11593322 303 27213745 303 0
2955 2955 303 2956 303 0
2956 27259044 303 6873521 303 0
2957 2956 303 29045663 303 0
2958 6873521 303 7987208 303 0
2959 7987208 303 27259044 303 0
2960 1098538 302 2964 302 0
2961 23534717 302 7938171 302 0
2962 7938171 302 7777267 302 0
2963 10789659 302 10789659 302 1
2964 2964 302 1098538 302 0
2965 278723 302 23534717 302 0
2966 7777267 302 19963005 302 0
2967 19963005 302 278723 302 0
2968 1233264 301 1233264 301 1
2969 2970 301 2970 301 1
2970 21565448 301 12832517 301 0
2971 12832517 301 1830362 301 0
2972 20234199 301 17153881 301 0
2973 17153881 301 21174573 301 0
2974 21174573 301 21565448 301 0
2975 1830362 301 20234199 301 0
2976 2983 300 17265312 300 0
2977 17265312 300 2976 300 0
2978 20646888 300 6180033 300 0
2979 6180033 300 57639 300 0
2980 2976 300 20646888 300 0
2981 57639 300 2983 300 0
2982 26733374 300 15884908 300 0
2983 15884908 300 26733374 300 0
2984 18709826 299 26023886 299 0
2985 14890165 299 8106895 299 0
2986 8106895 299 16061601 299 0
2987 26023886 299 14890165 299 0
2988 16061601 299 15015330 299 0
2989 15015330 299 19520356 299 0
2990 19520356 299 18709826 299 0
2991 1925370 299 1925370 299 1
2992 29093971 298 4739281 298 0
2993 7291557 298 7291557 298 1
2994 11939066 298 12135611 298 0
2995 11749578 298 24935443 298 0
2996 24935443 298 29093971 298 0
2997 13939472 298 13939472 298 1
2998 4739281 298 11939066 298 0
2999 12135611 298 11749578 298 0
3000 11676093 297 17418228 297 0
3001 12264022 297 3004 297 0
3002 6271696 297 12264022 297 0
3003 27769987 297 6271696 297 0
3004 3004 297 11676093 297 0
3005 17418228 297 18568161 297 0
3006 20996753 297 20996753 297 1
3007 18568161 297 27769987 297 0
3008 14268522 296 29571379 296 0
3009 2044637 296 21161089 296 0
3010 21161089 296 3008 296 0
3011 3008 296 2044637 296 0
3012 28082875 296 28082875 296 1
3013 29571379 296 14268522 296 0
3014 15172450 296 15172450 296 1
3015 3014 296 3014 296 1
3016 2741251 295 3585801 295 0
3017 3019 295 14851250 295 0
3018 14851250 295 13762245 295 0
3019 24809542 295 2741251 295 0
3020 11026582 295 3019 295 0
3021 13351851 295 13351851 295 1
3022 3585801 295 11026582 295 0
3023 13762245 295 24809542 295 0
3024 27179637 294 4294967295 0 0
3025 19819301 294 4294967295 0 0
3026 16567231 294 4294967295 0 0
3027 3024 294 4294967295 0 0
3028 3846745 294 4294967295 0 0
3029 3603438 294 4294967295 0 0
3030 3963614 294 4294967295 0 0
3031 24920122 294 4294967295 0 0
3032 24828024 294 4294967295 0 0
3033 22851980 293 4294967295 0 0
3034 17315867 293 4294967295 0 0
3035 20412027 293 4294967295 0 0
3036 3037 293 4294967295 0 0
3037 2810036 293 4294967295 0 0
3038 29092981 293 4294967295 0 0
3039 11521662 293 4294967295 0 0
3040 3586719 293 4294967295 0 0
3041 9128128 292 4294967295 0 0
3042 2140403 292 4294967295 0 0
3043 11985559 292 4294967295 0 0
3044 16108608 292 4294967295 0 0
3045 544876 292 4294967295 0 0
3046 11695334 292 4294967295 0 0
3047 21093444 292 4294967295 0 0
3048 1609417 292 4294967295 0 0
3049 24119554 291 4294967295 0 0
3050 22310417 291 4294967295 0 0
3051 13713596 291 4294967295 0 0
3052 7786085 291 4294967295 0 0
3053 3051 291 4294967295 0 0
3054 13586098 291 4294967295 0 0
3055 4698879 291 4294967295 0 0
3056 18417840 291 4294967295 0 0
3057 16020274 291 4294967295 0 0
3058 24375266 290 4294967295 0 0
3059 21236898 290 4294967295 0 0
3060 654270 290 4294967295 0 0
3061 29648952 290 4294967295 0 0
3062 13261397 290 4294967295 0 0
3063 3060 290 4294967295 0 0
3064 3063 290 4294967295 0 0
3065 3064 290 4294967295 0 0
3066 3071 289 4294967295 0 0
3067 3074 289 4294967295 0 0
3068 7286346 289 4294967295 0 0
3069 10435856 289 4294967295 0 0
3070 3069 289 4294967295 0 0
3071 11611356 289 4294967295 0 0
3072 23586136 289 4294967295 0 0
3073 3160589 289 4294967295 0 0
3074 10416497 289 4294967295 0 0
3075 22368810 288 4294967295 0 0
3076 18405506 288 4294967295 0 0
3077 6469067 288 4294967295 0 0
3078 17134701 288 4294967295 0 0
3079 3082 288 4294967295 0 0
3080 3080 288 4294967295 0 0
3081 15724357 288 4294967295 0 0
3082 25999962 288 4294967295 0 0
3083 5291448 287 4294967295 0 0
3084 27518183 287 4294967295 0 0
3085 8538080 287 4294967295 0 0
3086 13004976 287 4294967295 0 0
3087 9070710 287 4294967295 0 0
3088 3527072 287 4294967295 0 0
3089 14983546 287 4294967295 0 0
3090 22442261 287 4294967295 0 0
3091 13349368 287 4294967295 0 0
3092 10424229 286 4294967295 0 0
3093 3093 286 4294967295 0 0
3094 21937508 286 4294967295 0 0
3095 19372670 286 4294967295 0 0
3096 1727558 286 4294967295 0 0
3097 26017468 286 4294967295 0 0
3098 28943429 286 4294967295 0 0
3099 15348249 286 4294967295 0 0
3100 4556318 285 4294967295 0 0
3101 17699421 285 4294967295 0 0
3102 17807517 285 4294967295 0 0
3103 3103 285 4294967295 0 0
3104 19646224 285 4294967295 0 0
3105 2517872 285 4294967295 0 0
3106 3100 285 4294967295 0 0
3107 3607989 285 4294967295 0 0
3108 22479071 285 4294967295 0 0
3109 2483276 284 4294967295 0 0
3110 3976835 284 4294967295 0 0
3111 13548397 284 4294967295 0 0
3112 16259417 284 4294967295 0 0
3113 3117 284 4294967295 0 0
3114 3116 284 4294967295 0 0
3115 17206086 284 4294967295 0 0
3116 29975858 284 4294967295 0 0
3117 17331313 284 4294967295 0 0
3118 3124 283 4294967295 0 0
3119 18134570 283 4294967295 0 0
3120 1564416 283 4294967295 0 0
3121 3725474 283 4294967295 0 0
3122 26399322 283 4294967295 0 0
3123 7872983 283 4294967295 0 0
3124 23078621 283 4294967295 0 0
