9999909 55555 0.000010
0 1039553 7935284 1039553 7935284 1
1 1334798 1179587 1334798 1179587 1
2 4211539 386793 4211539 386793 1
3 3137304 175347 3137304 175347 1
4 7084740 94928 7084740 94928 1
5 4778440 57497 4778440 57497 1
6 6133043 37631 6133043 37631 1
7 1321801 26065 1321801 26065 1
8 3602344 18854 3602344 18854 1
9 3444396 14111 3444396 14111 1
10 6406523 10858 6406523 10858 1
11 3152748 8547 3152748 8547 1
12 5048708 6858 5048708 6858 1
13 4767725 5594 4767725 5594 1
14 2470347 4627 2470347 4627 1
15 9792592 3875 9792592 3875 1
16 16 3280 16 3280 1
17 17 2803 17 2803 1
18 3841286 2415 3841286 2415 1
19 5561446 2098 5561446 2098 1
20 5541905 1834 5541905 1834 1
21 1622023 1614 1622023 1614 1
22 9366026 1428 9366026 1428 1
23 6749807 1271 6749807 1271 1
24 2102122 1136 2102122 1136 1
25 25 1019 25 1019 1
26 5935020 919 5935020 919 1
27 9709277 832 9709277 832 1
28 5619599 755 5619599 755 1
29 1751403 688 1751403 688 1
30 8197054 629 8197054 629 1
31 8448207 576 8448207 576 1
32 1615449 529 1615449 529 1
33 2612563 488 2612563 488 1
34 7050751 450 7050751 450 1
35 4976239 417 4976239 417 1
36 7088296 386 7088296 386 1
37 8181905 359 8181905 359 1
38 38 334 38 334 1
39 1957559 312 1957559 312 1
40 5818068 291 5818068 291 1
41 4852100 273 4852100 273 1
42 4132839 256 4132839 256 1
43 43 240 43 240 1
44 9503514 226 9503514 226 1
45 45 212 45 212 1
46 8932064 200 8932064 200 1
47 7395632 189 7395632 189 1
48 6267130 178 6267130 178 1
49 1105939 169 1105939 169 1
50 4818817 160 4818817 160 1
51 2202971 152 2202971 152 1
52 678277 144 678277 144 1
53 9466253 137 9466253 137 1
54 7215871 130 7215871 130 1
55 1042365 124 1042365 124 1
56 4401624 118 4401624 118 1
57 57 112 57 112 1
58 8752557 107 8752557 107 1
59 9234490 102 9234490 102 1
60 9265404 98 4294967295 0 0
61 7217155 93 4294967295 0 0
62 7741560 89 4294967295 0 0
63 7752085 86 4294967295 0 0
64 4249730 82 4294967295 0 0
65 65 79 4294967295 0 0
66 2748601 75 4294967295 0 0
67 6457397 72 4294967295 0 0
68 68 70 4294967295 0 0
69 1086211 67 4294967295 0 0
70 5676427 64 4294967295 0 0
71 2806316 62 4294967295 0 0
72 4427936 60 4294967295 0 0
73 7422436 57 4294967295 0 0
74 4575700 55 4294967295 0 0
75 5667401 53 4294967295 0 0
76 3971389 51 4294967295 0 0
77 509928 50 4294967295 0 0
78 832383 48 4294967295 0 0
79 5828992 46 4294967295 0 0
80 736761 45 4294967295 0 0
81 7823074 43 4294967295 0 0
82 2610898 42 4294967295 0 0
83 83 41 4294967295 0 0
84 3836307 39 4294967295 0 0
85 2139337 38 4294967295 0 0
86 6173501 37 4294967295 0 0
87 87 36 4294967295 0 0
88 6970913 35 4294967295 0 0
89 170181 34 4294967295 0 0
90 6797971 33 4294967295 0 0
91 9307760 32 4294967295 0 0
92 9760366 31 4294967295 0 0
93 463070 30 4294967295 0 0
94 94 29 4294967295 0 0
95 1034491 28 4294967295 0 0
96 6298523 27 4294967295 0 0
97 2567063 27 4294967295 0 0
98 98 26 4294967295 0 0
99 6216239 25 4294967295 0 0
100 302443 24 4294967295 0 0
101 101 24 4294967295 0 0
102 4896524 23 4294967295 0 0
103 7368653 23 4294967295 0 0
104 7473065 22 4294967295 0 0
105 3883727 21 4294967295 0 0
106 448087 21 4294967295 0 0
107 2497796 20 4294967295 0 0
108 8143720 20 4294967295 0 0
109 3365977 19 4294967295 0 0
110 5746957 19 4294967295 0 0
111 111 18 4294967295 0 0
112 1551629 18 4294967295 0 0
113 113 18 4294967295 0 0
114 5127386 17 4294967295 0 0
115 115 17 4294967295 0 0
116 8774190 16 4294967295 0 0
117 8436799 16 4294967295 0 0
118 118 16 4294967295 0 0
119 1623703 15 4294967295 0 0
120 6973796 15 4294967295 0 0
121 4488972 15 4294967295 0 0
122 122 14 4294967295 0 0
123 4157301 14 4294967295 0 0
124 6555360 14 4294967295 0 0
125 6271296 13 4294967295 0 0
126 5648942 13 4294967295 0 0
127 5382233 13 4294967295 0 0
128 7509482 12 4294967295 0 0
129 6088434 12 4294967295 0 0
130 3993568 12 4294967295 0 0
131 9612438 12 4294967295 0 0
132 3612666 11 4294967295 0 0
133 8758696 11 4294967295 0 0
134 4368354 11 4294967295 0 0
135 8582095 11 4294967295 0 0
136 6456036 11 4294967295 0 0
137 9541397 10 4294967295 0 0
138 137 10 4294967295 0 0
139 7767300 10 4294967295 0 0
140 8758988 10 4294967295 0 0
141 622912 10 4294967295 0 0
142 147 9 4294967295 0 0
143 2480029 9 4294967295 0 0
144 1409387 9 4294967295 0 0
145 3991398 9 4294967295 0 0
146 9533265 9 4294967295 0 0
147 6554385 9 4294967295 0 0
148 772542 8 4294967295 0 0
149 152 8 4294967295 0 0
150 6010152 8 4294967295 0 0
151 6797852 8 4294967295 0 0
152 4950038 8 4294967295 0 0
153 8322280 8 4294967295 0 0
154 9524891 8 4294967295 0 0
155 8090588 7 4294967295 0 0
156 3048932 7 4294967295 0 0
157 9423218 7 4294967295 0 0
158 2627107 7 4294967295 0 0
159 4893440 7 4294967295 0 0
160 438817 7 4294967295 0 0
