993183 55555 0.000010
0 713165 383087 713165 377726 1
1 1 135442 1 133524 1
2 500475 73725 500475 72671 1
3 43295 47886 43295 47214 1
4 288337 34264 288337 33743 1
5 5 26066 5 25715 1
6 811995 20685 811995 20392 1
7 581037 16930 581037 16714 1
8 422708 14188 422708 13997 1
9 454023 12114 454023 11951 1
10 344854 10500 344854 10365 1
11 162370 9216 162370 9104 1
12 656366 8173 656366 8034 1
13 13 7313 13 7230 1
14 151953 6594 151953 6506 1
15 374059 5986 374059 5897 1
16 279048 5465 279048 5382 1
17 278961 5016 278961 4933 1
18 806435 4626 806435 4571 1
19 603003 4283 603003 4209 1
20 549444 3981 549444 3946 1
21 831846 3712 831846 3663 1
22 967024 3473 967024 3413 1
23 313696 3258 313696 3206 1
24 183943 3065 183943 3011 1
25 604339 2890 604339 2849 1
26 729111 2731 729111 2705 1
27 472803 2586 472803 2536 1
28 835493 2453 835493 2419 1
29 338292 2331 338292 2297 1
30 582955 2219 582955 2187 1
31 809067 2116 809067 2087 1
32 711224 2021 711224 1992 1
33 677947 1932 677947 1913 1
34 330585 1850 330585 1824 1
35 314060 1774 314060 1760 1
36 610297 1702 610297 1681 1
37 37 1635 37 1604 1
38 533212 1573 533212 1553 1
39 452801 1514 452801 1489 1
40 730035 1459 730035 1439 1
41 735519 1407 735519 1388 1
42 638830 1359 638830 1341 1
43 234666 1313 234666 1295 1
44 497622 1269 497622 1251 1
45 292877 1228 292877 1200 1
46 60041 1189 60041 1170 1
47 966109 1152 966109 1134 1
48 388464 1117 388464 1103 1
49 893567 1084 893567 1066 1
50 202603 1052 202603 1041 1
51 321680 1022 321680 1008 1
52 819512 993 819512 980 1
53 743624 965 743624 958 1
54 341525 939 341525 925 1
55 943515 914 943515 908 1
56 603924 890 603924 880 1
57 650301 867 650301 851 1
58 397442 845 397442 839 1
59 843347 824 843347 807 1
60 327852 804 327852 793 1
61 158612 785 158612 768 1
62 62 766 62 756 1
63 213133 748 213133 736 1
64 127067 731 127067 722 1
65 780651 714 780651 705 1
66 280093 699 280093 693 1
67 67 683 67 674 1
68 945426 668 945426 655 1
69 787035 654 787035 647 1
70 274045 640 274045 634 1
71 644947 627 644947 616 1
72 442676 614 442676 605 1
73 349707 602 349707 592 1
74 856802 590 856802 585 1
75 661175 578 661175 570 1
76 98308 567 98308 561 1
77 92754 556 92754 544 1
78 534864 546 534864 535 1
79 110375 535 110375 524 1
80 878755 525 878755 516 1
81 81 516 81 509 1
82 80387 507 80387 501 1
83 725410 498 725410 493 1
84 84 489 84 484 1
85 279584 480 279584 473 1
86 844980 472 844980 465 1
87 829107 464 829107 459 1
88 796821 456 796821 448 1
89 73134 449 73134 442 1
90 695804 441 695804 435 1
91 198636 434 198636 427 1
92 92 427 92 422 1
93 729218 420 729218 418 1
94 602385 414 602385 408 1
95 872422 407 872422 402 1
96 302259 401 302259 393 1
97 316664 395 316664 392 1
98 903922 389 903922 382 1
99 30473 383 30473 376 1
100 97170 377 97170 370 1
101 954359 372 954359 366 1
102 75820 366 75820 358 1
103 132561 361 132561 354 1
104 989941 356 989941 346 1
105 90009 351 90009 343 1
106 106 346 106 341 1
107 262174 341 262174 334 1
108 998207 337 998207 330 1
109 109 332 109 329 1
110 858196 328 858196 318 1
111 179039 323 179039 317 1
112 415985 319 415985 316 1
113 892275 315 892275 312 1
114 114 311 114 309 1
115 814608 307 814608 306 1
116 315324 303 315324 300 1
117 469239 299 469239 293 1
118 426633 295 426633 292 1
119 257854 291 257854 288 1
120 296578 288 296578 285 1
121 121 284 121 281 1
122 687311 281 687311 277 1
123 648635 277 648635 274 1
124 617842 274 617842 271 1
125 885806 271 885806 270 1
126 441682 268 441682 267 1
127 306864 265 306864 258 1
128 570238 261 570238 257 1
129 69043 258 69043 253 1
130 63803 255 63803 251 1
131 128256 253 348451 250 0
132 348451 250 128256 249 0
133 74424 247 74424 245 1
134 312915 244 312915 242 1
135 876644 242 876644 239 1
136 878886 239 878886 234 1
137 911927 236 911927 233 1
138 790478 234 790478 233 1
139 995672 231 995672 229 1
140 426568 229 793576 226 0
141 793576 226 426568 225 0
142 380355 224 380355 221 1
143 540292 222 540292 218 1
144 817945 219 817945 215 1
145 145 217 145 212 1
146 211892 215 211892 211 1
147 640739 213 146225 210 0
148 146225 211 640739 208 0
149 179885 209 179885 206 1
150 150 206 471589 203 0
151 471589 204 374984 201 0
152 374984 202 150 201 0
153 153 200 153 198 1
154 326861 199 326861 197 1
155 480940 197 721413 189 0
156 156 195 878899 189 0
157 878899 193 156 188 0
158 524508 191 480940 188 0
159 721413 189 524508 188 0
160 497674 188 497674 186 1
161 205864 186 635963 183 0
162 635963 184 205864 181 0
163 689381 182 323799 179 0
164 39874 181 39874 179 1
165 323799 179 689381 177 0
166 219357 178 219357 176 1
167 425619 176 425619 175 1
168 168 174 168 170 1
169 79313 173 79313 170 1
170 799755 171 799755 169 1
171 946002 170 946002 168 1
172 680959 168 680959 166 1
173 173 167 173 165 1
174 820046 165 877924 162 0
175 877924 164 820046 161 0
176 26171 163 124395 160 0
177 124395 161 179 159 0
178 807154 160 26171 159 0
179 179 159 807154 158 0
180 730161 157 730161 156 1
181 576931 156 776140 154 0
182 776140 155 576931 153 0
183 164566 153 290246 149 0
184 184 152 184 149 1
185 459490 151 459490 149 1
186 290246 150 164566 147 0
187 518378 149 662150 146 0
188 662150 147 592797 145 0
189 592797 146 518378 144 0
190 712040 145 616414 142 0
191 697542 144 150855 141 0
192 150855 143 712040 141 0
193 616414 142 758750 139 0
194 452560 141 697542 139 0
195 758750 140 452560 137 0
196 880354 139 397851 136 0
197 397851 137 880354 136 0
198 92206 136 92206 135 1
199 998584 135 998584 135 1
200 200 134 200 133 1
201 914662 133 914662 131 1
202 466258 132 391988 130 0
203 41956 131 41956 129 1
204 391988 131 875647 128 0
205 11818 130 11818 128 1
206 875647 129 466258 128 0
207 221456 128 221456 126 1
208 312165 127 312165 126 1
209 878956 126 878956 125 1
210 825377 125 825377 123 1
211 471029 124 650646 122 0
212 222222 123 471029 122 0
213 650646 122 915342 119 0
214 809643 122 222222 119 0
215 915342 121 38843 119 0
216 38843 120 809643 118 0
217 335478 119 218 117 0
218 218 118 360514 115 0
219 360514 117 335478 115 0
220 226053 117 184114 115 0
221 184114 116 226053 115 0
222 850307 115 850307 113 1
223 223 114 223 113 1
224 586042 114 586042 112 1
225 399785 113 437205 111 0
226 74007 112 74007 109 1
227 526420 111 399785 109 0
228 437205 111 232 108 0
229 87033 110 526420 108 0
230 690572 109 690572 107 1
231 232 108 647588 107 0
232 647588 108 87033 106 0
233 632949 107 632949 105 1
234 464159 106 464159 105 1
235 866496 106 947680 104 0
236 258874 105 875902 104 0
237 947680 104 866496 104 0
238 875902 104 258874 104 0
239 239 103 239 102 1
240 933953 102 891719 101 0
241 197584 102 242 100 0
242 242 101 197584 100 0
243 891719 101 63497 99 0
244 63497 100 60358 98 0
245 73270 99 933953 98 0
246 664840 99 664840 96 1
247 60358 98 20087 96 0
248 894737 97 433244 96 0
249 249 97 73270 96 0
250 20087 96 249 96 0
251 433244 96 894737 95 0
252 469794 95 740512 94 0
253 740512 95 255 94 0
254 603036 94 469794 93 0
255 255 94 603036 93 0
256 488207 93 488207 92 1
257 937773 92 937773 92 1
258 837509 92 837509 91 1
259 334867 91 821550 90 0
260 22731 91 343099 89 0
261 273910 90 22731 89 0
262 821550 90 916869 88 0
263 916869 89 601265 88 0
264 343099 89 334867 87 0
265 601265 88 273910 87 0
266 895704 88 516532 86 0
267 268 87 895704 86 0
268 912485 87 863986 86 0
269 516532 86 268 85 0
270 863986 86 912485 85 0
271 941569 85 941569 85 1
272 271 85 271 83 1
273 423622 84 604627 83 0
274 987761 84 423622 83 0
275 604627 84 987761 82 0
276 430565 83 726601 81 0
277 871021 83 871021 81 1
278 772717 82 430565 81 0
279 726601 82 875586 81 0
280 419614 81 210910 80 0
281 875586 81 848878 79 0
282 212322 80 419614 79 0
283 210910 80 772717 79 0
284 848878 80 353607 79 0
285 353607 79 432616 78 0
286 305863 79 305863 78 1
287 432616 78 212322 78 0
288 947808 78 947808 78 1
289 209537 78 209537 77 1
290 204023 77 204023 77 1
291 726510 77 690795 76 0
292 440501 76 726510 76 0
293 942466 76 942466 75 1
294 690795 76 151999 74 0
295 853286 75 215822 74 0
296 151999 75 440501 74 0
297 984713 74 853286 73 0
298 255442 74 302 73 0
299 215822 74 737872 72 0
300 302 73 356480 72 0
301 698072 73 698072 71 1
302 737872 73 255442 71 0
303 720354 72 452061 71 0
304 356480 72 674819 71 0
305 674819 72 306 71 0
306 306 71 386321 71 0
307 386321 71 984713 71 0
308 452061 71 720354 70 0
309 31746 70 605451 69 0
310 351620 70 56217 68 0
311 846536 70 345401 68 0
312 605451 69 351620 68 0
313 345401 69 846536 68 0
314 56217 69 617354 67 0
315 776652 68 279280 67 0
316 617354 68 31746 67 0
317 279280 68 331964 66 0
318 866394 67 158097 66 0
319 158097 67 883340 66 0
320 331964 67 776652 66 0
321 448897 66 866394 66 0
322 23746 66 915039 65 0
323 883340 66 448897 65 0
324 211344 65 446984 64 0
325 825575 65 825575 63 1
326 915039 65 931488 63 0
327 446984 64 923718 63 0
328 923718 64 23746 63 0
329 931488 64 220609 63 0
330 34982 64 34982 63 1
331 162602 63 799407 62 0
332 220609 63 211344 62 0
333 100872 63 162602 61 0
334 170193 62 655444 61 0
335 239130 62 187727 61 0
336 187727 62 100872 61 0
337 799407 62 331178 61 0
338 656350 61 917639 60 0
339 340 61 239130 60 0
340 655444 61 634827 60 0
341 331178 61 240287 59 0
342 876341 60 170193 59 0
343 634827 60 656350 59 0
344 118315 60 118315 59 1
345 917639 60 876341 59 0
346 179730 59 540846 59 0
347 240287 59 340 59 0
348 982058 59 442283 58 0
349 540846 59 511352 58 0
350 442283 58 982058 58 0
351 511352 58 179730 57 0
352 161801 58 219707 57 0
353 378737 58 621312 57 0
354 621312 57 361 56 0
355 948465 57 961012 56 0
356 219707 57 948465 56 0
357 830963 57 830963 56 1
358 426319 56 378737 56 0
359 358063 56 161801 56 0
360 361 56 358063 55 0
361 961012 56 426319 55 0
362 806172 55 540160 54 0
363 825109 55 806172 54 0
364 902175 55 902175 54 1
365 540160 55 104436 54 0
366 368 54 606996 54 0
367 369 54 297959 53 0
368 606996 54 593513 53 0
369 25983 54 381913 53 0
370 104436 54 979321 53 0
371 381913 53 825109 53 0
372 593513 53 368 53 0
373 979321 53 369 52 0
374 929603 53 251987 52 0
375 297959 53 579605 52 0
376 940305 52 929603 52 0
377 251987 52 850516 52 0
378 579605 52 330337 52 0
379 330337 52 25983 52 0
380 850516 52 940305 51 0
381 481167 51 481167 51 1
382 180948 51 382 51 0
383 382 51 660801 50 0
384 969925 51 969925 50 1
385 759840 51 180948 50 0
386 901154 50 759840 50 0
387 770508 50 770508 49 1
388 36144 50 998338 49 0
389 387 50 989422 48 0
390 660801 50 245834 48 0
391 52869 49 401 48 0
392 989422 49 4777 48 0
393 562798 49 387 48 0
394 998338 49 396 48 0
395 179693 49 179693 48 1
396 396 48 482009 48 0
397 373457 48 36144 48 0
398 245834 48 901154 48 0
399 482009 48 562798 47 0
400 4777 48 52869 47 0
401 401 48 895515 47 0
402 610850 47 406 47 0
403 406 47 844308 46 0
404 844308 47 866988 46 0
405 895515 47 373457 46 0
406 866988 47 610850 46 0
407 408789 46 192685 46 0
408 992761 46 620532 45 0
409 939890 46 413 45 0
410 192685 46 408789 45 0
411 410 46 72517 45 0
412 72517 46 418 45 0
413 48193 45 410 45 0
414 540110 45 540110 45 1
415 186228 45 911415 44 0
416 418 45 643951 44 0
417 413 45 48193 44 0
418 643951 45 992761 44 0
419 620532 45 20593 44 0
420 911415 44 186228 44 0
421 470199 44 939890 44 0
422 474844 44 859611 43 0
423 20593 44 250846 43 0
424 859611 44 842596 43 0
425 466847 44 470258 43 0
426 250846 43 716775 43 0
427 364246 43 466847 43 0
428 956135 43 478810 43 0
429 478810 43 364246 43 0
430 716775 43 474844 43 0
431 842596 43 313670 42 0
432 470258 43 557476 42 0
433 436 42 470199 42 0
434 313670 42 893770 41 0
435 434 42 87859 41 0
436 433 42 2812 41 0
437 207807 42 229284 41 0
438 87859 42 433 41 0
439 557476 42 517254 41 0
440 37855 41 434 41 0
441 231430 41 231430 41 1
442 443 41 436 41 0
443 517254 41 451 40 0
444 2812 41 207807 40 0
445 893770 41 450 40 0
446 229284 41 150194 40 0
447 463177 40 463177 40 1
448 452 40 265108 40 0
449 451 40 956135 40 0
450 450 40 443 40 0
451 342783 40 342783 40 1
452 150194 40 234682 39 0
453 265108 40 456 39 0
454 986785 39 452 39 0
455 899880 39 599769 39 0
456 599769 39 470126 39 0
457 470126 39 74351 39 0
458 456 39 986785 39 0
459 335793 39 770461 38 0
460 74351 39 972699 38 0
461 234682 39 595238 38 0
462 670468 38 875010 38 0
463 595238 38 899880 38 0
464 298926 38 37855 38 0
465 972699 38 231159 38 0
466 231159 38 335793 38 0
467 770461 38 576947 37 0
468 576947 38 823943 37 0
469 875010 38 178870 37 0
470 250013 37 783047 37 0
471 823943 37 935730 37 0
472 878180 37 13874 37 0
473 935730 37 842964 37 0
474 52839 37 250013 37 0
475 13874 37 670468 37 0
476 178870 37 878180 36 0
477 783047 37 298926 36 0
478 842964 37 52839 36 0
479 681227 36 879067 36 0
480 484 36 484 36 1
481 463712 36 463712 36 1
482 62206 36 989280 36 0
483 197479 36 197479 36 1
484 169786 36 681227 36 0
485 879067 36 494 35 0
486 348040 36 169786 35 0
487 989280 36 629380 35 0
488 417933 35 488 35 0
489 629380 35 635448 35 0
490 840325 35 348040 35 0
491 635448 35 62206 34 0
492 494 35 153261 34 0
493 171685 35 781883 34 0
494 153261 35 403963 34 0
495 489 35 90148 34 0
496 488 35 226504 34 0
497 403963 34 128382 34 0
498 90148 34 171685 34 0
499 195667 34 52117 34 0
500 33610 34 840325 34 0
501 128382 34 489 33 0
502 499 34 511 33 0
503 226504 34 383 33 0
504 233731 34 646007 33 0
505 52117 34 762175 33 0
506 781883 34 211440 33 0
507 179301 33 417933 33 0
508 222720 33 233731 33 0
509 646007 33 33610 33 0
510 511 33 195667 33 0
511 383 33 499 33 0
512 762175 33 606413 33 0
513 211440 33 222720 33 0
514 911598 33 242363 32 0
515 440627 33 179301 32 0
516 606413 33 9973 32 0
517 242363 32 522 32 0
518 633780 32 633780 32 1
519 400828 32 416104 32 0
520 527 32 604849 32 0
521 9973 32 440627 32 0
522 604849 32 331635 32 0
523 416104 32 911598 32 0
524 522 32 991204 31 0
525 331635 32 527 31 0
526 404321 32 856860 31 0
527 111102 32 919997 31 0
528 199519 31 400828 31 0
529 499016 31 499016 31 1
530 254775 31 748348 31 0
531 584935 31 404321 31 0
532 748348 31 199519 31 0
533 26712 31 111102 31 0
534 889759 31 254775 31 0
535 862565 31 26712 31 0
536 991204 31 343832 30 0
537 806857 31 562290 30 0
538 919997 31 818458 30 0
539 856860 31 862565 30 0
540 585278 30 167533 30 0
541 818458 30 584935 30 0
542 562290 30 585278 30 0
543 435013 30 445055 30 0
544 343832 30 814947 30 0
545 66774 30 806857 30 0
546 195912 30 336914 29 0
547 445055 30 112633 29 0
548 814947 30 106522 29 0
549 664406 30 562 29 0
550 167533 30 435013 29 0
551 594806 30 937022 29 0
552 561 29 561 29 1
553 707243 29 412071 29 0
554 549796 29 889759 29 0
555 336914 29 195912 29 0
556 937022 29 664406 29 0
557 562 29 594806 29 0
558 990391 29 86201 28 0
559 662558 29 142107 28 0
560 112633 29 860616 28 0
561 142107 29 477273 28 0
562 412071 29 814279 28 0
563 86201 29 574 28 0
564 106522 29 367939 28 0
565 477273 28 494192 28 0
566 183039 28 678039 28 0
567 860616 28 707243 28 0
568 494192 28 563675 28 0
569 574 28 838144 28 0
570 610562 28 662558 28 0
571 814279 28 252324 28 0
572 838144 28 549796 28 0
573 552971 28 610562 28 0
574 252324 28 990391 28 0
575 367939 28 585 27 0
576 678039 28 265769 27 0
577 563675 28 586 27 0
578 584 27 66774 27 0
579 985065 27 276048 27 0
580 265769 27 8023 27 0
581 580940 27 964785 27 0
582 971011 27 583 27 0
583 8023 27 183039 27 0
584 914522 27 82496 27 0
585 586 27 479622 26 0
586 585 27 971011 26 0
587 583 27 217345 26 0
588 276048 27 596 26 0
589 793559 27 66335 26 0
590 479622 27 807529 26 0
591 82496 27 603675 26 0
592 964785 27 62708 26 0
593 607 26 288508 26 0
594 850194 26 850194 26 1
595 604 26 123534 26 0
596 66335 26 426687 26 0
597 426687 26 914522 26 0
598 603675 26 552971 26 0
599 288508 26 448777 26 0
600 807529 26 793559 26 0
601 217345 26 604 26 0
602 448777 26 927797 25 0
603 62708 26 607 25 0
604 123534 26 473533 25 0
605 6065 26 609 25 0
606 594 26 332858 25 0
607 596 26 530856 25 0
608 292209 25 226020 25 0
609 937764 25 580940 25 0
610 967536 25 594 25 0
611 571366 25 907226 25 0
612 927797 25 41913 25 0
613 41913 25 292209 25 0
614 189739 25 189739 25 1
615 907226 25 967536 25 0
616 226020 25 937764 25 0
617 530856 25 584 25 0
618 332858 25 962447 24 0
619 962447 25 925724 24 0
620 921840 25 808596 24 0
621 609 25 6065 24 0
622 987833 25 921840 24 0
623 84399 25 629 24 0
624 473533 25 985065 24 0
625 228018 24 929176 24 0
626 925724 24 784579 24 0
627 73615 24 84399 24 0
628 108771 24 121058 24 0
629 111533 24 571366 24 0
630 808596 24 911057 24 0
631 911057 24 354555 24 0
632 121058 24 987833 24 0
633 26377 24 108771 24 0
634 784579 24 784683 24 0
635 629 24 111533 23 0
636 354555 24 195346 23 0
637 627 24 438454 23 0
638 318133 24 715947 23 0
639 354701 24 994158 23 0
640 929176 24 896995 23 0
641 784683 24 299692 23 0
642 438454 23 365959 23 0
643 550478 23 228018 23 0
644 715947 23 673127 23 0
645 883826 23 997775 23 0
646 994158 23 550478 23 0
647 299692 23 883826 23 0
648 335176 23 318133 23 0
649 137863 23 627 23 0
650 343133 23 732258 23 0
651 319069 23 137863 23 0
652 365959 23 635579 23 0
653 673127 23 26377 23 0
654 245555 23 319069 23 0
655 259736 23 245555 23 0
656 195346 23 259736 22 0
657 732258 23 653931 22 0
658 997775 23 90765 22 0
659 896995 23 676 22 0
660 635579 23 768371 22 0
661 222777 22 441074 22 0
662 676 22 664 22 0
663 678 22 828344 22 0
664 512347 22 73615 22 0
665 710867 22 354701 22 0
666 90765 22 204101 22 0
667 204101 22 382746 22 0
668 562655 22 335176 22 0
669 828344 22 512347 22 0
670 768371 22 336514 22 0
671 664 22 881870 22 0
672 864948 22 295615 22 0
673 295615 22 562655 22 0
674 336514 22 678 22 0
675 441074 22 671 21 0
676 881870 22 343133 21 0
677 653931 22 193599 21 0
678 382746 22 399390 21 0
679 348028 22 181645 21 0
680 181645 22 403287 21 0
681 671 22 938262 21 0
682 435500 21 702 21 0
683 435328 21 710867 21 0
684 375534 21 795109 21 0
685 945219 21 333821 21 0
686 702 21 435328 21 0
687 795109 21 180619 21 0
688 74625 21 864948 21 0
689 957670 21 647104 21 0
690 647104 21 435500 21 0
691 178571 21 74625 21 0
692 403287 21 945219 21 0
693 527983 21 832557 21 0
694 694137 21 264563 21 0
695 594976 21 594976 21 1
696 399390 21 222777 21 0
697 264563 21 178571 21 0
698 581208 21 230594 20 0
699 193599 21 904232 20 0
700 832557 21 111220 20 0
701 333821 21 545230 20 0
702 180619 21 957670 20 0
703 938262 21 616915 20 0
704 715 20 76645 20 0
705 545230 20 969990 20 0
706 392030 20 722 20 0
707 111220 20 694137 20 0
708 956695 20 375534 20 0
709 269845 20 269845 20 1
710 230594 20 392895 20 0
711 904232 20 878750 20 0
712 722 20 509725 20 0
713 76645 20 578406 20 0
714 920988 20 707 20 0
715 878750 20 348028 20 0
716 707 20 71626 20 0
717 342127 20 392030 20 0
718 392895 20 347383 20 0
719 71626 20 715 20 0
720 422447 20 527983 20 0
721 885278 20 920988 20 0
722 616915 20 581208 20 0
723 509725 20 735 19 0
724 578406 20 971070 19 0
725 969990 20 342127 19 0
726 820481 20 67803 19 0
727 347383 20 749 19 0
728 833141 19 885278 19 0
729 67803 19 833141 19 0
730 126428 19 907798 19 0
731 498009 19 732 19 0
732 221743 19 424207 19 0
733 76960 19 820481 19 0
734 411781 19 834703 19 0
735 749 19 76960 19 0
736 753 19 45711 19 0
737 737 19 737 19 1
738 817905 19 849207 19 0
739 806567 19 41539 19 0
740 849207 19 423369 19 0
741 674619 19 753 19 0
742 614869 19 221743 19 0
743 28031 19 126428 19 0
744 424207 19 28031 19 0
745 907798 19 806567 19 0
746 971070 19 411781 19 0
747 834703 19 614869 19 0
748 41539 19 674619 19 0
749 45711 19 956695 19 0
750 735 19 274913 18 0
751 732 19 963394 18 0
752 423369 19 746162 18 0
753 734 19 655068 18 0
754 25990 18 701962 18 0
755 770 18 749926 18 0
756 353066 18 921670 18 0
757 921670 18 422447 18 0
758 748124 18 763 18 0
759 899892 18 612051 18 0
760 307263 18 393199 18 0
761 794032 18 600301 18 0
762 160441 18 364512 18 0
763 570706 18 899892 18 0
764 581207 18 47900 18 0
765 749926 18 748124 18 0
766 907422 18 931672 18 0
767 931672 18 759 18 0
768 47900 18 734 18 0
769 963394 18 25990 18 0
770 600301 18 794032 18 0
771 393199 18 498009 18 0
772 707100 18 581207 18 0
773 655068 18 141279 17 0
774 364512 18 237014 17 0
775 612051 18 817905 17 0
776 759 18 139080 17 0
777 274913 18 907422 17 0
778 417240 18 731098 17 0
779 763 18 307263 17 0
780 746162 18 417240 17 0
781 701962 18 792 17 0
782 259548 17 259548 17 1
783 811 17 164761 17 0
784 139080 17 160441 17 0
785 803 17 518535 17 0
786 943120 17 524462 17 0
787 954610 17 59980 17 0
788 789031 17 707100 17 0
789 806 17 857436 17 0
790 141279 17 728360 17 0
791 667622 17 570706 17 0
792 728360 17 851703 17 0
793 424072 17 806 17 0
794 237014 17 888327 17 0
795 452345 17 44427 17 0
796 851703 17 667622 17 0
797 857436 17 353066 17 0
798 524462 17 954610 17 0
799 164761 17 695399 17 0
800 763715 17 811 17 0
801 44427 17 424072 16 0
802 518535 17 376013 16 0
803 59980 17 963223 16 0
804 285758 17 813 16 0
805 888327 17 834849 16 0
806 376013 17 658814 16 0
807 329735 17 732212 16 0
808 47355 17 845 16 0
809 792 17 821 16 0
810 785 17 606685 16 0
811 731098 17 322429 16 0
812 695399 17 43513 16 0
813 934569 16 277306 16 0
814 606685 16 763715 16 0
815 45182 16 934569 16 0
816 834849 16 585353 16 0
817 401173 16 770 16 0
818 935336 16 166121 16 0
819 336021 16 278561 16 0
820 43513 16 835 16 0
821 307385 16 803 16 0
822 198708 16 47355 16 0
823 835 16 785 16 0
824 277306 16 488136 16 0
825 844 16 542180 16 0
826 845 16 624716 16 0
827 821 16 935336 16 0
828 872763 16 174168 16 0
829 200000 16 854288 16 0
830 963223 16 943120 16 0
831 854288 16 844 16 0
832 166121 16 200000 16 0
833 353403 16 285758 16 0
834 624716 16 336021 16 0
835 542180 16 411782 16 0
836 411782 16 563418 16 0
837 540446 16 198708 16 0
838 488136 16 45182 16 0
839 732212 16 789031 16 0
840 563418 16 933694 15 0
841 826 16 826 15 1
842 174168 16 951940 15 0
843 278561 16 831709 15 0
844 585353 16 328277 15 0
845 658814 16 417721 15 0
846 813 16 284081 15 0
847 322429 16 520811 15 0
848 700865 15 862 15 0
849 881 15 262627 15 0
850 602494 15 452345 15 0
851 879 15 859 15 0
852 940946 15 700865 15 0
853 31667 15 581081 15 0
854 405666 15 544247 15 0
855 601327 15 958149 15 0
856 262627 15 96926 15 0
857 951940 15 602699 15 0
858 214896 15 304755 15 0
859 23570 15 309635 15 0
860 958149 15 23570 15 0
861 338674 15 872763 15 0
862 96926 15 940946 15 0
863 259348 15 31667 15 0
864 549853 15 405666 15 0
865 272888 15 353403 15 0
866 544247 15 317229 15 0
867 602699 15 329735 15 0
868 933694 15 809374 15 0
869 405182 15 604783 15 0
870 328277 15 338674 15 0
871 284081 15 188591 15 0
872 581081 15 879 15 0
873 257701 15 259348 15 0
874 309635 15 272888 15 0
875 188591 15 549853 15 0
876 417721 15 406391 15 0
877 304755 15 405182 15 0
878 859 15 401173 15 0
879 327123 15 745222 14 0
880 604783 15 307741 14 0
881 831709 15 57244 14 0
882 317229 15 913 14 0
883 809374 15 631937 14 0
884 520811 15 440467 14 0
885 862 15 388490 14 0
886 406391 15 833250 14 0
887 579633 14 687525 14 0
888 919 14 638196 14 0
889 687525 14 412313 14 0
890 929031 14 209879 14 0
891 745222 14 906 14 0
892 625747 14 602494 14 0
893 373076 14 905 14 0
894 638196 14 625747 14 0
895 833250 14 881 14 0
896 587096 14 540446 14 0
897 896724 14 57258 14 0
898 412313 14 307385 14 0
899 765684 14 327123 14 0
900 172076 14 653814 14 0
901 307741 14 832319 14 0
902 483492 14 601889 14 0
903 539962 14 765684 14 0
904 568450 14 919 14 0
905 388490 14 902 14 0
906 419443 14 67323 14 0
907 440467 14 168968 14 0
908 713734 14 373076 14 0
909 686521 14 601327 14 0
910 168968 14 657096 14 0
911 647231 14 483492 14 0
912 631937 14 896724 14 0
913 67323 14 647231 14 0
914 657096 14 587096 14 0
915 653814 14 257701 14 0
916 824513 14 824513 14 1
917 304195 14 264237 14 0
918 734933 14 713734 14 0
919 902 14 686521 14 0
920 905 14 232502 13 0
921 906 14 881669 13 0
922 57258 14 214896 13 0
923 601889 14 211787 13 0
924 264237 14 537573 13 0
925 832319 14 368180 13 0
926 209879 14 962 13 0
927 262207 14 568450 13 0
928 57244 14 602074 13 0
929 913 14 603029 13 0
930 962 13 1074 13 0
931 731388 13 224768 13 0
932 226913 13 246366 13 0
933 602074 13 419443 13 0
934 603029 13 510339 13 0
935 745858 13 304195 13 0
936 246366 13 72198 13 0
937 964 13 135262 13 0
938 708130 13 230268 13 0
939 327348 13 106837 13 0
940 838083 13 791326 13 0
941 272193 13 945 13 0
942 765801 13 172076 13 0
943 623022 13 929031 13 0
944 59697 13 993381 13 0
945 754414 13 754414 13 1
946 537573 13 579633 13 0
947 510339 13 623022 13 0
948 264055 13 734933 13 0
949 9123 13 708130 13 0
950 702933 13 319254 13 0
951 211787 13 909150 13 0
952 909150 13 59697 13 0
953 861218 13 448668 13 0
954 846748 13 262207 13 0
955 232502 13 9123 13 0
956 488596 13 264055 13 0
957 791326 13 731388 13 0
958 368180 13 937 13 0
959 135262 13 561574 13 0
960 224768 13 539962 13 0
961 993381 13 745858 13 0
962 937 13 209235 13 0
963 448668 13 947 13 0
964 561574 13 765801 13 0
965 176658 13 702933 13 0
966 238806 13 627283 13 0
967 230268 13 661547 12 0
968 319254 13 323446 12 0
969 945 13 203729 12 0
970 947 13 272193 12 0
971 209235 13 276203 12 0
972 276203 13 1924 12 0
973 106837 13 978000 12 0
974 323446 13 640071 12 0
975 627283 13 238806 12 0
976 72198 13 363969 12 0
977 1074 13 348309 12 0
978 881669 13 845502 12 0
979 1003 12 990 12 0
980 932168 12 1017 12 0
981 1006 12 728529 12 0
982 661547 12 281572 12 0
983 687552 12 386431 12 0
984 498173 12 1033 12 0
985 320604 12 1003 12 0
986 59140 12 488596 12 0
987 1010 12 320604 12 0
988 458115 12 838083 12 0
989 534934 12 817688 12 0
990 34733 12 571152 12 0
991 829814 12 654649 12 0
992 1017 12 829329 12 0
993 1018 12 964 12 0
994 829912 12 1006 12 0
995 1033 12 34733 12 0
996 220266 12 846748 12 0
997 1031 12 861218 12 0
998 1028 12 220266 12 0
999 88509 12 746033 12 0
1000 684365 12 883332 12 0
1001 11754 12 687552 12 0
1002 140405 12 1010 12 0
1003 728529 12 829814 12 0
1004 203729 12 681201 12 0
1005 223638 12 11754 12 0
1006 829329 12 1028 12 0
1007 845502 12 621602 12 0
1008 746033 12 140405 12 0
1009 978000 12 1031 12 0
1010 363969 12 227090 12 0
1011 1924 12 759814 12 0
1012 809964 12 88509 12 0
1013 654649 12 59140 12 0
1014 621602 12 458115 12 0
1015 688813 12 498173 12 0
1016 681201 12 226913 12 0
1017 281699 12 534934 12 0
1018 759814 12 688813 12 0
1019 23641 12 949298 12 0
1020 883332 12 1018 12 0
1021 227090 12 609575 12 0
1022 281572 12 932168 12 0
1023 990 12 838692 11 0
1024 609575 12 656712 11 0
1025 949298 12 762390 11 0
1026 79414 12 327348 11 0
1027 295832 12 429088 11 0
1028 808007 12 970670 11 0
1029 656712 12 1084 11 0
1030 640071 12 384266 11 0
1031 386431 12 551148 11 0
1032 571152 12 1040 11 0
1033 817688 12 739484 11 0
1034 348309 12 933324 11 0
1035 12807 11 1045 11 0
1036 1052 11 98173 11 0
1037 985352 11 829912 11 0
1038 88612 11 227464 11 0
1039 98173 11 295832 11 0
1040 1082 11 550084 11 0
1041 1084 11 931620 11 0
1042 514199 11 684365 11 0
1043 1080 11 766352 11 0
1044 545199 11 223638 11 0
1045 1078 11 735449 11 0
1046 861236 11 443692 11 0
1047 1068 11 670257 11 0
1048 802879 11 779541 11 0
1049 550084 11 1080 11 0
1050 1076 11 88612 11 0
1051 267969 11 121184 11 0
1052 928940 11 598308 11 0
1053 536069 11 133060 11 0
1054 443692 11 217929 11 0
1055 480007 11 281699 11 0
1056 66490 11 1052 11 0
1057 653693 11 595017 11 0
1058 403083 11 613735 11 0
1059 613735 11 850601 11 0
1060 845919 11 777 11 0
1061 891587 11 845919 11 0
1062 530323 11 66490 11 0
1063 735449 11 545199 11 0
1064 595017 11 319920 11 0
1065 933324 11 891587 11 0
1066 777 11 802879 11 0
1067 121184 11 990723 11 0
1068 384266 11 1041 11 0
1069 838692 11 530323 11 0
1070 319920 11 403083 11 0
1071 670257 11 808007 11 0
1072 133060 11 480007 11 0
1073 598308 11 861236 11 0
1074 766352 11 1082 11 0
1075 551148 11 1078 11 0
1076 779541 11 176658 11 0
1077 581216 11 1076 11 0
1078 1045 11 639935 11 0
1079 63684 11 737009 11 0
1080 931620 11 940090 11 0
1081 194731 11 985352 11 0
1082 940090 11 581216 11 0
1083 34548 11 1068 11 0
1084 30758 11 79414 11 0
1085 970670 11 267969 11 0
1086 1049 11 417612 11 0
1087 762390 11 34548 11 0
1088 227464 11 23641 11 0
1089 429088 11 30758 10 0
1090 850601 11 673762 10 0
1091 639935 11 513170 10 0
1092 739484 11 118810 10 0
1093 417612 11 1100 10 0
1094 990723 11 514199 10 0
1095 394015 11 168303 10 0
1096 737009 11 432072 10 0
1097 217929 11 634791 10 0
1098 1041 11 468821 10 0
1099 1040 11 1149 10 0
1100 483271 10 927518 10 0
1101 712234 10 1126 10 0
1102 163464 10 290310 10 0
1103 673762 10 1150 10 0
1104 113928 10 856260 10 0
1105 1169 10 74534 10 0
1106 163437 10 80759 10 0
1107 18779 10 203935 10 0
1108 720865 10 914184 10 0
1109 306292 10 445288 10 0
1110 80759 10 1133 10 0
1111 375165 10 889048 10 0
1112 432072 10 974541 10 0
1113 469644 10 113928 10 0
1114 561147 10 559046 10 0
1115 600253 10 163437 10 0
1116 1150 10 787927 10 0
1117 1149 10 483271 10 0
1118 509309 10 364822 10 0
1119 559046 10 341295 10 0
1120 470089 10 549380 10 0
1121 446842 10 928940 10 0
1122 912610 10 394015 10 0
1123 539068 10 777078 10 0
1124 889048 10 536069 10 0
1125 974541 10 523800 10 0
1126 603957 10 194731 10 0
1127 877504 10 877504 10 1
1128 290310 10 912610 10 0
1129 856260 10 131052 10 0
1130 468821 10 617569 10 0
1131 523800 10 306292 10 0
1132 131052 10 539068 10 0
1133 341295 10 470089 10 0
1134 271072 10 469644 10 0
1135 100268 10 2923 10 0
1136 914184 10 271072 10 0
1137 301289 10 668409 10 0
1138 203935 10 720865 10 0
1139 311747 10 417690 10 0
1140 391492 10 1122 10 0
1141 724353 10 1140 10 0
1142 425994 10 1123 10 0
1143 120321 10 11972 10 0
1144 1123 10 275792 10 0
1145 1122 10 561147 10 0
1146 668409 10 120321 10 0
1147 2923 10 516025 10 0
1148 777078 10 1169 10 0
1149 118810 10 509309 10 0
1150 168303 10 809964 10 0
1151 634791 10 375165 10 0
1152 617569 10 63684 10 0
1153 275792 10 425994 10 0
1154 364822 10 516357 10 0
1155 515677 10 515677 10 1
1156 417690 10 653693 10 0
1157 307353 10 600253 10 0
1158 1100 10 182653 10 0
1159 516025 10 163464 10 0
1160 927518 10 446842 10 0
1161 11972 10 12807 10 0
1162 567655 10 724353 10 0
1163 182653 10 603957 10 0
1164 516357 10 18779 10 0
1165 659009 10 50473 9 0
1166 445288 10 708226 9 0
1167 74534 10 307353 9 0
1168 549380 10 1225 9 0
1169 1126 10 1201 9 0
1170 1133 10 21509 9 0
1171 513170 10 1215 9 0
1172 1140 10 381249 9 0
1173 487364 10 759631 9 0
1174 787927 10 11075 9 0
1175 898337 9 416060 9 0
1176 1242 9 930914 9 0
1177 864546 9 672175 9 0
1178 759631 9 311747 9 0
1179 122812 9 696721 9 0
1180 262356 9 301289 9 0
1181 1258 9 659009 9 0
1182 663164 9 81185 9 0
1183 899374 9 190034 9 0
1184 533639 9 1202 9 0
1185 930914 9 521895 9 0
1186 292493 9 765269 9 0
1187 928620 9 123877 9 0
1188 937573 9 762738 9 0
1189 380152 9 712234 9 0
1190 1236 9 69627 9 0
1191 368372 9 858434 9 0
1192 998563 9 1221 9 0
1193 11075 9 912874 9 0
1194 696721 9 1258 9 0
1195 1228 9 117826 9 0
1196 708822 9 294583 9 0
1197 443712 9 247861 9 0
1198 1225 9 744571 9 0
1199 401540 9 970443 9 0
1200 187278 9 618155 9 0
1201 416060 9 620737 9 0
1202 294583 9 998563 9 0
1203 247598 9 937573 9 0
1204 871125 9 567655 9 0
1205 680556 9 16918 9 0
1206 693124 9 39450 9 0
1207 970443 9 1200 9 0
1208 845694 9 380152 9 0
1209 247861 9 680556 9 0
1210 620737 9 886544 9 0
1211 12570 9 204670 9 0
1212 64532 9 443712 9 0
1213 928499 9 927814 9 0
1214 123877 9 663164 9 0
1215 69627 9 699606 9 0
1216 381249 9 401540 9 0
1217 776892 9 88569 9 0
1218 618155 9 344461 9 0
1219 835870 9 64532 9 0
1220 927814 9 835870 9 0
1221 744571 9 871125 9 0
1222 39450 9 607431 9 0
1223 912874 9 928620 9 0
1224 88569 9 905242 9 0
1225 801718 9 292493 9 0
1226 607431 9 825636 9 0
1227 344461 9 795909 9 0
1228 50473 9 122812 9 0
1229 546601 9 297560 9 0
1230 299198 9 607796 9 0
1231 825636 9 898337 9 0
1232 297560 9 546601 9 0
1233 521895 9 1236 9 0
1234 21509 9 801348 9 0
1235 905242 9 1212 9 0
1236 708226 9 368372 9 0
1237 1202 9 899374 9 0
1238 1201 9 247598 9 0
1239 886544 9 533639 9 0
1240 1200 9 487364 9 0
1241 858434 9 726223 9 0
1242 190034 9 1192 9 0
1243 16918 9 397228 9 0
1244 765269 9 801718 9 0
1245 169460 9 1228 9 0
1246 1215 9 176451 9 0
1247 555550 9 708822 9 0
1248 117826 9 1049 9 0
1249 1221 9 566122 9 0
1250 607796 9 100268 9 0
1251 726223 9 776892 9 0
1252 81185 9 555550 9 0
1253 699606 9 391492 9 0
1254 566122 9 169460 9 0
1255 236592 9 536868 9 0
1256 762738 9 864546 9 0
1257 672175 9 1242 9 0
1258 176451 9 262356 9 0
1259 1192 9 4294967295 0 0
1260 1212 9 4294967295 0 0
1261 795909 9 4294967295 0 0
1262 397228 9 4294967295 0 0
1263 204670 9 4294967295 0 0
1264 536868 9 4294967295 0 0
1265 801348 9 4294967295 0 0
1266 888231 8 4294967295 0 0
1267 17263 8 4294967295 0 0
1268 959376 8 4294967295 0 0
1269 946083 8 4294967295 0 0
1270 1346 8 4294967295 0 0
1271 741154 8 4294967295 0 0
1272 80654 8 4294967295 0 0
1273 156549 8 4294967295 0 0
1274 1341 8 4294967295 0 0
1275 80844 8 4294967295 0 0
1276 599666 8 4294967295 0 0
1277 1333 8 4294967295 0 0
1278 159821 8 4294967295 0 0
1279 807979 8 4294967295 0 0
1280 929892 8 4294967295 0 0
1281 348655 8 4294967295 0 0
1282 464126 8 4294967295 0 0
1283 840360 8 4294967295 0 0
1284 725374 8 4294967295 0 0
1285 200122 8 4294967295 0 0
1286 728816 8 4294967295 0 0
1287 314976 8 4294967295 0 0
1288 736983 8 4294967295 0 0
1289 196700 8 4294967295 0 0
1290 861246 8 4294967295 0 0
1291 641337 8 4294967295 0 0
1292 613653 8 4294967295 0 0
1293 653527 8 4294967295 0 0
1294 150301 8 4294967295 0 0
1295 553498 8 4294967295 0 0
1296 813352 8 4294967295 0 0
1297 613883 8 4294967295 0 0
1298 851840 8 4294967295 0 0
1299 491645 8 4294967295 0 0
1300 102185 8 4294967295 0 0
1301 431738 8 4294967295 0 0
1302 225003 8 4294967295 0 0
1303 479453 8 4294967295 0 0
1304 899476 8 4294967295 0 0
1305 1353 8 4294967295 0 0
1306 788557 8 4294967295 0 0
1307 1374 8 4294967295 0 0
1308 858368 8 4294967295 0 0
1309 135209 8 4294967295 0 0
1310 361753 8 4294967295 0 0
1311 638823 8 4294967295 0 0
1312 390223 8 4294967295 0 0
1313 496055 8 4294967295 0 0
1314 1363 8 4294967295 0 0
1315 447124 8 4294967295 0 0
1316 805677 8 4294967295 0 0
1317 176469 8 4294967295 0 0
1318 117005 8 4294967295 0 0
1319 409062 8 4294967295 0 0
1320 419134 8 4294967295 0 0
1321 923091 8 4294967295 0 0
1322 25091 8 4294967295 0 0
1323 934712 8 4294967295 0 0
1324 233967 8 4294967295 0 0
1325 1266 8 4294967295 0 0
1326 602314 8 4294967295 0 0
1327 1269 8 4294967295 0 0
1328 132452 8 4294967295 0 0
1329 1272 8 4294967295 0 0
1330 159578 8 4294967295 0 0
1331 1274 8 4294967295 0 0
1332 1278 8 4294967295 0 0
1333 210273 8 4294967295 0 0
1334 533614 8 4294967295 0 0
1335 1282 8 4294967295 0 0
1336 129919 8 4294967295 0 0
1337 838573 8 4294967295 0 0
1338 485840 8 4294967295 0 0
1339 782162 8 4294967295 0 0
1340 230227 8 4294967295 0 0
1341 388850 8 4294967295 0 0
1342 499371 8 4294967295 0 0
1343 94331 8 4294967295 0 0
1344 42825 8 4294967295 0 0
1345 636682 8 4294967295 0 0
1346 981119 8 4294967295 0 0
1347 588671 8 4294967295 0 0
1348 119707 8 4294967295 0 0
1349 684514 8 4294967295 0 0
1350 855413 8 4294967295 0 0
1351 630062 8 4294967295 0 0
1352 272280 8 4294967295 0 0
1353 14388 8 4294967295 0 0
1354 289635 8 4294967295 0 0
1355 283020 8 4294967295 0 0
1356 1307 8 4294967295 0 0
1357 178079 8 4294967295 0 0
1358 669679 8 4294967295 0 0
1359 1311 8 4294967295 0 0
