99982 55555 0.000010
0 42270 79353 42270 79353 1
1 60300 11796 60300 11796 1
2 66376 3868 66376 3868 1
3 85945 1753 85945 1753 1
4 84423 949 84423 949 1
5 17885 575 17885 575 1
6 62778 376 62778 376 1
7 14493 261 14493 261 1
8 5318 189 5318 189 1
9 9 141 9 141 1
10 54058 109 54058 109 1
11 60340 85 60340 85 1
12 77541 69 77541 69 1
13 6583 56 6583 56 1
14 27529 46 27529 46 1
15 52418 39 52418 39 1
16 16 33 16 33 1
17 9886 28 9886 28 1
18 18 24 18 24 1
19 22472 21 22472 21 1
20 55231 18 55231 18 1
21 8177 16 8177 16 1
22 22 14 22 14 1
23 35955 13 35955 13 1
24 71705 11 71705 11 1
25 69236 10 69236 10 1
26 80417 9 80417 9 1
27 4269 8 4269 8 1
28 16159 8 16159 8 1
29 90048 7 90048 7 1
30 2968 6 2968 6 1
31 25782 6 25782 6 1
32 43272 5 43272 5 1
33 34929 5 56385 5 0
34 56385 5 34929 5 0
35 35559 4 36 4 0
36 36 4 37 4 0
37 37 4 35559 4 0
38 46789 3 75726 3 0
39 24550 3 41 3 0
40 75726 3 46322 3 0
41 41 3 24550 3 0
42 46322 3 46789 3 0
43 67636 2 67636 2 1
44 14700 2 14700 2 1
45 99748 2 99748 2 1
46 96250 2 96250 2 1
47 26692 2 40176 2 0
48 85412 2 26692 2 0
49 77417 2 77417 2 1
50 40176 2 740 2 0
51 740 2 85412 2 0
52 73 1 96492 1 0
53 2142 1 17862 1 0
54 71 1 33580 1 0
55 73307 1 45410 1 0
56 40786 1 19606 1 0
57 67 1 23038 1 0
58 33551 1 75 1 0
59 75 1 71 1 0
60 31549 1 72405 1 0
61 96492 1 31549 1 0
62 23038 1 2142 1 0
63 45410 1 30013 1 0
64 72405 1 39154 1 0
65 21340 1 21340 1 1
66 69394 1 73307 1 0
67 30013 1 40786 1 0
68 39154 1 67 1 0
69 30787 1 98185 1 0
70 19606 1 30787 1 0
71 71969 1 1100 1 0
72 33580 1 73 1 0
73 1100 1 69394 1 0
74 87164 1 87164 1 1
75 17862 1 33551 1 0
76 98185 1 71969 1 0
77 66681 0 4294967295 0 0
78 66666 0 4294967295 0 0
79 66664 0 4294967295 0 0
80 66682 0 4294967295 0 0
81 66683 0 4294967295 0 0
82 66663 0 4294967295 0 0
83 66684 0 4294967295 0 0
84 66662 0 4294967295 0 0
85 66685 0 4294967295 0 0
86 66686 0 4294967295 0 0
87 66687 0 4294967295 0 0
88 66779 0 4294967295 0 0
89 66661 0 4294967295 0 0
90 66677 0 4294967295 0 0
91 66673 0 4294967295 0 0
92 66672 0 4294967295 0 0
93 66671 0 4294967295 0 0
94 66674 0 4294967295 0 0
95 66675 0 4294967295 0 0
96 66777 0 4294967295 0 0
97 66676 0 4294967295 0 0
98 66670 0 4294967295 0 0
99 66665 0 4294967295 0 0
100 66678 0 4294967295 0 0
101 66669 0 4294967295 0 0
102 66668 0 4294967295 0 0
103 66679 0 4294967295 0 0
104 66667 0 4294967295 0 0
105 66778 0 4294967295 0 0
106 66680 0 4294967295 0 0
107 66632 0 4294967295 0 0
108 66641 0 4294967295 0 0
109 66640 0 4294967295 0 0
110 66639 0 4294967295 0 0
111 66638 0 4294967295 0 0
112 66637 0 4294967295 0 0
113 66636 0 4294967295 0 0
114 66635 0 4294967295 0 0
115 66782 0 4294967295 0 0
116 66634 0 4294967295 0 0
117 66633 0 4294967295 0 0
118 66642 0 4294967295 0 0
119 66631 0 4294967295 0 0
120 66630 0 4294967295 0 0
121 66629 0 4294967295 0 0
122 66628 0 4294967295 0 0
123 66627 0 4294967295 0 0
124 66626 0 4294967295 0 0
125 66625 0 4294967295 0 0
126 66624 0 4294967295 0 0
127 66623 0 4294967295 0 0
128 66783 0 4294967295 0 0
129 66780 0 4294967295 0 0
130 66659 0 4294967295 0 0
131 66658 0 4294967295 0 0
132 66657 0 4294967295 0 0
133 66656 0 4294967295 0 0
134 66655 0 4294967295 0 0
135 66654 0 4294967295 0 0
136 66775 0 4294967295 0 0
137 66653 0 4294967295 0 0
138 66652 0 4294967295 0 0
139 66651 0 4294967295 0 0
140 66660 0 4294967295 0 0
141 66650 0 4294967295 0 0
142 66649 0 4294967295 0 0
143 66648 0 4294967295 0 0
144 66647 0 4294967295 0 0
145 66646 0 4294967295 0 0
146 66645 0 4294967295 0 0
147 66644 0 4294967295 0 0
148 66643 0 4294967295 0 0
149 66781 0 4294967295 0 0
150 66737 0 4294967295 0 0
151 66746 0 4294967295 0 0
152 66769 0 4294967295 0 0
153 66745 0 4294967295 0 0
154 66744 0 4294967295 0 0
155 66743 0 4294967295 0 0
156 66742 0 4294967295 0 0
157 66741 0 4294967295 0 0
158 66740 0 4294967295 0 0
159 66739 0 4294967295 0 0
160 66738 0 4294967295 0 0
161 66770 0 4294967295 0 0
162 66747 0 4294967295 0 0
163 66736 0 4294967295 0 0
164 66735 0 4294967295 0 0
165 66734 0 4294967295 0 0
166 66733 0 4294967295 0 0
167 66732 0 4294967295 0 0
168 66731 0 4294967295 0 0
169 66771 0 4294967295 0 0
170 66730 0 4294967295 0 0
171 66729 0 4294967295 0 0
172 66728 0 4294967295 0 0
173 66757 0 4294967295 0 0
174 66766 0 4294967295 0 0
175 66765 0 4294967295 0 0
176 66764 0 4294967295 0 0
177 66763 0 4294967295 0 0
