9999951 55555 0.000010
0 1039553 8319074 1039553 8319074 1
1 1334798 1039884 1334798 1039884 1
2 4211539 308114 4211539 308114 1
3 3137304 129986 3137304 129986 1
4 7084740 66553 7084740 66553 1
5 4778440 38514 4778440 38514 1
6 6133043 24254 6133043 24254 1
7 1321801 16248 1321801 16248 1
8 3602344 11412 3602344 11412 1
9 3444396 8319 3444396 8319 1
10 6406523 6250 6406523 6250 1
11 3152748 4814 3152748 4814 1
12 5048708 3787 5048708 3787 1
13 4767725 3032 4767725 3032 1
14 2470347 2465 2470347 2465 1
15 9792592 2031 9792592 2031 1
16 16 1693 16 1693 1
17 17 1426 17 1426 1
18 3841286 1213 3841286 1213 1
19 5561446 1040 5561446 1040 1
20 5541905 898 5541905 898 1
21 1622023 781 1622023 781 1
22 9366026 684 9366026 684 1
23 6749807 602 6749807 602 1
24 2102122 532 2102122 532 1
25 25 473 25 473 1
26 5935020 423 5935020 423 1
27 9709277 379 9709277 379 1
28 5619599 341 5619599 341 1
29 1751403 308 1751403 308 1
30 8197054 279 8197054 279 1
31 8448207 254 8448207 254 1
32 1615449 231 1615449 231 1
33 2612563 212 2612563 212 1
34 7050751 194 7050751 194 1
35 4976239 178 4976239 178 1
36 7088296 164 7088296 164 1
37 8181905 152 8181905 152 1
38 38 140 38 140 1
39 1957559 130 1957559 130 1
40 5818068 121 5818068 121 1
41 4852100 112 4852100 112 1
42 4132839 105 4132839 105 1
43 43 98 4294967295 0 0
44 9503514 91 4294967295 0 0
45 45 85 4294967295 0 0
46 8932064 80 4294967295 0 0
47 7395632 75 4294967295 0 0
48 6267130 71 4294967295 0 0
49 1105939 67 4294967295 0 0
50 4818817 63 4294967295 0 0
51 2202971 59 4294967295 0 0
52 678277 56 4294967295 0 0
53 9466253 53 4294967295 0 0
54 7215871 50 4294967295 0 0
55 1042365 47 4294967295 0 0
56 4401624 45 4294967295 0 0
57 57 43 4294967295 0 0
58 8752557 41 4294967295 0 0
59 9234490 39 4294967295 0 0
60 9265404 37 4294967295 0 0
61 7217155 35 4294967295 0 0
62 7741560 33 4294967295 0 0
63 7752085 32 4294967295 0 0
64 4249730 30 4294967295 0 0
65 65 29 4294967295 0 0
66 2748601 28 4294967295 0 0
67 6457397 26 4294967295 0 0
68 68 25 4294967295 0 0
69 1086211 24 4294967295 0 0
70 5676427 23 4294967295 0 0
71 2806316 22 4294967295 0 0
72 7422436 21 4294967295 0 0
73 4427936 21 4294967295 0 0
74 4575700 20 4294967295 0 0
75 5667401 19 4294967295 0 0
76 509928 18 4294967295 0 0
77 3971389 18 4294967295 0 0
78 832383 17 4294967295 0 0
79 736761 16 4294967295 0 0
80 5828992 16 4294967295 0 0
81 7823074 15 4294967295 0 0
82 2610898 15 4294967295 0 0
83 3836307 14 4294967295 0 0
84 83 14 4294967295 0 0
85 6173501 13 4294967295 0 0
86 2139337 13 4294967295 0 0
87 87 12 4294967295 0 0
88 6970913 12 4294967295 0 0
89 170181 11 4294967295 0 0
90 9307760 11 4294967295 0 0
91 6797971 11 4294967295 0 0
92 463070 10 4294967295 0 0
93 94 10 4294967295 0 0
94 9760366 10 4294967295 0 0
95 6298523 9 4294967295 0 0
96 1034491 9 4294967295 0 0
97 2567063 9 4294967295 0 0
98 98 9 4294967295 0 0
99 302443 8 4294967295 0 0
100 101 8 4294967295 0 0
101 6216239 8 4294967295 0 0
102 7368653 8 4294967295 0 0
103 448087 7 4294967295 0 0
104 4896524 7 4294967295 0 0
105 3883727 7 4294967295 0 0
106 2497796 7 4294967295 0 0
107 7473065 7 4294967295 0 0
108 3365977 6 4294967295 0 0
109 1551629 6 4294967295 0 0
110 8143720 6 4294967295 0 0
111 111 6 4294967295 0 0
112 113 6 4294967295 0 0
113 5746957 6 4294967295 0 0
114 1623703 5 4294967295 0 0
115 4488972 5 4294967295 0 0
116 8774190 5 4294967295 0 0
117 5127386 5 4294967295 0 0
118 118 5 4294967295 0 0
119 115 5 4294967295 0 0
120 8436799 5 4294967295 0 0
121 6973796 5 4294967295 0 0
122 3993568 4 4294967295 0 0
123 5382233 4 4294967295 0 0
124 5648942 4 4294967295 0 0
125 9612438 4 4294967295 0 0
126 6555360 4 4294967295 0 0
127 122 4 4294967295 0 0
128 4157301 4 4294967295 0 0
129 6271296 4 4294967295 0 0
130 7509482 4 4294967295 0 0
131 6088434 4 4294967295 0 0
132 6456036 4 4294967295 0 0
133 3612666 3 4294967295 0 0
134 3991398 3 4294967295 0 0
135 4950038 3 4294967295 0 0
136 8758696 3 4294967295 0 0
137 147 3 4294967295 0 0
138 6554385 3 4294967295 0 0
139 9533265 3 4294967295 0 0
140 622912 3 4294967295 0 0
141 1409387 3 4294967295 0 0
142 8582095 3 4294967295 0 0
143 8758988 3 4294967295 0 0
