998437 55555 0.000010
0 713165 509612 713165 509612 1
1 1 151508 1 151508 1
2 500475 74521 500475 74521 1
3 43295 45044 43295 45044 1
4 288337 30482 288337 30482 1
5 5 22155 5 22155 1
6 811995 16917 811995 16917 1
7 581037 13392 581037 13392 1
8 422708 10897 422708 10897 1
9 454023 9062 454023 9062 1
10 344854 7670 344854 7670 1
11 162370 6587 162370 6587 1
12 656366 5726 656366 5726 1
13 13 5029 13 5029 1
14 151953 4457 151953 4457 1
15 374059 3981 374059 3981 1
16 279048 3581 279048 3581 1
17 278961 3240 278961 3240 1
18 806435 2947 806435 2947 1
19 603003 2694 603003 2694 1
20 549444 2474 549444 2474 1
21 831846 2280 831846 2280 1
22 967024 2110 967024 2110 1
23 313696 1958 313696 1958 1
24 183943 1823 183943 1823 1
25 604339 1702 604339 1702 1
26 729111 1594 729111 1594 1
27 472803 1495 472803 1495 1
28 835493 1406 835493 1406 1
29 338292 1325 338292 1325 1
30 582955 1251 582955 1251 1
31 809067 1184 809067 1184 1
32 711224 1122 711224 1122 1
33 677947 1065 677947 1065 1
34 330585 1012 330585 1012 1
35 314060 963 314060 963 1
36 610297 918 610297 918 1
37 37 876 37 876 1
38 533212 837 533212 837 1
39 452801 801 452801 801 1
40 730035 767 730035 767 1
41 735519 735 735519 735 1
42 638830 706 638830 706 1
43 234666 678 234666 678 1
44 497622 652 497622 652 1
45 292877 627 292877 627 1
46 60041 604 60041 604 1
47 966109 582 966109 582 1
48 388464 562 388464 562 1
49 893567 542 893567 542 1
50 202603 524 202603 524 1
51 321680 506 321680 506 1
52 819512 490 819512 490 1
53 743624 474 743624 474 1
54 341525 459 341525 459 1
55 943515 445 943515 445 1
56 603924 431 603924 431 1
57 650301 418 650301 418 1
58 397442 406 397442 406 1
59 843347 394 843347 394 1
60 327852 383 327852 383 1
61 158612 372 158612 372 1
62 62 362 62 362 1
63 213133 352 213133 352 1
64 127067 342 127067 342 1
65 780651 333 780651 333 1
66 280093 325 280093 325 1
67 67 316 67 316 1
68 945426 308 945426 308 1
69 787035 301 787035 301 1
70 274045 293 274045 293 1
71 644947 286 644947 286 1
72 442676 280 442676 280 1
73 349707 273 349707 273 1
74 856802 267 856802 267 1
75 661175 261 661175 261 1
76 98308 255 98308 255 1
77 92754 249 92754 249 1
78 534864 243 534864 243 1
79 110375 238 110375 238 1
80 878755 233 878755 233 1
81 81 228 81 228 1
82 80387 223 80387 223 1
83 725410 219 725410 219 1
84 84 214 84 214 1
85 279584 210 279584 210 1
86 844980 206 844980 206 1
87 829107 202 829107 202 1
88 796821 198 796821 198 1
89 73134 194 73134 194 1
90 695804 190 695804 190 1
91 198636 186 198636 186 1
92 92 183 92 183 1
93 729218 180 729218 180 1
94 602385 176 602385 176 1
95 872422 173 872422 173 1
96 302259 170 302259 170 1
97 316664 167 316664 167 1
98 903922 164 903922 164 1
99 30473 161 30473 161 1
100 97170 158 97170 158 1
101 954359 156 954359 156 1
102 75820 153 75820 153 1
103 132561 150 132561 150 1
104 989941 148 989941 148 1
105 90009 146 90009 146 1
106 106 143 106 143 1
107 262174 141 262174 141 1
108 998207 139 998207 139 1
109 109 136 109 136 1
110 858196 134 858196 134 1
111 179039 132 179039 132 1
112 415985 130 415985 130 1
113 892275 128 892275 128 1
114 114 126 114 126 1
115 814608 124 814608 124 1
116 315324 122 315324 122 1
117 469239 121 469239 121 1
118 426633 119 426633 119 1
119 257854 117 257854 117 1
120 296578 115 296578 115 1
121 121 114 121 114 1
122 687311 112 687311 112 1
123 648635 111 648635 111 1
124 617842 109 617842 109 1
125 885806 108 885806 108 1
126 441682 106 441682 106 1
127 306864 105 306864 105 1
128 570238 103 570238 103 1
129 69043 102 69043 102 1
130 63803 100 63803 100 1
131 128256 99 128256 99 1
132 348451 98 348451 98 1
133 74424 97 74424 97 1
134 312915 95 312915 95 1
135 876644 94 876644 94 1
136 878886 93 878886 93 1
137 911927 92 911927 92 1
138 790478 91 790478 91 1
139 995672 89 995672 89 1
140 426568 88 426568 88 1
141 793576 87 793576 87 1
142 380355 86 380355 86 1
143 540292 85 540292 85 1
144 817945 84 817945 84 1
145 145 83 145 83 1
146 211892 82 211892 82 1
147 640739 81 640739 81 1
148 146225 80 146225 80 1
149 179885 79 179885 79 1
150 150 78 150 78 1
151 374984 77 374984 77 1
152 471589 77 471589 77 1
153 153 76 153 76 1
154 326861 75 326861 75 1
155 480940 74 480940 74 1
156 156 73 156 73 1
157 524508 72 878899 72 0
158 878899 72 524508 72 0
159 721413 71 721413 71 1
160 497674 70 497674 70 1
161 635963 69 205864 69 0
162 205864 69 635963 69 0
163 689381 68 689381 68 1
164 39874 67 39874 67 1
165 323799 66 219357 66 0
166 219357 66 323799 66 0
167 425619 65 425619 65 1
168 79313 64 168 64 0
169 168 64 79313 64 0
170 799755 63 799755 63 1
171 680959 62 946002 62 0
172 946002 62 680959 62 0
173 173 61 173 61 1
174 820046 61 820046 61 1
175 877924 60 877924 60 1
176 26171 59 26171 59 1
177 124395 59 124395 59 1
178 807154 58 807154 58 1
179 179 58 179 58 1
180 576931 57 576931 57 1
181 730161 57 730161 57 1
182 776140 56 776140 56 1
183 184 55 184 55 1
184 164566 55 164566 55 1
185 290246 54 290246 54 1
186 459490 54 459490 54 1
187 662150 53 662150 53 1
188 518378 53 518378 53 1
189 712040 52 712040 52 1
190 592797 52 592797 52 1
191 150855 51 616414 51 0
192 697542 51 697542 51 1
193 616414 51 150855 51 0
194 452560 50 758750 50 0
195 758750 50 452560 50 0
196 880354 49 397851 49 0
197 397851 49 880354 49 0
198 998584 48 998584 48 1
199 92206 48 92206 48 1
200 466258 47 914662 47 0
201 200 47 466258 47 0
202 914662 47 200 47 0
203 391988 46 391988 46 1
204 41956 46 41956 46 1
205 875647 45 875647 45 1
206 11818 45 11818 45 1
207 221456 45 221456 45 1
208 312165 44 878956 44 0
209 825377 44 312165 44 0
210 878956 44 825377 44 0
211 650646 43 471029 43 0
212 471029 43 650646 43 0
213 222222 43 222222 43 1
214 38843 42 915342 42 0
215 809643 42 809643 42 1
216 915342 42 38843 42 0
217 335478 41 218 41 0
218 360514 41 335478 41 0
219 218 41 360514 41 0
220 850307 40 850307 40 1
221 184114 40 226053 40 0
222 226053 40 184114 40 0
223 223 39 223 39 1
224 586042 39 586042 39 1
225 399785 39 399785 39 1
226 74007 38 74007 38 1
227 437205 38 526420 38 0
228 526420 38 437205 38 0
229 87033 38 87033 38 1
230 690572 37 690572 37 1
231 647588 37 647588 37 1
232 232 37 232 37 1
233 464159 36 866496 36 0
234 258874 36 258874 36 1
235 866496 36 464159 36 0
236 632949 36 632949 36 1
237 947680 35 197584 35 0
238 197584 35 947680 35 0
239 875902 35 875902 35 1
240 239 35 239 35 1
241 242 34 63497 34 0
242 891719 34 933953 34 0
243 63497 34 891719 34 0
244 933953 34 242 34 0
245 664840 33 894737 33 0
246 60358 33 664840 33 0
247 894737 33 73270 33 0
248 73270 33 60358 33 0
249 249 32 469794 32 0
250 740512 32 433244 32 0
251 20087 32 20087 32 1
252 469794 32 740512 32 0
253 433244 32 249 32 0
254 488207 31 937773 31 0
255 937773 31 255 31 0
256 603036 31 603036 31 1
257 255 31 488207 31 0
258 821550 30 22731 30 0
259 22731 30 837509 30 0
260 273910 30 273910 30 1
261 837509 30 821550 30 0
262 334867 30 334867 30 1
263 916869 29 912485 29 0
264 601265 29 268 29 0
265 912485 29 343099 29 0
266 343099 29 601265 29 0
267 268 29 916869 29 0
268 895704 29 895704 29 1
269 516532 28 863986 28 0
270 271 28 516532 28 0
271 423622 28 423622 28 1
272 941569 28 941569 28 1
273 863986 28 271 28 0
274 604627 27 604627 27 1
275 430565 27 987761 27 0
276 772717 27 772717 27 1
277 726601 27 871021 27 0
278 871021 27 430565 27 0
279 987761 27 726601 27 0
280 305863 26 875586 26 0
281 212322 26 848878 26 0
282 419614 26 305863 26 0
283 875586 26 419614 26 0
284 848878 26 210910 26 0
285 210910 26 212322 26 0
286 353607 25 690795 25 0
287 947808 25 432616 25 0
288 432616 25 204023 25 0
289 690795 25 726510 25 0
290 204023 25 947808 25 0
291 726510 25 353607 25 0
292 209537 25 209537 25 1
293 255442 24 984713 24 0
294 151999 24 440501 24 0
295 942466 24 151999 24 0
296 853286 24 255442 24 0
297 984713 24 215822 24 0
298 440501 24 942466 24 0
299 215822 24 853286 24 0
300 698072 23 720354 23 0
301 306 23 302 23 0
302 386321 23 306 23 0
303 302 23 737872 23 0
304 720354 23 698072 23 0
305 674819 23 674819 23 1
306 737872 23 356480 23 0
307 356480 23 386321 23 0
308 345401 22 56217 22 0
309 846536 22 846536 22 1
310 56217 22 617354 22 0
311 351620 22 452061 22 0
312 31746 22 31746 22 1
313 617354 22 345401 22 0
314 605451 22 605451 22 1
315 452061 22 351620 22 0
316 866394 21 23746 21 0
317 448897 21 158097 21 0
318 883340 21 776652 21 0
319 158097 21 866394 21 0
320 23746 21 279280 21 0
321 279280 21 883340 21 0
322 331964 21 448897 21 0
323 776652 21 331964 21 0
324 915039 20 100872 20 0
325 923718 20 162602 20 0
326 220609 20 915039 20 0
327 162602 20 220609 20 0
328 446984 20 446984 20 1
329 100872 20 34982 20 0
330 211344 20 923718 20 0
331 825575 20 211344 20 0
332 931488 20 931488 20 1
333 34982 20 825575 20 0
334 239130 19 187727 19 0
335 170193 19 239130 19 0
336 340 19 170193 19 0
337 656350 19 876341 19 0
338 634827 19 799407 19 0
339 799407 19 655444 19 0
340 876341 19 656350 19 0
341 655444 19 634827 19 0
342 187727 19 340 19 0
343 331178 19 331178 19 1
344 442283 18 161801 18 0
345 540846 18 442283 18 0
346 161801 18 511352 18 0
347 982058 18 982058 18 1
348 179730 18 240287 18 0
349 917639 18 540846 18 0
350 511352 18 378737 18 0
351 621312 18 917639 18 0
352 118315 18 179730 18 0
353 378737 18 621312 18 0
354 240287 18 118315 18 0
355 830963 17 961012 17 0
356 219707 17 902175 17 0
357 961012 17 358063 17 0
358 358063 17 825109 17 0
359 902175 17 830963 17 0
360 361 17 540160 17 0
361 540160 17 948465 17 0
362 426319 17 219707 17 0
363 806172 17 104436 17 0
364 948465 17 361 17 0
365 104436 17 426319 17 0
366 825109 17 806172 17 0
367 606996 16 606996 16 1
368 381913 16 25983 16 0
369 330337 16 929603 16 0
370 940305 16 381913 16 0
371 25983 16 251987 16 0
372 579605 16 330337 16 0
373 850516 16 979321 16 0
374 297959 16 850516 16 0
375 929603 16 940305 16 0
376 979321 16 593513 16 0
377 251987 16 368 16 0
378 369 16 369 16 1
379 593513 16 297959 16 0
380 368 16 579605 16 0
381 998338 15 989422 15 0
382 36144 15 660801 15 0
383 179693 15 387 15 0
384 660801 15 180948 15 0
385 969925 15 52869 15 0
386 770508 15 481167 15 0
387 989422 15 998338 15 0
388 387 15 901154 15 0
389 481167 15 969925 15 0
390 759840 15 36144 15 0
391 901154 15 759840 15 0
392 382 15 179693 15 0
393 52869 15 382 15 0
394 180948 15 770508 15 0
395 866988 14 373457 14 0
396 406 14 245834 14 0
397 408789 14 406 14 0
398 410 14 72517 14 0
399 4777 14 866988 14 0
400 610850 14 610850 14 1
401 192685 14 192685 14 1
402 939890 14 562798 14 0
403 245834 14 482009 14 0
404 562798 14 401 14 0
405 844308 14 4777 14 0
406 482009 14 396 14 0
407 401 14 410 14 0
408 895515 14 939890 14 0
409 396 14 408789 14 0
410 373457 14 895515 14 0
411 72517 14 844308 14 0
412 716775 13 859611 13 0
413 643951 13 956135 13 0
414 620532 13 992761 13 0
415 992761 13 478810 13 0
416 478810 13 620532 13 0
417 186228 13 540110 13 0
418 859611 13 413 13 0
419 48193 13 20593 13 0
420 474844 13 911415 13 0
421 466847 13 474844 13 0
422 540110 13 466847 13 0
423 470258 13 470199 13 0
424 911415 13 470258 13 0
425 20593 13 716775 13 0
426 413 13 418 13 0
427 418 13 48193 13 0
428 956135 13 643951 13 0
429 470199 13 186228 13 0
430 2812 12 229284 12 0
431 265108 12 313670 12 0
432 842596 12 207807 12 0
433 250846 12 517254 12 0
434 451 12 893770 12 0
435 517254 12 265108 12 0
436 450 12 463177 12 0
437 893770 12 842596 12 0
438 313670 12 450 12 0
439 87859 12 342783 12 0
440 443 12 436 12 0
441 207807 12 250846 12 0
442 364246 12 434 12 0
443 229284 12 433 12 0
444 463177 12 87859 12 0
445 342783 12 231430 12 0
446 436 12 364246 12 0
447 434 12 557476 12 0
448 433 12 2812 12 0
449 557476 12 451 12 0
450 231430 12 443 12 0
451 37855 12 37855 12 1
452 470126 11 842964 11 0
453 986785 11 986785 11 1
454 670468 11 935730 11 0
455 52839 11 878180 11 0
456 335793 11 783047 11 0
457 842964 11 298926 11 0
458 150194 11 470126 11 0
459 972699 11 899880 11 0
460 935730 11 452 11 0
461 878180 11 576947 11 0
462 595238 11 231159 11 0
463 783047 11 875010 11 0
464 13874 11 770461 11 0
465 74351 11 13874 11 0
466 576947 11 234682 11 0
467 234682 11 74351 11 0
468 298926 11 599769 11 0
469 875010 11 52839 11 0
470 231159 11 150194 11 0
471 456 11 335793 11 0
472 599769 11 456 11 0
473 452 11 670468 11 0
474 899880 11 972699 11 0
475 770461 11 595238 11 0
476 989280 10 781883 10 0
477 823943 10 417933 10 0
478 494 10 52117 10 0
479 681227 10 403963 10 0
480 33610 10 489 10 0
481 499 10 153261 10 0
482 178870 10 178870 10 1
483 417933 10 484 10 0
484 840325 10 879067 10 0
485 629380 10 62206 10 0
486 169786 10 463712 10 0
487 62206 10 681227 10 0
488 250013 10 233731 10 0
489 403963 10 823943 10 0
490 52117 10 169786 10 0
491 171685 10 629380 10 0
492 781883 10 635448 10 0
493 197479 10 171685 10 0
494 348040 10 197479 10 0
495 128382 10 128382 10 1
496 489 10 33610 10 0
497 153261 10 989280 10 0
498 879067 10 499 10 0
499 488 10 840325 10 0
500 635448 10 250013 10 0
501 463712 10 494 10 0
502 484 10 488 10 0
503 233731 10 348040 10 0
504 646007 9 4294967295 0 0
505 331635 9 4294967295 0 0
506 527 9 4294967295 0 0
507 748348 9 4294967295 0 0
508 584935 9 4294967295 0 0
509 254775 9 4294967295 0 0
510 762175 9 4294967295 0 0
511 911598 9 4294967295 0 0
512 606413 9 4294967295 0 0
513 9973 9 4294967295 0 0
514 111102 9 4294967295 0 0
515 522 9 4294967295 0 0
516 511 9 4294967295 0 0
517 242363 9 4294967295 0 0
518 633780 9 4294967295 0 0
519 440627 9 4294967295 0 0
520 383 9 4294967295 0 0
521 889759 9 4294967295 0 0
522 862565 9 4294967295 0 0
523 226504 9 4294967295 0 0
524 604849 9 4294967295 0 0
525 179301 9 4294967295 0 0
526 991204 9 4294967295 0 0
527 90148 9 4294967295 0 0
528 400828 9 4294967295 0 0
529 26712 9 4294967295 0 0
530 195667 9 4294967295 0 0
531 404321 9 4294967295 0 0
532 222720 9 4294967295 0 0
533 211440 9 4294967295 0 0
534 199519 9 4294967295 0 0
535 416104 9 4294967295 0 0
536 919997 9 4294967295 0 0
537 412071 8 4294967295 0 0
538 167533 8 4294967295 0 0
539 477273 8 4294967295 0 0
540 562290 8 4294967295 0 0
541 818458 8 4294967295 0 0
542 574 8 4294967295 0 0
543 552971 8 4294967295 0 0
544 594806 8 4294967295 0 0
545 664406 8 4294967295 0 0
546 86201 8 4294967295 0 0
547 561 8 4294967295 0 0
548 562 8 4294967295 0 0
549 990391 8 4294967295 0 0
550 343832 8 4294967295 0 0
551 806857 8 4294967295 0 0
552 662558 8 4294967295 0 0
553 499016 8 4294967295 0 0
554 367939 8 4294967295 0 0
555 445055 8 4294967295 0 0
556 549796 8 4294967295 0 0
557 814279 8 4294967295 0 0
558 142107 8 4294967295 0 0
559 814947 8 4294967295 0 0
560 66774 8 4294967295 0 0
561 112633 8 4294967295 0 0
562 707243 8 4294967295 0 0
563 435013 8 4294967295 0 0
564 183039 8 4294967295 0 0
565 838144 8 4294967295 0 0
566 856860 8 4294967295 0 0
567 336914 8 4294967295 0 0
568 610562 8 4294967295 0 0
569 252324 8 4294967295 0 0
570 937022 8 4294967295 0 0
571 860616 8 4294967295 0 0
572 106522 8 4294967295 0 0
573 585278 8 4294967295 0 0
574 563675 8 4294967295 0 0
575 195912 8 4294967295 0 0
576 678039 8 4294967295 0 0
577 479622 7 4294967295 0 0
578 494192 7 4294967295 0 0
579 609 7 4294967295 0 0
580 607 7 4294967295 0 0
581 603675 7 4294967295 0 0
582 604 7 4294967295 0 0
583 226020 7 4294967295 0 0
584 276048 7 4294967295 0 0
585 108771 7 4294967295 0 0
586 571366 7 4294967295 0 0
587 426687 7 4294967295 0 0
588 448777 7 4294967295 0 0
589 473533 7 4294967295 0 0
590 288508 7 4294967295 0 0
591 964785 7 4294967295 0 0
592 850194 7 4294967295 0 0
593 217345 7 4294967295 0 0
594 62708 7 4294967295 0 0
595 937764 7 4294967295 0 0
596 967536 7 4294967295 0 0
597 292209 7 4294967295 0 0
598 66335 7 4294967295 0 0
599 987833 7 4294967295 0 0
600 971011 7 4294967295 0 0
601 189739 7 4294967295 0 0
602 265769 7 4294967295 0 0
603 530856 7 4294967295 0 0
604 84399 7 4294967295 0 0
