29999933 55555 0.000010
0 12880644 24957221 12880644 24946660 1
1 27546843 3119653 27546843 3118304 1
2 9421475 924342 9421475 923937 1
3 16985852 389957 16985852 389796 1
4 22381743 199658 22381743 199574 1
5 6601940 115543 6601940 115485 1
6 19167512 72762 19167512 72730 1
7 26082697 48745 26082697 48725 1
8 26349538 34235 26349538 34222 1
9 11920939 24957 11920939 24945 1
10 22928793 18751 22928793 18745 1
11 15931095 14443 15931095 14439 1
12 1737098 11360 1737098 11356 1
13 12709913 9095 12709913 9091 1
14 6899289 7395 6899289 7389 1
15 12822840 6093 12822840 6089 1
16 15555755 5080 15555755 5078 1
17 23762724 4279 23762724 4277 1
18 239425 3639 239425 3639 1
19 10863421 3120 10863421 3120 1
20 23383221 2695 23383221 2694 1
21 9377131 2344 9377131 2344 1
22 26050044 2051 26050044 2050 1
23 22904892 1805 22904892 1805 1
24 19530033 1597 19530033 1597 1
25 11211064 1420 11211064 1420 1
26 17740954 1268 17740954 1267 1
27 5354566 1137 5354566 1137 1
28 16024943 1023 16024943 1023 1
29 11113610 924 11113610 924 1
30 30 838 30 838 1
31 1082604 762 1082604 762 1
32 25065359 694 25065359 694 1
33 2588130 635 2588130 635 1
34 18986174 582 18986174 582 1
35 8649667 535 8649667 535 1
36 25514107 493 25514107 493 1
37 9868494 455 9868494 455 1
38 38 421 38 421 1
39 11422549 390 11422549 388 1
40 14303177 362 14303177 362 1
41 3828462 337 3828462 336 1
42 24252872 314 24252872 314 1
43 14750655 293 4294967295 0 0
44 2802450 274 4294967295 0 0
45 1298001 256 4294967295 0 0
46 46 240 4294967295 0 0
47 47 226 4294967295 0 0
48 18681442 212 4294967295 0 0
49 49 200 4294967295 0 0
50 50 188 4294967295 0 0
51 6816457 177 4294967295 0 0
52 52 168 4294967295 0 0
53 53 158 4294967295 0 0
54 8225765 150 4294967295 0 0
55 1648295 142 4294967295 0 0
56 15471384 135 4294967295 0 0
57 23408397 128 4294967295 0 0
58 16684339 122 4294967295 0 0
59 24930477 116 4294967295 0 0
60 60 110 4294967295 0 0
61 2545132 105 4294967295 0 0
62 20076035 100 4294967295 0 0
63 3757242 95 4294967295 0 0
64 4523835 91 4294967295 0 0
65 12261787 87 4294967295 0 0
66 26224558 83 4294967295 0 0
67 3609363 79 4294967295 0 0
68 21847821 76 4294967295 0 0
69 16769970 73 4294967295 0 0
70 2778429 70 4294967295 0 0
71 17551948 67 4294967295 0 0
72 72 64 4294967295 0 0
73 2542401 62 4294967295 0 0
74 20538485 59 4294967295 0 0
75 14983369 57 4294967295 0 0
76 6410511 55 4294967295 0 0
77 5962792 53 4294967295 0 0
78 11856306 51 4294967295 0 0
79 13323508 49 4294967295 0 0
80 26768642 47 4294967295 0 0
81 4130664 45 4294967295 0 0
82 19816319 44 4294967295 0 0
83 16074013 42 4294967295 0 0
84 15237081 41 4294967295 0 0
85 24750547 39 4294967295 0 0
86 29916443 38 4294967295 0 0
87 23271831 37 4294967295 0 0
88 8390058 35 4294967295 0 0
89 8952701 34 4294967295 0 0
90 12741616 33 4294967295 0 0
91 24591162 32 4294967295 0 0
92 3627928 31 4294967295 0 0
93 14497818 30 4294967295 0 0
94 94 29 4294967295 0 0
95 7209262 28 4294967295 0 0
96 97 27 4294967295 0 0
97 96 27 4294967295 0 0
98 760189 26 4294967295 0 0
99 13257601 25 4294967295 0 0
100 14195167 24 4294967295 0 0
101 27394373 24 4294967295 0 0
102 11764454 23 4294967295 0 0
103 21357780 22 4294967295 0 0
104 29221837 22 4294967295 0 0
105 5040814 21 4294967295 0 0
106 3962393 20 4294967295 0 0
107 1749327 20 4294967295 0 0
108 8684803 19 4294967295 0 0
109 22477060 19 4294967295 0 0
110 21080142 18 4294967295 0 0
111 25619535 18 4294967295 0 0
112 25352424 17 4294967295 0 0
113 20014391 17 4294967295 0 0
114 7925241 16 4294967295 0 0
115 3960631 16 4294967295 0 0
116 28023923 16 4294967295 0 0
117 10963587 15 4294967295 0 0
118 28491940 15 4294967295 0 0
119 26256108 14 4294967295 0 0
120 7384924 14 4294967295 0 0
121 4704416 14 4294967295 0 0
122 16358088 13 4294967295 0 0
123 16766850 13 4294967295 0 0
124 8550824 13 4294967295 0 0
125 3479274 12 4294967295 0 0
126 128 12 4294967295 0 0
127 28748605 12 4294967295 0 0
128 16704178 12 4294967295 0 0
129 13373539 11 4294967295 0 0
130 3940354 11 4294967295 0 0
131 23446078 11 4294967295 0 0
132 719787 11 4294967295 0 0
133 29610433 10 4294967295 0 0
134 22089672 10 4294967295 0 0
135 136 10 4294967295 0 0
136 10556052 10 4294967295 0 0
137 26392253 9 4294967295 0 0
138 7500276 9 4294967295 0 0
139 138 9 4294967295 0 0
140 137 9 4294967295 0 0
141 5105201 9 4294967295 0 0
142 15537223 9 4294967295 0 0
143 2519073 8 4294967295 0 0
