1000000 55555 0.000010
0 713165 388 713165 388 1
1 1 291 1 291 1
2 500475 240 500475 240 1
3 43295 195 43295 195 1
4 288337 190 288337 190 1
5 5 169 5 169 1
6 811995 157 811995 157 1
7 581037 137 581037 137 1
8 422708 137 422708 137 1
9 454023 131 454023 131 1
10 344854 120 344854 120 1
11 162370 118 162370 118 1
12 13 115 13 115 1
13 656366 110 656366 110 1
14 374059 100 374059 100 1
15 151953 98 278961 98 0
16 278961 98 151953 98 0
17 603003 95 603003 95 1
18 279048 94 279048 94 1
19 549444 89 831846 89 0
20 831846 89 549444 89 0
21 604339 86 604339 86 1
22 967024 85 967024 85 1
23 806435 83 806435 83 1
24 729111 83 729111 83 1
25 313696 81 313696 81 1
26 582955 78 582955 78 1
27 183943 77 183943 77 1
28 809067 75 472803 75 0
29 472803 75 809067 75 0
30 835493 73 835493 73 1
31 610297 73 610297 73 1
32 314060 70 711224 70 0
33 711224 70 314060 70 0
34 677947 69 452801 69 0
35 452801 69 330585 69 0
36 330585 69 677947 69 0
37 730035 67 730035 67 1
38 37 66 893567 66 0
39 893567 66 37 66 0
40 338292 65 338292 65 1
41 533212 64 533212 64 1
42 234666 62 234666 62 1
43 638830 61 292877 61 0
44 292877 61 638830 61 0
45 202603 60 202603 60 1
46 388464 59 321680 59 0
47 321680 59 388464 59 0
48 966109 59 966109 59 1
49 735519 58 735519 58 1
50 60041 57 60041 57 1
51 843347 57 843347 57 1
52 743624 56 743624 56 1
53 158612 55 158612 55 1
54 819512 55 819512 55 1
55 943515 54 943515 54 1
56 341525 54 497622 54 0
57 497622 54 341525 54 0
58 274045 53 274045 53 1
59 67 52 67 52 1
60 603924 51 397442 51 0
61 650301 51 650301 51 1
62 62 51 110375 51 0
63 327852 51 327852 51 1
64 110375 51 349707 51 0
65 349707 51 62 51 0
66 397442 51 603924 51 0
67 213133 50 213133 50 1
68 280093 50 280093 50 1
69 644947 49 644947 49 1
70 787035 48 787035 48 1
71 856802 47 780651 47 0
72 725410 47 856802 47 0
73 279584 47 279584 47 1
74 780651 47 945426 47 0
75 945426 47 442676 47 0
76 442676 47 725410 47 0
77 661175 46 534864 46 0
78 844980 46 844980 46 1
79 534864 46 661175 46 0
80 92754 46 92754 46 1
81 796821 45 84 45 0
82 127067 45 796821 45 0
83 729218 45 729218 45 1
84 98308 45 98308 45 1
85 84 45 127067 45 0
86 262174 44 262174 44 1
87 695804 44 695804 44 1
88 81 44 81 44 1
89 73134 43 989941 43 0
90 302259 43 92 43 0
91 989941 43 75820 43 0
92 829107 43 73134 43 0
93 92 43 302259 43 0
94 75820 43 829107 43 0
95 198636 42 198636 42 1
96 954359 42 954359 42 1
97 90009 42 90009 42 1
98 878755 41 80387 41 0
99 80387 41 878755 41 0
100 97170 40 97170 40 1
101 617842 40 872422 40 0
102 872422 40 617842 40 0
103 316664 39 602385 39 0
104 315324 39 315324 39 1
105 903922 39 316664 39 0
106 602385 39 109 39 0
107 146225 39 903922 39 0
108 814608 39 858196 39 0
109 858196 39 146225 39 0
110 109 39 814608 39 0
111 998207 38 296578 38 0
112 30473 38 128256 38 0
113 128256 38 892275 38 0
114 817945 38 911927 38 0
115 296578 38 106 38 0
116 415985 38 30473 38 0
117 911927 38 415985 38 0
118 106 38 817945 38 0
119 892275 38 998207 38 0
120 878886 38 878886 38 1
121 995672 37 790478 37 0
122 648635 37 648635 37 1
123 306864 37 995672 37 0
124 790478 37 114 37 0
125 114 37 306864 37 0
126 885806 36 441682 36 0
127 570238 36 570238 36 1
128 74424 36 348451 36 0
129 179039 36 257854 36 0
130 326861 36 150 36 0
131 121 36 326861 36 0
132 150 36 179039 36 0
133 441682 36 121 36 0
134 348451 36 74424 36 0
135 257854 36 885806 36 0
136 179885 35 179885 35 1
137 132561 35 469239 35 0
138 39874 35 132561 35 0
139 820046 35 820046 35 1
140 469239 35 39874 35 0
141 721413 34 480940 34 0
142 687311 34 205864 34 0
143 69043 34 168 34 0
144 426633 34 721413 34 0
145 63803 34 69043 34 0
146 480940 34 687311 34 0
147 635963 34 635963 34 1
148 168 34 63803 34 0
149 205864 34 426633 34 0
150 219357 33 877924 33 0
151 712040 33 426568 33 0
152 616414 33 876644 33 0
153 524508 33 452560 33 0
154 877924 33 878899 33 0
155 211892 33 219357 33 0
156 426568 33 616414 33 0
157 497674 33 459490 33 0
158 173 33 173 33 1
159 452560 33 524508 33 0
160 425619 33 712040 33 0
161 876644 33 211892 33 0
162 459490 33 425619 33 0
163 680959 33 680959 33 1
164 878899 33 497674 33 0
165 179 32 290246 32 0
166 689381 32 807154 32 0
167 807154 32 374984 32 0
168 799755 32 540292 32 0
169 290246 32 179 32 0
170 380355 32 758750 32 0
171 540292 32 380355 32 0
172 374984 32 689381 32 0
173 793576 32 184 32 0
174 184 32 164566 32 0
175 758750 32 799755 32 0
176 662150 32 662150 32 1
177 164566 32 793576 32 0
178 397851 31 156 31 0
179 312165 31 150855 31 0
180 150855 31 79313 31 0
181 79313 31 576931 31 0
182 153 31 397851 31 0
183 156 31 312165 31 0
184 576931 31 153 31 0
185 124395 30 312915 30 0
186 312915 30 471589 30 0
187 471589 30 518378 30 0
188 518378 30 124395 30 0
189 998584 30 875647 30 0
190 875647 30 998584 30 0
191 145 29 880354 29 0
192 469794 29 41956 29 0
193 776140 29 232 29 0
194 914662 29 391988 29 0
195 334867 29 223 29 0
196 60358 29 145 29 0
197 87033 29 360514 29 0
198 640739 29 632949 29 0
199 360514 29 87033 29 0
200 880354 29 469794 29 0
201 41956 29 60358 29 0
202 232 29 226053 29 0
203 223 29 334867 29 0
204 273910 29 640739 29 0
205 226053 29 273910 29 0
206 632949 29 914662 29 0
207 391988 29 776140 29 0
208 730161 28 946002 28 0
209 323799 28 73270 28 0
210 38843 28 871021 28 0
211 74007 28 74007 28 1
212 592797 28 730161 28 0
213 92206 28 258874 28 0
214 875902 28 947680 28 0
215 258874 28 323799 28 0
216 526420 28 11818 28 0
217 947680 28 92206 28 0
218 11818 28 38843 28 0
219 73270 28 592797 28 0
220 871021 28 875902 28 0
221 946002 28 526420 28 0
222 63497 27 772717 27 0
223 488207 27 878956 27 0
224 878956 27 200 27 0
225 464159 27 63497 27 0
226 698072 27 488207 27 0
227 825377 27 268 27 0
228 268 27 647588 27 0
229 915342 27 825377 27 0
230 200 27 698072 27 0
231 941569 27 464159 27 0
232 306 27 306 27 1
233 647588 27 915342 27 0
234 772717 27 941569 27 0
235 218 27 218 27 1
236 875586 26 184114 26 0
237 56217 26 516532 26 0
238 891719 26 850307 26 0
239 850307 26 809643 26 0
240 866496 26 821550 26 0
241 516532 26 866496 26 0
242 184114 26 697542 26 0
243 197584 26 399785 26 0
244 399785 26 56217 26 0
245 809643 26 305863 26 0
246 221456 26 20087 26 0
247 821550 26 255442 26 0
248 697542 26 197584 26 0
249 933953 26 603036 26 0
250 20087 26 825575 26 0
251 255442 26 221456 26 0
252 650646 26 891719 26 0
253 837509 26 440501 26 0
254 740512 26 650646 26 0
255 603036 26 837509 26 0
256 825575 26 933953 26 0
257 440501 26 740512 26 0
258 305863 26 875586 26 0
259 271 25 343099 25 0
260 279280 25 961012 25 0
261 430565 25 437205 25 0
262 605451 25 894737 25 0
263 923718 25 605451 25 0
264 586042 25 26171 25 0
265 158097 25 279280 25 0
266 209537 25 982058 25 0
267 219707 25 222222 25 0
268 471029 25 726601 25 0
269 211344 25 433244 25 0
270 343099 25 211344 25 0
271 982058 25 586042 25 0
272 894737 25 271 25 0
273 222222 25 853286 25 0
274 26171 25 690572 25 0
275 853286 25 923718 25 0
276 726601 25 239130 25 0
277 776652 25 776652 25 1
278 433244 25 471029 25 0
279 690572 25 219707 25 0
280 437205 25 209537 25 0
281 239130 25 158097 25 0
282 961012 25 430565 25 0
283 212322 24 448897 24 0
284 540846 24 255 24 0
285 335478 24 249 24 0
286 331178 24 466258 24 0
287 448897 24 601265 24 0
288 863986 24 215822 24 0
289 466258 24 863986 24 0
290 413 24 356480 24 0
291 912485 24 419614 24 0
292 22731 24 22731 24 1
293 674819 24 621312 24 0
294 895704 24 895704 24 1
295 419614 24 540846 24 0
296 621312 24 606996 24 0
297 356480 24 442283 24 0
298 255 24 335478 24 0
299 442283 24 912485 24 0
300 601265 24 984713 24 0
301 606996 24 674819 24 0
302 984713 24 664840 24 0
303 664840 24 212322 24 0
304 331964 24 331178 24 0
305 215822 24 413 24 0
306 249 24 331964 24 0
307 432616 23 302 23 0
308 210910 23 917639 23 0
309 229284 23 229284 23 1
310 242 23 358063 23 0
311 917639 23 361 23 0
312 916869 23 242 23 0
313 361 23 916869 23 0
314 690795 23 34982 23 0
315 373457 23 351620 23 0
316 351620 23 876341 23 0
317 452061 23 313670 23 0
318 604627 23 452061 23 0
319 245834 23 604627 23 0
320 313670 23 210910 23 0
321 947808 23 245834 23 0
322 931488 23 931488 23 1
323 876341 23 947808 23 0
324 726510 23 593513 23 0
325 302 23 720354 23 0
326 358063 23 929603 23 0
327 401 23 883340 23 0
328 720354 23 617354 23 0
329 883340 23 432616 23 0
330 929603 23 401 23 0
331 593513 23 386321 23 0
332 386321 23 726510 23 0
333 34982 23 690795 23 0
334 617354 23 373457 23 0
335 940305 23 940305 23 1
336 433 22 937773 22 0
337 434 22 450 22 0
338 297959 22 915039 22 0
339 450 22 345401 22 0
340 330337 22 540110 22 0
341 408789 22 297959 22 0
342 937773 22 759840 22 0
343 406 22 161801 22 0
344 540110 22 470199 22 0
345 179730 22 406 22 0
346 656350 22 100872 22 0
347 426319 22 408789 22 0
348 342783 22 340 22 0
349 345401 22 239 22 0
350 180948 22 423622 22 0
351 987761 22 987761 22 1
352 62206 22 342783 22 0
353 895515 22 162602 22 0
354 162602 22 179730 22 0
355 599769 22 434 22 0
356 239 22 187727 22 0
357 31746 22 656350 22 0
358 759840 22 426319 22 0
359 161801 22 180948 22 0
360 100872 22 433 22 0
361 187727 22 599769 22 0
362 915039 22 31746 22 0
363 470199 22 330337 22 0
364 423622 22 62206 22 0
365 340 22 895515 22 0
366 655444 21 799407 21 0
367 250846 21 830963 21 0
368 381913 21 846536 21 0
369 231159 21 250846 21 0
370 387 21 87859 21 0
371 446984 21 866988 21 0
372 846536 21 850516 21 0
373 998338 21 848878 21 0
374 866988 21 186228 21 0
375 866394 21 298926 21 0
376 151999 21 540160 21 0
377 848878 21 655444 21 0
378 20593 21 470258 21 0
379 540160 21 378737 21 0
380 410 21 989422 21 0
381 660801 21 204023 21 0
382 830963 21 634827 21 0
383 470258 21 446984 21 0
384 634827 21 436 21 0
385 989422 21 806172 21 0
386 204023 21 387 21 0
387 806172 21 643951 21 0
388 220609 21 482009 21 0
389 353607 21 231159 21 0
390 643951 21 866394 21 0
391 416104 21 220609 21 0
392 436 21 381913 21 0
393 482009 21 353607 21 0
394 298926 21 998338 21 0
395 850516 21 416104 21 0
396 799407 21 20593 21 0
397 378737 21 660801 21 0
398 186228 21 151999 21 0
399 87859 21 410 21 0
400 557476 20 901154 20 0
401 199519 20 368 20 0
402 169786 20 470126 20 0
403 13874 20 499016 20 0
404 211440 20 26712 20 0
405 418 20 52869 20 0
406 856860 20 4777 20 0
407 793559 20 478810 20 0
408 150194 20 935730 20 0
409 609 20 178870 20 0
410 26712 20 823943 20 0
411 240287 20 240287 20 1
412 737872 20 150194 20 0
413 251987 20 856860 20 0
414 4777 20 737872 20 0
415 770461 20 770461 20 1
416 368 20 585278 20 0
417 369 20 369 20 1
418 499016 20 609 20 0
419 484 20 418 20 0
420 935730 20 484 20 0
421 562798 20 169786 20 0
422 478810 20 562798 20 0
423 823943 20 251987 20 0
424 178870 20 36144 20 0
425 901154 20 793559 20 0
426 585278 20 211440 20 0
427 470126 20 557476 20 0
428 635448 20 13874 20 0
429 52869 20 199519 20 0
430 36144 20 635448 20 0
431 23746 19 440627 19 0
432 481167 19 412071 19 0
433 451 19 948465 19 0
434 893770 19 517254 19 0
435 489 19 195667 19 0
436 37855 19 179693 19 0
437 517254 19 549796 19 0
438 265769 19 956135 19 0
439 878180 19 991204 19 0
440 549796 19 878180 19 0
441 576947 19 336914 19 0
442 440627 19 207807 19 0
443 522 19 443 19 0
444 412071 19 576947 19 0
445 463177 19 604849 19 0
446 511 19 875010 19 0
447 991204 19 522 19 0
448 33610 19 404321 19 0
449 195667 19 222720 19 0
450 207807 19 762175 19 0
451 179301 19 396 19 0
452 956135 19 112633 19 0
453 396 19 400828 19 0
454 404321 19 463712 19 0
455 477273 19 48193 19 0
456 770508 19 354555 19 0
457 179693 19 37855 19 0
458 48193 19 550478 19 0
459 842964 19 451 19 0
460 234682 19 563675 19 0
461 265108 19 939890 19 0
462 972699 19 33610 19 0
463 948465 19 62708 19 0
464 354555 19 128382 19 0
465 604849 19 511 19 0
466 336914 19 179301 19 0
467 153261 19 463177 19 0
468 875010 19 265108 19 0
469 222720 19 153261 19 0
470 939890 19 288508 19 0
471 550478 19 234682 19 0
472 112633 19 489 19 0
473 563675 19 481167 19 0
474 762175 19 842964 19 0
475 443 19 511352 19 0
476 288508 19 972699 19 0
477 62708 19 477273 19 0
478 400828 19 893770 19 0
479 511352 19 265769 19 0
480 595238 19 770508 19 0
481 118315 19 23746 19 0
482 463712 19 118315 19 0
483 128382 19 595238 19 0
484 250013 18 807529 18 0
485 806857 18 579605 18 0
486 527983 18 142107 18 0
487 231430 18 347383 18 0
488 123534 18 228018 18 0
489 606413 18 964785 18 0
490 681227 18 259736 18 0
491 937022 18 627 18 0
492 914522 18 899880 18 0
493 807529 18 474844 18 0
494 586 18 896995 18 0
495 512347 18 681227 18 0
496 74351 18 242363 18 0
497 259736 18 889759 18 0
498 347383 18 123534 18 0
499 942466 18 233731 18 0
500 571366 18 571366 18 1
501 192685 18 606413 18 0
502 879067 18 604 18 0
503 604 18 817905 18 0
504 899880 18 192685 18 0
505 889759 18 527983 18 0
506 633780 18 479622 18 0
507 242363 18 26377 18 0
508 171685 18 494192 18 0
509 716775 18 586 18 0
510 343133 18 633780 18 0
511 985065 18 937022 18 0
512 964785 18 250013 18 0
513 627 18 838144 18 0
514 422447 18 985065 18 0
515 594 18 25983 18 0
516 838144 18 716775 18 0
517 331635 18 231430 18 0
518 111102 18 422447 18 0
519 479622 18 914522 18 0
520 702 18 74351 18 0
521 104436 18 111102 18 0
522 614869 18 594 18 0
523 26377 18 331635 18 0
524 142107 18 104436 18 0
525 228018 18 879067 18 0
526 474844 18 702 18 0
527 25983 18 299692 18 0
528 902175 18 902175 18 1
529 579605 18 343133 18 0
530 594806 18 942466 18 0
531 620532 18 512347 18 0
532 494192 18 620532 18 0
533 896995 18 171685 18 0
534 817905 18 864948 18 0
535 299692 18 594806 18 0
536 783047 18 806857 18 0
537 233731 18 614869 18 0
538 864948 18 783047 18 0
539 121058 17 252324 17 0
540 393199 17 694137 17 0
541 818458 17 424072 17 0
542 90148 17 137863 17 0
543 226504 17 382746 17 0
544 814947 17 452 17 0
545 581208 17 382 17 0
546 137863 17 237014 17 0
547 814279 17 74625 17 0
548 781883 17 907798 17 0
549 803 17 393199 17 0
550 445055 17 456 17 0
551 435013 17 610562 17 0
552 994158 17 581208 17 0
553 921840 17 707 17 0
554 646007 17 193599 17 0
555 403963 17 217345 17 0
556 610562 17 781883 17 0
557 992761 17 803 17 0
558 217345 17 784579 17 0
559 382746 17 2812 17 0
560 74625 17 195912 17 0
561 911598 17 818458 17 0
562 825109 17 629380 17 0
563 907798 17 992761 17 0
564 466847 17 71626 17 0
565 956695 17 307385 17 0
566 399390 17 509725 17 0
567 252324 17 937764 17 0
568 71626 17 90148 17 0
569 335793 17 445055 17 0
570 237014 17 343832 17 0
571 862565 17 987833 17 0
572 375534 17 925724 17 0
573 707 17 403963 17 0
574 748348 17 527 17 0
575 844308 17 375534 17 0
576 784579 17 814279 17 0
577 662558 17 986785 17 0
578 860616 17 911598 17 0
579 342127 17 794032 17 0
580 41913 17 466847 17 0
581 562655 17 141279 17 0
582 193599 17 562655 17 0
583 664406 17 860616 17 0
584 382 17 956695 17 0
585 383 17 662558 17 0
586 545230 17 488 17 0
587 2812 17 825109 17 0
588 527 17 862565 17 0
589 881870 17 170193 17 0
590 307385 17 994158 17 0
591 343832 17 646007 17 0
592 197479 17 383 17 0
593 276048 17 399390 17 0
594 417933 17 41913 17 0
595 72517 17 276048 17 0
596 424072 17 417933 17 0
597 195912 17 226504 17 0
598 170193 17 342127 17 0
599 509725 17 664406 17 0
600 141279 17 844308 17 0
601 794032 17 748348 17 0
602 456 17 392030 17 0
603 452 17 435013 17 0
604 927797 17 545230 17 0
605 925724 17 121058 17 0
606 937764 17 927797 17 0
607 694137 17 197479 17 0
608 986785 17 814947 17 0
609 488 17 881870 17 0
610 629380 17 72517 17 0
611 392030 17 335793 17 0
612 987833 17 921840 17 0
613 348028 16 259548 16 0
614 784683 16 562290 16 0
615 759 16 728360 16 0
616 753 16 417240 16 0
617 606685 16 715 16 0
618 962447 16 938262 16 0
619 808596 16 441074 16 0
620 707243 16 580940 16 0
621 426687 16 654649 16 0
622 673127 16 584935 16 0
623 749 16 674619 16 0
624 938262 16 732258 16 0
625 319069 16 52117 16 0
626 562290 16 47900 16 0
627 737 16 859611 16 0
628 919997 16 962447 16 0
629 722 16 940946 16 0
630 840325 16 264563 16 0
631 715 16 678039 16 0
632 842596 16 635579 16 0
633 441074 16 606685 16 0
634 728360 16 749 16 0
635 940946 16 842596 16 0
636 494 16 579633 16 0
637 920988 16 222777 16 0
638 499 16 318133 16 0
639 8023 16 264237 16 0
640 318133 16 364512 16 0
641 579633 16 327123 16 0
642 979321 16 722 16 0
643 281572 16 406391 16 0
644 222777 16 319069 16 0
645 850194 16 520811 16 0
646 945219 16 671 16 0
647 272888 16 309635 16 0
648 367939 16 707243 16 0
649 732258 16 883826 16 0
650 364512 16 715947 16 0
651 295615 16 181645 16 0
652 570706 16 561 16 0
653 732212 16 808596 16 0
654 934569 16 878750 16 0
655 354701 16 574 16 0
656 66774 16 499 16 0
657 647104 16 813 16 0
658 859611 16 911057 16 0
659 353403 16 945219 16 0
660 715947 16 734933 16 0
661 264237 16 335176 16 0
662 135262 16 426687 16 0
663 47900 16 759 16 0
664 674619 16 969925 16 0
665 520811 16 226020 16 0
666 333821 16 135262 16 0
667 181645 16 737 16 0
668 106522 16 84399 16 0
669 911057 16 979321 16 0
670 813 16 272888 16 0
671 406391 16 348028 16 0
672 580940 16 647104 16 0
673 635579 16 8023 16 0
674 31667 16 850194 16 0
675 327123 16 673127 16 0
676 878750 16 281572 16 0
677 403287 16 570706 16 0
678 872763 16 367939 16 0
679 561 16 919997 16 0
680 883826 16 494 16 0
681 584935 16 784683 16 0
682 687552 16 106522 16 0
683 654649 16 66774 16 0
684 671 16 353403 16 0
685 52117 16 31667 16 0
686 734933 16 840325 16 0
687 264563 16 333821 16 0
688 259548 16 295615 16 0
689 417240 16 934569 16 0
690 678039 16 687552 16 0
691 309635 16 732212 16 0
692 335176 16 872763 16 0
693 226020 16 403287 16 0
694 574 16 920988 16 0
695 84399 16 354701 16 0
696 969925 16 753 16 0
697 896724 15 168968 15 0
698 6065 15 907226 15 0
699 376013 15 957670 15 0
700 28031 15 759814 15 0
701 82496 15 801718 15 0
702 108771 15 76960 15 0
703 304755 15 111220 15 0
704 600253 15 47355 15 0
705 907226 15 386431 15 0
706 401173 15 990391 15 0
707 1028 15 304755 15 0
708 254775 15 73615 15 0
709 770 15 468821 15 0
710 111533 15 292209 15 0
711 498009 15 770 15 0
712 183039 15 376013 15 0
713 238806 15 238806 15 1
714 164761 15 713734 15 0
715 168968 15 332858 15 0
716 52839 15 647231 15 0
717 833141 15 670257 15 0
718 468821 15 833250 15 0
719 957670 15 274913 15 0
720 647231 15 52839 15 0
721 86201 15 405182 15 0
722 935336 15 540446 15 0
723 540446 15 600253 15 0
724 610850 15 824513 15 0
725 47355 15 278561 15 0
726 140405 15 929031 15 0
727 990391 15 859 15 0
728 859 15 911415 15 0
729 435328 15 598308 15 0
730 178571 15 935336 15 0
731 488136 15 763 15 0
732 245555 15 435328 15 0
733 824513 15 971070 15 0
734 524462 15 498009 15 0
735 594976 15 245555 15 0
736 307263 15 896724 15 0
737 789031 15 6065 15 0
738 405182 15 392895 15 0
739 539962 15 584 15 0
740 964 15 140405 15 0
741 811 15 963394 15 0
742 828344 15 789031 15 0
743 904232 15 183039 15 0
744 424207 15 307263 15 0
745 386431 15 585 15 0
746 929176 15 254775 15 0
747 763 15 904232 15 0
748 598308 15 735 15 0
749 568450 15 964 15 0
750 230594 15 907422 15 0
751 584 15 832557 15 0
752 585 15 530856 15 0
753 174168 15 602074 15 0
754 578406 15 990 15 0
755 832557 15 176658 15 0
756 759814 15 488136 15 0
757 857436 15 954610 15 0
758 963394 15 86201 15 0
759 801718 15 1028 15 0
760 338674 15 851703 15 0
761 111220 15 167533 15 0
762 167533 15 929176 15 0
763 911415 15 857436 15 0
764 907422 15 524462 15 0
765 670257 15 178571 15 0
766 530856 15 833141 15 0
767 278561 15 348040 15 0
768 332858 15 174168 15 0
769 971070 15 678 15 0
770 713734 15 596 15 0
771 833250 15 423369 15 0
772 423369 15 610850 15 0
773 322429 15 828344 15 0
774 929031 15 230594 15 0
775 851703 15 322429 15 0
776 596 15 811 15 0
777 76960 15 338674 15 0
778 990 15 568450 15 0
779 348040 15 583 15 0
780 954610 15 111533 15 0
781 292209 15 164761 15 0
782 602074 15 594976 15 0
783 678 15 424207 15 0
784 735 15 108771 15 0
785 392895 15 82496 15 0
786 73615 15 539962 15 0
787 583 15 578406 15 0
788 176658 15 401173 15 0
789 274913 15 28031 15 0
790 336514 14 1078 14 0
791 9973 14 448777 14 0
792 59697 14 514199 14 0
793 1068 14 57258 14 0
794 809374 14 949298 14 0
795 281699 14 1200 14 0
796 23570 14 667622 14 0
797 1003 14 257701 14 0
798 820481 14 9973 14 0
799 172076 14 792 14 0
800 616915 14 879 14 0
801 440467 14 301289 14 0
802 43513 14 881 14 0
803 710867 14 609575 14 0
804 262207 14 655068 14 0
805 862 14 612051 14 0
806 661547 14 81185 14 0
807 612051 14 549853 14 0
808 11972 14 44427 14 0
809 267969 14 1031 14 0
810 737009 14 88612 14 0
811 45182 14 43513 14 0
812 963223 14 269845 14 0
813 41539 14 712234 14 0
814 1045 14 829912 14 0
815 696721 14 809374 14 0
816 653931 14 438454 14 0
817 609575 14 710867 14 0
818 88612 14 545199 14 0
819 284081 14 745222 14 0
820 257701 14 603957 14 0
821 1080 14 785 14 0
822 417690 14 80844 14 0
823 763715 14 700865 14 0
824 905 14 150301 14 0
825 435500 14 1003 14 0
826 617569 14 696721 14 0
827 562 14 601327 14 0
828 885278 14 223638 14 0
829 561574 14 928499 14 0
830 879 14 1150 14 0
831 188591 14 765801 14 0
832 80844 14 821 14 0
833 57258 14 1346 14 0
834 223638 14 25990 14 0
835 319920 14 688813 14 0
836 945 14 737009 14 0
837 969990 14 831709 14 0
838 631937 14 417690 14 0
839 603957 14 550084 14 0
840 607 14 748124 14 0
841 881 14 166121 14 0
842 817688 14 969990 14 0
843 1078 14 172076 14 0
844 57244 14 59697 14 0
845 695399 14 664 14 0
846 655068 14 616915 14 0
847 913 14 96926 14 0
848 881669 14 285758 14 0
849 200122 14 262207 14 0
850 227464 14 731388 14 0
851 667622 14 825636 14 0
852 514199 14 440467 14 0
853 214896 14 731098 14 0
854 886544 14 945 14 0
855 364246 14 66335 14 0
856 602494 14 561574 14 0
857 731388 14 631937 14 0
858 227090 14 943120 14 0
859 838573 14 695399 14 0
860 993381 14 336514 14 0
861 328277 14 978000 14 0
862 550084 14 885278 14 0
863 448777 14 603029 14 0
864 724353 14 41539 14 0
865 66335 14 913 14 0
866 777078 14 838573 14 0
867 327348 14 835 14 0
868 301289 14 365959 14 0
869 700865 14 881669 14 0
870 67323 14 224768 14 0
871 688813 14 12807 14 0
872 829912 14 791326 14 0
873 285758 14 544247 14 0
874 44427 14 57244 14 0
875 319254 14 336021 14 0
876 25990 14 886544 14 0
877 545199 14 214896 14 0
878 195346 14 724353 14 0
879 726223 14 562 14 0
880 365959 14 993381 14 0
881 1346 14 319254 14 0
882 978000 14 209235 14 0
883 928499 14 763715 14 0
884 634791 14 11972 14 0
885 150301 14 327348 14 0
886 604783 14 227090 14 0
887 791326 14 634791 14 0
888 664 14 777078 14 0
889 438454 14 284081 14 0
890 765801 14 67323 14 0
891 745222 14 539068 14 0
892 601327 14 328277 14 0
893 712234 14 844 14 0
894 336021 14 259348 14 0
895 943120 14 661547 14 0
896 224768 14 899892 14 0
897 518535 14 1045 14 0
898 821 14 617569 14 0
899 967536 14 708130 14 0
900 209235 14 820481 14 0
901 603029 14 905 14 0
902 166121 14 188591 14 0
903 1200 14 267969 14 0
904 708130 14 749926 14 0
905 1031 14 364246 14 0
906 1150 14 281699 14 0
907 835 14 319920 14 0
908 899892 14 602494 14 0
909 748124 14 1068 14 0
910 516025 14 653931 14 0
911 549853 14 726223 14 0
912 259348 14 516025 14 0
913 844 14 227464 14 0
914 81185 14 452345 14 0
915 269845 14 23570 14 0
916 825636 14 967536 14 0
917 12807 14 1080 14 0
918 785 14 45182 14 0
919 544247 14 604783 14 0
920 749926 14 195346 14 0
921 452345 14 435500 14 0
922 792 14 963223 14 0
923 831709 14 817688 14 0
924 539068 14 607 14 0
925 731098 14 518535 14 0
926 96926 14 629 14 0
927 629 14 200122 14 0
928 949298 14 862 14 0
929 728529 13 483271 13 0
930 653527 13 167069 13 0
931 507293 13 919 13 0
932 483271 13 653814 13 0
933 909150 13 681201 13 0
934 600301 13 210273 13 0
935 1040 13 909150 13 0
936 1049 13 169460 13 0
937 132452 13 585353 13 0
938 834703 13 1122 13 0
939 1006 13 349367 13 0
940 169460 13 220266 13 0
941 931672 13 1126 13 0
942 67803 13 734 13 0
943 613735 13 971011 13 0
944 90765 13 129919 13 0
945 1225 13 246366 13 0
946 464126 13 673762 13 0
947 1236 13 934712 13 0
948 349367 13 809964 13 0
949 220266 13 17263 13 0
950 439014 13 854288 13 0
951 1266 13 806567 13 0
952 1274 13 473533 13 0
953 1282 13 668409 13 0
954 889048 13 464126 13 0
955 795109 13 834849 13 0
956 1311 13 607431 13 0
957 1201 13 262627 13 0
958 246366 13 411781 13 0
959 230268 13 148605 13 0
960 204101 13 959376 13 0
961 846748 13 834703 13 0
962 1353 13 290310 13 0
963 659670 13 283020 13 0
964 829814 13 320604 13 0
965 995142 13 762738 13 0
966 607431 13 770963 13 0
967 203729 13 888327 13 0
968 203935 13 1006 13 0
969 483492 13 1392 13 0
970 1392 13 813352 13 0
971 766352 13 203729 13 0
972 923091 13 1266 13 0
973 1126 13 1225 13 0
974 806567 13 864546 13 0
975 159821 13 840360 13 0
976 888327 13 806 13 0
977 813352 13 368012 13 0
978 41542 13 200000 13 0
979 419443 13 549380 13 0
980 673762 13 431738 13 0
981 834849 13 829329 13 0
982 445288 13 845502 13 0
983 549380 13 373076 13 0
984 668409 13 928620 13 0
985 754414 13 160441 13 0
986 417721 13 445288 13 0
987 1122 13 180619 13 0
988 585353 13 419443 13 0
989 42825 13 725374 13 0
990 148605 13 820161 13 0
991 210273 13 317229 13 0
992 563418 13 846748 13 0
993 829329 13 203935 13 0
994 720865 13 921670 13 0
995 658112 13 1353 13 0
996 401540 13 923091 13 0
997 1586 13 159821 13 0
998 317229 13 59980 13 0
999 458115 13 970670 13 0
1000 725374 13 485840 13 0
1001 25091 13 41542 13 0
1002 381249 13 42825 13 0
1003 603675 13 766352 13 0
1004 840360 13 795109 13 0
1005 100268 13 741154 13 0
1006 854288 13 364822 13 0
1007 163464 13 658112 13 0
1008 247861 13 405666 13 0
1009 129919 13 401540 13 0
1010 431738 13 311747 13 0
1011 762738 13 443692 13 0
1012 311747 13 653527 13 0
1013 283020 13 11754 13 0
1014 989280 13 720865 13 0
1015 653693 13 829814 13 0
1016 320604 13 90765 13 0
1017 405666 13 1049 13 0
1018 826 13 204101 13 0
1019 76645 13 1282 13 0
1020 734 13 299198 13 0
1021 485840 13 403083 13 0
1022 653814 13 627283 13 0
1023 17263 13 286057 13 0
1024 262627 13 659670 13 0
1025 741154 13 277306 13 0
1026 353066 13 507293 13 0
1027 809964 13 542180 13 0
1028 919 13 603675 13 0
1029 167069 13 670468 13 0
1030 364822 13 1311 13 0
1031 443692 13 746033 13 0
1032 200000 13 1040 13 0
1033 290310 13 1274 13 0
1034 921670 13 653693 13 0
1035 180619 13 67803 13 0
1036 299198 13 100268 13 0
1037 368012 13 272280 13 0
1038 160441 13 230268 13 0
1039 11754 13 304195 13 0
1040 990723 13 439014 13 0
1041 277306 13 458115 13 0
1042 403083 13 34548 13 0
1043 180567 13 247861 13 0
1044 934712 13 419134 13 0
1045 806 13 180567 13 0
1046 304195 13 417721 13 0
1047 670468 13 958149 13 0
1048 34548 13 25091 13 0
1049 770963 13 990723 13 0
1050 959376 13 889048 13 0
1051 958149 13 483492 13 0
1052 59980 13 754414 13 0
1053 820161 13 381249 13 0
1054 845502 13 232502 13 0
1055 971011 13 563418 13 0
1056 681201 13 989280 13 0
1057 864546 13 600301 13 0
1058 473533 13 728529 13 0
1059 970670 13 613735 13 0
1060 928620 13 76645 13 0
1061 272280 13 1201 13 0
1062 411781 13 1236 13 0
1063 419134 13 353066 13 0
1064 542180 13 931672 13 0
1065 286057 13 132452 13 0
1066 232502 13 1586 13 0
1067 746033 13 826 13 0
1068 627283 13 163464 13 0
1069 373076 13 995142 13 0
1070 621602 12 274057 12 0
1071 105012 12 555550 12 0
1072 940896 12 83824 12 0
1073 56124 12 878409 12 0
1074 743611 12 168303 12 0
1075 45711 12 141688 12 0
1076 146655 12 412313 12 0
1077 601889 12 16918 12 0
1078 381093 12 402643 12 0
1079 987768 12 178729 12 0
1080 1516 12 883332 12 0
1081 38702 12 912874 12 0
1082 746162 12 235103 12 0
1083 567655 12 661729 12 0
1084 928319 12 311393 12 0
1085 262356 12 136955 12 0
1086 480007 12 736983 12 0
1087 708226 12 50473 12 0
1088 997775 12 571152 12 0
1089 394015 12 587096 12 0
1090 233967 12 933324 12 0
1091 624716 12 394015 12 0
1092 94331 12 1442 12 0
1093 196700 12 530323 12 0
1094 376750 12 196700 12 0
1095 508681 12 491645 12 0
1096 512298 12 772262 12 0
1097 411782 12 534358 12 0
1098 951940 12 472582 12 0
1099 638196 12 226913 12 0
1100 566122 12 906 12 0
1101 816104 12 175258 12 0
1102 402643 12 855413 12 0
1103 1215 12 271072 12 0
1104 30758 12 133060 12 0
1105 732574 12 198708 12 0
1106 695817 12 56124 12 0
1107 204670 12 552971 12 0
1108 516357 12 1076 12 0
1109 923424 12 676 12 0
1110 61799 12 601889 12 0
1111 29065 12 940896 12 0
1112 648056 12 521895 12 0
1113 954153 12 363969 12 0
1114 1534 12 812280 12 0
1115 419055 12 314976 12 0
1116 230227 12 1017 12 0
1117 226913 12 638823 12 0
1118 39450 12 105012 12 0
1119 9123 12 49295 12 0
1120 928940 12 194731 12 0
1121 1442 12 900122 12 0
1122 446842 12 469644 12 0
1123 849207 12 274745 12 0
1124 878409 12 702933 12 0
1125 255538 12 923424 12 0
1126 117005 12 835870 12 0
1127 687525 12 937 12 0
1128 553498 12 513170 12 0
1129 865775 12 74534 12 0
1130 912874 12 523800 12 0
1131 20337 12 61799 12 0
1132 640071 12 625747 12 0
1133 707100 12 928319 12 0
1134 390223 12 656712 12 0
1135 189739 12 182653 12 0
1136 927518 12 732574 12 0
1137 701962 12 621297 12 0
1138 376634 12 1315 12 0
1139 412313 12 119707 12 0
1140 587096 12 64532 12 0
1141 1381 12 851840 12 0
1142 133060 12 516357 12 0
1143 772262 12 566122 12 0
1144 309469 12 849207 12 0
1145 64532 12 404702 12 0
1146 98587 12 626652 12 0
1147 504510 12 764456 12 0
1148 824574 12 504510 12 0
1149 530323 12 30758 12 0
1150 469644 12 20337 12 0
1151 510339 12 997775 12 0
1152 209879 12 146655 12 0
1153 118810 12 295832 12 0
1154 534934 12 701962 12 0
1155 344461 12 98587 12 0
1156 1278 12 595624 12 0
1157 363969 12 536868 12 0
1158 388382 12 695817 12 0
1159 571152 12 824574 12 0
1160 1272 12 632405 12 0
1161 946083 12 987768 12 0
1162 684365 12 66490 12 0
1163 595624 12 94331 12 0
1164 835870 12 9123 12 0
1165 513170 12 113928 12 0
1166 274057 12 1516 12 0
1167 537573 12 1033 12 0
1168 855413 12 974541 12 0
1169 523800 12 307741 12 0
1170 59140 12 117005 12 0
1171 236592 12 429088 12 0
1172 34733 12 956068 12 0
1173 128926 12 128926 12 1
1174 198708 12 71544 12 0
1175 551148 12 802879 12 0
1176 765684 12 567655 12 0
1177 659009 12 390223 12 0
1178 900122 12 45711 12 0
1179 271072 12 163437 12 0
1180 676 12 512298 12 0
1181 1315 12 708226 12 0
1182 625747 12 397228 12 0
1183 782162 12 376750 12 0
1184 141688 12 344461 12 0
1185 861246 12 118810 12 0
1186 71544 12 310453 12 0
1187 552971 12 480007 12 0
1188 1892 12 21509 12 0
1189 764456 12 236592 12 0
1190 812280 12 599666 12 0
1191 491645 12 419055 12 0
1192 736983 12 648056 12 0
1193 686521 12 838083 12 0
1194 472582 12 244930 12 0
1195 656712 12 861246 12 0
1196 883332 12 962 12 0
1197 182653 12 135209 12 0
1198 66490 12 80759 12 0
1199 1033 12 63684 12 0
1200 63684 12 376634 12 0
1201 656695 12 1215 12 0
1202 962 12 534934 12 0
1203 74534 12 743611 12 0
1204 120321 12 255538 12 0
1205 178729 12 230227 12 0
1206 838083 12 954153 12 0
1207 175258 12 189739 12 0
1208 621297 12 928940 12 0
1209 1076 12 951940 12 0
1210 638823 12 381093 12 0
1211 802879 12 453946 12 0
1212 937 12 1892 12 0
1213 136955 12 659009 12 0
1214 119707 12 233967 12 0
1215 536868 12 263934 12 0
1216 376854 12 29065 12 0
1217 235103 12 204670 12 0
1218 168303 12 262356 12 0
1219 453946 12 687525 12 0
1220 702933 12 861218 12 0
1221 80759 12 551148 12 0
1222 429088 12 38702 12 0
1223 933324 12 640071 12 0
1224 906 12 947 12 0
1225 404702 12 59140 12 0
1226 397228 12 39450 12 0
1227 80654 12 240071 12 0
1228 263934 12 865775 12 0
1229 83824 12 684365 12 0
1230 657096 12 624716 12 0
1231 947 12 1272 12 0
1232 861218 12 508681 12 0
1233 728103 12 156549 12 0
1234 974541 12 294583 12 0
1235 845 12 553498 12 0
1236 521895 12 782162 12 0
1237 661729 12 537573 12 0
1238 50473 12 657252 12 0
1239 1924 12 656695 12 0
1240 657252 12 621602 12 0
1241 310453 12 80654 12 0
1242 314976 12 309469 12 0
1243 1169 12 686521 12 0
1244 599666 12 1381 12 0
1245 49295 12 95354 12 0
1246 851840 12 845 12 0
1247 294583 12 946083 12 0
1248 956068 12 638196 12 0
1249 244930 12 34733 12 0
1250 311393 12 1169 12 0
1251 274745 12 914184 12 0
1252 295832 12 120321 12 0
1253 163437 12 728103 12 0
1254 135209 12 927518 12 0
1255 113928 12 657096 12 0
1256 21509 12 1278 12 0
1257 534358 12 1924 12 0
1258 156549 12 411782 12 0
1259 626652 12 1534 12 0
1260 914184 12 446842 12 0
1261 307741 12 765684 12 0
1262 95354 12 707100 12 0
1263 1017 12 510339 12 0
1264 240071 12 746162 12 0
1265 194731 12 388382 12 0
1266 16918 12 209879 12 0
1267 555550 12 376854 12 0
1268 632405 12 816104 12 0
1269 971953 11 705128 11 0
1270 2204 11 1790 11 0
1271 123877 11 391492 11 0
1272 808007 11 565286 11 0
1273 491933 11 2225 11 0
1274 663291 11 580740 11 0
1275 416060 11 448668 11 0
1276 546601 11 388490 11 0
1277 850601 11 959097 11 0
1278 90381 11 927404 11 0
1279 1790 11 2204 11 0
1280 998563 11 444064 11 0
1281 94839 11 289635 11 0
1282 623022 11 1074 11 0
1283 531831 11 188555 11 0
1284 495811 11 1123 11 0
1285 496055 11 1149 11 0
1286 991885 11 729634 11 0
1287 1710 11 779541 11 0
1288 665080 11 666809 11 0
1289 90326 11 1333 11 0
1290 739484 11 1082 11 0
1291 1422 11 2221 11 0
1292 744571 11 1100 11 0
1293 2178 11 396309 11 0
1294 306292 11 993883 11 0
1295 602699 11 558399 11 0
1296 1738 11 403700 11 0
1297 388490 11 1269 11 0
1298 1429 11 931620 11 0
1299 287364 11 850601 11 0
1300 153540 11 951678 11 0
1301 666809 11 734562 11 0
1302 117826 11 542411 11 0
1303 895211 11 2178 11 0
1304 286175 11 1389 11 0
1305 950328 11 252329 11 0
1306 780555 11 602452 11 0
1307 892377 11 1710 11 0
1308 1829 11 375165 11 0
1309 837596 11 887445 11 0
1310 567252 11 658814 11 0
1311 329735 11 159578 11 0
1312 776892 11 671132 11 0
1313 44438 11 182571 11 0
1314 2140 11 276203 11 0
1315 927404 11 605938 11 0
1316 889495 11 616979 11 0
1317 774461 11 941368 11 0
1318 980166 11 293770 11 0
1319 395364 11 933694 11 0
1320 841148 11 877504 11 0
1321 64882 11 524630 11 0
1322 146541 11 607796 11 0
1323 963198 11 159618 11 0
1324 557243 11 474371 11 0
1325 743623 11 150505 11 0
1326 245740 11 713896 11 0
1327 641337 11 781955 11 0
1328 42412 11 963198 11 0
1329 94157 11 438287 11 0
1330 39361 11 473134 11 0
1331 396309 11 776892 11 0
1332 597968 11 52676 11 0
1333 479190 11 603991 11 0
1334 189129 11 328026 11 0
1335 307353 11 343380 11 0
1336 612373 11 133445 11 0
1337 375165 11 858434 11 0
1338 98173 11 342722 11 0
1339 1954 11 1864 11 0
1340 893243 11 418002 11 0
1341 767722 11 79414 11 0
1342 708822 11 788557 11 0
1343 779541 11 960370 11 0
1344 1570 11 654471 11 0
1345 449828 11 64882 11 0
1346 966998 11 491933 11 0
1347 438287 11 2923 11 0
1348 434968 11 1874 11 0
1349 71848 11 950328 11 0
1350 139080 11 253265 11 0
1351 603991 11 777 11 0
1352 519769 11 780555 11 0
1353 602452 11 561147 11 0
1354 443712 11 808007 11 0
1355 183008 11 247598 11 0
1356 479541 11 932168 11 0
1357 781955 11 630062 11 0
1358 725510 11 991885 11 0
1359 384266 11 595017 11 0
1360 891587 11 891587 11 1
1361 2221 11 787927 11 0
1362 933694 11 817543 11 0
1363 970443 11 708822 11 0
1364 602314 11 597968 11 0
1365 1874 11 663291 11 0
1366 182571 11 348309 11 0
1367 852858 11 443712 11 0
1368 59108 11 584863 11 0
1369 188555 11 861236 11 0
1370 838692 11 940090 11 0
1371 1864 11 980166 11 0
1372 672175 11 735247 11 0
1373 166901 11 581216 11 0
1374 418002 11 1258 11 0
1375 668975 11 225003 11 0
1376 558399 11 94839 11 0
1377 515677 11 735449 11 0
1378 858434 11 911897 11 0
1379 348309 11 1954 11 0
1380 804085 11 221447 11 0
1381 768371 11 892377 11 0
1382 671132 11 743623 11 0
1383 603182 11 306292 11 0
1384 79414 11 895211 11 0
1385 940090 11 837596 11 0
1386 122812 11 1422 11 0
1387 384943 11 1192 11 0
1388 145184 11 845919 11 0
1389 941368 11 2048 11 0
1390 2923 11 510919 11 0
1391 584863 11 852858 11 0
1392 663164 11 145184 11 0
1393 959097 11 998563 11 0
1394 670968 11 189129 11 0
1395 660976 11 139080 11 0
1396 2225 11 971953 11 0
1397 2048 11 432072 11 0
1398 1202 11 774461 11 0
1399 885710 11 318758 11 0
1400 595017 11 670968 11 0
1401 133445 11 1084 11 0
1402 197876 11 221743 11 0
1403 469961 11 602314 11 0
1404 510919 11 142500 11 0
1405 899476 11 384266 11 0
1406 524630 11 495811 11 0
1407 761237 11 395364 11 0
1408 176469 11 307353 11 0
1409 413670 11 420391 11 0
1410 99084 11 280175 11 0
1411 565286 11 660976 11 0
1412 1192 11 176469 11 0
1413 159578 11 56887 11 0
1414 931620 11 1133 11 0
1415 159618 11 734928 11 0
1416 758374 11 557243 11 0
1417 498173 11 196980 11 0
1418 474371 11 632631 11 0
1419 252329 11 533639 11 0
1420 937573 11 44438 11 0
1421 542411 11 620737 11 0
1422 552396 11 620676 11 0
1423 444064 11 879531 11 0
1424 23641 11 416060 11 0
1425 845919 11 1829 11 0
1426 658814 11 552835 11 0
1427 1269 11 563294 11 0
1428 1258 11 656517 11 0
1429 318758 11 1570 11 0
1430 911897 11 1202 11 0
1431 777 11 581081 11 0
1432 52676 11 183008 11 0
1433 488258 11 469961 11 0
1434 620737 11 90381 11 0
1435 734928 11 496055 11 0
1436 879531 11 297560 11 0
1437 225003 11 768371 11 0
1438 121184 11 345391 11 0
1439 817543 11 481539 11 0
1440 861236 11 353382 11 0
1441 581216 11 136495 11 0
1442 605938 11 641337 11 0
1443 561147 11 470312 11 0
1444 1082 11 515677 11 0
1445 111887 11 762390 11 0
1446 607796 11 487424 11 0
1447 1041 11 286175 11 0
1448 293770 11 98173 11 0
1449 552835 11 832319 11 0
1450 898337 11 190034 11 0
1451 735449 11 173871 11 0
1452 1052 11 59108 11 0
1453 1084 11 739484 11 0
1454 541785 11 1429 11 0
1455 993883 11 893243 11 0
1456 871125 11 126428 11 0
1457 142500 11 842843 11 0
1458 787927 11 602699 11 0
1459 481539 11 663164 11 0
1460 632631 11 542038 11 0
1461 887445 11 99084 11 0
1462 1074 11 804085 11 0
1463 684514 11 153540 11 0
1464 630062 11 122812 11 0
1465 126428 11 871125 11 0
1466 289635 11 665080 11 0
1467 960370 11 197876 11 0
1468 605864 11 1052 11 0
1469 1149 11 672175 11 0
1470 353382 11 413208 11 0
1471 173871 11 42412 11 0
1472 542812 11 479541 11 0
1473 163749 11 580379 11 0
1474 1133 11 948887 11 0
1475 412756 11 548913 11 0
1476 425994 11 123877 11 0
1477 425626 11 361753 11 0
1478 1123 11 612373 11 0
1479 713896 11 425994 11 0
1480 253265 11 166901 11 0
1481 581081 11 758374 11 0
1482 705128 11 536069 11 0
1483 391492 11 725510 11 0
1484 734562 11 287364 11 0
1485 580379 11 121184 11 0
1486 542038 11 1738 11 0
1487 580740 11 498173 11 0
1488 1100 11 368372 11 0
1489 654471 11 937573 11 0
1490 864702 11 88569 11 0
1491 563294 11 668975 11 0
1492 735247 11 1307 11 0
1493 328026 11 146541 11 0
1494 548913 11 841148 11 0
1495 297560 11 531831 11 0
1496 729634 11 479190 11 0
1497 1307 11 39361 11 0
1498 190034 11 413670 11 0
1499 221447 11 1041 11 0
1500 470312 11 684514 11 0
1501 656517 11 546601 11 0
1502 1374 11 552396 11 0
1503 342722 11 88509 11 0
1504 762390 11 1374 11 0
1505 877504 11 541785 11 0
1506 196980 11 2140 11 0
1507 343380 11 889495 11 0
1508 533639 11 1341 11 0
1509 88509 11 744571 11 0
1510 832319 11 567252 11 0
1511 448668 11 117826 11 0
1512 280175 11 838692 11 0
1513 842843 11 245740 11 0
1514 1341 11 329735 11 0
1515 788557 11 71848 11 0
1516 150505 11 970443 11 0
1517 620676 11 94157 11 0
1518 88569 11 767722 11 0
1519 487424 11 623022 11 0
1520 1333 11 519769 11 0
1521 432072 11 434968 11 0
1522 221743 11 605864 11 0
1523 1389 11 542812 11 0
1524 403700 11 966998 11 0
1525 136495 11 449828 11 0
1526 932168 11 488258 11 0
1527 536069 11 384943 11 0
1528 473134 11 885710 11 0
1529 368372 11 898337 11 0
1530 361753 11 163749 11 0
1531 948887 11 864702 11 0
1532 413208 11 603182 11 0
1533 616979 11 111887 11 0
1534 247598 11 90326 11 0
1535 345391 11 899476 11 0
1536 420391 11 761237 11 0
1537 276203 11 368180 11 0
1538 951678 11 23641 11 0
1539 56887 11 412756 11 0
1540 368180 11 425626 11 0
1541 859257 10 4294967295 0 0
1542 556374 10 4294967295 0 0
1543 272193 10 4294967295 0 0
1544 1735 10 4294967295 0 0
1545 1761 10 4294967295 0 0
1546 755981 10 4294967295 0 0
1547 72198 10 4294967295 0 0
1548 392346 10 4294967295 0 0
1549 57329 10 4294967295 0 0
1550 677779 10 4294967295 0 0
1551 1018 10 4294967295 0 0
1552 2258 10 4294967295 0 0
1553 354523 10 4294967295 0 0
1554 847846 10 4294967295 0 0
1555 488238 10 4294967295 0 0
1556 1765 10 4294967295 0 0
1557 306921 10 4294967295 0 0
1558 128654 10 4294967295 0 0
1559 929387 10 4294967295 0 0
1560 867093 10 4294967295 0 0
1561 862390 10 4294967295 0 0
1562 487843 10 4294967295 0 0
1563 2570 10 4294967295 0 0
1564 693124 10 4294967295 0 0
1565 582522 10 4294967295 0 0
1566 947910 10 4294967295 0 0
1567 758884 10 4294967295 0 0
1568 414138 10 4294967295 0 0
1569 908398 10 4294967295 0 0
1570 540408 10 4294967295 0 0
1571 912220 10 4294967295 0 0
1572 840532 10 4294967295 0 0
1573 679327 10 4294967295 0 0
1574 888231 10 4294967295 0 0
1575 2160 10 4294967295 0 0
1576 331435 10 4294967295 0 0
1577 705476 10 4294967295 0 0
1578 514406 10 4294967295 0 0
1579 344113 10 4294967295 0 0
1580 69475 10 4294967295 0 0
1581 241111 10 4294967295 0 0
1582 161841 10 4294967295 0 0
1583 317740 10 4294967295 0 0
1584 470089 10 4294967295 0 0
1585 1700 10 4294967295 0 0
1586 2625 10 4294967295 0 0
1587 361083 10 4294967295 0 0
1588 173582 10 4294967295 0 0
1589 546427 10 4294967295 0 0
1590 239961 10 4294967295 0 0
1591 673167 10 4294967295 0 0
1592 577572 10 4294967295 0 0
1593 2169 10 4294967295 0 0
1594 429269 10 4294967295 0 0
1595 908343 10 4294967295 0 0
1596 312131 10 4294967295 0 0
1597 958437 10 4294967295 0 0
1598 826427 10 4294967295 0 0
1599 78427 10 4294967295 0 0
1600 546478 10 4294967295 0 0
1601 544459 10 4294967295 0 0
1602 677692 10 4294967295 0 0
1603 648451 10 4294967295 0 0
1604 24613 10 4294967295 0 0
1605 343236 10 4294967295 0 0
1606 33768 10 4294967295 0 0
1607 264055 10 4294967295 0 0
1608 197111 10 4294967295 0 0
1609 171832 10 4294967295 0 0
1610 524298 10 4294967295 0 0
1611 589011 10 4294967295 0 0
1612 763371 10 4294967295 0 0
1613 318104 10 4294967295 0 0
1614 475493 10 4294967295 0 0
1615 538298 10 4294967295 0 0
1616 1825 10 4294967295 0 0
1617 539101 10 4294967295 0 0
1618 880983 10 4294967295 0 0
1619 912346 10 4294967295 0 0
1620 1967 10 4294967295 0 0
1621 631527 10 4294967295 0 0
1622 970753 10 4294967295 0 0
1623 803456 10 4294967295 0 0
1624 973091 10 4294967295 0 0
1625 1816 10 4294967295 0 0
1626 807116 10 4294967295 0 0
1627 223571 10 4294967295 0 0
1628 131287 10 4294967295 0 0
1629 388850 10 4294967295 0 0
1630 524867 10 4294967295 0 0
1631 759631 10 4294967295 0 0
1632 402998 10 4294967295 0 0
1633 367940 10 4294967295 0 0
1634 373025 10 4294967295 0 0
1635 423526 10 4294967295 0 0
1636 1859 10 4294967295 0 0
1637 905242 10 4294967295 0 0
1638 643961 10 4294967295 0 0
1639 759564 10 4294967295 0 0
1640 224838 10 4294967295 0 0
1641 499371 10 4294967295 0 0
