29988979 55555 0.000010
0 12880644 15288051 12880644 15277618 1
1 27546843 4545165 27546843 4542041 1
2 9421475 2235579 9421475 2234107 1
3 16985852 1351286 16985852 1350366 1
4 22381743 914439 22381743 913834 1
5 6601940 664641 6601940 664172 1
6 19167512 507494 19167512 507140 1
7 26082697 401740 26082697 401466 1
8 26349538 326910 26349538 326703 1
9 11920939 271864 11920939 271673 1
10 22928793 230099 22928793 229967 1
11 15931095 197599 15931095 197470 1
12 1737098 171772 1737098 171676 1
13 12709913 150879 12709913 150766 1
14 6899289 133719 6899289 133620 1
15 12822840 119438 12822840 119356 1
16 15555755 107415 15555755 107355 1
17 23762724 97191 23762724 97124 1
18 239425 88417 239425 88355 1
19 10863421 80826 10863421 80784 1
20 23383221 74211 23383221 74158 1
21 9377131 68409 9377131 68369 1
22 26050044 63289 26050044 63246 1
23 22904892 58747 22904892 58710 1
24 19530033 54696 19530033 54667 1
25 11211064 51068 11211064 51020 1
26 17740954 47804 17740954 47770 1
27 5354566 44857 5354566 44827 1
28 16024943 42185 16024943 42161 1
29 11113610 39755 11113610 39725 1
30 30 37538 30 37507 1
31 1082604 35509 1082604 35491 1
32 25065359 33647 25065359 33625 1
33 2588130 31935 2588130 31910 1
34 18986174 30355 18986174 30328 1
35 8649667 28895 8649667 28877 1
36 25514107 27542 25514107 27525 1
37 9868494 26286 9868494 26268 1
38 38 25118 38 25094 1
39 11422549 24030 11422549 24015 1
40 14303177 23013 14303177 23001 1
41 3828462 22063 3828462 22050 1
42 24252872 21173 24252872 21159 1
43 14750655 20338 14750655 20324 1
44 2802450 19554 2802450 19538 1
45 1298001 18816 1298001 18804 1
46 46 18121 46 18111 1
47 47 17465 47 17454 1
48 18681442 16846 18681442 16837 1
49 49 16261 49 16255 1
50 50 15707 50 15695 1
51 6816457 15183 6816457 15176 1
52 52 14685 52 14673 1
53 53 14212 53 14195 1
54 8225765 13763 8225765 13757 1
55 1648295 13336 1648295 13331 1
56 15471384 12929 15471384 12918 1
57 23408397 12542 23408397 12535 1
58 16684339 12172 16684339 12160 1
59 24930477 11819 24930477 11807 1
60 60 11482 60 11475 1
61 2545132 11160 2545132 11153 1
62 20076035 10852 20076035 10848 1
63 3757242 10557 3757242 10549 1
64 4523835 10274 4523835 10268 1
65 12261787 10003 12261787 9995 1
66 26224558 9744 26224558 9736 1
67 3609363 9494 3609363 9490 1
68 21847821 9255 21847821 9247 1
69 16769970 9025 16769970 9016 1
70 2778429 8803 2778429 8797 1
71 17551948 8591 17551948 8585 1
72 72 8386 72 8377 1
73 2542401 8188 2542401 8184 1
74 20538485 7998 20538485 7993 1
75 14983369 7815 14983369 7807 1
76 6410511 7638 6410511 7634 1
77 5962792 7468 5962792 7465 1
78 11856306 7303 11856306 7297 1
79 13323508 7144 13323508 7142 1
80 26768642 6990 26768642 6983 1
81 4130664 6842 4130664 6838 1
82 19816319 6698 19816319 6695 1
83 16074013 6559 16074013 6554 1
84 15237081 6425 15237081 6418 1
85 24750547 6295 24750547 6293 1
86 29916443 6169 29916443 6167 1
87 23271831 6047 23271831 6042 1
88 8390058 5928 8390058 5924 1
89 8952701 5813 8952701 5804 1
90 12741616 5702 12741616 5697 1
91 24591162 5594 24591162 5589 1
92 3627928 5489 3627928 5486 1
93 14497818 5387 14497818 5384 1
94 94 5289 94 5286 1
95 7209262 5193 7209262 5191 1
96 96 5099 96 5094 1
97 97 5008 97 5007 1
98 760189 4920 760189 4918 1
99 13257601 4835 13257601 4834 1
100 14195167 4751 14195167 4747 1
101 27394373 4670 27394373 4668 1
102 11764454 4591 11764454 4587 1
103 29221837 4514 29221837 4508 1
104 21357780 4439 21357780 4436 1
105 5040814 4366 5040814 4363 1
106 3962393 4295 3962393 4291 1
107 1749327 4225 1749327 4222 1
108 22477060 4158 22477060 4154 1
109 8684803 4092 8684803 4089 1
110 25619535 4028 25619535 4027 1
111 21080142 3965 21080142 3963 1
112 25352424 3904 25352424 3903 1
113 20014391 3844 20014391 3840 1
114 7925241 3786 7925241 3784 1
115 28023923 3729 28023923 3724 1
116 3960631 3673 3960631 3672 1
117 10963587 3619 10963587 3617 1
118 28491940 3566 28491940 3565 1
119 26256108 3514 26256108 3513 1
120 4704416 3463 4704416 3462 1
121 7384924 3414 7384924 3410 1
122 16358088 3365 16358088 3364 1
123 8550824 3318 8550824 3318 1
124 16766850 3272 16766850 3272 1
125 16704178 3226 16704178 3224 1
126 28748605 3182 28748605 3181 1
127 3479274 3139 3479274 3137 1
128 128 3096 128 3095 1
129 23446078 3055 23446078 3054 1
130 3940354 3014 3940354 3012 1
131 13373539 2974 13373539 2972 1
132 719787 2935 719787 2934 1
133 22089672 2897 22089672 2896 1
134 10556052 2859 10556052 2858 1
135 29610433 2823 29610433 2821 1
136 136 2787 136 2786 1
137 137 2751 137 2751 1
138 138 2717 138 2716 1
139 15537223 2683 15537223 2679 1
140 7500276 2650 7500276 2650 1
141 26392253 2617 26392253 2615 1
142 5105201 2585 5105201 2584 1
143 14578241 2554 14578241 2553 1
144 26757603 2523 26757603 2520 1
145 20249505 2493 20249505 2491 1
146 2519073 2463 2519073 2459 1
147 23642344 2434 23642344 2432 1
148 148 2406 148 2403 1
149 26329406 2378 26329406 2377 1
150 26947901 2350 26947901 2350 1
151 5781663 2323 5781663 2321 1
152 25344244 2297 25344244 2295 1
153 153 2271 153 2268 1
154 8377063 2245 8377063 2245 1
155 12266863 2220 12266863 2220 1
156 156 2195 156 2195 1
157 10828741 2171 10828741 2169 1
158 10494470 2147 10494470 2147 1
159 14974439 2124 14974439 2120 1
160 26525176 2101 26525176 2099 1
161 28626298 2078 28626298 2078 1
162 20171621 2056 20171621 2053 1
163 24306644 2034 24306644 2031 1
164 6661238 2013 6661238 2012 1
165 6701179 1991 6701179 1989 1
166 24054367 1971 24054367 1969 1
167 6241810 1950 6241810 1949 1
168 1165133 1930 1165133 1928 1
169 3644547 1910 3644547 1910 1
170 170 1891 170 1890 1
171 171 1871 171 1871 1
172 172 1853 172 1853 1
173 173 1834 173 1833 1
174 4114119 1816 4114119 1815 1
175 4886400 1798 4886400 1798 1
176 20250036 1780 20250036 1777 1
177 8728406 1762 8728406 1762 1
178 178 1745 178 1743 1
179 4508961 1728 4508961 1725 1
180 18005736 1712 18005736 1707 1
181 8253663 1695 8253663 1694 1
182 19425206 1679 19425206 1677 1
183 19590502 1663 19590502 1663 1
184 22711993 1647 22711993 1647 1
185 18624590 1632 18624590 1632 1
186 29930297 1617 29930297 1617 1
187 4251970 1602 4251970 1602 1
188 188 1587 188 1587 1
189 16016351 1572 16016351 1569 1
190 28434083 1558 28434083 1557 1
191 20184874 1544 20184874 1543 1
192 2765921 1530 2765921 1529 1
193 10985552 1516 10985552 1514 1
194 13419510 1502 13419510 1501 1
195 16185481 1489 16185481 1489 1
196 196 1476 196 1474 1
197 7870173 1463 7870173 1463 1
198 26881824 1450 26881824 1449 1
199 26053874 1437 26053874 1436 1
200 10727682 1425 10727682 1424 1
201 5987573 1412 5987573 1412 1
202 24359866 1400 24359866 1400 1
203 10755321 1388 10755321 1387 1
204 21817719 1377 21817719 1376 1
205 205 1365 205 1363 1
206 19821572 1353 19821572 1353 1
207 16247166 1342 16247166 1341 1
208 9646106 1331 9646106 1329 1
209 15359114 1320 15359114 1317 1
210 210 1309 210 1308 1
211 21368233 1298 21368233 1296 1
212 21738812 1287 21738812 1287 1
213 26509886 1277 26509886 1277 1
214 26855632 1266 26855632 1266 1
215 246490 1256 246490 1255 1
216 216 1246 216 1246 1
217 15475682 1236 15475682 1236 1
218 28049505 1226 28049505 1225 1
219 6737268 1217 6737268 1217 1
220 220 1207 220 1206 1
221 17843088 1197 17843088 1196 1
222 14671368 1188 14671368 1187 1
223 8167668 1179 8167668 1179 1
224 21830191 1170 21830191 1170 1
225 225 1161 225 1159 1
226 22925838 1152 22925838 1151 1
227 26424121 1143 26424121 1143 1
228 18633729 1134 18633729 1134 1
229 22178833 1125 22178833 1122 1
230 11914168 1117 11914168 1117 1
231 231 1109 231 1109 1
232 15226415 1100 15226415 1098 1
233 5954439 1092 5954439 1092 1
234 9964436 1084 9964436 1084 1
235 7389618 1076 7389618 1073 1
236 10939150 1068 10939150 1068 1
237 6784700 1060 6784700 1060 1
238 29478443 1052 29478443 1052 1
239 12620193 1045 12620193 1045 1
240 24982073 1037 24982073 1036 1
241 27682258 1030 27682258 1030 1
242 1156600 1022 1156600 1022 1
243 14110250 1015 14110250 1014 1
244 830707 1008 830707 1006 1
245 6124478 1000 6124478 999 1
246 23160761 993 23160761 993 1
247 26673947 986 26673947 985 1
248 19350002 979 19350002 978 1
249 249 973 249 973 1
250 7862376 966 7862376 966 1
251 5695678 959 5695678 957 1
252 1710768 953 1710768 953 1
253 253 946 253 946 1
254 12471756 940 12471756 940 1
255 7046361 933 7046361 932 1
256 2180915 927 2180915 927 1
257 6418013 920 6418013 918 1
258 258 914 258 914 1
259 218116 908 218116 908 1
260 10647130 902 10647130 902 1
261 11131011 896 11131011 895 1
262 20780294 890 20780294 890 1
263 4136774 884 4136774 884 1
264 14412648 878 14412648 876 1
265 29261404 873 29261404 873 1
266 20912741 867 20912741 867 1
267 10238097 861 10238097 860 1
268 21692198 856 21692198 854 1
269 7503612 850 7503612 850 1
270 13878188 845 13878188 844 1
271 22395217 839 22395217 838 1
272 16509770 834 16509770 834 1
273 2268541 828 2268541 828 1
274 27923282 823 27923282 823 1
275 275 818 275 818 1
276 14040021 813 14040021 812 1
277 29281098 808 29281098 807 1
278 1932349 803 1932349 803 1
279 12008074 798 12008074 795 1
280 280 793 280 793 1
281 26764680 788 26764680 787 1
282 14660294 783 14660294 783 1
283 7580130 778 7580130 778 1
284 4465163 773 4465163 772 1
285 18488958 769 18488958 769 1
286 5285796 764 5285796 764 1
287 2872132 759 2872132 759 1
288 18558957 755 18558957 754 1
289 2775730 750 2775730 750 1
290 1337471 746 1337471 745 1
291 13905811 741 13905811 741 1
292 11936784 737 11936784 736 1
293 18629118 732 18629118 732 1
294 16566525 728 16566525 728 1
295 10001649 724 10001649 724 1
296 17321781 719 17321781 718 1
297 18648718 715 18648718 713 1
298 24801928 711 24801928 710 1
299 299 707 299 706 1
300 4937931 703 4937931 703 1
301 17652010 699 17652010 697 1
302 20868272 695 20868272 695 1
303 303 691 303 690 1
304 13019450 687 13019450 686 1
305 305 683 305 683 1
306 27227590 679 27227590 679 1
307 611752 675 611752 675 1
308 4395471 671 4395471 671 1
309 17898626 668 17898626 668 1
310 16791098 664 16791098 664 1
311 26949917 660 26949917 660 1
312 26717119 656 26717119 656 1
313 24167046 653 24167046 653 1
314 14284948 649 14284948 649 1
315 22740217 646 22740217 644 1
316 20297429 642 20297429 642 1
317 16608233 638 16608233 638 1
318 318 635 318 635 1
319 24306085 631 24306085 629 1
320 28983305 628 28983305 627 1
321 9849715 625 9849715 625 1
322 6660439 621 6660439 621 1
323 15952646 618 15952646 618 1
324 11463632 615 11463632 614 1
325 16190038 611 16190038 611 1
326 28335790 608 28335790 608 1
327 10970105 605 10970105 605 1
328 16725620 602 16725620 602 1
329 20636027 598 20636027 598 1
330 29405960 595 29405960 595 1
331 12207243 592 12207243 591 1
332 18342499 589 18342499 589 1
333 333 586 333 586 1
334 334 583 334 583 1
335 335 580 335 579 1
336 17400751 577 17400751 577 1
337 14682881 574 14682881 574 1
338 4952032 571 4952032 569 1
339 8683634 568 8683634 567 1
340 7845067 565 7845067 565 1
341 3509910 562 3509910 561 1
342 15180544 559 15180544 559 1
343 25574613 556 25574613 556 1
344 17659628 554 17659628 554 1
345 125322 551 125322 550 1
346 11217204 548 11217204 548 1
347 347 545 347 545 1
348 8070060 543 8070060 543 1
349 14106234 540 14106234 538 1
350 14261450 537 14261450 537 1
351 22727486 534 22727486 534 1
352 17180738 532 17180738 531 1
353 7317206 529 7317206 528 1
354 7756410 527 7756410 526 1
355 14466421 524 14466421 524 1
356 28456067 521 28456067 521 1
357 3795800 519 3795800 519 1
358 15650303 516 15650303 516 1
359 29467303 514 29467303 514 1
360 25874313 511 25874313 511 1
361 6948001 509 6948001 509 1
362 11464250 506 11464250 506 1
363 15744955 504 15744955 504 1
364 24411639 502 24411639 502 1
365 3176183 499 3176183 499 1
366 366 497 366 497 1
367 15073500 494 15073500 494 1
368 368 492 368 492 1
369 21723285 490 21723285 490 1
370 19216550 487 19216550 486 1
371 11785346 485 11785346 485 1
372 6020788 483 6020788 482 1
373 12471905 481 12471905 480 1
374 374 478 374 478 1
375 17470172 476 17470172 476 1
376 22414192 474 22414192 474 1
377 19615764 472 19615764 472 1
378 138685 470 138685 470 1
379 17256305 467 17256305 467 1
380 29199974 465 29199974 465 1
381 3507258 463 3507258 463 1
382 475415 461 475415 461 1
383 16146700 459 16146700 459 1
384 19704439 457 19704439 456 1
385 22968789 455 22968789 454 1
386 14129979 453 14129979 453 1
387 14938588 451 14938588 451 1
388 8182328 449 8182328 449 1
389 20604746 447 20604746 447 1
390 8981395 445 8981395 445 1
391 308243 443 308243 443 1
392 22598660 441 22598660 440 1
393 9480852 439 9480852 439 1
394 16983097 437 16983097 437 1
395 11688277 435 11688277 435 1
396 24627874 433 24627874 432 1
397 14009826 431 14009826 431 1
398 16575430 429 16575430 429 1
399 22855797 427 22855797 427 1
400 14324101 425 26754535 424 0
401 26754535 424 14324101 424 0
402 26736787 422 26736787 422 1
403 20889278 420 20889278 420 1
404 25828527 418 25828527 418 1
405 419287 416 419287 416 1
406 19134727 415 19134727 415 1
407 22348144 413 22348144 413 1
408 19819123 411 19819123 411 1
409 23382942 409 23382942 409 1
410 26189404 408 1094243 406 0
411 1094243 406 26189404 406 0
412 14915117 404 14915117 404 1
413 27280481 402 27280481 402 1
414 414 401 414 401 1
415 14887025 399 14887025 399 1
416 17396461 397 17396461 397 1
417 417 396 417 396 1
418 7996599 394 7996599 394 1
419 9505457 392 9505457 392 1
420 15774293 391 15774293 391 1
421 7578173 389 7578173 389 1
422 422 387 422 387 1
423 24489811 386 24489811 386 1
424 14415983 384 21215754 383 0
425 21215754 383 14415983 382 0
426 13488267 381 13488267 381 1
427 427 380 427 380 1
428 2603390 378 2603390 378 1
429 27643847 377 27643847 377 1
430 430 375 430 374 1
431 25298441 373 25298441 373 1
432 28095943 372 28095943 372 1
433 13175347 370 13175347 369 1
434 28887819 369 28887819 369 1
435 435 367 435 366 1
436 17047207 366 17047207 366 1
437 11061580 365 11061580 364 1
438 11573559 363 26477817 362 0
439 26477817 362 11573559 362 0
440 6499670 360 6499670 359 1
441 24313085 359 24313085 359 1
442 442 357 442 357 1
443 443 356 443 356 1
444 13000724 355 13000724 355 1
445 24288075 353 24288075 353 1
446 8447444 352 8447444 352 1
447 11906346 350 11906346 350 1
448 7204095 349 7204095 349 1
449 14234935 348 21521554 346 0
450 21521554 346 14234935 346 0
451 25167393 345 25167393 345 1
452 452 344 452 344 1
453 12087903 342 12087903 342 1
454 23886704 341 23886704 341 1
455 24966842 340 24966842 340 1
456 29235276 338 29235276 338 1
457 1048262 337 1048262 337 1
458 13369271 336 13369271 335 1
459 8922182 335 8922182 335 1
460 11664617 333 15250372 332 0
461 15250372 332 11664617 332 0
462 27667890 331 27667890 330 1
463 9669726 330 9669726 329 1
464 27406252 328 27406252 328 1
465 16222600 327 16222600 327 1
466 3614605 326 3614605 326 1
467 1441090 325 1441090 325 1
468 468 323 10756062 322 0
469 10756062 322 468 322 0
470 24529694 321 24529694 321 1
471 4980410 320 4980410 320 1
472 7253622 319 7253622 319 1
473 3332463 317 3332463 316 1
474 28867149 316 3853504 315 0
475 3853504 315 28867149 315 0
476 11835441 314 26937924 313 0
477 26937924 313 11835441 313 0
478 478 312 478 312 1
479 28208968 311 28208968 311 1
480 25347878 309 25347878 309 1
481 16671812 308 16671812 308 1
482 20957534 307 20957534 307 1
483 14793911 306 14793911 306 1
484 1151370 305 1151370 305 1
485 485 304 485 303 1
486 12506575 303 12506575 303 1
487 28626183 302 28626183 302 1
488 973664 301 973664 301 1
489 3697602 300 3697602 300 1
490 29444986 299 29444986 299 1
491 28653310 297 4294967295 0 0
492 492 296 4294967295 0 0
493 20584993 295 4294967295 0 0
494 15679245 294 4294967295 0 0
495 7493506 293 4294967295 0 0
496 16145633 292 4294967295 0 0
497 28147470 291 4294967295 0 0
498 28729724 290 4294967295 0 0
499 2305262 289 4294967295 0 0
500 17439646 288 4294967295 0 0
501 20092792 287 4294967295 0 0
502 25156614 286 4294967295 0 0
503 2753470 285 4294967295 0 0
504 29570875 284 4294967295 0 0
505 17104974 283 4294967295 0 0
506 17296165 282 4294967295 0 0
507 25241064 281 4294967295 0 0
508 508 280 4294967295 0 0
509 6462294 279 4294967295 0 0
510 510 278 4294967295 0 0
511 1298687 277 4294967295 0 0
512 16596343 276 4294967295 0 0
513 513 276 4294967295 0 0
514 514 275 4294967295 0 0
515 6605557 274 4294967295 0 0
516 18882187 273 4294967295 0 0
517 23682609 272 4294967295 0 0
518 5365979 271 4294967295 0 0
519 9722341 270 4294967295 0 0
520 19599096 269 4294967295 0 0
521 24796377 268 4294967295 0 0
522 12392365 267 4294967295 0 0
523 6405612 266 4294967295 0 0
524 524 266 4294967295 0 0
525 25917237 265 4294967295 0 0
526 18437249 264 4294967295 0 0
527 20055508 263 4294967295 0 0
528 9604223 262 4294967295 0 0
529 19770341 261 4294967295 0 0
530 15541124 260 4294967295 0 0
531 25557337 259 4294967295 0 0
532 6566266 259 4294967295 0 0
533 17636574 258 4294967295 0 0
534 25659896 257 4294967295 0 0
535 10283090 256 4294967295 0 0
536 15610082 255 4294967295 0 0
537 14933738 254 4294967295 0 0
538 23118868 254 4294967295 0 0
539 23759665 253 4294967295 0 0
540 12066174 252 4294967295 0 0
541 12118734 251 4294967295 0 0
542 532354 250 4294967295 0 0
543 7734268 249 4294967295 0 0
544 543 249 4294967295 0 0
545 5104104 248 4294967295 0 0
546 1410015 247 4294967295 0 0
547 15852737 246 4294967295 0 0
548 548 246 4294967295 0 0
549 24499257 245 4294967295 0 0
550 4790341 244 4294967295 0 0
551 27457269 243 4294967295 0 0
552 553 242 4294967295 0 0
553 29099904 242 4294967295 0 0
554 554 241 4294967295 0 0
555 14651844 240 4294967295 0 0
556 557 239 4294967295 0 0
557 5354615 239 4294967295 0 0
558 12113289 238 4294967295 0 0
559 24435478 237 4294967295 0 0
560 15154442 236 4294967295 0 0
561 20294181 236 4294967295 0 0
562 24609302 235 4294967295 0 0
563 20136275 234 4294967295 0 0
564 28867598 233 4294967295 0 0
565 23510834 233 4294967295 0 0
566 13860 232 4294967295 0 0
567 16040202 231 4294967295 0 0
568 567 231 4294967295 0 0
569 22970885 230 4294967295 0 0
570 6193573 229 4294967295 0 0
571 29648920 229 4294967295 0 0
572 20605772 228 4294967295 0 0
573 10757418 227 4294967295 0 0
574 4217574 226 4294967295 0 0
575 19638934 226 4294967295 0 0
576 22137646 225 4294967295 0 0
577 7100969 224 4294967295 0 0
578 23759225 224 4294967295 0 0
579 579 223 4294967295 0 0
580 4503879 222 4294967295 0 0
581 581 222 4294967295 0 0
582 11029375 221 4294967295 0 0
583 2728466 220 4294967295 0 0
584 12085394 220 4294967295 0 0
585 20733140 219 4294967295 0 0
586 20926654 218 4294967295 0 0
587 19154583 218 4294967295 0 0
588 12780577 217 4294967295 0 0
589 11693659 216 4294967295 0 0
590 3373976 216 4294967295 0 0
591 591 215 4294967295 0 0
