99584 55555 0.000010
0 42270 50966 42270 50966 1
1 60300 15152 60300 15152 1
2 66376 7453 66376 7453 1
3 85945 4505 85945 4505 1
4 84423 3048 84423 3048 1
5 17885 2216 17885 2216 1
6 62778 1692 62778 1692 1
7 14493 1339 14493 1339 1
8 5318 1090 5318 1090 1
9 9 906 9 906 1
10 54058 767 54058 767 1
11 60340 659 60340 659 1
12 77541 573 77541 573 1
13 6583 503 6583 503 1
14 27529 446 27529 446 1
15 52418 398 52418 398 1
16 16 358 16 358 1
17 9886 324 9886 324 1
18 18 295 18 295 1
19 22472 269 22472 269 1
20 55231 247 55231 247 1
21 8177 228 8177 228 1
22 22 211 22 211 1
23 35955 196 35955 196 1
24 71705 182 71705 182 1
25 69236 170 69236 170 1
26 80417 159 80417 159 1
27 16159 150 16159 150 1
28 4269 141 4269 141 1
29 90048 133 90048 133 1
30 2968 125 2968 125 1
31 25782 118 25782 118 1
32 43272 112 43272 112 1
33 34929 106 34929 106 1
34 56385 101 56385 101 1
35 35559 96 35559 96 1
36 36 92 36 92 1
37 37 88 37 88 1
38 75726 84 75726 84 1
39 46322 80 46322 80 1
40 46789 77 46789 77 1
41 41 74 41 74 1
42 24550 71 24550 71 1
43 67636 68 67636 68 1
44 85412 65 85412 65 1
45 40176 63 40176 63 1
46 26692 60 26692 60 1
47 740 58 740 58 1
48 96250 56 96250 56 1
49 14700 54 14700 54 1
50 99748 52 99748 52 1
51 77417 51 77417 51 1
52 87164 49 87164 49 1
53 98185 47 98185 47 1
54 1100 46 1100 46 1
55 69394 44 69394 44 1
56 72405 43 72405 43 1
57 96492 42 96492 42 1
58 39154 41 39154 41 1
59 30787 39 30787 39 1
60 73307 38 73307 38 1
61 71969 37 71969 37 1
62 45410 36 45410 36 1
63 19606 35 19606 35 1
64 31549 34 31549 34 1
65 40786 33 40786 33 1
66 67 32 33551 32 0
67 33551 32 67 32 0
68 30013 31 30013 31 1
69 17862 30 17862 30 1
70 2142 29 71 29 0
71 71 29 2142 29 0
72 23038 28 23038 28 1
73 21340 27 73 27 0
74 73 27 21340 27 0
75 75 26 75 26 1
76 33580 25 33580 25 1
77 84167 25 84167 25 1
78 85240 24 74044 24 0
79 74044 24 85240 24 0
80 48290 23 16330 23 0
81 16330 23 48290 23 0
82 54044 22 54044 22 1
83 52890 22 52890 22 1
84 35099 21 35099 21 1
85 19870 21 19870 21 1
86 74550 21 74550 21 1
87 24939 20 30852 20 0
88 30852 20 24939 20 0
89 61423 19 95200 19 0
90 95200 19 12572 19 0
91 12572 19 61423 19 0
92 98091 18 11434 18 0
93 99457 18 98091 18 0
94 11434 18 99457 18 0
95 5152 17 39313 17 0
96 69704 17 5152 17 0
97 39313 17 69704 17 0
98 8569 16 51730 16 0
99 51730 16 46139 16 0
100 46139 16 95781 16 0
101 95781 16 8569 16 0
102 88333 15 105 15 0
103 105 15 48968 15 0
104 103 15 103 15 1
105 48968 15 88333 15 0
106 106 14 8648 14 0
107 15798 14 26441 14 0
108 26441 14 106 14 0
109 8648 14 15798 14 0
110 3381 13 16360 13 0
111 55721 13 55721 13 1
112 1637 13 88182 13 0
113 16360 13 1637 13 0
114 88182 13 3381 13 0
115 66672 12 66672 12 1
116 56751 12 119 12 0
117 119 12 10894 12 0
118 61278 12 56751 12 0
119 8673 12 61278 12 0
120 10894 12 8673 12 0
121 55623 11 85063 11 0
122 97706 11 20222 11 0
123 1093 11 55623 11 0
124 20222 11 43980 11 0
125 85063 11 97706 11 0
126 43980 11 1093 11 0
127 93005 10 49792 10 0
128 92463 10 92463 10 1
129 128 10 82491 10 0
130 33073 10 128 10 0
131 27981 10 27981 10 1
132 49792 10 93005 10 0
133 62895 10 33073 10 0
134 82491 10 62895 10 0
135 63278 9 140 9 0
136 80218 9 51947 9 0
137 42595 9 135 9 0
138 48275 9 48275 9 1
139 140 9 42595 9 0
140 62430 9 80218 9 0
141 20653 9 63278 9 0
142 51947 9 20653 9 0
143 135 9 62430 9 0
144 38824 8 23375 8 0
145 85324 8 149 8 0
146 58504 8 38824 8 0
147 29269 8 85324 8 0
148 36439 8 29269 8 0
149 80299 8 58504 8 0
150 23375 8 80299 8 0
151 150 8 150 8 1
152 149 8 36439 8 0
153 148 8 148 8 1
154 46480 7 86208 7 0
155 65309 7 85117 7 0
156 13463 7 58915 7 0
157 37048 7 36235 7 0
158 97087 7 46480 7 0
159 36235 7 10386 7 0
160 72834 7 97087 7 0
161 58915 7 72834 7 0
162 85117 7 158 7 0
163 67870 7 13463 7 0
164 10386 7 65309 7 0
165 86208 7 37048 7 0
166 25469 7 25469 7 1
167 158 7 67870 7 0
168 65159 6 67806 6 0
169 86661 6 26873 6 0
170 1841 6 36077 6 0
171 32173 6 86661 6 0
172 4428 6 4428 6 1
173 17398 6 41706 6 0
174 41881 6 91813 6 0
175 26873 6 10550 6 0
176 10550 6 17398 6 0
177 36077 6 32173 6 0
178 79002 6 65159 6 0
179 41706 6 1841 6 0
180 29270 6 29270 6 1
181 170 6 41881 6 0
182 91813 6 79002 6 0
183 67806 6 170 6 0
184 78871 5 43938 5 0
185 57836 5 62368 5 0
186 46900 5 10204 5 0
187 69204 5 46900 5 0
188 21088 5 77009 5 0
189 43938 5 196 5 0
190 93745 5 190 5 0
191 49812 5 194 5 0
192 95800 5 95800 5 1
193 17643 5 21088 5 0
194 34960 5 20517 5 0
195 10107 5 49812 5 0
196 9573 5 9573 5 1
197 10455 5 10455 5 1
198 50831 5 78871 5 0
199 196 5 34960 5 0
200 194 5 57836 5 0
201 62368 5 50831 5 0
202 190 5 17643 5 0
203 20517 5 185 5 0
204 185 5 93745 5 0
205 10204 5 69204 5 0
206 77009 5 10107 5 0
207 469 4 4215 4 0
208 49707 4 219 4 0
209 66048 4 210 4 0
210 95759 4 95633 4 0
211 24309 4 11748 4 0
212 71065 4 65864 4 0
213 236 4 95759 4 0
214 39915 4 232 4 0
215 61069 4 7700 4 0
216 28725 4 7762 4 0
217 4215 4 31698 4 0
218 20005 4 39915 4 0
219 6869 4 66048 4 0
220 65864 4 20005 4 0
221 74688 4 71065 4 0
222 4794 4 4794 4 1
223 38788 4 27959 4 0
224 95633 4 469 4 0
225 30157 4 69480 4 0
226 31698 4 6869 4 0
227 7762 4 53253 4 0
228 61181 4 49707 4 0
229 7700 4 28725 4 0
230 27959 4 74688 4 0
231 53253 4 29622 4 0
232 232 4 38788 4 0
233 29622 4 61069 4 0
234 87496 4 30157 4 0
235 69480 4 24309 4 0
236 219 4 87496 4 0
237 210 4 61181 4 0
238 11748 4 236 4 0
239 66108 3 66108 3 1
240 87243 3 20562 3 0
241 18652 3 13116 3 0
242 59436 3 274 3 0
243 97639 3 91258 3 0
244 91258 3 59812 3 0
245 42071 3 78187 3 0
246 99889 3 61351 3 0
247 278 3 87243 3 0
248 30525 3 59436 3 0
249 8036 3 12782 3 0
250 274 3 99991 3 0
251 45123 3 55484 3 0
252 39163 3 15283 3 0
253 82239 3 27829 3 0
254 769 3 69288 3 0
255 27829 3 59983 3 0
256 99835 3 91741 3 0
257 47706 3 42071 3 0
258 42019 3 925 3 0
259 20562 3 63263 3 0
260 13116 3 28807 3 0
261 20623 3 20623 3 1
262 10444 3 99889 3 0
263 15283 3 769 3 0
264 78187 3 99835 3 0
265 46074 3 79988 3 0
266 64624 3 18618 3 0
267 55484 3 30525 3 0
268 91741 3 278 3 0
269 21688 3 46074 3 0
270 24938 3 264 3 0
271 248 3 3796 3 0
272 92282 3 8036 3 0
273 74186 3 57425 3 0
274 59983 3 24938 3 0
275 3796 3 97639 3 0
276 11191 3 92282 3 0
277 57425 3 64624 3 0
278 18618 3 47706 3 0
279 63263 3 10444 3 0
280 99991 3 45123 3 0
281 28807 3 11191 3 0
282 79988 3 21688 3 0
283 61351 3 42019 3 0
284 69288 3 248 3 0
285 29477 3 29477 3 1
286 264 3 82239 3 0
287 59812 3 39163 3 0
288 12782 3 74186 3 0
289 925 3 18652 3 0
290 343 2 343 2 1
291 17277 2 22580 2 0
292 91900 2 76948 2 0
293 366 2 95774 2 0
294 89388 2 16069 2 0
295 46162 2 2962 2 0
296 11308 2 350 2 0
297 13444 2 78228 2 0
298 18294 2 90634 2 0
299 78228 2 372 2 0
300 63320 2 44514 2 0
301 56590 2 13045 2 0
302 35170 2 40076 2 0
303 76948 2 45834 2 0
304 88357 2 63320 2 0
305 371 2 70068 2 0
306 18199 2 73111 2 0
307 39276 2 5621 2 0
308 350 2 40127 2 0
309 346 2 18162 2 0
310 90634 2 19759 2 0
311 383 2 80180 2 0
312 15750 2 88217 2 0
313 23289 2 50418 2 0
314 79871 2 13368 2 0
315 88217 2 46162 2 0
316 45510 2 89388 2 0
317 18162 2 44145 2 0
318 79364 2 346 2 0
319 73111 2 366 2 0
320 18420 2 79364 2 0
321 40076 2 17784 2 0
322 18042 2 17346 2 0
323 40127 2 21477 2 0
324 387 2 95902 2 0
325 44514 2 92209 2 0
326 13368 2 91900 2 0
327 53863 2 32290 2 0
328 58271 2 9775 2 0
329 92209 2 56590 2 0
330 81338 2 80390 2 0
331 17784 2 81338 2 0
332 64534 2 53863 2 0
333 19215 2 73148 2 0
334 372 2 32814 2 0
335 27954 2 371 2 0
336 22580 2 47021 2 0
337 79059 2 74522 2 0
338 52866 2 18294 2 0
339 56794 2 58271 2 0
340 17420 2 18199 2 0
341 79737 2 15750 2 0
342 303 2 79737 2 0
343 89483 2 52866 2 0
344 11978 2 12796 2 0
345 298 2 56794 2 0
346 16069 2 88357 2 0
347 54459 2 13444 2 0
348 45834 2 298 2 0
349 17346 2 63782 2 0
350 71798 2 45510 2 0
351 95774 2 326 2 0
352 21477 2 45672 2 0
353 80306 2 74819 2 0
354 2962 2 79871 2 0
355 47021 2 11308 2 0
356 69471 2 17277 2 0
357 74522 2 18420 2 0
358 95902 2 79198 2 0
359 80390 2 303 2 0
360 9775 2 23339 2 0
361 16765 2 383 2 0
362 70068 2 62684 2 0
363 43165 2 68257 2 0
364 44145 2 90689 2 0
365 62684 2 79059 2 0
366 32814 2 23289 2 0
367 87796 2 54459 2 0
368 63782 2 64534 2 0
369 58772 2 58772 2 1
370 13045 2 16765 2 0
371 90689 2 35170 2 0
372 19759 2 21972 2 0
373 68257 2 89483 2 0
374 79198 2 71798 2 0
375 80180 2 80306 2 0
376 326 2 11978 2 0
377 32290 2 39276 2 0
378 74819 2 43165 2 0
379 21972 2 19215 2 0
380 45672 2 27954 2 0
381 68928 2 68928 2 1
382 5621 2 387 2 0
383 13526 2 87796 2 0
384 50418 2 13526 2 0
385 73148 2 18042 2 0
386 23339 2 69471 2 0
387 12796 2 17420 2 0
388 641 1 9103 1 0
389 10482 1 97170 1 0
390 562 1 724 1 0
391 8510 1 53747 1 0
392 87798 1 78668 1 0
393 13339 1 28457 1 0
394 59129 1 63071 1 0
395 81262 1 93727 1 0
396 32048 1 22721 1 0
397 71692 1 66938 1 0
398 65296 1 83368 1 0
399 585 1 44179 1 0
400 78668 1 4445 1 0
401 595 1 540 1 0
402 93445 1 71087 1 0
403 74486 1 405 1 0
404 59934 1 395 1 0
405 24768 1 89864 1 0
406 657 1 486 1 0
407 83368 1 90650 1 0
408 7763 1 78727 1 0
409 577 1 68998 1 0
410 611 1 31095 1 0
411 613 1 29468 1 0
412 76213 1 51916 1 0
413 45139 1 54837 1 0
414 93071 1 695 1 0
415 40445 1 93445 1 0
416 630 1 15128 1 0
417 35318 1 697 1 0
418 81251 1 54925 1 0
419 628 1 73522 1 0
420 14050 1 32728 1 0
421 4192 1 62536 1 0
422 624 1 65149 1 0
423 618 1 42551 1 0
424 66223 1 34438 1 0
425 91954 1 49580 1 0
426 89386 1 30742 1 0
427 13378 1 21023 1 0
428 76411 1 458 1 0
429 79714 1 858 1 0
430 20297 1 21197 1 0
431 57960 1 95336 1 0
432 14288 1 585 1 0
433 604 1 25390 1 0
434 642 1 34979 1 0
435 564 1 685 1 0
436 56180 1 99684 1 0
437 77592 1 87474 1 0
438 44179 1 17037 1 0
439 27410 1 433 1 0
440 79368 1 90839 1 0
441 90134 1 22551 1 0
442 89864 1 13559 1 0
443 608 1 68326 1 0
444 88093 1 14288 1 0
445 40278 1 611 1 0
446 86080 1 94755 1 0
447 74179 1 24960 1 0
448 97170 1 45364 1 0
449 74171 1 27410 1 0
450 82875 1 1409 1 0
451 34979 1 73369 1 0
452 21954 1 92829 1 0
453 1518 1 57960 1 0
454 16633 1 40445 1 0
455 61414 1 82113 1 0
456 70649 1 85635 1 0
457 17037 1 553 1 0
458 20209 1 4939 1 0
459 1494 1 59934 1 0
460 9103 1 73055 1 0
461 80124 1 43331 1 0
462 16636 1 20209 1 0
463 88097 1 71485 1 0
464 77758 1 595 1 0
465 32728 1 45636 1 0
466 80727 1 38753 1 0
467 99337 1 8510 1 0
468 85987 1 20297 1 0
469 50856 1 33000 1 0
470 58944 1 21016 1 0
471 4939 1 60579 1 0
472 38210 1 8284 1 0
473 22568 1 56902 1 0
474 78858 1 613 1 0
475 23063 1 91954 1 0
476 92829 1 14050 1 0
477 47446 1 90310 1 0
478 60579 1 496 1 0
479 58984 1 657 1 0
480 93495 1 85713 1 0
481 51540 1 81778 1 0
482 12983 1 10901 1 0
483 71087 1 71692 1 0
484 858 1 23063 1 0
485 92848 1 35573 1 0
486 27546 1 28335 1 0
487 13559 1 32048 1 0
488 4156 1 80382 1 0
489 95565 1 28519 1 0
490 73624 1 53422 1 0
491 80072 1 28972 1 0
492 43061 1 24848 1 0
493 86036 1 43606 1 0
494 18312 1 76880 1 0
495 94755 1 78007 1 0
496 75666 1 12983 1 0
497 42551 1 7763 1 0
498 75731 1 711 1 0
499 22551 1 43061 1 0
500 90571 1 18827 1 0
501 63977 1 82875 1 0
502 685 1 719 1 0
503 95952 1 90134 1 0
504 83718 1 48033 1 0
505 8284 1 95379 1 0
506 698 1 12751 1 0
507 697 1 27023 1 0
508 695 1 40278 1 0
509 2453 1 47446 1 0
510 60671 1 513 1 0
511 20251 1 83501 1 0
512 78735 1 82852 1 0
513 51661 1 86458 1 0
514 21023 1 422 1 0
515 43237 1 34925 1 0
516 35573 1 12790 1 0
517 74366 1 58984 1 0
518 684 1 78735 1 0
519 21025 1 80795 1 0
520 32343 1 27257 1 0
521 78727 1 473 1 0
522 678 1 98008 1 0
523 676 1 4156 1 0
524 80795 1 18648 1 0
525 73522 1 17902 1 0
526 86791 1 56180 1 0
527 94845 1 36664 1 0
528 48033 1 16636 1 0
529 81778 1 15241 1 0
530 19431 1 5732 1 0
531 21016 1 9285 1 0
532 9123 1 678 1 0
533 50848 1 83559 1 0
534 54649 1 398 1 0
535 74335 1 10729 1 0
536 41288 1 7437 1 0
537 47337 1 65820 1 0
538 45055 1 80124 1 0
539 85974 1 424 1 0
540 67765 1 5014 1 0
541 34438 1 65296 1 0
542 49580 1 28700 1 0
543 15570 1 38210 1 0
544 97104 1 93071 1 0
545 10729 1 83718 1 0
546 35898 1 630 1 0
547 35859 1 92848 1 0
548 1965 1 85974 1 0
549 1409 1 58194 1 0
550 724 1 17611 1 0
551 82852 1 518 1 0
552 83559 1 80727 1 0
553 719 1 81067 1 0
554 34925 1 75397 1 0
555 715 1 15570 1 0
556 46357 1 71502 1 0
557 94045 1 487 1 0
558 711 1 12783 1 0
559 31095 1 78858 1 0
560 65149 1 555 1 0
561 95379 1 95565 1 0
562 15128 1 65700 1 0
563 12783 1 21283 1 0
564 27023 1 61414 1 0
565 24960 1 4898 1 0
566 424 1 10815 1 0
567 17902 1 41040 1 0
568 422 1 79368 1 0
569 82113 1 77592 1 0
570 52801 1 45139 1 0
571 85713 1 14374 1 0
572 12511 1 93495 1 0
573 30771 1 86080 1 0
574 73369 1 79714 1 0
575 95336 1 50051 1 0
576 78007 1 51362 1 0
577 84416 1 57995 1 0
578 65820 1 533 1 0
579 63071 1 31778 1 0
580 405 1 18987 1 0
581 68998 1 463 1 0
582 28700 1 715 1 0
583 54448 1 52562 1 0
584 64227 1 18751 1 0
585 29468 1 35318 1 0
586 81067 1 48124 1 0
587 28457 1 1494 1 0
588 458 1 35898 1 0
589 14374 1 51953 1 0
590 31778 1 9761 1 0
591 76880 1 14655 1 0
592 90650 1 50856 1 0
593 403 1 22568 1 0
594 444 1 74366 1 0
595 51916 1 84090 1 0
596 28335 1 43338 1 0
597 57650 1 41288 1 0
598 90839 1 434 1 0
599 33262 1 74335 1 0
600 434 1 88093 1 0
601 433 1 21954 1 0
602 30195 1 86791 1 0
603 85635 1 50276 1 0
604 5732 1 515 1 0
605 27257 1 68833 1 0
606 62536 1 87798 1 0
607 90310 1 66223 1 0
608 24848 1 564 1 0
609 91726 1 95952 1 0
610 38753 1 5196 1 0
611 84090 1 46357 1 0
612 41040 1 23706 1 0
613 80382 1 75666 1 0
614 33000 1 93919 1 0
615 51362 1 546 1 0
616 10901 1 13378 1 0
617 99684 1 76213 1 0
618 76586 1 81251 1 0
619 44008 1 66556 1 0
620 66556 1 624 1 0
621 56902 1 517 1 0
622 83939 1 94845 1 0
623 28468 1 24768 1 0
624 395 1 83939 1 0
625 9761 1 65996 1 0
626 4445 1 74486 1 0
627 54306 1 34135 1 0
628 11687 1 83055 1 0
629 12751 1 628 1 0
630 398 1 85332 1 0
631 41660 1 92612 1 0
632 53747 1 23795 1 0
633 53422 1 676 1 0
634 45232 1 18312 1 0
635 463 1 13339 1 0
636 23706 1 61564 1 0
637 71502 1 16633 1 0
638 30742 1 9123 1 0
639 18751 1 91726 1 0
640 30096 1 12511 1 0
641 52651 1 51540 1 0
642 58194 1 99337 1 0
643 18648 1 403 1 0
644 12582 1 35859 1 0
645 68833 1 642 1 0
646 535 1 19077 1 0
647 533 1 84926 1 0
648 28519 1 54306 1 0
649 7437 1 4874 1 0
650 34135 1 57650 1 0
651 8178 1 10482 1 0
652 4874 1 84416 1 0
653 66938 1 86036 1 0
654 36664 1 45055 1 0
655 61564 1 74179 1 0
656 43606 1 85987 1 0
657 15241 1 562 1 0
658 84926 1 2453 1 0
659 75397 1 641 1 0
660 50051 1 21025 1 0
661 518 1 50848 1 0
662 517 1 577 1 0
663 45364 1 15878 1 0
664 73055 1 12582 1 0
665 515 1 37738 1 0
666 15878 1 90571 1 0
667 87474 1 49967 1 0
668 85332 1 8178 1 0
669 49967 1 63977 1 0
670 4898 1 618 1 0
671 5014 1 41660 1 0
672 37738 1 27911 1 0
673 92568 1 45232 1 0
674 555 1 28468 1 0
675 553 1 30096 1 0
676 43331 1 54649 1 0
677 60356 1 11687 1 0
678 17611 1 76586 1 0
679 513 1 88097 1 0
680 546 1 684 1 0
681 98008 1 30690 1 0
682 93919 1 30725 1 0
683 43338 1 92568 1 0
684 18987 1 81262 1 0
685 540 1 44008 1 0
686 23795 1 33262 1 0
687 10815 1 52713 1 0
688 50276 1 51661 1 0
689 27911 1 64227 1 0
690 49952 1 70649 1 0
691 93727 1 47337 1 0
692 65996 1 509 1 0
693 83501 1 94045 1 0
694 30725 1 67765 1 0
695 486 1 27546 1 0
696 54925 1 58944 1 0
697 48124 1 52801 1 0
698 83055 1 698 1 0
699 71485 1 49952 1 0
700 487 1 77758 1 0
701 9285 1 444 1 0
702 21197 1 43237 1 0
703 12790 1 604 1 0
704 54837 1 80072 1 0
705 473 1 30771 1 0
706 51953 1 54448 1 0
707 45636 1 20251 1 0
708 52713 1 97104 1 0
709 37447 1 75731 1 0
710 52562 1 37447 1 0
711 30690 1 30195 1 0
712 65700 1 76411 1 0
713 509 1 608 1 0
714 68326 1 4192 1 0
715 28972 1 73624 1 0
716 5196 1 89386 1 0
717 22721 1 59129 1 0
718 25390 1 535 1 0
719 19077 1 19431 1 0
720 57995 1 1965 1 0
721 496 1 52651 1 0
722 86458 1 32343 1 0
723 92612 1 60671 1 0
724 21283 1 74171 1 0
725 14655 1 60356 1 0
726 18827 1 1518 1 0
727 66685 0 4294967295 0 0
728 66645 0 4294967295 0 0
729 66678 0 4294967295 0 0
730 66774 0 4294967295 0 0
731 66687 0 4294967295 0 0
732 66686 0 4294967295 0 0
733 66775 0 4294967295 0 0
734 66773 0 4294967295 0 0
735 66688 0 4294967295 0 0
736 66689 0 4294967295 0 0
737 66663 0 4294967295 0 0
738 66667 0 4294967295 0 0
739 66676 0 4294967295 0 0
740 66784 0 4294967295 0 0
741 66675 0 4294967295 0 0
742 66785 0 4294967295 0 0
743 66674 0 4294967295 0 0
744 66786 0 4294967295 0 0
745 66787 0 4294967295 0 0
746 66673 0 4294967295 0 0
747 66788 0 4294967295 0 0
748 66641 0 4294967295 0 0
749 66677 0 4294967295 0 0
750 66671 0 4294967295 0 0
751 66789 0 4294967295 0 0
752 66790 0 4294967295 0 0
753 66791 0 4294967295 0 0
754 66668 0 4294967295 0 0
755 66792 0 4294967295 0 0
756 66793 0 4294967295 0 0
757 66794 0 4294967295 0 0
758 66903 0 4294967295 0 0
759 66670 0 4294967295 0 0
760 66781 0 4294967295 0 0
761 66684 0 4294967295 0 0
762 66644 0 4294967295 0 0
763 66777 0 4294967295 0 0
764 66778 0 4294967295 0 0
765 66664 0 4294967295 0 0
766 66779 0 4294967295 0 0
767 66780 0 4294967295 0 0
768 66643 0 4294967295 0 0
769 66642 0 4294967295 0 0
770 66683 0 4294967295 0 0
771 66776 0 4294967295 0 0
772 66682 0 4294967295 0 0
773 66681 0 4294967295 0 0
774 66665 0 4294967295 0 0
775 66680 0 4294967295 0 0
776 66679 0 4294967295 0 0
777 66782 0 4294967295 0 0
778 66705 0 4294967295 0 0
779 66783 0 4294967295 0 0
780 66666 0 4294967295 0 0
781 66656 0 4294967295 0 0
782 66730 0 4294967295 0 0
783 66729 0 4294967295 0 0
784 66651 0 4294967295 0 0
785 66753 0 4294967295 0 0
786 66754 0 4294967295 0 0
787 66655 0 4294967295 0 0
788 66728 0 4294967295 0 0
789 66727 0 4294967295 0 0
790 66726 0 4294967295 0 0
791 66755 0 4294967295 0 0
792 66725 0 4294967295 0 0
793 66756 0 4294967295 0 0
794 66731 0 4294967295 0 0
795 66650 0 4294967295 0 0
796 66724 0 4294967295 0 0
797 66723 0 4294967295 0 0
798 66722 0 4294967295 0 0
799 66657 0 4294967295 0 0
800 66721 0 4294967295 0 0
801 66720 0 4294967295 0 0
802 66719 0 4294967295 0 0
803 66718 0 4294967295 0 0
804 66717 0 4294967295 0 0
805 66716 0 4294967295 0 0
806 66745 0 4294967295 0 0
807 66740 0 4294967295 0 0
808 66739 0 4294967295 0 0
809 66738 0 4294967295 0 0
810 66737 0 4294967295 0 0
811 66653 0 4294967295 0 0
812 66736 0 4294967295 0 0
813 66741 0 4294967295 0 0
814 66654 0 4294967295 0 0
815 66742 0 4294967295 0 0
816 66743 0 4294967295 0 0
817 66744 0 4294967295 0 0
818 66735 0 4294967295 0 0
819 66715 0 4294967295 0 0
820 66734 0 4294967295 0 0
821 66746 0 4294967295 0 0
822 66747 0 4294967295 0 0
823 66733 0 4294967295 0 0
824 66748 0 4294967295 0 0
825 66749 0 4294967295 0 0
826 66732 0 4294967295 0 0
827 66750 0 4294967295 0 0
