999820 55555 0.000010
0 713165 684832 713165 676782 1
1 1 143968 1 142321 1
2 500475 57818 500475 57164 1
3 43295 30266 43295 29890 1
4 288337 18319 288337 18102 1
5 5 12155 5 12026 1
6 811995 8592 811995 8505 1
7 581037 6363 581037 6285 1
8 422708 4881 422708 4826 1
9 454023 3851 454023 3805 1
10 344854 3108 344854 3071 1
11 162370 2555 162370 2519 1
12 656366 2134 656366 2105 1
13 13 1806 13 1791 1
14 151953 1547 151953 1533 1
15 374059 1338 374059 1320 1
16 279048 1167 279048 1155 1
17 278961 1026 278961 1010 1
18 806435 909 806435 900 1
19 603003 810 603003 800 1
20 549444 725 549444 719 1
21 831846 653 831846 643 1
22 967024 591 967024 583 1
23 313696 537 313696 534 1
24 183943 490 183943 478 1
25 604339 449 604339 445 1
26 729111 412 729111 409 1
27 472803 380 472803 377 1
28 835493 351 835493 348 1
29 338292 325 338292 321 1
30 582955 302 582955 299 1
31 809067 281 809067 279 1
32 711224 262 711224 259 1
33 677947 245 677947 245 1
34 330585 230 330585 229 1
35 314060 216 314060 213 1
36 610297 203 610297 200 1
37 37 191 37 189 1
38 533212 180 533212 179 1
39 452801 170 452801 168 1
40 730035 161 730035 158 1
41 735519 153 735519 151 1
42 638830 145 638830 144 1
43 234666 137 234666 133 1
44 497622 131 497622 127 1
45 292877 124 292877 122 1
46 60041 118 60041 117 1
47 966109 113 966109 112 1
48 388464 108 388464 107 1
49 893567 103 893567 102 1
50 202603 99 202603 98 1
51 321680 94 321680 94 1
52 819512 90 819512 90 1
53 743624 87 743624 86 1
54 341525 83 341525 82 1
55 943515 80 943515 80 1
56 603924 77 603924 77 1
57 650301 74 650301 74 1
58 397442 71 397442 71 1
59 843347 68 843347 67 1
60 327852 66 327852 65 1
61 158612 63 158612 63 1
62 62 61 62 61 1
63 213133 59 213133 58 1
64 127067 57 127067 55 1
65 780651 55 780651 54 1
66 280093 53 280093 52 1
67 67 52 67 52 1
68 945426 50 945426 49 1
69 787035 48 787035 48 1
70 274045 47 274045 45 1
71 644947 45 644947 45 1
72 442676 44 349707 43 0
73 349707 43 442676 43 0
74 856802 41 856802 41 1
75 661175 40 661175 39 1
76 98308 39 92754 38 0
77 92754 38 98308 38 0
78 534864 37 110375 36 0
79 110375 36 534864 35 0
80 878755 35 81 33 0
81 81 34 878755 32 0
82 80387 33 80387 31 1
83 725410 32 725410 31 1
84 84 31 84 31 1
85 844980 30 844980 30 1
86 279584 30 279584 29 1
87 829107 29 829107 29 1
88 796821 28 796821 28 1
89 73134 27 695804 27 0
90 695804 27 73134 27 0
91 198636 26 198636 26 1
92 92 25 92 25 1
93 729218 25 872422 24 0
94 872422 24 729218 24 0
95 602385 24 602385 24 1
96 302259 23 302259 23 1
97 316664 23 903922 22 0
98 903922 22 30473 22 0
99 30473 22 97170 21 0
100 97170 21 316664 21 0
101 954359 21 954359 21 1
102 132561 20 75820 20 0
103 75820 20 132561 20 0
104 90009 19 90009 19 1
105 989941 19 989941 19 1
106 106 19 106 19 1
107 998207 18 998207 18 1
108 262174 18 858196 17 0
109 179039 17 179039 17 1
110 858196 17 262174 17 0
111 109 17 109 16 1
112 415985 16 814608 16 0
113 114 16 892275 16 0
114 892275 16 415985 16 0
115 814608 16 315324 15 0
116 426633 15 426633 15 1
117 469239 15 469239 15 1
118 315324 15 121 14 0
119 687311 14 296578 14 0
120 257854 14 114 14 0
121 121 14 257854 14 0
122 296578 14 885806 13 0
123 617842 13 617842 13 1
124 441682 13 687311 13 0
125 648635 13 648635 13 1
126 885806 13 441682 13 0
127 128256 12 69043 12 0
128 570238 12 63803 12 0
129 69043 12 128256 12 0
130 306864 12 570238 12 0
131 63803 12 306864 12 0
132 876644 11 74424 11 0
133 312915 11 348451 11 0
134 878886 11 878886 11 1
135 74424 11 312915 11 0
136 348451 11 876644 11 0
137 793576 10 995672 10 0
138 380355 10 540292 10 0
139 790478 10 911927 10 0
140 426568 10 790478 10 0
141 995672 10 793576 10 0
142 540292 10 380355 10 0
143 911927 10 426568 10 0
144 179885 9 640739 9 0
145 145 9 211892 9 0
146 146225 9 179885 9 0
147 817945 9 145 9 0
148 640739 9 817945 9 0
149 150 9 146225 9 0
150 211892 9 4294967295 0 0
151 153 8 4294967295 0 0
152 524508 8 4294967295 0 0
153 480940 8 4294967295 0 0
154 721413 8 4294967295 0 0
155 471589 8 4294967295 0 0
156 156 8 4294967295 0 0
157 374984 8 4294967295 0 0
158 878899 8 4294967295 0 0
159 326861 8 4294967295 0 0
160 323799 7 4294967295 0 0
161 497674 7 4294967295 0 0
162 79313 7 4294967295 0 0
163 168 7 4294967295 0 0
164 635963 7 4294967295 0 0
165 425619 7 4294967295 0 0
166 39874 7 4294967295 0 0
167 219357 7 4294967295 0 0
168 689381 7 4294967295 0 0
169 205864 7 4294967295 0 0
170 799755 6 4294967295 0 0
171 730161 6 4294967295 0 0
172 877924 6 4294967295 0 0
173 124395 6 4294967295 0 0
174 807154 6 4294967295 0 0
175 179 6 4294967295 0 0
176 776140 6 4294967295 0 0
177 820046 6 4294967295 0 0
178 173 6 4294967295 0 0
179 26171 6 4294967295 0 0
180 576931 6 4294967295 0 0
181 680959 6 4294967295 0 0
182 946002 6 4294967295 0 0
183 592797 5 4294967295 0 0
184 758750 5 4294967295 0 0
185 880354 5 4294967295 0 0
186 452560 5 4294967295 0 0
187 200 5 4294967295 0 0
188 697542 5 4294967295 0 0
189 998584 5 4294967295 0 0
190 712040 5 4294967295 0 0
191 662150 5 4294967295 0 0
192 92206 5 4294967295 0 0
193 164566 5 4294967295 0 0
194 397851 5 4294967295 0 0
195 518378 5 4294967295 0 0
196 150855 5 4294967295 0 0
197 184 5 4294967295 0 0
198 290246 5 4294967295 0 0
199 616414 5 4294967295 0 0
200 459490 5 4294967295 0 0
201 809643 4 4294967295 0 0
202 850307 4 4294967295 0 0
203 223 4 4294967295 0 0
204 471029 4 4294967295 0 0
205 360514 4 4294967295 0 0
206 391988 4 4294967295 0 0
207 466258 4 4294967295 0 0
208 335478 4 4294967295 0 0
209 38843 4 4294967295 0 0
210 312165 4 4294967295 0 0
211 184114 4 4294967295 0 0
212 221456 4 4294967295 0 0
213 914662 4 4294967295 0 0
214 226053 4 4294967295 0 0
215 222222 4 4294967295 0 0
216 875647 4 4294967295 0 0
217 825377 4 4294967295 0 0
218 915342 4 4294967295 0 0
219 41956 4 4294967295 0 0
220 218 4 4294967295 0 0
221 650646 4 4294967295 0 0
222 878956 4 4294967295 0 0
223 11818 4 4294967295 0 0
224 63497 3 4294967295 0 0
225 837509 3 4294967295 0 0
226 20087 3 4294967295 0 0
227 894737 3 4294967295 0 0
228 60358 3 4294967295 0 0
229 334867 3 4294967295 0 0
230 875902 3 4294967295 0 0
231 891719 3 4294967295 0 0
232 255 3 4294967295 0 0
233 87033 3 4294967295 0 0
234 399785 3 4294967295 0 0
235 632949 3 4294967295 0 0
236 249 3 4294967295 0 0
237 258874 3 4294967295 0 0
238 22731 3 4294967295 0 0
239 437205 3 4294967295 0 0
240 740512 3 4294967295 0 0
241 937773 3 4294967295 0 0
242 933953 3 4294967295 0 0
243 586042 3 4294967295 0 0
244 488207 3 4294967295 0 0
245 464159 3 4294967295 0 0
246 647588 3 4294967295 0 0
247 603036 3 4294967295 0 0
248 866496 3 4294967295 0 0
249 664840 3 4294967295 0 0
250 947680 3 4294967295 0 0
