9765854 55555 0.000010
0 1039553 2210443 1039553 2196723 1
1 1334798 929377 1334798 923613 1
2 4211539 559858 4211539 556415 1
3 3137304 390755 3137304 388300 1
4 7084740 295642 7084740 293895 1
5 4778440 235391 4778440 233953 1
6 6133043 194136 6133043 192908 1
7 1321801 164292 1321801 163266 1
8 3602344 141800 3602344 140913 1
9 3444396 124302 3444396 123528 1
10 6406523 110341 6406523 109701 1
11 3152748 98970 3152748 98342 1
12 5048708 89547 5048708 89016 1
13 4767725 81624 4767725 81117 1
14 2470347 74880 2470347 74405 1
15 9792592 69076 9792592 68652 1
16 16 64035 16 63629 1
17 17 59620 17 59238 1
18 3841286 55723 3841286 55379 1
19 5561446 52263 5561446 51946 1
20 5541905 49171 5541905 48892 1
21 1622023 46393 1622023 46072 1
22 9366026 43885 9366026 43595 1
23 6749807 41612 6749807 41344 1
24 2102122 39542 2102122 39306 1
25 25 37650 25 37408 1
26 5935020 35915 5935020 35663 1
27 9709277 34319 9709277 34089 1
28 5619599 32846 5619599 32660 1
29 1751403 31483 1751403 31284 1
30 8197054 30219 8197054 30050 1
31 8448207 29043 8448207 28856 1
32 1615449 27947 1615449 27741 1
33 2612563 26923 2612563 26752 1
34 7050751 25965 7050751 25805 1
35 4976239 25067 4976239 24896 1
36 7088296 24223 7088296 24072 1
37 8181905 23429 8181905 23291 1
38 38 22680 38 22546 1
39 1957559 21974 1957559 21838 1
40 5818068 21306 5818068 21162 1
41 4852100 20674 4852100 20556 1
42 4132839 20074 4132839 19925 1
43 43 19506 43 19367 1
44 9503514 18965 9503514 18834 1
45 45 18452 45 18333 1
46 8932064 17962 8932064 17818 1
47 7395632 17496 7395632 17380 1
48 6267130 17050 6267130 16929 1
49 1105939 16625 1105939 16529 1
50 4818817 16219 4818817 16105 1
51 2202971 15830 2202971 15727 1
52 678277 15457 678277 15337 1
53 9466253 15100 9466253 15009 1
54 7215871 14758 7215871 14663 1
55 1042365 14429 1042365 14338 1
56 4401624 14114 4401624 14018 1
57 57 13810 57 13721 1
58 8752557 13518 8752557 13435 1
59 9234490 13237 9234490 13160 1
60 9265404 12966 9265404 12895 1
61 7217155 12705 7217155 12626 1
62 7741560 12454 7741560 12359 1
63 7752085 12211 7752085 12134 1
64 4249730 11977 4249730 11904 1
65 65 11750 65 11679 1
66 2748601 11531 2748601 11453 1
67 6457397 11320 6457397 11246 1
68 68 11115 68 11056 1
69 1086211 10917 1086211 10859 1
70 5676427 10725 5676427 10663 1
71 2806316 10539 2806316 10487 1
72 4427936 10359 4427936 10292 1
73 7422436 10184 7422436 10121 1
74 4575700 10015 4575700 9962 1
75 5667401 9851 5667401 9794 1
76 3971389 9691 3971389 9626 1
77 509928 9536 509928 9480 1
78 832383 9385 832383 9334 1
79 5828992 9239 5828992 9170 1
80 736761 9096 736761 9029 1
81 7823074 8958 7823074 8915 1
82 2610898 8823 2610898 8772 1
83 83 8692 83 8626 1
84 3836307 8565 3836307 8515 1
85 2139337 8440 2139337 8400 1
86 6173501 8319 6173501 8265 1
87 87 8201 87 8158 1
88 6970913 8086 6970913 8034 1
89 170181 7974 170181 7922 1
90 6797971 7865 6797971 7805 1
91 9307760 7758 9307760 7714 1
92 9760366 7654 9760366 7604 1
93 463070 7552 463070 7497 1
94 94 7453 94 7404 1
95 1034491 7356 1034491 7313 1
96 6298523 7261 6298523 7213 1
97 2567063 7169 2567063 7130 1
98 98 7078 98 7025 1
99 6216239 6990 6216239 6946 1
100 302443 6904 302443 6867 1
101 101 6819 101 6782 1
102 7368653 6736 7368653 6694 1
103 4896524 6656 4896524 6619 1
104 7473065 6576 7473065 6528 1
105 3883727 6499 3883727 6452 1
106 448087 6423 448087 6383 1
107 2497796 6349 2497796 6309 1
108 8143720 6276 8143720 6241 1
109 5746957 6205 5746957 6173 1
110 3365977 6135 3365977 6096 1
111 111 6067 111 6033 1
112 1551629 6000 1551629 5965 1
113 113 5934 113 5895 1
114 5127386 5870 5127386 5826 1
115 115 5806 115 5766 1
116 8774190 5744 8774190 5713 1
117 8436799 5684 8436799 5650 1
118 118 5624 118 5589 1
119 1623703 5565 1623703 5534 1
120 4488972 5508 4488972 5474 1
121 6973796 5452 6973796 5410 1
122 122 5396 122 5367 1
123 6555360 5342 6555360 5303 1
124 4157301 5289 4157301 5247 1
125 6271296 5236 6271296 5208 1
126 5648942 5185 5648942 5143 1
127 5382233 5134 5382233 5100 1
128 3993568 5084 3993568 5051 1
129 6088434 5036 6088434 5002 1
130 9612438 4988 9612438 4958 1
131 7509482 4940 7509482 4910 1
132 6456036 4894 6456036 4864 1
133 3612666 4848 3612666 4820 1
134 8758696 4804 8758696 4773 1
135 4368354 4759 4368354 4726 1
136 8582095 4716 8582095 4691 1
137 137 4673 137 4643 1
138 7767300 4631 7767300 4602 1
139 622912 4590 622912 4564 1
140 9541397 4549 9541397 4520 1
141 8758988 4509 8758988 4479 1
142 6554385 4470 6554385 4454 1
143 9533265 4431 9533265 4396 1
144 3991398 4393 3991398 4368 1
145 1409387 4356 1409387 4323 1
146 2480029 4318 2480029 4287 1
147 147 4282 147 4260 1
148 4950038 4246 4950038 4214 1
149 6797852 4211 6797852 4184 1
150 6010152 4176 6010152 4153 1
151 8322280 4142 8322280 4118 1
152 152 4108 152 4087 1
153 9524891 4075 9524891 4043 1
154 772542 4042 772542 4012 1
155 4922971 4009 4922971 3987 1
156 2545163 3977 2545163 3952 1
157 2627107 3946 2627107 3917 1
158 8090588 3915 8090588 3889 1
159 3048932 3884 3048932 3853 1
160 9423218 3854 9423218 3835 1
161 4893440 3825 4893440 3803 1
162 438817 3795 438817 3767 1
163 8521691 3766 8521691 3742 1
164 190280 3738 190280 3718 1
165 5580835 3710 5580835 3693 1
166 9576574 3682 9576574 3664 1
167 4794101 3655 4794101 3632 1
168 6729913 3628 6729913 3610 1
169 2154098 3601 2154098 3575 1
170 432895 3575 432895 3556 1
171 9363808 3549 9363808 3530 1
172 6907295 3523 6907295 3511 1
173 3240780 3498 3240780 3485 1
174 174 3473 174 3452 1
175 175 3448 175 3422 1
176 4288623 3424 4288623 3399 1
177 7704295 3400 7704295 3382 1
178 9512579 3376 9512579 3349 1
179 6095681 3353 6095681 3332 1
180 6578590 3330 6578590 3313 1
181 181 3307 181 3288 1
182 182 3284 182 3266 1
183 4038686 3262 4038686 3233 1
184 184 3240 184 3220 1
185 9879203 3218 9879203 3196 1
186 8913949 3197 8913949 3169 1
187 7432308 3175 7432308 3150 1
188 5517840 3154 5517840 3131 1
189 2491882 3134 2491882 3118 1
190 8302373 3113 8302373 3092 1
191 6546311 3093 6546311 3078 1
192 5225977 3073 5225977 3053 1
193 193 3053 193 3029 1
194 4028464 3033 4028464 3011 1
195 6384861 3014 6384861 2993 1
196 1124658 2995 1124658 2975 1
197 5353187 2976 5353187 2957 1
198 4551515 2957 4551515 2937 1
199 737008 2939 737008 2926 1
200 7897924 2921 7897924 2906 1
201 6460767 2903 6460767 2885 1
202 8610409 2885 8610409 2864 1
203 2891872 2867 2891872 2849 1
204 4751813 2850 4751813 2828 1
205 465269 2832 465269 2813 1
206 3162508 2815 3162508 2798 1
207 4268356 2798 4268356 2779 1
208 9308562 2782 9308562 2768 1
209 238557 2765 238557 2744 1
210 6851653 2749 6851653 2736 1
211 5747514 2732 5747514 2713 1
212 2811052 2716 2811052 2701 1
213 4547674 2701 4547674 2688 1
214 8787004 2685 8787004 2660 1
215 1774061 2669 1774061 2652 1
216 216 2654 216 2633 1
217 1027573 2639 1027573 2619 1
218 2615140 2624 2615140 2611 1
219 4700162 2609 4700162 2598 1
220 7941122 2594 7941122 2576 1
221 2547902 2580 2547902 2565 1
222 2183827 2565 2183827 2540 1
223 1148627 2551 1148627 2536 1
224 8512732 2537 8512732 2525 1
225 5491079 2523 5491079 2503 1
226 9323702 2509 9323702 2498 1
227 719093 2495 719093 2477 1
228 673407 2481 673407 2465 1
229 4679021 2468 4679021 2453 1
230 1194314 2455 1194314 2443 1
231 8459317 2441 8459317 2428 1
232 232 2428 232 2416 1
233 233 2415 233 2404 1
234 8609497 2402 8609497 2392 1
235 6027228 2390 7639695 2367 0
236 7639695 2377 6027228 2367 0
237 676094 2365 676094 2345 1
238 7633046 2352 7633046 2329 1
239 8358773 2340 8358773 2326 1
240 9679071 2328 9679071 2312 1
241 303916 2316 303916 2302 1
242 21522 2304 21522 2293 1
243 9355040 2292 9355040 2275 1
244 6975580 2280 6975580 2263 1
245 1656888 2269 1656888 2254 1
246 1482929 2257 1482929 2247 1
247 6756458 2246 6756458 2229 1
248 614072 2235 614072 2221 1
249 2404366 2224 2404366 2209 1
250 9244073 2213 9244073 2200 1
251 7432945 2202 7432945 2194 1
252 9343886 2191 9343886 2177 1
253 7375426 2180 7375426 2166 1
254 4704406 2169 4704406 2155 1
255 231244 2159 231244 2147 1
256 8028416 2148 8028416 2132 1
257 9506573 2138 9506573 2123 1
258 9780790 2127 9780790 2115 1
259 8659422 2117 8659422 2094 1
260 2868941 2107 2868941 2089 1
261 8130370 2097 8130370 2077 1
262 9938174 2087 9938174 2073 1
263 6868924 2077 6868924 2066 1
264 7936923 2067 7936923 2054 1
265 1168780 2058 1168780 2047 1
266 9414406 2048 9414406 2037 1
267 267 2039 267 2023 1
268 8549770 2029 8549770 2018 1
269 6067145 2020 6067145 2009 1
270 6306962 2010 6306962 1995 1
271 9805126 2001 9805126 1990 1
272 928570 1992 928570 1981 1
273 1633814 1983 1633814 1974 1
274 2514858 1974 2514858 1961 1
275 42339 1965 42339 1946 1
276 796346 1956 796346 1940 1
277 1920346 1947 1920346 1938 1
278 4349113 1939 4349113 1925 1
279 9553112 1930 9553112 1925 1
280 1236292 1921 1236292 1910 1
281 8344541 1913 7477169 1893 0
282 7477169 1904 8344541 1891 0
283 2696880 1896 2696880 1878 1
284 8612708 1888 8612708 1870 1
285 862194 1879 862194 1866 1
286 286 1871 286 1858 1
287 287 1863 287 1848 1
288 288 1855 288 1840 1
289 9242110 1847 9242110 1833 1
290 7255572 1839 7255572 1824 1
291 2887928 1831 2887928 1819 1
292 292 1823 292 1813 1
293 293 1816 293 1804 1
294 294 1808 294 1792 1
295 3869514 1800 3869514 1785 1
296 296 1793 296 1783 1
297 6037879 1785 6037879 1771 1
298 4908297 1778 4908297 1770 1
299 8070840 1770 8070840 1758 1
300 300 1763 300 1754 1
301 2773854 1756 2773854 1748 1
302 371405 1749 371405 1742 1
303 2268861 1741 2268861 1731 1
304 50020 1734 50020 1728 1
305 6115677 1727 6115677 1718 1
306 3724198 1720 3724198 1706 1
307 7792207 1713 7792207 1699 1
308 1324447 1706 1324447 1698 1
309 7447559 1699 7447559 1690 1
310 50139 1693 50139 1682 1
311 2201885 1686 2201885 1678 1
312 3529458 1679 3529458 1667 1
313 442479 1672 442479 1662 1
314 529628 1666 529628 1655 1
315 5385372 1659 5385372 1647 1
316 9958128 1653 9958128 1641 1
317 7569061 1646 7569061 1636 1
318 9094667 1640 9094667 1628 1
319 2725555 1633 2725555 1621 1
320 320 1627 320 1615 1
321 3396942 1621 3396942 1613 1
322 2237715 1614 2237715 1608 1
323 4545179 1608 4545179 1596 1
324 4368652 1602 4368652 1593 1
325 2389422 1596 2389422 1592 1
326 3014990 1590 3014990 1582 1
327 468563 1584 9704765 1572 0
328 9704765 1578 468563 1570 0
329 1111927 1572 1111927 1564 1
330 1874597 1566 1874597 1551 1
331 5382349 1560 5382349 1548 1
332 8405167 1554 8405167 1543 1
333 9273767 1548 9273767 1541 1
334 9690227 1542 9690227 1536 1
335 9332136 1537 1769401 1523 0
336 1769401 1531 9332136 1523 0
337 7393579 1525 7393579 1518 1
338 2343517 1520 2343517 1508 1
339 4307791 1514 4307791 1503 1
340 852138 1508 852138 1496 1
341 341 1503 341 1491 1
342 342 1497 342 1484 1
343 4637871 1492 4637871 1481 1
344 9338315 1487 9338315 1477 1
345 8576206 1481 8576206 1466 1
346 346 1476 346 1464 1
347 1124938 1471 1124938 1462 1
348 8241752 1465 8241752 1451 1
349 6583060 1460 1636802 1448 0
350 1636802 1455 6583060 1448 0
351 3028323 1450 3028323 1440 1
352 3140608 1445 3140608 1439 1
353 2567560 1440 2567560 1427 1
354 354 1434 354 1422 1
355 355 1429 355 1417 1
356 9958664 1424 9958664 1414 1
357 2530398 1419 2530398 1411 1
358 8060135 1415 8882576 1407 0
359 8882576 1410 8060135 1402 0
360 234484 1405 234484 1398 1
361 5887704 1400 5887704 1393 1
362 4100845 1395 4100845 1389 1
363 7961197 1390 7961197 1381 1
364 8453000 1386 8453000 1377 1
365 2554116 1381 2554116 1368 1
366 6891020 1376 7566340 1364 0
367 7566340 1371 6891020 1362 0
368 368 1367 368 1361 1
369 4912338 1362 4912338 1351 1
370 587166 1358 587166 1348 1
371 2935740 1353 2935740 1346 1
372 9112575 1348 5701322 1338 0
373 5701322 1344 9112575 1334 0
374 6421252 1339 6421252 1330 1
375 6112591 1335 6112591 1330 1
376 2556990 1331 2556990 1326 1
377 7361539 1326 7361539 1319 1
378 3444532 1322 3444532 1315 1
379 163395 1317 163395 1311 1
380 8103535 1313 8103535 1304 1
381 9794837 1309 9794837 1299 1
382 382 1305 382 1297 1
383 6876830 1300 7525747 1292 0
384 7525747 1296 6876830 1291 0
385 9398911 1292 9398911 1282 1
386 2952995 1288 2952995 1280 1
387 9165661 1284 9165661 1278 1
388 8797389 1280 8797389 1274 1
389 389 1275 389 1273 1
390 1598212 1271 1598212 1265 1
391 8688871 1267 8688871 1264 1
392 160381 1263 160381 1260 1
393 922356 1259 922356 1250 1
394 3321446 1255 9591774 1245 0
395 9591774 1251 3321446 1244 0
396 7811628 1247 7811628 1235 1
397 6516674 1243 6516674 1232 1
398 7272772 1240 7272772 1232 1
399 891140 1236 8546836 1226 0
400 3191532 1232 891140 1226 0
401 8546836 1228 3191532 1222 0
402 402 1224 402 1217 1
403 9815448 1220 8211117 1214 0
404 8211117 1217 9815448 1213 0
405 405 1213 405 1208 1
406 1871175 1209 1871175 1199 1
407 7465056 1205 7465056 1196 1
408 1648994 1202 1648994 1194 1
409 409 1198 409 1190 1
410 727885 1194 7355198 1187 0
411 7355198 1191 727885 1183 0
412 6156958 1187 7185338 1180 0
413 7185338 1184 6156958 1179 0
414 3585881 1180 3585881 1171 1
415 9210616 1177 6824405 1168 0
416 416 1173 9210616 1167 0
417 6824405 1170 416 1167 0
418 3607721 1166 3607721 1159 1
419 2331773 1163 2331773 1156 1
420 420 1159 420 1152 1
421 421 1156 7333496 1147 0
422 7333496 1152 2415768 1146 0
423 2415768 1149 421 1145 0
424 6626112 1145 3498654 1137 0
425 5387753 1142 6626112 1134 0
426 3498654 1139 5387753 1132 0
427 8006384 1135 8006384 1129 1
428 9549535 1132 9549535 1126 1
429 4818440 1129 8416280 1122 0
430 8416280 1126 4818440 1122 0
431 6609818 1122 6609818 1115 1
432 2954668 1119 5714036 1112 0
433 5714036 1116 4408511 1108 0
434 4408511 1113 2954668 1107 0
435 1049034 1109 1049034 1104 1
436 436 1106 436 1101 1
437 437 1103 9411772 1097 0
438 9411772 1100 437 1094 0
439 8586761 1097 8586761 1088 1
440 8265720 1094 8265720 1087 1
441 6808351 1091 6808351 1081 1
442 6991417 1088 6991417 1078 1
443 8242452 1085 7779208 1076 0
444 7779208 1082 8242452 1075 0
445 445 1078 445 1074 1
446 2027724 1075 2027724 1068 1
447 9405892 1072 9405892 1063 1
448 448 1069 1864777 1060 0
449 1864777 1067 448 1059 0
450 450 1064 450 1057 1
451 2426983 1061 2426983 1054 1
452 9667976 1058 9667976 1053 1
453 4589939 1055 4568516 1048 0
454 4568516 1052 4589939 1047 0
455 1966488 1049 1966488 1042 1
456 4743150 1046 6641958 1041 0
457 6641958 1043 4743150 1040 0
458 6453909 1040 6453909 1034 1
459 7803478 1038 1040440 1032 0
460 1040440 1035 7803478 1028 0
461 461 1032 8076817 1026 0
462 8076817 1029 461 1024 0
463 463 1026 463 1022 1
464 2860008 1024 7779943 1016 0
465 7779943 1021 4224978 1015 0
466 4224978 1018 2860008 1013 0
467 4145247 1015 4145247 1007 1
468 468 1013 6152239 1005 0
469 6152239 1010 468 1003 0
470 6416869 1007 6416869 1002 1
471 471 1005 471 1000 1
472 6831866 1002 6831866 996 1
473 5413836 999 5413836 992 1
474 2569951 997 2569951 990 1
475 1631696 994 1631696 988 1
476 3361148 992 3361148 986 1
477 477 989 8568834 982 0
478 8568834 986 477 979 0
479 3521172 984 3521172 975 1
480 480 981 480 974 1
481 9809225 979 9809225 974 1
482 9289126 976 9289126 968 1
483 9291433 974 9291433 966 1
484 3616602 971 3616602 966 1
485 6690235 969 6690235 963 1
486 6384896 966 6384896 960 1
487 5674083 964 4046608 956 0
488 3751487 961 5674083 954 0
489 4046608 959 3751487 951 0
490 9225138 956 4332798 949 0
491 4332798 954 9225138 947 0
492 492 952 492 946 1
493 33900 949 33900 942 1
494 1884924 947 1884924 942 1
495 1195402 944 1195402 937 1
496 1299196 942 1299196 937 1
497 2457628 940 2457628 934 1
498 4719567 937 4719567 932 1
499 6136948 935 6136948 929 1
500 2893271 933 2893271 927 1
501 1047730 930 1047730 925 1
502 751857 928 751857 924 1
503 5601722 926 1868659 921 0
504 1868659 923 5601722 919 0
505 505 921 505 918 1
506 1362345 919 1362345 914 1
507 507 917 4422 910 0
508 4422 914 507 909 0
509 2053578 912 7795021 909 0
510 7795021 910 2053578 909 0
511 7967958 908 7198607 900 0
512 2483776 905 7967958 900 0
513 7198607 903 2483776 898 0
514 8225350 901 7431640 892 0
515 7431640 899 9199303 892 0
516 9199303 897 8225350 890 0
517 517 894 517 887 1
518 467405 892 467405 887 1
519 9966506 890 9966506 885 1
520 520 888 521 883 0
521 521 886 520 882 0
522 5594389 884 5594389 881 1
523 4100272 882 4100272 875 1
524 4355423 880 4355423 874 1
525 1830977 877 1830977 872 1
526 948466 875 948466 868 1
527 607309 873 607309 867 1
528 2387899 871 2387899 867 1
529 1996264 869 1996264 865 1
530 7272128 867 7272128 864 1
531 694552 865 694552 857 1
532 5031776 863 2940903 855 0
533 2940903 861 6499788 854 0
534 6499788 859 5031776 854 0
535 2487656 857 2487656 854 1
536 2559643 855 2559643 852 1
537 5051381 853 5051381 849 1
538 6430295 851 6430295 847 1
539 9457862 849 2387965 841 0
540 2387965 847 9457862 841 0
541 6989518 845 6989518 839 1
542 1861473 843 1861473 839 1
543 4019404 841 5355406 836 0
544 5355406 839 4019404 836 0
545 7945620 838 7945620 835 1
546 7352364 836 547 831 0
547 547 834 7352364 830 0
548 548 832 1202905 825 0
549 549 830 549 824 1
550 1202905 828 548 824 0
551 2711642 826 4764986 822 0
552 4764986 824 2711642 822 0
553 63057 822 5939105 820 0
554 5939105 821 63057 820 0
555 5462913 819 5462913 815 1
556 4682245 817 8610799 812 0
557 8610799 815 4682245 811 0
558 5306657 813 5306657 809 1
559 2447005 811 2447005 805 1
560 5107329 810 5107329 805 1
561 561 808 561 805 1
562 1935452 806 1935452 799 1
563 4794985 804 4794985 798 1
564 835956 802 835956 797 1
565 2283643 801 6228736 796 0
566 8948829 799 8948829 795 1
567 6228736 797 2283643 794 0
568 1608644 795 1118153 789 0
569 1118153 794 1608644 789 0
570 570 792 8334158 788 0
571 8334158 790 570 786 0
572 2822571 788 2822571 782 1
573 9082679 787 1192208 780 0
574 1385529 785 9082679 779 0
575 575 783 575 779 1
576 1192208 782 1385529 777 0
577 4792694 780 4792694 777 1
578 6205984 778 3971821 773 0
579 3971821 777 6205984 770 0
580 2486685 775 2486685 769 1
581 2854400 773 694999 768 0
582 6229701 772 2854400 768 0
583 2574702 770 6229701 767 0
584 694999 768 2574702 765 0
585 149223 767 149223 763 1
586 8735128 765 8735128 762 1
587 5239904 763 5239904 758 1
588 588 762 2847978 755 0
589 9859973 760 588 754 0
590 3807179 759 3807179 753 1
591 2847978 757 9859973 753 0
592 848685 755 848685 751 1
593 2759085 754 2797590 749 0
594 7458873 752 2759085 748 0
595 2797590 751 8610589 746 0
596 6081732 749 997166 744 0
597 997166 747 6081732 744 0
598 8610589 746 7458873 742 0
599 8311932 744 1295772 741 0
600 1295772 743 8311932 738 0
601 601 741 601 736 1
602 809889 740 809889 736 1
603 2567445 738 2413448 733 0
604 2413448 737 2567445 732 0
605 3344009 735 3344009 730 1
606 4155091 734 3534157 727 0
607 3534157 732 8740674 725 0
608 8740674 731 4155091 724 0
609 6354382 729 610 722 0
610 610 728 9337029 721 0
611 9337029 726 6354382 720 0
612 612 725 2455859 718 0
613 2455859 723 612 718 0
614 2952338 722 2952338 716 1
615 5261391 720 5261391 716 1
616 7068748 719 4973647 715 0
617 4973647 717 7068748 715 0
618 4711531 716 4711531 711 1
619 6210449 714 6210449 710 1
620 1134350 713 9406706 709 0
621 9406706 712 1534617 708 0
622 1534617 710 1134350 708 0
623 8865180 709 8865180 705 1
624 608452 707 3328206 701 0
625 3312002 706 608452 699 0
626 3328206 705 3312002 699 0
627 627 703 3957919 698 0
628 3957919 702 1808016 697 0
629 1808016 700 630 696 0
630 630 699 627 696 0
631 2910463 698 2910463 692 1
632 2403683 696 2403683 691 1
633 9877110 695 9877110 690 1
634 634 693 3939680 689 0
635 8655252 692 634 688 0
636 3939680 691 8655252 687 0
637 637 689 2526805 686 0
638 2526805 688 637 684 0
639 9481674 687 6850775 683 0
640 6850775 685 9481674 682 0
641 8964938 684 8964938 679 1
642 2444933 683 2444933 678 1
643 4165868 681 7852601 675 0
644 5810081 680 4165868 674 0
645 7852601 679 5810081 674 0
646 7287793 677 647 673 0
647 647 676 1246035 673 0
648 1246035 675 7287793 672 0
649 3977136 673 480411 668 0
650 480411 672 3977136 668 0
651 1445049 671 9337715 666 0
652 652 670 1445049 665 0
653 9337715 668 3534740 663 0
654 5135033 667 5135033 663 1
655 1081907 666 652 663 0
656 3534740 665 3077096 661 0
657 3077096 663 1081907 660 0
658 8729125 662 2016551 659 0
659 2016551 661 8729125 658 0
660 843298 660 843298 656 1
661 7529189 658 671129 654 0
662 671129 657 7529189 653 0
663 663 656 5468583 652 0
664 5468583 655 894219 650 0
665 894219 653 663 649 0
666 3169894 652 3414151 647 0
667 3414151 651 9618282 645 0
668 7465002 650 3169894 644 0
669 7141818 648 7141818 644 1
670 9618282 647 7465002 643 0
671 3523607 646 3523607 642 1
672 3928391 645 3458917 641 0
673 3458917 644 3928391 640 0
674 8139125 642 8139125 639 1
675 3124154 641 3124154 637 1
676 8249672 640 7063754 637 0
677 7063754 639 3524523 634 0
678 3524523 638 2283060 633 0
679 2283060 637 8249672 633 0
680 2250618 635 2250618 631 1
681 8332488 634 682 630 0
682 682 633 8332488 629 0
683 4384168 632 4384168 626 1
684 62121 631 685 626 0
685 685 630 898525 625 0
686 6569340 628 62121 625 0
687 898525 627 7754272 624 0
688 2405301 626 6569340 624 0
689 7754272 625 2405301 620 0
690 3828031 624 5422167 620 0
691 5422167 623 692 619 0
692 692 622 3828031 619 0
693 693 621 693 618 1
694 694 619 694 617 1
695 2140522 618 697 615 0
696 4538310 617 4538310 614 1
697 697 616 2140522 614 0
698 7379929 615 7379929 614 1
699 3446780 614 3446780 612 1
700 7385987 613 7385987 608 1
701 2034656 612 7848042 606 0
702 699129 611 699129 606 1
703 5335483 610 5335483 606 1
704 7848042 608 2034656 604 0
705 3488629 607 708 602 0
706 185281 606 185281 602 1
707 707 605 3488629 602 0
708 708 604 707 599 0
709 205689 603 205689 599 1
710 7038224 602 7038224 599 1
711 8164847 601 7307986 597 0
712 7307986 600 2994398 596 0
713 2994398 599 8164847 596 0
714 714 598 714 594 1
715 6588758 597 322359 593 0
716 322359 596 6588758 592 0
717 4234165 595 4234165 591 1
718 8195247 594 719 591 0
719 719 593 3082131 590 0
720 3082131 592 2408238 589 0
721 2408238 591 8195247 587 0
722 2696440 590 2696440 586 1
723 1360277 589 725 585 0
724 5275360 588 5275360 584 1
725 725 587 7113548 583 0
726 7113548 586 456712 583 0
727 456712 585 1360277 582 0
728 5175989 584 1660139 581 0
729 1660139 583 730 578 0
730 730 582 6393285 578 0
731 3427007 581 5175989 578 0
732 6393285 580 3074515 577 0
733 3074515 579 3427007 576 0
734 6143873 578 4408995 574 0
735 5764904 577 6143873 573 0
736 736 576 3761332 572 0
737 4408995 575 736 572 0
738 3761332 574 5764904 571 0
739 4752733 573 4752733 570 1
740 9240223 572 9225150 568 0
741 7796860 571 7796860 567 1
742 9225150 570 743 565 0
743 743 569 74407 564 0
744 74407 568 9240223 563 0
745 142397 567 7001815 562 0
746 4891179 566 142397 562 0
747 9666189 565 8913996 561 0
748 7001815 564 9666189 560 0
749 7575669 563 4891179 559 0
750 8913996 562 125687 559 0
751 125687 561 7575669 558 0
752 9062956 560 2401889 557 0
753 2401889 559 9062956 556 0
754 7220579 559 7220579 556 1
755 3592845 558 4815969 554 0
756 4815969 557 2306282 552 0
757 2306282 556 3592845 552 0
758 2576847 555 2576847 551 1
759 3085241 554 9058420 549 0
760 3343418 553 176144 549 0
761 176144 552 3085241 548 0
762 9058420 551 8365114 548 0
763 4513201 550 4513201 548 1
764 8365114 549 3343418 547 0
765 7520180 549 8949213 546 0
766 8949213 548 7520180 546 0
767 7156203 547 8048219 543 0
768 4902866 546 4902866 541 1
769 769 545 769 541 1
770 8048219 544 2807022 541 0
771 8038501 543 7156203 540 0
772 651735 542 651735 540 1
773 2783193 541 1541654 537 0
774 2807022 541 3651504 537 0
775 769453 540 2783193 537 0
776 1541654 539 8038501 537 0
777 3651504 538 769453 536 0
778 8167339 537 2922433 534 0
779 2922433 536 1310532 533 0
780 7893285 535 8167339 533 0
781 1310532 535 2406085 530 0
782 4482298 534 4482298 530 1
783 9243023 533 7893285 529 0
784 2406085 532 785 528 0
785 785 531 9243023 527 0
786 8590879 530 8590879 527 1
787 8897863 529 3721055 526 0
788 3969902 529 9479541 524 0
789 8191557 528 8191557 523 1
790 6833055 527 8897863 523 0
791 3721055 526 3969902 523 0
792 9479541 525 6833055 522 0
793 5864872 524 5864872 521 1
794 794 524 794 521 1
795 2495082 523 2495082 520 1
796 5838336 522 7502794 519 0
797 7502794 521 1196230 517 0
798 9521010 520 5838336 517 0
799 1196230 520 9521010 516 0
800 1608823 519 8516191 515 0
801 8516191 518 8915692 514 0
802 8306334 517 1608823 514 0
803 8915692 516 8159934 514 0
804 8159934 516 6781221 512 0
805 6554669 515 6554669 511 1
806 6781221 514 8306334 511 0
807 27659 513 27659 509 1
808 8944855 512 706795 509 0
809 4009456 512 4009456 508 1
810 8473843 511 8473843 507 1
811 706795 510 8579441 504 0
812 8579441 509 8944855 504 0
813 537630 508 9502308 504 0
814 813 508 813 503 1
815 9533128 507 9533128 503 1
816 9502308 506 230996 502 0
817 1612248 505 2944663 501 0
818 6989028 505 537630 500 0
819 230996 504 6989028 499 0
820 8519549 503 1612248 499 0
821 2944663 502 8519549 499 0
822 4086199 501 823 498 0
823 823 501 9507991 498 0
824 9507991 500 4086199 498 0
825 9565550 499 3619045 495 0
826 1142747 498 1142747 495 1
827 9833533 498 9565550 495 0
828 3619045 497 7254102 494 0
829 6495892 496 6495892 492 1
830 9681319 495 9826103 491 0
831 7254102 495 9833533 490 0
832 6718850 494 9681319 490 0
833 9826103 493 9830206 490 0
834 9830206 492 6718850 489 0
835 5466670 492 7147412 489 0
836 7147412 491 5132190 488 0
837 9016879 490 5466670 488 0
838 5132190 490 9016879 486 0
839 7284675 489 97722 485 0
840 2363754 488 7284675 485 0
841 343116 487 2363754 485 0
842 9260858 487 343116 483 0
843 97722 486 9260858 483 0
844 844 485 5464282 482 0
845 6140743 484 844 482 0
846 5464282 484 849 482 0
847 8117415 483 8117415 481 1
848 849 482 6140743 480 0
849 9204683 482 9071382 477 0
850 7927644 481 9204683 477 0
851 7210190 480 7210190 476 1
852 9071382 480 7927644 476 0
853 5629403 479 5629403 475 1
854 4944996 478 856 475 0
855 8259783 477 2472318 474 0
856 856 477 4944996 474 0
857 857 476 8259783 474 0
858 8524525 475 8524525 473 1
859 4257770 475 4257770 473 1
860 2472318 474 857 473 0
861 6855209 473 6855209 472 1
862 7111572 473 2900617 470 0
863 4426821 472 4426821 469 1
864 864 471 864 469 1
865 1738451 471 1738451 467 1
866 2900617 470 7111572 467 0
867 8299836 469 8299836 466 1
868 5691724 468 2284200 464 0
869 3688338 468 937191 463 0
870 3335247 467 5691724 463 0
871 7075174 466 7075174 463 1
872 937191 466 9666567 462 0
873 9989723 465 3335247 462 0
874 2284200 464 3688338 462 0
875 9666567 464 9989723 461 0
876 2494989 463 391307 461 0
877 2446779 462 2446779 461 1
878 391307 462 2494989 460 0
879 879 461 879 460 1
880 1146662 461 5431797 459 0
881 4402141 460 4402141 459 1
882 5431797 459 1146662 459 0
883 8035021 459 8035021 458 1
884 4047543 458 4047543 457 1
885 7050661 457 8945043 456 0
886 2922550 457 7050661 454 0
887 8945043 456 2922550 454 0
888 33400 455 3008199 453 0
889 5369897 455 5369897 452 1
890 3008199 454 1607309 451 0
891 1025359 453 33400 451 0
892 7425579 453 1025359 450 0
893 1405170 452 893 450 0
894 893 452 7425579 449 0
895 1607309 451 327883 448 0
896 3808064 450 1405170 448 0
897 7692514 450 900 448 0
898 327883 449 3808064 447 0
899 9851784 448 7692514 446 0
900 900 448 9851784 446 0
901 3968700 447 7720610 444 0
902 2570630 447 3968700 444 0
903 6191445 446 88668 444 0
904 7720610 445 6191445 443 0
905 88668 445 910 441 0
906 2922463 444 2570630 441 0
907 3171090 443 3171090 440 1
908 5860778 443 2922463 439 0
909 5643966 442 5860778 439 0
910 910 442 912 439 0
911 6472351 441 5643966 439 0
912 4843278 440 4843278 438 1
913 912 440 2883327 436 0
914 2883327 439 6472351 436 0
915 1986366 439 8738114 436 0
916 8738114 438 1986366 435 0
917 917 437 8551065 435 0
918 3864667 437 3864667 434 1
919 1037650 436 921 434 0
920 8551065 436 1037650 434 0
921 921 435 917 434 0
922 3524698 434 1622452 431 0
923 1622452 434 3524698 431 0
924 6125045 433 5795399 431 0
925 103181 433 6125045 431 0
926 2040083 432 2040083 430 1
927 5795399 432 7292186 428 0
928 1045366 431 1045366 428 1
929 9353831 430 7383761 428 0
930 8225707 430 9601223 428 0
931 932 429 9353831 428 0
932 7383761 429 103181 427 0
933 7292186 428 8225707 426 0
934 9601223 428 932 425 0
935 1906414 427 6023858 424 0
936 6935178 426 936 424 0
937 936 426 6935178 423 0
938 2384031 425 1906414 423 0
939 4247488 425 4247488 422 1
940 4555317 424 4555317 421 1
941 6023858 424 945 420 0
942 8329710 423 2770481 420 0
943 2770481 422 8329710 420 0
944 999293 422 9551495 419 0
945 3795008 421 999293 419 0
946 945 421 2384031 419 0
947 7685169 420 3795008 418 0
948 6960094 420 6960094 417 1
949 3291593 419 7685169 417 0
950 9551495 419 1033764 416 0
951 1364679 418 3291593 416 0
952 2434973 417 1364679 415 0
953 1033764 417 2434973 414 0
954 3575802 416 550416 414 0
955 7836512 416 9623626 414 0
956 9623626 415 3575802 413 0
957 550416 415 958 411 0
958 3022575 414 7961501 411 0
959 958 414 3022575 411 0
960 7961501 413 7836512 410 0
961 370255 413 370255 410 1
962 3363581 412 5605338 410 0
963 6753904 412 6753904 409 1
964 5605338 411 7019183 407 0
965 1733321 410 7804189 407 0
966 4665440 410 1733321 407 0
967 7019183 409 3363581 406 0
968 967 409 5699182 406 0
969 2659436 408 967 405 0
970 7804189 408 2898988 404 0
971 5699182 407 7750741 404 0
972 6795822 407 6795822 404 1
973 2898988 406 4665440 403 0
974 204447 406 204447 403 1
975 1620558 405 1620558 403 1
976 2037575 405 2659436 403 0
977 4779425 404 2037575 403 0
978 7750741 404 979 400 0
979 979 403 4779425 400 0
980 7381382 403 9816660 400 0
981 9816660 402 2779350 399 0
982 6328794 402 1537313 399 0
983 9365650 401 9365650 398 1
984 1537313 401 4150486 398 0
985 2779350 400 985 397 0
986 985 400 990 396 0
987 987 399 6217633 396 0
988 4150486 399 6328794 396 0
989 990 398 4861071 396 0
990 6217633 398 7381382 396 0
991 8005480 397 994 395 0
992 4861071 397 987 395 0
993 994 396 8005480 394 0
994 1882546 396 1882546 394 1
995 2702298 395 9447883 393 0
996 9447883 395 8130421 393 0
997 8130421 394 2702298 392 0
998 3276697 394 8739541 392 0
999 2335328 393 3276697 391 0
1000 8739541 393 6190782 391 0
1001 2090565 392 2335328 390 0
1002 7315008 392 8796981 389 0
1003 6190782 391 2090565 389 0
1004 8796981 391 6237017 388 0
1005 2534803 390 2534803 388 1
1006 2756956 390 2756956 387 1
1007 7126214 389 7315008 387 0
1008 6237017 389 9085357 386 0
1009 5402930 388 5402930 385 1
1010 9085357 388 2885443 385 0
1011 936678 387 9435246 384 0
1012 1011 387 7126214 384 0
1013 7759203 386 936678 384 0
1014 2885443 386 6194961 384 0
1015 6194961 385 1016 383 0
1016 1016 385 3705152 383 0
1017 3705152 384 1011 383 0
1018 9435246 384 5139257 382 0
1019 1020 383 1020 381 1
1020 6136765 383 7759203 381 0
1021 9553946 383 6136765 381 0
1022 5139257 382 5003832 380 0
1023 942966 382 2825137 379 0
1024 5003832 381 4758952 379 0
1025 4758952 381 9553946 379 0
1026 2825137 380 4334992 377 0
1027 6076874 380 4812217 377 0
1028 9960346 379 3462564 377 0
1029 4812217 379 9960346 377 0
1030 4334992 378 159810 376 0
1031 3462564 378 6076874 376 0
1032 159810 377 6919541 375 0
1033 6159203 377 942966 375 0
1034 7493023 377 8725436 374 0
1035 8725436 376 6044856 374 0
1036 6919541 376 3193206 373 0
1037 1037 375 6159203 373 0
1038 1038 375 3285724 372 0
1039 7692873 374 1038 372 0
1040 6044856 374 3393759 371 0
1041 3285724 373 1037 371 0
1042 3193206 373 7692873 370 0
1043 3393759 372 9917381 370 0
1044 9224503 372 5208466 370 0
1045 2190338 372 7493023 370 0
1046 9917381 371 7303075 369 0
1047 5571956 371 2190338 369 0
1048 5208466 370 5571956 369 0
1049 7303075 370 2454098 368 0
1050 7269919 369 7650791 368 0
1051 7128910 369 7269919 367 0
1052 5967091 369 9224503 367 0
1053 2454098 368 7128910 365 0
1054 7650791 368 1057 365 0
1055 3160537 367 3160537 365 1
1056 6861672 367 6883631 365 0
1057 4237759 366 2776844 364 0
1058 1057 366 4237759 364 0
1059 6883631 365 6861672 364 0
1060 2776844 365 1059 364 0
1061 1059 365 5967091 364 0
1062 4896458 364 4896458 363 1
1063 3628442 364 9222373 362 0
1064 9406529 363 3628442 362 0
1065 4246129 363 5482766 361 0
1066 9222373 362 3773470 361 0
1067 5482766 362 9406529 361 0
1068 3773470 362 6585584 360 0
1069 5419215 361 1072 359 0
1070 6585584 361 5419215 359 0
1071 8505936 360 4246129 358 0
1072 1072 360 8505936 358 0
1073 4909309 360 3296830 357 0
1074 4132538 359 4098925 357 0
1075 4098925 359 4909309 357 0
1076 9398031 358 6660577 357 0
1077 6660577 358 4132538 356 0
1078 3296830 357 2436135 356 0
1079 7371621 357 9398031 355 0
1080 2436135 357 7371621 355 0
1081 7242380 356 842433 355 0
1082 842433 356 5822138 354 0
1083 5714314 355 7242380 353 0
1084 4876655 355 4876655 353 1
1085 3001812 355 3001812 352 1
1086 5479606 354 5479606 352 1
1087 5822138 354 5714314 351 0
1088 9434515 353 7836206 351 0
1089 1089 353 5543230 350 0
1090 5543230 353 9434515 349 0
1091 7836206 352 964762 349 0
1092 3801511 352 3171910 349 0
1093 3171910 351 3814731 349 0
1094 8276959 351 3801511 348 0
1095 3814731 351 5247008 347 0
1096 964762 350 3256266 346 0
1097 5247008 350 7623087 346 0
1098 1677823 349 1557604 346 0
1099 1099 349 8276959 346 0
1100 1012070 349 1012070 346 1
1101 3256266 348 1089 346 0
1102 1557604 348 1099 346 0
1103 7623087 347 1677823 346 0
1104 9938528 347 5340519 345 0
1105 5340519 347 9475635 345 0
1106 9183977 346 9183977 344 1
1107 6719334 346 9938528 344 0
1108 9475635 345 6719334 344 0
1109 8322754 345 8322754 343 1
1110 8189082 345 9987789 343 0
1111 9987789 344 8189082 342 0
1112 7252783 344 7252783 342 1
1113 6735714 343 6735714 341 1
1114 1115 343 5630910 341 0
1115 6735124 343 1341473 341 0
1116 5630910 342 305639 340 0
1117 305639 342 8833387 340 0
1118 7964720 342 1115 340 0
1119 1341473 341 3793619 339 0
1120 8833387 341 6735124 338 0
1121 686388 340 7964720 338 0
1122 1123 340 686388 338 0
1123 3371039 340 1128 337 0
1124 3793619 339 3773918 337 0
1125 266191 339 3371039 337 0
1126 3773918 339 1127 336 0
1127 1127 338 7676129 336 0
1128 1128 338 1123 336 0
1129 9572767 337 266191 335 0
1130 1130 337 970781 335 0
1131 970781 337 9572767 334 0
1132 7676129 336 790348 334 0
1133 5505718 336 6820993 333 0
1134 790348 336 5505718 333 0
1135 4466120 335 1140 332 0
1136 3122017 335 4466120 332 0
1137 6820993 334 1130 332 0
1138 3117895 334 3122017 331 0
1139 9299396 334 5379229 331 0
1140 1140 333 6172546 331 0
1141 5379229 333 4149383 331 0
1142 4149383 333 1236447 331 0
1143 569679 332 3117895 331 0
1144 1236447 332 9299396 330 0
1145 6172546 332 8398402 329 0
1146 5321155 331 8395456 329 0
1147 132735 331 7153493 329 0
1148 7153493 330 569679 328 0
1149 8395456 330 5321155 328 0
1150 1149 330 5527840 328 0
1151 5527840 329 1149 327 0
1152 7105642 329 1235199 326 0
1153 8398402 329 5977459 326 0
1154 7317365 328 1373561 326 0
1155 1235199 328 7105642 326 0
1156 8146088 328 1159 326 0
1157 1159 327 132735 325 0
1158 1373561 327 4133777 325 0
1159 4133777 327 8146088 324 0
1160 5977459 326 8159362 324 0
1161 4408074 326 1103672 324 0
1162 1103672 325 7317365 324 0
1163 8159362 325 4408074 323 0
1164 1162 325 82925 323 0
1165 4263526 324 2906264 322 0
1166 6075474 324 1162 322 0
1167 82925 324 3234343 321 0
1168 3234343 323 6075474 321 0
1169 5356554 323 5356554 321 1
1170 2906264 323 8699629 321 0
1171 606135 322 4263526 320 0
1172 3167635 322 7365405 319 0
1173 1173 322 4906325 319 0
1174 2512202 321 5627310 319 0
1175 8699629 321 3920313 318 0
1176 5627310 321 3167635 318 0
1177 7365405 320 1173 318 0
1178 4906325 320 7156840 318 0
1179 1179 320 1179 318 1
1180 60909 319 606135 317 0
1181 3920313 319 2512202 317 0
1182 5172648 319 2802560 317 0
1183 2802560 318 3768967 316 0
1184 7156840 318 2761045 316 0
1185 3768967 318 4847788 316 0
1186 3910795 317 5172648 315 0
1187 8209389 317 60909 315 0
1188 810260 317 3910795 315 0
1189 1189 316 8209389 314 0
1190 4847788 316 7185736 314 0
1191 2761045 316 810260 314 0
1192 477908 315 1189 313 0
1193 7185736 315 5806534 313 0
1194 5806534 315 8295327 313 0
1195 422057 314 2633229 313 0
1196 2633229 314 422057 313 0
1197 8615368 314 2042750 312 0
1198 8295327 313 3403360 312 0
1199 3403360 313 477908 312 0
1200 2042750 313 8658116 311 0
1201 4324271 312 3215566 310 0
1202 4374601 312 4374601 310 1
1203 8658116 312 4324271 310 0
1204 3215566 311 8615368 309 0
1205 653653 311 6384988 309 0
1206 2242883 311 1209 309 0
1207 3436217 310 653653 309 0
1208 6384988 310 6829562 309 0
1209 1209 310 1641391 308 0
1210 1641391 309 2242883 308 0
1211 6829562 309 8663591 308 0
1212 7368567 309 3436217 307 0
1213 750770 308 750770 307 1
1214 8663591 308 5426716 307 0
1215 7625555 308 7368567 307 0
1216 7637938 308 7625555 307 0
1217 9145417 307 1261476 306 0
1218 4887100 307 7637938 305 0
1219 5426716 307 7099218 304 0
1220 1261476 306 7799893 304 0
1221 4979112 306 9145417 304 0
1222 466525 306 8864082 304 0
1223 1623805 305 4979112 303 0
1224 4244354 305 1235 302 0
1225 7099218 305 1520627 302 0
1226 6862505 304 2112034 302 0
1227 8864082 304 6862505 302 0
1228 7799893 304 8367145 302 0
1229 1068949 303 7112769 301 0
1230 2112034 303 4910518 301 0
1231 8367145 303 466525 301 0
1232 7112769 303 1623805 301 0
1233 1234 302 1068949 300 0
1234 1235 302 4887100 300 0
1235 1520627 302 1234 300 0
1236 4910518 301 477376 299 0
1237 477376 301 198135 298 0
1238 1701587 301 1354944 298 0
1239 8097008 300 1701587 298 0
1240 198135 300 2146417 298 0
1241 5383843 300 5383843 298 1
1242 6068918 299 8097008 298 0
1243 3972329 299 6068918 297 0
1244 5006573 299 8314936 297 0
1245 2146417 299 3972329 297 0
1246 4858149 298 2020516 296 0
1247 2020516 298 1662285 296 0
1248 1354944 298 6203576 296 0
1249 6203576 297 9758153 296 0
1250 9758153 297 4244354 296 0
1251 8314936 297 4858149 296 0
1252 1662285 297 2401874 295 0
1253 9181692 296 6327951 295 0
1254 5318250 296 5318250 294 1
1255 2401874 296 1258 294 0
1256 6327951 295 5006573 294 0
1257 1258 295 2178274 293 0
1258 5624261 295 5624261 293 1
1259 2178274 294 7666522 292 0
1260 3117883 294 2689219 292 0
1261 8134104 294 4181623 292 0
1262 2956104 294 2614707 292 0
1263 7666522 293 9181692 292 0
1264 2689219 293 8134104 291 0
1265 4181623 293 3117883 291 0
1266 9406651 292 1542005 291 0
1267 8401432 292 8401432 291 1
1268 1907948 292 1907948 290 1
1269 2614707 292 2956104 290 0
1270 7096555 291 6061705 290 0
1271 6061705 291 7971369 290 0
1272 1542005 291 9406651 289 0
1273 1483276 290 5576679 289 0
1274 7971369 290 7096555 289 0
1275 732564 290 1483276 288 0
1276 5576679 290 4417782 288 0
1277 8621891 289 1868074 288 0
1278 6909455 289 8621891 287 0
1279 4417782 289 732564 287 0
1280 4640593 288 3222227 287 0
1281 1868074 288 1287 286 0
1282 3222227 288 2364021 286 0
1283 5576204 288 4512308 285 0
1284 1285 287 9826463 285 0
1285 9826463 287 1285 285 0
1286 2364021 287 1289 285 0
1287 4664813 286 7181587 285 0
1288 1287 286 4640593 285 0
1289 1289 286 5576204 285 0
1290 4512308 286 6909455 285 0
1291 2716639 285 2725306 283 0
1292 9105448 285 1651129 283 0
1293 7181587 285 2691385 283 0
1294 2691385 285 9105448 283 0
1295 4751792 284 2716639 283 0
1296 1651129 284 4664813 282 0
1297 1597862 284 6276466 282 0
1298 2725306 283 4751792 282 0
1299 8763956 283 3991827 282 0
1300 1637684 283 7140619 281 0
1301 7140619 283 8763956 281 0
1302 1302 282 1597862 281 0
1303 320275 282 1302 280 0
1304 3991827 282 6456484 280 0
1305 6276466 282 692614 280 0
1306 898445 281 898445 280 1
1307 692614 281 31847 279 0
1308 6456484 281 1309 279 0
1309 1310 280 1637684 279 0
1310 5415420 280 1310 279 0
1311 1312 280 1312 279 1
1312 1309 280 3095996 278 0
1313 31847 279 320275 278 0
1314 3095996 279 8729138 278 0
1315 4307512 279 4307512 278 1
1316 8729138 279 3830081 277 0
1317 82775 278 7695973 276 0
1318 5608344 278 1322 276 0
1319 2827814 278 2827814 276 1
1320 2141697 278 5555962 275 0
1321 3830081 277 2141697 275 0
1322 7695973 277 3025623 274 0
1323 1322 277 5608344 274 0
1324 2764876 277 82775 274 0
1325 7347817 276 4998751 274 0
1326 4998751 276 5831708 274 0
1327 5555962 276 7583278 274 0
1328 3025623 275 5415420 274 0
1329 688653 275 2764876 274 0
1330 9290551 275 9290551 273 1
1331 7583278 275 7119183 273 0
1332 1637794 274 9142026 273 0
1333 5831708 274 7347817 273 0
1334 9142026 274 2530170 272 0
1335 3706094 274 2548961 272 0
1336 7119183 273 1337 271 0
1337 813166 273 1344 271 0
1338 1337 273 688653 271 0
1339 2530170 273 1637794 271 0
1340 2548961 272 7219543 270 0
1341 5156921 272 2061966 270 0
1342 2061966 272 5156921 270 0
1343 3514155 272 3706094 270 0
1344 1344 271 6466070 270 0
1345 3792281 271 813166 269 0
1346 6466070 271 3514155 269 0
1347 1308357 271 3792281 269 0
1348 2227033 270 1308357 269 0
1349 6694159 270 399687 269 0
1350 7219543 270 2227033 269 0
1351 399687 270 6694159 269 0
1352 8813624 269 8029030 267 0
1353 6962663 269 1359 267 0
1354 1353 269 2607171 267 0
1355 5679788 269 8813624 267 0
1356 2607171 268 1362 266 0
1357 1359 268 5679788 266 0
1358 8029030 268 107026 265 0
1359 9281998 268 7095715 265 0
1360 1362 267 1353 265 0
1361 7095715 267 8383176 265 0
1362 909064 267 2965326 265 0
1363 4218835 267 4983306 264 0
1364 4983306 266 7967198 264 0
1365 6005357 266 909064 264 0
1366 6683608 266 6683608 264 1
1367 1367 266 9281998 264 0
1368 2965326 265 6962663 264 0
1369 107026 265 5615383 264 0
1370 8383176 265 9850310 263 0
1371 5615383 265 4001203 262 0
1372 4001203 264 9496644 262 0
1373 3692182 264 1367 262 0
1374 9850310 264 8638765 262 0
1375 5584610 264 3692182 262 0
1376 7967198 264 4218835 262 0
1377 8840191 263 6005357 261 0
1378 1380 263 1380 261 1
1379 9496644 263 8840191 261 0
1380 7930451 263 2449428 261 0
1381 9179532 262 3883909 260 0
1382 2964403 262 2564487 260 0
1383 2449428 262 5584610 260 0
1384 8638765 262 2964403 260 0
1385 4339101 261 9179532 260 0
1386 4117138 261 4339101 260 0
1387 6585674 261 6585674 259 1
1388 2564487 261 4117138 259 0
1389 6377656 260 1819729 259 0
1390 1819729 260 7930451 259 0
1391 3883909 260 8291958 259 0
1392 8291958 260 1394 258 0
1393 6549585 260 9491960 258 0
1394 1394 259 2978448 258 0
1395 174929 259 9146086 257 0
1396 9491960 259 174929 257 0
1397 2978448 259 6377656 257 0
1398 9951514 258 6549585 257 0
1399 9553354 258 9553354 256 1
1400 1401 258 1401 256 1
1401 1850300 258 3493489 256 0
1402 436378 257 8905047 256 0
1403 8905047 257 546901 255 0
1404 546901 257 436378 255 0
1405 9146086 257 1850300 255 0
1406 5277320 257 9951514 254 0
1407 3493489 256 1413 254 0
1408 5488505 256 5277320 254 0
1409 4778330 256 8405832 254 0
1410 8405832 256 81257 254 0
1411 1411 255 5488505 254 0
1412 1413 255 1411 253 0
1413 8248898 255 4778330 253 0
1414 81257 255 5490734 253 0
1415 5490734 254 6109180 252 0
1416 6349758 254 4290958 252 0
1417 3275105 254 1421 252 0
1418 681746 254 6349758 252 0
1419 5959761 254 8248898 251 0
1420 1422 253 1427 251 0
1421 7412328 253 1422 251 0
1422 1421 253 681746 251 0
1423 4290958 253 7412328 251 0
1424 521210 252 1227589 251 0
1425 6109180 252 3275105 251 0
1426 1427 252 1713067 250 0
1427 9333254 252 9491594 250 0
1428 1713067 252 3615975 250 0
1429 7237676 251 521210 250 0
1430 1227589 251 5959761 250 0
1431 9491594 251 9333254 250 0
1432 2202912 251 760268 250 0
1433 1385875 250 1694415 249 0
1434 760268 250 1385875 249 0
1435 1010517 250 2202912 249 0
1436 3615975 250 7237676 248 0
1437 8345278 250 8345278 248 1
1438 1441 249 4972962 247 0
1439 4972962 249 4517907 247 0
1440 4517907 249 1010517 247 0
1441 1694415 249 8216575 247 0
1442 3288729 249 1443 247 0
1443 1443 248 1449 247 0
1444 4663235 248 1441 247 0
1445 9004258 248 9004258 246 1
1446 1870075 248 7332529 246 0
1447 9148746 247 4663235 246 0
1448 4244403 247 9349154 246 0
1449 1449 247 9148746 245 0
1450 9349154 247 7895353 245 0
1451 8216575 247 7977397 245 0
1452 3889630 246 1870075 245 0
1453 7895353 246 5062948 244 0
1454 1179554 246 4244403 244 0
1455 7332529 246 7067933 244 0
1456 7977397 246 3288729 244 0
1457 8201844 245 1179554 244 0
1458 6720367 245 3889630 244 0
1459 1461 245 8201844 243 0
1460 6915493 245 1461 243 0
1461 3333109 245 5533804 243 0
1462 8590907 244 6720367 243 0
1463 5533804 244 3333109 243 0
1464 7067933 244 87824 243 0
1465 5062948 244 1467 242 0
1466 87824 243 8590907 242 0
1467 8596469 243 278101 242 0
1468 1467 243 3523975 241 0
1469 278101 243 1696089 241 0
1470 63208 243 6915493 241 0
1471 2821638 242 2821638 241 1
1472 4157256 242 8212799 241 0
1473 3523975 242 3764379 240 0
1474 1696089 242 9738502 240 0
1475 6123469 242 8596469 240 0
1476 9394277 241 9107110 240 0
1477 8212799 241 3516114 240 0
1478 3764379 241 4157256 240 0
1479 3516114 241 845050 239 0
1480 845050 241 6123469 239 0
1481 9107110 240 9394277 239 0
1482 9807806 240 4537196 238 0
1483 6964565 240 6964565 238 1
1484 9738502 240 8113530 238 0
1485 7878256 240 63208 238 0
1486 512683 239 7878256 238 0
1487 4537196 239 1495 238 0
1488 7563041 239 3898042 238 0
1489 1490 239 512683 238 0
1490 869115 239 869115 237 1
1491 8113530 238 7952595 237 0
1492 3898042 238 3683529 237 0
1493 1495 238 9807806 237 0
1494 1493 238 7492029 236 0
1495 7952595 238 1505 236 0
1496 7492029 237 5183264 236 0
1497 1497 237 1493 236 0
1498 7905641 237 8696024 236 0
1499 3683529 237 7905641 235 0
1500 5183264 237 1490 235 0
1501 6194596 236 1503 235 0
1502 1505 236 1502 235 0
1503 1503 236 2037178 235 0
1504 1502 236 6194596 235 0
1505 8696024 236 1497 235 0
1506 2266717 235 7563041 235 0
1507 3625434 235 1510 235 0
1508 1509 235 1408815 234 0
1509 1510 235 5725830 234 0
1510 2037178 235 2266717 234 0
1511 1514 234 1520 233 0
1512 5725830 234 6018642 233 0
1513 1408815 234 5524362 233 0
1514 3228122 234 3625434 233 0
1515 5524362 234 4698705 233 0
1516 4698705 233 3466768 232 0
1517 407729 233 7217449 232 0
1518 4961112 233 407729 232 0
1519 1518 233 4961112 232 0
1520 1520 233 1514 232 0
1521 6018642 233 3228122 232 0
1522 1526 232 1518 232 0
1523 8016827 232 1491017 231 0
1524 3466768 232 1509 231 0
1525 7217449 232 1218402 230 0
1526 1491017 232 1232440 230 0
1527 1218402 231 1528 230 0
1528 2594461 231 1526 230 0
1529 6856963 231 1536 229 0
1530 1528 231 5895303 229 0
1531 1232440 231 1628194 229 0
1532 2884198 230 6349190 229 0
1533 1628194 230 9462778 228 0
1534 6349190 230 2594461 228 0
1535 5895303 230 852098 228 0
1536 852098 230 3561625 228 0
1537 1536 230 6856963 228 0
1538 1429910 229 2125507 228 0
1539 2362826 229 8016827 228 0
1540 2125507 229 2362826 228 0
1541 3561625 229 2623329 227 0
1542 9462778 229 7519832 227 0
1543 3813418 228 5950021 227 0
1544 153926 228 1429910 227 0
1545 7519832 228 153926 227 0
1546 2623329 228 2884198 227 0
1547 5950021 228 5781770 226 0
1548 4401086 227 1549 226 0
1549 9545237 227 6945167 226 0
1550 683337 227 4401086 226 0
1551 5781770 227 674048 225 0
1552 1549 227 3813418 225 0
1553 2841370 227 2841370 225 1
1554 674048 226 1554 225 0
1555 1554 226 683337 225 0
1556 1164579 226 1564 224 0
1557 8753606 226 1164579 224 0
1558 6945167 226 7226484 224 0
1559 1564 225 3616143 224 0
1560 7226484 225 9929797 224 0
1561 3616143 225 3815055 224 0
1562 9929797 225 8753606 224 0
1563 7532663 225 7532663 223 1
1564 4186694 225 1008214 223 0
1565 7097283 224 4186694 223 0
1566 1194315 224 948881 222 0
1567 1008214 224 3417200 222 0
1568 3815055 224 7861300 222 0
1569 6703728 224 6673991 222 0
1570 948881 223 9545237 222 0
1571 6673991 223 7321807 221 0
1572 7861300 223 1580 221 0
1573 9637036 223 9637036 221 1
1574 362671 223 108303 221 0
1575 108303 223 7097283 221 0
1576 9693574 222 9110372 221 0
1577 7569454 222 3120456 221 0
1578 9110372 222 1194315 220 0
1579 1580 222 362671 220 0
1580 3417200 222 2184297 220 0
1581 7321807 222 151407 220 0
1582 3120456 221 5617935 220 0
1583 1586 221 8280891 220 0
1584 2184297 221 6703728 220 0
1585 5617935 221 1586 220 0
1586 8280891 221 9693574 219 0
1587 7899182 221 7569454 219 0
1588 7090945 220 7090945 219 1
1589 5467907 220 423342 219 0
1590 423342 220 7899182 219 0
1591 1590 220 1597 218 0
1592 151407 220 5203215 218 0
1593 1597 219 9796222 218 0
1594 6577062 219 1590 218 0
1595 5203215 219 59129 217 0
1596 1687504 219 5467907 217 0
1597 9796222 219 6577062 217 0
1598 6913075 219 3685929 216 0
1599 613832 218 183413 216 0
1600 8066222 218 3027514 216 0
1601 310267 218 6913075 216 0
1602 3027514 218 7589574 216 0
1603 3181875 218 3181875 216 1
1604 7059924 218 8530335 216 0
1605 8530335 217 1602456 216 0
1606 59129 217 310267 216 0
1607 7920338 217 8066222 216 0
1608 7589574 217 7920338 216 0
1609 1602456 217 3128853 215 0
1610 7143426 217 7059924 215 0
1611 3685929 216 5971193 215 0
1612 5971193 216 9096618 215 0
1613 8026330 216 1687504 215 0
1614 1612 216 8026330 214 0
1615 3128853 216 627542 214 0
1616 183413 216 613832 214 0
1617 4610693 215 7143426 214 0
1618 43309 215 4610693 213 0
1619 9096618 215 5604135 213 0
1620 9733258 215 9487123 213 0
1621 9487123 215 3315894 213 0
1622 627542 215 2281376 213 0
1623 6115117 214 4404611 213 0
1624 4669315 214 1612 213 0
1625 3315894 214 6115117 213 0
1626 1627 214 1639696 212 0
1627 7339150 214 737885 212 0
1628 4404611 214 1990626 212 0
1629 3176910 213 3176910 212 1
1630 1990626 213 1488934 212 0
1631 1065095 213 7418325 212 0
1632 1631 213 1627 212 0
1633 2281376 213 1802595 211 0
1634 5604135 213 9996298 211 0
1635 1488934 212 8092269 211 0
1636 5171351 212 43309 211 0
1637 737885 212 4960723 211 0
1638 8092269 212 4669315 211 0
1639 1639696 212 7339150 211 0
1640 7418325 212 1631 210 0
1641 1682428 211 6704548 210 0
1642 9237977 211 7339342 210 0
1643 9996298 211 5171351 210 0
1644 443884 211 8168271 210 0
1645 1802595 211 1065095 210 0
1646 4960723 211 9733258 210 0
1647 6704548 211 1682428 210 0
1648 7339342 210 443884 210 0
1649 8168271 210 4729866 209 0
1650 4528304 210 9237977 209 0
1651 5569441 210 1656 209 0
1652 4729866 210 9063316 209 0
1653 9063316 210 5569441 208 0
1654 4400880 209 1447102 208 0
1655 1851332 209 1657 208 0
1656 1659 209 4502722 207 0
1657 1657 209 1950032 207 0
1658 1656 209 4400880 207 0
1659 5174822 209 1659 207 0
1660 3430340 208 4528304 207 0
1661 1447102 208 8763127 207 0
1662 1530095 208 4480058 207 0
1663 4502722 208 1851332 207 0
1664 9274322 208 4093658 206 0
1665 8431318 208 3430340 206 0
1666 1950032 208 5335641 206 0
1667 4480058 207 5174822 206 0
1668 8763127 207 499368 206 0
1669 499368 207 4091883 206 0
1670 4091883 207 1530095 206 0
1671 4018650 207 4018650 205 1
1672 4093658 207 9274322 205 0
1673 5335641 206 9925036 205 0
1674 9342054 206 5893343 205 0
1675 5314935 206 8431318 205 0
1676 6605630 206 5314935 204 0
1677 9925036 206 5690087 204 0
1678 5690087 206 3466643 204 0
1679 9443627 206 8058711 204 0
1680 7829027 205 1687 204 0
1681 1595339 205 9443627 204 0
1682 8058711 205 9342054 204 0
1683 5893343 205 8544599 204 0
1684 3418864 205 3418864 204 1
1685 1029438 205 6605630 204 0
1686 8544599 204 8373365 203 0
1687 1687 204 608306 203 0
1688 1688 204 1029438 203 0
1689 6629627 204 6793299 203 0
1690 1692 204 1595339 203 0
1691 608306 204 6576764 202 0
1692 3466643 204 3212036 202 0
1693 6793299 203 3091667 202 0
1694 3212036 203 925354 202 0
1695 8373365 203 7829027 202 0
1696 1697 203 4013577 202 0
1697 6576764 203 110444 201 0
1698 2988238 203 6629627 201 0
1699 1699 202 3756107 201 0
1700 3091667 202 1699 201 0
1701 4013577 202 877059 201 0
1702 110444 202 1692 200 0
1703 877059 202 2988238 200 0
1704 2440771 202 2440771 200 1
1705 925354 202 1697 200 0
1706 4795306 201 9011691 199 0
1707 611228 201 1714 199 0
1708 4048785 201 5352664 199 0
1709 3756107 201 4048785 199 0
1710 5352664 201 7054720 199 0
1711 3084367 201 1726 199 0
1712 752613 201 4795306 199 0
1713 1713 200 752613 199 0
1714 1714 200 1722 198 0
1715 2692687 200 9232130 198 0
1716 2209910 200 611228 198 0
1717 4333368 200 2209910 198 0
1718 2428949 200 1585655 198 0
1719 7054720 200 2428949 198 0
1720 1857607 199 1857607 198 1
1721 9232130 199 2692687 198 0
1722 1726 199 4052962 198 0
1723 1722 199 4333368 197 0
1724 9011691 199 3084367 197 0
1725 1711913 199 8741231 197 0
1726 8741231 199 9357234 197 0
1727 7600202 198 1713 197 0
1728 1383644 198 7600202 197 0
1729 6454515 198 1733 197 0
1730 9357234 198 1383644 197 0
1731 1733 198 1688 197 0
1732 1585655 198 1711913 196 0
1733 4052962 198 4873512 196 0
1734 4780871 197 7385832 196 0
1735 8286440 197 6454515 196 0
1736 1737 197 8286440 196 0
1737 1734 197 3852350 196 0
1738 7385832 197 4920823 196 0
1739 4873512 197 3674311 195 0
1740 4920823 197 1734 195 0
1741 3852350 196 4867960 195 0
1742 4867960 196 4780871 195 0
1743 1741 196 1514425 195 0
1744 2026666 196 2026666 194 1
1745 1514425 196 971882 194 0
1746 4637738 196 8947596 194 0
1747 2243053 196 4637738 194 0
1748 3493274 195 1741 194 0
1749 1754 195 1755 194 0
1750 859234 195 2243053 194 0
1751 971882 195 8400971 194 0
1752 8606910 195 1754 194 0
1753 8947596 195 4631674 193 0
1754 3674311 195 8606910 193 0
1755 8400971 194 3614065 193 0
1756 3614065 194 7704675 193 0
1757 7704675 194 4951292 193 0
1758 8549035 194 8549035 193 1
1759 4631674 194 1737 193 0
1760 320100 194 739366 192 0
1761 1755 194 320100 192 0
1762 1146751 193 3493274 192 0
1763 5071048 193 8749980 192 0
1764 4951292 193 8543814 192 0
1765 9139639 193 859234 192 0
1766 1767 193 5071048 192 0
1767 5638154 193 5638154 191 1
1768 739366 193 5774962 191 0
1769 8749980 193 8871291 191 0
1770 5774962 192 6242742 191 0
1771 969506 192 4818050 191 0
1772 5596409 192 9139639 191 0
1773 6242742 192 8874926 191 0
1774 8871291 192 1146751 190 0
1775 4818050 192 4507746 190 0
1776 8543814 192 3235465 190 0
1777 3297418 191 3297418 190 1
1778 4507746 191 5960448 190 0
1779 5960448 191 9186719 190 0
1780 9186719 191 6308506 190 0
1781 8874926 191 255767 190 0
1782 6671713 191 1607873 190 0
1783 6308506 191 5596409 190 0
1784 2245652 191 1797 189 0
1785 1786 190 7644942 189 0
1786 3235465 190 644445 189 0
1787 255767 190 2295068 189 0
1788 7644942 190 1796 189 0
1789 5518451 190 9811879 189 0
1790 1607873 190 969506 189 0
1791 6976446 190 1767 189 0
1792 644445 189 6671713 189 0
1793 2219181 189 6279899 189 0
1794 6279899 189 2245652 189 0
1795 1797 189 1786 188 0
1796 1794 189 1049449 188 0
1797 9811879 189 804846 188 0
1798 2295068 189 1794 188 0
1799 1796 189 2219181 188 0
1800 8974339 188 6976446 188 0
1801 1647058 188 1647058 187 1
1802 7222560 188 7871784 187 0
1803 804846 188 7222560 187 0
1804 1049449 188 8974339 187 0
1805 6240319 188 5518451 187 0
1806 7871784 188 8194740 187 0
1807 1807 187 6240319 187 0
1808 7950081 187 5846902 186 0
1809 1810 187 5814353 186 0
1810 6685330 187 4045210 186 0
1811 7908671 187 970672 186 0
1812 5703142 187 6685330 186 0
1813 5846902 187 7460577 186 0
1814 8194740 187 7908671 186 0
1815 4045210 186 2230892 186 0
1816 2230892 186 5176284 186 0
1817 970672 186 861228 185 0
1818 5176284 186 1807 185 0
1819 9071524 186 1810 185 0
1820 7215187 186 9071524 185 0
1821 7460577 186 7950081 185 0
1822 5814353 186 5703142 185 0
1823 7833597 185 7215187 185 0
1824 1316715 185 7833597 184 0
1825 6270382 185 4282159 184 0
1826 5036489 185 8884842 184 0
1827 2680174 185 6270382 184 0
1828 6613750 185 6613750 184 1
1829 861228 185 8474404 184 0
1830 1825 185 1825 184 1
1831 9654491 184 1316715 184 0
1832 7385205 184 2489652 184 0
1833 1832 184 2680174 184 0
1834 6033108 184 9654491 183 0
1835 2489652 184 6033108 183 0
1836 8474404 184 1341318 183 0
1837 8884842 184 5036489 183 0
1838 4282159 184 7659205 183 0
1839 899267 183 7385205 183 0
1840 1841038 183 8405603 182 0
1841 4112521 183 3675073 182 0
1842 4842530 183 8697544 182 0
1843 7659205 183 4842530 182 0
1844 9201959 183 1832 182 0
1845 1341318 183 1841038 182 0
1846 8405603 183 7934544 182 0
1847 8697544 182 442799 181 0
1848 3675073 182 899267 181 0
1849 2781756 182 2781756 181 1
1850 5729590 182 9688888 181 0
1851 9496621 182 75633 181 0
1852 5621893 182 4112521 180 0
1853 75633 182 4873025 180 0
1854 7934544 182 1861 180 0
1855 1861 181 8241323 180 0
1856 4873025 181 8826289 180 0
1857 3226890 181 9201959 180 0
1858 442799 181 2199888 180 0
1859 9134522 181 4547442 179 0
1860 8826289 181 7948974 179 0
1861 7913380 181 5729590 179 0
1862 9688888 181 1863 179 0
1863 4441675 180 4441675 179 1
1864 8241323 180 4797054 179 0
1865 2199888 180 7913380 179 0
1866 8245442 180 4425932 179 0
1867 7948974 180 5621893 179 0
1868 1734226 180 9496621 179 0
1869 4425932 180 1734226 179 0
1870 1863 180 2299214 178 0
1871 9470962 180 6361847 178 0
1872 3318212 179 9134522 178 0
1873 4797054 179 3226890 178 0
1874 4932717 179 3318212 178 0
1875 8876232 179 4932717 178 0
1876 4547442 179 5332765 178 0
1877 2057480 179 4265749 177 0
1878 6361847 179 2057480 177 0
1879 5291392 179 8463684 177 0
1880 5332765 178 1882 177 0
1881 111442 178 4053666 177 0
1882 1882 178 3936056 177 0
1883 3936056 178 111442 177 0
1884 7351124 178 9138964 177 0
1885 5006725 178 8876232 177 0
1886 2299214 178 8245442 177 0
1887 9138964 178 5291392 177 0
1888 1895 177 9470962 177 0
1889 4561545 177 1895 176 0
1890 1894 177 7351124 176 0
1891 3397741 177 4561545 176 0
1892 1891 177 1715584 176 0
1893 8463684 177 5338118 176 0
1894 1715584 177 5006725 176 0
1895 4053666 177 238829 176 0
1896 4265749 177 9073260 175 0
1897 8816169 176 8816169 175 1
1898 7476821 176 3760484 175 0
1899 238829 176 1891 175 0
1900 7121328 176 3397741 175 0
1901 5338118 176 969053 175 0
1902 2601103 176 7476821 175 0
1903 3760484 176 2601103 175 0
1904 9073260 176 7238081 175 0
1905 7238081 176 7121328 174 0
1906 8311179 175 1894 174 0
1907 9953140 175 7713698 174 0
1908 969053 175 7910130 174 0
1909 5587929 175 7285572 174 0
1910 7713698 175 8311179 174 0
1911 7910130 175 4616924 173 0
1912 4616924 175 5865797 173 0
1913 7285572 175 5587929 173 0
1914 1743599 174 1435808 173 0
1915 1922 174 9072446 173 0
1916 1920 174 5514804 173 0
1917 1435808 174 1922 173 0
1918 6441681 174 1743599 173 0
1919 9126864 174 3878799 173 0
1920 4377022 174 4377022 173 1
1921 3878799 174 4605939 173 0
1922 4605939 174 2010754 172 0
1923 5514804 173 6441681 172 0
1924 2241210 173 9126864 172 0
1925 3677849 173 3677849 172 1
1926 2905759 173 2241210 172 0
1927 1947158 173 2771502 172 0
1928 5865797 173 1920 172 0
1929 2010754 173 4284419 171 0
1930 9072446 173 1924 171 0
1931 1924 173 953858 171 0
1932 9966842 172 9953140 171 0
1933 5236994 172 8652395 171 0
1934 2771502 172 2905759 171 0
1935 1940 172 6098213 170 0
1936 8652395 172 3620749 170 0
1937 7360792 172 4830934 170 0
1938 4284419 172 9966842 170 0
1939 6378045 172 6378045 170 1
1940 9942267 172 1940 170 0
1941 6098213 171 107954 170 0
1942 6196806 171 6196806 170 1
1943 4830934 171 2661208 170 0
1944 1560657 171 5236994 170 0
1945 1188601 171 7360792 170 0
1946 953858 171 1560657 170 0
1947 3201817 171 6322145 170 0
1948 2661208 171 1905954 170 0
1949 5618274 171 6712047 170 0
1950 7386534 170 1947158 170 0
1951 3620749 170 8629973 170 0
1952 107954 170 1188601 169 0
1953 6712047 170 9942267 169 0
1954 798456 170 5618274 169 0
1955 8629973 170 7386534 169 0
1956 6322145 170 1761379 169 0
1957 1905954 170 1955 169 0
1958 1955 170 3201817 169 0
1959 3355867 169 1441647 168 0
1960 1959 169 1969 168 0
1961 1960 169 2040359 168 0
1962 5138390 169 7742377 168 0
1963 7742377 169 7684652 168 0
1964 9958471 169 8156759 168 0
1965 2040359 169 5035028 168 0
1966 1761379 169 1959 168 0
1967 7684652 169 798456 168 0
1968 3860650 169 9958471 167 0
1969 5035028 168 7388626 167 0
1970 1973 168 3860650 167 0
1971 8156759 168 4773475 167 0
1972 4348330 168 3355867 167 0
1973 1969 168 1553244 167 0
1974 6048278 168 5854202 167 0
1975 8819907 168 7926241 167 0
1976 1163269 168 6048278 167 0
1977 1441647 168 5817159 167 0
1978 5817159 167 8819907 166 0
1979 7926241 167 7782569 166 0
1980 7388626 167 1960 166 0
1981 2426879 167 3025329 166 0
1982 1553244 167 1163269 166 0
1983 4773475 167 2426879 166 0
1984 1982 167 4348330 166 0
1985 3025329 167 6437213 166 0
1986 6437213 167 1973 166 0
1987 5854202 167 1982 166 0
1988 80384 166 5138390 166 0
1989 9817409 166 8159292 165 0
1990 671360 166 80384 165 0
1991 9724313 166 2004 165 0
1992 3111022 166 507593 165 0
1993 8252312 166 7330182 165 0
1994 7330182 166 968886 165 0
1995 968886 166 8252312 164 0
1996 7782569 166 9817409 164 0
1997 4375549 165 8670410 164 0
1998 2004 165 4607117 164 0
1999 8670410 165 4390495 164 0
2000 8159292 165 1517486 164 0
2001 1517486 165 8961206 164 0
2002 507593 165 671360 164 0
2003 1168961 165 3111022 164 0
2004 5810734 165 6361307 163 0
2005 1438887 165 4375549 163 0
2006 2150595 165 841114 163 0
2007 4438703 164 3693601 163 0
2008 7387447 164 4438703 163 0
2009 4607117 164 1168961 163 0
2010 2015 164 2015 163 1
2011 8140438 164 5810734 163 0
2012 2012 164 8552302 163 0
2013 6361307 164 7387447 163 0
2014 841114 164 8140438 163 0
2015 4390495 164 8288754 162 0
2016 8961206 164 6578062 162 0
2017 934861 163 8321778 162 0
2018 8321778 163 9738306 162 0
2019 3693601 163 8378123 162 0
2020 8552302 163 6720071 162 0
2021 8288754 163 9724313 162 0
2022 548305 163 2150595 162 0
2023 2021 163 2036 162 0
2024 1761455 163 934861 161 0
2025 6720071 163 548305 161 0
2026 4062402 163 2012 161 0
2027 7737830 162 4062402 161 0
2028 6766384 162 5523154 161 0
2029 2030 162 4272505 161 0
2030 6578062 162 7581640 161 0
2031 7581640 162 2021 161 0
2032 8378123 162 8931151 161 0
2033 2036 162 9126998 161 0
2034 5523154 162 1761455 161 0
2035 8931151 162 2030 161 0
2036 9738306 162 1438887 161 0
2037 4552881 161 7737830 160 0
2038 3036211 161 9797093 160 0
2039 3383337 161 6766384 160 0
2040 1038341 161 4552881 160 0
2041 8863570 161 6956252 160 0
2042 849453 161 3036211 160 0
2043 4272505 161 6905821 159 0
2044 6064065 161 3383337 159 0
2045 160034 161 5498761 159 0
2046 9126998 161 7946863 159 0
2047 5490108 160 4157049 159 0
2048 2055 160 4858788 159 0
2049 6956252 160 6064065 159 0
2050 9314520 160 1038341 159 0
2051 9200411 160 8863570 159 0
2052 2048 160 2055 159 0
2053 5498761 160 160034 159 0
2054 7946863 160 892911 158 0
2055 5097217 160 9314520 158 0
2056 9797093 160 9727979 158 0
2057 6905821 159 1812489 158 0
2058 6621587 159 667526 158 0
2059 9176110 159 4840917 158 0
2060 8045192 159 849453 158 0
2061 1812489 159 9200411 158 0
2062 4858788 159 9176110 158 0
2063 3062369 159 8045192 158 0
2064 2476475 159 5490108 158 0
2065 2065 159 5097217 158 0
2066 4157049 159 2048 158 0
2067 892911 159 3900302 157 0
2068 245028 158 1605324 157 0
2069 3049330 158 4189812 157 0
2070 6051053 158 4506943 157 0
2071 667526 158 4639680 157 0
2072 4506943 158 6621587 157 0
2073 1478880 158 3062369 157 0
2074 5441256 158 3049330 157 0
2075 9727979 158 2065 157 0
2076 4840917 158 245028 157 0
2077 8385374 158 2017564 157 0
2078 8934071 157 423633 156 0
2079 1999777 157 8934071 156 0
2080 4189812 157 5441256 156 0
2081 3900302 157 9069869 156 0
2082 2017564 157 7494245 156 0
2083 423633 157 2476475 156 0
2084 1605324 157 2093 155 0
2085 2083 157 2098 155 0
2086 7494245 157 576857 155 0
2087 9912722 157 3821095 155 0
2088 4639680 157 1478880 155 0
2089 4405678 156 2083 155 0
2090 9069869 156 6051053 155 0
2091 1104957 156 1999777 155 0
2092 2098 156 9835046 155 0
2093 2096 156 8502701 155 0
2094 1139820 156 9912722 155 0
2095 2093 156 3922605 155 0
2096 9835046 156 4064078 154 0
2097 4867675 156 6431221 154 0
2098 6431221 156 4405678 154 0
2099 2109 155 5856636 154 0
2100 9287858 155 4867675 154 0
2101 8502701 155 2096 154 0
2102 3922605 155 9819765 154 0
2103 4064078 155 9287858 154 0
2104 2101 155 5484670 154 0
2105 924449 155 2101 154 0
2106 576857 155 2109 154 0
2107 5795451 155 8385374 154 0
2108 3821095 155 7540742 154 0
2109 7540742 155 1139820 154 0
2110 7299247 154 1104957 154 0
2111 5061162 154 5795451 154 0
2112 9819765 154 4262712 153 0
2113 2115 154 5100377 153 0
2114 8503768 154 3403123 153 0
2115 9405674 154 2938858 153 0
2116 5100377 154 7299247 153 0
2117 5856636 154 369331 153 0
2118 2110 154 3344264 153 0
2119 5484670 154 5975856 153 0
2120 7458420 154 924449 152 0
2121 369331 153 2115 152 0
2122 2871914 153 9405674 152 0
2123 3403123 153 3311824 152 0
2124 3344264 153 2387953 152 0
2125 7703548 153 5061162 152 0
2126 5975856 153 7703548 152 0
2127 2387953 153 2110 152 0
2128 2938858 153 8503768 152 0
2129 4262712 153 9387359 151 0
2130 9994254 153 9994254 151 1
2131 4123924 153 9483456 151 0
2132 8425210 152 4459133 151 0
2133 284235 152 7458420 151 0
2134 9774493 152 6488332 151 0
2135 8370345 152 5719218 151 0
2136 8529809 152 284235 151 0
2137 5719218 152 2152 151 0
2138 1890556 152 8425210 151 0
2139 8165461 152 1247217 151 0
2140 7768887 152 8529809 151 0
2141 4459133 152 1705083 151 0
2142 722270 152 1890556 151 0
2143 3311824 152 7768887 151 0
2144 4846798 151 4846798 150 1
2145 2153 151 6316906 150 0
2146 2152 151 2871914 150 0
2147 6488332 151 4123924 150 0
2148 2938083 151 8370345 150 0
2149 9483456 151 5799572 150 0
2150 2146 151 2146 150 1
2151 5799572 151 8300803 150 0
2152 1247217 151 1890867 150 0
2153 9387359 151 9113286 150 0
2154 1705083 151 9672982 150 0
2155 9589041 150 6213870 150 0
2156 5492976 150 9774493 149 0
2157 6934410 150 7847413 149 0
2158 9722304 150 2175 149 0
2159 8300803 150 6934410 149 0
2160 449207 150 9589041 149 0
2161 1890867 150 4730295 149 0
2162 9672982 150 2938083 149 0
2163 9113286 150 4287789 149 0
2164 6213870 150 722270 149 0
2165 6316906 150 8708279 149 0
2166 4730295 150 2173 149 0
2167 2175 149 9722304 149 0
2168 3031161 149 8165461 149 0
2169 7847413 149 2171 149 0
2170 4287789 149 8489816 149 0
2171 3149669 149 6982438 149 0
2172 2173 149 4682435 149 0
2173 6982438 149 5492976 149 0
2174 2171 149 449207 148 0
2175 8489816 149 2180 148 0
2176 4682435 149 2645741 148 0
2177 8708279 149 7935025 148 0
2178 7270715 148 8690436 148 0
2179 2497909 148 3149669 148 0
2180 32875 148 7270715 148 0
2181 7935025 148 2153 148 0
2182 3013553 148 32875 147 0
2183 2645741 148 1361211 147 0
2184 2815207 148 2835392 147 0
2185 2835392 148 2201 147 0
2186 8690436 148 2815207 147 0
2187 3014016 148 1200786 147 0
2188 9553358 148 3013553 147 0
2189 2180 148 3031161 147 0
2190 1411775 147 3014016 147 0
2191 81024 147 81024 147 1
2192 3770638 147 8801486 147 0
2193 5216566 147 1411775 147 0
2194 9356980 147 2497909 146 0
2195 1338125 147 3335254 146 0
2196 6785610 147 3590574 146 0
2197 2201 147 8743102 146 0
2198 1200786 147 8086253 146 0
2199 1361211 147 5216566 146 0
2200 8801486 147 2204 146 0
2201 2194 147 2208 146 0
2202 447156 146 4482263 146 0
2203 3590574 146 6443355 146 0
2204 8086253 146 9356980 146 0
2205 8743102 146 1338125 146 0
2206 4482263 146 4677392 145 0
2207 2208 146 9553358 145 0
2208 4865198 146 154458 145 0
2209 2204 146 3957994 145 0
2210 8209184 146 3667251 145 0
2211 3335254 146 447156 145 0
2212 6443355 146 2194 145 0
2213 4677392 146 2222 145 0
2214 3957994 145 7942904 145 0
2215 1841148 145 3770638 145 0
2216 154458 145 6785610 145 0
2217 2222 145 2233 144 0
2218 338520 145 4477094 144 0
2219 2224 145 5432018 144 0
2220 3667251 145 2031901 144 0
2221 6981330 145 1841148 144 0
2222 7942904 145 4865198 144 0
2223 2031901 145 6981330 144 0
2224 4580976 145 8503074 144 0
2225 5432018 145 338520 144 0
2226 6070005 144 2454962 144 0
2227 2454962 144 8209184 144 0
2228 9668060 144 4580976 144 0
2229 8767860 144 2230 144 0
2230 1396191 144 6070005 144 0
2231 6426733 144 2234 143 0
2232 4477094 144 3198243 143 0
2233 8503074 144 3563366 143 0
2234 2233 144 9668060 143 0
2235 2232 144 7650032 143 0
2236 2234 144 2224 143 0
2237 2230 144 5009150 143 0
2238 7650032 144 5313798 143 0
2239 6804890 143 1396191 143 0
2240 5147471 143 7136022 142 0
2241 3198243 143 8767860 142 0
2242 7136022 143 7925048 142 0
2243 6377098 143 8474576 142 0
2244 9182518 143 627931 142 0
2245 5313798 143 6197953 142 0
2246 259572 143 6377098 142 0
2247 1651691 143 5471841 142 0
2248 5009150 143 6426733 142 0
2249 3563366 143 9182518 142 0
2250 6197953 143 2263 142 0
2251 2258 142 2232 142 0
2252 2259 142 2256 142 0
2253 8474576 142 5147471 142 0
2254 6308561 142 1664208 141 0
2255 9526266 142 9570853 141 0
2256 2263 142 9526266 141 0
2257 627931 142 6804890 141 0
2258 2256 142 3867617 141 0
2259 4082094 142 2185476 141 0
2260 8079826 142 4791188 141 0
2261 280315 142 1651691 141 0
2262 7925048 142 280315 141 0
2263 5471841 142 2268 141 0
2264 3867617 141 2259 141 0
2265 4791188 141 5794864 141 0
2266 4442255 141 1690027 140 0
2267 760039 141 2258 140 0
2268 5866123 141 6218133 140 0
2269 2185476 141 6308561 140 0
2270 9570853 141 6005049 140 0
2271 931629 141 259572 140 0
2272 1664208 141 2249866 140 0
2273 6218133 141 760039 140 0
2274 6020619 141 2515718 140 0
2275 2268 141 4082094 140 0
2276 5794864 141 4442255 140 0
2277 2515718 140 885989 140 0
2278 383313 140 5866123 140 0
2279 1236096 140 9363781 140 0
2280 6005049 140 6825762 139 0
2281 6381640 140 966894 139 0
2282 2249866 140 931629 139 0
2283 4637699 140 8502216 139 0
2284 6825762 140 8500475 139 0
2285 9363781 140 8079826 139 0
2286 1690027 140 3423793 139 0
2287 6612483 140 6020619 139 0
2288 2279 140 5765370 139 0
2289 885989 140 383313 139 0
2290 4562457 139 9020453 139 0
2291 9642948 139 2299 139 0
2292 6892189 139 6612483 139 0
2293 2836679 139 6892189 139 0
2294 5450105 139 2279 139 0
2295 3423793 139 8097150 138 0
2296 2299 139 4562457 138 0
2297 966894 139 9431183 138 0
2298 8097150 139 6381640 138 0
2299 8500475 139 3552334 138 0
2300 8502216 139 1735300 138 0
2301 9020453 139 1236096 138 0
2302 5765370 139 1494814 138 0
2303 9431183 138 5833195 138 0
2304 2316 138 2836679 138 0
2305 1735300 138 4768502 137 0
2306 8248138 138 5418553 137 0
2307 5833195 138 8248138 137 0
2308 1494814 138 8806230 137 0
2309 3552334 138 3785249 137 0
2310 5447704 138 3619122 137 0
2311 461706 138 2323 137 0
2312 594949 138 4637699 137 0
2313 8806230 138 4173553 137 0
2314 6660318 138 2329 137 0
2315 3199616 138 3199616 137 1
2316 3619122 138 594949 137 0
2317 9205035 137 9642948 137 0
2318 3785249 137 2328 137 0
2319 5005419 137 461706 137 0
2320 1754027 137 5450105 137 0
2321 2329 137 9205035 136 0
2322 9598753 137 5447704 136 0
2323 2328 137 6374563 136 0
2324 2323 137 5005419 136 0
2325 482265 137 2665436 136 0
2326 4173553 137 2316 136 0
2327 2665436 137 2340 136 0
2328 4768502 137 4046036 136 0
2329 5418553 137 1754027 135 0
2330 9965579 136 2336 135 0
2331 7054157 136 4777878 135 0
2332 8391778 136 2332 135 0
2333 3284173 136 8391778 135 0
2334 4046036 136 6578704 135 0
2335 3163456 136 482265 135 0
2336 2340 136 991181 135 0
2337 9736202 136 7054157 135 0
2338 3338856 136 3785971 135 0
2339 4777878 136 6509419 135 0
2340 2336 136 9736202 135 0
2341 2332 136 3284173 135 0
2342 6374563 136 1391436 135 0
2343 6509419 136 4486584 135 0
2344 1429162 135 9965579 135 0
2345 3121204 135 3163456 135 0
2346 991181 135 6660318 135 0
2347 2354 135 6786761 134 0
2348 3785971 135 1429162 134 0
2349 4571551 135 6100919 134 0
2350 1726620 135 7605525 134 0
2351 1466415 135 2354 134 0
2352 2345 135 5196049 134 0
2353 2344 135 1256534 134 0
2354 6100919 135 3121204 134 0
2355 6578704 135 7324973 134 0
2356 1391436 135 4727653 134 0
2357 4486584 135 2344 134 0
2358 3984938 134 4571551 134 0
2359 5025097 134 8395867 133 0
2360 8395867 134 7674308 133 0
2361 1256534 134 3338856 133 0
2362 5196049 134 9312465 133 0
2363 2369 134 1466415 133 0
2364 8352160 134 9598753 133 0
2365 4727653 134 3539189 133 0
2366 2559663 134 3527342 133 0
2367 3527342 134 6167857 133 0
2368 3539189 134 5120102 133 0
2369 6786761 134 835929 133 0
2370 7605525 134 3984938 133 0
2371 7324973 134 2345 133 0
2372 2380 133 1726620 133 0
2373 4618042 133 1771446 133 0
2374 5120102 133 2559663 133 0
2375 3285683 133 3900595 132 0
2376 4902299 133 9747585 132 0
2377 5675861 133 5660649 132 0
2378 1771446 133 4902299 132 0
2379 9747585 133 616084 132 0
2380 835929 133 9205575 132 0
2381 9312465 133 872264 132 0
2382 5660649 133 3285683 132 0
2383 6167857 133 8352160 132 0
2384 1674970 133 2393 132 0
2385 7674308 133 5025097 132 0
2386 2389730 132 4618042 132 0
2387 872264 132 2380 132 0
2388 1750149 132 7687243 132 0
2389 7687243 132 2389730 132 0
2390 7338820 132 2369 132 0
2391 9406667 132 7338820 132 0
2392 616084 132 664449 132 0
2393 664449 132 1674970 132 0
2394 2393 132 8244947 131 0
2395 3355251 132 3355251 131 1
2396 3900595 132 9406667 131 0
2397 4859104 132 238989 131 0
2398 238989 132 5086912 131 0
2399 5086912 132 1750149 131 0
2400 9205575 132 2187440 131 0
2401 2413 131 2154455 131 0
2402 4998156 131 4859104 131 0
2403 9281161 131 7920161 131 0
2404 8244947 131 2413 130 0
2405 7705115 131 9281161 130 0
2406 8351203 131 8351203 130 1
2407 2408 131 2508759 130 0
2408 2404 131 2427 130 0
2409 7920161 131 7705115 130 0
2410 4985718 131 9516736 130 0
2411 2154455 131 5675861 130 0
2412 2187440 131 2408 130 0
2413 2221527 131 4985718 130 0
2414 4149486 131 9031491 130 0
2415 1211216 130 8954970 129 0
2416 3571123 130 9339534 129 0
2417 1179859 130 1088199 129 0
2418 1744329 130 1179859 129 0
2419 1088199 130 6604012 129 0
2420 9339534 130 382742 129 0
2421 2427 130 4998156 129 0
2422 2424 130 1744329 129 0
2423 9031491 130 6834705 129 0
2424 2422 130 4149486 129 0
2425 5015393 130 2396970 129 0
2426 9212261 130 2432 129 0
2427 4808359 130 2422 129 0
2428 9516736 130 9212261 129 0
2429 2508759 130 808631 129 0
2430 1681924 129 2404 129 0
2431 9545779 129 5787108 128 0
2432 6357021 129 5015393 128 0
2433 3838846 129 3838846 128 1
2434 6604012 129 6357021 128 0
2435 808631 129 3500371 128 0
2436 1486077 129 3329805 128 0
2437 2396970 129 831372 128 0
2438 831372 129 2891032 128 0
2439 6834705 129 2424 128 0
2440 2435 129 3658224 128 0
2441 3658224 129 1963795 128 0
2442 8954970 129 2435 128 0
2443 2432 129 1211216 128 0
2444 8709488 129 8270800 128 0
2445 382742 129 4808359 128 0
2446 5787108 128 2221527 128 0
2447 813085 128 1149799 127 0
2448 4651470 128 3676634 127 0
2449 7073692 128 180427 127 0
2450 1963795 128 9656338 127 0
2451 5246248 128 7986429 127 0
2452 2891032 128 1486077 127 0
2453 8270800 128 7719394 127 0
2454 3329805 128 7073692 127 0
2455 1468274 128 6986622 127 0
2456 9656338 128 8709488 127 0
2457 7719394 128 4651470 127 0
2458 3500371 128 906210 127 0
2459 1569345 128 971846 127 0
2460 7986429 128 3571123 127 0
2461 906210 127 1569345 127 0
2462 5437485 127 9382787 127 0
2463 3416835 127 1952532 126 0
2464 5163456 127 1468274 126 0
2465 8629327 127 5437485 126 0
2466 971846 127 603580 126 0
2467 6986622 127 7093609 126 0
2468 603580 127 3910073 126 0
2469 4930085 127 3445341 126 0
2470 7093609 127 5246248 126 0
2471 7225838 127 9545779 126 0
2472 3676634 127 6139172 126 0
2473 180427 127 2483 126 0
2474 9382787 127 2484 126 0
2475 1149799 127 6665521 125 0
2476 1952532 126 2476 125 0
2477 1301283 126 694579 125 0
2478 2484 126 7755671 125 0
2479 2483 126 3815211 125 0
2480 3644313 126 813085 125 0
2481 1908215 126 1681924 125 0
2482 6665521 126 903829 125 0
2483 2476 126 3416835 125 0
2484 4008709 126 1053548 125 0
2485 7428239 126 1301283 125 0
2486 903829 126 3644313 125 0
2487 3815211 126 4930085 124 0
2488 7755671 126 6540958 124 0
2489 3445341 126 374412 124 0
2490 3910073 126 2513 124 0
2491 6139172 126 41288 124 0
2492 2503 125 6291357 124 0
2493 4850526 125 6755931 124 0
2494 7382225 125 6476332 124 0
2495 5911995 125 1908215 124 0
2496 1604110 125 2503 124 0
2497 374412 125 6375999 124 0
2498 694579 125 2508 124 0
2499 7047769 125 6224408 124 0
2500 1053548 125 7428239 124 0
2501 6375999 125 2215345 124 0
2502 6755931 125 1604110 124 0
2503 2215345 125 6202837 124 0
2504 350302 125 692187 124 0
2505 6291357 125 5911995 124 0
2506 692187 125 5163456 124 0
2507 41288 125 4850526 124 0
2508 6710796 124 4008709 124 0
2509 7735481 124 7225838 124 0
2510 5720596 124 7047769 123 0
2511 6476332 124 8629327 123 0
2512 2522 124 8946782 123 0
2513 9888596 124 9888596 123 1
2514 6202837 124 2510 123 0
2515 6540958 124 5958698 123 0
2516 6224408 124 7382225 123 0
2517 2513 124 7735481 123 0
2518 6434248 124 3413267 123 0
2519 3779142 124 8632491 123 0
2520 2510 124 3997795 123 0
2521 2508 124 350302 123 0
2522 5958698 124 3603601 122 0
2523 3413267 124 784214 122 0
2524 3997795 123 841613 122 0
2525 2529 123 3298816 122 0
2526 8632491 123 4771364 122 0
2527 2530 123 5720596 122 0
2528 4279525 123 5146019 122 0
2529 4771364 123 2529 122 0
2530 3182660 123 5899889 122 0
2531 841613 123 2543 122 0
2532 784214 123 2566288 122 0
2533 8946782 123 3182660 122 0
2534 5771009 123 6710796 122 0
2535 3603601 123 2623070 122 0
2536 2566288 123 3779142 122 0
2537 8919996 123 6434248 122 0
2538 1656496 123 2861648 122 0
2539 5539323 123 4279525 122 0
2540 5004552 123 2530 122 0
2541 7646546 122 8241171 122 0
2542 2861648 122 4191529 122 0
2543 5146019 122 5004552 122 0
2544 2557 122 1656496 122 0
2545 2623070 122 2522 121 0
2546 8630394 122 3798774 121 0
2547 320498 122 5771009 121 0
2548 2550 122 7168634 121 0
2549 9393073 122 1676877 121 0
2550 948802 122 2569 121 0
2551 4191529 122 2557 121 0
2552 3798774 122 8919996 121 0
2553 5899889 122 7646546 121 0
2554 8241171 122 1083050 121 0
2555 3298816 122 8772048 121 0
2556 2543 122 9393073 121 0
2557 5915090 122 9790019 121 0
2558 7333795 121 2733775 121 0
2559 9874989 121 2562 121 0
2560 1523513 121 2615785 121 0
2561 7373112 121 320498 121 0
2562 1083050 121 933445 120 0
2563 3965111 121 3185361 120 0
2564 3660598 121 2550 120 0
2565 2569 121 5539323 120 0
2566 2733775 121 2279115 120 0
2567 7168634 121 7373112 120 0
2568 8772048 121 4429036 120 0
2569 2562 121 8059228 120 0
2570 616845 121 5915090 120 0
2571 1676877 121 8630394 120 0
2572 2615785 121 3965111 120 0
2573 9790019 121 7333795 120 0
2574 3185361 121 5154696 120 0
2575 2586 120 2583 120 0
2576 8958883 120 2586 120 0
2577 933445 120 302978 120 0
2578 9178032 120 1340519 119 0
2579 4429036 120 5710476 119 0
2580 8355192 120 3437743 119 0
2581 302978 120 3660598 119 0
2582 2279115 120 2554935 119 0
2583 3690622 120 616845 119 0
2584 8356769 120 9155053 119 0
2585 8059228 120 948802 119 0
2586 2583 120 4827269 119 0
2587 2582 120 9178032 119 0
2588 2580 120 9874989 119 0
2589 6436606 120 2582 119 0
2590 5154696 120 7433177 119 0
2591 9155053 120 5791291 119 0
2592 2243446 119 8958883 119 0
2593 9771377 119 7161817 119 0
2594 3437743 119 2580 118 0
2595 7433177 119 1746602 118 0
2596 4827269 119 2611 118 0
2597 2607 119 1523513 118 0
2598 5033939 119 5033939 118 1
2599 5791291 119 7716041 118 0
2600 2595 119 4573836 118 0
2601 8451057 119 9771377 118 0
2602 7161817 119 3690622 118 0
2603 3477894 119 9912274 118 0
2604 5710476 119 9807695 118 0
2605 4573836 119 2595 118 0
2606 2554935 119 6436606 118 0
2607 1340519 119 2976069 118 0
2608 583162 119 8451057 118 0
2609 5079214 118 8356769 118 0
2610 4606594 118 8912279 118 0
2611 9912274 118 9412462 117 0
2612 9807695 118 583162 117 0
2613 7596527 118 9308882 117 0
2614 8912279 118 955941 117 0
2615 1325788 118 4380969 117 0
2616 1746602 118 2133963 117 0
2617 896147 118 2904718 117 0
2618 2976069 118 2612 117 0
2619 9308882 118 2243446 117 0
2620 955941 118 896147 117 0
2621 2904718 118 8355192 117 0
2622 7716041 118 7596527 117 0
2623 443462 118 6025775 117 0
2624 6025775 118 2890365 117 0
2625 2611 118 4606594 117 0
2626 2612 118 2630 117 0
2627 5270758 117 5781171 117 0
2628 633560 117 620229 117 0
2629 620229 117 9052072 116 0
2630 5781171 117 2650 116 0
2631 4380969 117 7294461 116 0
2632 2874341 117 7461683 116 0
2633 2641 117 5079214 116 0
2634 2638258 117 8416594 116 0
2635 2133963 117 2739100 116 0
2636 2358150 117 3477894 116 0
2637 2637 117 141287 116 0
2638 1398409 117 2607 116 0
2639 9052072 117 2358150 116 0
2640 2739100 117 8160518 116 0
2641 7294461 117 9565776 116 0
2642 9412462 117 443462 116 0
2643 2630 117 1398409 116 0
2644 2890365 117 1325788 116 0
2645 8416594 116 2874341 115 0
2646 141287 116 3255479 115 0
2647 9030931 116 8145377 115 0
2648 7461683 116 9217185 115 0
2649 3012797 116 2666 115 0
2650 5789336 116 9297839 115 0
2651 9565776 116 1500547 115 0
2652 4639751 116 4931092 115 0
2653 8039053 116 9030931 115 0
2654 9303560 116 2641 115 0
2655 5439543 116 2018268 115 0
2656 7540684 116 3587797 115 0
2657 4931092 116 7540684 115 0
2658 2650 116 633560 115 0
2659 2018268 116 5439543 115 0
2660 4635444 116 9303560 115 0
2661 8160518 116 3289965 115 0
2662 1500547 116 6454635 115 0
2663 1637037 115 4639751 115 0
2664 7461879 115 1951562 115 0
2665 9297839 115 5270758 115 0
2666 3820236 115 8039053 115 0
2667 3289965 115 2637 115 0
2668 6717664 115 9603813 114 0
2669 101485 115 1637037 114 0
2670 4746893 115 4746893 114 1
2671 9217185 115 9548811 114 0
2672 5277756 115 7461879 114 0
2673 8145377 115 8566445 114 0
2674 3255479 115 101485 114 0
2675 6454635 115 3243582 114 0
2676 2666 115 1048910 114 0
2677 4324784 115 5928198 114 0
2678 8566445 115 6717664 114 0
2679 1951562 115 3012797 114 0
2680 9603813 115 4324784 114 0
2681 3587797 115 3820236 114 0
2682 2693 114 9868396 114 0
2683 9868396 114 7163720 114 0
2684 7163720 114 2693 114 0
2685 5614628 114 3541841 114 0
2686 9450139 114 5614628 114 0
2687 1778111 114 6170547 113 0
2688 5316936 114 2705 113 0
2689 2696 114 6145767 113 0
2690 9802549 114 4322083 113 0
2691 5928198 114 650387 113 0
2692 1048910 114 2696 113 0
2693 5263708 114 1690535 113 0
2694 4867213 114 1778111 113 0
2695 9548811 114 5789336 113 0
2696 1989421 114 4867213 113 0
2697 3541841 114 9802549 113 0
2698 650387 114 5316936 113 0
2699 3243582 114 3305648 113 0
2700 4322083 114 5277756 113 0
2701 109385 113 5263708 113 0
2702 5488825 113 4635444 113 0
2703 4509971 113 4030434 113 0
2704 8699606 113 1989421 113 0
2705 2705 113 1777363 113 0
2706 9699642 113 5132430 112 0
2707 1690535 113 4247372 112 0
2708 8512016 113 5209926 112 0
2709 3717884 113 990119 112 0
2710 6145767 113 4698950 112 0
2711 3776315 113 9450139 112 0
2712 178712 113 109385 112 0
2713 6170547 113 538612 112 0
2714 9739650 113 9739650 112 1
2715 4030434 113 4509971 112 0
2716 8219836 113 3776315 112 0
2717 3305648 113 5488825 112 0
2718 1777363 113 2186637 112 0
2719 5526080 113 5526080 112 1
2720 5876377 112 8755804 112 0
2721 2066584 112 9699642 112 0
2722 6060937 112 8699606 112 0
2723 5209926 112 7177108 112 0
2724 2732 112 5876377 112 0
2725 7177108 112 4168586 112 0
2726 2186637 112 6233751 111 0
2727 6233751 112 2743 111 0
2728 8724408 112 3717884 111 0
2729 5475952 112 8512016 111 0
2730 538612 112 178712 111 0
2731 9169006 112 5475952 111 0
2732 990119 112 6728931 111 0
2733 8755804 112 5563493 111 0
2734 1474943 112 4280014 111 0
2735 4247372 112 889647 111 0
2736 4168586 112 2638258 111 0
2737 889647 112 2750 111 0
2738 5132430 112 8222466 111 0
2739 4698950 112 8219836 111 0
2740 2791893 111 8237455 111 0
2741 8237455 111 8724408 111 0
2742 3064429 111 6060937 111 0
2743 8222466 111 3866589 111 0
2744 4280014 111 1474943 111 0
2745 1058778 111 4424503 111 0
2746 3866589 111 1196875 111 0
2747 2531012 111 3064429 110 0
2748 5563493 111 8255690 110 0
2749 2753 111 2753 110 1
2750 4424503 111 4861434 110 0
2751 2750 111 9169006 110 0
2752 1196875 111 2531012 110 0
2753 3434030 111 5401304 110 0
2754 2743 111 2165735 110 0
2755 6728931 111 2764 110 0
2756 6865003 111 4013479 110 0
2757 4936654 111 2775 110 0
2758 2747 111 9720636 110 0
2759 6201372 110 5212553 110 0
2760 4908408 110 6201372 110 0
2761 3249289 110 9363620 110 0
2762 4188401 110 2791893 109 0
2763 4861434 110 1689799 109 0
2764 183740 110 2017526 109 0
2765 7671432 110 4188401 109 0
2766 2221355 110 1058778 109 0
2767 4013479 110 2493317 109 0
2768 1004303 110 2747 109 0
2769 9363620 110 3434030 109 0
2770 2775 110 7671432 109 0
2771 8255690 110 2221355 109 0
2772 2771 110 4936654 109 0
2773 9720636 110 7605943 109 0
2774 2165735 110 3073202 109 0
2775 5401304 110 2066584 109 0
2776 6344103 110 3249289 109 0
2777 2764 110 1936392 109 0
2778 5212553 110 6865003 109 0
2779 2766 110 2732 109 0
2780 2017526 109 8661847 109 0
2781 6754678 109 2766 109 0
2782 7886990 109 2795 108 0
2783 2795 109 2641284 108 0
2784 7179316 109 874597 108 0
2785 1327464 109 624527 108 0
2786 1689799 109 8930978 108 0
2787 2801166 109 6344103 108 0
2788 3073202 109 7487632 108 0
2789 8930978 109 6754678 108 0
2790 874597 109 2102869 108 0
2791 7487632 109 1004303 108 0
2792 8661847 109 1327464 108 0
2793 9035391 109 8735527 108 0
2794 2493317 109 691391 108 0
2795 1936392 109 1034800 108 0
2796 624527 109 7179316 108 0
2797 7605943 109 4782558 108 0
2798 6958902 109 2801166 108 0
2799 2788 109 2771 108 0
2800 1176466 108 6778812 108 0
2801 2817 108 7886990 108 0
2802 2819 108 8448534 108 0
2803 6778812 108 183740 108 0
2804 4782558 108 3211555 108 0
2805 2815 108 1176466 108 0
2806 691391 108 552659 107 0
2807 8735527 108 2834 107 0
2808 8448534 108 4450391 107 0
2809 4450391 108 3716274 107 0
2810 2153203 108 9356009 107 0
2811 5583446 108 6958902 107 0
2812 2154009 108 4153032 107 0
2813 2641284 108 2621643 107 0
2814 3211555 108 2815 107 0
2815 2804 108 6411850 107 0
2816 9356009 108 2819 107 0
2817 2102869 108 3746383 107 0
2818 4682337 108 9381324 107 0
2819 1034800 108 4423516 107 0
2820 4423516 108 2154009 107 0
2821 3716274 107 5637337 107 0
2822 6411850 107 2826 107 0
2823 2621643 107 2788 107 0
2824 3746383 107 9035391 107 0
2825 2834 107 5583446 107 0
2826 880453 107 9084517 107 0
2827 2826 107 4682337 107 0
2828 2684717 107 3147713 107 0
2829 8023831 107 4908408 107 0
2830 1177078 107 2804 107 0
2831 552659 107 2153203 107 0
2832 9409441 107 9409441 106 1
2833 1274406 107 880453 106 0
2834 6182641 107 6827886 106 0
2835 5361307 107 1274406 106 0
2836 4153032 107 4571443 106 0
2837 9381324 107 5361307 106 0
2838 5637337 107 1177078 106 0
2839 3147713 107 2847 106 0
2840 9084517 107 4932834 106 0
2841 2827 107 2434238 106 0
2842 4571443 106 659758 106 0
2843 4553588 106 2234340 106 0
2844 2860 106 4550865 106 0
2845 9115443 106 2684717 106 0
2846 9455722 106 825093 106 0
2847 2848 106 8023831 106 0
2848 4996702 106 6182641 106 0
2849 4550865 106 2827 105 0
2850 6360981 106 2872 105 0
2851 4932834 106 2871 105 0
2852 2434238 106 1567099 105 0
2853 3033339 106 2817 105 0
2854 659758 106 3954027 105 0
2855 3954027 106 2860 105 0
2856 6827886 106 7720263 105 0
2857 3547333 106 9455722 105 0
2858 825093 106 9729247 105 0
2859 2234340 106 2462986 105 0
2860 1836831 106 9802535 105 0
2861 6306675 106 9923574 105 0
2862 9923574 106 4996702 105 0
2863 2847 106 2848 105 0
2864 2870 105 2832215 105 0
2865 9340010 105 2913714 105 0
2866 2882 105 4553588 105 0
2867 3536071 105 3853102 105 0
2868 9729247 105 3536071 105 0
2869 7720263 105 9115443 105 0
2870 411933 105 6306675 105 0
2871 2883 105 3171010 104 0
2872 2884 105 7053499 104 0
2873 3853102 105 2903 104 0
2874 9504963 105 5044549 104 0
2875 2832215 105 1874479 104 0
2876 8385452 105 2738633 104 0
2877 2462986 105 5079203 104 0
2878 9802535 105 2882 104 0
2879 1567099 105 8385452 104 0
2880 4831380 105 2900 104 0
2881 2913714 105 7487181 104 0
2882 2738633 105 2883 104 0
2883 2871 105 2919765 104 0
2884 2872 105 1836831 104 0
2885 1874479 104 9340010 104 0
2886 2071183 104 2892 104 0
2887 9369545 104 2884 104 0
2888 8834857 104 9504963 104 0
2889 2907 104 8834857 104 0
2890 2906 104 3033339 104 0
2891 4754239 104 8179257 104 0
2892 2903 104 2906 103 0
2893 4169485 104 8833913 103 0
2894 7487181 104 7894080 103 0
2895 2900 104 4169485 103 0
2896 5044549 104 3874945 103 0
2897 5079203 104 2887271 103 0
2898 7894080 104 6360981 103 0
2899 8179257 104 8832857 103 0
2900 6923495 104 8839225 103 0
2901 3205885 104 1757010 103 0
2902 3171010 104 9269461 103 0
2903 8832857 104 2907 103 0
2904 2919765 104 411933 103 0
2905 2892 104 2071183 103 0
2906 8833913 104 196686 103 0
2907 7053499 104 3205885 103 0
2908 274886 103 6672733 103 0
2909 7428005 103 3309176 103 0
2910 3309176 103 2870 103 0
2911 9269461 103 3241022 103 0
2912 2887271 103 4754239 103 0
2913 4149505 103 7428005 102 0
2914 1757010 103 7706584 102 0
2915 4151494 103 2610906 102 0
2916 2929 103 2291420 102 0
2917 2316071 103 2353208 102 0
2918 8839225 103 801300 102 0
2919 196686 103 4151494 102 0
2920 6233427 103 6233427 102 1
2921 5612193 103 8395745 102 0
2922 3874945 103 2316071 102 0
2923 2391395 103 2915 102 0
2924 6672733 103 3547333 102 0
2925 2240235 103 2240235 102 1
2926 3241022 103 1509920 102 0
2927 2915 103 1760940 102 0
2928 2916 103 2916 102 1
2929 8395745 103 2932 102 0
2930 2353208 102 922660 102 0
2931 801300 102 4831380 102 0
2932 2939 102 9205360 102 0
2933 9620122 102 9369545 102 0
2934 2886405 102 1228189 102 0
2935 2610906 102 2929 102 0
2936 115665 102 6923495 101 0
2937 5789224 102 5629300 101 0
2938 7706584 102 4585146 101 0
2939 1760940 102 5825136 101 0
2940 1119851 102 3586668 101 0
2941 1228189 102 2893277 101 0
2942 5629300 102 5612193 101 0
2943 678822 102 493316 101 0
2944 922660 102 274886 101 0
2945 4400000 102 9069960 101 0
2946 2932 102 4149505 101 0
2947 1509920 102 4400000 101 0
2948 2893277 102 2971 101 0
2949 9069960 102 636836 101 0
2950 9205360 102 384547 101 0
2951 2291420 102 3312811 101 0
2952 9721605 102 4145217 101 0
2953 75405 102 1301271 101 0
2954 5393620 101 7451611 101 0
2955 2964 101 5789224 101 0
2956 619168 101 2960 101 0
2957 2971 101 9004225 101 0
2958 384547 101 5830836 101 0
2959 5830836 101 678822 101 0
2960 3586668 101 2358605 100 0
2961 6776318 101 8390847 100 0
2962 2358605 101 2977 100 0
2963 1301271 101 115665 100 0
2964 647056 101 2964 100 0
2965 9004225 101 2394614 100 0
2966 9280206 101 8694044 100 0
2967 4585146 101 3836589 100 0
2968 7308112 101 5871791 100 0
2969 493316 101 6776318 100 0
2970 3312811 101 2872035 100 0
2971 636836 101 1119851 100 0
2972 3412407 101 5261470 100 0
2973 4145217 101 619168 100 0
2974 7451611 101 9420397 100 0
2975 5825136 101 4637388 100 0
2976 2960 101 9915400 100 0
2977 6505407 100 6505407 100 1
2978 8390847 100 75405 100 0
2979 5981010 100 2391395 100 0
2980 2043280 100 1728620 100 0
2981 5319302 100 647056 100 0
2982 8460202 100 2939 100 0
2983 2872035 100 6168467 100 0
2984 5871791 100 3412407 100 0
2985 2394614 100 2886405 100 0
2986 6168467 100 2997 99 0
2987 8694044 100 7308112 99 0
2988 3836589 100 2043280 99 0
2989 8230548 100 1210597 99 0
2990 9948332 100 9286407 99 0
2991 2563353 100 7690593 99 0
2992 4637388 100 2563353 99 0
2993 5261470 100 3876513 99 0
2994 2977 100 3002 99 0
2995 204258 100 5981010 99 0
2996 3051522 100 3018 99 0
2997 1728620 100 8481309 99 0
2998 80963 100 9620122 99 0
2999 9420397 100 8230548 99 0
3000 9915400 100 204258 99 0
3001 2075286 99 9948332 99 0
3002 3876513 99 6208715 99 0
3003 9476297 99 6860746 99 0
3004 4509051 99 7576039 99 0
3005 5003513 99 5393620 99 0
3006 3018 99 8460202 99 0
3007 9286407 99 80963 99 0
3008 9751696 99 5658617 98 0
3009 7576039 99 1816286 98 0
3010 1210597 99 1565670 98 0
3011 7690593 99 1413230 98 0
3012 655767 99 558706 98 0
3013 6860746 99 559782 98 0
3014 5658617 99 3026 98 0
3015 3517638 99 3517638 98 1
3016 914794 99 5319302 98 0
3017 3762739 99 6276252 98 0
3018 558706 99 2075286 98 0
3019 6208715 99 7531142 98 0
3020 1998504 99 9721605 98 0
3021 3955559 99 9280206 98 0
3022 2997 99 5910697 98 0
3023 3002 99 1510353 98 0
3024 8481309 99 655767 98 0
3025 1796205 98 6879403 98 0
3026 8735562 98 9476297 98 0
3027 3094642 98 1998504 98 0
3028 1565670 98 1546709 98 0
3029 1413230 98 8025685 98 0
3030 2142243 98 4509051 98 0
3031 1510353 98 9751696 98 0
3032 7531142 98 3083210 98 0
3033 4560018 98 3051522 98 0
3034 5910697 98 914794 98 0
3035 559782 98 3027 98 0
3036 6879403 98 1706845 98 0
3037 3030 98 2142243 98 0
3038 894160 98 5497973 97 0
3039 8025685 98 8735562 97 0
3040 1706845 98 7902306 97 0
3041 3083210 98 9468270 97 0
3042 235973 98 9469861 97 0
3043 1546709 98 7671088 97 0
3044 1816286 98 9537915 97 0
3045 6276252 98 1796205 97 0
3046 5249231 98 5357457 97 0
3047 2008928 98 7836271 97 0
3048 3026 98 3055 97 0
3049 3027 98 5249231 97 0
3050 7836271 97 4671284 97 0
3051 5497973 97 2927849 97 0
3052 7902306 97 3542506 97 0
3053 8780066 97 2177656 97 0
3054 4671284 97 8780066 97 0
3055 5404533 97 3762739 97 0
3056 3992092 97 5003513 97 0
3057 3658651 97 1555720 97 0
3058 5394566 97 3955559 97 0
3059 2177656 97 4560018 97 0
3060 3542506 97 3640051 97 0
3061 9468270 97 4294967295 0 0
3062 3284657 97 4294967295 0 0
3063 1555720 97 4294967295 0 0
3064 2927849 97 4294967295 0 0
3065 5357457 97 4294967295 0 0
3066 3640051 97 4294967295 0 0
3067 4895726 97 4294967295 0 0
3068 9469861 97 4294967295 0 0
3069 5067436 97 4294967295 0 0
3070 9537915 97 4294967295 0 0
3071 7671088 97 4294967295 0 0
3072 3055 97 4294967295 0 0
3073 2422427 97 4294967295 0 0
3074 7370971 97 4294967295 0 0
3075 8227581 96 4294967295 0 0
3076 2832976 96 4294967295 0 0
3077 8910919 96 4294967295 0 0
3078 3094 96 4294967295 0 0
3079 8158577 96 4294967295 0 0
3080 6350769 96 4294967295 0 0
3081 3084 96 4294967295 0 0
3082 7120339 96 4294967295 0 0
3083 7792492 96 4294967295 0 0
3084 3900464 96 4294967295 0 0
3085 6887664 96 4294967295 0 0
3086 5173279 96 4294967295 0 0
3087 7936434 96 4294967295 0 0
3088 7838551 96 4294967295 0 0
3089 3600239 96 4294967295 0 0
3090 3663299 96 4294967295 0 0
3091 844981 96 4294967295 0 0
3092 4003104 96 4294967295 0 0
3093 7224190 96 4294967295 0 0
3094 8511355 96 4294967295 0 0
3095 6354218 96 4294967295 0 0
3096 8873877 96 4294967295 0 0
3097 5042316 96 4294967295 0 0
3098 3075 96 4294967295 0 0
3099 3590865 96 4294967295 0 0
3100 3077 96 4294967295 0 0
3101 959340 95 4294967295 0 0
3102 2535515 95 4294967295 0 0
3103 3943018 95 4294967295 0 0
3104 6646570 95 4294967295 0 0
3105 3119 95 4294967295 0 0
3106 599176 95 4294967295 0 0
3107 6243342 95 4294967295 0 0
3108 6479805 95 4294967295 0 0
3109 8494322 95 4294967295 0 0
3110 6569029 95 4294967295 0 0
3111 6936140 95 4294967295 0 0
3112 9479359 95 4294967295 0 0
3113 1908778 95 4294967295 0 0
3114 6119381 95 4294967295 0 0
3115 4711117 95 4294967295 0 0
3116 8343437 95 4294967295 0 0
3117 7432735 95 4294967295 0 0
3118 2590487 95 4294967295 0 0
3119 566669 95 4294967295 0 0
3120 1590831 95 4294967295 0 0
3121 7719573 95 4294967295 0 0
3122 8976783 95 4294967295 0 0
3123 3108 95 4294967295 0 0
3124 1150985 95 4294967295 0 0
3125 3105 95 4294967295 0 0
3126 9025143 95 4294967295 0 0
3127 3140 94 4294967295 0 0
3128 6191105 94 4294967295 0 0
3129 3508071 94 4294967295 0 0
3130 6509081 94 4294967295 0 0
3131 7821685 94 4294967295 0 0
3132 3147 94 4294967295 0 0
3133 9927282 94 4294967295 0 0
3134 3369716 94 4294967295 0 0
3135 167903 94 4294967295 0 0
3136 2831807 94 4294967295 0 0
3137 9059017 94 4294967295 0 0
3138 6784854 94 4294967295 0 0
3139 5946907 94 4294967295 0 0
3140 9778402 94 4294967295 0 0
3141 5693842 94 4294967295 0 0
3142 5100192 94 4294967295 0 0
3143 7199800 94 4294967295 0 0
3144 9018749 94 4294967295 0 0
3145 7170072 94 4294967295 0 0
3146 68754 94 4294967295 0 0
3147 4175628 94 4294967295 0 0
3148 7497764 94 4294967295 0 0
3149 6598478 94 4294967295 0 0
3150 6807282 94 4294967295 0 0
3151 6418833 94 4294967295 0 0
3152 2865168 94 4294967295 0 0
3153 9332604 94 4294967295 0 0
3154 3175 93 4294967295 0 0
3155 2757640 93 4294967295 0 0
3156 1197759 93 4294967295 0 0
3157 3176 93 4294967295 0 0
3158 3177 93 4294967295 0 0
3159 3179 93 4294967295 0 0
3160 756167 93 4294967295 0 0
3161 7776029 93 4294967295 0 0
