30000000 55555 0.000010
0 12880644 2223 12880644 2223 1
1 27546843 1588 27546843 1588 1
2 9421475 1291 9421475 1291 1
3 16985852 1113 16985852 1113 1
4 22381743 1010 22381743 1010 1
5 6601940 894 6601940 894 1
6 19167512 839 19167512 839 1
7 26082697 763 26082697 763 1
8 26349538 751 26349538 751 1
9 11920939 694 11920939 694 1
10 22928793 670 22928793 670 1
11 15931095 628 15931095 628 1
12 1737098 618 1737098 618 1
13 12709913 581 12709913 581 1
14 6899289 561 6899289 561 1
15 12822840 548 12822840 548 1
16 15555755 535 15555755 535 1
17 23762724 522 23762724 522 1
18 239425 503 239425 503 1
19 10863421 496 10863421 496 1
20 23383221 476 23383221 476 1
21 9377131 471 9377131 471 1
22 26050044 469 26050044 469 1
23 22904892 455 22904892 455 1
24 19530033 439 19530033 439 1
25 11211064 426 11211064 426 1
26 5354566 425 5354566 425 1
27 17740954 420 17740954 420 1
28 16024943 411 16024943 411 1
29 11113610 401 11113610 401 1
30 30 388 30 388 1
31 25065359 387 25065359 387 1
32 1082604 387 1082604 387 1
33 2588130 375 2588130 375 1
34 8649667 368 8649667 368 1
35 18986174 367 18986174 367 1
36 14303177 366 9868494 366 0
37 9868494 366 14303177 366 0
38 25514107 361 25514107 361 1
39 38 358 38 358 1
40 24252872 349 3828462 349 0
41 3828462 349 24252872 349 0
42 11422549 345 11422549 345 1
43 14750655 336 14750655 336 1
44 1298001 335 46 335 0
45 46 335 1298001 335 0
46 2802450 321 2802450 321 1
47 47 316 47 316 1
48 6816457 313 6816457 313 1
49 18681442 310 18681442 310 1
50 49 308 49 308 1
51 50 307 50 307 1
52 15471384 305 15471384 305 1
53 23408397 301 23408397 301 1
54 1648295 299 4294967295 0 0
55 52 294 4294967295 0 0
56 24930477 289 4294967295 0 0
57 16684339 289 4294967295 0 0
58 53 287 4294967295 0 0
59 4523835 284 4294967295 0 0
60 2545132 278 4294967295 0 0
61 3757242 277 4294967295 0 0
62 8225765 277 4294967295 0 0
63 60 276 4294967295 0 0
64 3609363 275 4294967295 0 0
65 20076035 271 4294967295 0 0
66 2778429 271 4294967295 0 0
67 72 268 4294967295 0 0
68 21847821 266 4294967295 0 0
69 12261787 266 4294967295 0 0
70 26224558 265 4294967295 0 0
71 6410511 263 4294967295 0 0
72 5962792 260 4294967295 0 0
73 14983369 258 4294967295 0 0
74 19816319 257 4294967295 0 0
75 11856306 256 4294967295 0 0
76 16769970 253 4294967295 0 0
77 20538485 252 4294967295 0 0
78 13323508 251 4294967295 0 0
79 17551948 251 4294967295 0 0
80 2542401 250 4294967295 0 0
81 24750547 250 4294967295 0 0
82 26768642 247 4294967295 0 0
83 23271831 247 4294967295 0 0
84 15237081 245 4294967295 0 0
85 4130664 245 4294967295 0 0
86 3627928 236 4294967295 0 0
87 14497818 234 4294967295 0 0
88 16074013 233 4294967295 0 0
89 24591162 233 4294967295 0 0
90 8952701 230 4294967295 0 0
91 8390058 229 4294967295 0 0
92 7209262 227 4294967295 0 0
93 12741616 227 4294967295 0 0
94 29221837 224 4294967295 0 0
95 21357780 224 4294967295 0 0
96 14195167 224 4294967295 0 0
97 94 223 4294967295 0 0
98 29916443 222 4294967295 0 0
99 760189 221 4294967295 0 0
100 3962393 221 4294967295 0 0
101 97 220 4294967295 0 0
102 96 219 4294967295 0 0
103 27394373 218 4294967295 0 0
104 11764454 216 4294967295 0 0
105 28023923 215 4294967295 0 0
106 8684803 215 4294967295 0 0
107 21080142 214 4294967295 0 0
108 13257601 214 4294967295 0 0
109 28491940 213 4294967295 0 0
110 4704416 210 4294967295 0 0
111 25352424 209 4294967295 0 0
112 1749327 208 4294967295 0 0
113 25619535 208 4294967295 0 0
114 7925241 207 4294967295 0 0
115 5040814 207 4294967295 0 0
116 10963587 206 4294967295 0 0
117 7384924 206 4294967295 0 0
118 22477060 205 4294967295 0 0
119 28748605 203 4294967295 0 0
120 16358088 203 4294967295 0 0
121 26256108 201 4294967295 0 0
122 8550824 201 4294967295 0 0
123 3479274 198 4294967295 0 0
124 3960631 198 4294967295 0 0
125 20014391 197 4294967295 0 0
126 22089672 197 4294967295 0 0
127 16766850 196 4294967295 0 0
128 719787 194 4294967295 0 0
129 16704178 194 4294967295 0 0
130 3940354 194 4294967295 0 0
131 29610433 193 4294967295 0 0
132 128 192 4294967295 0 0
133 26392253 191 4294967295 0 0
134 137 190 4294967295 0 0
135 23446078 188 4294967295 0 0
136 7500276 187 4294967295 0 0
137 5105201 187 4294967295 0 0
138 13373539 187 4294967295 0 0
139 14578241 187 4294967295 0 0
140 10494470 185 4294967295 0 0
141 26329406 184 4294967295 0 0
142 20249505 184 4294967295 0 0
143 25344244 182 4294967295 0 0
144 5781663 182 4294967295 0 0
145 136 182 4294967295 0 0
146 26757603 181 4294967295 0 0
147 148 181 4294967295 0 0
148 8377063 181 4294967295 0 0
149 26947901 180 4294967295 0 0
150 28626298 180 4294967295 0 0
151 2519073 180 4294967295 0 0
152 10556052 179 4294967295 0 0
153 3644547 179 4294967295 0 0
154 12266863 178 4294967295 0 0
