9999498 55555 0.000010
0 1039553 6848321 1039553 6848321 1
1 1334798 1439682 1334798 1439682 1
2 4211539 578178 4211539 578178 1
3 3137304 302656 3137304 302656 1
4 7084740 183190 7084740 183190 1
5 4778440 121547 4778440 121547 1
6 6133043 85924 6133043 85924 1
7 1321801 63626 1321801 63626 1
8 3602344 48813 3602344 48813 1
9 3444396 38511 3444396 38511 1
10 6406523 31078 6406523 31078 1
11 3152748 25552 3152748 25552 1
12 5048708 21341 5048708 21341 1
13 4767725 18063 4767725 18063 1
14 2470347 15466 2470347 15466 1
15 9792592 13376 9792592 13376 1
16 16 11670 16 11670 1
17 17 10262 17 10262 1
18 3841286 9086 3841286 9086 1
19 5561446 8096 5561446 8096 1
20 5541905 7254 5541905 7254 1
21 1622023 6533 1622023 6533 1
22 9366026 5911 9366026 5911 1
23 6749807 5372 6749807 5372 1
24 2102122 4900 2102122 4900 1
25 25 4486 25 4486 1
26 5935020 4121 5935020 4121 1
27 9709277 3797 9709277 3797 1
28 5619599 3509 5619599 3509 1
29 1751403 3251 1751403 3251 1
30 8197054 3020 8197054 3020 1
31 8448207 2812 8448207 2812 1
32 1615449 2624 1615449 2624 1
33 2612563 2453 2612563 2453 1
34 7050751 2298 7050751 2298 1
35 4976239 2157 4976239 2157 1
36 7088296 2028 7088296 2028 1
37 8181905 1910 8181905 1910 1
38 38 1802 38 1802 1
39 1957559 1702 1957559 1702 1
40 5818068 1610 5818068 1610 1
41 4852100 1525 4852100 1525 1
42 4132839 1446 4132839 1446 1
43 43 1373 43 1373 1
44 9503514 1306 9503514 1306 1
45 45 1243 45 1243 1
46 8932064 1184 8932064 1184 1
47 7395632 1129 7395632 1129 1
48 6267130 1078 6267130 1078 1
49 1105939 1030 1105939 1030 1
50 4818817 985 4818817 985 1
51 2202971 943 2202971 943 1
52 678277 904 678277 904 1
53 9466253 866 9466253 866 1
54 7215871 831 7215871 831 1
55 1042365 798 1042365 798 1
56 4401624 767 4401624 767 1
57 57 738 57 738 1
58 8752557 710 8752557 710 1
59 9234490 684 9234490 684 1
60 9265404 659 9265404 659 1
61 7217155 635 7217155 635 1
62 7741560 612 7741560 612 1
63 7752085 591 7752085 591 1
64 4249730 571 4249730 571 1
65 65 552 65 552 1
66 2748601 533 2748601 533 1
67 6457397 516 6457397 516 1
68 68 499 68 499 1
69 1086211 483 1086211 483 1
70 5676427 468 5676427 468 1
71 2806316 454 2806316 454 1
72 4427936 440 4427936 440 1
73 7422436 426 7422436 426 1
74 4575700 414 4575700 414 1
75 5667401 402 5667401 402 1
76 3971389 390 3971389 390 1
77 509928 379 509928 379 1
78 832383 368 832383 368 1
79 5828992 358 5828992 358 1
80 736761 348 736761 348 1
81 7823074 338 7823074 338 1
82 2610898 329 2610898 329 1
83 83 321 83 321 1
84 3836307 312 3836307 312 1
85 2139337 304 2139337 304 1
86 6173501 296 6173501 296 1
87 87 289 87 289 1
88 6970913 281 6970913 281 1
89 170181 274 170181 274 1
90 6797971 268 6797971 268 1
91 9307760 261 9307760 261 1
92 9760366 255 9760366 255 1
93 463070 249 463070 249 1
94 94 243 94 243 1
95 1034491 237 1034491 237 1
96 6298523 232 6298523 232 1
97 2567063 227 2567063 227 1
98 98 222 98 222 1
99 6216239 217 6216239 217 1
100 302443 212 302443 212 1
101 101 207 101 207 1
102 7368653 203 7368653 203 1
103 4896524 198 4896524 198 1
104 7473065 194 7473065 194 1
105 3883727 190 3883727 190 1
106 448087 186 448087 186 1
107 2497796 182 2497796 182 1
108 8143720 178 8143720 178 1
109 5746957 175 5746957 175 1
110 3365977 171 3365977 171 1
111 111 168 111 168 1
112 1551629 164 1551629 164 1
113 113 161 113 161 1
114 5127386 158 5127386 158 1
115 115 155 115 155 1
116 8774190 152 8774190 152 1
117 8436799 149 8436799 149 1
118 118 146 118 146 1
119 1623703 144 1623703 144 1
120 4488972 141 4488972 141 1
121 6973796 138 6973796 138 1
122 122 136 122 136 1
123 6555360 133 6555360 133 1
124 4157301 131 4157301 131 1
125 6271296 129 6271296 129 1
126 5648942 126 5648942 126 1
127 5382233 124 5382233 124 1
128 3993568 122 3993568 122 1
129 6088434 120 6088434 120 1
130 9612438 118 9612438 118 1
131 7509482 116 7509482 116 1
132 6456036 114 6456036 114 1
133 3612666 112 3612666 112 1
134 8758696 110 8758696 110 1
135 4368354 108 4368354 108 1
136 8582095 107 8582095 107 1
137 137 105 137 105 1
138 7767300 103 7767300 103 1
139 622912 102 622912 102 1
140 9541397 100 9541397 100 1
141 8758988 98 4294967295 0 0
142 6554385 97 4294967295 0 0
143 9533265 95 4294967295 0 0
144 3991398 94 4294967295 0 0
145 1409387 92 4294967295 0 0
146 2480029 91 4294967295 0 0
147 147 90 4294967295 0 0
148 4950038 88 4294967295 0 0
149 6797852 87 4294967295 0 0
150 6010152 86 4294967295 0 0
151 8322280 84 4294967295 0 0
152 152 83 4294967295 0 0
153 9524891 82 4294967295 0 0
154 772542 81 4294967295 0 0
155 4922971 80 4294967295 0 0
156 2545163 78 4294967295 0 0
157 2627107 77 4294967295 0 0
158 8090588 76 4294967295 0 0
159 3048932 75 4294967295 0 0
160 9423218 74 4294967295 0 0
161 4893440 73 4294967295 0 0
162 438817 72 4294967295 0 0
163 8521691 71 4294967295 0 0
164 190280 70 4294967295 0 0
165 5580835 69 4294967295 0 0
166 9576574 68 4294967295 0 0
167 6729913 67 4294967295 0 0
168 4794101 67 4294967295 0 0
169 2154098 66 4294967295 0 0
170 432895 65 4294967295 0 0
171 9363808 64 4294967295 0 0
172 6907295 63 4294967295 0 0
173 3240780 62 4294967295 0 0
174 174 61 4294967295 0 0
175 175 61 4294967295 0 0
176 4288623 60 4294967295 0 0
177 7704295 59 4294967295 0 0
178 9512579 58 4294967295 0 0
179 6095681 58 4294967295 0 0
180 6578590 57 4294967295 0 0
181 181 56 4294967295 0 0
182 182 56 4294967295 0 0
183 4038686 55 4294967295 0 0
184 184 54 4294967295 0 0
185 9879203 54 4294967295 0 0
186 8913949 53 4294967295 0 0
187 5517840 52 4294967295 0 0
188 7432308 52 4294967295 0 0
189 2491882 51 4294967295 0 0
190 6546311 50 4294967295 0 0
191 8302373 50 4294967295 0 0
192 193 49 4294967295 0 0
193 5225977 49 4294967295 0 0
194 6384861 48 4294967295 0 0
195 4028464 48 4294967295 0 0
196 5353187 47 4294967295 0 0
197 1124658 47 4294967295 0 0
198 737008 46 4294967295 0 0
199 4551515 46 4294967295 0 0
200 7897924 45 4294967295 0 0
201 6460767 45 4294967295 0 0
202 8610409 44 4294967295 0 0
203 2891872 44 4294967295 0 0
204 4751813 43 4294967295 0 0
205 465269 43 4294967295 0 0
206 4268356 42 4294967295 0 0
207 3162508 42 4294967295 0 0
208 238557 41 4294967295 0 0
209 9308562 41 4294967295 0 0
210 2811052 40 4294967295 0 0
211 5747514 40 4294967295 0 0
212 6851653 40 4294967295 0 0
213 4547674 39 4294967295 0 0
214 8787004 39 4294967295 0 0
215 1027573 38 4294967295 0 0
216 1774061 38 4294967295 0 0
217 216 38 4294967295 0 0
218 2615140 37 4294967295 0 0
219 4700162 37 4294967295 0 0
220 2183827 36 4294967295 0 0
221 7941122 36 4294967295 0 0
222 2547902 36 4294967295 0 0
223 8512732 35 4294967295 0 0
224 1148627 35 4294967295 0 0
225 5491079 35 4294967295 0 0
226 719093 34 4294967295 0 0
227 9323702 34 4294967295 0 0
228 673407 34 4294967295 0 0
229 1194314 33 4294967295 0 0
230 8459317 33 4294967295 0 0
231 4679021 33 4294967295 0 0
232 232 32 4294967295 0 0
233 233 32 4294967295 0 0
234 8609497 32 4294967295 0 0
235 7639695 31 4294967295 0 0
236 676094 31 4294967295 0 0
237 6027228 31 4294967295 0 0
238 8358773 30 4294967295 0 0
239 9679071 30 4294967295 0 0
240 7633046 30 4294967295 0 0
241 303916 30 4294967295 0 0
