99968 55555 0.000010
0 42270 74544 42270 71966 1
1 60300 13178 60300 12710 1
2 66376 4782 66376 4619 1
3 85945 2330 85945 2261 1
4 84423 1333 84423 1281 1
5 17885 845 17885 827 1
6 62778 575 62778 555 1
7 14493 412 14493 401 1
8 5318 307 5318 300 1
9 9 236 9 226 1
10 54058 186 54058 183 1
11 60340 149 60340 146 1
12 77541 122 77541 117 1
13 6583 102 6583 98 1
14 27529 86 27529 85 1
15 52418 73 52418 70 1
16 16 63 16 62 1
17 9886 54 9886 52 1
18 18 47 18 44 1
19 22472 42 22472 41 1
20 55231 37 55231 33 1
21 8177 33 8177 31 1
22 22 29 22 27 1
23 35955 26 35955 26 1
24 71705 24 69236 22 0
25 69236 22 71705 22 0
26 80417 20 80417 19 1
27 16159 18 16159 18 1
28 4269 16 4269 16 1
29 90048 15 90048 14 1
30 2968 14 2968 13 1
31 25782 13 25782 12 1
32 43272 12 43272 11 1
33 34929 11 35559 10 0
34 35559 10 34929 9 0
35 56385 10 36 8 0
36 36 9 75726 8 0
37 75726 8 56385 8 0
38 37 8 37 8 1
39 46322 7 46789 7 0
40 41 7 46322 7 0
41 46789 7 67636 6 0
42 67636 6 24550 6 0
43 24550 6 41 6 0
44 85412 5 40176 5 0
45 26692 5 740 5 0
46 40176 5 85412 5 0
47 740 5 26692 5 0
48 77417 4 87164 4 0
49 87164 4 14700 4 0
50 96250 4 99748 4 0
51 14700 4 96250 4 0
52 99748 4 73307 3 0
53 72405 3 72405 3 1
54 1100 3 98185 3 0
55 96492 3 77417 3 0
56 73307 3 96492 3 0
57 69394 3 69394 3 1
58 30787 3 1100 3 0
59 98185 3 30787 3 0
60 39154 3 39154 3 1
61 33551 2 17862 2 0
62 21340 2 30013 2 0
63 30013 2 67 2 0
64 45410 2 71969 2 0
65 19606 2 73 2 0
66 73 2 45410 2 0
67 71969 2 19606 2 0
68 71 2 33551 2 0
69 40786 2 23038 2 0
70 67 2 31549 2 0
71 23038 2 21340 2 0
72 17862 2 2142 2 0
73 31549 2 40786 2 0
74 2142 2 71 2 0
75 74550 1 48290 1 0
76 55721 1 66672 1 0
77 95781 1 88333 1 0
78 19870 1 1637 1 0
79 5152 1 35099 1 0
80 51730 1 95781 1 0
81 1637 1 74044 1 0
82 103 1 99457 1 0
83 12572 1 61423 1 0
84 11434 1 24939 1 0
85 106 1 75 1 0
86 105 1 105 1 1
87 48290 1 54044 1 0
88 98091 1 12572 1 0
89 74044 1 5152 1 0
90 61423 1 16360 1 0
91 95200 1 88182 1 0
92 66672 1 3381 1 0
93 35099 1 30852 1 0
94 15798 1 85240 1 0
95 69704 1 11434 1 0
96 84167 1 106 1 0
97 24939 1 48968 1 0
98 99457 1 16330 1 0
99 16330 1 10894 1 0
100 52890 1 52890 1 1
101 33580 1 39313 1 0
102 85240 1 8569 1 0
103 88182 1 33580 1 0
104 88333 1 15798 1 0
105 54044 1 19870 1 0
106 75 1 84167 1 0
107 8569 1 51730 1 0
108 39313 1 98091 1 0
109 16360 1 46139 1 0
110 10894 1 8648 1 0
111 30852 1 55721 1 0
112 46139 1 69704 1 0
113 8648 1 95200 1 0
114 3381 1 74550 1 0
115 48968 1 26441 1 0
116 26441 1 2147483647 0 0
117 66686 0 2147483647 0 0
118 66677 0 2147483647 0 0
119 66684 0 2147483647 0 0
120 66679 0 2147483647 0 0
121 66676 0 2147483647 0 0
122 66680 0 2147483647 0 0
123 66678 0 2147483647 0 0
124 66687 0 2147483647 0 0
125 66688 0 2147483647 0 0
126 66666 0 2147483647 0 0
127 66683 0 2147483647 0 0
128 66681 0 2147483647 0 0
129 66682 0 2147483647 0 0
130 66689 0 2147483647 0 0
131 66685 0 2147483647 0 0
132 66643 0 2147483647 0 0
133 66653 0 2147483647 0 0
134 66652 0 2147483647 0 0
135 66651 0 2147483647 0 0
136 66650 0 2147483647 0 0
137 66649 0 2147483647 0 0
138 66648 0 2147483647 0 0
139 66647 0 2147483647 0 0
140 66646 0 2147483647 0 0
141 66645 0 2147483647 0 0
142 66644 0 2147483647 0 0
143 66654 0 2147483647 0 0
144 66642 0 2147483647 0 0
145 66641 0 2147483647 0 0
146 66640 0 2147483647 0 0
147 66639 0 2147483647 0 0
148 66638 0 2147483647 0 0
149 66637 0 2147483647 0 0
150 66636 0 2147483647 0 0
151 66635 0 2147483647 0 0
152 66604 0 2147483647 0 0
153 66664 0 2147483647 0 0
154 66674 0 2147483647 0 0
155 66673 0 2147483647 0 0
156 66671 0 2147483647 0 0
157 66670 0 2147483647 0 0
158 66669 0 2147483647 0 0
159 66668 0 2147483647 0 0
160 66667 0 2147483647 0 0
161 66634 0 2147483647 0 0
162 66665 0 2147483647 0 0
163 66675 0 2147483647 0 0
164 66663 0 2147483647 0 0
165 66662 0 2147483647 0 0
166 66661 0 2147483647 0 0
167 66660 0 2147483647 0 0
168 66659 0 2147483647 0 0
169 66658 0 2147483647 0 0
170 66657 0 2147483647 0 0
171 66656 0 2147483647 0 0
172 66655 0 2147483647 0 0
173 66745 0 2147483647 0 0
174 66756 0 2147483647 0 0
175 66755 0 2147483647 0 0
176 66754 0 2147483647 0 0
177 66753 0 2147483647 0 0
178 66752 0 2147483647 0 0
179 66751 0 2147483647 0 0
180 66750 0 2147483647 0 0
181 66749 0 2147483647 0 0
182 66748 0 2147483647 0 0
183 66747 0 2147483647 0 0
184 66746 0 2147483647 0 0
185 66757 0 2147483647 0 0
186 66744 0 2147483647 0 0
187 66743 0 2147483647 0 0
188 66742 0 2147483647 0 0
189 66741 0 2147483647 0 0
190 66740 0 2147483647 0 0
191 66739 0 2147483647 0 0
192 66738 0 2147483647 0 0
193 66737 0 2147483647 0 0
194 66736 0 2147483647 0 0
195 66735 0 2147483647 0 0
196 66768 0 2147483647 0 0
197 66778 0 2147483647 0 0
198 66777 0 2147483647 0 0
199 66776 0 2147483647 0 0
200 66775 0 2147483647 0 0
201 66774 0 2147483647 0 0
202 66773 0 2147483647 0 0
203 66772 0 2147483647 0 0
204 66771 0 2147483647 0 0
205 66770 0 2147483647 0 0
206 66769 0 2147483647 0 0
207 66734 0 2147483647 0 0
208 66767 0 2147483647 0 0
209 66766 0 2147483647 0 0
210 66765 0 2147483647 0 0
211 66764 0 2147483647 0 0
212 66763 0 2147483647 0 0
213 66762 0 2147483647 0 0
214 66761 0 2147483647 0 0
215 66760 0 2147483647 0 0
216 66759 0 2147483647 0 0
217 66758 0 2147483647 0 0
218 66701 0 2147483647 0 0
219 66711 0 2147483647 0 0
220 66710 0 2147483647 0 0
221 66709 0 2147483647 0 0
222 66708 0 2147483647 0 0
223 66707 0 2147483647 0 0
224 66706 0 2147483647 0 0
225 66705 0 2147483647 0 0
226 66704 0 2147483647 0 0
227 66703 0 2147483647 0 0
228 66702 0 2147483647 0 0
229 66712 0 2147483647 0 0
230 66700 0 2147483647 0 0
231 66699 0 2147483647 0 0
232 66698 0 2147483647 0 0
233 66697 0 2147483647 0 0
234 66696 0 2147483647 0 0
235 66695 0 2147483647 0 0
236 66694 0 2147483647 0 0
237 66693 0 2147483647 0 0
238 66692 0 2147483647 0 0
239 66691 0 2147483647 0 0
240 66723 0 2147483647 0 0
241 66733 0 2147483647 0 0
242 66732 0 2147483647 0 0
243 66731 0 2147483647 0 0
244 66730 0 2147483647 0 0
245 66729 0 2147483647 0 0
246 66728 0 2147483647 0 0
247 66727 0 2147483647 0 0
248 66726 0 2147483647 0 0
249 66725 0 2147483647 0 0
250 66724 0 2147483647 0 0
251 66690 0 2147483647 0 0
252 66722 0 2147483647 0 0
253 66721 0 2147483647 0 0
254 66720 0 2147483647 0 0
255 66719 0 2147483647 0 0
256 66718 0 2147483647 0 0
257 66717 0 2147483647 0 0
258 66716 0 2147483647 0 0
259 66715 0 2147483647 0 0
260 66714 0 2147483647 0 0
261 66713 0 2147483647 0 0
262 66504 0 2147483647 0 0
263 66515 0 2147483647 0 0
264 66514 0 2147483647 0 0
265 66513 0 2147483647 0 0
266 66512 0 2147483647 0 0
267 66511 0 2147483647 0 0
268 66510 0 2147483647 0 0
269 66509 0 2147483647 0 0
270 66508 0 2147483647 0 0
271 66507 0 2147483647 0 0
272 66506 0 2147483647 0 0
273 66505 0 2147483647 0 0
274 66516 0 2147483647 0 0
275 66503 0 2147483647 0 0
276 66502 0 2147483647 0 0
277 66501 0 2147483647 0 0
278 66500 0 2147483647 0 0
279 66499 0 2147483647 0 0
280 66498 0 2147483647 0 0
281 66497 0 2147483647 0 0
282 66496 0 2147483647 0 0
283 66495 0 2147483647 0 0
284 66494 0 2147483647 0 0
285 66493 0 2147483647 0 0
286 66527 0 2147483647 0 0
287 66538 0 2147483647 0 0
288 66537 0 2147483647 0 0
289 66536 0 2147483647 0 0
290 66535 0 2147483647 0 0
291 66534 0 2147483647 0 0
292 66533 0 2147483647 0 0
293 66532 0 2147483647 0 0
294 66531 0 2147483647 0 0
295 66530 0 2147483647 0 0
296 66529 0 2147483647 0 0
297 66528 0 2147483647 0 0
298 66492 0 2147483647 0 0
299 66526 0 2147483647 0 0
300 66525 0 2147483647 0 0
301 66524 0 2147483647 0 0
302 66523 0 2147483647 0 0
303 66522 0 2147483647 0 0
304 66521 0 2147483647 0 0
305 66520 0 2147483647 0 0
306 66519 0 2147483647 0 0
307 66518 0 2147483647 0 0
308 66517 0 2147483647 0 0
309 66457 0 2147483647 0 0
310 66468 0 2147483647 0 0
311 66467 0 2147483647 0 0
312 66466 0 2147483647 0 0
313 66465 0 2147483647 0 0
314 66464 0 2147483647 0 0
315 66463 0 2147483647 0 0
316 66462 0 2147483647 0 0
317 66461 0 2147483647 0 0
318 66460 0 2147483647 0 0
319 66459 0 2147483647 0 0
320 66458 0 2147483647 0 0
321 66469 0 2147483647 0 0
322 66456 0 2147483647 0 0
323 66455 0 2147483647 0 0
324 66454 0 2147483647 0 0
325 66453 0 2147483647 0 0
326 66452 0 2147483647 0 0
327 66451 0 2147483647 0 0
328 66450 0 2147483647 0 0
329 66449 0 2147483647 0 0
330 66448 0 2147483647 0 0
331 66447 0 2147483647 0 0
332 66446 0 2147483647 0 0
333 66480 0 2147483647 0 0
334 66491 0 2147483647 0 0
335 66490 0 2147483647 0 0
336 66489 0 2147483647 0 0
337 66488 0 2147483647 0 0
338 66487 0 2147483647 0 0
339 66486 0 2147483647 0 0
340 66485 0 2147483647 0 0
341 66484 0 2147483647 0 0
342 66483 0 2147483647 0 0
343 66482 0 2147483647 0 0
344 66481 0 2147483647 0 0
345 66539 0 2147483647 0 0
346 66479 0 2147483647 0 0
347 66478 0 2147483647 0 0
348 66477 0 2147483647 0 0
349 66476 0 2147483647 0 0
350 66475 0 2147483647 0 0
351 66474 0 2147483647 0 0
352 66473 0 2147483647 0 0
353 66472 0 2147483647 0 0
354 66471 0 2147483647 0 0
355 66470 0 2147483647 0 0
356 66598 0 2147483647 0 0
357 66609 0 2147483647 0 0
358 66608 0 2147483647 0 0
359 66607 0 2147483647 0 0
360 66606 0 2147483647 0 0
361 66605 0 2147483647 0 0
362 66805 0 2147483647 0 0
363 66603 0 2147483647 0 0
364 66602 0 2147483647 0 0
365 66601 0 2147483647 0 0
366 66600 0 2147483647 0 0
367 66599 0 2147483647 0 0
368 66610 0 2147483647 0 0
369 66597 0 2147483647 0 0
370 66596 0 2147483647 0 0
371 66595 0 2147483647 0 0
372 66594 0 2147483647 0 0
373 66593 0 2147483647 0 0
374 66592 0 2147483647 0 0
375 66591 0 2147483647 0 0
376 66590 0 2147483647 0 0
377 66589 0 2147483647 0 0
378 66588 0 2147483647 0 0
379 66587 0 2147483647 0 0
380 66621 0 2147483647 0 0
381 66632 0 2147483647 0 0
382 66631 0 2147483647 0 0
383 66630 0 2147483647 0 0
384 66629 0 2147483647 0 0
385 66628 0 2147483647 0 0
386 66627 0 2147483647 0 0
387 66626 0 2147483647 0 0
388 66625 0 2147483647 0 0
389 66624 0 2147483647 0 0
390 66623 0 2147483647 0 0
391 66622 0 2147483647 0 0
392 66586 0 2147483647 0 0
393 66620 0 2147483647 0 0
394 66619 0 2147483647 0 0
395 66618 0 2147483647 0 0
396 66617 0 2147483647 0 0
397 66616 0 2147483647 0 0
398 66615 0 2147483647 0 0
399 66614 0 2147483647 0 0
400 66613 0 2147483647 0 0
401 66612 0 2147483647 0 0
402 66611 0 2147483647 0 0
403 66551 0 2147483647 0 0
404 66562 0 2147483647 0 0
405 66561 0 2147483647 0 0
406 66560 0 2147483647 0 0
407 66559 0 2147483647 0 0
408 66558 0 2147483647 0 0
409 66557 0 2147483647 0 0
410 66556 0 2147483647 0 0
411 66555 0 2147483647 0 0
412 66554 0 2147483647 0 0
413 66553 0 2147483647 0 0
414 66552 0 2147483647 0 0
415 66563 0 2147483647 0 0
416 66550 0 2147483647 0 0
417 66549 0 2147483647 0 0
418 66548 0 2147483647 0 0
419 66547 0 2147483647 0 0
420 66546 0 2147483647 0 0
421 66545 0 2147483647 0 0
422 66544 0 2147483647 0 0
423 66543 0 2147483647 0 0
424 66542 0 2147483647 0 0
425 66541 0 2147483647 0 0
426 66540 0 2147483647 0 0
427 66574 0 2147483647 0 0
428 66585 0 2147483647 0 0
429 66584 0 2147483647 0 0
430 66583 0 2147483647 0 0
431 66582 0 2147483647 0 0
432 66581 0 2147483647 0 0
433 66580 0 2147483647 0 0
434 66579 0 2147483647 0 0
435 66578 0 2147483647 0 0
436 66577 0 2147483647 0 0
437 66576 0 2147483647 0 0
438 66575 0 2147483647 0 0
439 66633 0 2147483647 0 0
440 66573 0 2147483647 0 0
441 66572 0 2147483647 0 0
442 66571 0 2147483647 0 0
443 66570 0 2147483647 0 0
444 66569 0 2147483647 0 0
445 66568 0 2147483647 0 0
446 66567 0 2147483647 0 0
447 66566 0 2147483647 0 0
448 66565 0 2147483647 0 0
449 66564 0 2147483647 0 0
450 67038 0 2147483647 0 0
451 67050 0 2147483647 0 0
452 67049 0 2147483647 0 0
453 67048 0 2147483647 0 0
454 67047 0 2147483647 0 0
455 67046 0 2147483647 0 0
456 67045 0 2147483647 0 0
457 67044 0 2147483647 0 0
458 67043 0 2147483647 0 0
459 67042 0 2147483647 0 0
460 67041 0 2147483647 0 0
461 67040 0 2147483647 0 0
462 67039 0 2147483647 0 0
463 67051 0 2147483647 0 0
464 67037 0 2147483647 0 0
465 67036 0 2147483647 0 0
466 67035 0 2147483647 0 0
467 67034 0 2147483647 0 0
468 67033 0 2147483647 0 0
469 67032 0 2147483647 0 0
470 67031 0 2147483647 0 0
471 67030 0 2147483647 0 0
472 67029 0 2147483647 0 0
473 67028 0 2147483647 0 0
474 67027 0 2147483647 0 0
475 67063 0 2147483647 0 0
476 67075 0 2147483647 0 0
477 67074 0 2147483647 0 0
478 67073 0 2147483647 0 0
479 67072 0 2147483647 0 0
480 67071 0 2147483647 0 0
481 67070 0 2147483647 0 0
482 67069 0 2147483647 0 0
483 67068 0 2147483647 0 0
484 67067 0 2147483647 0 0
485 67066 0 2147483647 0 0
486 67065 0 2147483647 0 0
487 67064 0 2147483647 0 0
488 67026 0 2147483647 0 0
489 67062 0 2147483647 0 0
490 67061 0 2147483647 0 0
491 67060 0 2147483647 0 0
492 67059 0 2147483647 0 0
493 67058 0 2147483647 0 0
494 67057 0 2147483647 0 0
495 67056 0 2147483647 0 0
496 67055 0 2147483647 0 0
497 67054 0 2147483647 0 0
498 67053 0 2147483647 0 0
499 67052 0 2147483647 0 0
500 66989 0 2147483647 0 0
501 67001 0 2147483647 0 0
502 67000 0 2147483647 0 0
503 66999 0 2147483647 0 0
504 66998 0 2147483647 0 0
505 66997 0 2147483647 0 0
506 66996 0 2147483647 0 0
507 66995 0 2147483647 0 0
508 66994 0 2147483647 0 0
509 66993 0 2147483647 0 0
510 66992 0 2147483647 0 0
511 66991 0 2147483647 0 0
512 66990 0 2147483647 0 0
513 67002 0 2147483647 0 0
514 66988 0 2147483647 0 0
515 66987 0 2147483647 0 0
516 66986 0 2147483647 0 0
517 66985 0 2147483647 0 0
518 66984 0 2147483647 0 0
519 66983 0 2147483647 0 0
520 66982 0 2147483647 0 0
521 66981 0 2147483647 0 0
522 66980 0 2147483647 0 0
523 66979 0 2147483647 0 0
524 66978 0 2147483647 0 0
525 67014 0 2147483647 0 0
526 67025 0 2147483647 0 0
527 67024 0 2147483647 0 0
528 67023 0 2147483647 0 0
529 67022 0 2147483647 0 0
530 67021 0 2147483647 0 0
531 67020 0 2147483647 0 0
532 67019 0 2147483647 0 0
533 67018 0 2147483647 0 0
534 67017 0 2147483647 0 0
535 67016 0 2147483647 0 0
536 67015 0 2147483647 0 0
537 67076 0 2147483647 0 0
538 67013 0 2147483647 0 0
539 67012 0 2147483647 0 0
540 67011 0 2147483647 0 0
541 67010 0 2147483647 0 0
542 67009 0 2147483647 0 0
543 67008 0 2147483647 0 0
544 67007 0 2147483647 0 0
545 67006 0 2147483647 0 0
546 67005 0 2147483647 0 0
547 67004 0 2147483647 0 0
548 67003 0 2147483647 0 0
549 67137 0 2147483647 0 0
550 67149 0 2147483647 0 0
551 67148 0 2147483647 0 0
552 67147 0 2147483647 0 0
553 67146 0 2147483647 0 0
554 67145 0 2147483647 0 0
555 67144 0 2147483647 0 0
556 67143 0 2147483647 0 0
557 67142 0 2147483647 0 0
558 67141 0 2147483647 0 0
559 67140 0 2147483647 0 0
560 67139 0 2147483647 0 0
561 67138 0 2147483647 0 0
562 67150 0 2147483647 0 0
563 67136 0 2147483647 0 0
564 67135 0 2147483647 0 0
565 67134 0 2147483647 0 0
566 67133 0 2147483647 0 0
567 67132 0 2147483647 0 0
568 67131 0 2147483647 0 0
569 67130 0 2147483647 0 0
570 67129 0 2147483647 0 0
571 67128 0 2147483647 0 0
572 67127 0 2147483647 0 0
573 67126 0 2147483647 0 0
574 67162 0 2147483647 0 0
575 67174 0 2147483647 0 0
576 67173 0 2147483647 0 0
577 67172 0 2147483647 0 0
578 67171 0 2147483647 0 0
579 67170 0 2147483647 0 0
580 67169 0 2147483647 0 0
581 67168 0 2147483647 0 0
582 67167 0 2147483647 0 0
583 67166 0 2147483647 0 0
584 67165 0 2147483647 0 0
585 67164 0 2147483647 0 0
586 67163 0 2147483647 0 0
587 67125 0 2147483647 0 0
588 67161 0 2147483647 0 0
589 67160 0 2147483647 0 0
590 67159 0 2147483647 0 0
591 67158 0 2147483647 0 0
592 67157 0 2147483647 0 0
593 67156 0 2147483647 0 0
594 67155 0 2147483647 0 0
595 67154 0 2147483647 0 0
596 67153 0 2147483647 0 0
597 67152 0 2147483647 0 0
598 67151 0 2147483647 0 0
599 67088 0 2147483647 0 0
600 67100 0 2147483647 0 0
601 67099 0 2147483647 0 0
602 67098 0 2147483647 0 0
603 67097 0 2147483647 0 0
604 67096 0 2147483647 0 0
605 67095 0 2147483647 0 0
606 67094 0 2147483647 0 0
607 67093 0 2147483647 0 0
608 67092 0 2147483647 0 0
609 67091 0 2147483647 0 0
610 67090 0 2147483647 0 0
611 67089 0 2147483647 0 0
612 67101 0 2147483647 0 0
613 67087 0 2147483647 0 0
614 67086 0 2147483647 0 0
615 67085 0 2147483647 0 0
616 67084 0 2147483647 0 0
617 67083 0 2147483647 0 0
618 67082 0 2147483647 0 0
619 67081 0 2147483647 0 0
620 67080 0 2147483647 0 0
621 67079 0 2147483647 0 0
622 67078 0 2147483647 0 0
623 67077 0 2147483647 0 0
624 67113 0 2147483647 0 0
625 67124 0 2147483647 0 0
626 67123 0 2147483647 0 0
627 67122 0 2147483647 0 0
628 67121 0 2147483647 0 0
629 67120 0 2147483647 0 0
630 67119 0 2147483647 0 0
631 67118 0 2147483647 0 0
632 67117 0 2147483647 0 0
633 67116 0 2147483647 0 0
634 67115 0 2147483647 0 0
635 67114 0 2147483647 0 0
636 66977 0 2147483647 0 0
637 67112 0 2147483647 0 0
638 67111 0 2147483647 0 0
639 67110 0 2147483647 0 0
640 67109 0 2147483647 0 0
641 67108 0 2147483647 0 0
642 67107 0 2147483647 0 0
643 67106 0 2147483647 0 0
644 67105 0 2147483647 0 0
645 67104 0 2147483647 0 0
646 67103 0 2147483647 0 0
647 67102 0 2147483647 0 0
648 66840 0 2147483647 0 0
649 66852 0 2147483647 0 0
650 66851 0 2147483647 0 0
651 66850 0 2147483647 0 0
652 66849 0 2147483647 0 0
653 66848 0 2147483647 0 0
654 66847 0 2147483647 0 0
655 66846 0 2147483647 0 0
656 66845 0 2147483647 0 0
657 66844 0 2147483647 0 0
658 66843 0 2147483647 0 0
659 66842 0 2147483647 0 0
660 66841 0 2147483647 0 0
661 66853 0 2147483647 0 0
662 66839 0 2147483647 0 0
663 66838 0 2147483647 0 0
664 66837 0 2147483647 0 0
665 66836 0 2147483647 0 0
666 66835 0 2147483647 0 0
667 66834 0 2147483647 0 0
668 66833 0 2147483647 0 0
669 66832 0 2147483647 0 0
670 66831 0 2147483647 0 0
671 66830 0 2147483647 0 0
672 66829 0 2147483647 0 0
673 66865 0 2147483647 0 0
674 66877 0 2147483647 0 0
675 66876 0 2147483647 0 0
676 66875 0 2147483647 0 0
677 66874 0 2147483647 0 0
678 66873 0 2147483647 0 0
679 66872 0 2147483647 0 0
680 66871 0 2147483647 0 0
681 66870 0 2147483647 0 0
682 66869 0 2147483647 0 0
683 66868 0 2147483647 0 0
684 66867 0 2147483647 0 0
685 66866 0 2147483647 0 0
686 66828 0 2147483647 0 0
687 66864 0 2147483647 0 0
688 66863 0 2147483647 0 0
689 66862 0 2147483647 0 0
690 66861 0 2147483647 0 0
691 66860 0 2147483647 0 0
692 66859 0 2147483647 0 0
693 66858 0 2147483647 0 0
694 66857 0 2147483647 0 0
695 66856 0 2147483647 0 0
696 66855 0 2147483647 0 0
697 66854 0 2147483647 0 0
698 66791 0 2147483647 0 0
699 66803 0 2147483647 0 0
700 66802 0 2147483647 0 0
701 66801 0 2147483647 0 0
702 66800 0 2147483647 0 0
703 66799 0 2147483647 0 0
704 66798 0 2147483647 0 0
705 66797 0 2147483647 0 0
706 66796 0 2147483647 0 0
707 66795 0 2147483647 0 0
708 66794 0 2147483647 0 0
709 66793 0 2147483647 0 0
710 66792 0 2147483647 0 0
711 66804 0 2147483647 0 0
712 66790 0 2147483647 0 0
713 66789 0 2147483647 0 0
714 66788 0 2147483647 0 0
715 66787 0 2147483647 0 0
716 66786 0 2147483647 0 0
717 66785 0 2147483647 0 0
718 66784 0 2147483647 0 0
719 66783 0 2147483647 0 0
720 66782 0 2147483647 0 0
721 66781 0 2147483647 0 0
722 66780 0 2147483647 0 0
723 66816 0 2147483647 0 0
724 66827 0 2147483647 0 0
725 66826 0 2147483647 0 0
726 66825 0 2147483647 0 0
727 66824 0 2147483647 0 0
728 66823 0 2147483647 0 0
729 66822 0 2147483647 0 0
730 66821 0 2147483647 0 0
731 66820 0 2147483647 0 0
732 66819 0 2147483647 0 0
733 66818 0 2147483647 0 0
734 66817 0 2147483647 0 0
735 66878 0 2147483647 0 0
736 66815 0 2147483647 0 0
737 66814 0 2147483647 0 0
738 66813 0 2147483647 0 0
739 66812 0 2147483647 0 0
740 66811 0 2147483647 0 0
741 66810 0 2147483647 0 0
742 66809 0 2147483647 0 0
743 66808 0 2147483647 0 0
744 66807 0 2147483647 0 0
745 66806 0 2147483647 0 0
746 66414 0 2147483647 0 0
747 66939 0 2147483647 0 0
748 66951 0 2147483647 0 0
749 66950 0 2147483647 0 0
750 66949 0 2147483647 0 0
751 66948 0 2147483647 0 0
752 66947 0 2147483647 0 0
753 66946 0 2147483647 0 0
754 66945 0 2147483647 0 0
755 66944 0 2147483647 0 0
756 66943 0 2147483647 0 0
757 66942 0 2147483647 0 0
758 66941 0 2147483647 0 0
759 66940 0 2147483647 0 0
760 66952 0 2147483647 0 0
761 66938 0 2147483647 0 0
762 66937 0 2147483647 0 0
763 66936 0 2147483647 0 0
764 66935 0 2147483647 0 0
765 66934 0 2147483647 0 0
766 66933 0 2147483647 0 0
767 66932 0 2147483647 0 0
768 66931 0 2147483647 0 0
769 66930 0 2147483647 0 0
770 66929 0 2147483647 0 0
771 66928 0 2147483647 0 0
772 66964 0 2147483647 0 0
773 66976 0 2147483647 0 0
774 66975 0 2147483647 0 0
775 66974 0 2147483647 0 0
776 66973 0 2147483647 0 0
777 66972 0 2147483647 0 0
778 66971 0 2147483647 0 0
779 66970 0 2147483647 0 0
780 66969 0 2147483647 0 0
781 66968 0 2147483647 0 0
782 66967 0 2147483647 0 0
783 66966 0 2147483647 0 0
784 66965 0 2147483647 0 0
785 66927 0 2147483647 0 0
786 66963 0 2147483647 0 0
787 66962 0 2147483647 0 0
788 66961 0 2147483647 0 0
789 66960 0 2147483647 0 0
790 66959 0 2147483647 0 0
791 66958 0 2147483647 0 0
792 66957 0 2147483647 0 0
793 66956 0 2147483647 0 0
794 66955 0 2147483647 0 0
795 66954 0 2147483647 0 0
796 66953 0 2147483647 0 0
797 66890 0 2147483647 0 0
798 66902 0 2147483647 0 0
799 66901 0 2147483647 0 0
800 66900 0 2147483647 0 0
801 66899 0 2147483647 0 0
802 66898 0 2147483647 0 0
803 66897 0 2147483647 0 0
804 66896 0 2147483647 0 0
805 66895 0 2147483647 0 0
806 66894 0 2147483647 0 0
807 66893 0 2147483647 0 0
808 66892 0 2147483647 0 0
809 66891 0 2147483647 0 0
810 66903 0 2147483647 0 0
811 66889 0 2147483647 0 0
812 66888 0 2147483647 0 0
813 66887 0 2147483647 0 0
814 66886 0 2147483647 0 0
815 66885 0 2147483647 0 0
816 66884 0 2147483647 0 0
817 66883 0 2147483647 0 0
818 66882 0 2147483647 0 0
819 66881 0 2147483647 0 0
820 66880 0 2147483647 0 0
821 66879 0 2147483647 0 0
822 66915 0 2147483647 0 0
823 66926 0 2147483647 0 0
824 66925 0 2147483647 0 0
825 66924 0 2147483647 0 0
826 66923 0 2147483647 0 0
827 66922 0 2147483647 0 0
828 66921 0 2147483647 0 0
829 66920 0 2147483647 0 0
830 66919 0 2147483647 0 0
831 66918 0 2147483647 0 0
832 66917 0 2147483647 0 0
833 66916 0 2147483647 0 0
834 66779 0 2147483647 0 0
835 66914 0 2147483647 0 0
836 66913 0 2147483647 0 0
837 66912 0 2147483647 0 0
838 66911 0 2147483647 0 0
839 66910 0 2147483647 0 0
840 66909 0 2147483647 0 0
841 66908 0 2147483647 0 0
842 66907 0 2147483647 0 0
843 66906 0 2147483647 0 0
844 66905 0 2147483647 0 0
845 66904 0 2147483647 0 0
846 65921 0 2147483647 0 0
847 65933 0 2147483647 0 0
848 65932 0 2147483647 0 0
849 65931 0 2147483647 0 0
850 65930 0 2147483647 0 0
851 65929 0 2147483647 0 0
852 65928 0 2147483647 0 0
853 65927 0 2147483647 0 0
854 65926 0 2147483647 0 0
855 65925 0 2147483647 0 0
856 65924 0 2147483647 0 0
857 65923 0 2147483647 0 0
858 65922 0 2147483647 0 0
859 65934 0 2147483647 0 0
860 65920 0 2147483647 0 0
861 65919 0 2147483647 0 0
862 65918 0 2147483647 0 0
863 65917 0 2147483647 0 0
864 65916 0 2147483647 0 0
865 65915 0 2147483647 0 0
866 65914 0 2147483647 0 0
867 65913 0 2147483647 0 0
868 65912 0 2147483647 0 0
869 65911 0 2147483647 0 0
870 65910 0 2147483647 0 0
871 65946 0 2147483647 0 0
872 65957 0 2147483647 0 0
873 65956 0 2147483647 0 0
874 65955 0 2147483647 0 0
875 65954 0 2147483647 0 0
876 65953 0 2147483647 0 0
877 65952 0 2147483647 0 0
878 65951 0 2147483647 0 0
879 65950 0 2147483647 0 0
880 65949 0 2147483647 0 0
881 65948 0 2147483647 0 0
882 65947 0 2147483647 0 0
883 65909 0 2147483647 0 0
884 65945 0 2147483647 0 0
885 65944 0 2147483647 0 0
886 65943 0 2147483647 0 0
887 65942 0 2147483647 0 0
888 65941 0 2147483647 0 0
889 65940 0 2147483647 0 0
890 65939 0 2147483647 0 0
891 65938 0 2147483647 0 0
892 65937 0 2147483647 0 0
893 65936 0 2147483647 0 0
894 65935 0 2147483647 0 0
895 65872 0 2147483647 0 0
896 65884 0 2147483647 0 0
897 65883 0 2147483647 0 0
898 65882 0 2147483647 0 0
899 65881 0 2147483647 0 0
900 65880 0 2147483647 0 0
901 65879 0 2147483647 0 0
902 65878 0 2147483647 0 0
903 65877 0 2147483647 0 0
904 65876 0 2147483647 0 0
905 65875 0 2147483647 0 0
906 65874 0 2147483647 0 0
907 65873 0 2147483647 0 0
908 65885 0 2147483647 0 0
909 65871 0 2147483647 0 0
910 65870 0 2147483647 0 0
911 65869 0 2147483647 0 0
912 65868 0 2147483647 0 0
913 65867 0 2147483647 0 0
914 65866 0 2147483647 0 0
915 65865 0 2147483647 0 0
916 65864 0 2147483647 0 0
917 65863 0 2147483647 0 0
918 65862 0 2147483647 0 0
919 65861 0 2147483647 0 0
920 65897 0 2147483647 0 0
921 65908 0 2147483647 0 0
922 65907 0 2147483647 0 0
923 65906 0 2147483647 0 0
924 65905 0 2147483647 0 0
925 65904 0 2147483647 0 0
926 65903 0 2147483647 0 0
927 65902 0 2147483647 0 0
928 65901 0 2147483647 0 0
929 65900 0 2147483647 0 0
930 65899 0 2147483647 0 0
931 65898 0 2147483647 0 0
932 65958 0 2147483647 0 0
933 65896 0 2147483647 0 0
934 65895 0 2147483647 0 0
935 65894 0 2147483647 0 0
936 65893 0 2147483647 0 0
937 65892 0 2147483647 0 0
938 65891 0 2147483647 0 0
939 65890 0 2147483647 0 0
940 65889 0 2147483647 0 0
941 65888 0 2147483647 0 0
942 65887 0 2147483647 0 0
943 65886 0 2147483647 0 0
944 66018 0 2147483647 0 0
945 66030 0 2147483647 0 0
946 66029 0 2147483647 0 0
947 66028 0 2147483647 0 0
948 66027 0 2147483647 0 0
949 66026 0 2147483647 0 0
950 66025 0 2147483647 0 0
951 66024 0 2147483647 0 0
952 66023 0 2147483647 0 0
953 66022 0 2147483647 0 0
954 66021 0 2147483647 0 0
955 66020 0 2147483647 0 0
956 66019 0 2147483647 0 0
957 66031 0 2147483647 0 0
958 66017 0 2147483647 0 0
959 66016 0 2147483647 0 0
960 66015 0 2147483647 0 0
961 66014 0 2147483647 0 0
962 66013 0 2147483647 0 0
963 66012 0 2147483647 0 0
964 66011 0 2147483647 0 0
965 66010 0 2147483647 0 0
966 66009 0 2147483647 0 0
967 66008 0 2147483647 0 0
968 66007 0 2147483647 0 0
969 66043 0 2147483647 0 0
970 66054 0 2147483647 0 0
971 66053 0 2147483647 0 0
972 66052 0 2147483647 0 0
973 66051 0 2147483647 0 0
974 66050 0 2147483647 0 0
975 66049 0 2147483647 0 0
976 66048 0 2147483647 0 0
977 66047 0 2147483647 0 0
978 66046 0 2147483647 0 0
979 66045 0 2147483647 0 0
980 66044 0 2147483647 0 0
981 66006 0 2147483647 0 0
982 66042 0 2147483647 0 0
983 66041 0 2147483647 0 0
984 66040 0 2147483647 0 0
985 66039 0 2147483647 0 0
986 66038 0 2147483647 0 0
987 66037 0 2147483647 0 0
988 66036 0 2147483647 0 0
989 66035 0 2147483647 0 0
990 66034 0 2147483647 0 0
991 66033 0 2147483647 0 0
992 66032 0 2147483647 0 0
993 65970 0 2147483647 0 0
994 65981 0 2147483647 0 0
995 65980 0 2147483647 0 0
996 65979 0 2147483647 0 0
997 65978 0 2147483647 0 0
998 65977 0 2147483647 0 0
999 65976 0 2147483647 0 0
1000 65975 0 2147483647 0 0
1001 65974 0 2147483647 0 0
1002 65973 0 2147483647 0 0
1003 65972 0 2147483647 0 0
1004 65971 0 2147483647 0 0
1005 65982 0 2147483647 0 0
1006 65969 0 2147483647 0 0
1007 65968 0 2147483647 0 0
1008 65967 0 2147483647 0 0
1009 65966 0 2147483647 0 0
1010 65965 0 2147483647 0 0
1011 65964 0 2147483647 0 0
1012 65963 0 2147483647 0 0
1013 65962 0 2147483647 0 0
1014 65961 0 2147483647 0 0
1015 65960 0 2147483647 0 0
1016 65959 0 2147483647 0 0
1017 65994 0 2147483647 0 0
1018 66005 0 2147483647 0 0
1019 66004 0 2147483647 0 0
1020 66003 0 2147483647 0 0
1021 66002 0 2147483647 0 0
1022 66001 0 2147483647 0 0
1023 66000 0 2147483647 0 0
1024 65999 0 2147483647 0 0
1025 65998 0 2147483647 0 0
1026 65997 0 2147483647 0 0
1027 65996 0 2147483647 0 0
1028 65995 0 2147483647 0 0
1029 65860 0 2147483647 0 0
1030 65993 0 2147483647 0 0
1031 65992 0 2147483647 0 0
1032 65991 0 2147483647 0 0
1033 65990 0 2147483647 0 0
1034 65989 0 2147483647 0 0
1035 65988 0 2147483647 0 0
1036 65987 0 2147483647 0 0
1037 65986 0 2147483647 0 0
1038 65985 0 2147483647 0 0
1039 65984 0 2147483647 0 0
1040 65983 0 2147483647 0 0
1041 65726 0 2147483647 0 0
1042 65738 0 2147483647 0 0
1043 65737 0 2147483647 0 0
1044 65736 0 2147483647 0 0
1045 65735 0 2147483647 0 0
1046 65734 0 2147483647 0 0
1047 65733 0 2147483647 0 0
1048 65732 0 2147483647 0 0
1049 65731 0 2147483647 0 0
1050 65730 0 2147483647 0 0
1051 65729 0 2147483647 0 0
1052 65728 0 2147483647 0 0
1053 65727 0 2147483647 0 0
1054 65739 0 2147483647 0 0
1055 65725 0 2147483647 0 0
1056 65724 0 2147483647 0 0
1057 65723 0 2147483647 0 0
1058 65722 0 2147483647 0 0
1059 65721 0 2147483647 0 0
1060 65720 0 2147483647 0 0
1061 65719 0 2147483647 0 0
1062 65718 0 2147483647 0 0
1063 65717 0 2147483647 0 0
1064 65716 0 2147483647 0 0
1065 65715 0 2147483647 0 0
1066 65751 0 2147483647 0 0
1067 65762 0 2147483647 0 0
1068 65761 0 2147483647 0 0
1069 65760 0 2147483647 0 0
1070 65759 0 2147483647 0 0
1071 65758 0 2147483647 0 0
1072 65757 0 2147483647 0 0
1073 65756 0 2147483647 0 0
1074 65755 0 2147483647 0 0
1075 65754 0 2147483647 0 0
1076 65753 0 2147483647 0 0
1077 65752 0 2147483647 0 0
1078 65714 0 2147483647 0 0
1079 65750 0 2147483647 0 0
1080 65749 0 2147483647 0 0
1081 65748 0 2147483647 0 0
1082 65747 0 2147483647 0 0
1083 65746 0 2147483647 0 0
1084 65745 0 2147483647 0 0
1085 65744 0 2147483647 0 0
1086 65743 0 2147483647 0 0
1087 65742 0 2147483647 0 0
1088 65741 0 2147483647 0 0
1089 65740 0 2147483647 0 0
1090 65677 0 2147483647 0 0
1091 65689 0 2147483647 0 0
1092 65688 0 2147483647 0 0
1093 65687 0 2147483647 0 0
1094 65686 0 2147483647 0 0
1095 65685 0 2147483647 0 0
1096 65684 0 2147483647 0 0
1097 65683 0 2147483647 0 0
1098 65682 0 2147483647 0 0
1099 65681 0 2147483647 0 0
1100 65680 0 2147483647 0 0
1101 65679 0 2147483647 0 0
1102 65678 0 2147483647 0 0
1103 65690 0 2147483647 0 0
1104 65676 0 2147483647 0 0
1105 65675 0 2147483647 0 0
1106 65674 0 2147483647 0 0
1107 65673 0 2147483647 0 0
1108 65672 0 2147483647 0 0
1109 65671 0 2147483647 0 0
1110 65670 0 2147483647 0 0
1111 65669 0 2147483647 0 0
1112 65668 0 2147483647 0 0
1113 65667 0 2147483647 0 0
1114 65666 0 2147483647 0 0
1115 65702 0 2147483647 0 0
1116 65713 0 2147483647 0 0
1117 65712 0 2147483647 0 0
1118 65711 0 2147483647 0 0
1119 65710 0 2147483647 0 0
1120 65709 0 2147483647 0 0
1121 65708 0 2147483647 0 0
1122 65707 0 2147483647 0 0
1123 65706 0 2147483647 0 0
1124 65705 0 2147483647 0 0
1125 65704 0 2147483647 0 0
1126 65703 0 2147483647 0 0
1127 65763 0 2147483647 0 0
1128 65701 0 2147483647 0 0
1129 65700 0 2147483647 0 0
1130 65699 0 2147483647 0 0
1131 65698 0 2147483647 0 0
1132 65697 0 2147483647 0 0
1133 65696 0 2147483647 0 0
1134 65695 0 2147483647 0 0
1135 65694 0 2147483647 0 0
1136 65693 0 2147483647 0 0
1137 65692 0 2147483647 0 0
1138 65691 0 2147483647 0 0
1139 65823 0 2147483647 0 0
1140 65835 0 2147483647 0 0
1141 65834 0 2147483647 0 0
1142 65833 0 2147483647 0 0
1143 65832 0 2147483647 0 0
1144 65831 0 2147483647 0 0
1145 65830 0 2147483647 0 0
1146 65829 0 2147483647 0 0
1147 65828 0 2147483647 0 0
1148 65827 0 2147483647 0 0
1149 65826 0 2147483647 0 0
1150 65825 0 2147483647 0 0
1151 65824 0 2147483647 0 0
1152 65836 0 2147483647 0 0
1153 65822 0 2147483647 0 0
1154 65821 0 2147483647 0 0
1155 65820 0 2147483647 0 0
1156 65819 0 2147483647 0 0
1157 65818 0 2147483647 0 0
1158 65817 0 2147483647 0 0
1159 65816 0 2147483647 0 0
1160 65815 0 2147483647 0 0
1161 65814 0 2147483647 0 0
1162 65813 0 2147483647 0 0
1163 65812 0 2147483647 0 0
1164 65848 0 2147483647 0 0
1165 65859 0 2147483647 0 0
1166 65858 0 2147483647 0 0
1167 65857 0 2147483647 0 0
1168 65856 0 2147483647 0 0
1169 65855 0 2147483647 0 0
1170 65854 0 2147483647 0 0
1171 65853 0 2147483647 0 0
1172 65852 0 2147483647 0 0
1173 65851 0 2147483647 0 0
1174 65850 0 2147483647 0 0
1175 65849 0 2147483647 0 0
1176 65811 0 2147483647 0 0
1177 65847 0 2147483647 0 0
1178 65846 0 2147483647 0 0
1179 65845 0 2147483647 0 0
1180 65844 0 2147483647 0 0
1181 65843 0 2147483647 0 0
1182 65842 0 2147483647 0 0
1183 65841 0 2147483647 0 0
1184 65840 0 2147483647 0 0
1185 65839 0 2147483647 0 0
1186 65838 0 2147483647 0 0
1187 65837 0 2147483647 0 0
1188 65775 0 2147483647 0 0
1189 65786 0 2147483647 0 0
1190 65785 0 2147483647 0 0
1191 65784 0 2147483647 0 0
1192 65783 0 2147483647 0 0
1193 65782 0 2147483647 0 0
1194 65781 0 2147483647 0 0
1195 65780 0 2147483647 0 0
1196 65779 0 2147483647 0 0
1197 65778 0 2147483647 0 0
1198 65777 0 2147483647 0 0
1199 65776 0 2147483647 0 0
1200 65787 0 2147483647 0 0
1201 65774 0 2147483647 0 0
1202 65773 0 2147483647 0 0
1203 65772 0 2147483647 0 0
1204 65771 0 2147483647 0 0
1205 65770 0 2147483647 0 0
1206 65769 0 2147483647 0 0
1207 65768 0 2147483647 0 0
1208 65767 0 2147483647 0 0
1209 65766 0 2147483647 0 0
1210 65765 0 2147483647 0 0
1211 65764 0 2147483647 0 0
1212 65799 0 2147483647 0 0
1213 65810 0 2147483647 0 0
1214 65809 0 2147483647 0 0
1215 65808 0 2147483647 0 0
1216 65807 0 2147483647 0 0
1217 65806 0 2147483647 0 0
1218 65805 0 2147483647 0 0
1219 65804 0 2147483647 0 0
1220 65803 0 2147483647 0 0
1221 65802 0 2147483647 0 0
1222 65801 0 2147483647 0 0
1223 65800 0 2147483647 0 0
1224 66055 0 2147483647 0 0
1225 65798 0 2147483647 0 0
1226 65797 0 2147483647 0 0
1227 65796 0 2147483647 0 0
1228 65795 0 2147483647 0 0
1229 65794 0 2147483647 0 0
1230 65793 0 2147483647 0 0
1231 65792 0 2147483647 0 0
1232 65791 0 2147483647 0 0
1233 65790 0 2147483647 0 0
1234 65789 0 2147483647 0 0
1235 65788 0 2147483647 0 0
1236 66310 0 2147483647 0 0
1237 66322 0 2147483647 0 0
1238 66321 0 2147483647 0 0
1239 66320 0 2147483647 0 0
1240 66319 0 2147483647 0 0
1241 66318 0 2147483647 0 0
1242 66317 0 2147483647 0 0
1243 66316 0 2147483647 0 0
1244 66315 0 2147483647 0 0
1245 66314 0 2147483647 0 0
1246 66313 0 2147483647 0 0
1247 66312 0 2147483647 0 0
1248 66311 0 2147483647 0 0
1249 66323 0 2147483647 0 0
1250 66309 0 2147483647 0 0
1251 66308 0 2147483647 0 0
1252 66307 0 2147483647 0 0
1253 66306 0 2147483647 0 0
1254 66305 0 2147483647 0 0
1255 66304 0 2147483647 0 0
1256 66303 0 2147483647 0 0
1257 66302 0 2147483647 0 0
1258 66301 0 2147483647 0 0
1259 66300 0 2147483647 0 0
1260 66299 0 2147483647 0 0
1261 66335 0 2147483647 0 0
1262 66346 0 2147483647 0 0
1263 66345 0 2147483647 0 0
1264 66344 0 2147483647 0 0
1265 66343 0 2147483647 0 0
1266 66342 0 2147483647 0 0
1267 66341 0 2147483647 0 0
1268 66340 0 2147483647 0 0
1269 66339 0 2147483647 0 0
1270 66338 0 2147483647 0 0
1271 66337 0 2147483647 0 0
1272 66336 0 2147483647 0 0
1273 66298 0 2147483647 0 0
1274 66334 0 2147483647 0 0
1275 66333 0 2147483647 0 0
1276 66332 0 2147483647 0 0
1277 66331 0 2147483647 0 0
1278 66330 0 2147483647 0 0
1279 66329 0 2147483647 0 0
1280 66328 0 2147483647 0 0
1281 66327 0 2147483647 0 0
1282 66326 0 2147483647 0 0
1283 66325 0 2147483647 0 0
1284 66324 0 2147483647 0 0
1285 66261 0 2147483647 0 0
1286 66273 0 2147483647 0 0
1287 66272 0 2147483647 0 0
1288 66271 0 2147483647 0 0
1289 66270 0 2147483647 0 0
1290 66269 0 2147483647 0 0
1291 66268 0 2147483647 0 0
1292 66267 0 2147483647 0 0
1293 66266 0 2147483647 0 0
1294 66265 0 2147483647 0 0
1295 66264 0 2147483647 0 0
1296 66263 0 2147483647 0 0
1297 66262 0 2147483647 0 0
1298 66274 0 2147483647 0 0
1299 66260 0 2147483647 0 0
1300 66259 0 2147483647 0 0
1301 66258 0 2147483647 0 0
1302 66257 0 2147483647 0 0
1303 66256 0 2147483647 0 0
1304 66255 0 2147483647 0 0
1305 66254 0 2147483647 0 0
1306 66253 0 2147483647 0 0
1307 66252 0 2147483647 0 0
1308 66251 0 2147483647 0 0
1309 66250 0 2147483647 0 0
1310 66286 0 2147483647 0 0
1311 66297 0 2147483647 0 0
1312 66296 0 2147483647 0 0
1313 66295 0 2147483647 0 0
1314 66294 0 2147483647 0 0
1315 66293 0 2147483647 0 0
1316 66292 0 2147483647 0 0
1317 66291 0 2147483647 0 0
1318 66290 0 2147483647 0 0
1319 66289 0 2147483647 0 0
1320 66288 0 2147483647 0 0
1321 66287 0 2147483647 0 0
1322 66347 0 2147483647 0 0
1323 66285 0 2147483647 0 0
1324 66284 0 2147483647 0 0
1325 66283 0 2147483647 0 0
1326 66282 0 2147483647 0 0
1327 66281 0 2147483647 0 0
1328 66280 0 2147483647 0 0
1329 66279 0 2147483647 0 0
1330 66278 0 2147483647 0 0
1331 66277 0 2147483647 0 0
1332 66276 0 2147483647 0 0
1333 66275 0 2147483647 0 0
1334 66408 0 2147483647 0 0
1335 66420 0 2147483647 0 0
1336 66419 0 2147483647 0 0
1337 66418 0 2147483647 0 0
1338 66417 0 2147483647 0 0
1339 66416 0 2147483647 0 0
1340 66415 0 2147483647 0 0
1341 67202 0 2147483647 0 0
1342 66413 0 2147483647 0 0
1343 66412 0 2147483647 0 0
1344 66411 0 2147483647 0 0
1345 66410 0 2147483647 0 0
1346 66409 0 2147483647 0 0
1347 66421 0 2147483647 0 0
1348 66407 0 2147483647 0 0
1349 66406 0 2147483647 0 0
1350 66405 0 2147483647 0 0
1351 66404 0 2147483647 0 0
1352 66403 0 2147483647 0 0
1353 66402 0 2147483647 0 0
1354 66401 0 2147483647 0 0
1355 66400 0 2147483647 0 0
1356 66399 0 2147483647 0 0
1357 66398 0 2147483647 0 0
1358 66397 0 2147483647 0 0
1359 66433 0 2147483647 0 0
1360 66444 0 2147483647 0 0
1361 66443 0 2147483647 0 0
1362 66442 0 2147483647 0 0
1363 66441 0 2147483647 0 0
1364 66440 0 2147483647 0 0
1365 66439 0 2147483647 0 0
1366 66438 0 2147483647 0 0
1367 66437 0 2147483647 0 0
1368 66436 0 2147483647 0 0
1369 66435 0 2147483647 0 0
1370 66434 0 2147483647 0 0
1371 66396 0 2147483647 0 0
1372 66432 0 2147483647 0 0
1373 66431 0 2147483647 0 0
1374 66430 0 2147483647 0 0
1375 66429 0 2147483647 0 0
1376 66428 0 2147483647 0 0
1377 66427 0 2147483647 0 0
1378 66426 0 2147483647 0 0
1379 66425 0 2147483647 0 0
1380 66424 0 2147483647 0 0
1381 66423 0 2147483647 0 0
1382 66422 0 2147483647 0 0
1383 66359 0 2147483647 0 0
1384 66370 0 2147483647 0 0
1385 66369 0 2147483647 0 0
1386 66368 0 2147483647 0 0
1387 66367 0 2147483647 0 0
1388 66366 0 2147483647 0 0
1389 66365 0 2147483647 0 0
1390 66364 0 2147483647 0 0
1391 66363 0 2147483647 0 0
1392 66362 0 2147483647 0 0
1393 66361 0 2147483647 0 0
1394 66360 0 2147483647 0 0
1395 66371 0 2147483647 0 0
1396 66358 0 2147483647 0 0
1397 66357 0 2147483647 0 0
1398 66356 0 2147483647 0 0
1399 66355 0 2147483647 0 0
1400 66354 0 2147483647 0 0
1401 66353 0 2147483647 0 0
1402 66352 0 2147483647 0 0
1403 66351 0 2147483647 0 0
1404 66350 0 2147483647 0 0
1405 66349 0 2147483647 0 0
1406 66348 0 2147483647 0 0
1407 66384 0 2147483647 0 0
1408 66395 0 2147483647 0 0
1409 66394 0 2147483647 0 0
1410 66393 0 2147483647 0 0
1411 66392 0 2147483647 0 0
1412 66391 0 2147483647 0 0
1413 66390 0 2147483647 0 0
1414 66389 0 2147483647 0 0
1415 66388 0 2147483647 0 0
1416 66387 0 2147483647 0 0
1417 66386 0 2147483647 0 0
1418 66385 0 2147483647 0 0
1419 66249 0 2147483647 0 0
1420 66383 0 2147483647 0 0
1421 66382 0 2147483647 0 0
1422 66381 0 2147483647 0 0
1423 66380 0 2147483647 0 0
1424 66379 0 2147483647 0 0
1425 66378 0 2147483647 0 0
1426 66377 0 2147483647 0 0
1427 66375 0 2147483647 0 0
1428 66374 0 2147483647 0 0
1429 66373 0 2147483647 0 0
1430 66372 0 2147483647 0 0
1431 66115 0 2147483647 0 0
1432 66127 0 2147483647 0 0
1433 66126 0 2147483647 0 0
1434 66125 0 2147483647 0 0
1435 66124 0 2147483647 0 0
1436 66123 0 2147483647 0 0
1437 66122 0 2147483647 0 0
1438 66121 0 2147483647 0 0
1439 66120 0 2147483647 0 0
1440 66119 0 2147483647 0 0
1441 66118 0 2147483647 0 0
1442 66117 0 2147483647 0 0
1443 66116 0 2147483647 0 0
1444 66128 0 2147483647 0 0
1445 66114 0 2147483647 0 0
1446 66113 0 2147483647 0 0
1447 66112 0 2147483647 0 0
1448 66111 0 2147483647 0 0
1449 66110 0 2147483647 0 0
1450 66109 0 2147483647 0 0
1451 66108 0 2147483647 0 0
1452 66107 0 2147483647 0 0
1453 66106 0 2147483647 0 0
1454 66105 0 2147483647 0 0
1455 66104 0 2147483647 0 0
1456 66140 0 2147483647 0 0
1457 66151 0 2147483647 0 0
1458 66150 0 2147483647 0 0
1459 66149 0 2147483647 0 0
1460 66148 0 2147483647 0 0
1461 66147 0 2147483647 0 0
1462 66146 0 2147483647 0 0
1463 66145 0 2147483647 0 0
1464 66144 0 2147483647 0 0
1465 66143 0 2147483647 0 0
1466 66142 0 2147483647 0 0
1467 66141 0 2147483647 0 0
1468 66103 0 2147483647 0 0
1469 66139 0 2147483647 0 0
1470 66138 0 2147483647 0 0
1471 66137 0 2147483647 0 0
1472 66136 0 2147483647 0 0
1473 66135 0 2147483647 0 0
1474 66134 0 2147483647 0 0
1475 66133 0 2147483647 0 0
1476 66132 0 2147483647 0 0
1477 66131 0 2147483647 0 0
1478 66130 0 2147483647 0 0
1479 66129 0 2147483647 0 0
1480 66067 0 2147483647 0 0
1481 66078 0 2147483647 0 0
1482 66077 0 2147483647 0 0
1483 66076 0 2147483647 0 0
1484 66075 0 2147483647 0 0
1485 66074 0 2147483647 0 0
1486 66073 0 2147483647 0 0
1487 66072 0 2147483647 0 0
1488 66071 0 2147483647 0 0
1489 66070 0 2147483647 0 0
1490 66069 0 2147483647 0 0
1491 66068 0 2147483647 0 0
1492 66079 0 2147483647 0 0
1493 66066 0 2147483647 0 0
1494 66065 0 2147483647 0 0
1495 66064 0 2147483647 0 0
1496 66063 0 2147483647 0 0
1497 66062 0 2147483647 0 0
1498 66061 0 2147483647 0 0
1499 66060 0 2147483647 0 0
1500 66059 0 2147483647 0 0
1501 66058 0 2147483647 0 0
1502 66057 0 2147483647 0 0
1503 66056 0 2147483647 0 0
1504 66091 0 2147483647 0 0
1505 66102 0 2147483647 0 0
1506 66101 0 2147483647 0 0
1507 66100 0 2147483647 0 0
1508 66099 0 2147483647 0 0
1509 66098 0 2147483647 0 0
1510 66097 0 2147483647 0 0
1511 66096 0 2147483647 0 0
1512 66095 0 2147483647 0 0
1513 66094 0 2147483647 0 0
1514 66093 0 2147483647 0 0
1515 66092 0 2147483647 0 0
1516 66152 0 2147483647 0 0
1517 66090 0 2147483647 0 0
1518 66089 0 2147483647 0 0
1519 66088 0 2147483647 0 0
1520 66087 0 2147483647 0 0
1521 66086 0 2147483647 0 0
1522 66085 0 2147483647 0 0
1523 66084 0 2147483647 0 0
1524 66083 0 2147483647 0 0
1525 66082 0 2147483647 0 0
1526 66081 0 2147483647 0 0
1527 66080 0 2147483647 0 0
1528 66212 0 2147483647 0 0
1529 66224 0 2147483647 0 0
1530 66223 0 2147483647 0 0
1531 66222 0 2147483647 0 0
1532 66221 0 2147483647 0 0
1533 66220 0 2147483647 0 0
1534 66219 0 2147483647 0 0
1535 66218 0 2147483647 0 0
1536 66217 0 2147483647 0 0
1537 66216 0 2147483647 0 0
1538 66215 0 2147483647 0 0
1539 66214 0 2147483647 0 0
1540 66213 0 2147483647 0 0
1541 66225 0 2147483647 0 0
1542 66211 0 2147483647 0 0
1543 66210 0 2147483647 0 0
1544 66209 0 2147483647 0 0
1545 66208 0 2147483647 0 0
1546 66207 0 2147483647 0 0
1547 66206 0 2147483647 0 0
1548 66205 0 2147483647 0 0
1549 66204 0 2147483647 0 0
1550 66203 0 2147483647 0 0
1551 66202 0 2147483647 0 0
1552 66201 0 2147483647 0 0
1553 66237 0 2147483647 0 0
1554 66248 0 2147483647 0 0
1555 66247 0 2147483647 0 0
1556 66246 0 2147483647 0 0
1557 66245 0 2147483647 0 0
1558 66244 0 2147483647 0 0
1559 66243 0 2147483647 0 0
1560 66242 0 2147483647 0 0
1561 66241 0 2147483647 0 0
1562 66240 0 2147483647 0 0
1563 66239 0 2147483647 0 0
1564 66238 0 2147483647 0 0
1565 66200 0 2147483647 0 0
1566 66236 0 2147483647 0 0
1567 66235 0 2147483647 0 0
1568 66234 0 2147483647 0 0
1569 66233 0 2147483647 0 0
1570 66232 0 2147483647 0 0
1571 66231 0 2147483647 0 0
1572 66230 0 2147483647 0 0
1573 66229 0 2147483647 0 0
1574 66228 0 2147483647 0 0
1575 66227 0 2147483647 0 0
1576 66226 0 2147483647 0 0
1577 66164 0 2147483647 0 0
1578 66175 0 2147483647 0 0
1579 66174 0 2147483647 0 0
1580 66173 0 2147483647 0 0
1581 66172 0 2147483647 0 0
1582 66171 0 2147483647 0 0
1583 66170 0 2147483647 0 0
1584 66169 0 2147483647 0 0
1585 66168 0 2147483647 0 0
1586 66167 0 2147483647 0 0
1587 66166 0 2147483647 0 0
1588 66165 0 2147483647 0 0
1589 66176 0 2147483647 0 0
1590 66163 0 2147483647 0 0
1591 66162 0 2147483647 0 0
1592 66161 0 2147483647 0 0
1593 66160 0 2147483647 0 0
1594 66159 0 2147483647 0 0
1595 66158 0 2147483647 0 0
1596 66157 0 2147483647 0 0
1597 66156 0 2147483647 0 0
1598 66155 0 2147483647 0 0
1599 66154 0 2147483647 0 0
1600 66153 0 2147483647 0 0
1601 66188 0 2147483647 0 0
1602 66199 0 2147483647 0 0
1603 66198 0 2147483647 0 0
1604 66197 0 2147483647 0 0
1605 66196 0 2147483647 0 0
1606 66195 0 2147483647 0 0
1607 66194 0 2147483647 0 0
1608 66193 0 2147483647 0 0
1609 66192 0 2147483647 0 0
1610 66191 0 2147483647 0 0
1611 66190 0 2147483647 0 0
1612 66189 0 2147483647 0 0
1613 66445 0 2147483647 0 0
1614 66187 0 2147483647 0 0
1615 66186 0 2147483647 0 0
1616 66185 0 2147483647 0 0
1617 66184 0 2147483647 0 0
1618 66183 0 2147483647 0 0
1619 66182 0 2147483647 0 0
1620 66181 0 2147483647 0 0
1621 66180 0 2147483647 0 0
1622 66179 0 2147483647 0 0
1623 66178 0 2147483647 0 0
1624 66177 0 2147483647 0 0
1625 68216 0 2147483647 0 0
1626 68228 0 2147483647 0 0
1627 68227 0 2147483647 0 0
1628 68226 0 2147483647 0 0
1629 68225 0 2147483647 0 0
1630 68224 0 2147483647 0 0
1631 68223 0 2147483647 0 0
1632 68222 0 2147483647 0 0
1633 68221 0 2147483647 0 0
1634 68220 0 2147483647 0 0
1635 68219 0 2147483647 0 0
1636 68218 0 2147483647 0 0
1637 68217 0 2147483647 0 0
1638 68229 0 2147483647 0 0
1639 68215 0 2147483647 0 0
1640 68214 0 2147483647 0 0
1641 68213 0 2147483647 0 0
1642 68212 0 2147483647 0 0
1643 68211 0 2147483647 0 0
1644 68210 0 2147483647 0 0
1645 68209 0 2147483647 0 0
1646 68208 0 2147483647 0 0
1647 68207 0 2147483647 0 0
1648 68206 0 2147483647 0 0
1649 68205 0 2147483647 0 0
1650 68241 0 2147483647 0 0
1651 68252 0 2147483647 0 0
1652 68251 0 2147483647 0 0
1653 68250 0 2147483647 0 0
1654 68249 0 2147483647 0 0
1655 68248 0 2147483647 0 0
1656 68247 0 2147483647 0 0
1657 68246 0 2147483647 0 0
1658 68245 0 2147483647 0 0
1659 68244 0 2147483647 0 0
1660 68243 0 2147483647 0 0
1661 68242 0 2147483647 0 0
1662 68204 0 2147483647 0 0
1663 68240 0 2147483647 0 0
1664 68239 0 2147483647 0 0
1665 68238 0 2147483647 0 0
1666 68237 0 2147483647 0 0
1667 68236 0 2147483647 0 0
1668 68235 0 2147483647 0 0
1669 68234 0 2147483647 0 0
1670 68233 0 2147483647 0 0
1671 68232 0 2147483647 0 0
1672 68231 0 2147483647 0 0
1673 68230 0 2147483647 0 0
1674 68167 0 2147483647 0 0
1675 68179 0 2147483647 0 0
1676 68178 0 2147483647 0 0
1677 68177 0 2147483647 0 0
1678 68176 0 2147483647 0 0
1679 68175 0 2147483647 0 0
1680 68174 0 2147483647 0 0
1681 68173 0 2147483647 0 0
1682 68172 0 2147483647 0 0
1683 68171 0 2147483647 0 0
1684 68170 0 2147483647 0 0
1685 68169 0 2147483647 0 0
1686 68168 0 2147483647 0 0
1687 68180 0 2147483647 0 0
1688 68166 0 2147483647 0 0
1689 68165 0 2147483647 0 0
1690 68164 0 2147483647 0 0
1691 68163 0 2147483647 0 0
1692 68162 0 2147483647 0 0
1693 68161 0 2147483647 0 0
1694 68160 0 2147483647 0 0
1695 68159 0 2147483647 0 0
1696 68158 0 2147483647 0 0
1697 68157 0 2147483647 0 0
1698 68156 0 2147483647 0 0
1699 68192 0 2147483647 0 0
1700 68203 0 2147483647 0 0
1701 68202 0 2147483647 0 0
1702 68201 0 2147483647 0 0
1703 68200 0 2147483647 0 0
1704 68199 0 2147483647 0 0
1705 68198 0 2147483647 0 0
1706 68197 0 2147483647 0 0
1707 68196 0 2147483647 0 0
1708 68195 0 2147483647 0 0
1709 68194 0 2147483647 0 0
1710 68193 0 2147483647 0 0
1711 68253 0 2147483647 0 0
1712 68191 0 2147483647 0 0
1713 68190 0 2147483647 0 0
1714 68189 0 2147483647 0 0
1715 68188 0 2147483647 0 0
1716 68187 0 2147483647 0 0
1717 68186 0 2147483647 0 0
1718 68185 0 2147483647 0 0
1719 68184 0 2147483647 0 0
1720 68183 0 2147483647 0 0
1721 68182 0 2147483647 0 0
1722 68181 0 2147483647 0 0
1723 68314 0 2147483647 0 0
1724 68326 0 2147483647 0 0
1725 68325 0 2147483647 0 0
1726 68324 0 2147483647 0 0
1727 68323 0 2147483647 0 0
1728 68322 0 2147483647 0 0
1729 68321 0 2147483647 0 0
1730 68320 0 2147483647 0 0
1731 68319 0 2147483647 0 0
1732 68318 0 2147483647 0 0
1733 68317 0 2147483647 0 0
1734 68316 0 2147483647 0 0
1735 68315 0 2147483647 0 0
1736 68327 0 2147483647 0 0
1737 68313 0 2147483647 0 0
1738 68312 0 2147483647 0 0
1739 68311 0 2147483647 0 0
1740 68310 0 2147483647 0 0
1741 68309 0 2147483647 0 0
1742 68308 0 2147483647 0 0
1743 68307 0 2147483647 0 0
1744 68306 0 2147483647 0 0
1745 68305 0 2147483647 0 0
1746 68304 0 2147483647 0 0
1747 68303 0 2147483647 0 0
1748 68339 0 2147483647 0 0
1749 68350 0 2147483647 0 0
1750 68349 0 2147483647 0 0
1751 68348 0 2147483647 0 0
1752 68347 0 2147483647 0 0
1753 68346 0 2147483647 0 0
1754 68345 0 2147483647 0 0
1755 68344 0 2147483647 0 0
1756 68343 0 2147483647 0 0
1757 68342 0 2147483647 0 0
1758 68341 0 2147483647 0 0
1759 68340 0 2147483647 0 0
1760 68302 0 2147483647 0 0
1761 68338 0 2147483647 0 0
1762 68337 0 2147483647 0 0
1763 68336 0 2147483647 0 0
1764 68335 0 2147483647 0 0
1765 68334 0 2147483647 0 0
1766 68333 0 2147483647 0 0
1767 68332 0 2147483647 0 0
1768 68331 0 2147483647 0 0
1769 68330 0 2147483647 0 0
1770 68329 0 2147483647 0 0
1771 68328 0 2147483647 0 0
1772 68265 0 2147483647 0 0
1773 68277 0 2147483647 0 0
1774 68276 0 2147483647 0 0
1775 68275 0 2147483647 0 0
1776 68274 0 2147483647 0 0
1777 68273 0 2147483647 0 0
1778 68272 0 2147483647 0 0
1779 68271 0 2147483647 0 0
1780 68270 0 2147483647 0 0
1781 68269 0 2147483647 0 0
1782 68268 0 2147483647 0 0
1783 68267 0 2147483647 0 0
1784 68266 0 2147483647 0 0
1785 68278 0 2147483647 0 0
1786 68264 0 2147483647 0 0
1787 68263 0 2147483647 0 0
1788 68262 0 2147483647 0 0
1789 68261 0 2147483647 0 0
1790 68260 0 2147483647 0 0
1791 68259 0 2147483647 0 0
1792 68258 0 2147483647 0 0
1793 68257 0 2147483647 0 0
1794 68256 0 2147483647 0 0
1795 68255 0 2147483647 0 0
1796 68254 0 2147483647 0 0
1797 68290 0 2147483647 0 0
1798 68301 0 2147483647 0 0
1799 68300 0 2147483647 0 0
1800 68299 0 4294967295 0 0
1801 68298 0 4294967295 0 0
1802 68297 0 4294967295 0 0
1803 68296 0 4294967295 0 0
1804 68295 0 4294967295 0 0
1805 68294 0 4294967295 0 0
1806 68293 0 4294967295 0 0
1807 68292 0 4294967295 0 0
1808 68291 0 4294967295 0 0
1809 68155 0 4294967295 0 0
1810 68289 0 4294967295 0 0
1811 68288 0 4294967295 0 0
1812 68287 0 4294967295 0 0
1813 68286 0 4294967295 0 0
1814 68285 0 4294967295 0 0
1815 68284 0 4294967295 0 0
1816 68283 0 4294967295 0 0
1817 68282 0 4294967295 0 0
1818 68281 0 4294967295 0 0
1819 68280 0 4294967295 0 0
1820 68279 0 4294967295 0 0
1821 68020 0 4294967295 0 0
1822 68032 0 4294967295 0 0
1823 68031 0 4294967295 0 0
1824 68030 0 4294967295 0 0
1825 68029 0 4294967295 0 0
1826 68028 0 4294967295 0 0
1827 68027 0 4294967295 0 0
1828 68026 0 4294967295 0 0
1829 68025 0 4294967295 0 0
1830 68024 0 4294967295 0 0
1831 68023 0 4294967295 0 0
1832 68022 0 4294967295 0 0
1833 68021 0 4294967295 0 0
1834 68033 0 4294967295 0 0
1835 68019 0 4294967295 0 0
1836 68018 0 4294967295 0 0
1837 68017 0 4294967295 0 0
1838 68016 0 4294967295 0 0
1839 68015 0 4294967295 0 0
1840 68014 0 4294967295 0 0
1841 68013 0 4294967295 0 0
1842 68012 0 4294967295 0 0
1843 68011 0 4294967295 0 0
1844 68010 0 4294967295 0 0
1845 68009 0 4294967295 0 0
1846 68045 0 4294967295 0 0
1847 68056 0 4294967295 0 0
1848 68055 0 4294967295 0 0
1849 68054 0 4294967295 0 0
1850 68053 0 4294967295 0 0
1851 68052 0 4294967295 0 0
1852 68051 0 4294967295 0 0
1853 68050 0 4294967295 0 0
1854 68049 0 4294967295 0 0
1855 68048 0 4294967295 0 0
1856 68047 0 4294967295 0 0
1857 68046 0 4294967295 0 0
1858 68008 0 4294967295 0 0
1859 68044 0 4294967295 0 0
1860 68043 0 4294967295 0 0
1861 68042 0 4294967295 0 0
1862 68041 0 4294967295 0 0
1863 68040 0 4294967295 0 0
1864 68039 0 4294967295 0 0
1865 68038 0 4294967295 0 0
1866 68037 0 4294967295 0 0
1867 68036 0 4294967295 0 0
1868 68035 0 4294967295 0 0
1869 68034 0 4294967295 0 0
1870 67971 0 4294967295 0 0
1871 67983 0 4294967295 0 0
1872 67982 0 4294967295 0 0
1873 67981 0 4294967295 0 0
1874 67980 0 4294967295 0 0
1875 67979 0 4294967295 0 0
1876 67978 0 4294967295 0 0
1877 67977 0 4294967295 0 0
1878 67976 0 4294967295 0 0
1879 67975 0 4294967295 0 0
1880 67974 0 4294967295 0 0
1881 67973 0 4294967295 0 0
1882 67972 0 4294967295 0 0
1883 67984 0 4294967295 0 0
1884 67970 0 4294967295 0 0
1885 67969 0 4294967295 0 0
1886 67968 0 4294967295 0 0
1887 67967 0 4294967295 0 0
1888 67966 0 4294967295 0 0
1889 67965 0 4294967295 0 0
1890 67964 0 4294967295 0 0
1891 67963 0 4294967295 0 0
1892 67962 0 4294967295 0 0
1893 67961 0 4294967295 0 0
1894 67960 0 4294967295 0 0
1895 67996 0 4294967295 0 0
1896 68007 0 4294967295 0 0
1897 68006 0 4294967295 0 0
1898 68005 0 4294967295 0 0
1899 68004 0 4294967295 0 0
1900 68003 0 4294967295 0 0
