99982 55555 0.000010
0 42270 79353 42270 71985 1
1 60300 11796 60300 10690 1
2 66376 3868 66376 3517 1
3 85945 1753 85945 1613 1
4 84423 949 84423 852 1
5 17885 575 17885 522 1
6 62778 376 62778 344 1
7 14493 261 14493 243 1
8 5318 189 5318 167 1
9 9 141 9 128 1
10 54058 109 54058 100 1
11 60340 85 60340 80 1
12 77541 69 77541 62 1
13 6583 56 6583 53 1
14 27529 46 27529 43 1
15 52418 39 52418 38 1
16 16 33 16 30 1
17 9886 28 9886 26 1
18 18 24 18 22 1
19 22472 21 22472 19 1
20 55231 18 55231 17 1
21 8177 16 8177 14 1
22 22 14 22 13 1
23 35955 13 35955 12 1
24 71705 11 71705 11 1
25 69236 10 69236 9 1
26 80417 9 80417 8 1
27 4269 8 16159 8 0
28 16159 8 4269 7 0
29 90048 7 90048 7 1
30 2968 6 25782 5 0
31 25782 6 34929 5 0
32 43272 5 56385 5 0
33 34929 5 37 4 0
34 56385 5 2968 4 0
35 35559 4 35559 4 1
36 36 4 24550 3 0
37 37 4 36 3 0
38 46789 3 75726 3 0
39 24550 3 46789 3 0
40 75726 3 43272 3 0
41 41 3 14700 2 0
42 46322 3 77417 2 0
43 67636 2 85412 2 0
44 14700 2 46322 2 0
45 99748 2 99748 2 1
46 96250 2 40176 2 0
47 26692 2 96250 2 0
48 85412 2 26692 2 0
49 77417 2 67636 2 0
50 40176 2 17862 1 0
51 740 2 1100 1 0
52 73 1 31549 1 0
53 2142 1 2142 1 1
54 71 1 73 1 0
55 73307 1 72405 1 0
56 40786 1 73307 1 0
57 67 1 30013 1 0
58 33551 1 87164 1 0
59 75 1 33551 1 0
60 31549 1 23038 1 0
61 96492 1 30787 1 0
62 23038 1 75 1 0
63 45410 1 98185 1 0
64 72405 1 40786 1 0
65 21340 1 740 1 0
66 69394 1 21340 1 0
67 30013 1 19606 1 0
68 39154 1 33580 1 0
69 30787 1 41 1 0
70 19606 1 96492 1 0
71 71969 1 69394 1 0
72 33580 1 71 1 0
73 1100 1 67 1 0
74 87164 1 45410 1 0
75 17862 1 39154 1 0
76 98185 1 2147483647 0 0
77 66681 0 2147483647 0 0
78 66666 0 2147483647 0 0
79 66664 0 2147483647 0 0
80 66682 0 2147483647 0 0
81 66683 0 2147483647 0 0
82 66663 0 2147483647 0 0
83 66684 0 2147483647 0 0
84 66662 0 2147483647 0 0
85 66685 0 2147483647 0 0
86 66686 0 2147483647 0 0
87 66687 0 2147483647 0 0
88 66779 0 2147483647 0 0
89 66661 0 2147483647 0 0
90 66677 0 2147483647 0 0
91 66673 0 2147483647 0 0
92 66672 0 2147483647 0 0
93 66671 0 2147483647 0 0
94 66674 0 2147483647 0 0
95 66675 0 2147483647 0 0
96 66777 0 2147483647 0 0
97 66676 0 2147483647 0 0
98 66670 0 2147483647 0 0
99 66665 0 2147483647 0 0
100 66678 0 2147483647 0 0
101 66669 0 2147483647 0 0
102 66668 0 2147483647 0 0
103 66679 0 2147483647 0 0
104 66667 0 2147483647 0 0
105 66778 0 2147483647 0 0
106 66680 0 2147483647 0 0
107 66632 0 2147483647 0 0
108 66641 0 2147483647 0 0
109 66640 0 2147483647 0 0
110 66639 0 2147483647 0 0
111 66638 0 2147483647 0 0
112 66637 0 2147483647 0 0
113 66636 0 2147483647 0 0
114 66635 0 2147483647 0 0
115 66782 0 2147483647 0 0
116 66634 0 2147483647 0 0
117 66633 0 2147483647 0 0
118 66642 0 2147483647 0 0
119 66631 0 2147483647 0 0
120 66630 0 2147483647 0 0
121 66629 0 2147483647 0 0
122 66628 0 2147483647 0 0
123 66627 0 2147483647 0 0
124 66626 0 2147483647 0 0
125 66625 0 2147483647 0 0
126 66624 0 2147483647 0 0
127 66623 0 2147483647 0 0
128 66783 0 2147483647 0 0
129 66780 0 2147483647 0 0
130 66659 0 2147483647 0 0
131 66658 0 2147483647 0 0
132 66657 0 2147483647 0 0
133 66656 0 2147483647 0 0
134 66655 0 2147483647 0 0
135 66654 0 2147483647 0 0
136 66775 0 2147483647 0 0
137 66653 0 2147483647 0 0
138 66652 0 2147483647 0 0
139 66651 0 2147483647 0 0
140 66660 0 2147483647 0 0
141 66650 0 2147483647 0 0
142 66649 0 2147483647 0 0
143 66648 0 2147483647 0 0
144 66647 0 2147483647 0 0
145 66646 0 2147483647 0 0
146 66645 0 2147483647 0 0
147 66644 0 2147483647 0 0
148 66643 0 2147483647 0 0
149 66781 0 2147483647 0 0
150 66737 0 2147483647 0 0
151 66746 0 2147483647 0 0
152 66769 0 2147483647 0 0
153 66745 0 2147483647 0 0
154 66744 0 2147483647 0 0
155 66743 0 2147483647 0 0
156 66742 0 2147483647 0 0
157 66741 0 2147483647 0 0
158 66740 0 2147483647 0 0
159 66739 0 2147483647 0 0
160 66738 0 2147483647 0 0
161 66770 0 2147483647 0 0
162 66747 0 2147483647 0 0
163 66736 0 2147483647 0 0
164 66735 0 2147483647 0 0
165 66734 0 2147483647 0 0
166 66733 0 2147483647 0 0
167 66732 0 2147483647 0 0
168 66731 0 2147483647 0 0
169 66771 0 2147483647 0 0
170 66730 0 2147483647 0 0
171 66729 0 2147483647 0 0
172 66728 0 2147483647 0 0
173 66757 0 2147483647 0 0
174 66766 0 2147483647 0 0
175 66765 0 2147483647 0 0
176 66764 0 2147483647 0 0
177 66763 0 2147483647 0 0
178 66762 0 2147483647 0 0
179 66761 0 2147483647 0 0
180 66760 0 2147483647 0 0
181 66759 0 2147483647 0 0
182 66767 0 2147483647 0 0
183 66758 0 2147483647 0 0
184 66727 0 2147483647 0 0
185 66756 0 2147483647 0 0
186 66755 0 2147483647 0 0
187 66754 0 2147483647 0 0
188 66753 0 2147483647 0 0
189 66752 0 2147483647 0 0
190 66751 0 2147483647 0 0
191 66750 0 2147483647 0 0
192 66768 0 2147483647 0 0
193 66749 0 2147483647 0 0
194 66748 0 2147483647 0 0
195 66698 0 2147483647 0 0
196 66602 0 2147483647 0 0
197 66707 0 2147483647 0 0
198 66706 0 2147483647 0 0
199 66705 0 2147483647 0 0
200 66704 0 2147483647 0 0
201 66703 0 2147483647 0 0
202 66702 0 2147483647 0 0
203 66701 0 2147483647 0 0
204 66700 0 2147483647 0 0
205 66699 0 2147483647 0 0
206 66708 0 2147483647 0 0
207 66697 0 2147483647 0 0
208 66696 0 2147483647 0 0
209 66695 0 2147483647 0 0
210 66694 0 2147483647 0 0
211 66693 0 2147483647 0 0
212 66692 0 2147483647 0 0
213 66691 0 2147483647 0 0
214 66690 0 2147483647 0 0
215 66689 0 2147483647 0 0
216 66688 0 2147483647 0 0
217 66717 0 2147483647 0 0
218 66726 0 2147483647 0 0
219 66725 0 2147483647 0 0
220 66724 0 2147483647 0 0
221 66723 0 2147483647 0 0
222 66722 0 2147483647 0 0
223 66721 0 2147483647 0 0
224 66720 0 2147483647 0 0
225 66719 0 2147483647 0 0
226 66718 0 2147483647 0 0
227 66772 0 2147483647 0 0
228 66776 0 2147483647 0 0
229 66716 0 2147483647 0 0
230 66715 0 2147483647 0 0
231 66714 0 2147483647 0 0
232 66773 0 2147483647 0 0
233 66713 0 2147483647 0 0
234 66712 0 2147483647 0 0
235 66774 0 2147483647 0 0
236 66711 0 2147483647 0 0
237 66710 0 2147483647 0 0
238 66709 0 2147483647 0 0
239 66490 0 2147483647 0 0
240 66501 0 2147483647 0 0
241 66500 0 2147483647 0 0
242 66499 0 2147483647 0 0
243 66498 0 2147483647 0 0
244 66497 0 2147483647 0 0
245 66496 0 2147483647 0 0
246 66495 0 2147483647 0 0
247 66494 0 2147483647 0 0
248 66493 0 2147483647 0 0
249 66492 0 2147483647 0 0
250 66491 0 2147483647 0 0
251 66502 0 2147483647 0 0
252 66489 0 2147483647 0 0
253 66488 0 2147483647 0 0
254 66487 0 2147483647 0 0
255 66486 0 2147483647 0 0
256 66485 0 2147483647 0 0
257 66484 0 2147483647 0 0
258 66483 0 2147483647 0 0
259 66482 0 2147483647 0 0
260 66481 0 2147483647 0 0
261 66480 0 2147483647 0 0
262 66479 0 2147483647 0 0
263 66514 0 2147483647 0 0
264 66525 0 2147483647 0 0
265 66524 0 2147483647 0 0
266 66523 0 2147483647 0 0
267 66522 0 2147483647 0 0
268 66521 0 2147483647 0 0
269 66520 0 2147483647 0 0
270 66519 0 2147483647 0 0
271 66518 0 2147483647 0 0
272 66517 0 2147483647 0 0
273 66516 0 2147483647 0 0
274 66515 0 2147483647 0 0
275 66478 0 2147483647 0 0
276 66513 0 2147483647 0 0
277 66512 0 2147483647 0 0
278 66511 0 2147483647 0 0
279 66510 0 2147483647 0 0
280 66509 0 2147483647 0 0
281 66508 0 2147483647 0 0
282 66507 0 2147483647 0 0
283 66506 0 2147483647 0 0
284 66505 0 2147483647 0 0
285 66504 0 2147483647 0 0
286 66503 0 2147483647 0 0
287 66442 0 2147483647 0 0
288 66453 0 2147483647 0 0
289 66452 0 2147483647 0 0
290 66451 0 2147483647 0 0
291 66450 0 2147483647 0 0
292 66449 0 2147483647 0 0
293 66448 0 2147483647 0 0
294 66447 0 2147483647 0 0
295 66446 0 2147483647 0 0
296 66445 0 2147483647 0 0
297 66444 0 2147483647 0 0
298 66443 0 2147483647 0 0
299 66454 0 2147483647 0 0
300 66441 0 2147483647 0 0
301 66440 0 2147483647 0 0
302 66439 0 2147483647 0 0
303 66438 0 2147483647 0 0
304 66437 0 2147483647 0 0
305 66436 0 2147483647 0 0
306 66435 0 2147483647 0 0
307 66434 0 2147483647 0 0
308 66433 0 2147483647 0 0
309 66432 0 2147483647 0 0
310 66431 0 2147483647 0 0
311 66466 0 2147483647 0 0
312 66477 0 2147483647 0 0
313 66476 0 2147483647 0 0
314 66475 0 2147483647 0 0
315 66474 0 2147483647 0 0
316 66473 0 2147483647 0 0
317 66472 0 2147483647 0 0
318 66471 0 2147483647 0 0
319 66470 0 2147483647 0 0
320 66469 0 2147483647 0 0
321 66468 0 2147483647 0 0
322 66467 0 2147483647 0 0
323 66526 0 2147483647 0 0
324 66465 0 2147483647 0 0
325 66464 0 2147483647 0 0
326 66463 0 2147483647 0 0
327 66462 0 2147483647 0 0
328 66461 0 2147483647 0 0
329 66460 0 2147483647 0 0
330 66459 0 2147483647 0 0
331 66458 0 2147483647 0 0
332 66457 0 2147483647 0 0
333 66456 0 2147483647 0 0
334 66455 0 2147483647 0 0
335 66586 0 2147483647 0 0
336 66597 0 2147483647 0 0
337 66596 0 2147483647 0 0
338 66595 0 2147483647 0 0
339 66594 0 2147483647 0 0
340 66593 0 2147483647 0 0
341 66592 0 2147483647 0 0
342 66591 0 2147483647 0 0
343 66590 0 2147483647 0 0
344 66589 0 2147483647 0 0
345 66588 0 2147483647 0 0
346 66587 0 2147483647 0 0
347 66598 0 2147483647 0 0
348 66585 0 2147483647 0 0
349 66584 0 2147483647 0 0
350 66583 0 2147483647 0 0
351 66582 0 2147483647 0 0
352 66581 0 2147483647 0 0
353 66580 0 2147483647 0 0
354 66579 0 2147483647 0 0
355 66578 0 2147483647 0 0
356 66577 0 2147483647 0 0
357 66576 0 2147483647 0 0
358 66575 0 2147483647 0 0
359 66610 0 2147483647 0 0
360 66621 0 2147483647 0 0
361 66620 0 2147483647 0 0
362 66619 0 2147483647 0 0
363 66618 0 2147483647 0 0
364 66617 0 2147483647 0 0
365 66616 0 2147483647 0 0
366 66615 0 2147483647 0 0
367 66614 0 2147483647 0 0
368 66613 0 2147483647 0 0
369 66612 0 2147483647 0 0
370 66611 0 2147483647 0 0
371 66574 0 2147483647 0 0
372 66609 0 2147483647 0 0
373 66608 0 2147483647 0 0
374 66607 0 2147483647 0 0
375 66606 0 2147483647 0 0
376 66605 0 2147483647 0 0
377 66604 0 2147483647 0 0
378 66603 0 2147483647 0 0
379 66802 0 2147483647 0 0
380 66601 0 2147483647 0 0
381 66600 0 2147483647 0 0
382 66599 0 2147483647 0 0
383 66538 0 2147483647 0 0
384 66549 0 2147483647 0 0
385 66548 0 2147483647 0 0
386 66547 0 2147483647 0 0
387 66546 0 2147483647 0 0
388 66545 0 2147483647 0 0
389 66544 0 2147483647 0 0
390 66543 0 2147483647 0 0
391 66542 0 2147483647 0 0
392 66541 0 2147483647 0 0
393 66540 0 2147483647 0 0
394 66539 0 2147483647 0 0
395 66550 0 2147483647 0 0
396 66537 0 2147483647 0 0
397 66536 0 2147483647 0 0
398 66535 0 2147483647 0 0
399 66534 0 2147483647 0 0
400 66533 0 2147483647 0 0
401 66532 0 2147483647 0 0
402 66531 0 2147483647 0 0
403 66530 0 2147483647 0 0
404 66529 0 2147483647 0 0
405 66528 0 2147483647 0 0
406 66527 0 2147483647 0 0
407 66562 0 2147483647 0 0
408 66573 0 2147483647 0 0
409 66572 0 2147483647 0 0
410 66571 0 2147483647 0 0
411 66570 0 2147483647 0 0
412 66569 0 2147483647 0 0
413 66568 0 2147483647 0 0
414 66567 0 2147483647 0 0
415 66566 0 2147483647 0 0
416 66565 0 2147483647 0 0
417 66564 0 2147483647 0 0
418 66563 0 2147483647 0 0
419 66622 0 2147483647 0 0
420 66561 0 2147483647 0 0
421 66560 0 2147483647 0 0
422 66559 0 2147483647 0 0
423 66558 0 2147483647 0 0
424 66557 0 2147483647 0 0
425 66556 0 2147483647 0 0
426 66555 0 2147483647 0 0
427 66554 0 2147483647 0 0
428 66553 0 2147483647 0 0
429 66552 0 2147483647 0 0
430 66551 0 2147483647 0 0
431 67042 0 2147483647 0 0
432 67054 0 2147483647 0 0
433 67053 0 2147483647 0 0
434 67052 0 2147483647 0 0
435 67051 0 2147483647 0 0
436 67050 0 2147483647 0 0
437 67049 0 2147483647 0 0
438 67048 0 2147483647 0 0
439 67047 0 2147483647 0 0
440 67046 0 2147483647 0 0
441 67045 0 2147483647 0 0
442 67044 0 2147483647 0 0
443 67043 0 2147483647 0 0
444 67055 0 2147483647 0 0
445 67041 0 2147483647 0 0
446 67040 0 2147483647 0 0
447 67039 0 2147483647 0 0
448 67038 0 2147483647 0 0
449 67037 0 2147483647 0 0
450 67036 0 2147483647 0 0
451 67035 0 2147483647 0 0
452 67034 0 2147483647 0 0
453 67033 0 2147483647 0 0
454 67032 0 2147483647 0 0
455 67031 0 2147483647 0 0
456 67067 0 2147483647 0 0
457 67079 0 2147483647 0 0
458 67078 0 2147483647 0 0
459 67077 0 2147483647 0 0
460 67076 0 2147483647 0 0
461 67075 0 2147483647 0 0
462 67074 0 2147483647 0 0
463 67073 0 2147483647 0 0
464 67072 0 2147483647 0 0
465 67071 0 2147483647 0 0
466 67070 0 2147483647 0 0
467 67069 0 2147483647 0 0
468 67068 0 2147483647 0 0
469 67030 0 2147483647 0 0
470 67066 0 2147483647 0 0
471 67065 0 2147483647 0 0
472 67064 0 2147483647 0 0
473 67063 0 2147483647 0 0
474 67062 0 2147483647 0 0
475 67061 0 2147483647 0 0
476 67060 0 2147483647 0 0
477 67059 0 2147483647 0 0
478 67058 0 2147483647 0 0
479 67057 0 2147483647 0 0
480 67056 0 2147483647 0 0
481 66993 0 2147483647 0 0
482 67005 0 2147483647 0 0
483 67004 0 2147483647 0 0
484 67003 0 2147483647 0 0
485 67002 0 2147483647 0 0
486 67001 0 2147483647 0 0
487 67000 0 2147483647 0 0
488 66999 0 2147483647 0 0
489 66998 0 2147483647 0 0
490 66997 0 2147483647 0 0
491 66996 0 2147483647 0 0
492 66995 0 2147483647 0 0
493 66994 0 2147483647 0 0
494 67006 0 2147483647 0 0
495 66992 0 2147483647 0 0
496 66991 0 2147483647 0 0
497 66990 0 2147483647 0 0
498 66989 0 2147483647 0 0
499 66988 0 2147483647 0 0
500 66987 0 2147483647 0 0
501 66986 0 2147483647 0 0
502 66985 0 2147483647 0 0
503 66984 0 2147483647 0 0
504 66983 0 2147483647 0 0
505 66982 0 2147483647 0 0
506 67018 0 2147483647 0 0
507 67029 0 2147483647 0 0
508 67028 0 2147483647 0 0
509 67027 0 2147483647 0 0
510 67026 0 2147483647 0 0
511 67025 0 2147483647 0 0
512 67024 0 2147483647 0 0
513 67023 0 2147483647 0 0
514 67022 0 2147483647 0 0
515 67021 0 2147483647 0 0
516 67020 0 2147483647 0 0
517 67019 0 2147483647 0 0
518 67080 0 2147483647 0 0
519 67017 0 2147483647 0 0
520 67016 0 2147483647 0 0
521 67015 0 2147483647 0 0
522 67014 0 2147483647 0 0
523 67013 0 2147483647 0 0
524 67012 0 2147483647 0 0
525 67011 0 2147483647 0 0
526 67010 0 2147483647 0 0
527 67009 0 2147483647 0 0
528 67008 0 2147483647 0 0
529 67007 0 2147483647 0 0
530 67141 0 2147483647 0 0
531 67153 0 2147483647 0 0
532 67152 0 2147483647 0 0
533 67151 0 2147483647 0 0
534 67150 0 2147483647 0 0
535 67149 0 2147483647 0 0
536 67148 0 2147483647 0 0
537 67147 0 2147483647 0 0
538 67146 0 2147483647 0 0
539 67145 0 2147483647 0 0
540 67144 0 2147483647 0 0
541 67143 0 2147483647 0 0
542 67142 0 2147483647 0 0
543 67154 0 2147483647 0 0
544 67140 0 2147483647 0 0
545 67139 0 2147483647 0 0
546 67138 0 2147483647 0 0
547 67137 0 2147483647 0 0
548 67136 0 2147483647 0 0
549 67135 0 2147483647 0 0
550 67134 0 2147483647 0 0
551 67133 0 2147483647 0 0
552 67132 0 2147483647 0 0
553 67131 0 2147483647 0 0
554 67130 0 2147483647 0 0
555 67166 0 2147483647 0 0
556 67177 0 2147483647 0 0
557 67176 0 2147483647 0 0
558 67175 0 2147483647 0 0
559 67174 0 2147483647 0 0
560 67173 0 2147483647 0 0
561 67172 0 2147483647 0 0
562 67171 0 2147483647 0 0
563 67170 0 2147483647 0 0
564 67169 0 2147483647 0 0
565 67168 0 2147483647 0 0
566 67167 0 2147483647 0 0
567 67129 0 2147483647 0 0
568 67165 0 2147483647 0 0
569 67164 0 2147483647 0 0
570 67163 0 2147483647 0 0
571 67162 0 2147483647 0 0
572 67161 0 2147483647 0 0
573 67160 0 2147483647 0 0
574 67159 0 2147483647 0 0
575 67158 0 2147483647 0 0
576 67157 0 2147483647 0 0
577 67156 0 2147483647 0 0
578 67155 0 2147483647 0 0
579 67092 0 2147483647 0 0
580 67104 0 2147483647 0 0
581 67103 0 2147483647 0 0
582 67102 0 2147483647 0 0
583 67101 0 2147483647 0 0
584 67100 0 2147483647 0 0
585 67099 0 2147483647 0 0
586 67098 0 2147483647 0 0
587 67097 0 2147483647 0 0
588 67096 0 2147483647 0 0
589 67095 0 2147483647 0 0
590 67094 0 2147483647 0 0
591 67093 0 2147483647 0 0
592 67105 0 2147483647 0 0
593 67091 0 2147483647 0 0
594 67090 0 2147483647 0 0
595 67089 0 2147483647 0 0
596 67088 0 2147483647 0 0
597 67087 0 2147483647 0 0
598 67086 0 2147483647 0 0
599 67085 0 2147483647 0 0
600 67084 0 2147483647 0 0
601 67083 0 2147483647 0 0
602 67082 0 2147483647 0 0
603 67081 0 2147483647 0 0
604 67117 0 2147483647 0 0
605 67128 0 2147483647 0 0
606 67127 0 2147483647 0 0
607 67126 0 2147483647 0 0
608 67125 0 2147483647 0 0
609 67124 0 2147483647 0 0
610 67123 0 2147483647 0 0
611 67122 0 2147483647 0 0
612 67121 0 2147483647 0 0
613 67120 0 2147483647 0 0
614 67119 0 2147483647 0 0
615 67118 0 2147483647 0 0
616 66981 0 2147483647 0 0
617 67116 0 2147483647 0 0
618 67115 0 2147483647 0 0
619 67114 0 2147483647 0 0
620 67113 0 2147483647 0 0
621 67112 0 2147483647 0 0
622 67111 0 2147483647 0 0
623 67110 0 2147483647 0 0
624 67109 0 2147483647 0 0
625 67108 0 2147483647 0 0
626 67107 0 2147483647 0 0
627 67106 0 2147483647 0 0
628 66845 0 2147483647 0 0
629 66857 0 2147483647 0 0
630 66856 0 2147483647 0 0
631 66855 0 2147483647 0 0
632 66854 0 2147483647 0 0
633 66853 0 2147483647 0 0
634 66852 0 2147483647 0 0
635 66851 0 2147483647 0 0
636 66850 0 2147483647 0 0
637 66849 0 2147483647 0 0
638 66848 0 2147483647 0 0
639 66847 0 2147483647 0 0
640 66846 0 2147483647 0 0
641 66858 0 2147483647 0 0
642 66844 0 2147483647 0 0
643 66843 0 2147483647 0 0
644 66842 0 2147483647 0 0
645 66841 0 2147483647 0 0
646 66840 0 2147483647 0 0
647 66839 0 2147483647 0 0
648 66838 0 2147483647 0 0
649 66837 0 2147483647 0 0
650 66836 0 2147483647 0 0
651 66835 0 2147483647 0 0
652 66834 0 2147483647 0 0
653 66870 0 2147483647 0 0
654 66882 0 2147483647 0 0
655 66881 0 2147483647 0 0
656 66880 0 2147483647 0 0
657 66879 0 2147483647 0 0
658 66878 0 2147483647 0 0
659 66877 0 2147483647 0 0
660 66876 0 2147483647 0 0
661 66875 0 2147483647 0 0
662 66874 0 2147483647 0 0
663 66873 0 2147483647 0 0
664 66872 0 2147483647 0 0
665 66871 0 2147483647 0 0
666 66833 0 2147483647 0 0
667 66869 0 2147483647 0 0
668 66868 0 2147483647 0 0
669 66867 0 2147483647 0 0
670 66866 0 2147483647 0 0
671 66865 0 2147483647 0 0
672 66864 0 2147483647 0 0
673 66863 0 2147483647 0 0
674 66862 0 2147483647 0 0
675 66861 0 2147483647 0 0
676 66860 0 2147483647 0 0
677 66859 0 2147483647 0 0
678 66796 0 2147483647 0 0
679 66808 0 2147483647 0 0
680 66807 0 2147483647 0 0
681 66806 0 2147483647 0 0
682 66805 0 2147483647 0 0
683 66804 0 2147483647 0 0
684 66803 0 2147483647 0 0
685 66406 0 2147483647 0 0
686 66801 0 2147483647 0 0
687 66800 0 2147483647 0 0
688 66799 0 2147483647 0 0
689 66798 0 2147483647 0 0
690 66797 0 2147483647 0 0
691 66809 0 2147483647 0 0
692 66795 0 2147483647 0 0
693 66794 0 2147483647 0 0
694 66793 0 2147483647 0 0
695 66792 0 2147483647 0 0
696 66791 0 2147483647 0 0
697 66790 0 2147483647 0 0
698 66789 0 2147483647 0 0
699 66788 0 2147483647 0 0
700 66787 0 2147483647 0 0
701 66786 0 2147483647 0 0
702 66785 0 2147483647 0 0
703 66821 0 2147483647 0 0
704 66832 0 2147483647 0 0
705 66831 0 2147483647 0 0
706 66830 0 2147483647 0 0
707 66829 0 2147483647 0 0
708 66828 0 2147483647 0 0
709 66827 0 2147483647 0 0
710 66826 0 2147483647 0 0
711 66825 0 2147483647 0 0
712 66824 0 2147483647 0 0
713 66823 0 2147483647 0 0
714 66822 0 2147483647 0 0
715 66883 0 2147483647 0 0
716 66820 0 2147483647 0 0
717 66819 0 2147483647 0 0
718 66818 0 2147483647 0 0
719 66817 0 2147483647 0 0
720 66816 0 2147483647 0 0
721 66815 0 2147483647 0 0
722 66814 0 2147483647 0 0
723 66813 0 2147483647 0 0
724 66812 0 2147483647 0 0
725 66811 0 2147483647 0 0
726 66810 0 2147483647 0 0
727 66944 0 2147483647 0 0
728 66956 0 2147483647 0 0
729 66955 0 2147483647 0 0
730 66954 0 2147483647 0 0
731 66953 0 2147483647 0 0
732 66952 0 2147483647 0 0
733 66951 0 2147483647 0 0
734 66950 0 2147483647 0 0
735 66949 0 2147483647 0 0
736 66948 0 2147483647 0 0
737 66947 0 2147483647 0 0
738 66946 0 2147483647 0 0
739 66945 0 2147483647 0 0
740 66957 0 2147483647 0 0
741 66943 0 2147483647 0 0
742 66942 0 2147483647 0 0
743 66941 0 2147483647 0 0
744 66940 0 2147483647 0 0
745 66939 0 2147483647 0 0
746 66938 0 2147483647 0 0
747 66937 0 2147483647 0 0
748 66936 0 2147483647 0 0
749 66935 0 2147483647 0 0
750 66934 0 2147483647 0 0
751 66933 0 2147483647 0 0
752 66969 0 2147483647 0 0
753 66980 0 2147483647 0 0
754 66979 0 2147483647 0 0
755 66978 0 2147483647 0 0
756 66977 0 2147483647 0 0
757 66976 0 2147483647 0 0
758 66975 0 2147483647 0 0
759 66974 0 2147483647 0 0
760 66973 0 2147483647 0 0
761 66972 0 2147483647 0 0
762 66971 0 2147483647 0 0
763 66970 0 2147483647 0 0
764 66932 0 2147483647 0 0
765 66968 0 2147483647 0 0
766 66967 0 2147483647 0 0
767 66966 0 2147483647 0 0
768 66965 0 2147483647 0 0
769 66964 0 2147483647 0 0
770 66963 0 2147483647 0 0
771 66962 0 2147483647 0 0
772 66961 0 2147483647 0 0
773 66960 0 2147483647 0 0
774 66959 0 2147483647 0 0
775 66958 0 2147483647 0 0
776 66895 0 2147483647 0 0
777 66907 0 2147483647 0 0
778 66906 0 2147483647 0 0
779 66905 0 2147483647 0 0
780 66904 0 2147483647 0 0
781 66903 0 2147483647 0 0
782 66902 0 2147483647 0 0
783 66901 0 2147483647 0 0
784 66900 0 2147483647 0 0
785 66899 0 2147483647 0 0
786 66898 0 2147483647 0 0
787 66897 0 2147483647 0 0
788 66896 0 2147483647 0 0
789 66908 0 2147483647 0 0
790 66894 0 2147483647 0 0
791 66893 0 2147483647 0 0
792 66892 0 2147483647 0 0
793 66891 0 2147483647 0 0
794 66890 0 2147483647 0 0
795 66889 0 2147483647 0 0
796 66888 0 2147483647 0 0
797 66887 0 2147483647 0 0
798 66886 0 2147483647 0 0
799 66885 0 2147483647 0 0
800 66884 0 2147483647 0 0
801 66920 0 2147483647 0 0
802 66931 0 2147483647 0 0
803 66930 0 2147483647 0 0
804 66929 0 2147483647 0 0
805 66928 0 2147483647 0 0
806 66927 0 2147483647 0 0
807 66926 0 2147483647 0 0
808 66925 0 2147483647 0 0
809 66924 0 2147483647 0 0
810 66923 0 2147483647 0 0
811 66922 0 2147483647 0 0
812 66921 0 2147483647 0 0
813 66784 0 2147483647 0 0
814 66919 0 2147483647 0 0
815 66918 0 2147483647 0 0
816 66917 0 2147483647 0 0
817 66916 0 2147483647 0 0
818 66915 0 2147483647 0 0
819 66914 0 2147483647 0 0
820 66913 0 2147483647 0 0
821 66912 0 2147483647 0 0
822 66911 0 2147483647 0 0
823 66910 0 2147483647 0 0
824 66909 0 2147483647 0 0
825 65906 0 2147483647 0 0
826 65918 0 2147483647 0 0
827 65917 0 2147483647 0 0
828 65916 0 2147483647 0 0
829 65915 0 2147483647 0 0
830 65914 0 2147483647 0 0
831 65913 0 2147483647 0 0
832 65912 0 2147483647 0 0
833 65911 0 2147483647 0 0
834 65910 0 2147483647 0 0
835 65909 0 2147483647 0 0
836 65908 0 2147483647 0 0
837 65907 0 2147483647 0 0
838 65919 0 2147483647 0 0
839 65905 0 2147483647 0 0
840 65904 0 2147483647 0 0
841 65903 0 2147483647 0 0
842 65902 0 2147483647 0 0
843 65901 0 2147483647 0 0
844 65900 0 2147483647 0 0
845 65899 0 2147483647 0 0
846 65898 0 2147483647 0 0
847 65897 0 2147483647 0 0
848 65896 0 2147483647 0 0
849 65895 0 2147483647 0 0
850 65931 0 2147483647 0 0
851 65942 0 2147483647 0 0
852 65941 0 2147483647 0 0
853 65940 0 2147483647 0 0
854 65939 0 2147483647 0 0
855 65938 0 2147483647 0 0
856 65937 0 2147483647 0 0
857 65936 0 2147483647 0 0
858 65935 0 2147483647 0 0
859 65934 0 2147483647 0 0
860 65933 0 2147483647 0 0
861 65932 0 2147483647 0 0
862 65894 0 2147483647 0 0
863 65930 0 2147483647 0 0
864 65929 0 2147483647 0 0
865 65928 0 2147483647 0 0
866 65927 0 2147483647 0 0
867 65926 0 2147483647 0 0
868 65925 0 2147483647 0 0
869 65924 0 2147483647 0 0
870 65923 0 2147483647 0 0
871 65922 0 2147483647 0 0
872 65921 0 2147483647 0 0
873 65920 0 2147483647 0 0
874 65857 0 2147483647 0 0
875 65869 0 2147483647 0 0
876 65868 0 2147483647 0 0
877 65867 0 2147483647 0 0
878 65866 0 2147483647 0 0
879 65865 0 2147483647 0 0
880 65864 0 2147483647 0 0
881 65863 0 2147483647 0 0
882 65862 0 2147483647 0 0
883 65861 0 2147483647 0 0
884 65860 0 2147483647 0 0
885 65859 0 2147483647 0 0
886 65858 0 2147483647 0 0
887 65870 0 2147483647 0 0
888 65856 0 2147483647 0 0
889 65855 0 2147483647 0 0
890 65854 0 2147483647 0 0
891 65853 0 2147483647 0 0
892 65852 0 2147483647 0 0
893 65851 0 2147483647 0 0
894 65850 0 2147483647 0 0
895 65849 0 2147483647 0 0
896 65848 0 2147483647 0 0
897 65847 0 2147483647 0 0
898 65846 0 2147483647 0 0
899 65882 0 2147483647 0 0
900 65893 0 2147483647 0 0
901 65892 0 2147483647 0 0
902 65891 0 2147483647 0 0
903 65890 0 2147483647 0 0
904 65889 0 2147483647 0 0
905 65888 0 2147483647 0 0
906 65887 0 2147483647 0 0
907 65886 0 2147483647 0 0
908 65885 0 2147483647 0 0
909 65884 0 2147483647 0 0
910 65883 0 2147483647 0 0
911 65943 0 2147483647 0 0
912 65881 0 2147483647 0 0
913 65880 0 2147483647 0 0
914 65879 0 2147483647 0 0
915 65878 0 2147483647 0 0
916 65877 0 2147483647 0 0
917 65876 0 2147483647 0 0
918 65875 0 2147483647 0 0
919 65874 0 2147483647 0 0
920 65873 0 2147483647 0 0
921 65872 0 2147483647 0 0
922 65871 0 2147483647 0 0
923 66003 0 2147483647 0 0
924 66015 0 2147483647 0 0
925 66014 0 2147483647 0 0
926 66013 0 2147483647 0 0
927 66012 0 2147483647 0 0
928 66011 0 2147483647 0 0
929 66010 0 2147483647 0 0
930 66009 0 2147483647 0 0
931 66008 0 2147483647 0 0
932 66007 0 2147483647 0 0
933 66006 0 2147483647 0 0
934 66005 0 2147483647 0 0
935 66004 0 2147483647 0 0
936 66016 0 2147483647 0 0
937 66002 0 2147483647 0 0
938 66001 0 2147483647 0 0
939 66000 0 2147483647 0 0
940 65999 0 2147483647 0 0
941 65998 0 2147483647 0 0
942 65997 0 2147483647 0 0
943 65996 0 2147483647 0 0
944 65995 0 2147483647 0 0
945 65994 0 2147483647 0 0
946 65993 0 2147483647 0 0
947 65992 0 2147483647 0 0
948 66028 0 2147483647 0 0
949 66039 0 2147483647 0 0
950 66038 0 2147483647 0 0
951 66037 0 2147483647 0 0
952 66036 0 2147483647 0 0
953 66035 0 2147483647 0 0
954 66034 0 2147483647 0 0
955 66033 0 2147483647 0 0
956 66032 0 2147483647 0 0
957 66031 0 2147483647 0 0
958 66030 0 2147483647 0 0
959 66029 0 2147483647 0 0
960 65991 0 2147483647 0 0
961 66027 0 2147483647 0 0
962 66026 0 2147483647 0 0
963 66025 0 2147483647 0 0
964 66024 0 2147483647 0 0
965 66023 0 2147483647 0 0
966 66022 0 2147483647 0 0
967 66021 0 2147483647 0 0
968 66020 0 2147483647 0 0
969 66019 0 2147483647 0 0
970 66018 0 2147483647 0 0
971 66017 0 2147483647 0 0
972 65955 0 2147483647 0 0
973 65966 0 2147483647 0 0
974 65965 0 2147483647 0 0
975 65964 0 2147483647 0 0
976 65963 0 2147483647 0 0
977 65962 0 2147483647 0 0
978 65961 0 2147483647 0 0
979 65960 0 2147483647 0 0
980 65959 0 2147483647 0 0
981 65958 0 2147483647 0 0
982 65957 0 2147483647 0 0
983 65956 0 2147483647 0 0
984 65967 0 2147483647 0 0
985 65954 0 2147483647 0 0
986 65953 0 2147483647 0 0
987 65952 0 2147483647 0 0
988 65951 0 2147483647 0 0
989 65950 0 2147483647 0 0
990 65949 0 2147483647 0 0
991 65948 0 2147483647 0 0
992 65947 0 2147483647 0 0
993 65946 0 2147483647 0 0
994 65945 0 2147483647 0 0
995 65944 0 2147483647 0 0
996 65979 0 2147483647 0 0
997 65990 0 2147483647 0 0
998 65989 0 2147483647 0 0
999 65988 0 2147483647 0 0
1000 65987 0 2147483647 0 0
1001 65986 0 2147483647 0 0
1002 65985 0 2147483647 0 0
1003 65984 0 2147483647 0 0
1004 65983 0 2147483647 0 0
1005 65982 0 2147483647 0 0
1006 65981 0 2147483647 0 0
1007 65980 0 2147483647 0 0
1008 65845 0 2147483647 0 0
1009 65978 0 2147483647 0 0
1010 65977 0 2147483647 0 0
1011 65976 0 2147483647 0 0
1012 65975 0 2147483647 0 0
1013 65974 0 2147483647 0 0
1014 65973 0 2147483647 0 0
1015 65972 0 2147483647 0 0
1016 65971 0 2147483647 0 0
1017 65970 0 2147483647 0 0
1018 65969 0 2147483647 0 0
1019 65968 0 2147483647 0 0
1020 65711 0 2147483647 0 0
1021 65723 0 2147483647 0 0
1022 65722 0 2147483647 0 0
1023 65721 0 2147483647 0 0
1024 65720 0 2147483647 0 0
1025 65719 0 2147483647 0 0
1026 65718 0 2147483647 0 0
1027 65717 0 2147483647 0 0
1028 65716 0 2147483647 0 0
1029 65715 0 2147483647 0 0
1030 65714 0 2147483647 0 0
1031 65713 0 2147483647 0 0
1032 65712 0 2147483647 0 0
1033 65724 0 2147483647 0 0
1034 65710 0 2147483647 0 0
1035 65709 0 2147483647 0 0
1036 65708 0 2147483647 0 0
1037 65707 0 2147483647 0 0
1038 65706 0 2147483647 0 0
1039 65705 0 2147483647 0 0
1040 65704 0 2147483647 0 0
1041 65703 0 2147483647 0 0
1042 65702 0 2147483647 0 0
1043 65701 0 2147483647 0 0
1044 65700 0 2147483647 0 0
1045 65736 0 2147483647 0 0
1046 65747 0 2147483647 0 0
1047 65746 0 2147483647 0 0
1048 65745 0 2147483647 0 0
1049 65744 0 2147483647 0 0
1050 65743 0 2147483647 0 0
1051 65742 0 2147483647 0 0
1052 65741 0 2147483647 0 0
1053 65740 0 2147483647 0 0
1054 65739 0 2147483647 0 0
1055 65738 0 2147483647 0 0
1056 65737 0 2147483647 0 0
1057 65699 0 2147483647 0 0
1058 65735 0 2147483647 0 0
1059 65734 0 2147483647 0 0
1060 65733 0 2147483647 0 0
1061 65732 0 2147483647 0 0
1062 65731 0 2147483647 0 0
1063 65730 0 2147483647 0 0
1064 65729 0 2147483647 0 0
1065 65728 0 2147483647 0 0
1066 65727 0 2147483647 0 0
1067 65726 0 2147483647 0 0
1068 65725 0 2147483647 0 0
1069 65663 0 2147483647 0 0
1070 65674 0 2147483647 0 0
1071 65673 0 2147483647 0 0
1072 65672 0 2147483647 0 0
1073 65671 0 2147483647 0 0
1074 65670 0 2147483647 0 0
1075 65669 0 2147483647 0 0
1076 65668 0 2147483647 0 0
1077 65667 0 2147483647 0 0
1078 65666 0 2147483647 0 0
1079 65665 0 2147483647 0 0
1080 65664 0 2147483647 0 0
1081 65675 0 2147483647 0 0
1082 65662 0 2147483647 0 0
1083 65661 0 2147483647 0 0
1084 65660 0 2147483647 0 0
1085 65659 0 2147483647 0 0
1086 65658 0 2147483647 0 0
1087 65657 0 2147483647 0 0
1088 65656 0 2147483647 0 0
1089 65655 0 2147483647 0 0
1090 65654 0 2147483647 0 0
1091 65653 0 2147483647 0 0
1092 65652 0 2147483647 0 0
1093 65687 0 2147483647 0 0
1094 65698 0 2147483647 0 0
1095 65697 0 2147483647 0 0
1096 65696 0 2147483647 0 0
1097 65695 0 2147483647 0 0
1098 65694 0 2147483647 0 0
1099 65693 0 2147483647 0 0
1100 65692 0 2147483647 0 0
1101 65691 0 2147483647 0 0
1102 65690 0 2147483647 0 0
1103 65689 0 2147483647 0 0
1104 65688 0 2147483647 0 0
1105 65748 0 2147483647 0 0
1106 65686 0 2147483647 0 0
1107 65685 0 2147483647 0 0
1108 65684 0 2147483647 0 0
1109 65683 0 2147483647 0 0
1110 65682 0 2147483647 0 0
1111 65681 0 2147483647 0 0
1112 65680 0 2147483647 0 0
1113 65679 0 2147483647 0 0
1114 65678 0 2147483647 0 0
1115 65677 0 2147483647 0 0
1116 65676 0 2147483647 0 0
1117 65808 0 2147483647 0 0
1118 65820 0 2147483647 0 0
1119 65819 0 2147483647 0 0
1120 65818 0 2147483647 0 0
1121 65817 0 2147483647 0 0
1122 65816 0 2147483647 0 0
1123 65815 0 2147483647 0 0
1124 65814 0 2147483647 0 0
1125 65813 0 2147483647 0 0
1126 65812 0 2147483647 0 0
1127 65811 0 2147483647 0 0
1128 65810 0 2147483647 0 0
1129 65809 0 2147483647 0 0
1130 65821 0 2147483647 0 0
1131 65807 0 2147483647 0 0
1132 65806 0 2147483647 0 0
1133 65805 0 2147483647 0 0
1134 65804 0 2147483647 0 0
1135 65803 0 2147483647 0 0
1136 65802 0 2147483647 0 0
1137 65801 0 2147483647 0 0
1138 65800 0 2147483647 0 0
1139 65799 0 2147483647 0 0
1140 65798 0 2147483647 0 0
1141 65797 0 2147483647 0 0
1142 65833 0 2147483647 0 0
1143 65844 0 2147483647 0 0
1144 65843 0 2147483647 0 0
1145 65842 0 2147483647 0 0
1146 65841 0 2147483647 0 0
1147 65840 0 2147483647 0 0
1148 65839 0 2147483647 0 0
1149 65838 0 2147483647 0 0
1150 65837 0 2147483647 0 0
1151 65836 0 2147483647 0 0
1152 65835 0 2147483647 0 0
1153 65834 0 2147483647 0 0
1154 65796 0 2147483647 0 0
1155 65832 0 2147483647 0 0
1156 65831 0 2147483647 0 0
1157 65830 0 2147483647 0 0
1158 65829 0 2147483647 0 0
1159 65828 0 2147483647 0 0
1160 65827 0 2147483647 0 0
1161 65826 0 2147483647 0 0
1162 65825 0 2147483647 0 0
1163 65824 0 2147483647 0 0
1164 65823 0 2147483647 0 0
1165 65822 0 2147483647 0 0
1166 65760 0 2147483647 0 0
1167 65771 0 2147483647 0 0
1168 65770 0 2147483647 0 0
1169 65769 0 2147483647 0 0
1170 65768 0 2147483647 0 0
1171 65767 0 2147483647 0 0
1172 65766 0 2147483647 0 0
1173 65765 0 2147483647 0 0
1174 65764 0 2147483647 0 0
1175 65763 0 2147483647 0 0
1176 65762 0 2147483647 0 0
1177 65761 0 2147483647 0 0
1178 65772 0 2147483647 0 0
1179 65759 0 2147483647 0 0
1180 65758 0 2147483647 0 0
1181 65757 0 2147483647 0 0
1182 65756 0 2147483647 0 0
1183 65755 0 2147483647 0 0
1184 65754 0 2147483647 0 0
1185 65753 0 2147483647 0 0
1186 65752 0 2147483647 0 0
1187 65751 0 2147483647 0 0
1188 65750 0 2147483647 0 0
1189 65749 0 2147483647 0 0
1190 65784 0 2147483647 0 0
1191 65795 0 2147483647 0 0
1192 65794 0 2147483647 0 0
1193 65793 0 2147483647 0 0
1194 65792 0 2147483647 0 0
1195 65791 0 2147483647 0 0
1196 65790 0 2147483647 0 0
1197 65789 0 2147483647 0 0
1198 65788 0 2147483647 0 0
1199 65787 0 2147483647 0 0
1200 65786 0 2147483647 0 0
1201 65785 0 2147483647 0 0
1202 66040 0 2147483647 0 0
1203 65783 0 2147483647 0 0
1204 65782 0 2147483647 0 0
1205 65781 0 2147483647 0 0
1206 65780 0 2147483647 0 0
1207 65779 0 2147483647 0 0
1208 65778 0 2147483647 0 0
1209 65777 0 2147483647 0 0
1210 65776 0 2147483647 0 0
1211 65775 0 2147483647 0 0
1212 65774 0 2147483647 0 0
1213 65773 0 2147483647 0 0
1214 66295 0 2147483647 0 0
1215 66307 0 2147483647 0 0
1216 66306 0 2147483647 0 0
1217 66305 0 2147483647 0 0
1218 66304 0 2147483647 0 0
1219 66303 0 2147483647 0 0
1220 66302 0 2147483647 0 0
1221 66301 0 2147483647 0 0
1222 66300 0 2147483647 0 0
1223 66299 0 2147483647 0 0
1224 66298 0 2147483647 0 0
1225 66297 0 2147483647 0 0
1226 66296 0 2147483647 0 0
1227 66308 0 2147483647 0 0
1228 66294 0 2147483647 0 0
1229 66293 0 2147483647 0 0
1230 66292 0 2147483647 0 0
1231 66291 0 2147483647 0 0
1232 66290 0 2147483647 0 0
1233 66289 0 2147483647 0 0
1234 66288 0 2147483647 0 0
1235 66287 0 2147483647 0 0
1236 66286 0 2147483647 0 0
1237 66285 0 2147483647 0 0
1238 66284 0 2147483647 0 0
1239 66320 0 2147483647 0 0
1240 66331 0 2147483647 0 0
1241 66330 0 2147483647 0 0
1242 66329 0 2147483647 0 0
1243 66328 0 2147483647 0 0
1244 66327 0 2147483647 0 0
1245 66326 0 2147483647 0 0
1246 66325 0 2147483647 0 0
1247 66324 0 2147483647 0 0
1248 66323 0 2147483647 0 0
1249 66322 0 2147483647 0 0
1250 66321 0 2147483647 0 0
1251 66283 0 2147483647 0 0
1252 66319 0 2147483647 0 0
1253 66318 0 2147483647 0 0
1254 66317 0 2147483647 0 0
1255 66316 0 2147483647 0 0
1256 66315 0 2147483647 0 0
1257 66314 0 2147483647 0 0
1258 66313 0 2147483647 0 0
1259 66312 0 2147483647 0 0
1260 66311 0 2147483647 0 0
1261 66310 0 2147483647 0 0
1262 66309 0 2147483647 0 0
1263 66246 0 2147483647 0 0
1264 66258 0 2147483647 0 0
1265 66257 0 2147483647 0 0
1266 66256 0 2147483647 0 0
1267 66255 0 2147483647 0 0
1268 66254 0 2147483647 0 0
1269 66253 0 2147483647 0 0
1270 66252 0 2147483647 0 0
1271 66251 0 2147483647 0 0
1272 66250 0 4294967295 0 0
1273 66249 0 4294967295 0 0
1274 66248 0 4294967295 0 0
1275 66247 0 4294967295 0 0
1276 66259 0 4294967295 0 0
1277 66245 0 4294967295 0 0
1278 66244 0 4294967295 0 0
1279 66243 0 4294967295 0 0
1280 66242 0 4294967295 0 0
1281 66241 0 4294967295 0 0
1282 66240 0 4294967295 0 0
1283 66239 0 4294967295 0 0
1284 66238 0 4294967295 0 0
1285 66237 0 4294967295 0 0
1286 66236 0 4294967295 0 0
1287 66235 0 4294967295 0 0
1288 66271 0 4294967295 0 0
1289 66282 0 4294967295 0 0
1290 66281 0 4294967295 0 0
1291 66280 0 4294967295 0 0
1292 66279 0 4294967295 0 0
1293 66278 0 4294967295 0 0
1294 66277 0 4294967295 0 0
1295 66276 0 4294967295 0 0
1296 66275 0 4294967295 0 0
1297 66274 0 4294967295 0 0
1298 66273 0 4294967295 0 0
1299 66272 0 4294967295 0 0
1300 66332 0 4294967295 0 0
1301 66270 0 4294967295 0 0
1302 66269 0 4294967295 0 0
1303 66268 0 4294967295 0 0
1304 66267 0 4294967295 0 0
1305 66266 0 4294967295 0 0
1306 66265 0 4294967295 0 0
1307 66264 0 4294967295 0 0
1308 66263 0 4294967295 0 0
1309 66262 0 4294967295 0 0
1310 66261 0 4294967295 0 0
1311 66260 0 4294967295 0 0
1312 66393 0 4294967295 0 0
1313 66405 0 4294967295 0 0
1314 66404 0 4294967295 0 0
1315 66403 0 4294967295 0 0
1316 66402 0 4294967295 0 0
1317 66401 0 4294967295 0 0
1318 66400 0 4294967295 0 0
1319 66399 0 4294967295 0 0
1320 66398 0 4294967295 0 0
1321 66397 0 4294967295 0 0
1322 66396 0 4294967295 0 0
1323 66395 0 4294967295 0 0
1324 66394 0 4294967295 0 0
1325 67197 0 4294967295 0 0
1326 66392 0 4294967295 0 0
1327 66391 0 4294967295 0 0
1328 66390 0 4294967295 0 0
1329 66389 0 4294967295 0 0
1330 66388 0 4294967295 0 0
1331 66387 0 4294967295 0 0
1332 66386 0 4294967295 0 0
1333 66385 0 4294967295 0 0
1334 66384 0 4294967295 0 0
1335 66383 0 4294967295 0 0
1336 66382 0 4294967295 0 0
1337 66418 0 4294967295 0 0
1338 66429 0 4294967295 0 0
1339 66428 0 4294967295 0 0
1340 66427 0 4294967295 0 0
1341 66426 0 4294967295 0 0
1342 66425 0 4294967295 0 0
1343 66424 0 4294967295 0 0
1344 66423 0 4294967295 0 0
1345 66422 0 4294967295 0 0
1346 66421 0 4294967295 0 0
1347 66420 0 4294967295 0 0
1348 66419 0 4294967295 0 0
1349 66381 0 4294967295 0 0
1350 66417 0 4294967295 0 0
1351 66416 0 4294967295 0 0
1352 66415 0 4294967295 0 0
1353 66414 0 4294967295 0 0
1354 66413 0 4294967295 0 0
1355 66412 0 4294967295 0 0
1356 66411 0 4294967295 0 0
1357 66410 0 4294967295 0 0
1358 66409 0 4294967295 0 0
1359 66408 0 4294967295 0 0
1360 66407 0 4294967295 0 0
1361 66344 0 4294967295 0 0
1362 66355 0 4294967295 0 0
1363 66354 0 4294967295 0 0
1364 66353 0 4294967295 0 0
1365 66352 0 4294967295 0 0
1366 66351 0 4294967295 0 0
1367 66350 0 4294967295 0 0
1368 66349 0 4294967295 0 0
1369 66348 0 4294967295 0 0
1370 66347 0 4294967295 0 0
1371 66346 0 4294967295 0 0
1372 66345 0 4294967295 0 0
