99850 55555 0.000010
0 42270 60793 42270 60793 1
1 60300 15198 60300 15198 1
2 66376 6755 66376 6755 1
3 85945 3800 85945 3800 1
4 84423 2432 84423 2432 1
5 17885 1689 17885 1689 1
6 62778 1241 62778 1241 1
7 14493 950 14493 950 1
8 5318 751 5318 751 1
9 9 608 9 608 1
10 54058 502 54058 502 1
11 60340 422 60340 422 1
12 77541 360 77541 360 1
13 6583 310 6583 310 1
14 27529 270 27529 270 1
15 52418 237 52418 237 1
16 16 210 16 210 1
17 9886 188 9886 188 1
18 18 168 18 168 1
19 22472 152 22472 152 1
20 55231 138 55231 138 1
21 8177 126 8177 126 1
22 22 115 22 115 1
23 35955 106 35955 106 1
24 71705 97 71705 97 1
25 69236 90 69236 90 1
26 80417 83 80417 83 1
27 16159 78 16159 78 1
28 4269 72 4269 72 1
29 90048 68 90048 68 1
30 2968 63 2968 63 1
31 25782 59 25782 59 1
32 43272 56 43272 56 1
33 34929 53 34929 53 1
34 56385 50 56385 50 1
35 35559 47 35559 47 1
36 36 44 36 44 1
37 37 42 37 42 1
38 75726 40 75726 40 1
39 46322 38 46322 38 1
40 46789 36 46789 36 1
41 41 34 41 34 1
42 24550 33 24550 33 1
43 67636 31 67636 31 1
44 85412 30 85412 30 1
45 40176 29 40176 29 1
46 26692 28 26692 28 1
47 740 26 740 26 1
48 96250 25 96250 25 1
49 14700 24 14700 24 1
50 99748 23 99748 23 1
51 87164 22 77417 22 0
52 77417 22 87164 22 0
53 98185 21 98185 21 1
54 1100 20 1100 20 1
55 72405 19 69394 19 0
56 69394 19 72405 19 0
57 96492 18 96492 18 1
58 39154 17 30787 17 0
59 30787 17 39154 17 0
60 71969 16 71969 16 1
61 73307 16 73307 16 1
62 45410 15 45410 15 1
63 19606 15 19606 15 1
64 31549 14 33551 14 0
65 33551 14 31549 14 0
66 40786 14 40786 14 1
67 30013 13 30013 13 1
68 67 13 67 13 1
69 17862 12 2142 12 0
70 71 12 71 12 1
71 2142 12 17862 12 0
72 73 11 75 11 0
73 23038 11 23038 11 1
74 75 11 21340 11 0
75 21340 11 73 11 0
76 84167 10 33580 10 0
77 33580 10 84167 10 0
78 74044 10 74044 10 1
79 52890 9 16330 9 0
80 54044 9 85240 9 0
81 85240 9 54044 9 0
82 16330 9 52890 9 0
83 48290 9 48290 9 1
84 35099 8 61423 8 0
85 24939 8 74550 8 0
86 74550 8 35099 8 0
87 19870 8 30852 8 0
88 30852 8 24939 8 0
89 61423 8 19870 8 0
90 98091 7 69704 7 0
91 12572 7 12572 7 1
92 95200 7 11434 7 0
93 99457 7 99457 7 1
94 69704 7 98091 7 0
95 11434 7 95200 7 0
96 46139 6 51730 6 0
97 5152 6 39313 6 0
98 103 6 95781 6 0
99 48968 6 5152 6 0
100 8569 6 8569 6 1
101 88333 6 103 6 0
102 51730 6 48968 6 0
103 95781 6 46139 6 0
104 39313 6 88333 6 0
105 66672 5 66672 5 1
106 88182 5 15798 5 0
107 1637 5 16360 5 0
108 15798 5 105 5 0
109 8648 5 8648 5 1
110 55721 5 1637 5 0
111 106 5 26441 5 0
112 105 5 3381 5 0
113 16360 5 88182 5 0
114 3381 5 55721 5 0
115 26441 5 106 5 0
116 43980 4 43980 4 1
117 56751 4 20222 4 0
118 1093 4 97706 4 0
119 10894 4 10894 4 1
120 128 4 56751 4 0
121 55623 4 128 4 0
122 8673 4 8673 4 1
123 27981 4 49792 4 0
124 119 4 119 4 1
125 85063 4 85063 4 1
126 49792 4 55623 4 0
127 82491 4 1093 4 0
128 97706 4 27981 4 0
129 61278 4 82491 4 0
130 20222 4 61278 4 0
131 62895 3 85324 3 0
132 148 3 93005 3 0
133 149 3 36439 3 0
134 150 3 135 3 0
135 80299 3 42595 3 0
136 92463 3 92463 3 1
137 51947 3 25469 3 0
138 93005 3 62895 3 0
139 58504 3 80218 3 0
140 25469 3 20653 3 0
141 80218 3 80299 3 0
142 62430 3 38824 3 0
143 63278 3 148 3 0
144 48275 3 51947 3 0
145 36439 3 23375 3 0
146 38824 3 149 3 0
147 29269 3 140 3 0
148 85324 3 150 3 0
149 33073 3 58504 3 0
150 23375 3 63278 3 0
151 20653 3 62430 3 0
152 42595 3 48275 3 0
153 135 3 29269 3 0
154 140 3 33073 3 0
155 26873 2 17643 2 0
156 41881 2 65159 2 0
157 10386 2 158 2 0
158 10455 2 41881 2 0
159 10204 2 10455 2 0
160 185 2 86208 2 0
161 86661 2 85117 2 0
162 10550 2 43938 2 0
163 29270 2 62368 2 0
164 190 2 41706 2 0
165 21088 2 86661 2 0
166 65309 2 185 2 0
167 194 2 97087 2 0
168 86208 2 67870 2 0
169 196 2 26873 2 0
170 17643 2 170 2 0
171 91813 2 32173 2 0
172 13463 2 36235 2 0
173 67870 2 9573 2 0
174 69204 2 29270 2 0
175 4428 2 78871 2 0
176 78871 2 79002 2 0
177 37048 2 10204 2 0
178 79002 2 194 2 0
179 17398 2 10386 2 0
180 32173 2 10550 2 0
181 36077 2 196 2 0
182 41706 2 37048 2 0
183 9573 2 4428 2 0
184 1841 2 72834 2 0
185 158 2 77009 2 0
186 36235 2 1841 2 0
187 65159 2 21088 2 0
188 67806 2 69204 2 0
189 43938 2 95800 2 0
190 46480 2 50831 2 0
191 95800 2 46480 2 0
192 170 2 17398 2 0
193 58915 2 65309 2 0
194 49812 2 91813 2 0
195 77009 2 67806 2 0
196 72834 2 36077 2 0
197 50831 2 13463 2 0
198 97087 2 190 2 0
199 62368 2 49812 2 0
200 85117 2 58915 2 0
201 278 1 61069 1 0
202 769 1 20562 1 0
203 29622 1 50418 1 0
204 298 1 66108 1 0
205 346 1 30525 1 0
206 326 1 15283 1 0
207 57836 1 469 1 0
208 11191 1 80180 1 0
209 22580 1 5621 1 0
210 10444 1 18199 1 0
211 343 1 47706 1 0
212 61181 1 46900 1 0
213 31698 1 7700 1 0
214 73111 1 61351 1 0
215 303 1 39915 1 0
216 21688 1 68257 1 0
217 74688 1 69288 1 0
218 61351 1 68928 1 0
219 7700 1 769 1 0
220 44145 1 21477 1 0
221 30157 1 44145 1 0
222 66108 1 73111 1 0
223 469 1 274 1 0
224 45834 1 3796 1 0
225 34960 1 74186 1 0
226 15283 1 91900 1 0
227 27959 1 62684 1 0
228 13116 1 91258 1 0
229 6869 1 64624 1 0
230 27954 1 79737 1 0
231 74522 1 58772 1 0
232 27829 1 66048 1 0
233 19215 1 45510 1 0
234 29477 1 232 1 0
235 59983 1 24309 1 0
236 69288 1 58271 1 0
237 64624 1 13045 1 0
238 53863 1 93745 1 0
239 21477 1 4794 1 0
240 28807 1 18618 1 0
241 68257 1 65864 1 0
242 18294 1 82239 1 0
243 95633 1 53253 1 0
244 38788 1 95902 1 0
245 52866 1 45672 1 0
246 20005 1 925 1 0
247 3796 1 42019 1 0
248 76948 1 97639 1 0
249 95774 1 21688 1 0
250 50418 1 30157 1 0
251 92282 1 11748 1 0
252 45123 1 17784 1 0
253 10107 1 45834 1 0
254 11978 1 95759 1 0
255 70068 1 278 1 0
256 16765 1 20005 1 0
257 7762 1 92282 1 0
258 95759 1 69480 1 0
259 17784 1 29477 1 0
260 66048 1 46074 1 0
261 58271 1 19215 1 0
262 18199 1 79988 1 0
263 18162 1 99835 1 0
264 63263 1 59983 1 0
265 11308 1 23289 1 0
266 56794 1 47021 1 0
267 13045 1 326 1 0
268 87796 1 31698 1 0
269 45672 1 73148 1 0
270 49707 1 236 1 0
271 80180 1 10107 1 0
272 28725 1 12782 1 0
273 89388 1 80306 1 0
274 91741 1 16765 1 0
275 59812 1 71065 1 0
276 79988 1 32814 1 0
277 58772 1 20517 1 0
278 95902 1 74522 1 0
279 47021 1 303 1 0
280 91900 1 6869 1 0
281 219 1 18162 1 0
282 69480 1 34960 1 0
283 20517 1 346 1 0
284 18652 1 95774 1 0
285 87496 1 27829 1 0
286 71798 1 23339 1 0
287 15750 1 8036 1 0
288 45510 1 248 1 0
289 78187 1 29622 1 0
290 13444 1 22580 1 0
291 232 1 28725 1 0
292 42019 1 18294 1 0
293 73148 1 11978 1 0
294 12796 1 59812 1 0
295 236 1 18652 1 0
296 93745 1 88217 1 0
297 55484 1 343 1 0
298 42071 1 13526 1 0
299 925 1 42071 1 0
300 13526 1 7762 1 0
301 71065 1 13116 1 0
302 21972 1 74688 1 0
303 20562 1 87496 1 0
304 62684 1 55484 1 0
305 46900 1 39163 1 0
306 23339 1 63263 1 0
307 39163 1 99889 1 0
308 88217 1 11308 1 0
309 61069 1 20623 1 0
310 57425 1 89388 1 0
311 56590 1 87796 1 0
312 65864 1 219 1 0
313 99835 1 57425 1 0
314 46074 1 13444 1 0
315 80306 1 91741 1 0
316 87243 1 52866 1 0
317 30525 1 45123 1 0
318 74186 1 90689 1 0
319 4215 1 12796 1 0
320 210 1 49707 1 0
321 23289 1 57836 1 0
322 4794 1 87243 1 0
323 53253 1 53863 1 0
324 91258 1 21972 1 0
325 59436 1 78187 1 0
326 79737 1 4215 1 0
327 47706 1 298 1 0
328 12782 1 28807 1 0
329 5621 1 210 1 0
330 68928 1 56590 1 0
331 18618 1 27959 1 0
332 99889 1 70068 1 0
333 82239 1 11191 1 0
334 264 1 264 1 1
335 90689 1 76948 1 0
336 99991 1 24938 1 0
337 18042 1 10444 1 0
338 24309 1 59436 1 0
339 97639 1 99991 1 0
340 8036 1 56794 1 0
341 32814 1 38788 1 0
342 274 1 18042 1 0
343 11748 1 15750 1 0
344 39915 1 95633 1 0
345 20623 1 71798 1 0
346 24938 1 61181 1 0
347 248 1 27954 1 0
348 66741 0 4294967295 0 0
349 66579 0 4294967295 0 0
350 66564 0 4294967295 0 0
351 66718 0 4294967295 0 0
352 66736 0 4294967295 0 0
353 66563 0 4294967295 0 0
354 66719 0 4294967295 0 0
355 66562 0 4294967295 0 0
356 66737 0 4294967295 0 0
357 66578 0 4294967295 0 0
358 66531 0 4294967295 0 0
359 66738 0 4294967295 0 0
360 66740 0 4294967295 0 0
361 66739 0 4294967295 0 0
362 66580 0 4294967295 0 0
363 66733 0 4294967295 0 0
364 66561 0 4294967295 0 0
365 66572 0 4294967295 0 0
366 66574 0 4294967295 0 0
367 66727 0 4294967295 0 0
368 66573 0 4294967295 0 0
369 66575 0 4294967295 0 0
370 66726 0 4294967295 0 0
371 66728 0 4294967295 0 0
372 66725 0 4294967295 0 0
373 66729 0 4294967295 0 0
374 66724 0 4294967295 0 0
375 66730 0 4294967295 0 0
376 66723 0 4294967295 0 0
377 66731 0 4294967295 0 0
378 66722 0 4294967295 0 0
379 66565 0 4294967295 0 0
380 66571 0 4294967295 0 0
381 66721 0 4294967295 0 0
382 66720 0 4294967295 0 0
383 66570 0 4294967295 0 0
384 66569 0 4294967295 0 0
385 66568 0 4294967295 0 0
386 66732 0 4294967295 0 0
387 66567 0 4294967295 0 0
388 66576 0 4294967295 0 0
389 66566 0 4294967295 0 0
390 66734 0 4294967295 0 0
391 66577 0 4294967295 0 0
392 66735 0 4294967295 0 0
393 66538 0 4294967295 0 0
394 66537 0 4294967295 0 0
395 66768 0 4294967295 0 0
396 66767 0 4294967295 0 0
397 66766 0 4294967295 0 0
398 66765 0 4294967295 0 0
399 66764 0 4294967295 0 0
400 66763 0 4294967295 0 0
401 66762 0 4294967295 0 0
402 66769 0 4294967295 0 0
403 66539 0 4294967295 0 0
404 66761 0 4294967295 0 0
405 66760 0 4294967295 0 0
406 66759 0 4294967295 0 0
407 66758 0 4294967295 0 0
408 66757 0 4294967295 0 0
409 66540 0 4294967295 0 0
410 66775 0 4294967295 0 0
411 66630 0 4294967295 0 0
412 66532 0 4294967295 0 0
413 66533 0 4294967295 0 0
414 66779 0 4294967295 0 0
415 66778 0 4294967295 0 0
416 66534 0 4294967295 0 0
417 66777 0 4294967295 0 0
418 66776 0 4294967295 0 0
419 66541 0 4294967295 0 0
420 66535 0 4294967295 0 0
421 66774 0 4294967295 0 0
422 66536 0 4294967295 0 0
423 66773 0 4294967295 0 0
424 66772 0 4294967295 0 0
425 66771 0 4294967295 0 0
426 66770 0 4294967295 0 0
427 66555 0 4294967295 0 0
428 66749 0 4294967295 0 0
429 66552 0 4294967295 0 0
430 66748 0 4294967295 0 0
431 66747 0 4294967295 0 0
432 66553 0 4294967295 0 0
433 66554 0 4294967295 0 0
434 66746 0 4294967295 0 0
435 66745 0 4294967295 0 0
436 66750 0 4294967295 0 0
437 66556 0 4294967295 0 0
438 66744 0 4294967295 0 0
439 66557 0 4294967295 0 0
440 66558 0 4294967295 0 0
441 66559 0 4294967295 0 0
442 66743 0 4294967295 0 0
443 66560 0 4294967295 0 0
444 66547 0 4294967295 0 0
445 66542 0 4294967295 0 0
446 66543 0 4294967295 0 0
447 66544 0 4294967295 0 0
448 66545 0 4294967295 0 0
