999918 55555 0.000010
0 713165 745441 713165 745441 1
1 1 131777 1 131777 1
2 500475 47820 500475 47820 1
3 43295 23295 43295 23295 1
4 288337 13335 288337 13335 1
5 5 8453 5 8453 1
6 811995 5750 811995 5750 1
7 581037 4118 581037 4118 1
8 422708 3068 422708 3068 1
9 454023 2357 454023 2357 1
10 344854 1858 344854 1858 1
11 162370 1494 162370 1494 1
12 656366 1223 656366 1223 1
13 13 1016 13 1016 1
14 151953 855 151953 855 1
15 374059 728 374059 728 1
16 279048 626 279048 626 1
17 278961 542 278961 542 1
18 806435 474 806435 474 1
19 603003 417 603003 417 1
20 549444 369 549444 369 1
21 831846 328 831846 328 1
22 967024 294 967024 294 1
23 313696 264 313696 264 1
24 183943 239 183943 239 1
25 604339 216 604339 216 1
26 729111 197 729111 197 1
27 472803 180 472803 180 1
28 835493 165 835493 165 1
29 338292 151 338292 151 1
30 582955 139 582955 139 1
31 809067 129 809067 129 1
32 711224 119 711224 119 1
33 677947 111 677947 111 1
34 330585 103 330585 103 1
35 314060 96 314060 96 1
36 610297 90 610297 90 1
37 37 84 37 84 1
38 533212 78 533212 78 1
39 452801 74 452801 74 1
40 730035 69 730035 69 1
41 735519 65 735519 65 1
42 638830 61 638830 61 1
43 234666 58 234666 58 1
44 497622 55 497622 55 1
45 292877 52 292877 52 1
46 60041 49 60041 49 1
47 966109 47 966109 47 1
48 388464 44 388464 44 1
49 893567 42 893567 42 1
50 202603 40 202603 40 1
51 321680 38 321680 38 1
52 819512 36 819512 36 1
53 743624 35 743624 35 1
54 341525 33 341525 33 1
55 943515 32 943515 32 1
56 603924 30 603924 30 1
57 650301 29 650301 29 1
58 397442 28 397442 28 1
59 843347 27 843347 27 1
60 327852 26 327852 26 1
61 158612 25 158612 25 1
62 62 24 62 24 1
63 213133 23 213133 23 1
64 127067 22 127067 22 1
65 780651 21 780651 21 1
66 280093 20 280093 20 1
67 67 20 67 20 1
68 945426 19 945426 19 1
69 787035 18 274045 18 0
70 274045 18 787035 18 0
71 644947 17 644947 17 1
72 349707 16 349707 16 1
73 442676 16 442676 16 1
74 856802 15 661175 15 0
75 661175 15 856802 15 0
76 98308 14 92754 14 0
77 92754 14 98308 14 0
78 534864 13 878755 13 0
79 110375 13 110375 13 1
80 878755 13 534864 13 0
81 80387 12 80387 12 1
82 81 12 81 12 1
83 725410 12 725410 12 1
84 84 11 84 11 1
85 279584 11 279584 11 1
86 844980 11 844980 11 1
87 796821 10 796821 10 1
88 829107 10 73134 10 0
89 73134 10 829107 10 0
90 729218 9 4294967295 0 0
91 92 9 4294967295 0 0
92 695804 9 4294967295 0 0
93 198636 9 4294967295 0 0
94 302259 8 4294967295 0 0
95 872422 8 4294967295 0 0
96 903922 8 4294967295 0 0
97 602385 8 4294967295 0 0
98 316664 8 4294967295 0 0
99 30473 7 4294967295 0 0
100 954359 7 4294967295 0 0
101 97170 7 4294967295 0 0
102 132561 7 4294967295 0 0
103 75820 7 4294967295 0 0
104 989941 7 4294967295 0 0
105 179039 6 4294967295 0 0
106 106 6 4294967295 0 0
107 998207 6 4294967295 0 0
108 262174 6 4294967295 0 0
109 109 6 4294967295 0 0
110 90009 6 4294967295 0 0
111 858196 6 4294967295 0 0
112 121 5 4294967295 0 0
113 814608 5 4294967295 0 0
114 415985 5 4294967295 0 0
115 296578 5 4294967295 0 0
116 114 5 4294967295 0 0
117 469239 5 4294967295 0 0
118 315324 5 4294967295 0 0
119 426633 5 4294967295 0 0
120 257854 5 4294967295 0 0
121 892275 5 4294967295 0 0
122 648635 4 4294967295 0 0
123 885806 4 4294967295 0 0
124 617842 4 4294967295 0 0
125 687311 4 4294967295 0 0
126 570238 4 4294967295 0 0
127 306864 4 4294967295 0 0
128 69043 4 4294967295 0 0
129 312915 4 4294967295 0 0
130 74424 4 4294967295 0 0
131 63803 4 4294967295 0 0
132 128256 4 4294967295 0 0
133 348451 4 4294967295 0 0
134 441682 4 4294967295 0 0
135 540292 3 4294967295 0 0
136 380355 3 4294967295 0 0
137 790478 3 4294967295 0 0
138 793576 3 4294967295 0 0
139 995672 3 4294967295 0 0
140 911927 3 4294967295 0 0
141 153 3 4294967295 0 0
142 150 3 4294967295 0 0
143 146225 3 4294967295 0 0
144 211892 3 4294967295 0 0
145 471589 3 4294967295 0 0
146 145 3 4294967295 0 0
147 426568 3 4294967295 0 0
148 640739 3 4294967295 0 0
149 878886 3 4294967295 0 0
150 876644 3 4294967295 0 0
151 179885 3 4294967295 0 0
152 817945 3 4294967295 0 0
153 374984 3 4294967295 0 0
154 721413 2 4294967295 0 0
155 730161 2 4294967295 0 0
156 635963 2 4294967295 0 0
157 820046 2 4294967295 0 0
158 173 2 4294967295 0 0
159 497674 2 4294967295 0 0
160 156 2 4294967295 0 0
161 26171 2 4294967295 0 0
162 576931 2 4294967295 0 0
163 179 2 4294967295 0 0
164 184 2 4294967295 0 0
165 776140 2 4294967295 0 0
166 877924 2 4294967295 0 0
167 164566 2 4294967295 0 0
168 680959 2 4294967295 0 0
169 878899 2 4294967295 0 0
170 480940 2 4294967295 0 0
171 168 2 4294967295 0 0
172 662150 2 4294967295 0 0
173 518378 2 4294967295 0 0
174 459490 2 4294967295 0 0
175 799755 2 4294967295 0 0
176 39874 2 4294967295 0 0
177 323799 2 4294967295 0 0
178 219357 2 4294967295 0 0
179 425619 2 4294967295 0 0
180 946002 2 4294967295 0 0
181 524508 2 4294967295 0 0
182 807154 2 4294967295 0 0
183 124395 2 4294967295 0 0
184 326861 2 4294967295 0 0
185 290246 2 4294967295 0 0
186 79313 2 4294967295 0 0
187 689381 2 4294967295 0 0
188 205864 2 4294967295 0 0
189 271 1 4294967295 0 0
190 809643 1 4294967295 0 0
