99968 55555 0.000010
0 42270 74544 42270 74544 1
1 60300 13178 60300 13178 1
2 66376 4782 66376 4782 1
3 85945 2330 85945 2330 1
4 84423 1333 84423 1333 1
5 17885 845 17885 845 1
6 62778 575 62778 575 1
7 14493 412 14493 412 1
8 5318 307 5318 307 1
9 9 236 9 236 1
10 54058 186 54058 186 1
11 60340 149 60340 149 1
12 77541 122 77541 122 1
13 6583 102 6583 102 1
14 27529 86 27529 86 1
15 52418 73 52418 73 1
16 16 63 16 63 1
17 9886 54 9886 54 1
18 18 47 18 47 1
19 22472 42 22472 42 1
20 55231 37 55231 37 1
21 8177 33 8177 33 1
22 22 29 22 29 1
23 35955 26 35955 26 1
24 71705 24 71705 24 1
25 69236 22 69236 22 1
26 80417 20 80417 20 1
27 16159 18 16159 18 1
28 4269 16 4269 16 1
29 90048 15 90048 15 1
30 2968 14 2968 14 1
31 25782 13 25782 13 1
32 43272 12 43272 12 1
33 34929 11 34929 11 1
34 35559 10 56385 10 0
35 56385 10 35559 10 0
36 36 9 36 9 1
37 75726 8 37 8 0
38 37 8 75726 8 0
39 46322 7 41 7 0
40 41 7 46789 7 0
41 46789 7 46322 7 0
42 67636 6 67636 6 1
43 24550 6 24550 6 1
44 85412 5 40176 5 0
45 26692 5 740 5 0
46 40176 5 26692 5 0
47 740 5 85412 5 0
48 77417 4 87164 4 0
49 87164 4 77417 4 0
50 96250 4 14700 4 0
51 14700 4 99748 4 0
52 99748 4 96250 4 0
53 72405 3 96492 3 0
54 1100 3 69394 3 0
55 96492 3 98185 3 0
56 73307 3 72405 3 0
57 69394 3 39154 3 0
58 30787 3 30787 3 1
59 98185 3 1100 3 0
60 39154 3 73307 3 0
61 33551 2 67 2 0
62 21340 2 71 2 0
63 30013 2 21340 2 0
64 45410 2 33551 2 0
65 19606 2 23038 2 0
66 73 2 2142 2 0
67 71969 2 40786 2 0
68 71 2 71969 2 0
69 40786 2 17862 2 0
70 67 2 30013 2 0
71 23038 2 19606 2 0
72 17862 2 31549 2 0
73 31549 2 73 2 0
74 2142 2 45410 2 0
75 74550 1 95200 1 0
76 55721 1 48290 1 0
77 95781 1 16330 1 0
78 19870 1 105 1 0
79 5152 1 75 1 0
80 51730 1 46139 1 0
81 1637 1 35099 1 0
82 103 1 74044 1 0
83 12572 1 55721 1 0
84 11434 1 74550 1 0
85 106 1 84167 1 0
86 105 1 48968 1 0
87 48290 1 69704 1 0
88 98091 1 99457 1 0
89 74044 1 11434 1 0
90 61423 1 66672 1 0
91 95200 1 16360 1 0
92 66672 1 103 1 0
93 35099 1 8569 1 0
94 15798 1 26441 1 0
95 69704 1 106 1 0
96 84167 1 10894 1 0
97 24939 1 51730 1 0
98 99457 1 3381 1 0
99 16330 1 15798 1 0
100 52890 1 85240 1 0
101 33580 1 52890 1 0
102 85240 1 95781 1 0
103 88182 1 12572 1 0
104 88333 1 19870 1 0
105 54044 1 88182 1 0
106 75 1 33580 1 0
107 8569 1 8648 1 0
108 39313 1 54044 1 0
109 16360 1 39313 1 0
110 10894 1 88333 1 0
111 30852 1 5152 1 0
112 46139 1 61423 1 0
113 8648 1 1637 1 0
114 3381 1 24939 1 0
115 48968 1 30852 1 0
116 26441 1 98091 1 0
117 66686 0 4294967295 0 0
118 66677 0 4294967295 0 0
119 66684 0 4294967295 0 0
120 66679 0 4294967295 0 0
121 66676 0 4294967295 0 0
122 66680 0 4294967295 0 0
123 66678 0 4294967295 0 0
124 66687 0 4294967295 0 0
125 66688 0 4294967295 0 0
126 66666 0 4294967295 0 0
127 66683 0 4294967295 0 0
128 66681 0 4294967295 0 0
129 66682 0 4294967295 0 0
130 66689 0 4294967295 0 0
131 66685 0 4294967295 0 0
132 66643 0 4294967295 0 0
133 66653 0 4294967295 0 0
134 66652 0 4294967295 0 0
135 66651 0 4294967295 0 0
136 66650 0 4294967295 0 0
137 66649 0 4294967295 0 0
138 66648 0 4294967295 0 0
139 66647 0 4294967295 0 0
140 66646 0 4294967295 0 0
141 66645 0 4294967295 0 0
142 66644 0 4294967295 0 0
143 66654 0 4294967295 0 0
144 66642 0 4294967295 0 0
145 66641 0 4294967295 0 0
146 66640 0 4294967295 0 0
147 66639 0 4294967295 0 0
148 66638 0 4294967295 0 0
149 66637 0 4294967295 0 0
150 66636 0 4294967295 0 0
151 66635 0 4294967295 0 0
152 66604 0 4294967295 0 0
153 66664 0 4294967295 0 0
154 66674 0 4294967295 0 0
155 66673 0 4294967295 0 0
156 66671 0 4294967295 0 0
157 66670 0 4294967295 0 0
158 66669 0 4294967295 0 0
159 66668 0 4294967295 0 0
160 66667 0 4294967295 0 0
161 66634 0 4294967295 0 0
162 66665 0 4294967295 0 0
163 66675 0 4294967295 0 0
164 66663 0 4294967295 0 0
165 66662 0 4294967295 0 0
166 66661 0 4294967295 0 0
167 66660 0 4294967295 0 0
168 66659 0 4294967295 0 0
169 66658 0 4294967295 0 0
170 66657 0 4294967295 0 0
171 66656 0 4294967295 0 0
172 66655 0 4294967295 0 0
173 66745 0 4294967295 0 0
174 66756 0 4294967295 0 0
175 66755 0 4294967295 0 0
176 66754 0 4294967295 0 0
177 66753 0 4294967295 0 0
178 66752 0 4294967295 0 0
179 66751 0 4294967295 0 0
180 66750 0 4294967295 0 0
181 66749 0 4294967295 0 0
182 66748 0 4294967295 0 0
183 66747 0 4294967295 0 0
184 66746 0 4294967295 0 0
185 66757 0 4294967295 0 0
186 66744 0 4294967295 0 0
187 66743 0 4294967295 0 0
188 66742 0 4294967295 0 0
189 66741 0 4294967295 0 0
190 66740 0 4294967295 0 0
191 66739 0 4294967295 0 0
192 66738 0 4294967295 0 0
193 66737 0 4294967295 0 0
194 66736 0 4294967295 0 0
195 66735 0 4294967295 0 0
196 66768 0 4294967295 0 0
197 66778 0 4294967295 0 0
198 66777 0 4294967295 0 0
199 66776 0 4294967295 0 0
200 66775 0 4294967295 0 0
201 66774 0 4294967295 0 0
202 66773 0 4294967295 0 0
203 66772 0 4294967295 0 0
204 66771 0 4294967295 0 0
205 66770 0 4294967295 0 0
206 66769 0 4294967295 0 0
207 66734 0 4294967295 0 0
208 66767 0 4294967295 0 0
209 66766 0 4294967295 0 0
210 66765 0 4294967295 0 0
211 66764 0 4294967295 0 0
212 66763 0 4294967295 0 0
213 66762 0 4294967295 0 0
214 66761 0 4294967295 0 0
215 66760 0 4294967295 0 0
216 66759 0 4294967295 0 0
217 66758 0 4294967295 0 0
