99990 55555 0.000010
0 42270 83191 42270 83191 1
1 60300 10399 60300 10399 1
2 66376 3081 66376 3081 1
3 85945 1300 85945 1300 1
4 84423 666 84423 666 1
5 17885 385 17885 385 1
6 62778 243 62778 243 1
7 14493 162 14493 162 1
8 5318 114 5318 114 1
9 9 83 9 83 1
10 54058 63 54058 63 1
11 60340 48 60340 48 1
12 77541 38 77541 38 1
13 6583 30 6583 30 1
14 27529 25 27529 25 1
15 52418 20 52418 20 1
16 16 17 16 17 1
17 9886 14 9886 14 1
18 18 12 18 12 1
19 22472 10 22472 10 1
20 55231 9 55231 9 1
21 8177 8 8177 8 1
22 22 7 22 7 1
23 35955 6 35955 6 1
24 69236 5 69236 5 1
25 71705 5 71705 5 1
26 16159 4 16159 4 1
27 80417 4 80417 4 1
28 90048 3 25782 3 0
29 25782 3 4269 3 0
30 2968 3 2968 3 1
31 4269 3 90048 3 0
32 35559 2 43272 2 0
33 34929 2 34929 2 1
34 56385 2 35559 2 0
35 43272 2 36 2 0
36 36 2 56385 2 0
37 37 2 37 2 1
38 99748 1 40176 1 0
39 77417 1 46322 1 0
40 26692 1 99748 1 0
41 46322 1 26692 1 0
42 67636 1 41 1 0
43 46789 1 24550 1 0
44 40176 1 740 1 0
45 75726 1 85412 1 0
46 24550 1 98185 1 0
47 740 1 87164 1 0
48 41 1 1100 1 0
49 87164 1 96250 1 0
50 85412 1 46789 1 0
51 14700 1 75726 1 0
52 96250 1 14700 1 0
53 98185 1 77417 1 0
54 1100 1 67636 1 0
55 66687 0 4294967295 0 0
56 66666 0 4294967295 0 0
57 66665 0 4294967295 0 0
58 66683 0 4294967295 0 0
59 66684 0 4294967295 0 0
60 66664 0 4294967295 0 0
61 66685 0 4294967295 0 0
62 66686 0 4294967295 0 0
63 66681 0 4294967295 0 0
64 66663 0 4294967295 0 0
65 66688 0 4294967295 0 0
66 66689 0 4294967295 0 0
67 66690 0 4294967295 0 0
68 66651 0 4294967295 0 0
69 66667 0 4294967295 0 0
70 66682 0 4294967295 0 0
71 66674 0 4294967295 0 0
72 66668 0 4294967295 0 0
73 66680 0 4294967295 0 0
74 66669 0 4294967295 0 0
75 66679 0 4294967295 0 0
76 66670 0 4294967295 0 0
77 66671 0 4294967295 0 0
78 66678 0 4294967295 0 0
79 66677 0 4294967295 0 0
80 66676 0 4294967295 0 0
81 66675 0 4294967295 0 0
82 66672 0 4294967295 0 0
83 66673 0 4294967295 0 0
84 66627 0 4294967295 0 0
85 66638 0 4294967295 0 0
86 66637 0 4294967295 0 0
87 66636 0 4294967295 0 0
88 66635 0 4294967295 0 0
89 66634 0 4294967295 0 0
90 66633 0 4294967295 0 0
91 66632 0 4294967295 0 0
92 66631 0 4294967295 0 0
93 66630 0 4294967295 0 0
94 66629 0 4294967295 0 0
95 66628 0 4294967295 0 0
96 66639 0 4294967295 0 0
97 66626 0 4294967295 0 0
98 66625 0 4294967295 0 0
99 66624 0 4294967295 0 0
100 66623 0 4294967295 0 0
101 66622 0 4294967295 0 0
102 66621 0 4294967295 0 0
103 66620 0 4294967295 0 0
104 66619 0 4294967295 0 0
105 66618 0 4294967295 0 0
106 66617 0 4294967295 0 0
107 66616 0 4294967295 0 0
108 66650 0 4294967295 0 0
109 66661 0 4294967295 0 0
110 66660 0 4294967295 0 0
111 66659 0 4294967295 0 0
112 66658 0 4294967295 0 0
113 66657 0 4294967295 0 0
114 66656 0 4294967295 0 0
115 66655 0 4294967295 0 0
116 66654 0 4294967295 0 0
117 66653 0 4294967295 0 0
118 66652 0 4294967295 0 0
119 66704 0 4294967295 0 0
120 66662 0 4294967295 0 0
121 66649 0 4294967295 0 0
122 66648 0 4294967295 0 0
123 66647 0 4294967295 0 0
124 66646 0 4294967295 0 0
125 66645 0 4294967295 0 0
126 66644 0 4294967295 0 0
127 66643 0 4294967295 0 0
128 66642 0 4294967295 0 0
129 66641 0 4294967295 0 0
130 66640 0 4294967295 0 0
131 66750 0 4294967295 0 0
132 66761 0 4294967295 0 0
133 66760 0 4294967295 0 0
134 66759 0 4294967295 0 0
135 66758 0 4294967295 0 0
136 66757 0 4294967295 0 0
137 66756 0 4294967295 0 0
138 66755 0 4294967295 0 0
139 66754 0 4294967295 0 0
140 66753 0 4294967295 0 0
141 66752 0 4294967295 0 0
142 66751 0 4294967295 0 0
143 66762 0 4294967295 0 0
144 66749 0 4294967295 0 0
145 66748 0 4294967295 0 0
146 66747 0 4294967295 0 0
147 66746 0 4294967295 0 0
148 66745 0 4294967295 0 0
149 66744 0 4294967295 0 0
150 66743 0 4294967295 0 0
151 66742 0 4294967295 0 0
152 66741 0 4294967295 0 0
153 66740 0 4294967295 0 0
154 66739 0 4294967295 0 0
155 66774 0 4294967295 0 0
