99990 55555 0.000010
0 42270 83191 42270 71995 1
1 60300 10399 60300 8961 1
2 66376 3081 66376 2673 1
3 85945 1300 85945 1132 1
4 84423 666 84423 577 1
5 17885 385 17885 341 1
6 62778 243 62778 210 1
7 14493 162 14493 138 1
8 5318 114 5318 95 1
9 9 83 9 72 1
10 54058 63 54058 53 1
11 60340 48 60340 45 1
12 77541 38 77541 30 1
13 6583 30 6583 23 1
14 27529 25 27529 20 1
15 52418 20 52418 18 1
16 16 17 16 16 1
17 9886 14 9886 14 1
18 18 12 18 11 1
19 22472 10 22472 10 1
20 55231 9 8177 8 0
21 8177 8 55231 7 0
22 22 7 35955 5 0
23 35955 6 22 5 0
24 69236 5 71705 5 0
25 71705 5 80417 4 0
26 16159 4 69236 3 0
27 80417 4 90048 3 0
28 90048 3 16159 3 0
29 25782 3 2968 3 0
30 2968 3 25782 3 0
31 4269 3 56385 2 0
32 35559 2 37 2 0
33 34929 2 4269 2 0
34 56385 2 35559 2 0
35 43272 2 34929 2 0
36 36 2 43272 2 0
37 37 2 96250 1 0
38 99748 1 46322 1 0
39 77417 1 1100 1 0
40 26692 1 14700 1 0
41 46322 1 67636 1 0
42 67636 1 87164 1 0
43 46789 1 77417 1 0
44 40176 1 740 1 0
45 75726 1 85412 1 0
46 24550 1 36 1 0
47 740 1 26692 1 0
48 41 1 98185 1 0
49 87164 1 24550 1 0
50 85412 1 40176 1 0
51 14700 1 41 1 0
52 96250 1 46789 1 0
53 98185 1 2147483647 0 0
54 1100 1 2147483647 0 0
55 66687 0 2147483647 0 0
56 66666 0 2147483647 0 0
57 66665 0 2147483647 0 0
58 66683 0 2147483647 0 0
59 66684 0 2147483647 0 0
60 66664 0 2147483647 0 0
61 66685 0 2147483647 0 0
62 66686 0 2147483647 0 0
63 66681 0 2147483647 0 0
64 66663 0 2147483647 0 0
65 66688 0 2147483647 0 0
66 66689 0 2147483647 0 0
67 66690 0 2147483647 0 0
68 66651 0 2147483647 0 0
69 66667 0 2147483647 0 0
70 66682 0 2147483647 0 0
71 66674 0 2147483647 0 0
72 66668 0 2147483647 0 0
73 66680 0 2147483647 0 0
74 66669 0 2147483647 0 0
75 66679 0 2147483647 0 0
76 66670 0 2147483647 0 0
77 66671 0 2147483647 0 0
78 66678 0 2147483647 0 0
79 66677 0 2147483647 0 0
80 66676 0 2147483647 0 0
81 66675 0 2147483647 0 0
82 66672 0 2147483647 0 0
83 66673 0 2147483647 0 0
84 66627 0 2147483647 0 0
85 66638 0 2147483647 0 0
86 66637 0 2147483647 0 0
87 66636 0 2147483647 0 0
88 66635 0 2147483647 0 0
89 66634 0 2147483647 0 0
90 66633 0 2147483647 0 0
91 66632 0 2147483647 0 0
92 66631 0 2147483647 0 0
93 66630 0 2147483647 0 0
94 66629 0 2147483647 0 0
95 66628 0 2147483647 0 0
96 66639 0 2147483647 0 0
97 66626 0 2147483647 0 0
98 66625 0 2147483647 0 0
99 66624 0 2147483647 0 0
100 66623 0 2147483647 0 0
101 66622 0 2147483647 0 0
102 66621 0 2147483647 0 0
103 66620 0 2147483647 0 0
104 66619 0 2147483647 0 0
105 66618 0 2147483647 0 0
106 66617 0 2147483647 0 0
107 66616 0 2147483647 0 0
108 66650 0 2147483647 0 0
109 66661 0 2147483647 0 0
110 66660 0 2147483647 0 0
111 66659 0 2147483647 0 0
112 66658 0 2147483647 0 0
113 66657 0 2147483647 0 0
114 66656 0 2147483647 0 0
115 66655 0 2147483647 0 0
116 66654 0 2147483647 0 0
117 66653 0 2147483647 0 0
118 66652 0 2147483647 0 0
119 66704 0 2147483647 0 0
120 66662 0 2147483647 0 0
121 66649 0 2147483647 0 0
122 66648 0 2147483647 0 0
123 66647 0 2147483647 0 0
124 66646 0 2147483647 0 0
125 66645 0 2147483647 0 0
126 66644 0 2147483647 0 0
127 66643 0 2147483647 0 0
128 66642 0 2147483647 0 0
129 66641 0 2147483647 0 0
130 66640 0 2147483647 0 0
131 66750 0 2147483647 0 0
132 66761 0 2147483647 0 0
133 66760 0 2147483647 0 0
134 66759 0 2147483647 0 0
135 66758 0 2147483647 0 0
136 66757 0 2147483647 0 0
137 66756 0 2147483647 0 0
138 66755 0 2147483647 0 0
139 66754 0 2147483647 0 0
140 66753 0 2147483647 0 0
141 66752 0 2147483647 0 0
142 66751 0 2147483647 0 0
143 66762 0 2147483647 0 0
144 66749 0 2147483647 0 0
145 66748 0 2147483647 0 0
146 66747 0 2147483647 0 0
147 66746 0 2147483647 0 0
148 66745 0 2147483647 0 0
149 66744 0 2147483647 0 0
150 66743 0 2147483647 0 0
151 66742 0 2147483647 0 0
152 66741 0 2147483647 0 0
153 66740 0 2147483647 0 0
154 66739 0 2147483647 0 0
155 66774 0 2147483647 0 0
156 66785 0 2147483647 0 0
157 66784 0 2147483647 0 0
158 66783 0 2147483647 0 0
159 66782 0 2147483647 0 0
160 66781 0 2147483647 0 0
161 66780 0 2147483647 0 0
162 66779 0 2147483647 0 0
163 66778 0 2147483647 0 0
164 66777 0 2147483647 0 0
165 66776 0 2147483647 0 0
166 66775 0 2147483647 0 0
167 66738 0 2147483647 0 0
168 66773 0 2147483647 0 0
169 66772 0 2147483647 0 0
170 66771 0 2147483647 0 0
171 66770 0 2147483647 0 0
172 66769 0 2147483647 0 0
173 66768 0 2147483647 0 0
174 66767 0 2147483647 0 0
175 66766 0 2147483647 0 0
176 66765 0 2147483647 0 0
177 66764 0 2147483647 0 0
178 66763 0 2147483647 0 0
179 66703 0 2147483647 0 0
180 66714 0 2147483647 0 0
181 66713 0 2147483647 0 0
182 66712 0 2147483647 0 0
183 66711 0 2147483647 0 0
184 66710 0 2147483647 0 0
185 66709 0 2147483647 0 0
186 66708 0 2147483647 0 0
187 66707 0 2147483647 0 0
188 66706 0 2147483647 0 0
189 66705 0 2147483647 0 0
190 66600 0 2147483647 0 0
191 66715 0 2147483647 0 0
192 66702 0 2147483647 0 0
193 66701 0 2147483647 0 0
194 66700 0 2147483647 0 0
195 66699 0 2147483647 0 0
196 66698 0 2147483647 0 0
197 66697 0 2147483647 0 0
198 66696 0 2147483647 0 0
199 66695 0 2147483647 0 0
200 66694 0 2147483647 0 0
201 66693 0 2147483647 0 0
202 66692 0 2147483647 0 0
203 66726 0 2147483647 0 0
204 66737 0 2147483647 0 0
205 66736 0 2147483647 0 0
206 66735 0 2147483647 0 0
207 66734 0 2147483647 0 0
208 66733 0 2147483647 0 0
209 66732 0 2147483647 0 0
210 66731 0 2147483647 0 0
211 66730 0 2147483647 0 0
212 66729 0 2147483647 0 0
213 66728 0 2147483647 0 0
214 66727 0 2147483647 0 0
215 66691 0 2147483647 0 0
216 66725 0 2147483647 0 0
217 66724 0 2147483647 0 0
218 66723 0 2147483647 0 0
219 66722 0 2147483647 0 0
220 66721 0 2147483647 0 0
221 66720 0 2147483647 0 0
222 66719 0 2147483647 0 0
223 66718 0 2147483647 0 0
224 66717 0 2147483647 0 0
225 66716 0 2147483647 0 0
226 66482 0 2147483647 0 0
227 66494 0 2147483647 0 0
228 66493 0 2147483647 0 0
229 66492 0 2147483647 0 0
230 66491 0 2147483647 0 0
231 66490 0 2147483647 0 0
232 66489 0 2147483647 0 0
233 66488 0 2147483647 0 0
234 66487 0 2147483647 0 0
235 66486 0 2147483647 0 0
236 66485 0 2147483647 0 0
237 66484 0 2147483647 0 0
238 66483 0 2147483647 0 0
239 66495 0 2147483647 0 0
240 66481 0 2147483647 0 0
241 66480 0 2147483647 0 0
242 66479 0 2147483647 0 0
243 66478 0 2147483647 0 0
244 66477 0 2147483647 0 0
245 66476 0 2147483647 0 0
246 66475 0 2147483647 0 0
247 66474 0 2147483647 0 0
248 66473 0 2147483647 0 0
249 66472 0 2147483647 0 0
250 66471 0 2147483647 0 0
251 66507 0 2147483647 0 0
252 66518 0 2147483647 0 0
253 66517 0 2147483647 0 0
254 66516 0 2147483647 0 0
255 66515 0 2147483647 0 0
256 66514 0 2147483647 0 0
257 66513 0 2147483647 0 0
258 66512 0 2147483647 0 0
259 66511 0 2147483647 0 0
260 66510 0 2147483647 0 0
261 66509 0 2147483647 0 0
262 66508 0 2147483647 0 0
263 66470 0 2147483647 0 0
264 66506 0 2147483647 0 0
265 66505 0 2147483647 0 0
266 66504 0 2147483647 0 0
267 66503 0 2147483647 0 0
268 66502 0 2147483647 0 0
269 66501 0 2147483647 0 0
270 66500 0 2147483647 0 0
271 66499 0 2147483647 0 0
272 66498 0 2147483647 0 0
273 66497 0 2147483647 0 0
274 66496 0 2147483647 0 0
275 66434 0 2147483647 0 0
276 66445 0 2147483647 0 0
277 66444 0 2147483647 0 0
278 66443 0 2147483647 0 0
279 66442 0 2147483647 0 0
280 66441 0 2147483647 0 0
281 66440 0 2147483647 0 0
282 66439 0 2147483647 0 0
283 66438 0 2147483647 0 0
284 66437 0 2147483647 0 0
285 66436 0 2147483647 0 0
286 66435 0 2147483647 0 0
287 66446 0 2147483647 0 0
288 66433 0 2147483647 0 0
289 66432 0 2147483647 0 0
290 66431 0 2147483647 0 0
291 66430 0 2147483647 0 0
292 66429 0 2147483647 0 0
293 66428 0 2147483647 0 0
294 66427 0 2147483647 0 0
295 66426 0 2147483647 0 0
296 66425 0 2147483647 0 0
297 66424 0 2147483647 0 0
298 66423 0 2147483647 0 0
299 66458 0 2147483647 0 0
300 66469 0 2147483647 0 0
301 66468 0 2147483647 0 0
302 66467 0 2147483647 0 0
303 66466 0 2147483647 0 0
304 66465 0 2147483647 0 0
305 66464 0 2147483647 0 0
306 66463 0 2147483647 0 0
307 66462 0 2147483647 0 0
308 66461 0 2147483647 0 0
309 66460 0 2147483647 0 0
310 66459 0 2147483647 0 0
311 66519 0 2147483647 0 0
312 66457 0 2147483647 0 0
313 66456 0 2147483647 0 0
314 66455 0 2147483647 0 0
315 66454 0 2147483647 0 0
316 66453 0 2147483647 0 0
317 66452 0 2147483647 0 0
318 66451 0 2147483647 0 0
319 66450 0 2147483647 0 0
320 66449 0 2147483647 0 0
321 66448 0 2147483647 0 0
322 66447 0 2147483647 0 0
323 66579 0 2147483647 0 0
324 66590 0 2147483647 0 0
325 66589 0 2147483647 0 0
326 66588 0 2147483647 0 0
327 66587 0 2147483647 0 0
328 66586 0 2147483647 0 0
329 66585 0 2147483647 0 0
330 66584 0 2147483647 0 0
331 66583 0 2147483647 0 0
332 66582 0 2147483647 0 0
333 66581 0 2147483647 0 0
334 66580 0 2147483647 0 0
335 66591 0 2147483647 0 0
336 66578 0 2147483647 0 0
337 66577 0 2147483647 0 0
338 66576 0 2147483647 0 0
339 66575 0 2147483647 0 0
340 66574 0 2147483647 0 0
341 66573 0 2147483647 0 0
342 66572 0 2147483647 0 0
343 66571 0 2147483647 0 0
344 66570 0 2147483647 0 0
345 66569 0 2147483647 0 0
346 66568 0 2147483647 0 0
347 66603 0 2147483647 0 0
348 66614 0 2147483647 0 0
349 66613 0 2147483647 0 0
350 66612 0 2147483647 0 0
351 66611 0 2147483647 0 0
352 66610 0 2147483647 0 0
353 66609 0 2147483647 0 0
354 66608 0 2147483647 0 0
355 66607 0 2147483647 0 0
356 66606 0 2147483647 0 0
357 66605 0 2147483647 0 0
358 66604 0 2147483647 0 0
359 66567 0 2147483647 0 0
360 66602 0 2147483647 0 0
361 66601 0 2147483647 0 0
362 66797 0 2147483647 0 0
363 66599 0 2147483647 0 0
364 66598 0 2147483647 0 0
365 66597 0 2147483647 0 0
366 66596 0 2147483647 0 0
367 66595 0 2147483647 0 0
368 66594 0 2147483647 0 0
369 66593 0 2147483647 0 0
370 66592 0 2147483647 0 0
371 66531 0 2147483647 0 0
372 66542 0 2147483647 0 0
373 66541 0 2147483647 0 0
374 66540 0 2147483647 0 0
375 66539 0 2147483647 0 0
376 66538 0 2147483647 0 0
377 66537 0 2147483647 0 0
378 66536 0 2147483647 0 0
379 66535 0 2147483647 0 0
380 66534 0 2147483647 0 0
381 66533 0 2147483647 0 0
382 66532 0 2147483647 0 0
383 66543 0 2147483647 0 0
384 66530 0 2147483647 0 0
385 66529 0 2147483647 0 0
386 66528 0 2147483647 0 0
387 66527 0 2147483647 0 0
388 66526 0 2147483647 0 0
389 66525 0 2147483647 0 0
390 66524 0 2147483647 0 0
391 66523 0 2147483647 0 0
392 66522 0 2147483647 0 0
393 66521 0 2147483647 0 0
394 66520 0 2147483647 0 0
395 66555 0 2147483647 0 0
396 66566 0 2147483647 0 0
397 66565 0 2147483647 0 0
398 66564 0 2147483647 0 0
399 66563 0 2147483647 0 0
400 66562 0 2147483647 0 0
401 66561 0 2147483647 0 0
402 66560 0 2147483647 0 0
403 66559 0 2147483647 0 0
404 66558 0 2147483647 0 0
405 66557 0 2147483647 0 0
406 66556 0 2147483647 0 0
407 66615 0 2147483647 0 0
408 66554 0 2147483647 0 0
409 66553 0 2147483647 0 0
410 66552 0 2147483647 0 0
411 66551 0 2147483647 0 0
412 66550 0 2147483647 0 0
413 66549 0 2147483647 0 0
414 66548 0 2147483647 0 0
415 66547 0 2147483647 0 0
416 66546 0 2147483647 0 0
417 66545 0 2147483647 0 0
418 66544 0 2147483647 0 0
419 67044 0 2147483647 0 0
420 67056 0 2147483647 0 0
421 67055 0 2147483647 0 0
422 67054 0 2147483647 0 0
423 67053 0 2147483647 0 0
424 67052 0 2147483647 0 0
425 67051 0 2147483647 0 0
426 67050 0 2147483647 0 0
427 67049 0 2147483647 0 0
428 67048 0 2147483647 0 0
429 67047 0 2147483647 0 0
430 67046 0 2147483647 0 0
431 67045 0 2147483647 0 0
432 67057 0 2147483647 0 0
433 67043 0 2147483647 0 0
434 67042 0 2147483647 0 0
435 67041 0 2147483647 0 0
436 67040 0 2147483647 0 0
437 67039 0 2147483647 0 0
438 67038 0 2147483647 0 0
439 67037 0 2147483647 0 0
440 67036 0 2147483647 0 0
441 67035 0 2147483647 0 0
442 67034 0 2147483647 0 0
443 67033 0 2147483647 0 0
444 67069 0 2147483647 0 0
445 67081 0 2147483647 0 0
446 67080 0 2147483647 0 0
447 67079 0 2147483647 0 0
448 67078 0 2147483647 0 0
449 67077 0 2147483647 0 0
450 67076 0 2147483647 0 0
451 67075 0 2147483647 0 0
452 67074 0 2147483647 0 0
453 67073 0 2147483647 0 0
454 67072 0 2147483647 0 0
455 67071 0 2147483647 0 0
456 67070 0 2147483647 0 0
457 67032 0 2147483647 0 0
458 67068 0 2147483647 0 0
459 67067 0 2147483647 0 0
460 67066 0 2147483647 0 0
461 67065 0 2147483647 0 0
462 67064 0 2147483647 0 0
463 67063 0 2147483647 0 0
464 67062 0 2147483647 0 0
465 67061 0 2147483647 0 0
466 67060 0 2147483647 0 0
467 67059 0 2147483647 0 0
468 67058 0 2147483647 0 0
469 66995 0 2147483647 0 0
470 67007 0 2147483647 0 0
471 67006 0 2147483647 0 0
472 67005 0 2147483647 0 0
473 67004 0 2147483647 0 0
474 67003 0 2147483647 0 0
475 67002 0 2147483647 0 0
476 67001 0 2147483647 0 0
477 67000 0 2147483647 0 0
478 66999 0 2147483647 0 0
479 66998 0 2147483647 0 0
480 66997 0 2147483647 0 0
481 66996 0 2147483647 0 0
482 67008 0 2147483647 0 0
483 66994 0 2147483647 0 0
484 66993 0 2147483647 0 0
485 66992 0 2147483647 0 0
486 66991 0 2147483647 0 0
487 66990 0 2147483647 0 0
488 66989 0 2147483647 0 0
489 66988 0 2147483647 0 0
490 66987 0 2147483647 0 0
491 66986 0 2147483647 0 0
492 66985 0 2147483647 0 0
493 66984 0 2147483647 0 0
494 67020 0 2147483647 0 0
495 67031 0 2147483647 0 0
496 67030 0 2147483647 0 0
497 67029 0 2147483647 0 0
498 67028 0 2147483647 0 0
499 67027 0 2147483647 0 0
500 67026 0 2147483647 0 0
501 67025 0 2147483647 0 0
502 67024 0 2147483647 0 0
503 67023 0 2147483647 0 0
504 67022 0 2147483647 0 0
505 67021 0 2147483647 0 0
506 67082 0 2147483647 0 0
507 67019 0 2147483647 0 0
508 67018 0 2147483647 0 0
509 67017 0 2147483647 0 0
510 67016 0 2147483647 0 0
511 67015 0 2147483647 0 0
512 67014 0 2147483647 0 0
513 67013 0 2147483647 0 0
514 67012 0 2147483647 0 0
515 67011 0 2147483647 0 0
516 67010 0 2147483647 0 0
517 67009 0 2147483647 0 0
518 67143 0 2147483647 0 0
519 67155 0 2147483647 0 0
520 67154 0 2147483647 0 0
521 67153 0 2147483647 0 0
522 67152 0 2147483647 0 0
523 67151 0 2147483647 0 0
524 67150 0 2147483647 0 0
525 67149 0 2147483647 0 0
526 67148 0 2147483647 0 0
527 67147 0 2147483647 0 0
528 67146 0 2147483647 0 0
529 67145 0 2147483647 0 0
530 67144 0 2147483647 0 0
531 67156 0 2147483647 0 0
532 67142 0 2147483647 0 0
533 67141 0 2147483647 0 0
534 67140 0 2147483647 0 0
535 67139 0 2147483647 0 0
536 67138 0 2147483647 0 0
537 67137 0 2147483647 0 0
538 67136 0 2147483647 0 0
539 67135 0 2147483647 0 0
540 67134 0 2147483647 0 0
541 67133 0 2147483647 0 0
542 67132 0 2147483647 0 0
543 67168 0 2147483647 0 0
544 67180 0 2147483647 0 0
545 67179 0 2147483647 0 0
546 67178 0 2147483647 0 0
547 67177 0 2147483647 0 0
548 67176 0 2147483647 0 0
549 67175 0 2147483647 0 0
550 67174 0 2147483647 0 0
551 67173 0 2147483647 0 0
552 67172 0 2147483647 0 0
553 67171 0 2147483647 0 0
554 67170 0 2147483647 0 0
555 67169 0 2147483647 0 0
556 67131 0 2147483647 0 0
557 67167 0 2147483647 0 0
558 67166 0 2147483647 0 0
559 67165 0 2147483647 0 0
560 67164 0 2147483647 0 0
561 67163 0 2147483647 0 0
562 67162 0 2147483647 0 0
563 67161 0 2147483647 0 0
564 67160 0 2147483647 0 0
565 67159 0 2147483647 0 0
566 67158 0 2147483647 0 0
567 67157 0 2147483647 0 0
568 67094 0 2147483647 0 0
569 67106 0 2147483647 0 0
570 67105 0 2147483647 0 0
571 67104 0 2147483647 0 0
572 67103 0 2147483647 0 0
573 67102 0 2147483647 0 0
574 67101 0 2147483647 0 0
575 67100 0 2147483647 0 0
576 67099 0 2147483647 0 0
577 67098 0 2147483647 0 0
578 67097 0 2147483647 0 0
579 67096 0 2147483647 0 0
580 67095 0 2147483647 0 0
581 67107 0 2147483647 0 0
582 67093 0 2147483647 0 0
583 67092 0 2147483647 0 0
584 67091 0 2147483647 0 0
585 67090 0 2147483647 0 0
586 67089 0 2147483647 0 0
587 67088 0 2147483647 0 0
588 67087 0 2147483647 0 0
589 67086 0 2147483647 0 0
590 67085 0 2147483647 0 0
591 67084 0 2147483647 0 0
592 67083 0 2147483647 0 0
593 67119 0 2147483647 0 0
594 67130 0 2147483647 0 0
595 67129 0 2147483647 0 0
596 67128 0 2147483647 0 0
597 67127 0 2147483647 0 0
598 67126 0 2147483647 0 0
599 67125 0 2147483647 0 0
600 67124 0 2147483647 0 0
601 67123 0 2147483647 0 0
602 67122 0 2147483647 0 0
603 67121 0 2147483647 0 0
604 67120 0 2147483647 0 0
605 66983 0 2147483647 0 0
606 67118 0 2147483647 0 0
607 67117 0 2147483647 0 0
608 67116 0 2147483647 0 0
609 67115 0 2147483647 0 0
610 67114 0 2147483647 0 0
611 67113 0 2147483647 0 0
612 67112 0 2147483647 0 0
613 67111 0 2147483647 0 0
614 67110 0 2147483647 0 0
615 67109 0 2147483647 0 0
616 67108 0 2147483647 0 0
617 66847 0 2147483647 0 0
618 66859 0 2147483647 0 0
619 66858 0 2147483647 0 0
620 66857 0 2147483647 0 0
621 66856 0 2147483647 0 0
622 66855 0 2147483647 0 0
623 66854 0 2147483647 0 0
624 66853 0 2147483647 0 0
625 66852 0 2147483647 0 0
626 66851 0 2147483647 0 0
627 66850 0 2147483647 0 0
628 66849 0 2147483647 0 0
629 66848 0 2147483647 0 0
630 66860 0 2147483647 0 0
631 66846 0 2147483647 0 0
632 66845 0 2147483647 0 0
633 66844 0 2147483647 0 0
634 66843 0 2147483647 0 0
635 66842 0 2147483647 0 0
636 66841 0 2147483647 0 0
637 66840 0 2147483647 0 0
638 66839 0 2147483647 0 0
639 66838 0 2147483647 0 0
640 66837 0 2147483647 0 0
641 66836 0 2147483647 0 0
642 66872 0 2147483647 0 0
643 66884 0 2147483647 0 0
644 66883 0 2147483647 0 0
645 66882 0 2147483647 0 0
646 66881 0 2147483647 0 0
647 66880 0 2147483647 0 0
648 66879 0 2147483647 0 0
649 66878 0 2147483647 0 0
650 66877 0 2147483647 0 0
651 66876 0 2147483647 0 0
652 66875 0 2147483647 0 0
653 66874 0 2147483647 0 0
654 66873 0 2147483647 0 0
655 66835 0 2147483647 0 0
656 66871 0 2147483647 0 0
657 66870 0 2147483647 0 0
658 66869 0 2147483647 0 0
659 66868 0 2147483647 0 0
660 66867 0 2147483647 0 0
661 66866 0 2147483647 0 0
662 66865 0 2147483647 0 0
663 66864 0 2147483647 0 0
664 66863 0 2147483647 0 0
665 66862 0 2147483647 0 0
666 66861 0 2147483647 0 0
667 66798 0 2147483647 0 0
668 66810 0 2147483647 0 0
669 66809 0 2147483647 0 0
670 66808 0 2147483647 0 0
671 66807 0 2147483647 0 0
672 66806 0 2147483647 0 0
673 66805 0 2147483647 0 0
674 66804 0 2147483647 0 0
675 66803 0 2147483647 0 0
676 66802 0 2147483647 0 0
677 66801 0 2147483647 0 0
678 66800 0 2147483647 0 0
679 66799 0 2147483647 0 0
680 66811 0 2147483647 0 0
681 66404 0 2147483647 0 0
682 66796 0 2147483647 0 0
683 66795 0 2147483647 0 0
684 66794 0 2147483647 0 0
685 66793 0 2147483647 0 0
686 66792 0 2147483647 0 0
687 66791 0 2147483647 0 0
688 66790 0 2147483647 0 0
689 66789 0 2147483647 0 0
690 66788 0 2147483647 0 0
691 66787 0 2147483647 0 0
692 66823 0 2147483647 0 0
693 66834 0 2147483647 0 0
694 66833 0 2147483647 0 0
695 66832 0 2147483647 0 0
696 66831 0 2147483647 0 0
697 66830 0 2147483647 0 0
698 66829 0 2147483647 0 0
699 66828 0 2147483647 0 0
700 66827 0 2147483647 0 0
701 66826 0 2147483647 0 0
702 66825 0 2147483647 0 0
703 66824 0 2147483647 0 0
704 66885 0 2147483647 0 0
705 66822 0 2147483647 0 0
706 66821 0 2147483647 0 0
707 66820 0 2147483647 0 0
708 66819 0 2147483647 0 0
709 66818 0 2147483647 0 0
710 66817 0 2147483647 0 0
711 66816 0 2147483647 0 0
712 66815 0 2147483647 0 0
713 66814 0 2147483647 0 0
714 66813 0 2147483647 0 0
715 66812 0 2147483647 0 0
716 66946 0 2147483647 0 0
717 66958 0 2147483647 0 0
718 66957 0 2147483647 0 0
719 66956 0 2147483647 0 0
720 66955 0 2147483647 0 0
721 66954 0 2147483647 0 0
722 66953 0 2147483647 0 0
723 66952 0 2147483647 0 0
724 66951 0 2147483647 0 0
725 66950 0 2147483647 0 0
726 66949 0 2147483647 0 0
727 66948 0 2147483647 0 0
728 66947 0 2147483647 0 0
729 66959 0 2147483647 0 0
730 66945 0 2147483647 0 0
731 66944 0 2147483647 0 0
732 66943 0 2147483647 0 0
733 66942 0 2147483647 0 0
734 66941 0 2147483647 0 0
735 66940 0 2147483647 0 0
736 66939 0 2147483647 0 0
737 66938 0 2147483647 0 0
738 66937 0 2147483647 0 0
739 66936 0 2147483647 0 0
740 66935 0 2147483647 0 0
741 66971 0 2147483647 0 0
742 66982 0 2147483647 0 0
743 66981 0 2147483647 0 0
744 66980 0 2147483647 0 0
745 66979 0 2147483647 0 0
746 66978 0 2147483647 0 0
747 66977 0 2147483647 0 0
748 66976 0 2147483647 0 0
749 66975 0 2147483647 0 0
750 66974 0 2147483647 0 0
751 66973 0 2147483647 0 0
752 66972 0 2147483647 0 0
753 66934 0 2147483647 0 0
754 66970 0 2147483647 0 0
755 66969 0 2147483647 0 0
756 66968 0 2147483647 0 0
757 66967 0 2147483647 0 0
758 66966 0 2147483647 0 0
759 66965 0 2147483647 0 0
760 66964 0 2147483647 0 0
761 66963 0 2147483647 0 0
762 66962 0 2147483647 0 0
763 66961 0 2147483647 0 0
764 66960 0 2147483647 0 0
765 66897 0 2147483647 0 0
766 66909 0 2147483647 0 0
767 66908 0 2147483647 0 0
768 66907 0 2147483647 0 0
769 66906 0 2147483647 0 0
770 66905 0 2147483647 0 0
771 66904 0 2147483647 0 0
772 66903 0 2147483647 0 0
773 66902 0 2147483647 0 0
774 66901 0 2147483647 0 0
775 66900 0 2147483647 0 0
776 66899 0 2147483647 0 0
777 66898 0 2147483647 0 0
778 66910 0 2147483647 0 0
779 66896 0 2147483647 0 0
780 66895 0 2147483647 0 0
781 66894 0 2147483647 0 0
782 66893 0 2147483647 0 0
783 66892 0 2147483647 0 0
784 66891 0 2147483647 0 0
785 66890 0 2147483647 0 0
786 66889 0 2147483647 0 0
787 66888 0 2147483647 0 0
788 66887 0 2147483647 0 0
789 66886 0 2147483647 0 0
790 66922 0 2147483647 0 0
791 66933 0 2147483647 0 0
792 66932 0 2147483647 0 0
793 66931 0 2147483647 0 0
794 66930 0 2147483647 0 0
795 66929 0 2147483647 0 0
796 66928 0 2147483647 0 0
797 66927 0 2147483647 0 0
798 66926 0 2147483647 0 0
799 66925 0 2147483647 0 0
800 66924 0 2147483647 0 0
801 66923 0 2147483647 0 0
802 66786 0 2147483647 0 0
803 66921 0 2147483647 0 0
804 66920 0 2147483647 0 0
805 66919 0 2147483647 0 0
806 66918 0 2147483647 0 0
807 66917 0 2147483647 0 0
808 66916 0 2147483647 0 0
809 66915 0 2147483647 0 0
810 66914 0 2147483647 0 0
811 66913 0 2147483647 0 0
812 66912 0 2147483647 0 0
813 66911 0 2147483647 0 0
814 65898 0 2147483647 0 0
815 65910 0 2147483647 0 0
816 65909 0 2147483647 0 0
817 65908 0 2147483647 0 0
818 65907 0 2147483647 0 0
819 65906 0 2147483647 0 0
820 65905 0 2147483647 0 0
821 65904 0 2147483647 0 0
822 65903 0 2147483647 0 0
823 65902 0 2147483647 0 0
824 65901 0 2147483647 0 0
825 65900 0 2147483647 0 0
826 65899 0 2147483647 0 0
827 65911 0 2147483647 0 0
828 65897 0 2147483647 0 0
829 65896 0 2147483647 0 0
830 65895 0 2147483647 0 0
831 65894 0 2147483647 0 0
832 65893 0 2147483647 0 0
833 65892 0 2147483647 0 0
834 65891 0 2147483647 0 0
835 65890 0 2147483647 0 0
836 65889 0 2147483647 0 0
837 65888 0 2147483647 0 0
838 65887 0 2147483647 0 0
839 65923 0 2147483647 0 0
840 65934 0 2147483647 0 0
841 65933 0 2147483647 0 0
842 65932 0 2147483647 0 0
843 65931 0 2147483647 0 0
844 65930 0 2147483647 0 0
845 65929 0 2147483647 0 0
846 65928 0 2147483647 0 0
847 65927 0 2147483647 0 0
848 65926 0 2147483647 0 0
849 65925 0 2147483647 0 0
850 65924 0 2147483647 0 0
851 65886 0 2147483647 0 0
852 65922 0 2147483647 0 0
853 65921 0 2147483647 0 0
854 65920 0 2147483647 0 0
855 65919 0 2147483647 0 0
856 65918 0 2147483647 0 0
857 65917 0 2147483647 0 0
858 65916 0 2147483647 0 0
859 65915 0 2147483647 0 0
860 65914 0 2147483647 0 0
861 65913 0 2147483647 0 0
862 65912 0 2147483647 0 0
863 65849 0 2147483647 0 0
864 65861 0 2147483647 0 0
865 65860 0 2147483647 0 0
866 65859 0 2147483647 0 0
867 65858 0 2147483647 0 0
868 65857 0 2147483647 0 0
869 65856 0 2147483647 0 0
870 65855 0 2147483647 0 0
871 65854 0 2147483647 0 0
872 65853 0 2147483647 0 0
873 65852 0 2147483647 0 0
874 65851 0 2147483647 0 0
875 65850 0 2147483647 0 0
876 65862 0 2147483647 0 0
877 65848 0 2147483647 0 0
878 65847 0 2147483647 0 0
879 65846 0 2147483647 0 0
880 65845 0 2147483647 0 0
881 65844 0 2147483647 0 0
882 65843 0 2147483647 0 0
883 65842 0 2147483647 0 0
884 65841 0 2147483647 0 0
885 65840 0 2147483647 0 0
886 65839 0 2147483647 0 0
887 65838 0 2147483647 0 0
888 65874 0 2147483647 0 0
889 65885 0 2147483647 0 0
890 65884 0 2147483647 0 0
891 65883 0 2147483647 0 0
892 65882 0 2147483647 0 0
893 65881 0 2147483647 0 0
894 65880 0 2147483647 0 0
895 65879 0 2147483647 0 0
896 65878 0 2147483647 0 0
897 65877 0 2147483647 0 0
898 65876 0 2147483647 0 0
899 65875 0 2147483647 0 0
900 65935 0 2147483647 0 0
901 65873 0 2147483647 0 0
902 65872 0 2147483647 0 0
903 65871 0 2147483647 0 0
904 65870 0 2147483647 0 0
905 65869 0 2147483647 0 0
906 65868 0 2147483647 0 0
907 65867 0 2147483647 0 0
908 65866 0 2147483647 0 0
909 65865 0 2147483647 0 0
910 65864 0 2147483647 0 0
911 65863 0 2147483647 0 0
912 65995 0 2147483647 0 0
913 66007 0 2147483647 0 0
914 66006 0 2147483647 0 0
915 66005 0 2147483647 0 0
916 66004 0 2147483647 0 0
917 66003 0 2147483647 0 0
918 66002 0 2147483647 0 0
919 66001 0 2147483647 0 0
920 66000 0 2147483647 0 0
921 65999 0 2147483647 0 0
922 65998 0 2147483647 0 0
923 65997 0 2147483647 0 0
924 65996 0 2147483647 0 0
925 66008 0 2147483647 0 0
926 65994 0 2147483647 0 0
927 65993 0 2147483647 0 0
928 65992 0 2147483647 0 0
929 65991 0 2147483647 0 0
930 65990 0 2147483647 0 0
931 65989 0 2147483647 0 0
932 65988 0 2147483647 0 0
933 65987 0 2147483647 0 0
934 65986 0 2147483647 0 0
935 65985 0 2147483647 0 0
936 65984 0 4294967295 0 0
937 66020 0 4294967295 0 0
938 66031 0 4294967295 0 0
939 66030 0 4294967295 0 0
940 66029 0 4294967295 0 0
941 66028 0 4294967295 0 0
942 66027 0 4294967295 0 0
943 66026 0 4294967295 0 0
944 66025 0 4294967295 0 0
945 66024 0 4294967295 0 0
946 66023 0 4294967295 0 0
947 66022 0 4294967295 0 0
948 66021 0 4294967295 0 0
949 65983 0 4294967295 0 0
950 66019 0 4294967295 0 0
951 66018 0 4294967295 0 0
952 66017 0 4294967295 0 0
953 66016 0 4294967295 0 0
954 66015 0 4294967295 0 0
955 66014 0 4294967295 0 0
956 66013 0 4294967295 0 0
957 66012 0 4294967295 0 0
958 66011 0 4294967295 0 0
959 66010 0 4294967295 0 0
960 66009 0 4294967295 0 0
961 65947 0 4294967295 0 0
962 65958 0 4294967295 0 0
963 65957 0 4294967295 0 0
964 65956 0 4294967295 0 0
965 65955 0 4294967295 0 0
966 65954 0 4294967295 0 0
967 65953 0 4294967295 0 0
968 65952 0 4294967295 0 0
969 65951 0 4294967295 0 0
970 65950 0 4294967295 0 0
971 65949 0 4294967295 0 0
972 65948 0 4294967295 0 0
973 65959 0 4294967295 0 0
974 65946 0 4294967295 0 0
975 65945 0 4294967295 0 0
976 65944 0 4294967295 0 0
977 65943 0 4294967295 0 0
978 65942 0 4294967295 0 0
979 65941 0 4294967295 0 0
980 65940 0 4294967295 0 0
981 65939 0 4294967295 0 0
982 65938 0 4294967295 0 0
983 65937 0 4294967295 0 0
984 65936 0 4294967295 0 0
985 65971 0 4294967295 0 0
986 65982 0 4294967295 0 0
987 65981 0 4294967295 0 0
988 65980 0 4294967295 0 0
989 65979 0 4294967295 0 0
990 65978 0 4294967295 0 0
991 65977 0 4294967295 0 0
992 65976 0 4294967295 0 0
993 65975 0 4294967295 0 0
994 65974 0 4294967295 0 0
995 65973 0 4294967295 0 0
996 65972 0 4294967295 0 0
997 65837 0 4294967295 0 0
998 65970 0 4294967295 0 0
999 65969 0 4294967295 0 0
1000 65968 0 4294967295 0 0
1001 65967 0 4294967295 0 0
1002 65966 0 4294967295 0 0
1003 65965 0 4294967295 0 0
1004 65964 0 4294967295 0 0
1005 65963 0 4294967295 0 0
1006 65962 0 4294967295 0 0
1007 65961 0 4294967295 0 0
1008 65960 0 4294967295 0 0
1009 65703 0 4294967295 0 0
1010 65715 0 4294967295 0 0
1011 65714 0 4294967295 0 0
1012 65713 0 4294967295 0 0
1013 65712 0 4294967295 0 0
1014 65711 0 4294967295 0 0
1015 65710 0 4294967295 0 0
1016 65709 0 4294967295 0 0
1017 65708 0 4294967295 0 0
1018 65707 0 4294967295 0 0
1019 65706 0 4294967295 0 0
1020 65705 0 4294967295 0 0
1021 65704 0 4294967295 0 0
1022 65716 0 4294967295 0 0
1023 65702 0 4294967295 0 0
1024 65701 0 4294967295 0 0
1025 65700 0 4294967295 0 0
1026 65699 0 4294967295 0 0
1027 65698 0 4294967295 0 0
1028 65697 0 4294967295 0 0
1029 65696 0 4294967295 0 0
1030 65695 0 4294967295 0 0
1031 65694 0 4294967295 0 0
1032 65693 0 4294967295 0 0
1033 65692 0 4294967295 0 0
1034 65728 0 4294967295 0 0
1035 65739 0 4294967295 0 0
1036 65738 0 4294967295 0 0
