998437 55555 0.000010
0 713165 509612 713165 504450 1
1 1 151508 1 150003 1
2 500475 74521 500475 73782 1
3 43295 45044 43295 44594 1
4 288337 30482 288337 30160 1
5 5 22155 5 21912 1
6 811995 16917 811995 16742 1
7 581037 13392 581037 13251 1
8 422708 10897 422708 10778 1
9 454023 9062 454023 8981 1
10 344854 7670 344854 7589 1
11 162370 6587 162370 6524 1
12 656366 5726 656366 5668 1
13 13 5029 13 4978 1
14 151953 4457 151953 4426 1
15 374059 3981 374059 3938 1
16 279048 3581 279048 3549 1
17 278961 3240 278961 3201 1
18 806435 2947 806435 2916 1
19 603003 2694 603003 2667 1
20 549444 2474 549444 2448 1
21 831846 2280 831846 2262 1
22 967024 2110 967024 2098 1
23 313696 1958 313696 1930 1
24 183943 1823 183943 1806 1
25 604339 1702 604339 1681 1
26 729111 1594 729111 1580 1
27 472803 1495 472803 1478 1
28 835493 1406 835493 1387 1
29 338292 1325 338292 1310 1
30 582955 1251 582955 1241 1
31 809067 1184 809067 1172 1
32 711224 1122 711224 1107 1
33 677947 1065 677947 1055 1
34 330585 1012 330585 1003 1
35 314060 963 314060 953 1
36 610297 918 610297 910 1
37 37 876 37 868 1
38 533212 837 533212 824 1
39 452801 801 452801 795 1
40 730035 767 730035 759 1
41 735519 735 735519 722 1
42 638830 706 638830 702 1
43 234666 678 234666 672 1
44 497622 652 497622 642 1
45 292877 627 292877 618 1
46 60041 604 60041 596 1
47 966109 582 966109 579 1
48 388464 562 388464 556 1
49 893567 542 893567 535 1
50 202603 524 202603 519 1
51 321680 506 321680 501 1
52 819512 490 819512 483 1
53 743624 474 743624 469 1
54 341525 459 341525 455 1
55 943515 445 943515 441 1
56 603924 431 603924 428 1
57 650301 418 650301 413 1
58 397442 406 397442 403 1
59 843347 394 843347 391 1
60 327852 383 327852 383 1
61 158612 372 158612 369 1
62 62 362 62 355 1
63 213133 352 213133 349 1
64 127067 342 127067 342 1
65 780651 333 780651 331 1
66 280093 325 280093 321 1
67 67 316 67 314 1
68 945426 308 945426 304 1
69 787035 301 787035 300 1
70 274045 293 274045 293 1
71 644947 286 644947 285 1
72 442676 280 442676 273 1
73 349707 273 349707 271 1
74 856802 267 856802 261 1
75 661175 261 661175 260 1
76 98308 255 98308 249 1
77 92754 249 92754 247 1
78 534864 243 534864 240 1
79 110375 238 110375 235 1
80 878755 233 878755 231 1
81 81 228 81 225 1
82 80387 223 80387 222 1
83 725410 219 725410 219 1
84 84 214 84 212 1
85 279584 210 279584 209 1
86 844980 206 844980 202 1
87 829107 202 829107 201 1
88 796821 198 796821 195 1
89 73134 194 73134 192 1
90 695804 190 695804 190 1
91 198636 186 198636 185 1
92 92 183 92 182 1
93 729218 180 729218 178 1
94 602385 176 602385 173 1
95 872422 173 302259 169 0
96 302259 170 872422 169 0
97 316664 167 316664 164 1
98 903922 164 903922 163 1
99 30473 161 30473 159 1
100 97170 158 97170 156 1
101 954359 156 954359 155 1
102 75820 153 75820 151 1
103 132561 150 132561 147 1
104 989941 148 989941 146 1
105 90009 146 90009 146 1
106 106 143 106 143 1
107 262174 141 262174 140 1
108 998207 139 998207 138 1
109 109 136 109 136 1
110 858196 134 858196 131 1
111 179039 132 179039 131 1
112 415985 130 415985 130 1
113 892275 128 892275 126 1
114 114 126 114 125 1
115 814608 124 814608 123 1
116 315324 122 315324 122 1
117 469239 121 469239 119 1
118 426633 119 426633 118 1
119 257854 117 257854 116 1
120 296578 115 296578 114 1
121 121 114 121 113 1
122 687311 112 687311 110 1
123 648635 111 648635 110 1
124 617842 109 617842 108 1
125 885806 108 885806 104 1
126 441682 106 441682 104 1
127 306864 105 306864 104 1
128 570238 103 570238 103 1
129 69043 102 69043 102 1
130 63803 100 63803 100 1
131 128256 99 128256 98 1
132 348451 98 312915 95 0
133 74424 97 348451 95 0
134 312915 95 74424 95 0
135 876644 94 876644 94 1
136 878886 93 878886 93 1
137 911927 92 911927 90 1
138 790478 91 995672 89 0
139 995672 89 790478 89 0
140 426568 88 793576 87 0
141 793576 87 426568 87 0
142 380355 86 540292 85 0
143 540292 85 380355 84 0
144 817945 84 817945 82 1
145 145 83 145 82 1
146 211892 82 211892 80 1
147 640739 81 146225 80 0
148 146225 80 640739 79 0
149 179885 79 179885 78 1
150 150 78 150 78 1
151 374984 77 374984 77 1
152 471589 77 153 76 0
153 153 76 471589 76 0
154 326861 75 326861 74 1
155 480940 74 480940 74 1
156 156 73 156 73 1
157 524508 72 878899 72 0
158 878899 72 524508 72 0
159 721413 71 721413 71 1
160 497674 70 497674 70 1
161 635963 69 635963 69 1
162 205864 69 689381 68 0
163 689381 68 205864 67 0
164 39874 67 39874 67 1
165 323799 66 219357 66 0
166 219357 66 323799 66 0
167 425619 65 425619 65 1
168 79313 64 79313 64 1
169 168 64 168 64 1
170 799755 63 799755 63 1
171 680959 62 680959 62 1
172 946002 62 173 61 0
173 173 61 946002 60 0
174 820046 61 820046 60 1
175 877924 60 877924 59 1
176 26171 59 26171 59 1
177 124395 59 807154 58 0
178 807154 58 124395 57 0
179 179 58 576931 57 0
180 576931 57 730161 57 0
181 730161 57 179 57 0
182 776140 56 776140 56 1
183 184 55 164566 55 0
184 164566 55 184 54 0
185 290246 54 290246 53 1
186 459490 54 459490 53 1
187 662150 53 662150 53 1
188 518378 53 712040 52 0
189 712040 52 518378 52 0
190 592797 52 592797 52 1
191 150855 51 150855 51 1
192 697542 51 697542 50 1
193 616414 51 616414 50 1
194 452560 50 758750 49 0
195 758750 50 452560 49 0
196 880354 49 397851 48 0
197 397851 49 998584 48 0
198 998584 48 92206 48 0
199 92206 48 880354 48 0
200 466258 47 200 47 0
201 200 47 914662 47 0
202 914662 47 391988 46 0
203 391988 46 466258 46 0
204 41956 46 221456 45 0
205 875647 45 41956 45 0
206 11818 45 875647 45 0
207 221456 45 878956 44 0
208 312165 44 222222 43 0
209 825377 44 825377 43 1
210 878956 44 11818 43 0
211 650646 43 312165 43 0
212 471029 43 471029 42 1
213 222222 43 650646 42 0
214 38843 42 809643 42 0
215 809643 42 38843 42 0
216 915342 42 915342 42 1
217 335478 41 218 41 0
218 360514 41 360514 41 1
219 218 41 850307 40 0
220 850307 40 226053 40 0
221 184114 40 184114 39 1
222 226053 40 399785 39 0
223 223 39 223 39 1
224 586042 39 586042 38 1
225 399785 39 335478 38 0
226 74007 38 437205 38 0
227 437205 38 647588 37 0
228 526420 38 232 37 0
229 87033 38 87033 37 1
230 690572 37 526420 37 0
231 647588 37 690572 36 0
232 232 37 464159 36 0
233 464159 36 258874 36 0
234 258874 36 632949 36 0
235 866496 36 74007 36 0
236 632949 36 866496 36 0
237 947680 35 197584 35 0
238 197584 35 875902 35 0
239 875902 35 947680 35 0
240 239 35 239 35 1
241 242 34 63497 34 0
242 891719 34 891719 34 1
243 63497 34 894737 33 0
244 933953 34 60358 33 0
245 664840 33 242 33 0
246 60358 33 73270 33 0
247 894737 33 933953 33 0
248 73270 33 469794 32 0
249 249 32 664840 32 0
250 740512 32 249 32 0
251 20087 32 740512 32 0
252 469794 32 433244 32 0
253 433244 32 937773 31 0
254 488207 31 255 31 0
255 937773 31 603036 31 0
256 603036 31 20087 31 0
257 255 31 22731 30 0
258 821550 30 488207 30 0
259 22731 30 821550 30 0
260 273910 30 273910 30 1
261 837509 30 334867 30 0
262 334867 30 601265 29 0
263 916869 29 268 29 0
264 601265 29 837509 29 0
265 912485 29 916869 29 0
266 343099 29 912485 29 0
267 268 29 895704 29 0
268 895704 29 423622 28 0
269 516532 28 516532 28 1
270 271 28 941569 28 0
271 423622 28 271 28 0
272 941569 28 343099 28 0
273 863986 28 430565 27 0
274 604627 27 871021 27 0
275 430565 27 863986 27 0
276 772717 27 772717 27 1
277 726601 27 987761 27 0
278 871021 27 604627 27 0
279 987761 27 305863 26 0
280 305863 26 210910 26 0
281 212322 26 419614 26 0
282 419614 26 212322 26 0
283 875586 26 726601 26 0
284 848878 26 848878 26 1
285 210910 26 690795 25 0
286 353607 25 432616 25 0
287 947808 25 209537 25 0
288 432616 25 947808 25 0
289 690795 25 875586 25 0
290 204023 25 204023 25 1
291 726510 25 353607 25 0
292 209537 25 726510 25 0
293 255442 24 853286 24 0
294 151999 24 151999 24 1
295 942466 24 942466 24 1
296 853286 24 215822 24 0
297 984713 24 255442 24 0
298 440501 24 306 23 0
299 215822 24 302 23 0
300 698072 23 984713 23 0
301 306 23 440501 23 0
302 386321 23 356480 23 0
303 302 23 698072 23 0
304 720354 23 674819 23 0
305 674819 23 386321 23 0
306 737872 23 737872 23 1
307 356480 23 720354 23 0
308 345401 22 605451 22 0
309 846536 22 617354 22 0
310 56217 22 846536 22 0
311 351620 22 345401 22 0
312 31746 22 351620 22 0
313 617354 22 452061 22 0
314 605451 22 31746 22 0
315 452061 22 23746 21 0
316 866394 21 776652 21 0
317 448897 21 448897 21 1
318 883340 21 56217 21 0
319 158097 21 279280 21 0
320 23746 21 866394 21 0
321 279280 21 211344 20 0
322 331964 21 915039 20 0
323 776652 21 883340 20 0
324 915039 20 162602 20 0
325 923718 20 931488 20 0
326 220609 20 158097 20 0
327 162602 20 331964 20 0
328 446984 20 34982 20 0
329 100872 20 825575 20 0
330 211344 20 100872 20 0
331 825575 20 331178 19 0
332 931488 20 923718 19 0
333 34982 20 655444 19 0
334 239130 19 799407 19 0
335 170193 19 656350 19 0
336 340 19 446984 19 0
337 656350 19 187727 19 0
338 634827 19 340 19 0
339 799407 19 634827 19 0
340 876341 19 876341 19 1
341 655444 19 239130 19 0
342 187727 19 220609 19 0
343 331178 19 621312 18 0
344 442283 18 917639 18 0
345 540846 18 511352 18 0
346 161801 18 170193 18 0
347 982058 18 982058 18 1
348 179730 18 540846 18 0
349 917639 18 442283 18 0
350 511352 18 378737 18 0
351 621312 18 161801 18 0
352 118315 18 961012 17 0
353 378737 18 806172 17 0
354 240287 18 118315 17 0
355 830963 17 825109 17 0
356 219707 17 948465 17 0
357 961012 17 219707 17 0
358 358063 17 361 17 0
359 902175 17 426319 17 0
360 361 17 540160 17 0
361 540160 17 240287 17 0
362 426319 17 179730 17 0
363 806172 17 104436 17 0
364 948465 17 358063 17 0
365 104436 17 902175 17 0
366 825109 17 25983 16 0
367 606996 16 251987 16 0
368 381913 16 979321 16 0
369 330337 16 330337 16 1
370 940305 16 850516 16 0
371 25983 16 929603 16 0
372 579605 16 297959 16 0
373 850516 16 940305 16 0
374 297959 16 606996 16 0
375 929603 16 381913 16 0
376 979321 16 579605 16 0
377 251987 16 830963 16 0
378 369 16 593513 16 0
379 593513 16 969925 15 0
380 368 16 998338 15 0
381 998338 15 180948 15 0
382 36144 15 179693 15 0
383 179693 15 759840 15 0
384 660801 15 770508 15 0
385 969925 15 369 15 0
386 770508 15 901154 15 0
387 989422 15 382 15 0
388 387 15 36144 15 0
389 481167 15 481167 15 1
390 759840 15 660801 15 0
391 901154 15 989422 15 0
392 382 15 401 14 0
393 52869 15 482009 14 0
394 180948 15 610850 14 0
395 866988 14 373457 14 0
396 406 14 396 14 0
397 408789 14 52869 14 0
398 410 14 4777 14 0
399 4777 14 410 14 0
400 610850 14 72517 14 0
401 192685 14 245834 14 0
402 939890 14 192685 14 0
403 245834 14 844308 14 0
404 562798 14 387 14 0
405 844308 14 562798 14 0
406 482009 14 406 14 0
407 401 14 408789 14 0
408 895515 14 866988 14 0
409 396 14 368 14 0
410 373457 14 939890 13 0
411 72517 14 620532 13 0
412 716775 13 859611 13 0
413 643951 13 478810 13 0
414 620532 13 470199 13 0
415 992761 13 186228 13 0
416 478810 13 470258 13 0
417 186228 13 474844 13 0
418 859611 13 992761 13 0
419 48193 13 911415 13 0
420 474844 13 643951 13 0
421 466847 13 466847 13 1
422 540110 13 956135 13 0
423 470258 13 716775 13 0
424 911415 13 413 13 0
425 20593 13 48193 13 0
426 413 13 557476 12 0
427 418 13 436 12 0
428 956135 13 87859 12 0
429 470199 13 540110 12 0
430 2812 12 418 12 0
431 265108 12 231430 12 0
432 842596 12 895515 12 0
433 250846 12 443 12 0
434 451 12 451 12 1
435 517254 12 229284 12 0
436 450 12 37855 12 0
437 893770 12 342783 12 0
438 313670 12 20593 12 0
439 87859 12 463177 12 0
440 443 12 207807 12 0
441 207807 12 893770 12 0
442 364246 12 433 12 0
443 229284 12 450 12 0
444 463177 12 250846 12 0
445 342783 12 517254 12 0
446 436 12 842596 12 0
447 434 12 313670 12 0
448 433 12 434 12 0
449 557476 12 452 11 0
450 231430 12 899880 11 0
451 37855 12 265108 11 0
452 470126 11 335793 11 0
453 986785 11 878180 11 0
454 670468 11 875010 11 0
455 52839 11 770461 11 0
456 335793 11 599769 11 0
457 842964 11 576947 11 0
458 150194 11 595238 11 0
459 972699 11 986785 11 0
460 935730 11 935730 11 1
461 878180 11 74351 11 0
462 595238 11 470126 11 0
463 783047 11 364246 11 0
464 13874 11 2812 11 0
465 74351 11 150194 11 0
466 576947 11 234682 11 0
467 234682 11 52839 11 0
468 298926 11 783047 11 0
469 875010 11 231159 11 0
470 231159 11 842964 11 0
471 456 11 456 10 1
472 599769 11 197479 10 0
473 452 11 52117 10 0
474 899880 11 417933 10 0
475 770461 11 298926 10 0
476 989280 10 128382 10 0
477 823943 10 171685 10 0
478 494 10 670468 10 0
479 681227 10 989280 10 0
480 33610 10 169786 10 0
481 499 10 681227 10 0
482 178870 10 403963 10 0
483 417933 10 972699 10 0
484 840325 10 484 10 0
485 629380 10 153261 10 0
486 169786 10 488 10 0
487 62206 10 348040 10 0
488 250013 10 635448 10 0
489 403963 10 781883 10 0
490 52117 10 629380 10 0
491 171685 10 250013 10 0
492 781883 10 840325 10 0
493 197479 10 494 10 0
494 348040 10 33610 10 0
495 128382 10 233731 10 0
496 489 10 463712 10 0
497 153261 10 823943 10 0
498 879067 10 499 10 0
499 488 10 879067 10 0
500 635448 10 762175 9 0
501 463712 10 889759 9 0
502 484 10 111102 9 0
503 233731 10 9973 9 0
504 646007 9 179301 9 0
505 331635 9 991204 9 0
506 527 9 748348 9 0
507 748348 9 633780 9 0
508 584935 9 254775 9 0
509 254775 9 440627 9 0
510 762175 9 242363 9 0
511 911598 9 13874 9 0
512 606413 9 416104 9 0
513 9973 9 222720 9 0
514 111102 9 862565 9 0
515 522 9 383 9 0
516 511 9 90148 9 0
517 242363 9 62206 9 0
518 633780 9 584935 9 0
519 440627 9 178870 9 0
520 383 9 606413 9 0
521 889759 9 911598 9 0
522 862565 9 199519 9 0
523 226504 9 919997 9 0
524 604849 9 646007 9 0
525 179301 9 400828 9 0
526 991204 9 511 9 0
527 90148 9 195667 9 0
528 400828 9 211440 9 0
529 26712 9 522 9 0
530 195667 9 489 9 0
531 404321 9 604849 9 0
532 222720 9 26712 9 0
533 211440 9 404321 9 0
534 199519 9 226504 9 0
535 416104 9 527 9 0
536 919997 9 4294967295 0 0
537 412071 8 4294967295 0 0
538 167533 8 4294967295 0 0
539 477273 8 4294967295 0 0
540 562290 8 4294967295 0 0
541 818458 8 4294967295 0 0
542 574 8 4294967295 0 0
543 552971 8 4294967295 0 0
544 594806 8 4294967295 0 0
545 664406 8 4294967295 0 0
546 86201 8 4294967295 0 0
547 561 8 4294967295 0 0
548 562 8 4294967295 0 0
549 990391 8 4294967295 0 0
550 343832 8 4294967295 0 0
551 806857 8 4294967295 0 0
552 662558 8 4294967295 0 0
553 499016 8 4294967295 0 0
554 367939 8 4294967295 0 0
555 445055 8 4294967295 0 0
556 549796 8 4294967295 0 0
557 814279 8 4294967295 0 0
558 142107 8 4294967295 0 0
559 814947 8 4294967295 0 0
560 66774 8 4294967295 0 0
561 112633 8 4294967295 0 0
562 707243 8 4294967295 0 0
563 435013 8 4294967295 0 0
564 183039 8 4294967295 0 0
565 838144 8 4294967295 0 0
566 856860 8 4294967295 0 0
567 336914 8 4294967295 0 0
568 610562 8 4294967295 0 0
569 252324 8 4294967295 0 0
570 937022 8 4294967295 0 0
571 860616 8 4294967295 0 0
572 106522 8 4294967295 0 0
573 585278 8 4294967295 0 0
574 563675 8 4294967295 0 0
575 195912 8 4294967295 0 0
576 678039 8 4294967295 0 0
577 479622 7 4294967295 0 0
578 494192 7 4294967295 0 0
579 609 7 4294967295 0 0
580 607 7 4294967295 0 0
581 603675 7 4294967295 0 0
582 604 7 4294967295 0 0
583 226020 7 4294967295 0 0
584 276048 7 4294967295 0 0
585 108771 7 4294967295 0 0
586 571366 7 4294967295 0 0
587 426687 7 4294967295 0 0
588 448777 7 4294967295 0 0
589 473533 7 4294967295 0 0
590 288508 7 4294967295 0 0
591 964785 7 4294967295 0 0
592 850194 7 4294967295 0 0
593 217345 7 4294967295 0 0
594 62708 7 4294967295 0 0
595 937764 7 4294967295 0 0
596 967536 7 4294967295 0 0
597 292209 7 4294967295 0 0
598 66335 7 4294967295 0 0
599 987833 7 4294967295 0 0
600 971011 7 4294967295 0 0
601 189739 7 4294967295 0 0
602 265769 7 4294967295 0 0
603 530856 7 4294967295 0 0
604 84399 7 4294967295 0 0
605 82496 7 4294967295 0 0
606 807529 7 4294967295 0 0
607 985065 7 4294967295 0 0
608 962447 7 4294967295 0 0
609 927797 7 4294967295 0 0
610 583 7 4294967295 0 0
611 584 7 4294967295 0 0
612 585 7 4294967295 0 0
613 586 7 4294967295 0 0
614 907226 7 4294967295 0 0
615 123534 7 4294967295 0 0
616 914522 7 4294967295 0 0
617 580940 7 4294967295 0 0
618 793559 7 4294967295 0 0
619 596 7 4294967295 0 0
620 41913 7 4294967295 0 0
621 6065 7 4294967295 0 0
622 8023 7 4294967295 0 0
623 921840 7 4294967295 0 0
624 594 7 4294967295 0 0
625 332858 7 4294967295 0 0
626 562655 6 4294967295 0 0
627 354555 6 4294967295 0 0
628 180619 6 4294967295 0 0
629 73615 6 4294967295 0 0
630 710867 6 4294967295 0 0
631 938262 6 4294967295 0 0
632 715947 6 4294967295 0 0
633 678 6 4294967295 0 0
634 676 6 4294967295 0 0
635 181645 6 4294967295 0 0
636 26377 6 4294967295 0 0
