999961 55555 0.000010
0 713165 793528 713165 793528 1
1 1 117959 1 117959 1
2 500475 38679 500475 38679 1
3 43295 17535 43295 17535 1
4 288337 9493 288337 9493 1
5 5 5750 5 5750 1
6 811995 3763 811995 3763 1
7 581037 2607 581037 2607 1
8 422708 1885 422708 1885 1
9 454023 1411 454023 1411 1
10 344854 1086 344854 1086 1
11 162370 855 162370 855 1
12 656366 686 656366 686 1
13 13 559 13 559 1
14 151953 463 151953 463 1
15 374059 387 374059 387 1
16 279048 328 279048 328 1
17 278961 280 278961 280 1
18 806435 242 806435 242 1
19 603003 210 603003 210 1
20 549444 183 549444 183 1
21 831846 161 831846 161 1
22 967024 143 967024 143 1
23 313696 127 313696 127 1
24 183943 114 183943 114 1
25 604339 102 604339 102 1
26 729111 92 729111 92 1
27 472803 83 472803 83 1
28 835493 76 835493 76 1
29 338292 69 338292 69 1
30 582955 63 582955 63 1
31 809067 58 809067 58 1
32 711224 53 711224 53 1
33 677947 49 677947 49 1
34 330585 45 330585 45 1
35 314060 42 314060 42 1
36 610297 39 610297 39 1
37 37 36 37 36 1
38 533212 33 533212 33 1
39 452801 31 452801 31 1
40 730035 29 730035 29 1
41 735519 27 735519 27 1
42 638830 26 638830 26 1
43 234666 24 234666 24 1
44 497622 23 497622 23 1
45 292877 21 292877 21 1
46 60041 20 60041 20 1
47 966109 19 966109 19 1
48 388464 18 388464 18 1
49 893567 17 893567 17 1
50 202603 16 202603 16 1
51 321680 15 321680 15 1
52 743624 14 743624 14 1
53 819512 14 819512 14 1
54 341525 13 341525 13 1
55 603924 12 943515 12 0
56 943515 12 603924 12 0
57 397442 11 397442 11 1
58 650301 11 650301 11 1
59 843347 10 327852 10 0
60 327852 10 843347 10 0
61 158612 9 4294967295 0 0
62 62 9 4294967295 0 0
63 213133 9 4294967295 0 0
64 127067 8 4294967295 0 0
65 780651 8 4294967295 0 0
66 280093 8 4294967295 0 0
67 67 7 4294967295 0 0
68 787035 7 4294967295 0 0
69 945426 7 4294967295 0 0
70 274045 6 4294967295 0 0
71 856802 6 4294967295 0 0
72 442676 6 4294967295 0 0
73 349707 6 4294967295 0 0
74 644947 6 4294967295 0 0
75 661175 5 4294967295 0 0
76 92754 5 4294967295 0 0
77 110375 5 4294967295 0 0
78 534864 5 4294967295 0 0
79 98308 5 4294967295 0 0
80 829107 4 4294967295 0 0
81 725410 4 4294967295 0 0
82 80387 4 4294967295 0 0
83 279584 4 4294967295 0 0
84 844980 4 4294967295 0 0
85 84 4 4294967295 0 0
86 878755 4 4294967295 0 0
87 81 4 4294967295 0 0
88 695804 3 4294967295 0 0
89 796821 3 4294967295 0 0
90 316664 3 4294967295 0 0
91 872422 3 4294967295 0 0
92 73134 3 4294967295 0 0
93 198636 3 4294967295 0 0
94 92 3 4294967295 0 0
95 903922 3 4294967295 0 0
96 302259 3 4294967295 0 0
97 30473 3 4294967295 0 0
98 729218 3 4294967295 0 0
99 602385 3 4294967295 0 0
100 109 2 4294967295 0 0
101 106 2 4294967295 0 0
102 114 2 4294967295 0 0
103 257854 2 4294967295 0 0
104 90009 2 4294967295 0 0
105 132561 2 4294967295 0 0
106 469239 2 4294967295 0 0
107 262174 2 4294967295 0 0
108 954359 2 4294967295 0 0
109 179039 2 4294967295 0 0
110 75820 2 4294967295 0 0
111 998207 2 4294967295 0 0
112 97170 2 4294967295 0 0
113 858196 2 4294967295 0 0
114 892275 2 4294967295 0 0
115 989941 2 4294967295 0 0
116 814608 2 4294967295 0 0
117 315324 2 4294967295 0 0
118 426633 2 4294967295 0 0
119 415985 2 4294967295 0 0
120 156 1 4294967295 0 0
121 617842 1 4294967295 0 0
122 648635 1 4294967295 0 0
123 173 1 4294967295 0 0
124 793576 1 4294967295 0 0
125 168 1 4294967295 0 0
126 205864 1 4294967295 0 0
127 687311 1 4294967295 0 0
128 471589 1 4294967295 0 0
129 124395 1 4294967295 0 0
130 680959 1 4294967295 0 0
131 26171 1 4294967295 0 0
132 296578 1 4294967295 0 0
133 39874 1 4294967295 0 0
134 876644 1 4294967295 0 0
135 721413 1 4294967295 0 0
136 497674 1 4294967295 0 0
137 426568 1 4294967295 0 0
138 128256 1 4294967295 0 0
139 146225 1 4294967295 0 0
140 995672 1 4294967295 0 0
141 946002 1 4294967295 0 0
142 306864 1 4294967295 0 0
143 820046 1 4294967295 0 0
144 441682 1 4294967295 0 0
145 570238 1 4294967295 0 0
146 179885 1 4294967295 0 0
147 63803 1 4294967295 0 0
148 326861 1 4294967295 0 0
149 348451 1 4294967295 0 0
150 635963 1 4294967295 0 0
151 312915 1 4294967295 0 0
152 911927 1 4294967295 0 0
153 425619 1 4294967295 0 0
154 323799 1 4294967295 0 0
155 145 1 4294967295 0 0
156 540292 1 4294967295 0 0
157 877924 1 4294967295 0 0
158 878899 1 4294967295 0 0
159 817945 1 4294967295 0 0
160 74424 1 4294967295 0 0
161 380355 1 4294967295 0 0
