9765854 55555 0.000010
0 1039553 2210443 1039553 2210443 1
1 1334798 929377 1334798 929377 1
2 4211539 559858 4211539 559858 1
3 3137304 390755 3137304 390755 1
4 7084740 295642 7084740 295642 1
5 4778440 235391 4778440 235391 1
6 6133043 194136 6133043 194136 1
7 1321801 164292 1321801 164292 1
8 3602344 141800 3602344 141800 1
9 3444396 124302 3444396 124302 1
10 6406523 110341 6406523 110341 1
11 3152748 98970 3152748 98970 1
12 5048708 89547 5048708 89547 1
13 4767725 81624 4767725 81624 1
14 2470347 74880 2470347 74880 1
15 9792592 69076 9792592 69076 1
16 16 64035 16 64035 1
17 17 59620 17 59620 1
18 3841286 55723 3841286 55723 1
19 5561446 52263 5561446 52263 1
20 5541905 49171 5541905 49171 1
21 1622023 46393 1622023 46393 1
22 9366026 43885 9366026 43885 1
23 6749807 41612 6749807 41612 1
24 2102122 39542 2102122 39542 1
25 25 37650 25 37650 1
26 5935020 35915 5935020 35915 1
27 9709277 34319 9709277 34319 1
28 5619599 32846 5619599 32846 1
29 1751403 31483 1751403 31483 1
30 8197054 30219 8197054 30219 1
31 8448207 29043 8448207 29043 1
32 1615449 27947 1615449 27947 1
33 2612563 26923 2612563 26923 1
34 7050751 25965 7050751 25965 1
35 4976239 25067 4976239 25067 1
36 7088296 24223 7088296 24223 1
37 8181905 23429 8181905 23429 1
38 38 22680 38 22680 1
39 1957559 21974 1957559 21974 1
40 5818068 21306 5818068 21306 1
41 4852100 20674 4852100 20674 1
42 4132839 20074 4132839 20074 1
43 43 19506 43 19506 1
44 9503514 18965 9503514 18965 1
45 45 18452 45 18452 1
46 8932064 17962 8932064 17962 1
47 7395632 17496 7395632 17496 1
48 6267130 17050 6267130 17050 1
49 1105939 16625 1105939 16625 1
50 4818817 16219 4818817 16219 1
51 2202971 15830 2202971 15830 1
52 678277 15457 678277 15457 1
53 9466253 15100 9466253 15100 1
54 7215871 14758 7215871 14758 1
55 1042365 14429 1042365 14429 1
56 4401624 14114 4401624 14114 1
57 57 13810 57 13810 1
58 8752557 13518 8752557 13518 1
59 9234490 13237 9234490 13237 1
60 9265404 12966 9265404 12966 1
61 7217155 12705 7217155 12705 1
62 7741560 12454 7741560 12454 1
63 7752085 12211 7752085 12211 1
64 4249730 11977 4249730 11977 1
65 65 11750 65 11750 1
66 2748601 11531 2748601 11531 1
67 6457397 11320 6457397 11320 1
68 68 11115 68 11115 1
69 1086211 10917 1086211 10917 1
70 5676427 10725 5676427 10725 1
71 2806316 10539 2806316 10539 1
72 4427936 10359 4427936 10359 1
73 7422436 10184 7422436 10184 1
74 4575700 10015 4575700 10015 1
75 5667401 9851 5667401 9851 1
76 3971389 9691 3971389 9691 1
77 509928 9536 509928 9536 1
78 832383 9385 832383 9385 1
79 5828992 9239 5828992 9239 1
80 736761 9096 736761 9096 1
81 7823074 8958 7823074 8958 1
82 2610898 8823 2610898 8823 1
83 83 8692 83 8692 1
84 3836307 8565 3836307 8565 1
85 2139337 8440 2139337 8440 1
86 6173501 8319 6173501 8319 1
87 87 8201 87 8201 1
88 6970913 8086 6970913 8086 1
89 170181 7974 170181 7974 1
90 6797971 7865 6797971 7865 1
91 9307760 7758 9307760 7758 1
92 9760366 7654 9760366 7654 1
93 463070 7552 463070 7552 1
94 94 7453 94 7453 1
95 1034491 7356 1034491 7356 1
96 6298523 7261 6298523 7261 1
97 2567063 7169 2567063 7169 1
98 98 7078 98 7078 1
99 6216239 6990 6216239 6990 1
100 302443 6904 302443 6904 1
101 101 6819 101 6819 1
102 7368653 6736 7368653 6736 1
103 4896524 6656 4896524 6656 1
104 7473065 6576 7473065 6576 1
105 3883727 6499 3883727 6499 1
106 448087 6423 448087 6423 1
107 2497796 6349 2497796 6349 1
108 8143720 6276 8143720 6276 1
109 5746957 6205 5746957 6205 1
110 3365977 6135 3365977 6135 1
111 111 6067 111 6067 1
112 1551629 6000 1551629 6000 1
113 113 5934 113 5934 1
114 5127386 5870 5127386 5870 1
115 115 5806 115 5806 1
116 8774190 5744 8774190 5744 1
117 8436799 5684 8436799 5684 1
118 118 5624 118 5624 1
119 1623703 5565 1623703 5565 1
120 4488972 5508 4488972 5508 1
121 6973796 5452 6973796 5452 1
122 122 5396 122 5396 1
123 6555360 5342 6555360 5342 1
124 4157301 5289 4157301 5289 1
125 6271296 5236 6271296 5236 1
126 5648942 5185 5648942 5185 1
127 5382233 5134 5382233 5134 1
128 3993568 5084 3993568 5084 1
129 6088434 5036 6088434 5036 1
130 9612438 4988 9612438 4988 1
131 7509482 4940 7509482 4940 1
132 6456036 4894 6456036 4894 1
133 3612666 4848 3612666 4848 1
134 8758696 4804 8758696 4804 1
135 4368354 4759 4368354 4759 1
136 8582095 4716 8582095 4716 1
137 137 4673 137 4673 1
138 7767300 4631 7767300 4631 1
139 622912 4590 622912 4590 1
140 9541397 4549 9541397 4549 1
141 8758988 4509 8758988 4509 1
142 6554385 4470 6554385 4470 1
143 9533265 4431 9533265 4431 1
144 3991398 4393 3991398 4393 1
145 1409387 4356 1409387 4356 1
146 2480029 4318 2480029 4318 1
147 147 4282 147 4282 1
148 4950038 4246 4950038 4246 1
149 6797852 4211 6797852 4211 1
150 6010152 4176 6010152 4176 1
151 8322280 4142 8322280 4142 1
152 152 4108 152 4108 1
153 9524891 4075 9524891 4075 1
154 772542 4042 772542 4042 1
155 4922971 4009 4922971 4009 1
156 2545163 3977 2545163 3977 1
157 2627107 3946 2627107 3946 1
158 8090588 3915 8090588 3915 1
159 3048932 3884 3048932 3884 1
160 9423218 3854 9423218 3854 1
161 4893440 3825 4893440 3825 1
162 438817 3795 438817 3795 1
163 8521691 3766 8521691 3766 1
164 190280 3738 190280 3738 1
165 5580835 3710 5580835 3710 1
166 9576574 3682 9576574 3682 1
167 4794101 3655 4794101 3655 1
168 6729913 3628 6729913 3628 1
169 2154098 3601 2154098 3601 1
170 432895 3575 432895 3575 1
171 9363808 3549 9363808 3549 1
172 6907295 3523 6907295 3523 1
173 3240780 3498 3240780 3498 1
174 174 3473 174 3473 1
175 175 3448 175 3448 1
176 4288623 3424 4288623 3424 1
177 7704295 3400 7704295 3400 1
178 9512579 3376 9512579 3376 1
179 6095681 3353 6095681 3353 1
180 6578590 3330 6578590 3330 1
181 181 3307 181 3307 1
182 182 3284 182 3284 1
183 4038686 3262 4038686 3262 1
184 184 3240 184 3240 1
185 9879203 3218 9879203 3218 1
186 8913949 3197 8913949 3197 1
187 7432308 3175 7432308 3175 1
188 5517840 3154 5517840 3154 1
189 2491882 3134 2491882 3134 1
190 8302373 3113 8302373 3113 1
191 6546311 3093 6546311 3093 1
192 5225977 3073 5225977 3073 1
193 193 3053 193 3053 1
194 4028464 3033 4028464 3033 1
195 6384861 3014 6384861 3014 1
196 1124658 2995 1124658 2995 1
197 5353187 2976 5353187 2976 1
198 4551515 2957 4551515 2957 1
199 737008 2939 737008 2939 1
200 7897924 2921 7897924 2921 1
201 6460767 2903 6460767 2903 1
202 8610409 2885 8610409 2885 1
203 2891872 2867 2891872 2867 1
204 4751813 2850 4751813 2850 1
205 465269 2832 465269 2832 1
206 3162508 2815 3162508 2815 1
207 4268356 2798 4268356 2798 1
208 9308562 2782 9308562 2782 1
209 238557 2765 238557 2765 1
210 6851653 2749 6851653 2749 1
211 5747514 2732 5747514 2732 1
212 2811052 2716 2811052 2716 1
213 4547674 2701 4547674 2701 1
214 8787004 2685 8787004 2685 1
215 1774061 2669 1774061 2669 1
216 216 2654 216 2654 1
217 1027573 2639 1027573 2639 1
218 2615140 2624 2615140 2624 1
219 4700162 2609 4700162 2609 1
220 7941122 2594 7941122 2594 1
221 2547902 2580 2547902 2580 1
222 2183827 2565 2183827 2565 1
223 1148627 2551 1148627 2551 1
224 8512732 2537 8512732 2537 1
225 5491079 2523 5491079 2523 1
226 9323702 2509 9323702 2509 1
227 719093 2495 719093 2495 1
228 673407 2481 673407 2481 1
229 4679021 2468 4679021 2468 1
230 1194314 2455 1194314 2455 1
231 8459317 2441 8459317 2441 1
232 232 2428 232 2428 1
233 233 2415 233 2415 1
234 8609497 2402 8609497 2402 1
235 6027228 2390 6027228 2390 1
236 7639695 2377 7639695 2377 1
237 676094 2365 676094 2365 1
238 7633046 2352 7633046 2352 1
239 8358773 2340 8358773 2340 1
240 9679071 2328 9679071 2328 1
241 303916 2316 303916 2316 1
242 21522 2304 21522 2304 1
243 9355040 2292 9355040 2292 1
244 6975580 2280 6975580 2280 1
245 1656888 2269 1656888 2269 1
246 1482929 2257 1482929 2257 1
247 6756458 2246 6756458 2246 1
248 614072 2235 614072 2235 1
249 2404366 2224 2404366 2224 1
250 9244073 2213 9244073 2213 1
251 7432945 2202 7432945 2202 1
252 9343886 2191 9343886 2191 1
253 7375426 2180 7375426 2180 1
254 4704406 2169 4704406 2169 1
255 231244 2159 231244 2159 1
256 8028416 2148 8028416 2148 1
257 9506573 2138 9506573 2138 1
258 9780790 2127 9780790 2127 1
259 8659422 2117 8659422 2117 1
260 2868941 2107 2868941 2107 1
261 8130370 2097 8130370 2097 1
262 9938174 2087 9938174 2087 1
263 6868924 2077 6868924 2077 1
264 7936923 2067 7936923 2067 1
265 1168780 2058 1168780 2058 1
266 9414406 2048 9414406 2048 1
267 267 2039 267 2039 1
268 8549770 2029 8549770 2029 1
269 6067145 2020 6067145 2020 1
270 6306962 2010 6306962 2010 1
271 9805126 2001 9805126 2001 1
272 928570 1992 928570 1992 1
273 1633814 1983 1633814 1983 1
274 2514858 1974 2514858 1974 1
275 42339 1965 42339 1965 1
276 796346 1956 796346 1956 1
277 1920346 1947 1920346 1947 1
278 4349113 1939 4349113 1939 1
279 9553112 1930 9553112 1930 1
280 1236292 1921 1236292 1921 1
281 8344541 1913 8344541 1913 1
282 7477169 1904 7477169 1904 1
283 2696880 1896 2696880 1896 1
284 8612708 1888 8612708 1888 1
285 862194 1879 862194 1879 1
286 286 1871 286 1871 1
287 287 1863 287 1863 1
288 288 1855 288 1855 1
289 9242110 1847 9242110 1847 1
290 7255572 1839 7255572 1839 1
291 2887928 1831 2887928 1831 1
292 292 1823 292 1823 1
293 293 1816 293 1816 1
294 294 1808 294 1808 1
295 3869514 1800 3869514 1800 1
296 296 1793 296 1793 1
297 6037879 1785 6037879 1785 1
298 4908297 1778 4908297 1778 1
299 8070840 1770 8070840 1770 1
300 300 1763 300 1763 1
301 2773854 1756 2773854 1756 1
302 371405 1749 371405 1749 1
303 2268861 1741 2268861 1741 1
304 50020 1734 50020 1734 1
305 6115677 1727 6115677 1727 1
306 3724198 1720 3724198 1720 1
307 7792207 1713 7792207 1713 1
308 1324447 1706 1324447 1706 1
309 7447559 1699 7447559 1699 1
310 50139 1693 50139 1693 1
311 2201885 1686 2201885 1686 1
312 3529458 1679 3529458 1679 1
313 442479 1672 442479 1672 1
314 529628 1666 529628 1666 1
315 5385372 1659 5385372 1659 1
316 9958128 1653 9958128 1653 1
317 7569061 1646 7569061 1646 1
318 9094667 1640 9094667 1640 1
319 2725555 1633 2725555 1633 1
320 320 1627 320 1627 1
321 3396942 1621 3396942 1621 1
322 2237715 1614 2237715 1614 1
323 4545179 1608 4545179 1608 1
324 4368652 1602 4368652 1602 1
325 2389422 1596 2389422 1596 1
326 3014990 1590 3014990 1590 1
327 468563 1584 468563 1584 1
328 9704765 1578 9704765 1578 1
329 1111927 1572 1111927 1572 1
330 1874597 1566 1874597 1566 1
331 5382349 1560 5382349 1560 1
332 8405167 1554 8405167 1554 1
333 9273767 1548 9273767 1548 1
334 9690227 1542 9690227 1542 1
335 9332136 1537 9332136 1537 1
336 1769401 1531 1769401 1531 1
337 7393579 1525 7393579 1525 1
338 2343517 1520 2343517 1520 1
339 4307791 1514 4307791 1514 1
340 852138 1508 852138 1508 1
341 341 1503 341 1503 1
342 342 1497 342 1497 1
343 4637871 1492 4637871 1492 1
344 9338315 1487 9338315 1487 1
345 8576206 1481 8576206 1481 1
346 346 1476 346 1476 1
347 1124938 1471 1124938 1471 1
348 8241752 1465 8241752 1465 1
349 6583060 1460 6583060 1460 1
350 1636802 1455 1636802 1455 1
351 3028323 1450 3028323 1450 1
352 3140608 1445 3140608 1445 1
353 2567560 1440 2567560 1440 1
354 354 1434 354 1434 1
355 355 1429 355 1429 1
356 9958664 1424 9958664 1424 1
357 2530398 1419 2530398 1419 1
358 8060135 1415 8060135 1415 1
359 8882576 1410 8882576 1410 1
360 234484 1405 234484 1405 1
361 5887704 1400 5887704 1400 1
362 4100845 1395 4100845 1395 1
363 7961197 1390 7961197 1390 1
364 8453000 1386 8453000 1386 1
365 2554116 1381 2554116 1381 1
366 6891020 1376 6891020 1376 1
367 7566340 1371 7566340 1371 1
368 368 1367 368 1367 1
369 4912338 1362 4912338 1362 1
370 587166 1358 587166 1358 1
371 2935740 1353 2935740 1353 1
372 9112575 1348 9112575 1348 1
373 5701322 1344 5701322 1344 1
374 6421252 1339 6421252 1339 1
375 6112591 1335 6112591 1335 1
376 2556990 1331 2556990 1331 1
377 7361539 1326 7361539 1326 1
378 3444532 1322 3444532 1322 1
379 163395 1317 163395 1317 1
380 8103535 1313 8103535 1313 1
381 9794837 1309 9794837 1309 1
382 382 1305 382 1305 1
383 6876830 1300 6876830 1300 1
384 7525747 1296 7525747 1296 1
385 9398911 1292 9398911 1292 1
386 2952995 1288 2952995 1288 1
387 9165661 1284 9165661 1284 1
388 8797389 1280 8797389 1280 1
389 389 1275 389 1275 1
390 1598212 1271 1598212 1271 1
391 8688871 1267 8688871 1267 1
392 160381 1263 160381 1263 1
393 922356 1259 922356 1259 1
394 3321446 1255 3321446 1255 1
395 9591774 1251 9591774 1251 1
396 7811628 1247 7811628 1247 1
397 6516674 1243 6516674 1243 1
398 7272772 1240 7272772 1240 1
399 891140 1236 891140 1236 1
400 3191532 1232 3191532 1232 1
401 8546836 1228 8546836 1228 1
402 402 1224 402 1224 1
403 9815448 1220 9815448 1220 1
404 8211117 1217 8211117 1217 1
405 405 1213 405 1213 1
406 1871175 1209 1871175 1209 1
407 7465056 1205 7465056 1205 1
408 1648994 1202 1648994 1202 1
409 409 1198 409 1198 1
410 727885 1194 727885 1194 1
411 7355198 1191 7355198 1191 1
412 6156958 1187 6156958 1187 1
413 7185338 1184 7185338 1184 1
414 3585881 1180 3585881 1180 1
415 9210616 1177 9210616 1177 1
416 416 1173 416 1173 1
417 6824405 1170 6824405 1170 1
418 3607721 1166 3607721 1166 1
419 2331773 1163 2331773 1163 1
420 420 1159 420 1159 1
421 421 1156 421 1156 1
422 7333496 1152 7333496 1152 1
423 2415768 1149 2415768 1149 1
424 6626112 1145 6626112 1145 1
425 5387753 1142 5387753 1142 1
426 3498654 1139 3498654 1139 1
427 8006384 1135 8006384 1135 1
428 9549535 1132 9549535 1132 1
429 4818440 1129 4818440 1129 1
430 8416280 1126 8416280 1126 1
431 6609818 1122 6609818 1122 1
432 2954668 1119 2954668 1119 1
433 5714036 1116 5714036 1116 1
434 4408511 1113 4408511 1113 1
435 1049034 1109 1049034 1109 1
436 436 1106 436 1106 1
437 437 1103 437 1103 1
438 9411772 1100 9411772 1100 1
439 8586761 1097 8586761 1097 1
440 8265720 1094 8265720 1094 1
441 6808351 1091 6808351 1091 1
442 6991417 1088 6991417 1088 1
443 8242452 1085 8242452 1085 1
444 7779208 1082 7779208 1082 1
445 445 1078 445 1078 1
446 2027724 1075 2027724 1075 1
447 9405892 1072 9405892 1072 1
448 448 1069 448 1069 1
449 1864777 1067 1864777 1067 1
450 450 1064 450 1064 1
451 2426983 1061 2426983 1061 1
452 9667976 1058 9667976 1058 1
453 4589939 1055 4589939 1055 1
454 4568516 1052 4568516 1052 1
455 1966488 1049 1966488 1049 1
456 4743150 1046 4743150 1046 1
457 6641958 1043 6641958 1043 1
458 6453909 1040 6453909 1040 1
459 7803478 1038 7803478 1038 1
460 1040440 1035 1040440 1035 1
461 461 1032 461 1032 1
462 8076817 1029 8076817 1029 1
463 463 1026 463 1026 1
464 2860008 1024 2860008 1024 1
465 7779943 1021 7779943 1021 1
466 4224978 1018 4224978 1018 1
467 4145247 1015 4145247 1015 1
468 468 1013 468 1013 1
469 6152239 1010 6152239 1010 1
470 6416869 1007 6416869 1007 1
471 471 1005 471 1005 1
472 6831866 1002 6831866 1002 1
473 5413836 999 5413836 999 1
474 2569951 997 2569951 997 1
475 1631696 994 1631696 994 1
476 3361148 992 3361148 992 1
477 477 989 477 989 1
478 8568834 986 8568834 986 1
479 3521172 984 3521172 984 1
480 480 981 480 981 1
481 9809225 979 9809225 979 1
482 9289126 976 9289126 976 1
483 9291433 974 9291433 974 1
484 3616602 971 3616602 971 1
485 6690235 969 6690235 969 1
486 6384896 966 6384896 966 1
487 5674083 964 5674083 964 1
488 3751487 961 3751487 961 1
489 4046608 959 4046608 959 1
490 9225138 956 9225138 956 1
491 4332798 954 4332798 954 1
492 492 952 492 952 1
493 33900 949 33900 949 1
494 1884924 947 1884924 947 1
495 1195402 944 1195402 944 1
496 1299196 942 1299196 942 1
497 2457628 940 2457628 940 1
498 4719567 937 4719567 937 1
499 6136948 935 6136948 935 1
500 2893271 933 2893271 933 1
501 1047730 930 1047730 930 1
502 751857 928 751857 928 1
503 5601722 926 5601722 926 1
504 1868659 923 1868659 923 1
505 505 921 505 921 1
506 1362345 919 1362345 919 1
507 507 917 507 917 1
508 4422 914 4422 914 1
509 2053578 912 2053578 912 1
510 7795021 910 7795021 910 1
511 7967958 908 7967958 908 1
512 2483776 905 2483776 905 1
513 7198607 903 7198607 903 1
514 8225350 901 8225350 901 1
515 7431640 899 7431640 899 1
516 9199303 897 9199303 897 1
517 517 894 517 894 1
518 467405 892 467405 892 1
519 9966506 890 9966506 890 1
520 520 888 520 888 1
521 521 886 521 886 1
522 5594389 884 5594389 884 1
523 4100272 882 4100272 882 1
524 4355423 880 4355423 880 1
525 1830977 877 1830977 877 1
526 948466 875 948466 875 1
527 607309 873 607309 873 1
528 2387899 871 2387899 871 1
529 1996264 869 1996264 869 1
530 7272128 867 7272128 867 1
531 694552 865 694552 865 1
532 5031776 863 5031776 863 1
533 2940903 861 2940903 861 1
534 6499788 859 6499788 859 1
535 2487656 857 2487656 857 1
536 2559643 855 2559643 855 1
537 5051381 853 5051381 853 1
538 6430295 851 6430295 851 1
539 9457862 849 9457862 849 1
540 2387965 847 2387965 847 1
541 6989518 845 6989518 845 1
542 1861473 843 1861473 843 1
543 4019404 841 4019404 841 1
544 5355406 839 5355406 839 1
545 7945620 838 7945620 838 1
546 7352364 836 7352364 836 1
547 547 834 547 834 1
548 548 832 548 832 1
549 549 830 549 830 1
550 1202905 828 1202905 828 1
551 2711642 826 2711642 826 1
552 4764986 824 4764986 824 1
553 63057 822 63057 822 1
554 5939105 821 5939105 821 1
555 5462913 819 5462913 819 1
556 4682245 817 4682245 817 1
557 8610799 815 8610799 815 1
558 5306657 813 5306657 813 1
559 2447005 811 2447005 811 1
560 5107329 810 5107329 810 1
561 561 808 561 808 1
562 1935452 806 1935452 806 1
563 4794985 804 4794985 804 1
564 835956 802 835956 802 1
565 2283643 801 2283643 801 1
566 8948829 799 8948829 799 1
567 6228736 797 6228736 797 1
568 1608644 795 1608644 795 1
569 1118153 794 1118153 794 1
570 570 792 570 792 1
571 8334158 790 8334158 790 1
572 2822571 788 2822571 788 1
573 9082679 787 9082679 787 1
574 1385529 785 1385529 785 1
575 575 783 575 783 1
576 1192208 782 1192208 782 1
577 4792694 780 4792694 780 1
578 6205984 778 6205984 778 1
579 3971821 777 3971821 777 1
580 2486685 775 2486685 775 1
581 2854400 773 2854400 773 1
582 6229701 772 6229701 772 1
583 2574702 770 2574702 770 1
584 694999 768 694999 768 1
585 149223 767 149223 767 1
586 8735128 765 8735128 765 1
587 5239904 763 5239904 763 1
588 588 762 588 762 1
589 9859973 760 9859973 760 1
590 3807179 759 3807179 759 1
591 2847978 757 2847978 757 1
592 848685 755 848685 755 1
593 2759085 754 2759085 754 1
594 7458873 752 7458873 752 1
595 2797590 751 2797590 751 1
596 6081732 749 6081732 749 1
597 997166 747 997166 747 1
598 8610589 746 8610589 746 1
599 8311932 744 8311932 744 1
600 1295772 743 1295772 743 1
601 601 741 601 741 1
602 809889 740 809889 740 1
603 2567445 738 2567445 738 1
604 2413448 737 2413448 737 1
605 3344009 735 3344009 735 1
606 4155091 734 4155091 734 1
607 3534157 732 3534157 732 1
608 8740674 731 8740674 731 1
609 6354382 729 6354382 729 1
610 610 728 610 728 1
611 9337029 726 9337029 726 1
612 612 725 612 725 1
613 2455859 723 2455859 723 1
614 2952338 722 2952338 722 1
615 5261391 720 5261391 720 1
616 7068748 719 7068748 719 1
617 4973647 717 4973647 717 1
618 4711531 716 4711531 716 1
619 6210449 714 6210449 714 1
620 1134350 713 1134350 713 1
621 9406706 712 9406706 712 1
622 1534617 710 1534617 710 1
623 8865180 709 8865180 709 1
624 608452 707 608452 707 1
625 3312002 706 3312002 706 1
626 3328206 705 3328206 705 1
627 627 703 627 703 1
628 3957919 702 3957919 702 1
629 1808016 700 1808016 700 1
630 630 699 630 699 1
631 2910463 698 2910463 698 1
632 2403683 696 2403683 696 1
633 9877110 695 9877110 695 1
634 634 693 634 693 1
635 8655252 692 8655252 692 1
636 3939680 691 3939680 691 1
637 637 689 637 689 1
638 2526805 688 2526805 688 1
639 9481674 687 9481674 687 1
640 6850775 685 6850775 685 1
641 8964938 684 8964938 684 1
642 2444933 683 2444933 683 1
643 4165868 681 4165868 681 1
644 5810081 680 5810081 680 1
645 7852601 679 7852601 679 1
646 7287793 677 7287793 677 1
647 647 676 647 676 1
648 1246035 675 1246035 675 1
649 3977136 673 3977136 673 1
650 480411 672 480411 672 1
651 1445049 671 1445049 671 1
652 652 670 652 670 1
653 9337715 668 9337715 668 1
654 5135033 667 5135033 667 1
655 1081907 666 1081907 666 1
656 3534740 665 3534740 665 1
657 3077096 663 3077096 663 1
658 8729125 662 8729125 662 1
659 2016551 661 2016551 661 1
660 843298 660 843298 660 1
661 7529189 658 7529189 658 1
662 671129 657 671129 657 1
663 663 656 663 656 1
664 5468583 655 5468583 655 1
665 894219 653 894219 653 1
666 3169894 652 3169894 652 1
667 3414151 651 3414151 651 1
668 7465002 650 7465002 650 1
669 7141818 648 7141818 648 1
670 9618282 647 9618282 647 1
671 3523607 646 3523607 646 1
672 3928391 645 3928391 645 1
673 3458917 644 3458917 644 1
674 8139125 642 8139125 642 1
675 3124154 641 3124154 641 1
676 8249672 640 8249672 640 1
677 7063754 639 7063754 639 1
678 3524523 638 3524523 638 1
679 2283060 637 2283060 637 1
680 2250618 635 2250618 635 1
681 8332488 634 8332488 634 1
682 682 633 682 633 1
683 4384168 632 4384168 632 1
684 62121 631 62121 631 1
685 685 630 685 630 1
686 6569340 628 6569340 628 1
687 898525 627 898525 627 1
688 2405301 626 2405301 626 1
689 7754272 625 7754272 625 1
690 3828031 624 3828031 624 1
691 5422167 623 5422167 623 1
692 692 622 692 622 1
693 693 621 693 621 1
694 694 619 694 619 1
695 2140522 618 2140522 618 1
696 4538310 617 4538310 617 1
697 697 616 697 616 1
698 7379929 615 7379929 615 1
699 3446780 614 3446780 614 1
700 7385987 613 7385987 613 1
701 2034656 612 2034656 612 1
702 699129 611 699129 611 1
703 5335483 610 5335483 610 1
704 7848042 608 7848042 608 1
705 3488629 607 3488629 607 1
706 185281 606 185281 606 1
707 707 605 707 605 1
708 708 604 708 604 1
709 205689 603 205689 603 1
710 7038224 602 7038224 602 1
711 8164847 601 8164847 601 1
712 7307986 600 7307986 600 1
713 2994398 599 2994398 599 1
714 714 598 714 598 1
715 6588758 597 6588758 597 1
716 322359 596 322359 596 1
717 4234165 595 4234165 595 1
718 8195247 594 8195247 594 1
719 719 593 719 593 1
720 3082131 592 3082131 592 1
721 2408238 591 2408238 591 1
722 2696440 590 2696440 590 1
723 1360277 589 1360277 589 1
724 5275360 588 5275360 588 1
725 725 587 725 587 1
726 7113548 586 7113548 586 1
727 456712 585 456712 585 1
728 5175989 584 5175989 584 1
729 1660139 583 1660139 583 1
730 730 582 730 582 1
731 3427007 581 3427007 581 1
732 6393285 580 6393285 580 1
733 3074515 579 3074515 579 1
734 6143873 578 6143873 578 1
735 5764904 577 5764904 577 1
736 736 576 736 576 1
737 4408995 575 4408995 575 1
738 3761332 574 3761332 574 1
739 4752733 573 4752733 573 1
740 9240223 572 9240223 572 1
741 7796860 571 7796860 571 1
742 9225150 570 9225150 570 1
743 743 569 743 569 1
744 74407 568 74407 568 1
745 142397 567 142397 567 1
746 4891179 566 4891179 566 1
747 9666189 565 9666189 565 1
748 7001815 564 7001815 564 1
749 7575669 563 7575669 563 1
750 8913996 562 8913996 562 1
751 125687 561 125687 561 1
752 9062956 560 9062956 560 1
753 2401889 559 2401889 559 1
754 7220579 559 7220579 559 1
755 3592845 558 3592845 558 1
756 4815969 557 4815969 557 1
757 2306282 556 2306282 556 1
758 2576847 555 2576847 555 1
759 3085241 554 3085241 554 1
760 3343418 553 3343418 553 1
761 176144 552 176144 552 1
762 9058420 551 9058420 551 1
763 4513201 550 4513201 550 1
764 8365114 549 8365114 549 1
765 7520180 549 7520180 549 1
766 8949213 548 8949213 548 1
767 7156203 547 7156203 547 1
768 4902866 546 4902866 546 1
769 769 545 769 545 1
770 8048219 544 8048219 544 1
771 8038501 543 8038501 543 1
772 651735 542 651735 542 1
773 2783193 541 2807022 541 0
774 2807022 541 2783193 541 0
775 769453 540 769453 540 1
776 1541654 539 1541654 539 1
777 3651504 538 3651504 538 1
778 8167339 537 8167339 537 1
779 2922433 536 2922433 536 1
780 7893285 535 1310532 535 0
781 1310532 535 7893285 535 0
782 4482298 534 4482298 534 1
783 9243023 533 9243023 533 1
784 2406085 532 2406085 532 1
785 785 531 785 531 1
786 8590879 530 8590879 530 1
787 8897863 529 3969902 529 0
788 3969902 529 8897863 529 0
789 8191557 528 8191557 528 1
790 6833055 527 6833055 527 1
791 3721055 526 3721055 526 1
792 9479541 525 9479541 525 1
793 5864872 524 5864872 524 1
794 794 524 794 524 1
795 2495082 523 2495082 523 1
796 5838336 522 5838336 522 1
797 7502794 521 7502794 521 1
798 9521010 520 1196230 520 0
799 1196230 520 9521010 520 0
800 1608823 519 1608823 519 1
801 8516191 518 8516191 518 1
802 8306334 517 8306334 517 1
803 8915692 516 8915692 516 1
804 8159934 516 8159934 516 1
805 6554669 515 6554669 515 1
806 6781221 514 6781221 514 1
807 27659 513 27659 513 1
808 8944855 512 4009456 512 0
809 4009456 512 8944855 512 0
810 8473843 511 8473843 511 1
811 706795 510 706795 510 1
812 8579441 509 8579441 509 1
813 537630 508 537630 508 1
814 813 508 813 508 1
815 9533128 507 9533128 507 1
816 9502308 506 9502308 506 1
817 1612248 505 6989028 505 0
818 6989028 505 1612248 505 0
819 230996 504 230996 504 1
820 8519549 503 8519549 503 1
821 2944663 502 2944663 502 1
822 4086199 501 823 501 0
823 823 501 4086199 501 0
824 9507991 500 9507991 500 1
825 9565550 499 9565550 499 1
826 1142747 498 9833533 498 0
827 9833533 498 1142747 498 0
828 3619045 497 3619045 497 1
829 6495892 496 6495892 496 1
830 9681319 495 9681319 495 1
831 7254102 495 7254102 495 1
832 6718850 494 6718850 494 1
833 9826103 493 9826103 493 1
834 9830206 492 9830206 492 1
835 5466670 492 5466670 492 1
836 7147412 491 7147412 491 1
837 9016879 490 5132190 490 0
838 5132190 490 9016879 490 0
839 7284675 489 7284675 489 1
840 2363754 488 2363754 488 1
841 343116 487 9260858 487 0
842 9260858 487 343116 487 0
843 97722 486 97722 486 1
844 844 485 844 485 1
845 6140743 484 6140743 484 1
846 5464282 484 5464282 484 1
847 8117415 483 8117415 483 1
848 849 482 849 482 1
849 9204683 482 9204683 482 1
850 7927644 481 7927644 481 1
851 7210190 480 9071382 480 0
852 9071382 480 7210190 480 0
853 5629403 479 5629403 479 1
854 4944996 478 4944996 478 1
855 8259783 477 856 477 0
856 856 477 8259783 477 0
857 857 476 857 476 1
858 8524525 475 8524525 475 1
859 4257770 475 4257770 475 1
860 2472318 474 2472318 474 1
861 6855209 473 6855209 473 1
862 7111572 473 7111572 473 1
863 4426821 472 4426821 472 1
864 864 471 1738451 471 0
865 1738451 471 864 471 0
866 2900617 470 2900617 470 1
867 8299836 469 8299836 469 1
868 5691724 468 5691724 468 1
869 3688338 468 3688338 468 1
870 3335247 467 3335247 467 1
871 7075174 466 937191 466 0
872 937191 466 7075174 466 0
873 9989723 465 9989723 465 1
874 2284200 464 9666567 464 0
875 9666567 464 2284200 464 0
876 2494989 463 2494989 463 1
877 2446779 462 391307 462 0
878 391307 462 2446779 462 0
879 879 461 879 461 1
880 1146662 461 1146662 461 1
881 4402141 460 4402141 460 1
882 5431797 459 8035021 459 0
883 8035021 459 5431797 459 0
884 4047543 458 4047543 458 1
885 7050661 457 7050661 457 1
886 2922550 457 2922550 457 1
887 8945043 456 8945043 456 1
888 33400 455 33400 455 1
889 5369897 455 5369897 455 1
890 3008199 454 3008199 454 1
891 1025359 453 1025359 453 1
892 7425579 453 7425579 453 1
893 1405170 452 893 452 0
894 893 452 1405170 452 0
895 1607309 451 1607309 451 1
896 3808064 450 3808064 450 1
897 7692514 450 7692514 450 1
898 327883 449 327883 449 1
899 9851784 448 9851784 448 1
900 900 448 900 448 1
901 3968700 447 3968700 447 1
902 2570630 447 2570630 447 1
903 6191445 446 6191445 446 1
904 7720610 445 88668 445 0
905 88668 445 7720610 445 0
906 2922463 444 2922463 444 1
907 3171090 443 5860778 443 0
908 5860778 443 3171090 443 0
909 5643966 442 910 442 0
910 910 442 5643966 442 0
911 6472351 441 6472351 441 1
912 4843278 440 4843278 440 1
913 912 440 912 440 1
914 2883327 439 1986366 439 0
915 1986366 439 2883327 439 0
916 8738114 438 8738114 438 1
917 917 437 917 437 1
918 3864667 437 3864667 437 1
919 1037650 436 8551065 436 0
920 8551065 436 1037650 436 0
921 921 435 921 435 1
922 3524698 434 3524698 434 1
923 1622452 434 1622452 434 1
924 6125045 433 103181 433 0
925 103181 433 6125045 433 0
926 2040083 432 5795399 432 0
927 5795399 432 2040083 432 0
928 1045366 431 1045366 431 1
929 9353831 430 8225707 430 0
930 8225707 430 9353831 430 0
931 932 429 7383761 429 0
932 7383761 429 932 429 0
933 7292186 428 9601223 428 0
934 9601223 428 7292186 428 0
935 1906414 427 1906414 427 1
936 6935178 426 936 426 0
937 936 426 6935178 426 0
938 2384031 425 2384031 425 1
939 4247488 425 4247488 425 1
940 4555317 424 4555317 424 1
941 6023858 424 6023858 424 1
942 8329710 423 8329710 423 1
943 2770481 422 999293 422 0
944 999293 422 2770481 422 0
945 3795008 421 945 421 0
946 945 421 3795008 421 0
947 7685169 420 7685169 420 1
948 6960094 420 6960094 420 1
949 3291593 419 9551495 419 0
950 9551495 419 3291593 419 0
951 1364679 418 1364679 418 1
952 2434973 417 1033764 417 0
953 1033764 417 2434973 417 0
954 3575802 416 7836512 416 0
955 7836512 416 3575802 416 0
956 9623626 415 550416 415 0
957 550416 415 9623626 415 0
958 3022575 414 3022575 414 1
959 958 414 958 414 1
960 7961501 413 7961501 413 1
961 370255 413 370255 413 1
962 3363581 412 6753904 412 0
963 6753904 412 3363581 412 0
964 5605338 411 5605338 411 1
965 1733321 410 1733321 410 1
966 4665440 410 4665440 410 1
967 7019183 409 7019183 409 1
968 967 409 967 409 1
969 2659436 408 2659436 408 1
970 7804189 408 7804189 408 1
971 5699182 407 5699182 407 1
972 6795822 407 6795822 407 1
973 2898988 406 2898988 406 1
974 204447 406 204447 406 1
975 1620558 405 2037575 405 0
976 2037575 405 1620558 405 0
977 4779425 404 4779425 404 1
978 7750741 404 7750741 404 1
979 979 403 979 403 1
980 7381382 403 7381382 403 1
981 9816660 402 9816660 402 1
982 6328794 402 6328794 402 1
983 9365650 401 1537313 401 0
984 1537313 401 9365650 401 0
985 2779350 400 985 400 0
986 985 400 2779350 400 0
987 987 399 4150486 399 0
988 4150486 399 987 399 0
989 990 398 990 398 1
990 6217633 398 6217633 398 1
991 8005480 397 4861071 397 0
992 4861071 397 8005480 397 0
993 994 396 994 396 1
994 1882546 396 1882546 396 1
995 2702298 395 2702298 395 1
996 9447883 395 9447883 395 1
997 8130421 394 3276697 394 0
998 3276697 394 8130421 394 0
999 2335328 393 2335328 393 1
1000 8739541 393 8739541 393 1
1001 2090565 392 7315008 392 0
1002 7315008 392 2090565 392 0
1003 6190782 391 8796981 391 0
1004 8796981 391 6190782 391 0
1005 2534803 390 2756956 390 0
1006 2756956 390 2534803 390 0
1007 7126214 389 7126214 389 1
1008 6237017 389 6237017 389 1
1009 5402930 388 5402930 388 1
1010 9085357 388 9085357 388 1
1011 936678 387 1011 387 0
1012 1011 387 936678 387 0
1013 7759203 386 2885443 386 0
1014 2885443 386 7759203 386 0
1015 6194961 385 6194961 385 1
1016 1016 385 1016 385 1
1017 3705152 384 3705152 384 1
1018 9435246 384 9435246 384 1
1019 1020 383 1020 383 1
1020 6136765 383 9553946 383 0
1021 9553946 383 6136765 383 0
1022 5139257 382 5139257 382 1
1023 942966 382 942966 382 1
1024 5003832 381 4758952 381 0
1025 4758952 381 5003832 381 0
1026 2825137 380 2825137 380 1
1027 6076874 380 6076874 380 1
1028 9960346 379 9960346 379 1
1029 4812217 379 4812217 379 1
1030 4334992 378 4334992 378 1
1031 3462564 378 3462564 378 1
1032 159810 377 159810 377 1
1033 6159203 377 6159203 377 1
1034 7493023 377 7493023 377 1
1035 8725436 376 8725436 376 1
1036 6919541 376 6919541 376 1
1037 1037 375 1037 375 1
1038 1038 375 1038 375 1
1039 7692873 374 7692873 374 1
1040 6044856 374 6044856 374 1
1041 3285724 373 3193206 373 0
1042 3193206 373 3285724 373 0
1043 3393759 372 9224503 372 0
1044 9224503 372 2190338 372 0
1045 2190338 372 3393759 372 0
1046 9917381 371 5571956 371 0
1047 5571956 371 9917381 371 0
1048 5208466 370 7303075 370 0
1049 7303075 370 5208466 370 0
1050 7269919 369 7269919 369 1
1051 7128910 369 7128910 369 1
1052 5967091 369 5967091 369 1
1053 2454098 368 2454098 368 1
1054 7650791 368 7650791 368 1
1055 3160537 367 3160537 367 1
1056 6861672 367 6861672 367 1
1057 4237759 366 1057 366 0
1058 1057 366 4237759 366 0
1059 6883631 365 1059 365 0
1060 2776844 365 2776844 365 1
1061 1059 365 6883631 365 0
1062 4896458 364 4896458 364 1
1063 3628442 364 3628442 364 1
1064 9406529 363 9406529 363 1
1065 4246129 363 4246129 363 1
1066 9222373 362 3773470 362 0
1067 5482766 362 5482766 362 1
1068 3773470 362 9222373 362 0
1069 5419215 361 6585584 361 0
1070 6585584 361 5419215 361 0
1071 8505936 360 8505936 360 1
1072 1072 360 1072 360 1
1073 4909309 360 4909309 360 1
1074 4132538 359 4098925 359 0
1075 4098925 359 4132538 359 0
1076 9398031 358 6660577 358 0
1077 6660577 358 9398031 358 0
1078 3296830 357 2436135 357 0
1079 7371621 357 3296830 357 0
1080 2436135 357 7371621 357 0
1081 7242380 356 7242380 356 1
1082 842433 356 842433 356 1
1083 5714314 355 4876655 355 0
1084 4876655 355 3001812 355 0
1085 3001812 355 5714314 355 0
1086 5479606 354 5822138 354 0
1087 5822138 354 5479606 354 0
1088 9434515 353 9434515 353 1
1089 1089 353 1089 353 1
1090 5543230 353 5543230 353 1
1091 7836206 352 7836206 352 1
1092 3801511 352 3801511 352 1
1093 3171910 351 3814731 351 0
1094 8276959 351 3171910 351 0
1095 3814731 351 8276959 351 0
1096 964762 350 5247008 350 0
1097 5247008 350 964762 350 0
1098 1677823 349 1012070 349 0
1099 1099 349 1677823 349 0
1100 1012070 349 1099 349 0
1101 3256266 348 3256266 348 1
1102 1557604 348 1557604 348 1
1103 7623087 347 9938528 347 0
1104 9938528 347 7623087 347 0
1105 5340519 347 5340519 347 1
1106 9183977 346 6719334 346 0
1107 6719334 346 9183977 346 0
1108 9475635 345 8189082 345 0
1109 8322754 345 8322754 345 1
1110 8189082 345 9475635 345 0
1111 9987789 344 9987789 344 1
1112 7252783 344 7252783 344 1
1113 6735714 343 6735124 343 0
1114 1115 343 6735714 343 0
1115 6735124 343 1115 343 0
1116 5630910 342 305639 342 0
1117 305639 342 7964720 342 0
1118 7964720 342 5630910 342 0
1119 1341473 341 8833387 341 0
1120 8833387 341 1341473 341 0
1121 686388 340 1123 340 0
1122 1123 340 3371039 340 0
1123 3371039 340 686388 340 0
1124 3793619 339 266191 339 0
1125 266191 339 3773918 339 0
1126 3773918 339 3793619 339 0
1127 1127 338 1127 338 1
1128 1128 338 1128 338 1
1129 9572767 337 9572767 337 1
1130 1130 337 1130 337 1
1131 970781 337 970781 337 1
1132 7676129 336 790348 336 0
1133 5505718 336 7676129 336 0
1134 790348 336 5505718 336 0
1135 4466120 335 3122017 335 0
1136 3122017 335 4466120 335 0
1137 6820993 334 6820993 334 1
1138 3117895 334 3117895 334 1
1139 9299396 334 9299396 334 1
1140 1140 333 5379229 333 0
1141 5379229 333 4149383 333 0
1142 4149383 333 1140 333 0
1143 569679 332 569679 332 1
1144 1236447 332 6172546 332 0
1145 6172546 332 1236447 332 0
1146 5321155 331 132735 331 0
1147 132735 331 5321155 331 0
1148 7153493 330 1149 330 0
1149 8395456 330 7153493 330 0
1150 1149 330 8395456 330 0
1151 5527840 329 7105642 329 0
1152 7105642 329 8398402 329 0
1153 8398402 329 5527840 329 0
1154 7317365 328 8146088 328 0
1155 1235199 328 7317365 328 0
1156 8146088 328 1235199 328 0
1157 1159 327 4133777 327 0
1158 1373561 327 1159 327 0
1159 4133777 327 1373561 327 0
1160 5977459 326 5977459 326 1
1161 4408074 326 4408074 326 1
1162 1103672 325 8159362 325 0
1163 8159362 325 1162 325 0
1164 1162 325 1103672 325 0
1165 4263526 324 4263526 324 1
1166 6075474 324 82925 324 0
1167 82925 324 6075474 324 0
1168 3234343 323 3234343 323 1
1169 5356554 323 2906264 323 0
1170 2906264 323 5356554 323 0
1171 606135 322 1173 322 0
1172 3167635 322 606135 322 0
1173 1173 322 3167635 322 0
1174 2512202 321 2512202 321 1
1175 8699629 321 8699629 321 1
1176 5627310 321 5627310 321 1
1177 7365405 320 4906325 320 0
1178 4906325 320 1179 320 0
1179 1179 320 7365405 320 0
1180 60909 319 3920313 319 0
1181 3920313 319 5172648 319 0
1182 5172648 319 60909 319 0
1183 2802560 318 2802560 318 1
1184 7156840 318 7156840 318 1
1185 3768967 318 3768967 318 1
1186 3910795 317 8209389 317 0
1187 8209389 317 3910795 317 0
1188 810260 317 810260 317 1
1189 1189 316 2761045 316 0
1190 4847788 316 1189 316 0
1191 2761045 316 4847788 316 0
1192 477908 315 477908 315 1
1193 7185736 315 7185736 315 1
1194 5806534 315 5806534 315 1
1195 422057 314 422057 314 1
1196 2633229 314 8615368 314 0
1197 8615368 314 2633229 314 0
1198 8295327 313 8295327 313 1
1199 3403360 313 2042750 313 0
1200 2042750 313 3403360 313 0
1201 4324271 312 8658116 312 0
1202 4374601 312 4374601 312 1
1203 8658116 312 4324271 312 0
1204 3215566 311 653653 311 0
1205 653653 311 3215566 311 0
1206 2242883 311 2242883 311 1
1207 3436217 310 3436217 310 1
1208 6384988 310 6384988 310 1
1209 1209 310 1209 310 1
1210 1641391 309 1641391 309 1
1211 6829562 309 6829562 309 1
1212 7368567 309 7368567 309 1
1213 750770 308 8663591 308 0
1214 8663591 308 750770 308 0
1215 7625555 308 7625555 308 1
1216 7637938 308 7637938 308 1
1217 9145417 307 5426716 307 0
1218 4887100 307 9145417 307 0
1219 5426716 307 4887100 307 0
1220 1261476 306 1261476 306 1
1221 4979112 306 4979112 306 1
1222 466525 306 466525 306 1
1223 1623805 305 1623805 305 1
1224 4244354 305 7099218 305 0
1225 7099218 305 4244354 305 0
1226 6862505 304 7799893 304 0
1227 8864082 304 6862505 304 0
1228 7799893 304 8864082 304 0
1229 1068949 303 7112769 303 0
1230 2112034 303 1068949 303 0
1231 8367145 303 2112034 303 0
1232 7112769 303 8367145 303 0
1233 1234 302 1520627 302 0
1234 1235 302 1234 302 0
1235 1520627 302 1235 302 0
1236 4910518 301 477376 301 0
1237 477376 301 1701587 301 0
1238 1701587 301 4910518 301 0
1239 8097008 300 8097008 300 1
1240 198135 300 198135 300 1
1241 5383843 300 5383843 300 1
1242 6068918 299 2146417 299 0
1243 3972329 299 5006573 299 0
1244 5006573 299 6068918 299 0
1245 2146417 299 3972329 299 0
1246 4858149 298 1354944 298 0
1247 2020516 298 4858149 298 0
1248 1354944 298 2020516 298 0
1249 6203576 297 9758153 297 0
1250 9758153 297 1662285 297 0
1251 8314936 297 8314936 297 1
1252 1662285 297 6203576 297 0
1253 9181692 296 9181692 296 1
1254 5318250 296 2401874 296 0
1255 2401874 296 5318250 296 0
1256 6327951 295 5624261 295 0
1257 1258 295 1258 295 1
1258 5624261 295 6327951 295 0
1259 2178274 294 2956104 294 0
1260 3117883 294 8134104 294 0
1261 8134104 294 2178274 294 0
1262 2956104 294 3117883 294 0
1263 7666522 293 7666522 293 1
1264 2689219 293 4181623 293 0
1265 4181623 293 2689219 293 0
1266 9406651 292 2614707 292 0
1267 8401432 292 8401432 292 1
1268 1907948 292 1907948 292 1
1269 2614707 292 9406651 292 0
1270 7096555 291 7096555 291 1
1271 6061705 291 1542005 291 0
1272 1542005 291 6061705 291 0
1273 1483276 290 7971369 290 0
1274 7971369 290 1483276 290 0
1275 732564 290 732564 290 1
1276 5576679 290 5576679 290 1
1277 8621891 289 6909455 289 0
1278 6909455 289 4417782 289 0
1279 4417782 289 8621891 289 0
1280 4640593 288 3222227 288 0
1281 1868074 288 5576204 288 0
1282 3222227 288 1868074 288 0
1283 5576204 288 4640593 288 0
1284 1285 287 1285 287 1
1285 9826463 287 9826463 287 1
1286 2364021 287 2364021 287 1
1287 4664813 286 4664813 286 1
1288 1287 286 1289 286 0
1289 1289 286 4512308 286 0
1290 4512308 286 1287 286 0
1291 2716639 285 7181587 285 0
1292 9105448 285 9105448 285 1
1293 7181587 285 2716639 285 0
1294 2691385 285 2691385 285 1
1295 4751792 284 4751792 284 1
1296 1651129 284 1651129 284 1
1297 1597862 284 1597862 284 1
1298 2725306 283 8763956 283 0
1299 8763956 283 2725306 283 0
1300 1637684 283 7140619 283 0
1301 7140619 283 1637684 283 0
1302 1302 282 1302 282 1
1303 320275 282 320275 282 1
1304 3991827 282 3991827 282 1
1305 6276466 282 6276466 282 1
1306 898445 281 898445 281 1
1307 692614 281 692614 281 1
1308 6456484 281 6456484 281 1
1309 1310 280 1312 280 0
1310 5415420 280 1309 280 0
1311 1312 280 1310 280 0
1312 1309 280 5415420 280 0
1313 31847 279 8729138 279 0
1314 3095996 279 31847 279 0
1315 4307512 279 3095996 279 0
1316 8729138 279 4307512 279 0
1317 82775 278 2141697 278 0
1318 5608344 278 2827814 278 0
1319 2827814 278 5608344 278 0
1320 2141697 278 82775 278 0
1321 3830081 277 2764876 277 0
1322 7695973 277 7695973 277 1
1323 1322 277 1322 277 1
1324 2764876 277 3830081 277 0
1325 7347817 276 7347817 276 1
1326 4998751 276 4998751 276 1
1327 5555962 276 5555962 276 1
1328 3025623 275 7583278 275 0
1329 688653 275 688653 275 1
1330 9290551 275 3025623 275 0
1331 7583278 275 9290551 275 0
1332 1637794 274 1637794 274 1
1333 5831708 274 5831708 274 1
1334 9142026 274 3706094 274 0
1335 3706094 274 9142026 274 0
1336 7119183 273 1337 273 0
1337 813166 273 2530170 273 0
1338 1337 273 813166 273 0
1339 2530170 273 7119183 273 0
1340 2548961 272 2548961 272 1
1341 5156921 272 3514155 272 0
1342 2061966 272 5156921 272 0
1343 3514155 272 2061966 272 0
1344 1344 271 1344 271 1
1345 3792281 271 6466070 271 0
1346 6466070 271 3792281 271 0
1347 1308357 271 1308357 271 1
1348 2227033 270 2227033 270 1
1349 6694159 270 6694159 270 1
1350 7219543 270 399687 270 0
1351 399687 270 7219543 270 0
1352 8813624 269 8813624 269 1
1353 6962663 269 1353 269 0
1354 1353 269 5679788 269 0
1355 5679788 269 6962663 269 0
1356 2607171 268 2607171 268 1
1357 1359 268 8029030 268 0
1358 8029030 268 1359 268 0
1359 9281998 268 9281998 268 1
1360 1362 267 909064 267 0
1361 7095715 267 1362 267 0
1362 909064 267 4218835 267 0
1363 4218835 267 7095715 267 0
1364 4983306 266 1367 266 0
1365 6005357 266 6683608 266 0
1366 6683608 266 6005357 266 0
1367 1367 266 4983306 266 0
1368 2965326 265 5615383 265 0
1369 107026 265 8383176 265 0
1370 8383176 265 2965326 265 0
1371 5615383 265 107026 265 0
1372 4001203 264 4001203 264 1
1373 3692182 264 5584610 264 0
1374 9850310 264 7967198 264 0
1375 5584610 264 9850310 264 0
1376 7967198 264 3692182 264 0
1377 8840191 263 7930451 263 0
1378 1380 263 8840191 263 0
1379 9496644 263 1380 263 0
1380 7930451 263 9496644 263 0
1381 9179532 262 2964403 262 0
1382 2964403 262 2449428 262 0
1383 2449428 262 8638765 262 0
1384 8638765 262 9179532 262 0
1385 4339101 261 4117138 261 0
1386 4117138 261 6585674 261 0
1387 6585674 261 4339101 261 0
1388 2564487 261 2564487 261 1
1389 6377656 260 6377656 260 1
1390 1819729 260 8291958 260 0
1391 3883909 260 1819729 260 0
1392 8291958 260 3883909 260 0
1393 6549585 260 6549585 260 1
1394 1394 259 1394 259 1
1395 174929 259 174929 259 1
1396 9491960 259 2978448 259 0
1397 2978448 259 9491960 259 0
1398 9951514 258 1401 258 0
1399 9553354 258 9951514 258 0
1400 1401 258 1850300 258 0
1401 1850300 258 9553354 258 0
1402 436378 257 8905047 257 0
1403 8905047 257 9146086 257 0
1404 546901 257 546901 257 1
1405 9146086 257 5277320 257 0
1406 5277320 257 436378 257 0
1407 3493489 256 5488505 256 0
1408 5488505 256 8405832 256 0
1409 4778330 256 4778330 256 1
1410 8405832 256 3493489 256 0
1411 1411 255 8248898 255 0
1412 1413 255 1411 255 0
1413 8248898 255 81257 255 0
1414 81257 255 1413 255 0
1415 5490734 254 6349758 254 0
1416 6349758 254 3275105 254 0
1417 3275105 254 5490734 254 0
1418 681746 254 5959761 254 0
1419 5959761 254 681746 254 0
1420 1422 253 1422 253 1
1421 7412328 253 4290958 253 0
1422 1421 253 7412328 253 0
1423 4290958 253 1421 253 0
1424 521210 252 521210 252 1
1425 6109180 252 1427 252 0
1426 1427 252 1713067 252 0
1427 9333254 252 9333254 252 1
1428 1713067 252 6109180 252 0
1429 7237676 251 2202912 251 0
1430 1227589 251 9491594 251 0
1431 9491594 251 1227589 251 0
1432 2202912 251 7237676 251 0
1433 1385875 250 760268 250 0
1434 760268 250 3615975 250 0
1435 1010517 250 1010517 250 1
1436 3615975 250 8345278 250 0
1437 8345278 250 1385875 250 0
1438 1441 249 4517907 249 0
1439 4972962 249 1694415 249 0
1440 4517907 249 4972962 249 0
1441 1694415 249 3288729 249 0
1442 3288729 249 1441 249 0
1443 1443 248 9004258 248 0
1444 4663235 248 1870075 248 0
1445 9004258 248 1443 248 0
1446 1870075 248 4663235 248 0
1447 9148746 247 4244403 247 0
1448 4244403 247 8216575 247 0
1449 1449 247 9349154 247 0
1450 9349154 247 9148746 247 0
1451 8216575 247 1449 247 0
1452 3889630 246 7332529 246 0
1453 7895353 246 7977397 246 0
1454 1179554 246 7895353 246 0
1455 7332529 246 3889630 246 0
1456 7977397 246 1179554 246 0
1457 8201844 245 1461 245 0
1458 6720367 245 6720367 245 1
1459 1461 245 6915493 245 0
1460 6915493 245 3333109 245 0
1461 3333109 245 8201844 245 0
1462 8590907 244 5062948 244 0
1463 5533804 244 8590907 244 0
1464 7067933 244 7067933 244 1
1465 5062948 244 5533804 244 0
1466 87824 243 63208 243 0
1467 8596469 243 1467 243 0
1468 1467 243 87824 243 0
1469 278101 243 278101 243 1
1470 63208 243 8596469 243 0
1471 2821638 242 6123469 242 0
1472 4157256 242 3523975 242 0
1473 3523975 242 1696089 242 0
1474 1696089 242 4157256 242 0
1475 6123469 242 2821638 242 0
1476 9394277 241 845050 241 0
1477 8212799 241 3516114 241 0
1478 3764379 241 3764379 241 1
1479 3516114 241 8212799 241 0
1480 845050 241 9394277 241 0
1481 9107110 240 9807806 240 0
1482 9807806 240 9107110 240 0
1483 6964565 240 6964565 240 1
1484 9738502 240 9738502 240 1
1485 7878256 240 7878256 240 1
1486 512683 239 7563041 239 0
1487 4537196 239 4537196 239 1
1488 7563041 239 512683 239 0
1489 1490 239 1490 239 1
1490 869115 239 869115 239 1
1491 8113530 238 1495 238 0
1492 3898042 238 3898042 238 1
1493 1495 238 7952595 238 0
1494 1493 238 1493 238 1
1495 7952595 238 8113530 238 0
1496 7492029 237 5183264 237 0
1497 1497 237 1497 237 1
1498 7905641 237 7905641 237 1
1499 3683529 237 3683529 237 1
1500 5183264 237 7492029 237 0
1501 6194596 236 1502 236 0
1502 1505 236 8696024 236 0
1503 1503 236 6194596 236 0
1504 1502 236 1503 236 0
1505 8696024 236 1505 236 0
1506 2266717 235 1509 235 0
1507 3625434 235 1510 235 0
1508 1509 235 2037178 235 0
1509 1510 235 2266717 235 0
1510 2037178 235 3625434 235 0
1511 1514 234 3228122 234 0
1512 5725830 234 5725830 234 1
1513 1408815 234 1514 234 0
1514 3228122 234 1408815 234 0
1515 5524362 234 5524362 234 1
1516 4698705 233 1518 233 0
1517 407729 233 4961112 233 0
1518 4961112 233 1520 233 0
1519 1518 233 407729 233 0
1520 1520 233 4698705 233 0
1521 6018642 233 6018642 233 1
1522 1526 232 1526 232 1
1523 8016827 232 8016827 232 1
1524 3466768 232 3466768 232 1
1525 7217449 232 1491017 232 0
1526 1491017 232 7217449 232 0
1527 1218402 231 6856963 231 0
1528 2594461 231 2594461 231 1
1529 6856963 231 1218402 231 0
1530 1528 231 1528 231 1
1531 1232440 231 1232440 231 1
1532 2884198 230 2884198 230 1
1533 1628194 230 1628194 230 1
1534 6349190 230 852098 230 0
1535 5895303 230 1536 230 0
1536 852098 230 5895303 230 0
1537 1536 230 6349190 230 0
1538 1429910 229 3561625 229 0
1539 2362826 229 2125507 229 0
1540 2125507 229 9462778 229 0
1541 3561625 229 2362826 229 0
1542 9462778 229 1429910 229 0
1543 3813418 228 153926 228 0
1544 153926 228 3813418 228 0
1545 7519832 228 2623329 228 0
1546 2623329 228 7519832 228 0
1547 5950021 228 5950021 228 1
1548 4401086 227 4401086 227 1
1549 9545237 227 5781770 227 0
1550 683337 227 9545237 227 0
1551 5781770 227 1549 227 0
1552 1549 227 2841370 227 0
1553 2841370 227 683337 227 0
1554 674048 226 6945167 226 0
1555 1554 226 1554 226 1
1556 1164579 226 8753606 226 0
1557 8753606 226 1164579 226 0
1558 6945167 226 674048 226 0
1559 1564 225 1564 225 1
1560 7226484 225 9929797 225 0
1561 3616143 225 7226484 225 0
1562 9929797 225 3616143 225 0
1563 7532663 225 4186694 225 0
1564 4186694 225 7532663 225 0
1565 7097283 224 1194315 224 0
1566 1194315 224 6703728 224 0
1567 1008214 224 7097283 224 0
1568 3815055 224 3815055 224 1
1569 6703728 224 1008214 224 0
1570 948881 223 948881 223 1
1571 6673991 223 362671 223 0
1572 7861300 223 7861300 223 1
1573 9637036 223 6673991 223 0
1574 362671 223 9637036 223 0
1575 108303 223 108303 223 1
1576 9693574 222 9693574 222 1
1577 7569454 222 3417200 222 0
1578 9110372 222 9110372 222 1
1579 1580 222 1580 222 1
1580 3417200 222 7321807 222 0
1581 7321807 222 7569454 222 0
1582 3120456 221 7899182 221 0
1583 1586 221 8280891 221 0
1584 2184297 221 5617935 221 0
1585 5617935 221 1586 221 0
1586 8280891 221 2184297 221 0
1587 7899182 221 3120456 221 0
1588 7090945 220 7090945 220 1
1589 5467907 220 1590 220 0
1590 423342 220 423342 220 1
1591 1590 220 151407 220 0
1592 151407 220 5467907 220 0
1593 1597 219 5203215 219 0
1594 6577062 219 1597 219 0
1595 5203215 219 6913075 219 0
1596 1687504 219 9796222 219 0
1597 9796222 219 1687504 219 0
1598 6913075 219 6577062 219 0
1599 613832 218 7059924 218 0
1600 8066222 218 613832 218 0
1601 310267 218 310267 218 1
1602 3027514 218 3027514 218 1
1603 3181875 218 3181875 218 1
1604 7059924 218 8066222 218 0
1605 8530335 217 1602456 217 0
1606 59129 217 7143426 217 0
1607 7920338 217 8530335 217 0
1608 7589574 217 7589574 217 1
1609 1602456 217 59129 217 0
1610 7143426 217 7920338 217 0
1611 3685929 216 3128853 216 0
1612 5971193 216 8026330 216 0
1613 8026330 216 5971193 216 0
1614 1612 216 3685929 216 0
1615 3128853 216 1612 216 0
1616 183413 216 183413 216 1
1617 4610693 215 9733258 215 0
1618 43309 215 43309 215 1
1619 9096618 215 4610693 215 0
1620 9733258 215 9096618 215 0
1621 9487123 215 627542 215 0
1622 627542 215 9487123 215 0
1623 6115117 214 3315894 214 0
1624 4669315 214 7339150 214 0
1625 3315894 214 6115117 214 0
1626 1627 214 1627 214 1
1627 7339150 214 4404611 214 0
1628 4404611 214 4669315 214 0
1629 3176910 213 5604135 213 0
1630 1990626 213 2281376 213 0
1631 1065095 213 3176910 213 0
1632 1631 213 1990626 213 0
1633 2281376 213 1065095 213 0
1634 5604135 213 1631 213 0
1635 1488934 212 8092269 212 0
1636 5171351 212 737885 212 0
1637 737885 212 1488934 212 0
1638 8092269 212 7418325 212 0
1639 1639696 212 5171351 212 0
1640 7418325 212 1639696 212 0
1641 1682428 211 1682428 211 1
1642 9237977 211 4960723 211 0
1643 9996298 211 9996298 211 1
1644 443884 211 443884 211 1
1645 1802595 211 6704548 211 0
1646 4960723 211 1802595 211 0
1647 6704548 211 9237977 211 0
1648 7339342 210 8168271 210 0
1649 8168271 210 4729866 210 0
1650 4528304 210 5569441 210 0
1651 5569441 210 9063316 210 0
1652 4729866 210 4528304 210 0
1653 9063316 210 7339342 210 0
1654 4400880 209 1851332 209 0
1655 1851332 209 5174822 209 0
1656 1659 209 1657 209 0
1657 1657 209 1656 209 0
1658 1656 209 1659 209 0
1659 5174822 209 4400880 209 0
1660 3430340 208 9274322 208 0
1661 1447102 208 3430340 208 0
1662 1530095 208 1950032 208 0
1663 4502722 208 1447102 208 0
1664 9274322 208 4502722 208 0
1665 8431318 208 1530095 208 0
1666 1950032 208 8431318 208 0
1667 4480058 207 4093658 207 0
1668 8763127 207 4018650 207 0
1669 499368 207 4480058 207 0
1670 4091883 207 499368 207 0
1671 4018650 207 8763127 207 0
1672 4093658 207 4091883 207 0
1673 5335641 206 5314935 206 0
1674 9342054 206 9925036 206 0
1675 5314935 206 5690087 206 0
1676 6605630 206 9342054 206 0
1677 9925036 206 9443627 206 0
1678 5690087 206 5335641 206 0
1679 9443627 206 6605630 206 0
1680 7829027 205 3418864 205 0
1681 1595339 205 1029438 205 0
1682 8058711 205 7829027 205 0
1683 5893343 205 1595339 205 0
1684 3418864 205 8058711 205 0
1685 1029438 205 5893343 205 0
1686 8544599 204 3466643 204 0
1687 1687 204 608306 204 0
1688 1688 204 1688 204 1
1689 6629627 204 8544599 204 0
1690 1692 204 1687 204 0
1691 608306 204 6629627 204 0
1692 3466643 204 1692 204 0
1693 6793299 203 1697 203 0
1694 3212036 203 2988238 203 0
1695 8373365 203 8373365 203 1
1696 1697 203 6793299 203 0
1697 6576764 203 6576764 203 1
1698 2988238 203 3212036 203 0
1699 1699 202 2440771 202 0
1700 3091667 202 877059 202 0
1701 4013577 202 4013577 202 1
1702 110444 202 110444 202 1
1703 877059 202 3091667 202 0
1704 2440771 202 1699 202 0
1705 925354 202 925354 202 1
1706 4795306 201 3756107 201 0
1707 611228 201 3084367 201 0
1708 4048785 201 4048785 201 1
1709 3756107 201 4795306 201 0
1710 5352664 201 5352664 201 1
1711 3084367 201 611228 201 0
1712 752613 201 752613 201 1
1713 1713 200 2209910 200 0
1714 1714 200 2692687 200 0
1715 2692687 200 1714 200 0
1716 2209910 200 1713 200 0
1717 4333368 200 7054720 200 0
1718 2428949 200 4333368 200 0
1719 7054720 200 2428949 200 0
1720 1857607 199 1857607 199 1
1721 9232130 199 1726 199 0
1722 1726 199 1722 199 0
1723 1722 199 9011691 199 0
1724 9011691 199 8741231 199 0
1725 1711913 199 9232130 199 0
1726 8741231 199 1711913 199 0
1727 7600202 198 1585655 198 0
1728 1383644 198 9357234 198 0
1729 6454515 198 7600202 198 0
1730 9357234 198 6454515 198 0
1731 1733 198 4052962 198 0
1732 1585655 198 1383644 198 0
1733 4052962 198 1733 198 0
1734 4780871 197 8286440 197 0
1735 8286440 197 4780871 197 0
1736 1737 197 4873512 197 0
1737 1734 197 1737 197 0
1738 7385832 197 4920823 197 0
1739 4873512 197 7385832 197 0
1740 4920823 197 1734 197 0
1741 3852350 196 2243053 196 0
1742 4867960 196 4637738 196 0
1743 1741 196 1741 196 1
1744 2026666 196 1514425 196 0
1745 1514425 196 2026666 196 0
1746 4637738 196 4867960 196 0
1747 2243053 196 3852350 196 0
1748 3493274 195 1754 195 0
1749 1754 195 971882 195 0
1750 859234 195 859234 195 1
1751 971882 195 8606910 195 0
1752 8606910 195 3493274 195 0
1753 8947596 195 8947596 195 1
1754 3674311 195 3674311 195 1
1755 8400971 194 1755 194 0
1756 3614065 194 4631674 194 0
1757 7704675 194 8549035 194 0
1758 8549035 194 320100 194 0
1759 4631674 194 3614065 194 0
1760 320100 194 7704675 194 0
1761 1755 194 8400971 194 0
1762 1146751 193 1767 193 0
1763 5071048 193 1146751 193 0
1764 4951292 193 5638154 193 0
1765 9139639 193 9139639 193 1
1766 1767 193 739366 193 0
1767 5638154 193 8749980 193 0
1768 739366 193 4951292 193 0
1769 8749980 193 5071048 193 0
1770 5774962 192 6242742 192 0
1771 969506 192 8543814 192 0
1772 5596409 192 8871291 192 0
1773 6242742 192 4818050 192 0
1774 8871291 192 5774962 192 0
1775 4818050 192 969506 192 0
1776 8543814 192 5596409 192 0
1777 3297418 191 6308506 191 0
1778 4507746 191 9186719 191 0
1779 5960448 191 6671713 191 0
1780 9186719 191 2245652 191 0
1781 8874926 191 4507746 191 0
1782 6671713 191 3297418 191 0
1783 6308506 191 5960448 191 0
1784 2245652 191 8874926 191 0
1785 1786 190 7644942 190 0
1786 3235465 190 6976446 190 0
1787 255767 190 1607873 190 0
1788 7644942 190 5518451 190 0
1789 5518451 190 255767 190 0
1790 1607873 190 1786 190 0
1791 6976446 190 3235465 190 0
1792 644445 189 644445 189 1
1793 2219181 189 2219181 189 1
1794 6279899 189 6279899 189 1
1795 1797 189 1797 189 1
1796 1794 189 2295068 189 0
1797 9811879 189 1796 189 0
1798 2295068 189 9811879 189 0
1799 1796 189 1794 189 0
1800 8974339 188 1049449 188 0
1801 1647058 188 7871784 188 0
1802 7222560 188 1647058 188 0
1803 804846 188 6240319 188 0
1804 1049449 188 7222560 188 0
1805 6240319 188 804846 188 0
1806 7871784 188 8974339 188 0
1807 1807 187 8194740 187 0
1808 7950081 187 5703142 187 0
1809 1810 187 7908671 187 0
1810 6685330 187 1807 187 0
1811 7908671 187 6685330 187 0
1812 5703142 187 5846902 187 0
1813 5846902 187 1810 187 0
1814 8194740 187 7950081 187 0
1815 4045210 186 2230892 186 0
1816 2230892 186 4045210 186 0
1817 970672 186 5176284 186 0
1818 5176284 186 5814353 186 0
1819 9071524 186 7460577 186 0
1820 7215187 186 7215187 186 1
1821 7460577 186 970672 186 0
1822 5814353 186 9071524 186 0
1823 7833597 185 1316715 185 0
1824 1316715 185 7833597 185 0
1825 6270382 185 6613750 185 0
1826 5036489 185 861228 185 0
1827 2680174 185 6270382 185 0
1828 6613750 185 1825 185 0
1829 861228 185 5036489 185 0
1830 1825 185 2680174 185 0
1831 9654491 184 6033108 184 0
1832 7385205 184 4282159 184 0
1833 1832 184 8474404 184 0
1834 6033108 184 2489652 184 0
1835 2489652 184 8884842 184 0
1836 8474404 184 9654491 184 0
1837 8884842 184 1832 184 0
1838 4282159 184 7385205 184 0
1839 899267 183 1341318 183 0
1840 1841038 183 1841038 183 1
1841 4112521 183 9201959 183 0
1842 4842530 183 899267 183 0
1843 7659205 183 8405603 183 0
1844 9201959 183 4112521 183 0
1845 1341318 183 4842530 183 0
1846 8405603 183 7659205 183 0
1847 8697544 182 9496621 182 0
1848 3675073 182 7934544 182 0
1849 2781756 182 75633 182 0
1850 5729590 182 5729590 182 1
1851 9496621 182 2781756 182 0
1852 5621893 182 3675073 182 0
1853 75633 182 5621893 182 0
1854 7934544 182 8697544 182 0
1855 1861 181 9688888 181 0
1856 4873025 181 4873025 181 1
1857 3226890 181 3226890 181 1
1858 442799 181 7913380 181 0
1859 9134522 181 9134522 181 1
1860 8826289 181 1861 181 0
1861 7913380 181 442799 181 0
1862 9688888 181 8826289 181 0
1863 4441675 180 8245442 180 0
1864 8241323 180 7948974 180 0
1865 2199888 180 1734226 180 0
1866 8245442 180 1863 180 0
1867 7948974 180 8241323 180 0
1868 1734226 180 2199888 180 0
1869 4425932 180 4441675 180 0
1870 1863 180 9470962 180 0
1871 9470962 180 4425932 180 0
1872 3318212 179 6361847 179 0
1873 4797054 179 2057480 179 0
1874 4932717 179 5291392 179 0
1875 8876232 179 4932717 179 0
1876 4547442 179 4547442 179 1
1877 2057480 179 8876232 179 0
1878 6361847 179 3318212 179 0
1879 5291392 179 4797054 179 0
1880 5332765 178 3936056 178 0
1881 111442 178 111442 178 1
1882 1882 178 9138964 178 0
1883 3936056 178 5332765 178 0
1884 7351124 178 1882 178 0
1885 5006725 178 5006725 178 1
1886 2299214 178 7351124 178 0
1887 9138964 178 2299214 178 0
1888 1895 177 3397741 177 0
1889 4561545 177 1895 177 0
1890 1894 177 8463684 177 0
1891 3397741 177 4561545 177 0
1892 1891 177 4053666 177 0
1893 8463684 177 4265749 177 0
1894 1715584 177 1894 177 0
1895 4053666 177 1715584 177 0
1896 4265749 177 1891 177 0
1897 8816169 176 7476821 176 0
1898 7476821 176 7121328 176 0
1899 238829 176 2601103 176 0
1900 7121328 176 8816169 176 0
1901 5338118 176 238829 176 0
1902 2601103 176 9073260 176 0
1903 3760484 176 7238081 176 0
1904 9073260 176 3760484 176 0
1905 7238081 176 5338118 176 0
1906 8311179 175 7285572 175 0
1907 9953140 175 969053 175 0
1908 969053 175 4616924 175 0
1909 5587929 175 7713698 175 0
1910 7713698 175 8311179 175 0
1911 7910130 175 9953140 175 0
1912 4616924 175 7910130 175 0
1913 7285572 175 5587929 175 0
1914 1743599 174 1435808 174 0
1915 1922 174 3878799 174 0
1916 1920 174 9126864 174 0
1917 1435808 174 6441681 174 0
1918 6441681 174 4377022 174 0
1919 9126864 174 1743599 174 0
1920 4377022 174 1922 174 0
1921 3878799 174 4605939 174 0
1922 4605939 174 1920 174 0
1923 5514804 173 3677849 173 0
1924 2241210 173 5514804 173 0
1925 3677849 173 2241210 173 0
1926 2905759 173 9072446 173 0
1927 1947158 173 1947158 173 1
1928 5865797 173 2010754 173 0
1929 2010754 173 5865797 173 0
1930 9072446 173 1924 173 0
1931 1924 173 2905759 173 0
1932 9966842 172 5236994 172 0
1933 5236994 172 9966842 172 0
1934 2771502 172 8652395 172 0
1935 1940 172 1940 172 1
1936 8652395 172 2771502 172 0
1937 7360792 172 6378045 172 0
1938 4284419 172 9942267 172 0
1939 6378045 172 7360792 172 0
1940 9942267 172 4284419 172 0
1941 6098213 171 4830934 171 0
1942 6196806 171 953858 171 0
1943 4830934 171 3201817 171 0
1944 1560657 171 1188601 171 0
1945 1188601 171 5618274 171 0
1946 953858 171 1560657 171 0
1947 3201817 171 2661208 171 0
1948 2661208 171 6098213 171 0
1949 5618274 171 6196806 171 0
1950 7386534 170 3620749 170 0
1951 3620749 170 798456 170 0
1952 107954 170 7386534 170 0
1953 6712047 170 6712047 170 1
1954 798456 170 1905954 170 0
1955 8629973 170 107954 170 0
1956 6322145 170 1955 170 0
1957 1905954 170 8629973 170 0
1958 1955 170 6322145 170 0
1959 3355867 169 5138390 169 0
1960 1959 169 1960 169 0
1961 1960 169 3355867 169 0
1962 5138390 169 2040359 169 0
1963 7742377 169 7684652 169 0
1964 9958471 169 1761379 169 0
1965 2040359 169 9958471 169 0
1966 1761379 169 7742377 169 0
1967 7684652 169 3860650 169 0
1968 3860650 169 1959 169 0
1969 5035028 168 4348330 168 0
1970 1973 168 1969 168 0
1971 8156759 168 1163269 168 0
1972 4348330 168 1973 168 0
1973 1969 168 5035028 168 0
1974 6048278 168 8156759 168 0
1975 8819907 168 1441647 168 0
1976 1163269 168 6048278 168 0
1977 1441647 168 8819907 168 0
1978 5817159 167 1553244 167 0
1979 7926241 167 4773475 167 0
1980 7388626 167 7926241 167 0
1981 2426879 167 7388626 167 0
1982 1553244 167 5817159 167 0
1983 4773475 167 6437213 167 0
1984 1982 167 3025329 167 0
1985 3025329 167 2426879 167 0
1986 6437213 167 5854202 167 0
1987 5854202 167 1982 167 0
1988 80384 166 9724313 166 0
1989 9817409 166 7782569 166 0
1990 671360 166 80384 166 0
1991 9724313 166 8252312 166 0
1992 3111022 166 3111022 166 1
1993 8252312 166 968886 166 0
1994 7330182 166 671360 166 0
1995 968886 166 9817409 166 0
1996 7782569 166 7330182 166 0
1997 4375549 165 1438887 165 0
1998 2004 165 2150595 165 0
1999 8670410 165 5810734 165 0
2000 8159292 165 8670410 165 0
2001 1517486 165 1517486 165 1
2002 507593 165 8159292 165 0
2003 1168961 165 1168961 165 1
2004 5810734 165 507593 165 0
2005 1438887 165 2004 165 0
2006 2150595 165 4375549 165 0
2007 4438703 164 8961206 164 0
2008 7387447 164 841114 164 0
2009 4607117 164 8140438 164 0
2010 2015 164 7387447 164 0
2011 8140438 164 2012 164 0
2012 2012 164 6361307 164 0
2013 6361307 164 4607117 164 0
2014 841114 164 4438703 164 0
2015 4390495 164 2015 164 0
2016 8961206 164 4390495 164 0
2017 934861 163 8288754 163 0
2018 8321778 163 1761455 163 0
2019 3693601 163 548305 163 0
2020 8552302 163 3693601 163 0
2021 8288754 163 8321778 163 0
2022 548305 163 8552302 163 0
2023 2021 163 4062402 163 0
2024 1761455 163 6720071 163 0
2025 6720071 163 2021 163 0
2026 4062402 163 934861 163 0
2027 7737830 162 7581640 162 0
2028 6766384 162 6766384 162 1
2029 2030 162 9738306 162 0
2030 6578062 162 2030 162 0
2031 7581640 162 8378123 162 0
2032 8378123 162 2036 162 0
2033 2036 162 5523154 162 0
2034 5523154 162 6578062 162 0
2035 8931151 162 7737830 162 0
2036 9738306 162 8931151 162 0
2037 4552881 161 8863570 161 0
2038 3036211 161 1038341 161 0
2039 3383337 161 3383337 161 1
2040 1038341 161 3036211 161 0
2041 8863570 161 4272505 161 0
2042 849453 161 849453 161 1
2043 4272505 161 4552881 161 0
2044 6064065 161 6064065 161 1
2045 160034 161 160034 161 1
2046 9126998 161 9126998 161 1
2047 5490108 160 9314520 160 0
2048 2055 160 7946863 160 0
2049 6956252 160 9200411 160 0
2050 9314520 160 2055 160 0
2051 9200411 160 5498761 160 0
2052 2048 160 9797093 160 0
2053 5498761 160 5490108 160 0
2054 7946863 160 5097217 160 0
2055 5097217 160 2048 160 0
2056 9797093 160 6956252 160 0
2057 6905821 159 2065 159 0
2058 6621587 159 6621587 159 1
2059 9176110 159 2476475 159 0
2060 8045192 159 4858788 159 0
2061 1812489 159 1812489 159 1
2062 4858788 159 8045192 159 0
2063 3062369 159 892911 159 0
2064 2476475 159 6905821 159 0
2065 2065 159 3062369 159 0
2066 4157049 159 9176110 159 0
2067 892911 159 4157049 159 0
2068 245028 158 8385374 158 0
2069 3049330 158 4840917 158 0
2070 6051053 158 667526 158 0
2071 667526 158 5441256 158 0
2072 4506943 158 9727979 158 0
2073 1478880 158 3049330 158 0
2074 5441256 158 1478880 158 0
2075 9727979 158 245028 158 0
2076 4840917 158 6051053 158 0
2077 8385374 158 4506943 158 0
2078 8934071 157 3900302 157 0
2079 1999777 157 4639680 157 0
2080 4189812 157 8934071 157 0
2081 3900302 157 1999777 157 0
2082 2017564 157 7494245 157 0
2083 423633 157 4189812 157 0
2084 1605324 157 1605324 157 1
2085 2083 157 2017564 157 0
2086 7494245 157 423633 157 0
2087 9912722 157 2083 157 0
2088 4639680 157 9912722 157 0
2089 4405678 156 9069869 156 0
2090 9069869 156 2098 156 0
2091 1104957 156 9835046 156 0
2092 2098 156 4867675 156 0
2093 2096 156 6431221 156 0
2094 1139820 156 4405678 156 0
2095 2093 156 2096 156 0
2096 9835046 156 2093 156 0
2097 4867675 156 1139820 156 0
2098 6431221 156 1104957 156 0
2099 2109 155 3821095 155 0
2100 9287858 155 5795451 155 0
2101 8502701 155 7540742 155 0
2102 3922605 155 9287858 155 0
2103 4064078 155 2109 155 0
2104 2101 155 576857 155 0
2105 924449 155 4064078 155 0
2106 576857 155 8502701 155 0
2107 5795451 155 3922605 155 0
2108 3821095 155 2101 155 0
2109 7540742 155 924449 155 0
2110 7299247 154 9405674 154 0
2111 5061162 154 5061162 154 1
2112 9819765 154 2115 154 0
2113 2115 154 5856636 154 0
2114 8503768 154 5100377 154 0
2115 9405674 154 5484670 154 0
2116 5100377 154 8503768 154 0
2117 5856636 154 7458420 154 0
2118 2110 154 2110 154 1
2119 5484670 154 9819765 154 0
2120 7458420 154 7299247 154 0
2121 369331 153 5975856 153 0
2122 2871914 153 3344264 153 0
2123 3403123 153 4123924 153 0
2124 3344264 153 7703548 153 0
2125 7703548 153 2387953 153 0
2126 5975856 153 369331 153 0
2127 2387953 153 9994254 153 0
2128 2938858 153 3403123 153 0
2129 4262712 153 2938858 153 0
2130 9994254 153 4262712 153 0
2131 4123924 153 2871914 153 0
2132 8425210 152 722270 152 0
2133 284235 152 5719218 152 0
2134 9774493 152 8529809 152 0
2135 8370345 152 4459133 152 0
2136 8529809 152 9774493 152 0
2137 5719218 152 3311824 152 0
2138 1890556 152 8370345 152 0
2139 8165461 152 1890556 152 0
2140 7768887 152 8165461 152 0
2141 4459133 152 284235 152 0
2142 722270 152 8425210 152 0
2143 3311824 152 7768887 152 0
2144 4846798 151 9387359 151 0
2145 2153 151 1705083 151 0
2146 2152 151 4846798 151 0
2147 6488332 151 2938083 151 0
2148 2938083 151 6488332 151 0
2149 9483456 151 1247217 151 0
2150 2146 151 2146 151 1
2151 5799572 151 2153 151 0
2152 1247217 151 9483456 151 0
2153 9387359 151 2152 151 0
2154 1705083 151 5799572 151 0
2155 9589041 150 6934410 150 0
2156 5492976 150 9672982 150 0
2157 6934410 150 449207 150 0
2158 9722304 150 9722304 150 1
2159 8300803 150 6316906 150 0
2160 449207 150 9113286 150 0
2161 1890867 150 1890867 150 1
2162 9672982 150 6213870 150 0
2163 9113286 150 5492976 150 0
2164 6213870 150 8300803 150 0
2165 6316906 150 4730295 150 0
2166 4730295 150 9589041 150 0
2167 2175 149 6982438 149 0
2168 3031161 149 7847413 149 0
2169 7847413 149 4287789 149 0
2170 4287789 149 4682435 149 0
2171 3149669 149 3031161 149 0
2172 2173 149 2175 149 0
2173 6982438 149 8708279 149 0
2174 2171 149 8489816 149 0
2175 8489816 149 2173 149 0
2176 4682435 149 3149669 149 0
2177 8708279 149 2171 149 0
2178 7270715 148 32875 148 0
2179 2497909 148 2497909 148 1
2180 32875 148 3013553 148 0
2181 7935025 148 8690436 148 0
2182 3013553 148 7270715 148 0
2183 2645741 148 2835392 148 0
2184 2815207 148 2180 148 0
2185 2835392 148 2815207 148 0
2186 8690436 148 7935025 148 0
2187 3014016 148 9553358 148 0
2188 9553358 148 2645741 148 0
2189 2180 148 3014016 148 0
2190 1411775 147 3770638 147 0
2191 81024 147 1200786 147 0
2192 3770638 147 1338125 147 0
2193 5216566 147 81024 147 0
2194 9356980 147 9356980 147 1
2195 1338125 147 2201 147 0
2196 6785610 147 1361211 147 0
2197 2201 147 8801486 147 0
2198 1200786 147 1411775 147 0
2199 1361211 147 2194 147 0
2200 8801486 147 6785610 147 0
2201 2194 147 5216566 147 0
2202 447156 146 3335254 146 0
2203 3590574 146 8086253 146 0
2204 8086253 146 4482263 146 0
2205 8743102 146 8209184 146 0
2206 4482263 146 2204 146 0
2207 2208 146 4865198 146 0
2208 4865198 146 4677392 146 0
2209 2204 146 8743102 146 0
2210 8209184 146 6443355 146 0
2211 3335254 146 447156 146 0
2212 6443355 146 2208 146 0
2213 4677392 146 3590574 146 0
2214 3957994 145 2031901 145 0
2215 1841148 145 7942904 145 0
2216 154458 145 1841148 145 0
2217 2222 145 3667251 145 0
2218 338520 145 338520 145 1
2219 2224 145 3957994 145 0
2220 3667251 145 6981330 145 0
2221 6981330 145 4580976 145 0
2222 7942904 145 5432018 145 0
2223 2031901 145 2222 145 0
2224 4580976 145 2224 145 0
2225 5432018 145 154458 145 0
2226 6070005 144 9668060 144 0
2227 2454962 144 8767860 144 0
2228 9668060 144 2232 144 0
2229 8767860 144 6070005 144 0
2230 1396191 144 7650032 144 0
2231 6426733 144 2234 144 0
2232 4477094 144 2233 144 0
2233 8503074 144 4477094 144 0
2234 2233 144 1396191 144 0
2235 2232 144 2454962 144 0
2236 2234 144 8503074 144 0
2237 2230 144 6426733 144 0
2238 7650032 144 2230 144 0
2239 6804890 143 5313798 143 0
2240 5147471 143 5009150 143 0
2241 3198243 143 6804890 143 0
2242 7136022 143 259572 143 0
2243 6377098 143 5147471 143 0
2244 9182518 143 7136022 143 0
2245 5313798 143 6197953 143 0
2246 259572 143 6377098 143 0
2247 1651691 143 1651691 143 1
2248 5009150 143 9182518 143 0
2249 3563366 143 3563366 143 1
2250 6197953 143 3198243 143 0
2251 2258 142 9526266 142 0
2252 2259 142 627931 142 0
2253 8474576 142 4082094 142 0
2254 6308561 142 280315 142 0
2255 9526266 142 8474576 142 0
2256 2263 142 2256 142 0
2257 627931 142 2263 142 0
2258 2256 142 8079826 142 0
2259 4082094 142 5471841 142 0
2260 8079826 142 6308561 142 0
2261 280315 142 2258 142 0
2262 7925048 142 7925048 142 1
2263 5471841 142 2259 142 0
2264 3867617 141 5794864 141 0
2265 4791188 141 3867617 141 0
2266 4442255 141 9570853 141 0
2267 760039 141 1664208 141 0
2268 5866123 141 931629 141 0
2269 2185476 141 6218133 141 0
2270 9570853 141 2268 141 0
2271 931629 141 4791188 141 0
2272 1664208 141 6020619 141 0
2273 6218133 141 4442255 141 0
2274 6020619 141 2185476 141 0
2275 2268 141 760039 141 0
2276 5794864 141 5866123 141 0
2277 2515718 140 6825762 140 0
2278 383313 140 1236096 140 0
2279 1236096 140 6612483 140 0
2280 6005049 140 6381640 140 0
2281 6381640 140 383313 140 0
2282 2249866 140 2249866 140 1
2283 4637699 140 885989 140 0
2284 6825762 140 2515718 140 0
2285 9363781 140 4637699 140 0
2286 1690027 140 6005049 140 0
2287 6612483 140 1690027 140 0
2288 2279 140 9363781 140 0
2289 885989 140 2279 140 0
2290 4562457 139 2836679 139 0
2291 9642948 139 966894 139 0
2292 6892189 139 5450105 139 0
2293 2836679 139 4562457 139 0
2294 5450105 139 6892189 139 0
2295 3423793 139 5765370 139 0
2296 2299 139 8097150 139 0
2297 966894 139 8502216 139 0
2298 8097150 139 3423793 139 0
2299 8500475 139 2299 139 0
2300 8502216 139 8500475 139 0
2301 9020453 139 9020453 139 1
2302 5765370 139 9642948 139 0
2303 9431183 138 5833195 138 0
2304 2316 138 5447704 138 0
2305 1735300 138 8248138 138 0
2306 8248138 138 461706 138 0
2307 5833195 138 3552334 138 0
2308 1494814 138 594949 138 0
2309 3552334 138 1494814 138 0
2310 5447704 138 9431183 138 0
2311 461706 138 6660318 138 0
2312 594949 138 2316 138 0
2313 8806230 138 1735300 138 0
2314 6660318 138 8806230 138 0
2315 3199616 138 3619122 138 0
2316 3619122 138 3199616 138 0
2317 9205035 137 5005419 137 0
2318 3785249 137 9205035 137 0
2319 5005419 137 4173553 137 0
2320 1754027 137 2323 137 0
2321 2329 137 9598753 137 0
2322 9598753 137 3785249 137 0
2323 2328 137 2328 137 1
2324 2323 137 2329 137 0
2325 482265 137 5418553 137 0
2326 4173553 137 1754027 137 0
2327 2665436 137 2665436 137 1
2328 4768502 137 4768502 137 1
2329 5418553 137 482265 137 0
2330 9965579 136 2340 136 0
2331 7054157 136 9736202 136 0
2332 8391778 136 4777878 136 0
2333 3284173 136 7054157 136 0
2334 4046036 136 9965579 136 0
2335 3163456 136 3338856 136 0
2336 2340 136 6509419 136 0
2337 9736202 136 8391778 136 0
2338 3338856 136 6374563 136 0
2339 4777878 136 2332 136 0
2340 2336 136 3163456 136 0
2341 2332 136 4046036 136 0
2342 6374563 136 2336 136 0
2343 6509419 136 3284173 136 0
2344 1429162 135 4486584 135 0
2345 3121204 135 2344 135 0
2346 991181 135 2354 135 0
2347 2354 135 1429162 135 0
2348 3785971 135 1726620 135 0
2349 4571551 135 6578704 135 0
2350 1726620 135 2345 135 0
2351 1466415 135 1466415 135 1
2352 2345 135 6100919 135 0
2353 2344 135 1391436 135 0
2354 6100919 135 4571551 135 0
2355 6578704 135 991181 135 0
2356 1391436 135 3121204 135 0
2357 4486584 135 3785971 135 0
2358 3984938 134 2559663 134 0
2359 5025097 134 3527342 134 0
2360 8395867 134 7324973 134 0
2361 1256534 134 4727653 134 0
2362 5196049 134 6786761 134 0
2363 2369 134 5025097 134 0
2364 8352160 134 8395867 134 0
2365 4727653 134 2369 134 0
2366 2559663 134 3984938 134 0
2367 3527342 134 5196049 134 0
2368 3539189 134 3539189 134 1
2369 6786761 134 1256534 134 0
2370 7605525 134 7605525 134 1
2371 7324973 134 8352160 134 0
2372 2380 133 4902299 133 0
2373 4618042 133 7674308 133 0
2374 5120102 133 835929 133 0
2375 3285683 133 6167857 133 0
2376 4902299 133 4618042 133 0
2377 5675861 133 5675861 133 1
2378 1771446 133 5120102 133 0
2379 9747585 133 1674970 133 0
2380 835929 133 1771446 133 0
2381 9312465 133 3285683 133 0
2382 5660649 133 2380 133 0
2383 6167857 133 9747585 133 0
2384 1674970 133 5660649 133 0
2385 7674308 133 9312465 133 0
2386 2389730 132 9205575 132 0
2387 872264 132 7687243 132 0
2388 1750149 132 4859104 132 0
2389 7687243 132 1750149 132 0
2390 7338820 132 3900595 132 0
2391 9406667 132 9406667 132 1
2392 616084 132 2393 132 0
2393 664449 132 616084 132 0
2394 2393 132 664449 132 0
2395 3355251 132 238989 132 0
2396 3900595 132 7338820 132 0
2397 4859104 132 3355251 132 0
2398 238989 132 5086912 132 0
2399 5086912 132 2389730 132 0
2400 9205575 132 872264 132 0
2401 2413 131 4998156 131 0
2402 4998156 131 2413 131 0
2403 9281161 131 7920161 131 0
2404 8244947 131 9281161 131 0
2405 7705115 131 2187440 131 0
2406 8351203 131 2221527 131 0
2407 2408 131 2404 131 0
2408 2404 131 4149486 131 0
2409 7920161 131 8351203 131 0
2410 4985718 131 2408 131 0
2411 2154455 131 7705115 131 0
2412 2187440 131 4985718 131 0
2413 2221527 131 8244947 131 0
2414 4149486 131 2154455 131 0
2415 1211216 130 2424 130 0
2416 3571123 130 4808359 130 0
2417 1179859 130 1211216 130 0
2418 1744329 130 9516736 130 0
2419 1088199 130 9339534 130 0
2420 9339534 130 2427 130 0
2421 2427 130 1179859 130 0
2422 2424 130 5015393 130 0
2423 9031491 130 1088199 130 0
2424 2422 130 1744329 130 0
2425 5015393 130 2422 130 0
2426 9212261 130 9212261 130 1
2427 4808359 130 2508759 130 0
2428 9516736 130 3571123 130 0
2429 2508759 130 9031491 130 0
2430 1681924 129 2396970 129 0
2431 9545779 129 2435 129 0
2432 6357021 129 1486077 129 0
2433 3838846 129 6604012 129 0
2434 6604012 129 1681924 129 0
2435 808631 129 8954970 129 0
2436 1486077 129 9545779 129 0
2437 2396970 129 2432 129 0
2438 831372 129 6357021 129 0
2439 6834705 129 3658224 129 0
2440 2435 129 3838846 129 0
2441 3658224 129 831372 129 0
2442 8954970 129 808631 129 0
2443 2432 129 8709488 129 0
2444 8709488 129 382742 129 0
2445 382742 129 6834705 129 0
2446 5787108 128 813085 128 0
2447 813085 128 1468274 128 0
2448 4651470 128 9656338 128 0
2449 7073692 128 1963795 128 0
2450 1963795 128 2891032 128 0
2451 5246248 128 8270800 128 0
2452 2891032 128 7719394 128 0
2453 8270800 128 3329805 128 0
2454 3329805 128 3500371 128 0
2455 1468274 128 4651470 128 0
2456 9656338 128 7986429 128 0
2457 7719394 128 5787108 128 0
2458 3500371 128 5246248 128 0
2459 1569345 128 1569345 128 1
2460 7986429 128 7073692 128 0
2461 906210 127 971846 127 0
2462 5437485 127 906210 127 0
2463 3416835 127 1149799 127 0
2464 5163456 127 3676634 127 0
2465 8629327 127 4930085 127 0
2466 971846 127 5437485 127 0
2467 6986622 127 7225838 127 0
2468 603580 127 6986622 127 0
2469 4930085 127 603580 127 0
2470 7093609 127 8629327 127 0
2471 7225838 127 3416835 127 0
2472 3676634 127 5163456 127 0
2473 180427 127 9382787 127 0
2474 9382787 127 7093609 127 0
2475 1149799 127 180427 127 0
2476 1952532 126 1952532 126 1
2477 1301283 126 2484 126 0
2478 2484 126 6139172 126 0
2479 2483 126 1908215 126 0
2480 3644313 126 3445341 126 0
2481 1908215 126 3644313 126 0
2482 6665521 126 3815211 126 0
2483 2476 126 7428239 126 0
2484 4008709 126 1301283 126 0
2485 7428239 126 2483 126 0
2486 903829 126 4008709 126 0
2487 3815211 126 903829 126 0
2488 7755671 126 3910073 126 0
2489 3445341 126 6665521 126 0
2490 3910073 126 2476 126 0
2491 6139172 126 7755671 126 0
2492 2503 125 350302 125 0
2493 4850526 125 2215345 125 0
2494 7382225 125 41288 125 0
2495 5911995 125 6755931 125 0
2496 1604110 125 2503 125 0
2497 374412 125 7047769 125 0
2498 694579 125 6375999 125 0
2499 7047769 125 374412 125 0
2500 1053548 125 694579 125 0
2501 6375999 125 5911995 125 0
2502 6755931 125 6291357 125 0
2503 2215345 125 692187 125 0
2504 350302 125 4850526 125 0
2505 6291357 125 1604110 125 0
2506 692187 125 7382225 125 0
2507 41288 125 1053548 125 0
2508 6710796 124 6434248 124 0
2509 7735481 124 6540958 124 0
2510 5720596 124 2513 124 0
2511 6476332 124 6476332 124 1
2512 2522 124 2510 124 0
2513 9888596 124 6224408 124 0
2514 6202837 124 9888596 124 0
2515 6540958 124 5720596 124 0
2516 6224408 124 3413267 124 0
2517 2513 124 2508 124 0
2518 6434248 124 7735481 124 0
2519 3779142 124 3779142 124 1
2520 2510 124 6710796 124 0
2521 2508 124 6202837 124 0
2522 5958698 124 5958698 124 1
2523 3413267 124 2522 124 0
2524 3997795 123 2530 123 0
2525 2529 123 3182660 123 0
2526 8632491 123 5771009 123 0
2527 2530 123 8946782 123 0
2528 4279525 123 3997795 123 0
2529 4771364 123 1656496 123 0
2530 3182660 123 5004552 123 0
2531 841613 123 841613 123 1
2532 784214 123 2566288 123 0
2533 8946782 123 4279525 123 0
2534 5771009 123 784214 123 0
2535 3603601 123 8632491 123 0
2536 2566288 123 5539323 123 0
2537 8919996 123 3603601 123 0
2538 1656496 123 2529 123 0
2539 5539323 123 8919996 123 0
2540 5004552 123 4771364 123 0
2541 7646546 122 4191529 122 0
2542 2861648 122 9393073 122 0
2543 5146019 122 3798774 122 0
2544 2557 122 320498 122 0
2545 2623070 122 948802 122 0
2546 8630394 122 2543 122 0
2547 320498 122 5915090 122 0
2548 2550 122 2557 122 0
2549 9393073 122 5899889 122 0
2550 948802 122 5146019 122 0
2551 4191529 122 7646546 122 0
2552 3798774 122 3298816 122 0
2553 5899889 122 8241171 122 0
2554 8241171 122 8630394 122 0
2555 3298816 122 2861648 122 0
2556 2543 122 2550 122 0
2557 5915090 122 2623070 122 0
2558 7333795 121 2562 121 0
2559 9874989 121 7333795 121 0
2560 1523513 121 2615785 121 0
2561 7373112 121 9790019 121 0
2562 1083050 121 3965111 121 0
2563 3965111 121 7373112 121 0
2564 3660598 121 616845 121 0
2565 2569 121 3660598 121 0
2566 2733775 121 1523513 121 0
2567 7168634 121 2733775 121 0
2568 8772048 121 8772048 121 1
2569 2562 121 1676877 121 0
2570 616845 121 3185361 121 0
2571 1676877 121 7168634 121 0
2572 2615785 121 2569 121 0
2573 9790019 121 1083050 121 0
2574 3185361 121 9874989 121 0
2575 2586 120 6436606 120 0
2576 8958883 120 302978 120 0
2577 933445 120 4429036 120 0
2578 9178032 120 8059228 120 0
2579 4429036 120 3690622 120 0
2580 8355192 120 8355192 120 1
2581 302978 120 9155053 120 0
2582 2279115 120 5154696 120 0
2583 3690622 120 933445 120 0
2584 8356769 120 2583 120 0
2585 8059228 120 2586 120 0
2586 2583 120 2582 120 0
2587 2582 120 8958883 120 0
2588 2580 120 2580 120 1
2589 6436606 120 2279115 120 0
2590 5154696 120 9178032 120 0
2591 9155053 120 8356769 120 0
2592 2243446 119 2595 119 0
2593 9771377 119 583162 119 0
2594 3437743 119 2607 119 0
2595 7433177 119 1340519 119 0
2596 4827269 119 5710476 119 0
2597 2607 119 2554935 119 0
2598 5033939 119 3477894 119 0
2599 5791291 119 3437743 119 0
2600 2595 119 9771377 119 0
2601 8451057 119 2243446 119 0
2602 7161817 119 8451057 119 0
2603 3477894 119 5791291 119 0
2604 5710476 119 7433177 119 0
2605 4573836 119 7161817 119 0
2606 2554935 119 4827269 119 0
2607 1340519 119 4573836 119 0
2608 583162 119 5033939 119 0
2609 5079214 118 2612 118 0
2610 4606594 118 443462 118 0
2611 9912274 118 2976069 118 0
2612 9807695 118 9308882 118 0
2613 7596527 118 9807695 118 0
2614 8912279 118 4606594 118 0
2615 1325788 118 955941 118 0
2616 1746602 118 9912274 118 0
2617 896147 118 5079214 118 0
2618 2976069 118 896147 118 0
2619 9308882 118 8912279 118 0
2620 955941 118 1746602 118 0
2621 2904718 118 7716041 118 0
2622 7716041 118 1325788 118 0
2623 443462 118 7596527 118 0
2624 6025775 118 2904718 118 0
2625 2611 118 6025775 118 0
2626 2612 118 2611 118 0
2627 5270758 117 5781171 117 0
2628 633560 117 2630 117 0
2629 620229 117 9052072 117 0
2630 5781171 117 9412462 117 0
2631 4380969 117 7294461 117 0
2632 2874341 117 2133963 117 0
2633 2641 117 2874341 117 0
2634 2638258 117 5270758 117 0
2635 2133963 117 2637 117 0
2636 2358150 117 2739100 117 0
2637 2637 117 633560 117 0
2638 1398409 117 2641 117 0
2639 9052072 117 4380969 117 0
2640 2739100 117 1398409 117 0
2641 7294461 117 2890365 117 0
2642 9412462 117 620229 117 0
2643 2630 117 2358150 117 0
2644 2890365 117 2638258 117 0
2645 8416594 116 1500547 116 0
2646 141287 116 4635444 116 0
2647 9030931 116 2650 116 0
2648 7461683 116 5789336 116 0
2649 3012797 116 8160518 116 0
2650 5789336 116 8039053 116 0
2651 9565776 116 5439543 116 0
2652 4639751 116 3012797 116 0
2653 8039053 116 2018268 116 0
2654 9303560 116 4931092 116 0
2655 5439543 116 9303560 116 0
2656 7540684 116 8416594 116 0
2657 4931092 116 9565776 116 0
2658 2650 116 141287 116 0
2659 2018268 116 4639751 116 0
2660 4635444 116 7461683 116 0
2661 8160518 116 7540684 116 0
2662 1500547 116 9030931 116 0
2663 1637037 115 8566445 115 0
2664 7461879 115 1637037 115 0
2665 9297839 115 9603813 115 0
2666 3820236 115 2666 115 0
2667 3289965 115 1951562 115 0
2668 6717664 115 101485 115 0
2669 101485 115 3289965 115 0
2670 4746893 115 7461879 115 0
2671 9217185 115 3255479 115 0
2672 5277756 115 6717664 115 0
2673 8145377 115 6454635 115 0
2674 3255479 115 3587797 115 0
2675 6454635 115 9217185 115 0
2676 2666 115 8145377 115 0
2677 4324784 115 5277756 115 0
2678 8566445 115 4746893 115 0
2679 1951562 115 9297839 115 0
2680 9603813 115 4324784 115 0
2681 3587797 115 3820236 115 0
2682 2693 114 9548811 114 0
2683 9868396 114 2696 114 0
2684 7163720 114 5316936 114 0
2685 5614628 114 5263708 114 0
2686 9450139 114 650387 114 0
2687 1778111 114 3541841 114 0
2688 5316936 114 9450139 114 0
2689 2696 114 7163720 114 0
2690 9802549 114 5614628 114 0
2691 5928198 114 1048910 114 0
2692 1048910 114 1989421 114 0
2693 5263708 114 1778111 114 0
2694 4867213 114 4867213 114 1
2695 9548811 114 9802549 114 0
2696 1989421 114 2693 114 0
2697 3541841 114 5928198 114 0
2698 650387 114 9868396 114 0
2699 3243582 114 4322083 114 0
2700 4322083 114 3243582 114 0
2701 109385 113 5526080 113 0
2702 5488825 113 3776315 113 0
2703 4509971 113 8219836 113 0
2704 8699606 113 6170547 113 0
2705 2705 113 3305648 113 0
2706 9699642 113 2705 113 0
2707 1690535 113 4030434 113 0
2708 8512016 113 9699642 113 0
2709 3717884 113 178712 113 0
2710 6145767 113 4509971 113 0
2711 3776315 113 6145767 113 0
2712 178712 113 5488825 113 0
2713 6170547 113 9739650 113 0
2714 9739650 113 1777363 113 0
2715 4030434 113 109385 113 0
2716 8219836 113 8512016 113 0
2717 3305648 113 3717884 113 0
2718 1777363 113 1690535 113 0
2719 5526080 113 8699606 113 0
2720 5876377 112 1474943 112 0
2721 2066584 112 5876377 112 0
2722 6060937 112 4247372 112 0
2723 5209926 112 538612 112 0
2724 2732 112 8755804 112 0
2725 7177108 112 5209926 112 0
2726 2186637 112 2066584 112 0
2727 6233751 112 2186637 112 0
2728 8724408 112 6060937 112 0
2729 5475952 112 7177108 112 0
2730 538612 112 4698950 112 0
2731 9169006 112 9169006 112 1
2732 990119 112 6233751 112 0
2733 8755804 112 889647 112 0
2734 1474943 112 8724408 112 0
2735 4247372 112 5132430 112 0
2736 4168586 112 4168586 112 1
2737 889647 112 2732 112 0
2738 5132430 112 990119 112 0
2739 4698950 112 5475952 112 0
2740 2791893 111 2743 111 0
2741 8237455 111 2531012 111 0
2742 3064429 111 3434030 111 0
2743 8222466 111 6865003 111 0
2744 4280014 111 4936654 111 0
2745 1058778 111 3064429 111 0
2746 3866589 111 2747 111 0
2747 2531012 111 5563493 111 0
2748 5563493 111 3866589 111 0
2749 2753 111 6728931 111 0
2750 4424503 111 2791893 111 0
2751 2750 111 8237455 111 0
2752 1196875 111 2753 111 0
2753 3434030 111 2750 111 0
2754 2743 111 8222466 111 0
2755 6728931 111 1058778 111 0
2756 6865003 111 4424503 111 0
2757 4936654 111 4280014 111 0
2758 2747 111 1196875 111 0
2759 6201372 110 2775 110 0
2760 4908408 110 6201372 110 0
2761 3249289 110 9363620 110 0
2762 4188401 110 4908408 110 0
2763 4861434 110 4188401 110 0
2764 183740 110 5401304 110 0
2765 7671432 110 4013479 110 0
2766 2221355 110 6344103 110 0
2767 4013479 110 2771 110 0
2768 1004303 110 7671432 110 0
2769 9363620 110 4861434 110 0
2770 2775 110 2764 110 0
2771 8255690 110 5212553 110 0
2772 2771 110 2221355 110 0
2773 9720636 110 183740 110 0
2774 2165735 110 2165735 110 1
2775 5401304 110 3249289 110 0
2776 6344103 110 2766 110 0
2777 2764 110 8255690 110 0
2778 5212553 110 9720636 110 0
2779 2766 110 1004303 110 0
2780 2017526 109 6958902 109 0
2781 6754678 109 8930978 109 0
2782 7886990 109 8661847 109 0
2783 2795 109 7605943 109 0
2784 7179316 109 2795 109 0
2785 1327464 109 2017526 109 0
2786 1689799 109 6754678 109 0
2787 2801166 109 2493317 109 0
2788 3073202 109 874597 109 0
2789 8930978 109 7487632 109 0
2790 874597 109 7179316 109 0
2791 7487632 109 2788 109 0
2792 8661847 109 624527 109 0
2793 9035391 109 9035391 109 1
2794 2493317 109 1327464 109 0
2795 1936392 109 1936392 109 1
2796 624527 109 7886990 109 0
2797 7605943 109 2801166 109 0
2798 6958902 109 1689799 109 0
2799 2788 109 3073202 109 0
2800 1176466 108 3211555 108 0
2801 2817 108 8735527 108 0
2802 2819 108 2815 108 0
2803 6778812 108 2641284 108 0
2804 4782558 108 4423516 108 0
2805 2815 108 4682337 108 0
2806 691391 108 1176466 108 0
2807 8735527 108 9356009 108 0
2808 8448534 108 2154009 108 0
2809 4450391 108 2817 108 0
2810 2153203 108 8448534 108 0
2811 5583446 108 4450391 108 0
2812 2154009 108 5583446 108 0
2813 2641284 108 2102869 108 0
2814 3211555 108 2153203 108 0
2815 2804 108 1034800 108 0
2816 9356009 108 2804 108 0
2817 2102869 108 691391 108 0
2818 4682337 108 2819 108 0
2819 1034800 108 6778812 108 0
2820 4423516 108 4782558 108 0
2821 3716274 107 5637337 107 0
2822 6411850 107 6411850 107 1
2823 2621643 107 2621643 107 1
2824 3746383 107 9381324 107 0
2825 2834 107 3716274 107 0
2826 880453 107 1274406 107 0
2827 2826 107 3147713 107 0
2828 2684717 107 4153032 107 0
2829 8023831 107 552659 107 0
2830 1177078 107 2834 107 0
2831 552659 107 2827 107 0
2832 9409441 107 3746383 107 0
2833 1274406 107 2826 107 0
2834 6182641 107 6182641 107 1
2835 5361307 107 9409441 107 0
2836 4153032 107 8023831 107 0
2837 9381324 107 9084517 107 0
2838 5637337 107 880453 107 0
2839 3147713 107 1177078 107 0
2840 9084517 107 2684717 107 0
2841 2827 107 5361307 107 0
2842 4571443 106 9923574 106 0
2843 4553588 106 2848 106 0
2844 2860 106 4553588 106 0
2845 9115443 106 3033339 106 0
2846 9455722 106 9455722 106 1
2847 2848 106 3954027 106 0
2848 4996702 106 6827886 106 0
2849 4550865 106 2860 106 0
2850 6360981 106 1836831 106 0
2851 4932834 106 2847 106 0
2852 2434238 106 825093 106 0
2853 3033339 106 6306675 106 0
2854 659758 106 659758 106 1
2855 3954027 106 4932834 106 0
2856 6827886 106 2434238 106 0
2857 3547333 106 6360981 106 0
2858 825093 106 9115443 106 0
2859 2234340 106 3547333 106 0
2860 1836831 106 4571443 106 0
2861 6306675 106 4550865 106 0
2862 9923574 106 4996702 106 0
2863 2847 106 2234340 106 0
2864 2870 105 1567099 105 0
2865 9340010 105 9802535 105 0
2866 2882 105 2738633 105 0
2867 3536071 105 2882 105 0
2868 9729247 105 3853102 105 0
2869 7720263 105 9504963 105 0
2870 411933 105 2872 105 0
2871 2883 105 9340010 105 0
2872 2884 105 2870 105 0
2873 3853102 105 8385452 105 0
2874 9504963 105 7720263 105 0
2875 2832215 105 9729247 105 0
2876 8385452 105 2884 105 0
2877 2462986 105 2871 105 0
2878 9802535 105 2883 105 0
2879 1567099 105 411933 105 0
2880 4831380 105 3536071 105 0
2881 2913714 105 2913714 105 1
2882 2738633 105 4831380 105 0
2883 2871 105 2462986 105 0
2884 2872 105 2832215 105 0
2885 1874479 104 8833913 104 0
2886 2071183 104 8179257 104 0
2887 9369545 104 2906 104 0
2888 8834857 104 2907 104 0
2889 2907 104 7053499 104 0
2890 2906 104 9369545 104 0
2891 4754239 104 1874479 104 0
2892 2903 104 3171010 104 0
2893 4169485 104 5079203 104 0
2894 7487181 104 5044549 104 0
2895 2900 104 2900 104 1
2896 5044549 104 8834857 104 0
2897 5079203 104 3205885 104 0
2898 7894080 104 2071183 104 0
2899 8179257 104 4169485 104 0
2900 6923495 104 4754239 104 0
2901 3205885 104 2892 104 0
2902 3171010 104 2919765 104 0
2903 8832857 104 6923495 104 0
2904 2919765 104 7894080 104 0
2905 2892 104 8832857 104 0
2906 8833913 104 7487181 104 0
2907 7053499 104 2903 104 0
2908 274886 103 1757010 103 0
2909 7428005 103 196686 103 0
2910 3309176 103 2887271 103 0
2911 9269461 103 6233427 103 0
2912 2887271 103 2929 103 0
2913 4149505 103 9269461 103 0
2914 1757010 103 2240235 103 0
2915 4151494 103 2916 103 0
2916 2929 103 2316071 103 0
2917 2316071 103 3309176 103 0
2918 8839225 103 6672733 103 0
2919 196686 103 7428005 103 0
2920 6233427 103 274886 103 0
2921 5612193 103 8839225 103 0
2922 3874945 103 3241022 103 0
2923 2391395 103 8395745 103 0
2924 6672733 103 2391395 103 0
2925 2240235 103 2915 103 0
2926 3241022 103 5612193 103 0
2927 2915 103 4151494 103 0
2928 2916 103 4149505 103 0
2929 8395745 103 3874945 103 0
2930 2353208 102 2893277 102 0
2931 801300 102 2610906 102 0
2932 2939 102 115665 102 0
2933 9620122 102 9721605 102 0
2934 2886405 102 75405 102 0
2935 2610906 102 1760940 102 0
2936 115665 102 801300 102 0
2937 5789224 102 5789224 102 1
2938 7706584 102 1509920 102 0
2939 1760940 102 1228189 102 0
2940 1119851 102 2939 102 0
2941 1228189 102 5629300 102 0
2942 5629300 102 9620122 102 0
2943 678822 102 4400000 102 0
2944 922660 102 7706584 102 0
2945 4400000 102 922660 102 0
2946 2932 102 2932 102 1
2947 1509920 102 678822 102 0
2948 2893277 102 9069960 102 0
2949 9069960 102 2886405 102 0
2950 9205360 102 2291420 102 0
2951 2291420 102 9205360 102 0
2952 9721605 102 2353208 102 0
2953 75405 102 1119851 102 0
2954 5393620 101 2358605 101 0
2955 2964 101 3312811 101 0
2956 619168 101 7308112 101 0
2957 2971 101 636836 101 0
2958 384547 101 384547 101 1
2959 5830836 101 4585146 101 0
2960 3586668 101 5825136 101 0
2961 6776318 101 4145217 101 0
2962 2358605 101 2960 101 0
2963 1301271 101 2964 101 0
2964 647056 101 1301271 101 0
2965 9004225 101 3586668 101 0
2966 9280206 101 6776318 101 0
2967 4585146 101 7451611 101 0
2968 7308112 101 5830836 101 0
2969 493316 101 9004225 101 0
2970 3312811 101 5393620 101 0
2971 636836 101 619168 101 0
2972 3412407 101 9280206 101 0
2973 4145217 101 493316 101 0
2974 7451611 101 2971 101 0
2975 5825136 101 647056 101 0
2976 2960 101 3412407 101 0
2977 6505407 100 8460202 100 0
2978 8390847 100 8230548 100 0
2979 5981010 100 2977 100 0
2980 2043280 100 6168467 100 0
2981 5319302 100 2563353 100 0
2982 8460202 100 8390847 100 0
2983 2872035 100 1728620 100 0
2984 5871791 100 2394614 100 0
2985 2394614 100 2872035 100 0
2986 6168467 100 3051522 100 0
2987 8694044 100 6505407 100 0
2988 3836589 100 204258 100 0
2989 8230548 100 3836589 100 0
2990 9948332 100 9420397 100 0
2991 2563353 100 4637388 100 0
2992 4637388 100 5319302 100 0
2993 5261470 100 2043280 100 0
2994 2977 100 5981010 100 0
2995 204258 100 5871791 100 0
2996 3051522 100 5261470 100 0
2997 1728620 100 9948332 100 0
2998 80963 100 9915400 100 0
2999 9420397 100 8694044 100 0
3000 9915400 100 80963 100 0
3001 2075286 99 9751696 99 0
3002 3876513 99 914794 99 0
3003 9476297 99 3762739 99 0
3004 4509051 99 4509051 99 1
3005 5003513 99 1998504 99 0
3006 3018 99 6860746 99 0
3007 9286407 99 7690593 99 0
3008 9751696 99 8481309 99 0
3009 7576039 99 2075286 99 0
3010 1210597 99 3002 99 0
3011 7690593 99 558706 99 0
3012 655767 99 3018 99 0
3013 6860746 99 9476297 99 0
3014 5658617 99 3517638 99 0
3015 3517638 99 5658617 99 0
3016 914794 99 2997 99 0
3017 3762739 99 3876513 99 0
3018 558706 99 3955559 99 0
3019 6208715 99 5003513 99 0
3020 1998504 99 6208715 99 0
3021 3955559 99 655767 99 0
3022 2997 99 1210597 99 0
3023 3002 99 7576039 99 0
3024 8481309 99 9286407 99 0
3025 1796205 98 894160 98 0
3026 8735562 98 3026 98 0
3027 3094642 98 5910697 98 0
3028 1565670 98 1413230 98 0
3029 1413230 98 1510353 98 0
3030 2142243 98 6276252 98 0
3031 1510353 98 3030 98 0
3032 7531142 98 8025685 98 0
3033 4560018 98 1816286 98 0
3034 5910697 98 559782 98 0
3035 559782 98 1546709 98 0
3036 6879403 98 3027 98 0
3037 3030 98 8735562 98 0
3038 894160 98 1565670 98 0
3039 8025685 98 1796205 98 0
3040 1706845 98 3083210 98 0
3041 3083210 98 1706845 98 0
3042 235973 98 5249231 98 0
3043 1546709 98 235973 98 0
3044 1816286 98 7531142 98 0
3045 6276252 98 4560018 98 0
3046 5249231 98 2142243 98 0
3047 2008928 98 6879403 98 0
3048 3026 98 2008928 98 0
3049 3027 98 3094642 98 0
3050 7836271 97 4294967295 0 0
3051 5497973 97 4294967295 0 0
3052 7902306 97 4294967295 0 0
3053 8780066 97 4294967295 0 0
3054 4671284 97 4294967295 0 0
3055 5404533 97 4294967295 0 0
3056 3992092 97 4294967295 0 0
3057 3658651 97 4294967295 0 0
3058 5394566 97 4294967295 0 0
3059 2177656 97 4294967295 0 0
3060 3542506 97 4294967295 0 0
3061 9468270 97 4294967295 0 0
3062 3284657 97 4294967295 0 0
3063 1555720 97 4294967295 0 0
3064 2927849 97 4294967295 0 0
3065 5357457 97 4294967295 0 0
3066 3640051 97 4294967295 0 0
3067 4895726 97 4294967295 0 0
3068 9469861 97 4294967295 0 0
3069 5067436 97 4294967295 0 0
3070 9537915 97 4294967295 0 0
3071 7671088 97 4294967295 0 0
3072 3055 97 4294967295 0 0
3073 2422427 97 4294967295 0 0
3074 7370971 97 4294967295 0 0
3075 8227581 96 4294967295 0 0
3076 2832976 96 4294967295 0 0
3077 8910919 96 4294967295 0 0
3078 3094 96 4294967295 0 0
3079 8158577 96 4294967295 0 0
3080 6350769 96 4294967295 0 0
3081 3084 96 4294967295 0 0
3082 7120339 96 4294967295 0 0
3083 7792492 96 4294967295 0 0
3084 3900464 96 4294967295 0 0
3085 6887664 96 4294967295 0 0
3086 5173279 96 4294967295 0 0
3087 7936434 96 4294967295 0 0
3088 7838551 96 4294967295 0 0
3089 3600239 96 4294967295 0 0
3090 3663299 96 4294967295 0 0
3091 844981 96 4294967295 0 0
3092 4003104 96 4294967295 0 0
3093 7224190 96 4294967295 0 0
3094 8511355 96 4294967295 0 0
3095 6354218 96 4294967295 0 0
3096 8873877 96 4294967295 0 0
3097 5042316 96 4294967295 0 0
3098 3075 96 4294967295 0 0
3099 3590865 96 4294967295 0 0
3100 3077 96 4294967295 0 0
3101 959340 95 4294967295 0 0
3102 2535515 95 4294967295 0 0
3103 3943018 95 4294967295 0 0
3104 6646570 95 4294967295 0 0
3105 3119 95 4294967295 0 0
3106 599176 95 4294967295 0 0
3107 6243342 95 4294967295 0 0
3108 6479805 95 4294967295 0 0
3109 8494322 95 4294967295 0 0
3110 6569029 95 4294967295 0 0
3111 6936140 95 4294967295 0 0
3112 9479359 95 4294967295 0 0
3113 1908778 95 4294967295 0 0
3114 6119381 95 4294967295 0 0
3115 4711117 95 4294967295 0 0
3116 8343437 95 4294967295 0 0
3117 7432735 95 4294967295 0 0
3118 2590487 95 4294967295 0 0
3119 566669 95 4294967295 0 0
3120 1590831 95 4294967295 0 0
3121 7719573 95 4294967295 0 0
3122 8976783 95 4294967295 0 0
3123 3108 95 4294967295 0 0
3124 1150985 95 4294967295 0 0
3125 3105 95 4294967295 0 0
3126 9025143 95 4294967295 0 0
3127 3140 94 4294967295 0 0
3128 6191105 94 4294967295 0 0
3129 3508071 94 4294967295 0 0
3130 6509081 94 4294967295 0 0
3131 7821685 94 4294967295 0 0
3132 3147 94 4294967295 0 0
3133 9927282 94 4294967295 0 0
3134 3369716 94 4294967295 0 0
3135 167903 94 4294967295 0 0
3136 2831807 94 4294967295 0 0
3137 9059017 94 4294967295 0 0
3138 6784854 94 4294967295 0 0
3139 5946907 94 4294967295 0 0
3140 9778402 94 4294967295 0 0
3141 5693842 94 4294967295 0 0
3142 5100192 94 4294967295 0 0
3143 7199800 94 4294967295 0 0
3144 9018749 94 4294967295 0 0
3145 7170072 94 4294967295 0 0
3146 68754 94 4294967295 0 0
3147 4175628 94 4294967295 0 0
3148 7497764 94 4294967295 0 0
3149 6598478 94 4294967295 0 0
3150 6807282 94 4294967295 0 0
