25911068 55555 0.000010
0 12880644 102532 12880644 102491 1
1 27546843 60966 27546843 60941 1
2 9421475 44980 9421475 44965 1
3 16985852 36251 16985852 36238 1
4 22381743 30664 22381743 30646 1
5 6601940 26745 6601940 26731 1
6 19167512 23825 19167512 23818 1
7 26082697 21555 26082697 21545 1
8 26349538 19732 26349538 19729 1
9 11920939 18233 11920939 18227 1
10 22928793 16975 22928793 16968 1
11 15931095 15903 15931095 15897 1
12 1737098 14976 1737098 14971 1
13 12709913 14167 12709913 14159 1
14 6899289 13452 6899289 13448 1
15 12822840 12816 12822840 12812 1
16 15555755 12247 15555755 12243 1
17 23762724 11733 23762724 11732 1
18 239425 11267 239425 11260 1
19 10863421 10841 10863421 10836 1
20 23383221 10452 23383221 10447 1
21 9377131 10094 9377131 10087 1
22 26050044 9763 26050044 9760 1
23 22904892 9456 22904892 9452 1
24 19530033 9171 19530033 9170 1
25 11211064 8905 11211064 8902 1
26 17740954 8656 17740954 8652 1
27 5354566 8423 5354566 8420 1
28 16024943 8205 16024943 8201 1
29 11113610 7999 11113610 7996 1
30 30 7804 30 7803 1
31 1082604 7621 1082604 7619 1
32 25065359 7447 25065359 7444 1
33 2588130 7282 2588130 7275 1
34 18986174 7125 18986174 7118 1
35 8649667 6976 8649667 6974 1
36 25514107 6835 25514107 6834 1
37 9868494 6699 9868494 6697 1
38 38 6570 38 6567 1
39 11422549 6446 11422549 6443 1
40 14303177 6328 14303177 6324 1
41 3828462 6215 3828462 6213 1
42 24252872 6106 24252872 6106 1
43 14750655 6002 14750655 5997 1
44 2802450 5901 2802450 5896 1
45 1298001 5805 1298001 5805 1
46 46 5712 46 5709 1
47 47 5622 47 5618 1
48 18681442 5536 18681442 5536 1
49 49 5453 49 5452 1
50 50 5373 50 5370 1
51 6816457 5295 6816457 5295 1
52 52 5220 52 5217 1
53 53 5147 53 5142 1
54 8225765 5077 8225765 5074 1
55 1648295 5009 1648295 5009 1
56 15471384 4943 15471384 4942 1
57 23408397 4879 23408397 4878 1
58 16684339 4816 16684339 4815 1
59 24930477 4756 24930477 4755 1
60 60 4697 60 4695 1
61 2545132 4641 2545132 4640 1
62 20076035 4585 20076035 4585 1
63 3757242 4531 3757242 4531 1
64 4523835 4479 4523835 4479 1
65 12261787 4428 12261787 4426 1
66 26224558 4378 26224558 4377 1
67 3609363 4330 3609363 4330 1
68 21847821 4283 21847821 4280 1
69 16769970 4237 16769970 4233 1
70 2778429 4192 2778429 4191 1
71 17551948 4148 17551948 4147 1
72 72 4106 72 4106 1
73 2542401 4064 2542401 4064 1
74 20538485 4023 20538485 4020 1
75 14983369 3983 14983369 3983 1
76 6410511 3944 6410511 3943 1
77 5962792 3907 5962792 3906 1
78 11856306 3869 11856306 3866 1
79 13323508 3833 13323508 3832 1
80 26768642 3797 26768642 3795 1
81 4130664 3763 4130664 3762 1
82 19816319 3729 19816319 3727 1
83 16074013 3695 16074013 3695 1
84 15237081 3663 15237081 3660 1
85 24750547 3631 24750547 3628 1
86 29916443 3599 29916443 3599 1
87 23271831 3569 23271831 3567 1
88 8390058 3538 8390058 3536 1
89 8952701 3509 8952701 3508 1
90 12741616 3480 12741616 3478 1
91 24591162 3452 24591162 3451 1
92 3627928 3424 3627928 3423 1
93 14497818 3396 14497818 3394 1
94 94 3370 94 3367 1
95 7209262 3343 7209262 3343 1
96 96 3317 96 3315 1
97 97 3292 97 3292 1
98 760189 3267 760189 3267 1
99 13257601 3242 13257601 3241 1
100 14195167 3218 14195167 3218 1
101 27394373 3195 27394373 3192 1
102 11764454 3171 11764454 3171 1
103 29221837 3148 29221837 3148 1
104 21357780 3126 21357780 3126 1
105 5040814 3104 5040814 3103 1
106 3962393 3082 3962393 3081 1
107 1749327 3060 1749327 3057 1
108 22477060 3039 22477060 3039 1
109 8684803 3019 8684803 3017 1
110 25619535 2998 25619535 2997 1
111 21080142 2978 21080142 2978 1
112 25352424 2958 25352424 2956 1
113 20014391 2939 20014391 2939 1
114 7925241 2920 7925241 2918 1
115 28023923 2901 28023923 2899 1
116 3960631 2882 3960631 2880 1
117 10963587 2864 10963587 2864 1
118 28491940 2846 28491940 2846 1
119 26256108 2828 26256108 2828 1
120 4704416 2810 4704416 2808 1
121 7384924 2793 7384924 2792 1
122 16358088 2776 16358088 2775 1
123 8550824 2759 8550824 2757 1
124 16766850 2743 16766850 2742 1
125 16704178 2726 16704178 2726 1
126 28748605 2710 28748605 2709 1
127 3479274 2694 3479274 2694 1
128 128 2679 128 2677 1
129 23446078 2663 23446078 2663 1
130 3940354 2648 3940354 2645 1
131 13373539 2633 13373539 2633 1
132 719787 2618 719787 2617 1
133 22089672 2603 22089672 2602 1
134 10556052 2589 10556052 2589 1
135 29610433 2575 29610433 2571 1
136 136 2560 136 2558 1
137 137 2547 137 2547 1
138 138 2533 138 2532 1
139 15537223 2519 15537223 2517 1
140 7500276 2506 7500276 2505 1
141 26392253 2493 26392253 2491 1
142 5105201 2479 5105201 2477 1
143 14578241 2467 14578241 2466 1
144 26757603 2454 26757603 2453 1
145 20249505 2441 20249505 2439 1
146 2519073 2429 2519073 2429 1
147 23642344 2416 23642344 2413 1
148 148 2404 148 2403 1
149 26329406 2392 26329406 2391 1
150 26947901 2380 26947901 2380 1
151 5781663 2369 5781663 2368 1
152 25344244 2357 25344244 2357 1
153 153 2345 153 2345 1
154 8377063 2334 8377063 2333 1
155 12266863 2323 12266863 2322 1
156 156 2312 156 2311 1
157 10828741 2301 10828741 2299 1
158 10494470 2290 10494470 2288 1
159 14974439 2279 14974439 2279 1
160 26525176 2269 26525176 2268 1
161 28626298 2258 28626298 2257 1
162 20171621 2248 20171621 2246 1
163 24306644 2237 24306644 2235 1
164 6661238 2227 6661238 2226 1
165 6701179 2217 6701179 2214 1
166 24054367 2207 24054367 2206 1
167 6241810 2197 6241810 2195 1
168 1165133 2187 1165133 2187 1
169 3644547 2178 3644547 2178 1
170 170 2168 170 2168 1
171 171 2159 171 2157 1
172 172 2149 172 2147 1
173 173 2140 173 2140 1
174 4114119 2131 4114119 2130 1
175 4886400 2122 4886400 2120 1
176 20250036 2113 20250036 2112 1
177 8728406 2104 8728406 2104 1
178 178 2095 178 2095 1
179 4508961 2086 4508961 2086 1
180 18005736 2078 18005736 2077 1
181 8253663 2069 8253663 2067 1
182 19425206 2061 19425206 2060 1
183 19590502 2052 19590502 2052 1
184 22711993 2044 22711993 2042 1
185 18624590 2036 18624590 2036 1
186 29930297 2028 29930297 2027 1
187 4251970 2019 4251970 2019 1
188 188 2011 188 2009 1
189 16016351 2004 16016351 2002 1
190 28434083 1996 28434083 1996 1
191 20184874 1988 20184874 1986 1
192 2765921 1980 2765921 1978 1
193 10985552 1972 10985552 1972 1
194 13419510 1965 13419510 1965 1
195 16185481 1957 16185481 1957 1
196 196 1950 196 1950 1
197 7870173 1942 7870173 1941 1
198 26881824 1935 26881824 1933 1
199 26053874 1928 26053874 1927 1
200 10727682 1921 10727682 1920 1
201 5987573 1914 5987573 1914 1
202 24359866 1907 24359866 1906 1
203 10755321 1899 10755321 1896 1
204 21817719 1893 21817719 1891 1
205 205 1886 205 1885 1
206 19821572 1879 19821572 1879 1
207 16247166 1872 16247166 1871 1
208 9646106 1865 9646106 1865 1
209 15359114 1859 15359114 1859 1
210 210 1852 210 1852 1
211 21368233 1845 21368233 1844 1
212 21738812 1839 21738812 1838 1
213 26509886 1833 26509886 1832 1
214 26855632 1826 26855632 1826 1
215 246490 1820 246490 1820 1
216 216 1813 216 1812 1
217 15475682 1807 15475682 1804 1
218 28049505 1801 28049505 1800 1
219 6737268 1795 6737268 1794 1
220 220 1789 220 1789 1
221 17843088 1783 17843088 1783 1
222 14671368 1777 14671368 1776 1
223 8167668 1771 8167668 1771 1
224 21830191 1765 21830191 1765 1
225 225 1759 225 1758 1
226 22925838 1753 22925838 1751 1
227 26424121 1747 26424121 1747 1
228 18633729 1742 18633729 1742 1
229 22178833 1736 22178833 1735 1
230 11914168 1730 11914168 1730 1
231 231 1725 231 1725 1
232 15226415 1719 15226415 1718 1
233 5954439 1714 5954439 1714 1
234 9964436 1708 9964436 1708 1
235 7389618 1703 7389618 1702 1
236 10939150 1697 10939150 1697 1
237 6784700 1692 6784700 1691 1
238 29478443 1687 29478443 1687 1
239 12620193 1682 12620193 1682 1
240 24982073 1676 24982073 1676 1
241 27682258 1671 27682258 1671 1
242 1156600 1666 1156600 1666 1
243 14110250 1661 14110250 1660 1
244 830707 1656 830707 1654 1
245 6124478 1651 6124478 1650 1
246 23160761 1646 23160761 1645 1
247 26673947 1641 26673947 1641 1
248 19350002 1636 19350002 1635 1
249 249 1631 249 1630 1
250 7862376 1626 7862376 1625 1
251 5695678 1621 5695678 1621 1
252 1710768 1616 1710768 1616 1
253 253 1612 253 1612 1
254 12471756 1607 12471756 1607 1
255 7046361 1602 7046361 1601 1
256 2180915 1597 2180915 1596 1
257 6418013 1593 6418013 1593 1
258 258 1588 258 1588 1
259 218116 1584 218116 1584 1
260 10647130 1579 10647130 1579 1
261 11131011 1574 11131011 1573 1
262 20780294 1570 20780294 1569 1
263 4136774 1566 4136774 1566 1
264 14412648 1561 14412648 1560 1
265 29261404 1557 29261404 1557 1
266 20912741 1552 20912741 1552 1
267 10238097 1548 10238097 1548 1
268 21692198 1544 21692198 1543 1
269 7503612 1539 7503612 1539 1
270 13878188 1535 13878188 1535 1
271 22395217 1531 22395217 1530 1
272 16509770 1527 16509770 1526 1
273 2268541 1522 2268541 1522 1
274 27923282 1518 27923282 1518 1
275 275 1514 275 1514 1
276 14040021 1510 14040021 1510 1
277 29281098 1506 29281098 1506 1
278 1932349 1502 1932349 1500 1
279 12008074 1498 12008074 1498 1
280 280 1494 280 1494 1
281 26764680 1490 26764680 1490 1
282 14660294 1486 14660294 1486 1
283 7580130 1482 7580130 1482 1
284 4465163 1478 4465163 1477 1
285 18488958 1474 18488958 1473 1
286 5285796 1470 5285796 1470 1
287 2872132 1467 2872132 1466 1
288 18558957 1463 18558957 1461 1
289 2775730 1459 2775730 1459 1
290 1337471 1455 1337471 1454 1
291 13905811 1452 13905811 1452 1
292 11936784 1448 11936784 1447 1
293 18629118 1444 18629118 1443 1
294 16566525 1440 16566525 1440 1
295 10001649 1437 10001649 1437 1
296 17321781 1433 17321781 1433 1
297 18648718 1430 18648718 1428 1
298 24801928 1426 24801928 1426 1
299 299 1422 299 1421 1
300 4937931 1419 4937931 1419 1
301 17652010 1415 17652010 1415 1
302 20868272 1412 20868272 1410 1
303 303 1408 303 1408 1
304 13019450 1405 13019450 1405 1
305 305 1401 305 1401 1
306 27227590 1398 27227590 1397 1
307 611752 1395 611752 1393 1
308 4395471 1391 4395471 1391 1
309 17898626 1388 17898626 1388 1
310 16791098 1384 16791098 1384 1
311 26949917 1381 26949917 1380 1
312 26717119 1378 26717119 1377 1
313 24167046 1375 24167046 1375 1
314 14284948 1371 14284948 1371 1
315 22740217 1368 22740217 1368 1
316 20297429 1365 20297429 1363 1
317 16608233 1362 16608233 1361 1
318 318 1358 318 1358 1
319 24306085 1355 24306085 1355 1
320 28983305 1352 28983305 1352 1
321 9849715 1349 9849715 1349 1
322 6660439 1346 6660439 1344 1
323 15952646 1343 15952646 1342 1
324 11463632 1340 11463632 1339 1
325 16190038 1336 16190038 1336 1
326 28335790 1333 28335790 1333 1
327 10970105 1330 10970105 1330 1
328 16725620 1327 16725620 1327 1
329 20636027 1324 20636027 1323 1
330 29405960 1321 29405960 1320 1
331 12207243 1318 12207243 1318 1
332 18342499 1315 18342499 1313 1
333 333 1312 333 1311 1
334 334 1309 334 1308 1
335 335 1306 335 1306 1
336 17400751 1304 17400751 1304 1
337 14682881 1301 14682881 1301 1
338 4952032 1298 4952032 1298 1
339 8683634 1295 8683634 1295 1
340 7845067 1292 7845067 1291 1
341 3509910 1289 3509910 1289 1
342 15180544 1286 15180544 1286 1
343 25574613 1284 25574613 1284 1
344 17659628 1281 17659628 1279 1
345 125322 1278 125322 1278 1
346 11217204 1275 11217204 1274 1
347 347 1273 347 1272 1
348 8070060 1270 8070060 1268 1
349 14106234 1267 14106234 1266 1
350 14261450 1264 14261450 1264 1
351 22727486 1262 22727486 1262 1
352 17180738 1259 17180738 1259 1
353 7317206 1256 7317206 1255 1
354 7756410 1254 7756410 1252 1
355 14466421 1251 14466421 1251 1
356 28456067 1248 28456067 1247 1
357 3795800 1246 3795800 1245 1
358 15650303 1243 15650303 1243 1
359 29467303 1241 29467303 1241 1
360 25874313 1238 25874313 1238 1
361 6948001 1235 11464250 1233 0
362 11464250 1233 6948001 1233 0
363 15744955 1230 15744955 1230 1
364 24411639 1228 24411639 1228 1
365 3176183 1225 3176183 1224 1
366 366 1223 366 1222 1
367 15073500 1220 15073500 1220 1
368 368 1218 368 1218 1
369 21723285 1215 21723285 1214 1
370 19216550 1213 19216550 1212 1
371 11785346 1210 11785346 1210 1
372 6020788 1208 6020788 1208 1
373 12471905 1206 12471905 1205 1
374 374 1203 374 1202 1
375 17470172 1201 17470172 1200 1
376 22414192 1198 22414192 1198 1
377 19615764 1196 19615764 1195 1
378 138685 1194 138685 1193 1
379 17256305 1191 17256305 1191 1
380 29199974 1189 29199974 1189 1
381 3507258 1187 3507258 1187 1
382 475415 1184 475415 1184 1
383 16146700 1182 16146700 1182 1
384 19704439 1180 19704439 1180 1
385 22968789 1177 22968789 1177 1
386 14129979 1175 14129979 1175 1
387 14938588 1173 14938588 1173 1
388 8182328 1171 8182328 1171 1
389 20604746 1168 20604746 1168 1
390 8981395 1166 8981395 1166 1
391 308243 1164 308243 1164 1
392 22598660 1162 22598660 1162 1
393 9480852 1159 9480852 1159 1
394 16983097 1157 16983097 1157 1
395 11688277 1155 11688277 1155 1
396 24627874 1153 24627874 1152 1
397 14009826 1151 14009826 1151 1
398 16575430 1148 16575430 1148 1
399 22855797 1146 22855797 1145 1
400 14324101 1144 14324101 1144 1
401 26754535 1142 26754535 1142 1
402 26736787 1140 26736787 1140 1
403 20889278 1138 20889278 1138 1
404 25828527 1136 25828527 1134 1
405 419287 1134 419287 1133 1
406 19134727 1132 19134727 1131 1
407 22348144 1129 22348144 1128 1
408 19819123 1127 19819123 1127 1
409 23382942 1125 23382942 1124 1
410 26189404 1123 26189404 1122 1
411 1094243 1121 1094243 1120 1
412 14915117 1119 14915117 1119 1
413 27280481 1117 27280481 1117 1
414 414 1115 414 1115 1
415 14887025 1113 14887025 1113 1
416 17396461 1111 17396461 1111 1
417 417 1109 417 1109 1
418 7996599 1107 7996599 1105 1
419 9505457 1105 9505457 1104 1
420 15774293 1103 15774293 1103 1
421 7578173 1101 7578173 1100 1
422 422 1099 422 1098 1
423 24489811 1097 24489811 1097 1
424 14415983 1095 14415983 1095 1
425 21215754 1093 21215754 1092 1
426 13488267 1092 13488267 1092 1
427 427 1090 427 1090 1
428 2603390 1088 27643847 1086 0
429 27643847 1086 2603390 1086 0
430 430 1084 430 1083 1
431 25298441 1082 25298441 1082 1
432 28095943 1080 28095943 1079 1
433 13175347 1078 13175347 1078 1
434 28887819 1076 28887819 1076 1
435 435 1075 435 1075 1
436 17047207 1073 17047207 1073 1
437 11061580 1071 11061580 1071 1
438 11573559 1069 11573559 1069 1
439 26477817 1067 26477817 1067 1
440 6499670 1065 6499670 1065 1
441 24313085 1064 24313085 1063 1
442 442 1062 442 1062 1
443 443 1060 443 1060 1
444 13000724 1058 13000724 1058 1
445 24288075 1056 8447444 1055 0
446 8447444 1055 24288075 1055 0
447 11906346 1053 11906346 1053 1
448 7204095 1051 7204095 1051 1
449 14234935 1049 14234935 1049 1
450 21521554 1048 21521554 1046 1
451 25167393 1046 25167393 1046 1
452 452 1044 452 1043 1
453 12087903 1042 12087903 1041 1
454 23886704 1041 23886704 1040 1
455 24966842 1039 24966842 1039 1
456 29235276 1037 1048262 1035 0
457 1048262 1036 29235276 1035 0
458 13369271 1034 13369271 1034 1
459 8922182 1032 8922182 1032 1
460 11664617 1031 11664617 1029 1
461 15250372 1029 15250372 1029 1
462 27667890 1027 27667890 1026 1
463 9669726 1026 9669726 1025 1
464 27406252 1024 27406252 1023 1
465 16222600 1022 16222600 1021 1
466 3614605 1021 3614605 1020 1
467 1441090 1019 1441090 1018 1
468 468 1017 468 1017 1
469 10756062 1016 10756062 1015 1
470 24529694 1014 24529694 1014 1
471 4980410 1013 4980410 1012 1
472 7253622 1011 7253622 1011 1
473 3332463 1009 3332463 1008 1
474 28867149 1008 28867149 1008 1
475 3853504 1006 11835441 1005 0
476 11835441 1005 3853504 1004 0
477 26937924 1003 26937924 1003 1
478 478 1001 478 1001 1
479 28208968 1000 28208968 1000 1
480 25347878 998 25347878 997 1
481 16671812 997 16671812 997 1
482 20957534 995 20957534 995 1
483 14793911 994 14793911 994 1
484 1151370 992 1151370 992 1
485 485 991 485 989 1
486 12506575 989 12506575 989 1
487 28626183 988 28626183 988 1
488 973664 986 973664 986 1
489 3697602 984 3697602 984 1
490 29444986 983 28653310 981 0
491 28653310 981 29444986 981 0
492 492 980 492 980 1
493 20584993 979 20584993 978 1
494 15679245 977 15679245 977 1
495 7493506 976 7493506 976 1
496 16145633 974 16145633 974 1
497 28147470 973 28147470 972 1
498 28729724 971 28729724 971 1
499 2305262 970 2305262 970 1
500 17439646 968 17439646 968 1
501 20092792 967 20092792 967 1
502 25156614 965 2753470 964 0
503 2753470 964 25156614 964 0
504 29570875 962 17104974 961 0
505 17104974 961 29570875 961 0
506 17296165 960 17296165 960 1
507 25241064 958 25241064 958 1
508 508 957 508 956 1
509 6462294 955 6462294 955 1
510 510 954 510 954 1
511 1298687 953 1298687 952 1
512 16596343 951 16596343 951 1
513 513 950 513 950 1
514 514 948 514 948 1
515 6605557 947 6605557 947 1
516 18882187 946 18882187 946 1
517 23682609 944 23682609 944 1
518 5365979 943 5365979 943 1
519 9722341 942 9722341 942 1
520 19599096 940 19599096 940 1
521 24796377 939 24796377 939 1
522 12392365 938 12392365 938 1
523 6405612 936 6405612 936 1
524 524 935 524 935 1
525 25917237 934 25917237 934 1
526 18437249 932 18437249 932 1
527 20055508 931 9604223 930 0
528 9604223 930 20055508 930 0
529 19770341 928 19770341 928 1
530 15541124 927 15541124 927 1
531 25557337 926 25557337 926 1
532 6566266 924 6566266 924 1
533 17636574 923 17636574 923 1
534 25659896 922 25659896 921 1
535 10283090 920 10283090 920 1
536 15610082 919 14933738 918 0
537 14933738 918 15610082 917 0
538 23118868 917 23118868 917 1
539 23759665 915 12066174 914 0
540 12066174 914 23759665 914 0
541 12118734 913 12118734 912 1
542 532354 912 543 910 0
543 543 910 532354 910 0
544 7734268 909 7734268 909 1
545 5104104 908 5104104 908 1
546 1410015 907 1410015 907 1
547 15852737 905 15852737 904 1
548 548 904 548 904 1
549 24499257 903 4790341 902 0
550 4790341 902 24499257 901 0
551 27457269 900 27457269 900 1
552 29099904 899 29099904 899 1
553 553 898 553 898 1
554 554 897 554 897 1
555 14651844 895 14651844 895 1
556 5354615 894 5354615 893 1
557 557 893 12113289 892 0
558 12113289 892 557 891 0
559 24435478 891 24435478 891 1
560 15154442 889 15154442 888 1
561 20294181 888 20294181 887 1
562 24609302 887 24609302 887 1
563 20136275 886 20136275 886 1
564 28867598 885 28867598 885 1
565 23510834 884 23510834 884 1
566 13860 882 13860 882 1
567 567 881 567 880 1
568 16040202 880 22970885 879 0
569 22970885 879 16040202 879 0
570 6193573 878 6193573 878 1
571 29648920 877 29648920 877 1
572 20605772 875 20605772 875 1
573 10757418 874 10757418 874 1
574 4217574 873 4217574 873 1
575 19638934 872 22137646 871 0
576 22137646 871 19638934 871 0
577 23759225 870 23759225 870 1
578 7100969 869 7100969 869 1
579 579 868 579 868 1
580 4503879 866 4503879 866 1
581 581 865 11029375 864 0
582 11029375 864 12085394 863 0
583 12085394 863 581 863 0
584 2728466 862 2728466 862 1
585 20733140 861 20733140 861 1
586 20926654 860 20926654 860 1
587 19154583 859 19154583 859 1
588 12780577 858 12780577 858 1
589 3373976 856 3373976 856 1
590 11693659 855 11693659 854 1
591 591 854 591 854 1
592 10641722 853 10641722 853 1
593 447537 852 447537 852 1
594 594 851 594 851 1
595 23089142 850 23089142 850 1
596 4285094 849 4285094 849 1
597 597 848 27740433 847 0
598 27740433 847 19369945 846 0
599 19369945 846 597 846 0
600 19309321 845 19309321 844 1
601 22362604 844 10673188 842 0
602 10673188 843 22362604 842 0
603 11264084 842 11264084 842 1
604 28084391 841 28084391 841 1
605 3603355 839 3603355 839 1
606 606 838 607 837 0
607 607 837 606 837 0
608 27366215 836 27366215 836 1
609 5517872 835 5517872 835 1
610 23958721 834 23958721 834 1
611 24458093 833 24458093 833 1
612 25324416 832 25324416 832 1
613 613 831 613 831 1
614 614 830 614 829 1
615 29025868 829 29025868 828 1
616 616 828 616 828 1
617 17420748 827 17420748 827 1
618 9487526 826 9487526 826 1
619 16567171 825 16567171 825 1
620 16170425 824 16170425 824 1
621 15281559 823 15281559 822 1
622 16257414 822 16257414 821 1
623 29162150 821 29162150 819 1
624 23575709 820 23575709 819 1
625 846386 819 846386 818 1
626 24081652 818 24081652 818 1
627 18587498 817 9516876 816 0
628 9516876 816 16172598 815 0
629 16172598 815 18587498 815 0
630 630 814 19165814 813 0
631 19165814 813 13630675 812 0
632 13630675 812 5125723 812 0
633 5125723 812 630 812 0
634 634 811 9003617 810 0
635 9003617 810 634 810 0
636 3542408 809 3542408 809 1
637 637 808 2753576 807 0
638 2753576 807 637 807 0
639 9097144 806 2081477 805 0
640 2081477 805 8836748 804 0
641 8836748 804 9097144 804 0
642 20219450 803 20219450 803 1
643 23595599 802 23595599 802 1
644 3679448 801 3679448 801 1
645 645 800 24975416 799 0
646 24975416 799 645 799 0
647 20770530 798 20770530 798 1
648 7368813 797 7368813 797 1
649 6882537 796 6882537 796 1
650 13116901 796 13116901 796 1
651 17720206 795 17720206 795 1
652 29943954 794 29943954 794 1
653 7796805 793 7796805 793 1
654 654 792 654 792 1
655 14502922 791 14502922 791 1
656 28365977 790 28365977 790 1
657 5574107 789 5574107 789 1
658 220501 788 660 787 0
659 2612724 787 220501 787 0
660 660 787 2612724 787 0
661 22021458 786 15447709 785 0
662 15447709 785 22021458 785 0
663 4385614 784 4385614 784 1
664 11697287 783 11697287 783 1
665 665 782 666 780 0
666 666 781 665 780 0
667 16238467 780 9921549 779 0
668 9921549 779 16238467 779 0
669 668 779 668 779 1
670 28437553 778 28437553 778 1
671 3663462 777 3663462 777 1
672 672 776 672 776 1
673 29655206 775 29655206 775 1
674 674 774 20011969 773 0
675 20011969 773 674 773 0
676 5623056 773 5623056 773 1
677 5885201 772 5885201 771 1
678 23836770 771 23836770 770 1
679 5254674 770 5254674 769 1
680 680 769 3419805 768 0
681 3419805 768 680 768 0
682 11740592 767 29968699 767 0
683 29968699 767 7189808 766 0
684 7189808 766 11740592 766 0
685 2020221 765 16972258 764 0
686 16972258 764 2020221 764 0
687 662694 763 662694 763 1
688 8392648 762 8392648 762 1
689 14037064 762 14037064 761 1
690 690 761 690 761 1
691 3582943 760 3582943 760 1
692 23516155 759 23516155 759 1
693 19411518 758 19411518 758 1
694 21190610 757 21190610 757 1
695 3821216 757 3821216 757 1
696 23312112 756 23312112 756 1
697 697 755 697 755 1
698 25428890 754 25428890 754 1
699 7169495 753 7169495 753 1
700 23088746 753 23088746 752 1
701 701 752 21225422 751 0
702 21225422 751 701 751 0
703 9607444 750 9607444 749 1
704 25603443 749 25828493 749 0
705 25828493 749 15510093 748 0
706 15510093 748 25603443 748 0
707 22127207 747 22127207 747 1
708 18933796 746 18933796 745 1
709 710 745 19781627 745 0
710 19781627 745 710 745 0
711 26387369 744 26387369 744 1
712 2360917 743 2360917 743 1
713 9248482 742 9248482 742 1
714 14535564 742 14535564 742 1
715 12357416 741 12357416 741 1
716 9917163 740 9917163 740 1
717 23384185 739 23384185 739 1
718 23468177 738 3260460 738 0
719 3260460 738 8368658 737 0
720 8368658 737 23468177 737 0
721 7060711 736 7060711 736 1
722 24316189 735 14889663 735 0
723 14889663 735 24316189 735 0
724 15085641 734 15085641 734 1
725 3974520 733 3974520 732 1
726 8297554 732 8297554 732 1
727 20638049 732 20638049 732 1
728 64567 731 4940886 730 0
729 4940886 730 64567 730 0
730 25276545 729 28065121 729 0
731 28065121 729 25276545 729 0
732 11699528 728 11699528 728 1
733 2248835 727 2248835 727 1
734 734 726 734 726 1
735 15794374 726 15794374 725 1
736 9678293 725 9678293 725 1
737 10684381 724 10684381 724 1
738 22165500 723 22165500 723 1
739 26790802 723 26790802 722 1
740 4448788 722 10123541 720 0
741 12611088 721 4448788 720 0
742 10123541 720 12611088 720 0
743 7752649 720 7752649 720 1
744 11501263 719 11501263 719 1
745 13454330 718 13454330 718 1
746 6032397 718 6032397 717 1
747 7479579 717 7479579 716 1
748 17387158 716 17387158 716 1
749 9421887 715 9421887 715 1
750 7467422 715 7467422 714 1
751 23279902 714 23279902 714 1
752 5415641 713 12086176 713 0
753 12086176 713 5415641 713 0
754 25597343 712 16582553 711 0
755 16582553 711 25597343 711 0
756 19126567 710 19126567 710 1
757 9936649 710 9936649 710 1
758 11742841 709 11742841 709 1
759 18258952 708 18258952 708 1
760 15745903 708 15745903 708 1
761 5750108 707 21859181 706 0
762 21859181 706 5750108 706 0
763 762 706 762 706 1
764 21766038 705 21766038 705 1
765 25982844 704 25982844 704 1
766 13567563 703 13567563 703 1
767 6737672 703 6737672 703 1
768 3859040 702 3859040 702 1
769 28026139 701 28026139 701 1
770 769 701 769 700 1
771 771 700 771 700 1
772 773 699 773 699 1
773 13196678 699 13196678 699 1
774 22932794 698 22932794 698 1
775 17535297 697 24434081 697 0
776 24434081 697 17535297 697 0
777 21057057 696 21057057 695 1
778 13835822 695 13835822 694 1
779 7689178 695 8606823 694 0
780 8606823 694 24691068 693 0
781 24691068 693 7689178 693 0
782 9347972 693 9347972 692 1
783 7804967 692 7804967 692 1
784 784 691 784 691 1
785 22319748 691 22319748 691 1
786 26782004 690 26782004 690 1
787 29035592 689 28826062 689 0
788 28826062 689 29035592 689 0
789 2183064 688 2183064 688 1
790 4791258 687 4791258 687 1
791 791 687 791 687 1
792 18199500 686 18199500 686 1
793 25158865 685 25158865 685 1
794 6667683 685 1995146 684 0
795 1995146 684 17954750 684 0
796 17954750 684 6667683 684 0
797 21327221 683 21327221 683 1
798 9878241 682 8134584 682 0
799 8134584 682 9878241 682 0
800 25277901 681 25277901 681 1
801 20613444 680 20613444 680 1
802 11336191 680 11336191 680 1
803 6687831 679 6687831 679 1
804 805 678 805 678 1
805 7976420 678 7976420 678 1
806 807 677 807 677 1
807 17003862 677 1902704 676 0
808 1902704 676 17003862 676 0
809 24657483 675 24657483 675 1
810 13169420 675 13169420 674 1
811 926500 674 926500 674 1
812 19664796 673 25066299 673 0
813 25066299 673 19664796 673 0
814 16046300 672 16046300 672 1
815 3679366 672 3679366 672 1
816 25588340 671 25588340 671 1
817 2785711 670 2785711 670 1
818 4652700 670 8561911 669 0
819 8561911 669 4652700 669 0
820 28725067 669 28725067 669 1
821 9336804 668 9336804 668 1
822 5412259 667 16310215 667 0
823 16310215 667 5412259 666 0
824 13799270 666 13799270 666 1
825 21506587 665 10694119 665 0
826 10694119 665 21506587 665 0
827 5093066 664 14151523 664 0
828 14151523 664 5093066 664 0
829 25835719 663 25835719 663 1
830 8014523 662 8014523 662 1
831 29306398 662 3361579 661 0
832 2972464 661 29306398 661 0
833 3361579 661 2972464 661 0
834 2739875 660 2739875 660 1
835 1546753 659 1546753 659 1
836 27990024 659 29641943 658 0
837 24539547 658 24539547 658 1
838 29641943 658 27990024 658 0
839 28665315 657 19801585 657 0
840 19801585 657 28665315 657 0
841 5360269 656 5360269 656 1
842 17529380 655 5217574 655 0
843 5217574 655 17529380 655 0
844 23164692 654 25395496 654 0
845 25395496 654 23164692 654 0
846 13996934 653 13996934 653 1
847 22683843 652 25643797 652 0
848 25643797 652 27997908 651 0
849 27997908 651 22683843 651 0
850 8090642 651 8090642 651 1
851 20303787 650 10692104 649 0
852 1021197 650 20303787 649 0
853 10692104 649 1021197 649 0
854 10357022 648 10357022 648 1
855 13571616 648 2406566 647 0
856 5524783 647 13571616 647 0
857 2406566 647 5524783 647 0
858 859 646 12697856 646 0
859 12697856 646 859 646 0
860 861 645 861 645 1
861 18758387 645 18758387 645 1
862 862 644 862 644 1
863 27659437 643 15542646 643 0
864 15542646 643 865 642 0
865 865 642 27659437 642 0
866 866 642 11758754 641 0
867 9140709 641 866 641 0
868 11758754 641 9140709 641 0
869 26837924 640 869 640 0
870 869 640 18417317 639 0
871 18417317 639 26837924 639 0
872 27347804 638 27347804 638 1
873 2476371 638 24285351 637 0
874 431682 637 431682 637 1
875 24285351 637 2476371 637 0
876 19490469 636 877 636 0
877 877 636 19490469 636 0
878 24495558 635 5711289 635 0
879 5711289 635 24495558 635 0
880 880 634 880 634 1
881 25118390 634 25118390 634 1
882 3232680 633 3232680 633 1
883 883 632 883 632 1
884 23755544 632 23755544 631 1
885 10579539 631 15124786 630 0
886 15124786 631 10706845 630 0
887 10706845 630 10579539 630 0
888 2640386 630 21035920 629 0
889 21035920 629 13160138 628 0
890 2198347 629 9350160 628 0
891 13160138 628 2198347 628 0
892 9350160 628 2640386 627 0
893 24417283 627 24417283 627 1
894 5684089 627 5684089 627 1
895 7438131 626 7438131 626 1
896 25460529 626 25460529 626 1
897 29046275 625 29046275 625 1
898 6935041 625 19024046 624 0
899 19024046 624 6935041 624 0
900 901 623 21211978 623 0
901 21211978 623 901 623 0
902 1421384 622 1421384 622 1
903 23750022 622 23750022 622 1
904 25645494 621 12741535 621 0
905 12741535 621 25645494 621 0
906 870007 620 870007 620 1
907 11146845 620 11146845 619 1
908 23377719 619 17907998 619 0
909 17907998 619 13111555 618 0
910 19044367 618 23377719 618 0
911 13111555 618 19044367 617 0
912 18257416 617 3165313 617 0
913 3165313 617 18257416 617 0
914 25279728 616 25279728 616 1
915 150062 616 150062 616 1
916 26534378 615 26534378 615 1
917 10923054 615 10923054 615 1
918 11172594 614 26912804 614 0
919 26912804 614 11172594 614 0
920 7255643 613 7255643 613 1
921 12087740 613 12087740 612 1
922 5474074 612 5474074 612 1
923 23687953 612 18051595 611 0
924 3973343 611 3973343 611 1
925 18051595 611 23687953 611 0
926 2900687 610 19690175 610 0
927 19690175 610 2900687 610 0
928 18377463 609 18377463 609 1
929 929 609 929 609 1
930 25693385 608 2601896 608 0
931 2601896 608 25693385 608 0
932 21132163 607 7073824 606 0
933 24272017 607 21132163 606 0
934 7073824 606 24272017 606 0
935 7127494 606 7127494 606 1
936 29749902 605 29749902 605 1
937 12832468 605 12832468 605 1
938 10949639 604 10949639 604 1
939 6127664 604 6127664 604 1
940 11632197 603 940 603 0
941 12991435 603 12991435 603 1
942 940 603 11632197 602 0
943 2764806 602 2764806 602 1
944 23766406 602 23766406 602 1
945 5581887 601 5581887 601 1
946 356139 601 25938913 600 0
947 11520468 600 356139 600 0
948 25938913 600 17348995 599 0
949 949 599 11520468 599 0
950 17348995 599 949 599 0
951 16557183 598 16557183 598 1
952 951 598 29108934 597 0
953 29108934 597 24655971 597 0
954 24655971 597 951 597 0
955 19962390 596 11981932 596 0
956 11981932 596 19962390 596 0
957 957 595 958 595 0
958 958 595 18980340 595 0
959 18980340 595 957 595 0
960 960 594 960 594 1
961 22432236 594 22432236 594 1
962 16884435 593 16884435 593 1
963 11940038 593 11940038 592 1
964 28695640 592 28695640 592 1
965 964 592 964 592 1
966 11737824 591 11737824 591 1
967 29257948 591 29257948 591 1
968 19904048 590 968 590 0
969 968 590 13635537 589 0
970 24554291 589 19904048 589 0
971 4335002 589 4335002 589 1
972 13635537 589 29815350 588 0
973 29815350 588 12707422 588 0
974 12707422 588 24554291 587 0
975 19681454 587 19681454 587 1
976 29666910 587 29666910 587 1
977 6170810 586 7168267 586 0
978 7168267 586 6170810 586 0
979 905226 585 979 585 0
980 979 585 905226 585 0
981 11734659 584 11734659 584 1
982 27518668 584 27518668 584 1
983 6588773 584 14464484 583 0
984 14464484 583 22671597 582 0
985 985 583 12110104 582 0
986 12110104 582 6588773 582 0
987 22671597 582 3335782 581 0
988 2288262 581 2288262 581 1
989 22805729 581 22805729 581 1
990 3335782 581 3266692 580 0
991 3266692 580 985 580 0
992 24601518 580 25354087 579 0
993 25354087 579 24601518 579 0
994 22688851 579 22688851 579 1
995 4549969 578 16147049 578 0
996 16147049 578 1235176 577 0
997 12942220 577 25215501 577 0
998 25215501 577 4549969 577 0
999 1235176 577 12942220 577 0
1000 3416237 576 3112802 576 0
1001 3112802 576 8455237 575 0
1002 8455237 575 3416237 575 0
1003 5611238 575 5611238 575 1
1004 26593399 574 26593399 574 1
1005 29069273 574 29069273 574 1
1006 8321728 574 8321728 573 1
1007 1599042 573 1599042 573 1
1008 18869017 573 18869017 573 1
1009 8201016 572 8201016 572 1
1010 1010 572 28047987 571 0
1011 7073684 571 15717658 571 0
1012 28047987 571 7073684 571 0
1013 15717658 571 1010 571 0
1014 9303036 570 28304714 569 0
1015 28304714 570 10812712 569 0
1016 12923374 569 9303036 569 0
1017 10812712 569 12923374 569 0
1018 26615821 568 26615821 568 1
1019 29080219 568 29080219 568 1
1020 15199267 568 15199267 567 1
1021 2556414 567 25750547 567 0
1022 25750547 567 2556414 567 0
1023 17852965 566 3011 566 0
1024 3011 566 18560391 566 0
1025 18560391 566 17852965 565 0
1026 1026 565 13580790 565 0
1027 13580790 565 6718756 564 0
1028 5437720 564 8018478 564 0
1029 8018478 564 1026 564 0
1030 6718756 564 5437720 564 0
1031 24082649 563 24082649 563 1
1032 14348482 563 14348482 563 1
1033 16569065 562 21814421 561 0
1034 6398906 562 6398906 561 1
1035 26210481 561 26210481 561 1
1036 12158042 561 16569065 561 0
1037 21814421 561 12158042 561 0
1038 12597687 560 10724426 560 0
1039 10724426 560 12597687 560 0
1040 1040 559 18837329 559 0
1041 18837329 559 14722874 559 0
1042 14722874 559 1040 559 0
1043 2286900 558 2286900 558 1
1044 9870751 558 9870751 558 1
1045 1525285 557 21295867 557 0
1046 25498755 557 1525285 557 0
1047 21295867 557 25498755 557 0
1048 14294205 556 14294205 556 1
1049 18374152 556 18374152 556 1
1050 4825663 555 19597052 555 0
1051 19597052 555 4825663 554 0
1052 13870603 555 18205134 554 0
1053 9084971 554 9084971 553 1
1054 18205134 554 1055 553 0
1055 1055 553 1057 553 0
1056 1057 553 13870603 553 0
1057 18084551 553 18084551 553 1
1058 21230661 552 21230661 552 1
1059 10314718 552 9302103 552 0
1060 9302103 552 10314718 552 0
1061 7702682 551 1141228 551 0
1062 1141228 551 7702682 550 0
1063 2130146 550 1267119 550 0
1064 1267119 550 18875800 549 0
1065 1065 550 3826356 549 0
1066 18875800 549 2130146 549 0
1067 3826356 549 1065 549 0
1068 13303237 548 14170249 548 0
1069 1069 548 13303237 547 0
1070 14170249 548 27147903 547 0
1071 27147903 547 4474766 547 0
1072 21480774 547 1069 547 0
1073 4474766 547 21480774 547 0
1074 22801134 546 25011376 546 0
1075 25011376 546 22801134 546 0
1076 1078 545 13382651 545 0
1077 26816868 545 1078 545 0
1078 13382651 545 26816868 545 0
1079 29557740 544 29557740 544 1
1080 21824794 544 21824794 544 1
1081 18782431 543 14253100 543 0
1082 14253100 543 15071827 543 0
1083 15071827 543 18782431 543 0
1084 2927717 542 2927717 542 1
1085 4477105 542 17207746 542 0
1086 17207746 542 4477105 542 0
1087 21698621 541 17450205 541 0
1088 17450205 541 21698621 541 0
1089 12133569 540 1090 540 0
1090 1090 540 12133569 540 0
1091 17157484 540 17157484 540 1
1092 3135780 539 3135780 539 1
1093 1094 539 1094 539 1
1094 5486716 539 5486716 539 1
1095 25150077 538 26316901 538 0
1096 7748821 538 25150077 538 0
1097 26316901 538 2262898 537 0
1098 20673060 537 20673060 537 1
1099 2262898 537 7748821 537 0
1100 9597922 536 17531726 536 0
1101 17531726 536 9597922 536 0
1102 15858848 536 15858848 536 1
1103 18381475 535 9327284 535 0
1104 9327284 535 17034545 535 0
1105 17034545 535 18381475 534 0
1106 7706320 534 16079193 533 0
1107 16079193 534 1110 533 0
1108 7337434 534 8558633 533 0
1109 1110 533 7337434 533 0
1110 8558633 533 7706320 533 0
1111 15995684 532 1463679 532 0
1112 6252587 532 15995684 532 0
1113 1463679 532 6252587 532 0
1114 15981032 531 15981032 531 1
1115 28061962 531 1115 531 0
1116 1115 531 27853616 530 0
1117 12916881 530 12797147 530 0
1118 27853616 530 28061962 530 0
1119 12797147 530 12916881 530 0
1120 7893557 529 7893557 529 1
1121 1121 529 1121 529 1
1122 7236436 529 7236436 529 1
1123 14071498 528 14071498 528 1
1124 19263756 528 8940918 527 0
1125 14321076 527 14321076 527 1
1126 12254026 527 19263756 527 0
1127 8940918 527 1128 526 0
1128 3864335 526 12254026 526 0
1129 1128 526 18140508 526 0
1130 18140508 526 3864335 526 0
1131 14816357 525 22860599 525 0
1132 22860599 525 14816357 525 0
1133 1819485 525 1819485 525 1
1134 13424007 524 13424007 524 1
1135 29563720 524 29563720 524 1
1136 634210 524 634210 524 1
1137 19837499 523 19837499 523 1
1138 18653847 523 18653847 523 1
1139 21363380 523 21363380 523 1
1140 29141511 522 29141511 522 1
1141 27512740 522 26085636 522 0
1142 26085636 522 1145 521 0
1143 20871685 521 14681096 521 0
1144 14681096 521 20871685 521 0
1145 1145 521 27512740 521 0
1146 1484683 520 1147 520 0
1147 1147 520 1484683 520 0
1148 18188729 520 18188729 520 1
1149 24053379 519 24270452 519 0
1150 24270452 519 10108039 519 0
1151 10108039 519 547212 518 0
1152 10852880 518 10852880 518 1
1153 547212 518 24053379 518 0
1154 1152 518 1152 518 1
1155 1155 517 15323610 517 0
1156 15323610 517 1169120 517 0
1157 1169120 517 1155 516 0
1158 28281986 516 7499043 516 0
1159 7499043 516 28281986 516 0
1160 14195139 516 14195139 516 1
1161 22931925 515 22931925 515 1
1162 7219920 515 7219920 515 1
1163 29814543 515 28190515 514 0
1164 10198114 514 29814543 514 0
1165 29275573 514 4139672 513 0
1166 28190515 514 10198114 513 0
1167 25400124 513 25400124 513 1
1168 4139672 513 6267327 513 0
1169 6267327 513 29275573 513 0
1170 1170 512 1171 512 0
1171 1171 512 6450261 511 0
1172 15289184 512 1170 511 0
1173 6450261 511 15289184 511 0
1174 8058573 511 16708718 511 0
1175 16708718 511 11814181 510 0
1176 19679274 510 19679274 509 1
1177 11814181 510 8058573 509 0
1178 19361019 510 19361019 509 1
1179 2444198 509 26879056 509 0
1180 26879056 509 17353340 508 0
1181 2767069 509 2444198 508 0
1182 26769139 508 26769139 508 1
1183 25924426 508 2767069 508 0
1184 17353340 508 1187 507 0
1185 679462 507 25924426 507 0
1186 4312909 507 679462 507 0
1187 1187 507 4312909 507 0
1188 9087990 506 4713425 506 0
1189 4713425 506 9087990 506 0
1190 6154255 506 6154255 505 1
1191 26934733 505 19436106 505 0
1192 19436106 505 16902922 505 0
1193 16902922 505 26934733 505 0
1194 21818316 504 4713981 504 0
1195 12864906 504 21818316 504 0
1196 4713981 504 12864906 504 0
1197 15350965 504 15350965 504 1
1198 27431457 503 1198 503 0
1199 24718030 503 27431457 503 0
1200 1198 503 24718030 502 0
1201 1201 502 1201 502 1
1202 9455787 502 1203 502 0
1203 1203 502 9455787 502 0
1204 25487684 501 13444198 501 0
1205 14732373 501 14732373 501 1
1206 13444198 501 25487684 501 0
1207 10279871 500 11316247 500 0
1208 26320352 500 10279871 500 0
1209 11316247 500 26320352 500 0
1210 28762490 499 26206989 499 0
1211 20569656 499 28762490 499 0
1212 21689060 499 21689060 499 1
1213 26206989 499 20569656 498 0
1214 8999104 498 8999104 498 1
1215 23730091 498 11562692 498 0
1216 11562692 498 23730091 498 0
1217 6495145 497 19141114 497 0
1218 19141114 497 6495145 497 0
1219 14159879 497 8007307 496 0
1220 3815134 496 14159879 496 0
1221 8007307 496 17594675 496 0
1222 17594675 496 21052635 495 0
1223 4898285 495 3815134 495 0
1224 21052635 495 13581157 495 0
1225 22741828 495 9982144 494 0
1226 13581157 495 22741828 494 0
1227 9982144 494 1229 494 0
1228 1227 494 1227 494 1
1229 1229 494 4898285 494 0
1230 19789406 493 19789406 493 1
1231 28165642 493 21898092 492 0
1232 21898092 493 12782585 492 0
1233 14073078 492 19241205 492 0
1234 12782585 492 1234 492 0
1235 19241205 492 28165642 492 0
1236 1234 492 5277574 491 0
1237 5277574 491 14073078 491 0
1238 8099710 491 4582587 491 0
1239 4582587 491 4294412 490 0
1240 15508576 490 15508576 490 1
1241 22775759 490 22775759 490 1
1242 4294412 490 8099710 490 0
1243 7891729 489 1245 489 0
1244 1245 489 4164776 489 0
1245 4164776 489 9397736 489 0
1246 9397736 489 7891729 488 0
1247 15072550 488 1914992 488 0
1248 1914992 488 1249 488 0
1249 1249 488 15072550 487 0
1250 28488302 487 1113020 487 0
1251 18444107 487 27316006 487 0
1252 1113020 487 28488302 487 0
1253 27316006 487 18444107 487 0
1254 11519160 486 7448010 486 0
1255 7448010 486 11519160 486 0
1256 19738445 486 19738445 486 1
1257 17399297 485 15289582 485 0
1258 2843997 485 2843997 485 1
1259 12391928 485 12391928 485 1
1260 15289582 485 17399297 485 0
1261 10630323 484 1262 484 0
1262 1261 484 1261 484 1
1263 1262 484 10630323 484 0
1264 13374258 483 27003658 483 0
1265 929201 483 13374258 483 0
1266 27003658 483 22177234 483 0
1267 22177234 483 1388437 482 0
1268 27394597 482 19996435 482 0
1269 1388437 482 929201 482 0
1270 19996435 482 6103696 481 0
1271 6103696 481 19878336 481 0
1272 14945515 481 14945515 481 1
1273 19500277 481 19500277 481 1
1274 19878336 481 27394597 481 0
1275 12493582 480 22173725 480 0
1276 22173725 480 12493582 480 0
1277 29303183 480 29303183 480 1
1278 1278 479 1278 479 1
1279 1279 479 1281 479 0
1280 1281 479 10495962 479 0
1281 10495962 479 1279 479 0
1282 11908294 478 11908294 478 1
1283 24413066 478 17697425 478 0
1284 17697425 478 24413066 478 0
1285 28717686 477 1286 477 0
1286 1286 477 13060700 477 0
1287 13060700 477 28717686 477 0
1288 26504442 477 7724948 476 0
1289 1270678 476 1834652 476 0
1290 7724948 476 1270678 476 0
1291 1834652 476 8846577 476 0
1292 8846577 476 26504442 476 0
1293 27099528 475 4309804 475 0
1294 1486104 475 27099528 475 0
1295 4309804 475 1486104 475 0
1296 2503948 474 24024455 474 0
1297 24024455 474 2503948 474 0
1298 1299 474 1299 474 1
1299 7657031 474 7657031 473 1
1300 3563974 473 3563974 473 1
1301 25344390 473 29802559 473 0
1302 29802559 473 25344390 473 0
1303 28463641 472 4124486 472 0
1304 9958543 472 9958543 472 1
1305 4124486 472 28463641 472 0
1306 20836215 472 20836215 471 1
1307 17763547 471 17763547 471 1
1308 1257881 471 19961636 471 0
1309 19961636 471 17523241 471 0
1310 17523241 471 1257881 471 0
1311 1311 470 23671452 470 0
1312 13529789 470 13529789 470 1
1313 1314 470 1311 470 0
1314 23671452 470 1315 469 0
1315 20443989 469 20443989 469 1
1316 24209157 469 1314 469 0
1317 1315 469 24209157 469 0
1318 24292345 468 23594241 468 0
1319 23594241 468 16415125 468 0
1320 27906629 468 24292345 468 0
1321 16415125 468 9529322 467 0
1322 9529322 467 27906629 467 0
1323 24761241 467 24761241 467 1
1324 9087033 467 15772429 466 0
1325 15772429 467 8539356 466 0
1326 6194971 466 9087033 466 0
1327 1014502 466 23460739 466 0
1328 8539356 466 1014502 466 0
1329 23460739 466 6194971 466 0
1330 27663450 465 17253083 465 0
1331 17253083 465 27663450 465 0
1332 8137290 465 8137290 465 1
1333 28604081 465 27907798 464 0
1334 10785681 464 28604081 464 0
1335 9471204 464 9471204 464 1
1336 27907798 464 16701771 463 0
1337 22523634 463 10785681 463 0
1338 8205757 463 8205757 463 1
1339 16292904 463 22523634 463 0
1340 16701771 463 16292904 463 0
1341 2351231 462 2351231 462 1
1342 29944151 462 19454489 462 0
1343 24246046 462 9628321 461 0
1344 19454489 462 12857885 461 0
1345 12857885 461 24246046 461 0
1346 13910563 461 29944151 461 0
1347 9628321 461 7829934 461 0
1348 7829934 461 1350 460 0
1349 10380458 460 23040629 460 0
1350 1350 460 13910563 460 0
1351 28186368 460 10380458 460 0
1352 23040629 460 1353 459 0
1353 1353 459 5228566 459 0
1354 28032274 459 28032274 459 1
1355 5228566 459 28186368 459 0
1356 11399621 459 14573765 458 0
1357 14573765 458 1359 458 0
1358 18005336 458 18005336 458 1
1359 1359 458 11399621 458 0
1360 9797632 458 1363 457 0
1361 11297966 457 25700663 457 0
1362 25700663 457 9254533 457 0
1363 1363 457 11297966 457 0
1364 9254533 457 4767966 456 0
1365 21168517 456 3672246 456 0
1366 4767966 456 17078077 456 0
1367 17078077 456 9797632 456 0
1368 3672246 456 28325601 455 0
1369 11710633 455 15695042 455 0
1370 28325601 455 8280952 455 0
1371 15695042 455 21168517 455 0
1372 8280952 455 11710633 455 0
1373 14812726 454 16098479 454 0
1374 10382734 454 8410955 454 0
1375 8410955 454 14812726 454 0
1376 16098479 454 20960600 453 0
1377 10550136 453 10382734 453 0
1378 1377 453 10550136 453 0
1379 20960600 453 1377 453 0
1380 22924954 453 22924954 453 1
1381 16718600 452 832701 452 0
1382 5592780 452 16718600 452 0
1383 1381 452 1386 451 0
1384 832701 452 1385 451 0
1385 21099952 451 21099952 451 1
1386 1386 451 5592780 451 0
1387 1385 451 11492320 451 0
1388 11492320 451 28776845 450 0
1389 1391 450 1381 450 0
1390 28776845 450 1391 450 0
1391 29552608 450 29552608 450 1
1392 21366892 450 21366892 450 1
1393 7259167 449 1394 449 0
1394 1394 449 1395 449 0
1395 1395 449 7259167 449 0
1396 26553667 449 26553667 449 1
1397 7235900 448 9763749 448 0
1398 22495440 448 7235900 448 0
1399 7173509 448 29510374 448 0
1400 29510374 448 7173509 448 0
1401 9763749 448 22495440 447 0
1402 7156806 447 9423466 447 0
1403 27134370 447 7156806 447 0
1404 9423466 447 1405 447 0
1405 1405 447 27134370 447 0
1406 25403355 446 25403355 446 1
1407 21158601 446 19481844 446 0
1408 19481844 446 21158601 446 0
1409 7740100 446 7740100 446 1
1410 15127497 445 8731181 445 0
1411 1413 445 15127497 445 0
1412 22419487 445 22419487 445 1
1413 8731181 445 1413 445 0
1414 26413359 444 20000340 444 0
1415 20000340 444 3906932 444 0
1416 19985544 444 19985544 444 1
1417 3906932 444 1419 443 0
1418 26937981 443 26413359 443 0
1419 8592006 443 26937981 443 0
1420 5424040 443 5424040 443 1
1421 1419 443 3365225 443 0
1422 3365225 443 8592006 443 0
1423 7709855 442 26655175 442 0
1424 26655175 442 18524099 442 0
1425 19418449 442 7709855 442 0
1426 18524099 442 19418449 442 0
1427 26281844 441 26281844 441 1
1428 1427 441 1427 441 1
1429 28890103 441 1430 441 0
1430 1430 441 28890103 441 0
1431 1452699 440 1452699 440 1
1432 9186995 440 18772295 440 0
1433 12368735 440 1433 440 0
1434 1433 440 1314080 439 0
1435 18772295 440 18119670 439 0
1436 18119670 439 12368735 439 0
1437 1314080 439 13205510 439 0
1438 25210219 439 9186995 439 0
1439 13205510 439 25210219 439 0
1440 1440 438 1441 438 0
1441 1441 438 757964 438 0
1442 1442 438 1440 438 0
1443 757964 438 1442 437 0
1444 23350297 437 10340451 437 0
1445 27867379 437 23350297 437 0
1446 10340451 437 6490194 437 0
1447 6490194 437 16672034 436 0
1448 15249252 437 13088573 436 0
1449 8379369 436 27867379 436 0
1450 13088573 436 8379369 436 0
1451 6845187 436 6845187 436 1
1452 16672034 436 7967757 435 0
1453 7967757 435 26129574 435 0
1454 26129574 435 10849806 435 0
1455 26158278 435 15249252 435 0
1456 10849806 435 26158278 435 0
1457 11712142 435 11712142 435 1
1458 22356780 434 8686376 434 0
1459 20287840 434 22356780 434 0
1460 1459 434 20287840 434 0
1461 8686376 434 29741190 433 0
1462 23729265 433 1459 433 0
1463 16798183 433 16798183 433 1
1464 14128259 433 26791038 433 0
1465 26791038 433 14128259 433 0
1466 29741190 433 23729265 433 0
1467 26552243 432 26552243 432 1
1468 26969202 432 23954835 431 0
1469 11466886 432 738851 431 0
1470 738851 432 23908467 431 0
1471 4995957 431 15788513 431 0
1472 15788513 431 26969202 431 0
1473 23954835 431 4995957 431 0
1474 23908467 431 1476 430 0
1475 22301612 431 22301612 430 1
1476 1476 430 18118524 430 0
1477 14164960 430 14164960 430 1
1478 18118524 430 11466886 430 0
1479 1302302 430 1302302 429 1
1480 7944085 429 2519778 429 0
1481 21703633 429 21703633 429 1
1482 2519778 429 19412439 429 0
1483 19412439 429 7944085 429 0
1484 1183884 429 1183884 429 1
1485 11483566 428 25598664 428 0
1486 25598664 428 13952167 428 0
1487 18171466 428 11483566 428 0
1488 3586206 428 18171466 428 0
1489 13952167 428 3586206 427 0
1490 9808114 427 3923187 427 0
1491 3923187 427 9808114 427 0
1492 24453179 427 14330573 427 0
1493 14330573 427 24453179 427 0
1494 2542352 426 1495 426 0
1495 13865127 426 6071389 426 0
1496 19873941 426 19873941 426 1
1497 1495 426 13865127 426 0
1498 6071389 426 2542352 425 0
1499 4253796 425 4253796 425 1
1500 1503 425 636562 425 0
1501 1502 425 16311670 425 0
1502 16311670 425 1503 425 0
1503 636562 425 16598499 424 0
1504 17559733 424 17559733 424 1
1505 1505 424 1502 424 0
1506 16598499 424 1505 424 0
1507 3626139 424 3626139 424 1
1508 15816896 423 17855947 423 0
1509 18918981 423 10571912 423 0
1510 20600518 423 15816896 423 0
1511 17855947 423 18918981 423 0
1512 10571912 423 20600518 422 0
1513 13855651 422 26820007 422 0
1514 6011412 422 13855651 422 0
1515 1514 422 9109580 422 0
1516 26820007 422 1518 421 0
1517 9109580 422 14323407 421 0
1518 1521 421 6011412 421 0
1519 3487844 421 11358215 421 0
1520 1518 421 3487844 421 0
1521 14323407 421 1514 421 0
1522 11358215 421 1525 420 0
1523 7467681 420 13267 420 0
1524 13267 420 7467681 420 0
1525 1525 420 1005371 420 0
1526 1005371 420 1521 419 0
1527 11511462 420 1532 419 0
1528 6129345 419 1530 419 0
1529 19438867 419 6129345 419 0
1530 1532 419 11511462 419 0
1531 1530 419 28574130 419 0
1532 28574130 419 23025022 418 0
1533 23025022 418 19438867 418 0
1534 7430514 418 12384888 418 0
1535 11364533 418 25520529 417 0
1536 12384888 418 7843065 417 0
1537 7843065 417 27784749 417 0
1538 27784749 417 10267680 417 0
1539 10267680 417 7430514 417 0
1540 13878744 417 13878744 417 1
1541 25520529 417 11364533 417 0
1542 6269289 416 8093520 416 0
1543 1043859 416 2439897 416 0
1544 2983242 416 6269289 416 0
1545 8093520 416 2983242 416 0
1546 2439897 416 1043859 416 0
1547 1549 415 6280313 415 0
1548 21484440 415 11608028 415 0
1549 6972058 415 1549 415 0
1550 11608028 415 6972058 415 0
1551 6280313 415 21484440 415 0
1552 7639440 414 7639440 414 1
1553 20267866 414 1553 414 0
1554 1553 414 20267866 414 0
1555 2192034 414 2192034 414 1
1556 8952453 414 8952453 413 1
1557 5727422 413 3376483 413 0
1558 1560 413 5727422 413 0
1559 3376483 413 19152585 413 0
1560 11103739 413 11103739 413 1
1561 19152585 413 13986760 412 0
1562 29594277 412 22645876 412 0
1563 22645876 412 17833075 412 0
1564 13986760 412 1560 412 0
1565 17833075 412 4608533 411 0
1566 13652543 412 14339433 411 0
1567 17090768 411 29594277 411 0
1568 29938029 411 29938029 411 1
1569 4608533 411 24477942 411 0
1570 24477942 411 17090768 411 0
1571 14339433 411 13652543 411 0
1572 5897210 410 10468974 410 0
1573 26783860 410 27230441 410 0
1574 27230441 410 17679319 410 0
1575 17679319 410 26783860 410 0
1576 10468974 410 12266988 410 0
1577 12266988 410 5897210 410 0
1578 2938523 409 2938523 409 1
1579 8317487 409 13458018 409 0
1580 204906 409 204906 409 1
1581 18672570 409 18672570 409 1
1582 13458018 409 8317487 409 0
1583 10400815 408 10400815 408 1
1584 15748246 408 22083311 408 0
1585 10555247 408 10555247 408 1
1586 22083311 408 15748246 408 0
1587 19825098 408 855020 407 0
1588 5988792 407 84201 407 0
1589 855020 407 1590 407 0
1590 1590 407 6666925 407 0
1591 84201 407 19825098 407 0
1592 6666925 407 25623475 406 0
1593 24451609 406 4335139 406 0
1594 5990797 406 5988792 406 0
1595 22308742 406 24451609 406 0
1596 25623475 406 22308742 406 0
1597 4335139 406 5990797 406 0
1598 8822710 405 1601 405 0
1599 4487020 405 4487020 405 1
1600 19008107 405 19008107 405 1
1601 1601 405 5047454 405 0
1602 17770499 405 17770499 405 1
1603 5047454 405 22190701 404 0
1604 26399032 404 1605 404 0
1605 22190701 404 26399032 404 0
1606 22429431 404 13977714 404 0
1607 1605 404 22429431 404 0
1608 13977714 404 8822710 404 0
1609 20727638 403 6406961 403 0
1610 2548775 403 28731263 403 0
1611 6406961 403 17179735 403 0
1612 28731263 403 20727638 403 0
1613 17179735 403 2548775 403 0
1614 17606138 402 26402967 402 0
1615 26402967 402 2516414 402 0
1616 2516414 402 26828362 402 0
1617 26828362 402 17606138 402 0
1618 4952088 402 4952088 402 1
1619 12462964 402 12462964 402 1
1620 20230181 401 7242441 401 0
1621 3782920 401 1680580 401 0
1622 20379261 401 3782920 401 0
1623 7242441 401 20230181 401 0
1624 1680580 401 6009040 400 0
1625 25329554 400 10086091 400 0
1626 10086091 400 16201355 400 0
1627 15589944 400 25329554 400 0
1628 10452944 400 10452944 400 1
1629 6009040 400 20379261 400 0
1630 16201355 400 15589944 400 0
1631 14435096 399 12680440 399 0
1632 20111209 399 8076192 399 0
1633 18041847 399 18041847 399 1
1634 8076192 399 20111209 399 0
1635 12680440 399 23836860 398 0
1636 25305497 398 8916960 398 0
1637 26950093 398 14435096 398 0
1638 8916960 398 25305497 398 0
1639 28589048 398 26950093 398 0
1640 23836860 398 28589048 398 0
1641 28026068 397 28026068 397 1
1642 18783236 397 1646 397 0
1643 8987373 397 7941040 397 0
1644 1646 397 8987373 397 0
1645 20754454 397 20754454 397 1
1646 7941040 397 18783236 397 0
1647 26133668 396 13433519 396 0
1648 9562384 396 9562384 396 1
1649 19903426 396 1647 396 0
1650 1647 396 5129109 396 0
1651 5129109 396 19903426 395 0
1652 13433519 396 22130496 395 0
1653 12295786 395 12295786 395 1
1654 8134928 395 8134928 395 1
1655 22130496 395 1655 395 0
1656 1655 395 12794224 395 0
1657 12794224 395 26133668 395 0
1658 1661 394 28135764 394 0
1659 5779366 394 29582604 394 0
1660 29745248 394 27071545 394 0
1661 27071545 394 1661 394 0
1662 28135764 394 5779366 394 0
1663 29582604 394 29745248 394 0
1664 10644074 393 6570591 393 0
1665 8397656 393 10644074 393 0
1666 21637297 393 521658 393 0
1667 521658 393 8397656 393 0
1668 6570591 393 21737326 392 0
1669 21737326 392 2573024 392 0
1670 9530348 392 17288373 392 0
1671 17288373 392 21464178 392 0
1672 10648842 392 9530348 392 0
1673 21464178 392 21637297 392 0
1674 2573024 392 10648842 392 0
1675 11716431 391 19337351 391 0
1676 25727541 391 7639024 391 0
1677 24982106 391 2286677 391 0
1678 7639024 391 24982106 391 0
1679 19337351 391 11716431 391 0
1680 2286677 391 25727541 391 0
1681 25462071 390 15177775 390 0
1682 11202728 390 17780353 390 0
1683 27495806 390 9662937 390 0
1684 17780353 390 25462071 390 0
1685 9662937 390 27495806 390 0
1686 15177775 390 11202728 390 0
1687 29144273 389 4154239 389 0
1688 23924747 389 3862298 389 0
1689 4154239 389 23924747 389 0
1690 3862298 389 13029570 389 0
1691 13029570 389 16804781 388 0
1692 9964544 388 18626149 388 0
1693 18626149 388 9964544 388 0
1694 6850930 388 29144273 388 0
1695 16804781 388 1692 388 0
1696 14188700 388 14188700 388 1
1697 1692 388 1452498 387 0
1698 27053624 387 27053624 387 1
1699 18112900 387 29000871 387 0
1700 29000871 387 18112900 387 0
1701 21073846 387 8150505 387 0
1702 8150505 387 21073846 387 0
1703 1452498 387 6850930 386 0
1704 6688807 386 12705046 386 0
1705 6527635 386 25166243 386 0
1706 12705046 386 3885617 386 0
1707 26476393 386 6688807 386 0
1708 3885617 386 26476393 386 0
1709 25166243 386 6527635 386 0
1710 17948685 385 13550524 385 0
1711 13550524 385 28850809 385 0
1712 28435 385 1711 385 0
1713 28850809 385 28435 385 0
1714 1711 385 17948685 385 0
1715 29430439 385 29430439 384 1
1716 23435346 384 21904613 384 0
1717 18730936 384 9227244 384 0
1718 23711163 384 1721 384 0
1719 21904613 384 23435346 384 0
1720 1721 384 18730936 384 0
1721 9227244 384 28698722 383 0
1722 13722708 383 23711163 383 0
1723 14681811 383 4318543 383 0
1724 1726 383 1725 383 0
1725 1725 383 1726 383 0
1726 4318543 383 14681811 383 0
1727 28698722 383 3576626 382 0
1728 3576626 382 1633730 382 0
1729 25085316 382 25085316 382 1
1730 1633730 382 7329192 382 0
1731 19669827 382 27207389 382 0
1732 27207389 382 13722708 382 0
1733 7329192 382 19669827 382 0
1734 29278022 381 14933155 381 0
1735 14933155 381 20259014 381 0
1736 23023989 381 29278022 381 0
1737 1737 381 23023989 381 0
1738 5713074 381 1737 381 0
1739 20259014 381 13923529 380 0
1740 5722917 380 14085780 380 0
1741 29386429 380 29386429 380 1
1742 18407935 380 18407935 380 1
1743 1741 380 5713074 380 0
1744 13923529 380 1749 379 0
1745 14085780 380 3055827 379 0
1746 1749 379 19934568 379 0
1747 19220357 379 1746 379 0
1748 1746 379 1741 379 0
1749 25106103 379 5722917 379 0
1750 3055827 379 19220357 379 0
1751 19934568 379 25106103 379 0
1752 13874133 378 29910551 378 0
1753 29910551 378 13715463 378 0
1754 14488150 378 14488150 378 1
1755 20983274 378 13874133 378 0
1756 2025578 378 2025578 378 1
1757 13715463 378 1761 377 0
1758 1764 377 8318429 377 0
1759 15719712 377 23411886 377 0
1760 1761 377 15719712 377 0
1761 1760 377 29577709 377 0
1762 23411886 377 1764 377 0
1763 29577709 377 1760 377 0
1764 8318429 377 29806254 376 0
1765 6403288 376 26078609 376 0
1766 26317048 376 7247323 376 0
1767 26078609 376 6403288 376 0
1768 7247323 376 26317048 376 0
1769 1250735 376 20983274 376 0
1770 29806254 376 1250735 376 0
1771 17139406 375 6085475 375 0
1772 29227920 375 11421537 375 0
1773 13160763 375 17139406 375 0
1774 6085475 375 16137790 375 0
1775 16137790 375 29227920 375 0
1776 11421537 375 13160763 375 0
1777 2464983 374 22376620 374 0
1778 26312370 374 22301870 374 0
1779 22301870 374 17329301 374 0
1780 17329301 374 12341146 374 0
1781 12341146 374 15358276 374 0
1782 15358276 374 1788 373 0
1783 22376620 374 18015725 373 0
1784 28974952 373 28974952 373 1
1785 17466838 373 22392340 373 0
1786 29434780 373 2464983 373 0
1787 1788 373 26312370 373 0
1788 22392340 373 29434780 373 0
1789 18015725 373 19077500 372 0
1790 13691682 372 1793 372 0
1791 1795 372 17466838 372 0
1792 19077500 372 13691682 372 0
1793 1793 372 21811538 371 0
1794 1790 372 15040815 371 0
1795 24538581 372 1795 371 0
1796 23018953 371 6827643 371 0
1797 4348401 371 4348401 371 1
1798 15040815 371 26374437 371 0
1799 886253 371 24538581 371 0
1800 21811538 371 886253 371 0
1801 6827643 371 1790 371 0
1802 26374437 371 14125443 370 0
1803 1807 370 7047029 370 0
1804 6601171 370 23018953 370 0
1805 7047029 370 1807 370 0
1806 1803 370 7013580 370 0
1807 7013580 370 1803 370 0
1808 14125443 370 6601171 370 0
1809 14295168 369 14295168 369 1
1810 19910079 369 29931218 369 0
1811 11656663 369 26833302 369 0
1812 22784562 369 22784562 369 1
1813 20259517 369 11656663 369 0
1814 26833302 369 19910079 369 0
1815 29931218 369 9800845 368 0
1816 1820 368 10602473 368 0
1817 10602473 368 7408476 368 0
1818 1818 368 20259517 368 0
1819 9800845 368 22660852 368 0
1820 12465274 368 12465274 368 1
1821 7408476 368 1820 368 0
1822 22660852 368 1818 367 0
1823 20641879 367 2260202 367 0
1824 9307617 367 16353435 367 0
1825 16353435 367 29398468 367 0
1826 231980 367 20641879 367 0
1827 2260202 367 231980 367 0
1828 29398468 367 3824896 366 0
1829 10662988 366 1834 366 0
1830 3824896 366 10662988 366 0
1831 8863415 366 3142519 366 0
1832 16751984 366 18512739 366 0
1833 1834 366 8863415 366 0
1834 18512739 366 16751984 366 0
1835 3142519 366 5771165 365 0
1836 18767484 365 1748562 365 0
1837 1838 365 8919130 365 0
1838 7250768 365 9307617 365 0
1839 8919130 365 7250768 365 0
1840 24394149 365 18767484 365 0
1841 1748562 365 24394149 365 0
1842 5771165 365 1838 365 0
1843 29744029 364 15791863 364 0
1844 17101005 364 29368164 364 0
1845 9755711 364 29744029 364 0
1846 29368164 364 17101005 364 0
1847 15791863 364 9755711 364 0
1848 27515345 364 11416650 363 0
1849 26341995 363 27515345 363 0
1850 25578270 363 5390380 363 0
1851 11416650 363 26341995 363 0
1852 5390380 363 1857 362 0
1853 14134594 363 13131911 362 0
1854 14181340 363 2159010 362 0
1855 2159010 363 21934633 362 0
1856 21934633 362 9425448 362 0
1857 13131911 362 6811639 362 0
1858 6811639 362 6248115 362 0
1859 1856 362 14134594 362 0
1860 1857 362 25578270 362 0
1861 6248115 362 9266221 361 0
1862 9425448 362 1863 361 0
1863 24095738 361 6289638 361 0
1864 1598281 361 1598281 361 1
1865 1868 361 1868 361 1
1866 1863 361 24095738 361 0
1867 9266221 361 14181340 361 0
1868 21794592 361 1856 361 0
1869 6289638 361 14893620 360 0
1870 25169717 360 4924746 360 0
1871 14893620 360 21794592 360 0
1872 25431419 360 29594405 360 0
1873 14404109 360 16059584 360 0
1874 4924746 360 11240605 359 0
1875 16059584 360 7157094 359 0
1876 29594405 360 20392274 359 0
1877 19058660 359 19129516 359 0
1878 20392274 359 24366139 359 0
1879 7157094 359 14404109 359 0
1880 19129516 359 1877 359 0
1881 24366139 359 19058660 359 0
1882 11240605 359 25431419 359 0
1883 1877 359 25169717 359 0
1884 11873758 358 14066649 358 0
1885 1884 358 24978141 358 0
1886 14066649 358 22195337 358 0
1887 22195337 358 1884 358 0
1888 11523202 358 11523202 358 1
1889 9381607 358 1892 357 0
1890 24978141 358 9381607 357 0
1891 1892 357 11873758 357 0
1892 13136535 357 13136535 357 1
1893 12239941 357 22169708 357 0
1894 16327853 357 12239941 357 0
1895 22169708 357 27388957 357 0
1896 27388957 357 16327853 357 0
1897 2564260 357 1496306 356 0
1898 5742490 356 1899 356 0
1899 4280140 356 2564260 356 0
1900 162826 356 162826 356 1
1901 12308524 356 12308524 356 1
1902 13470577 356 4280140 355 0
1903 1899 356 13470577 355 0
1904 1496306 356 23873336 355 0
1905 587518 355 3697781 355 0
1906 23873336 355 23185062 355 0
1907 3005501 355 1602265 355 0
1908 23185062 355 587518 355 0
1909 3697781 355 24960130 355 0
1910 1602265 355 5742490 355 0
1911 24960130 355 27836552 354 0
1912 27836552 354 11002432 354 0
1913 26353224 354 10146806 354 0
1914 28445023 354 25250527 354 0
1915 25250527 354 26353224 354 0
1916 1915 354 3005501 354 0
1917 11002432 354 28445023 354 0
1918 10146806 354 11162204 353 0
1919 25696487 353 11774281 353 0
1920 23606540 353 1921 353 0
1921 24230425 353 25696487 353 0
1922 11162204 353 24230425 353 0
1923 1921 353 17437348 353 0
1924 1919 353 23606540 353 0
1925 11774281 353 1919 352 0
1926 17437348 353 12195692 352 0
1927 28252428 352 15441971 352 0
1928 1933 352 1933 352 1
1929 12195692 352 1915 352 0
1930 15441971 352 28252428 352 0
1931 1690090 352 24389866 352 0
1932 27503189 352 27503189 352 1
1933 24389866 352 1418509 351 0
1934 14615074 351 26859628 351 0
1935 24362237 351 22944650 351 0
1936 20201064 351 14615074 351 0
1937 22944650 351 1690090 351 0
1938 26859628 351 21755708 351 0
1939 21755708 351 29747861 350 0
1940 1418509 351 7491307 350 0
1941 19466497 350 27379288 350 0
1942 7631394 350 24362237 350 0
1943 7491307 350 7631394 350 0
1944 5692580 350 15092417 350 0
1945 15092417 350 19466497 350 0
1946 29747861 350 5692580 350 0
1947 27379288 350 8063934 350 0
1948 8063934 350 20201064 349 0
1949 20139327 349 12853496 349 0
1950 18358848 349 26537187 349 0
1951 12853496 349 20139327 349 0
1952 20443844 349 1917793 349 0
1953 1917793 349 18147749 348 0
1954 2515749 349 15973960 348 0
1955 26537187 349 9832401 348 0
1956 15973960 348 1962 348 0
1957 18147749 348 22828171 348 0
1958 1962 348 2515749 348 0
1959 17718658 348 17718658 348 1
1960 1959 348 18358848 348 0
1961 1958 348 1958 348 1
1962 22828171 348 20443844 348 0
1963 9832401 348 1959 348 0
1964 23252194 347 3579552 347 0
1965 26562004 347 26562004 347 1
1966 1989257 347 1970 347 0
1967 2578188 347 23252194 347 0
1968 3579552 347 7560056 347 0
1969 7560056 347 2578188 347 0
1970 1970 347 26701749 346 0
1971 5405369 346 1989257 346 0
1972 1974 346 4685909 346 0
1973 4685909 346 8986476 346 0
1974 8986476 346 22012481 346 0
1975 7473111 346 5405369 346 0
1976 22012481 346 26384265 346 0
1977 26384265 346 7473111 346 0
1978 26701749 346 1974 346 0
1979 15776714 345 2529896 345 0
1980 2529896 345 2682092 345 0
1981 8273293 345 3015353 345 0
1982 3793 345 15776714 345 0
1983 2682092 345 3793 345 0
1984 3440392 345 3421111 345 0
1985 3421111 345 8273293 345 0
1986 3015353 345 3440392 345 0
1987 1991 344 23157327 344 0
1988 18678265 344 1988 344 0
1989 23547564 344 27440378 344 0
1990 1988 344 1991 344 0
1991 27440378 344 8719140 344 0
1992 23157327 344 23547564 344 0
1993 8719140 344 1126968 343 0
1994 23664277 343 5953624 343 0
1995 5953624 343 6034009 343 0
1996 1995 343 23664277 343 0
1997 6034009 343 13825840 343 0
1998 13825840 343 1995 343 0
1999 15780516 343 18678265 343 0
2000 1126968 343 15780516 343 0
2001 6276844 343 26013177 342 0
2002 22953809 342 6276844 342 0
2003 3365822 342 3365822 342 1
2004 9434237 342 9434237 342 1
2005 24073081 342 7241819 342 0
2006 1740257 342 1740257 342 1
2007 26013177 342 21923026 341 0
2008 7241819 342 20172664 341 0
2009 21923026 342 5340518 341 0
2010 12631461 341 24073081 341 0
2011 14340615 341 2011 341 0
2012 28331043 341 14340615 341 0
2013 2017 341 28331043 341 0
2014 5340518 341 2017 341 0
2015 22548405 341 12631461 341 0
2016 2011 341 2289540 340 0
2017 20172664 341 29014024 340 0
2018 4415431 340 4415431 340 1
2019 27501784 340 6983144 340 0
2020 2289540 340 22775073 340 0
2021 6983144 340 27501784 340 0
2022 20443499 340 20443499 340 1
2023 29014024 340 22548405 340 0
2024 22775073 340 22953809 340 0
2025 3556584 340 3556584 340 1
2026 1367539 339 1200987 339 0
2027 9399617 339 21534400 339 0
2028 4462128 339 1367539 339 0
2029 1200987 339 26405554 339 0
2030 26405554 339 4782205 339 0
2031 4782205 339 9399617 339 0
2032 11316011 339 4462128 339 0
2033 21534400 339 11316011 339 0
2034 16419280 338 12374023 338 0
2035 7857799 338 11135781 338 0
2036 19867092 338 22040239 338 0
2037 11135781 338 3249865 338 0
2038 22040239 338 16419280 338 0
2039 12374023 338 7857799 338 0
2040 12806808 338 19867092 338 0
2041 3249865 338 12806808 338 0
2042 2042 337 2042 337 1
2043 25191087 337 704555 337 0
2044 16287029 337 9008146 337 0
2045 2048 337 21662328 337 0
2046 704555 337 16287029 337 0
2047 9008146 337 20751289 337 0
2048 21662328 337 25191087 337 0
2049 20751289 337 18632722 336 0
2050 27399890 336 7389109 336 0
2051 20268357 336 15160904 336 0
2052 22561457 336 15600648 336 0
2053 7389109 336 22561457 336 0
2054 18632722 336 2048 336 0
2055 15160904 336 27399890 336 0
2056 15600648 336 20268357 336 0
2057 24947088 336 20176275 335 0
2058 20176275 335 2059 335 0
2059 22931959 335 19182569 335 0
2060 28362786 335 24947088 335 0
2061 20769353 335 22931959 335 0
2062 2695576 335 2695576 335 1
2063 19182569 335 20769353 335 0
2064 2059 335 1225978 335 0
2065 1225978 335 7885503 334 0
2066 995203 334 28362786 334 0
2067 7836067 334 19310052 334 0
2068 6073122 334 6952117 334 0
2069 19310052 334 7836067 334 0
2070 7885503 334 995203 334 0
2071 6952117 334 6073122 334 0
2072 20389349 334 20389349 334 1
2073 13403947 334 13403947 334 1
2074 8415205 333 1038549 333 0
2075 6425936 333 10653491 333 0
2076 1038549 333 19475483 333 0
2077 19475483 333 6425936 333 0
2078 2081 333 8415205 333 0
2079 2077 333 2077 333 1
2080 14068549 333 14068549 333 1
2081 10653491 333 830246 332 0
2082 29623334 333 5531751 332 0
2083 18821730 332 2081 332 0
2084 25978475 332 3556295 332 0
2085 5531751 332 25978475 332 0
2086 10114935 332 9220233 332 0
2087 24436764 332 29623334 332 0
2088 830246 332 10114935 332 0
2089 9220233 332 24436764 332 0
2090 3556295 332 19899206 331 0
2091 19899206 331 2091 331 0
2092 2099 331 18821730 331 0
2093 2096 331 18299566 331 0
2094 29734388 331 2099 331 0
2095 2091 331 573160 331 0
2096 16127235 331 2096 331 0
2097 18299566 331 29734388 330 0
2098 573160 331 17526022 330 0
2099 17526022 331 22157962 330 0
2100 2106 330 2106 330 1
2101 19135748 330 16127235 330 0
2102 22157962 330 9352711 330 0
2103 5825058 330 17086341 330 0
2104 26447560 330 19135748 330 0
2105 9352711 330 5825058 330 0
2106 4064960 330 4064960 330 1
2107 17086341 330 26447560 330 0
2108 2112 329 29323749 329 0
2109 881210 329 2110 329 0
2110 29323749 329 27258960 329 0
2111 3610628 329 20084500 329 0
2112 20084500 329 881210 329 0
2113 27258960 329 2112 329 0
2114 2110 329 3610628 329 0
2115 21008320 329 21008320 329 1
2116 13704225 329 1653813 328 0
2117 24894167 328 28479370 328 0
2118 1653813 328 25364607 328 0
2119 28479370 328 22188037 328 0
2120 22188037 328 24894167 328 0
2121 25273622 328 8964966 328 0
2122 8964966 328 29584568 328 0
2123 29584568 328 25273622 328 0
2124 25364607 328 13704225 328 0
2125 11405254 327 7109056 327 0
2126 6176310 327 3275396 327 0
2127 8714982 327 6176310 327 0
2128 7109056 327 9193725 327 0
2129 4121546 327 2125 327 0
2130 2126 327 2126 327 1
2131 2125 327 4121546 327 0
2132 3275396 327 8714982 327 0
2133 9193725 327 11405254 327 0
2134 2142 326 2142 326 1
2135 25579104 326 7818609 326 0
2136 14725394 326 25579104 326 0
2137 18064027 326 14725394 326 0
2138 18961238 326 2135 326 0
2139 2135 326 18961238 326 0
2140 7818609 326 22074993 326 0
2141 15601768 326 18064027 326 0
2142 22074993 326 3142220 325 0
2143 17470384 325 1821967 325 0
2144 25304708 325 2147 325 0
2145 2147 325 2143 325 0
2146 3142220 325 15601768 325 0
2147 2146 325 2985045 325 0
2148 2985045 325 17470384 325 0
2149 2143 325 25304708 325 0
2150 5036872 325 5036872 325 1
2151 1821967 325 2146 325 0
2152 2159 324 27307182 324 0
2153 27323417 324 18500477 324 0
2154 297557 324 2157 324 0
2155 5984874 324 297557 324 0
2156 2157 324 2155 324 0
2157 27307182 324 27323417 324 0
2158 2155 324 2159 324 0
2159 18500477 324 5984874 324 0
2160 11510080 323 7004265 323 0
2161 23236459 323 23236459 323 1
2162 2161 323 4228095 323 0
2163 6963783 323 15035153 323 0
2164 19394329 323 4323748 323 0
2165 15035153 323 19394329 323 0
2166 4323748 323 2161 323 0
2167 4228095 323 6963783 323 0
2168 7004265 323 2177 322 0
2169 2176 322 11510080 322 0
2170 2177 322 2172 322 0
2171 2508694 322 2176 322 0
2172 22071552 322 2170 322 0
2173 4332899 322 2175 322 0
2174 25417558 322 25417558 322 1
2175 2175 322 22071552 322 0
2176 2172 322 2508694 322 0
2177 2170 322 12823396 321 0
2178 12823396 321 23485954 321 0
2179 23485954 321 28919345 321 0
2180 22491500 321 1200306 321 0
2181 20839977 321 20839977 321 1
2182 28919345 321 22491500 321 0
2183 27384110 321 27384110 321 1
2184 21677386 321 28188127 320 0
2185 12731886 321 24733884 320 0
2186 1200306 321 177607 320 0
2187 12741942 320 14469876 320 0
2188 14469876 320 4332899 320 0
2189 26038581 320 26038581 320 1
2190 28188127 320 21677386 320 0
2191 24168615 320 12741942 320 0
2192 12514045 320 12731886 320 0
2193 26131806 320 5265963 320 0
2194 5265963 320 26131806 320 0
2195 177607 320 879784 319 0
2196 24733884 320 2199 319 0
2197 21646037 319 12514045 319 0
2198 12765865 319 5771095 319 0
2199 879784 319 21646037 319 0
2200 5771095 319 8506939 319 0
2201 14553094 319 10465759 319 0
2202 8506939 319 24168615 319 0
2203 10465759 319 12765865 319 0
2204 2199 319 14553094 318 0
2205 12128128 319 2213 318 0
2206 16899868 318 14144182 318 0
2207 16856402 318 16899868 318 0
2208 18554792 318 16059672 318 0
2209 14144182 318 13226987 318 0
2210 13989128 318 12128128 318 0
2211 13226987 318 16856402 318 0
2212 2213 318 18554792 318 0
2213 6805299 318 17431454 317 0
2214 16059672 318 20818204 317 0
2215 19241302 317 13989128 317 0
2216 8726706 317 2217 317 0
2217 11186819 317 5333062 317 0
2218 17758803 317 6805299 317 0
2219 15906248 317 15906248 317 1
2220 2217 317 19241302 317 0
2221 20818204 317 17758803 317 0
2222 5333062 317 11186819 317 0
2223 17431454 317 8726706 317 0
2224 14335004 316 14496657 316 0
2225 14496657 316 2231 316 0
2226 2231 316 2224 316 0
2227 27261909 316 14335004 316 0
2228 23150884 316 21753058 316 0
2229 2227 316 27261909 316 0
2230 2224 316 23150884 316 0
2231 21753058 316 29443963 316 0
2232 29443963 316 2227 316 0
2233 8187854 316 3237676 315 0
2234 27408967 315 15601720 315 0
2235 18677997 315 10285996 315 0
2236 10285996 315 27408967 315 0
2237 6067072 315 8187854 315 0
2238 15601720 315 12454276 315 0
2239 26343084 315 18677997 315 0
2240 3237676 315 6067072 315 0
2241 4473907 315 4473907 315 1
2242 12454276 315 26343084 315 0
2243 26711308 314 12117647 314 0
2244 12117647 314 8819677 314 0
2245 21005445 314 2703186 314 0
2246 8819677 314 9613534 314 0
2247 9613534 314 18127899 314 0
2248 17806733 314 17806733 314 1
2249 12710146 314 26711308 314 0
2250 2703186 314 21005445 314 0
2251 16432399 314 16432399 314 1
2252 18127899 314 12710146 314 0
2253 11396825 313 20536341 313 0
2254 4323254 313 13372583 313 0
2255 10738946 313 4323254 313 0
2256 10348340 313 10738946 313 0
2257 16581908 313 7448871 313 0
2258 7448871 313 7793533 313 0
2259 13372583 313 11396825 313 0
2260 7793533 313 10348340 313 0
2261 20536341 313 16581908 313 0
2262 1192126 312 2106771 312 0
2263 4555008 312 12147679 312 0
2264 26142953 312 19486757 312 0
2265 6326488 312 2119894 312 0
2266 3589323 312 26142953 312 0
2267 19486757 312 3589323 312 0
2268 2106771 312 6918847 312 0
2269 6918847 312 4555008 312 0
2270 12147679 312 9409628 311 0
2271 2119894 312 28779708 311 0
2272 7521026 311 2647827 311 0
2273 7730541 311 6326488 311 0
2274 2281 311 1192126 311 0
2275 9409628 311 8345504 311 0
2276 1245139 311 23881433 311 0
2277 26864819 311 26864819 311 1
2278 23881433 311 3486728 310 0
2279 2647827 311 2891983 310 0
2280 28779708 311 2284 310 0
2281 8345504 311 17368734 310 0
2282 28640781 310 16074385 310 0
2283 17368734 310 23619370 310 0
2284 2891983 310 2281 310 0
2285 10956621 310 1245139 310 0
2286 4580564 310 4580564 310 1
2287 20804003 310 7730541 310 0
2288 23619370 310 28640781 310 0
2289 3486728 310 20804003 310 0
2290 16074385 310 10956621 310 0
2291 2284 310 7521026 310 0
2292 4420016 309 2295 309 0
2293 80763 309 20109391 309 0
2294 18514021 309 4420016 309 0
2295 18246577 309 19447450 309 0
2296 19774895 309 22344 309 0
2297 22344 309 80763 309 0
2298 20109391 309 19774895 309 0
2299 18287011 309 18287011 309 1
2300 19447450 309 18514021 308 0
2301 2295 309 10198694 308 0
2302 8476814 308 18246577 308 0
2303 3058988 308 4880130 308 0
2304 19845436 308 3058988 308 0
2305 2309 308 20275629 308 0
2306 26156890 308 26156890 308 1
2307 23701756 308 2309 308 0
2308 10198694 308 23701756 308 0
2309 2305 308 8476814 308 0
2310 20275629 308 2305 307 0
2311 4880130 308 16030297 307 0
2312 2317 307 2317 307 1
2313 2260676 307 9050602 307 0
2314 26834845 307 3806270 307 0
2315 13307165 307 2260676 307 0
2316 11223426 307 11223426 307 1
2317 2320 307 2320 307 1
2318 16030297 307 19845436 307 0
2319 27051692 307 13307165 307 0
2320 9050602 307 27051692 307 0
2321 3806270 307 26834845 307 0
2322 9541836 306 29776336 306 0
2323 23950467 306 27635340 306 0
2324 29512316 306 20995077 306 0
2325 15902820 306 9541836 306 0
2326 1114940 306 19600333 306 0
2327 20995077 306 15902820 306 0
2328 18365371 306 1114940 306 0
2329 19600333 306 29512316 306 0
2330 27635340 306 4140558 305 0
2331 29776336 306 321385 305 0
2332 27174166 305 23950467 305 0
2333 15878790 305 16326064 305 0
2334 16910793 305 16910793 305 1
2335 17888335 305 27174166 305 0
2336 4140558 305 3131523 305 0
2337 6482392 305 17888335 305 0
2338 321385 305 18365371 305 0
2339 16326064 305 11208688 305 0
2340 11208688 305 15878790 305 0
2341 3131523 305 6482392 305 0
2342 14156023 304 4224257 304 0
2343 4224257 304 3001114 304 0
2344 2347 304 12740315 304 0
2345 6306598 304 14156023 304 0
2346 10377219 304 2347 304 0
2347 12740315 304 21475970 304 0
2348 21475970 304 10377219 304 0
2349 19704100 304 19704100 304 1
2350 3001114 304 3652991 303 0
2351 28069210 304 18307503 303 0
2352 18307503 303 28069210 303 0
2353 19792055 303 7077739 303 0
2354 7077739 303 2357 303 0
2355 17885460 303 20910856 303 0
2356 26577793 303 26279450 303 0
2357 13998137 303 19792055 303 0
2358 2357 303 13998137 303 0
2359 3652991 303 17885460 303 0
2360 26279450 303 26577793 303 0
2361 20910856 303 6306598 303 0
2362 6097369 303 10701185 302 0
2363 23869933 302 22378034 302 0
2364 20771749 302 12550025 302 0
2365 10701185 302 24287768 302 0
2366 7614372 302 23869933 302 0
2367 1726879 302 6097369 302 0
2368 24287768 302 2366 302 0
2369 20688358 302 7614372 302 0
2370 22378034 302 1726879 302 0
2371 12550025 302 15394577 301 0
2372 2366 302 20688358 301 0
2373 22306195 301 18968559 301 0
2374 23403798 301 23403798 301 1
2375 2377 301 2377 301 1
2376 15394577 301 25998964 301 0
2377 29249556 301 24142212 301 0
2378 25998964 301 11163167 301 0
2379 24142212 301 20771749 301 0
2380 4390799 301 29249556 301 0
2381 18968559 301 22306195 301 0
2382 11163167 301 18491820 301 0
2383 18491820 301 8831152 300 0
2384 8556617 300 20120138 300 0
2385 15866574 300 3084528 300 0
2386 8831152 300 11897076 300 0
2387 36707 300 15866574 300 0
2388 2390 300 2390 300 1
2389 23754950 300 23754950 300 1
2390 20120138 300 4390799 300 0
2391 3084528 300 8556617 300 0
2392 11897076 300 36707 300 0
2393 25362087 300 7069396 299 0
2394 5891587 299 25362087 299 0
2395 24942814 299 6457490 299 0
2396 23898281 299 9853152 299 0
2397 9008001 299 7188001 299 0
2398 7069396 299 24942814 299 0
2399 28891774 299 28891774 299 1
2400 21031266 299 21031266 299 1
2401 6457490 299 23898281 299 0
2402 7188001 299 7159127 299 0
2403 7159127 299 5891587 299 0
2404 9853152 299 28510685 298 0
2405 22567259 298 11170523 298 0
2406 1254350 298 22567259 298 0
2407 19664009 298 1254350 298 0
2408 11170523 298 19664009 298 0
2409 20211051 298 2158070 298 0
2410 2158070 298 3283697 298 0
2411 2406 298 23655137 298 0
2412 28510685 298 25891052 298 0
2413 23655137 298 9008001 298 0
2414 3283697 298 20211051 298 0
2415 25891052 298 2406 298 0
2416 15303808 297 6511901 297 0
2417 10305984 297 2421 297 0
2418 18992480 297 794217 297 0
2419 21725608 297 15303808 297 0
2420 24278547 297 28574918 297 0
2421 28574918 297 15236825 297 0
2422 6511901 297 24278547 297 0
2423 2421 297 21725608 297 0
2424 23401866 297 23401866 297 1
2425 794217 297 10305984 297 0
2426 15236825 297 26938664 296 0
2427 23127177 296 24982085 296 0
2428 19464290 296 20315415 296 0
2429 23283202 296 12964999 296 0
2430 24982085 296 15788866 296 0
2431 20315415 296 29999063 296 0
2432 12751743 296 23283202 296 0
2433 15788866 296 19464290 296 0
2434 18601803 296 12751743 296 0
2435 12964999 296 18992480 296 0
2436 29999063 296 23127177 296 0
2437 26938664 296 21179326 295 0
2438 4953755 295 4953755 295 1
2439 21179326 295 18339957 295 0
2440 8378306 295 8378306 295 1
2441 9356519 295 12946351 295 0
2442 18339957 295 27959917 295 0
2443 2441 295 2438 295 0
2444 2438 295 9356519 295 0
2445 27959917 295 2441 295 0
2446 12946351 295 2187737 295 0
2447 2187737 295 20220408 295 0
2448 20220408 295 18601803 295 0
2449 29069350 294 29069350 294 1
2450 15481893 294 7343198 294 0
2451 6268141 294 6404635 294 0
2452 12448189 294 29152696 294 0
2453 6404635 294 10080920 294 0
2454 22605925 294 26829218 294 0
2455 26829218 294 22605925 294 0
2456 7343198 294 7811101 294 0
2457 10080920 294 12448189 294 0
2458 29152696 294 6268141 294 0
2459 7811101 294 15481893 294 0
2460 14083527 293 10768125 293 0
2461 27157207 293 8833989 293 0
2462 10768125 293 19059421 293 0
2463 2470 293 2251848 293 0
2464 22922632 293 27157207 293 0
2465 2467 293 2467 293 1
2466 19059421 293 22660953 293 0
2467 27084661 293 2470 293 0
2468 8833989 293 14083527 293 0
2469 22660953 293 27084661 293 0
2470 2251848 293 22922632 293 0
2471 2806392 292 2475 292 0
2472 9528210 292 9528210 292 1
2473 12651014 292 5293043 292 0
2474 3775355 292 16597430 292 0
2475 5293043 292 3775355 292 0
2476 16597430 292 24980430 292 0
2477 2477 292 2471 292 0
2478 2475 292 2473 292 0
2479 2471 292 2806392 292 0
2480 24980430 292 12651014 292 0
2481 2473 292 21762306 291 0
2482 925467 291 82675 291 0
2483 24470864 291 2491 291 0
2484 443468 291 24470864 291 0
2485 9427810 291 443468 291 0
2486 5590699 291 8428403 291 0
2487 82675 291 2489 291 0
2488 1631466 291 5590699 291 0
2489 21762306 291 2477 291 0
2490 3234938 291 3234938 291 1
2491 2489 291 1631466 291 0
2492 2491 291 5616211 290 0
2493 8428403 291 17347497 290 0
2494 2087042 290 9162318 290 0
2495 22931316 290 16383899 290 0
2496 16383899 290 2087042 290 0
2497 5616211 290 6841742 290 0
2498 14765814 290 15873744 290 0
2499 9162318 290 925467 290 0
2500 6162551 290 26483784 290 0
2501 15873744 290 9427810 290 0
2502 6841742 290 14765814 290 0
2503 26483784 290 22931316 290 0
2504 17347497 290 29978619 289 0
2505 5361420 289 412829 289 0
2506 412829 289 21442236 289 0
2507 16436059 289 2506 289 0
2508 25987395 289 23395165 289 0
2509 29978619 289 24086433 289 0
2510 2506 289 25987395 289 0
2511 12811020 289 10553037 289 0
2512 6594365 289 16436059 289 0
2513 23395165 289 6162551 289 0
2514 21442236 289 5361420 289 0
2515 10553037 289 12811020 289 0
2516 24086433 289 6594365 289 0
2517 14796125 288 22561711 288 0
2518 5001468 288 7061988 288 0
2519 15831526 288 15707419 288 0
2520 8226389 288 2007926 288 0
2521 7865421 288 7865421 288 1
2522 15707419 288 29614502 288 0
2523 19514883 288 15831526 288 0
2524 29614502 288 8226389 288 0
2525 7061988 288 5001468 288 0
2526 2007926 288 19514883 288 0
2527 13681615 288 14796125 288 0
2528 22561711 288 2533 287 0
2529 2533 287 2532 287 0
2530 16040714 287 16414164 287 0
2531 20383253 287 2534 287 0
2532 9138600 287 13354893 287 0
2533 2534 287 13681615 287 0
2534 2532 287 9138600 287 0
2535 16414164 287 5822682 287 0
2536 25207097 287 16040714 287 0
2537 5822682 287 19412278 287 0
2538 13354893 287 20383253 287 0
2539 19412278 287 25207097 287 0
2540 2548 286 28153495 286 0
2541 23225030 286 23379065 286 0
2542 2547 286 21188636 286 0
2543 1316297 286 3947023 286 0
2544 28153495 286 7600902 286 0
2545 7600902 286 28476937 286 0
2546 21444863 286 2548 286 0
2547 23379065 286 21444863 286 0
2548 28476937 286 2547 286 0
2549 21188636 286 15051985 286 0
2550 3947023 286 1316297 286 0
2551 15051985 286 23225030 286 0
2552 23452792 285 20606273 285 0
2553 12137578 285 9089304 285 0
2554 14863302 285 21856340 285 0
2555 21752038 285 14669560 285 0
2556 17617717 285 1779198 285 0
2557 15089246 285 23452792 285 0
2558 1779198 285 21752038 285 0
2559 21856340 285 14863302 285 0
2560 9089304 285 15089246 285 0
2561 14669560 285 12137578 285 0
2562 5512786 285 17617717 285 0
2563 20606273 285 9098432 284 0
2564 15846076 284 3041238 284 0
2565 14344949 284 14344949 284 1
2566 9098432 284 4076909 284 0
2567 17815105 284 2571 284 0
2568 2573 284 20502847 284 0
2569 13885242 284 2573 284 0
2570 2571 284 5512786 284 0
2571 1766401 284 13569743 284 0
2572 3041238 284 1766401 284 0
2573 13569743 284 13885242 284 0
2574 20502847 284 17815105 284 0
2575 4076909 284 15846076 284 0
2576 1490687 283 15521566 283 0
2577 21845594 283 2730533 283 0
2578 2730533 283 1490687 283 0
2579 2710663 283 21845594 283 0
2580 19120894 283 6611455 283 0
2581 18603934 283 18603934 283 1
2582 6611455 283 2710663 283 0
2583 16155669 283 19120894 283 0
2584 15521566 283 23272734 283 0
2585 29723353 283 2600 282 0
2586 23272734 283 11147576 282 0
2587 16185987 283 16155669 282 0
2588 12678342 282 16185987 282 0
2589 11665313 282 2589 282 0
2590 2864685 282 22181149 282 0
2591 23224540 282 11665313 282 0
2592 22181149 282 23224540 282 0
2593 18754414 282 12678342 282 0
2594 2600 282 18754414 282 0
2595 4395376 282 15795986 282 0
2596 22314874 282 14690547 282 0
2597 14690547 282 2864685 282 0
2598 11147576 282 29723353 282 0
2599 15795986 282 25210042 281 0
2600 2589 282 15571563 281 0
2601 11825702 281 12865345 281 0
2602 13037051 281 11825702 281 0
2603 2611 281 20620572 281 0
2604 8122213 281 290749 281 0
2605 6558466 281 2611 281 0
2606 25210042 281 13037051 281 0
2607 12865345 281 8122213 281 0
2608 15571563 281 6558466 281 0
2609 290749 281 22414496 281 0
2610 22414496 281 22314874 281 0
2611 20620572 281 4395376 281 0
2612 28328749 281 28328749 281 1
2613 27108674 280 4731666 280 0
2614 6852600 280 6376415 280 0
2615 1534536 280 6852600 280 0
2616 15243385 280 1534536 280 0
2617 2622 280 15119232 280 0
2618 23404417 280 23404417 280 1
2619 17665324 280 16821075 280 0
2620 15119232 280 17665324 280 0
2621 6376415 280 2622 280 0
2622 16821075 280 23418597 280 0
2623 2616 280 2616 280 1
2624 4731666 280 2254618 279 0
2625 23418597 280 17635180 279 0
2626 17635180 279 6101190 279 0
2627 9640412 279 9640412 279 1
2628 3925016 279 27108674 279 0
2629 8092921 279 3925016 279 0
2630 2254618 279 7213460 279 0
2631 25621948 279 15243385 279 0
2632 8879413 279 6430672 279 0
2633 6101190 279 20313088 279 0
2634 6430672 279 8879413 279 0
2635 7213460 279 25621948 279 0
2636 20313088 279 15433680 279 0
2637 15433680 279 8092921 279 0
2638 24564952 278 25279442 278 0
2639 363335 278 26089786 278 0
2640 16693312 278 4930730 278 0
2641 27291636 278 13245572 278 0
2642 4930730 278 961664 278 0
2643 2648 278 24564952 278 0
2644 13245572 278 6675603 278 0
2645 6675603 278 363335 278 0
2646 5568619 278 16693312 278 0
2647 961664 278 5568619 278 0
2648 26089786 278 3224230 278 0
2649 25279442 278 27291636 278 0
2650 3224230 278 2648 278 0
2651 4759115 277 26511134 277 0
2652 10751787 277 458936 277 0
2653 2656 277 8509702 277 0
2654 12583462 277 22272671 277 0
2655 5822057 277 4759115 277 0
2656 8509702 277 16600988 277 0
2657 22436873 277 17660115 277 0
2658 26511134 277 2656 277 0
2659 16600988 277 25345399 277 0
2660 17660115 277 22436873 277 0
2661 22272671 277 10751787 277 0
2662 25345399 277 5822057 277 0
2663 458936 277 9024597 276 0
2664 27090895 276 19605575 276 0
2665 2675 276 27090895 276 0
2666 12617918 276 14716078 276 0
2667 19605575 276 18236336 276 0
2668 14716078 276 28085556 276 0
2669 14474635 276 19807469 276 0
2670 28085556 276 12617918 276 0
2671 26387168 276 14474635 276 0
2672 19807469 276 2734381 276 0
2673 2734381 276 2675 276 0
2674 18236336 276 12583462 276 0
2675 400153 276 26387168 276 0
2676 9024597 276 400153 276 0
2677 6825825 275 24063567 275 0
2678 24681927 275 24681927 275 1
2679 24063567 275 14008930 275 0
2680 4612451 275 25598526 275 0
2681 26187927 275 2681 275 0
2682 16636560 275 11354929 275 0
2683 11354929 275 2851537 275 0
2684 2851537 275 4612451 275 0
2685 11057390 275 11057390 275 1
2686 25598526 275 26187927 275 0
2687 2681 275 4508343 275 0
2688 4508343 275 15531096 274 0
2689 14008930 275 9337812 274 0
2690 15531096 274 21145681 274 0
2691 29555353 274 14605212 274 0
2692 2567166 274 26665088 274 0
2693 23369750 274 2699 274 0
2694 27217366 274 14783726 274 0
2695 2699 274 27217366 274 0
2696 21145681 274 6825825 274 0
2697 14783726 274 16636560 274 0
2698 26665088 274 23369750 274 0
2699 5426078 274 5426078 274 1
2700 14605212 274 29555353 274 0
2701 2566212 274 2567166 274 0
2702 9337812 274 3378736 273 0
2703 7283595 273 28120243 273 0
2704 26263949 273 2706 273 0
2705 28120243 273 2708 273 0
2706 20569056 273 20569056 273 1
2707 2708 273 26263949 273 0
2708 2706 273 2703 273 0
2709 7553582 273 2566212 273 0
2710 2703 273 7283595 273 0
2711 11890075 273 8224657 273 0
2712 8224657 273 7553582 273 0
2713 11906102 273 15262506 273 0
2714 3378736 273 20014198 272 0
2715 15262506 273 11890075 272 0
2716 24562075 272 19085534 272 0
2717 2722 272 24562075 272 0
2718 13812305 272 2722 272 0
2719 20014198 272 12154715 272 0
2720 12154715 272 17582335 272 0
2721 8775471 272 9424866 272 0
2722 19085534 272 8775471 272 0
2723 26364991 272 15716588 272 0
2724 19275828 272 11906102 272 0
2725 17582335 272 26364991 272 0
2726 15716588 272 18512828 272 0
2727 9424866 272 15394180 271 0
2728 18512828 272 27363581 271 0
2729 10311248 271 5087382 271 0
2730 2737 271 11671517 271 0
2731 12551638 271 29189934 271 0
2732 15191668 271 26573097 271 0
2733 10050537 271 19275828 271 0
2734 15394180 271 12551638 271 0
2735 27363581 271 10311248 271 0
2736 14725995 271 15191668 271 0
2737 5087382 271 20778307 271 0
2738 21867900 271 2737 271 0
2739 26573097 271 13812305 271 0
2740 11671517 271 10050537 271 0
2741 20778307 271 14725995 270 0
2742 29189934 271 5958817 270 0
2743 11085153 270 11085153 270 1
2744 17691806 270 20787481 270 0
2745 2752 270 543639 270 0
2746 27449506 270 7047032 270 0
2747 543639 270 21867900 270 0
2748 20787481 270 28569842 270 0
2749 13736545 270 27449506 270 0
2750 28569842 270 5662223 270 0
2751 5662223 270 7318233 270 0
2752 5958817 270 2752 270 0
2753 7318233 270 17691806 270 0
2754 16461516 270 16461516 270 1
2755 7047032 270 13736545 270 0
2756 28895267 269 20148159 269 0
2757 24961070 269 2763 269 0
2758 1441925 269 5164318 269 0
2759 23096073 269 2758 269 0
2760 1712971 269 24961070 269 0
2761 27914058 269 12186406 269 0
2762 2763 269 23096073 269 0
2763 12186406 269 1441925 269 0
2764 5442212 269 18707593 269 0
2765 2758 269 27914058 269 0
2766 5164318 269 1712971 269 0
2767 20148159 269 28895267 269 0
2768 2125289 269 2125289 268 1
2769 18707593 269 16380601 268 0
2770 2783 268 16108811 268 0
2771 8314086 268 309543 268 0
2772 309543 268 8314086 268 0
2773 5944387 268 2777 268 0
2774 24371341 268 5442212 268 0
2775 16108811 268 2778 268 0
2776 1561094 268 3465398 268 0
2777 3465398 268 11353674 268 0
2778 11353674 268 2783 268 0
2779 2778 268 1561094 268 0
2780 16380601 268 24371341 268 0
2781 6659592 268 2779 268 0
2782 2777 268 6659592 268 0
2783 2779 268 5944387 268 0
2784 16600094 267 26862043 267 0
2785 22179846 267 2791 267 0
2786 26862043 267 16600094 267 0
2787 19172690 267 22179846 267 0
2788 8959435 267 8959435 267 1
2789 22707464 267 5020829 267 0
2790 22151284 267 21888932 267 0
2791 2792 267 2792 267 1
2792 2791 267 19172690 267 0
2793 20854776 267 19149235 267 0
2794 5020829 267 22707464 267 0
2795 19149235 267 1688511 267 0
2796 21888932 267 19236428 266 0
2797 1688511 267 16116087 266 0
2798 6361461 266 22151284 266 0
2799 8327155 266 2810 266 0
2800 2810 266 13186967 266 0
2801 17214314 266 17214314 266 1
2802 5719243 266 24616081 266 0
2803 24616081 266 26125046 266 0
2804 15133138 266 6361461 266 0
2805 13186967 266 22830516 266 0
2806 16116087 266 20854776 266 0
2807 1082755 266 1082755 266 1
2808 22830516 266 8327155 266 0
2809 19236428 266 8372040 265 0
2810 245642 266 4503060 265 0
2811 26125046 266 7056259 265 0
2812 8372040 265 21567322 265 0
2813 2823 265 16037056 265 0
2814 23947285 265 20739475 265 0
2815 18447709 265 15133138 265 0
2816 12742465 265 12742465 265 1
2817 16037056 265 245642 265 0
2818 16288001 265 23947285 265 0
2819 7617613 265 2823 265 0
2820 7056259 265 1977191 265 0
2821 21567322 265 16288001 265 0
2822 1977191 265 5719243 265 0
2823 20739475 265 18447709 265 0
2824 2816 265 9149456 264 0
2825 4503060 265 13698091 264 0
2826 9149456 264 5213769 264 0
2827 17948079 264 12005243 264 0
2828 13698091 264 28506810 264 0
2829 12273472 264 8175608 264 0
2830 28506810 264 16979989 264 0
2831 8784099 264 8784099 264 1
2832 541189 264 8769513 264 0
2833 5213769 264 19155944 264 0
2834 8175608 264 541189 264 0
2835 12005243 264 12273472 264 0
2836 8782779 264 8782779 264 1
2837 19155944 264 17948079 264 0
2838 16979989 264 7617613 264 0
2839 8769513 264 28418629 263 0
2840 6123608 263 24673392 263 0
2841 18265843 263 2816 263 0
2842 20074426 263 906568 263 0
2843 1346666 263 28915669 263 0
2844 906568 263 18145125 263 0
2845 2851 263 26728636 263 0
2846 18145125 263 25261866 263 0
2847 24673392 263 18265843 263 0
2848 25261866 263 2513833 263 0
2849 26728636 263 16163514 263 0
2850 16163514 263 2851 263 0
2851 28418629 263 6123608 263 0
2852 16386096 263 16386096 263 1
2853 28915669 263 20074426 263 0
2854 2513833 263 10940505 262 0
2855 11305114 262 23309973 262 0
2856 20102022 262 20102022 262 1
2857 10940505 262 21978943 262 0
2858 26841825 262 12651972 262 0
2859 17265887 262 10092101 262 0
2860 10092101 262 17265887 262 0
2861 21978943 262 26841825 262 0
2862 1596474 262 1672553 262 0
2863 1672553 262 28712715 262 0
2864 12651972 262 1596474 262 0
2865 28712715 262 2859 262 0
2866 2859 262 1346666 262 0
2867 23510981 262 11305114 262 0
2868 23309973 262 23510981 262 0
2869 21284778 261 6155581 261 0
2870 26856776 261 5062673 261 0
2871 1486136 261 2883 261 0
2872 2883 261 1561403 261 0
2873 16756310 261 29635466 261 0
2874 6155581 261 20497127 261 0
2875 1561403 261 27635872 261 0
2876 29635466 261 21284778 261 0
2877 3286749 261 1486136 261 0
2878 24788206 261 26856776 261 0
2879 5062673 261 21184015 261 0
2880 20497127 261 3286749 261 0
2881 9330968 261 9330968 261 1
2882 21184015 261 16756310 261 0
2883 27635872 261 16986119 260 0
2884 5205013 260 29281364 260 0
2885 13996320 260 28844921 260 0
2886 2895 260 12115645 260 0
2887 23037875 260 2891 260 0
2888 29281364 260 2885 260 0
2889 2891 260 2888 260 0
2890 23840676 260 24788206 260 0
2891 2888 260 23840676 260 0
2892 16986119 260 13996320 260 0
2893 2885 260 5205013 260 0
2894 15744228 260 9968434 260 0
2895 9968434 260 5869142 260 0
2896 28844921 260 2895 260 0
2897 5869142 260 23037875 260 0
2898 12115645 260 15744228 260 0
2899 29320889 259 28665752 259 0
2900 1463690 259 1995079 259 0
2901 1995079 259 4364510 259 0
2902 10600708 259 27082853 259 0
2903 28665752 259 1463690 259 0
2904 2901 259 4596124 259 0
2905 7837130 259 5558719 259 0
2906 4364510 259 12037086 259 0
2907 4596124 259 28025514 259 0
2908 3789447 259 10600708 259 0
2909 5558719 259 2901 259 0
2910 12037086 259 4294967295 0 0
2911 28025514 259 4294967295 0 0
2912 27082853 259 4294967295 0 0
2913 2899 259 4294967295 0 0
2914 6885341 258 4294967295 0 0
2915 23844569 258 4294967295 0 0
2916 1818166 258 4294967295 0 0
2917 27316059 258 4294967295 0 0
2918 2928 258 4294967295 0 0
2919 13427717 258 4294967295 0 0
2920 26036943 258 4294967295 0 0
2921 12849659 258 4294967295 0 0
2922 9700661 258 4294967295 0 0
2923 24436404 258 4294967295 0 0
2924 10782414 258 4294967295 0 0
2925 29555297 258 4294967295 0 0
2926 3828654 258 4294967295 0 0
2927 9827664 258 4294967295 0 0
2928 18364160 258 4294967295 0 0
2929 11433397 257 4294967295 0 0
2930 10634509 257 4294967295 0 0
2931 4861675 257 4294967295 0 0
2932 16649454 257 4294967295 0 0
2933 19739962 257 4294967295 0 0
2934 12567951 257 4294967295 0 0
2935 9202440 257 4294967295 0 0
2936 1897189 257 4294967295 0 0
2937 21396147 257 4294967295 0 0
2938 7391429 257 4294967295 0 0
2939 22144146 257 4294967295 0 0
2940 7623707 257 4294967295 0 0
2941 18887296 257 4294967295 0 0
2942 20365142 257 4294967295 0 0
2943 1106824 257 4294967295 0 0
2944 11593322 256 4294967295 0 0
2945 2955 256 4294967295 0 0
2946 2956 256 4294967295 0 0
2947 19901257 256 4294967295 0 0
2948 20868305 256 4294967295 0 0
2949 29045663 256 4294967295 0 0
2950 11365566 256 4294967295 0 0
2951 27259044 256 4294967295 0 0
2952 20449242 256 4294967295 0 0
2953 6873521 256 4294967295 0 0
2954 27213745 256 4294967295 0 0
2955 28096950 256 4294967295 0 0
2956 21998883 256 4294967295 0 0
2957 1546772 256 4294967295 0 0
2958 2946 256 4294967295 0 0
2959 19963005 255 4294967295 0 0
2960 20234199 255 4294967295 0 0
2961 21565448 255 4294967295 0 0
2962 1233264 255 4294967295 0 0
2963 2970 255 4294967295 0 0
2964 1098538 255 4294967295 0 0
2965 7987208 255 4294967295 0 0
2966 7777267 255 4294967295 0 0
2967 2964 255 4294967295 0 0
2968 7938171 255 4294967295 0 0
2969 23534717 255 4294967295 0 0
2970 21174573 255 4294967295 0 0
2971 10789659 255 4294967295 0 0
2972 1830362 255 4294967295 0 0
2973 12832517 255 4294967295 0 0
2974 278723 255 4294967295 0 0
2975 15015330 254 4294967295 0 0
2976 2983 254 4294967295 0 0
2977 14890165 254 4294967295 0 0
2978 2976 254 4294967295 0 0
2979 57639 254 4294967295 0 0
2980 16061601 254 4294967295 0 0
2981 26023886 254 4294967295 0 0
2982 8106895 254 4294967295 0 0
2983 17153881 254 4294967295 0 0
2984 6180033 254 4294967295 0 0
2985 1925370 254 4294967295 0 0
2986 26733374 254 4294967295 0 0
2987 15884908 254 4294967295 0 0
2988 20646888 254 4294967295 0 0
2989 19520356 254 4294967295 0 0
2990 17265312 254 4294967295 0 0
2991 6271696 253 4294967295 0 0
2992 24935443 253 4294967295 0 0
2993 7291557 253 4294967295 0 0
2994 17418228 253 4294967295 0 0
2995 29093971 253 4294967295 0 0
2996 18568161 253 4294967295 0 0
2997 3004 253 4294967295 0 0
2998 12264022 253 4294967295 0 0
2999 4739281 253 4294967295 0 0
3000 18709826 253 4294967295 0 0
3001 12135611 253 4294967295 0 0
3002 20996753 253 4294967295 0 0
3003 13939472 253 4294967295 0 0
3004 11749578 253 4294967295 0 0
3005 11939066 253 4294967295 0 0
3006 29571379 252 4294967295 0 0
3007 3019 252 4294967295 0 0
3008 28082875 252 4294967295 0 0
3009 21161089 252 4294967295 0 0
3010 13351851 252 4294967295 0 0
