99936 55555 0.000010
0 42270 68483 42270 68483 1
1 60300 14397 60300 14397 1
2 66376 5782 66376 5782 1
3 85945 3027 85945 3027 1
4 84423 1832 84423 1832 1
5 17885 1215 17885 1215 1
6 62778 859 62778 859 1
7 14493 636 14493 636 1
8 5318 488 5318 488 1
9 9 385 9 385 1
10 54058 311 54058 311 1
11 60340 256 60340 256 1
12 77541 213 77541 213 1
13 6583 181 6583 181 1
14 27529 155 27529 155 1
15 52418 134 52418 134 1
16 16 117 16 117 1
17 9886 103 9886 103 1
18 18 91 18 91 1
19 22472 81 22472 81 1
20 55231 73 55231 73 1
21 8177 65 8177 65 1
22 22 59 22 59 1
23 35955 54 35955 54 1
24 71705 49 71705 49 1
25 69236 45 69236 45 1
26 80417 41 80417 41 1
27 16159 38 16159 38 1
28 4269 35 4269 35 1
29 90048 33 90048 33 1
30 2968 30 2968 30 1
31 25782 28 25782 28 1
32 43272 26 43272 26 1
33 34929 25 34929 25 1
34 56385 23 56385 23 1
35 35559 22 35559 22 1
36 36 20 36 20 1
37 37 19 37 19 1
38 75726 18 75726 18 1
39 46322 17 46322 17 1
40 46789 16 46789 16 1
41 41 15 41 15 1
42 67636 14 67636 14 1
43 24550 14 24550 14 1
44 85412 13 85412 13 1
45 26692 12 40176 12 0
46 40176 12 26692 12 0
47 740 11 96250 11 0
48 96250 11 740 11 0
49 14700 10 99748 10 0
50 99748 10 14700 10 0
51 87164 9 77417 9 0
52 77417 9 87164 9 0
53 98185 9 98185 9 1
54 1100 8 1100 8 1
55 69394 8 72405 8 0
56 72405 8 69394 8 0
57 73307 7 96492 7 0
58 96492 7 73307 7 0
59 30787 7 39154 7 0
60 39154 7 30787 7 0
61 40786 6 71969 6 0
62 45410 6 45410 6 1
63 71969 6 31549 6 0
64 31549 6 40786 6 0
65 19606 6 19606 6 1
66 71 5 71 5 1
67 33551 5 17862 5 0
68 67 5 30013 5 0
69 30013 5 33551 5 0
70 2142 5 67 5 0
71 17862 5 2142 5 0
72 84167 4 75 4 0
73 23038 4 85240 4 0
74 33580 4 23038 4 0
75 73 4 74044 4 0
76 75 4 73 4 0
77 85240 4 84167 4 0
78 74044 4 33580 4 0
79 21340 4 21340 4 1
80 24939 3 52890 3 0
81 16330 3 99457 3 0
82 99457 3 30852 3 0
83 95200 3 19870 3 0
84 61423 3 12572 3 0
85 35099 3 74550 3 0
86 48290 3 24939 3 0
87 54044 3 54044 3 1
88 52890 3 48290 3 0
89 74550 3 35099 3 0
90 19870 3 16330 3 0
91 12572 3 61423 3 0
92 30852 3 95200 3 0
93 48968 2 95781 2 0
94 8569 2 46139 2 0
95 11434 2 88333 2 0
96 8648 2 1637 2 0
97 15798 2 106 2 0
98 55721 2 26441 2 0
99 16360 2 39313 2 0
100 95781 2 8648 2 0
101 69704 2 15798 2 0
102 51730 2 103 2 0
103 66672 2 66672 2 1
104 3381 2 48968 2 0
105 88333 2 5152 2 0
106 1637 2 3381 2 0
107 98091 2 105 2 0
108 88182 2 16360 2 0
109 5152 2 69704 2 0
110 46139 2 98091 2 0
111 103 2 88182 2 0
112 26441 2 10894 2 0
113 39313 2 55721 2 0
114 105 2 8569 2 0
115 106 2 51730 2 0
116 10894 2 11434 2 0
117 63278 1 97706 1 0
118 43938 1 63278 1 0
119 43980 1 119 1 0
120 85324 1 62368 1 0
121 36235 1 140 1 0
122 20222 1 135 1 0
123 20653 1 1841 1 0
124 1093 1 41881 1 0
125 62895 1 91813 1 0
126 97087 1 13463 1 0
127 62368 1 10386 1 0
128 67806 1 149 1 0
129 170 1 148 1 0
130 36439 1 32173 1 0
131 91813 1 150 1 0
132 17398 1 20653 1 0
133 49812 1 95800 1 0
134 1841 1 36077 1 0
135 4428 1 51947 1 0
136 26873 1 128 1 0
137 80299 1 49812 1 0
138 58504 1 37048 1 0
139 93005 1 4428 1 0
140 41881 1 78871 1 0
141 51947 1 58915 1 0
142 27981 1 38824 1 0
143 49792 1 29269 1 0
144 38824 1 58504 1 0
145 10386 1 26873 1 0
146 36077 1 10550 1 0
147 80218 1 97087 1 0
148 61278 1 67870 1 0
149 72834 1 33073 1 0
150 29270 1 56751 1 0
151 95800 1 185 1 0
152 65159 1 158 1 0
153 29269 1 46480 1 0
154 41706 1 23375 1 0
155 33073 1 36235 1 0
156 190 1 17398 1 0
157 48275 1 1093 1 0
158 185 1 48275 1 0
159 65309 1 62895 1 0
160 58915 1 65309 1 0
161 97706 1 42595 1 0
162 135 1 86208 1 0
163 78871 1 93005 1 0
164 25469 1 8673 1 0
165 128 1 55623 1 0
166 119 1 85117 1 0
167 10550 1 170 1 0
168 13463 1 85324 1 0
169 92463 1 86661 1 0
170 158 1 49792 1 0
171 86208 1 80299 1 0
172 46480 1 85063 1 0
173 37048 1 62430 1 0
174 23375 1 65159 1 0
175 8673 1 27981 1 0
176 56751 1 79002 1 0
177 85063 1 67806 1 0
178 67870 1 190 1 0
179 79002 1 82491 1 0
180 86661 1 43980 1 0
181 85117 1 43938 1 0
182 149 1 25469 1 0
183 62430 1 36439 1 0
184 148 1 29270 1 0
185 150 1 72834 1 0
186 55623 1 80218 1 0
187 42595 1 41706 1 0
188 82491 1 20222 1 0
189 140 1 92463 1 0
190 32173 1 61278 1 0
191 66674 0 4294967295 0 0
192 66673 0 4294967295 0 0
193 66754 0 4294967295 0 0
194 66660 0 4294967295 0 0
195 66675 0 4294967295 0 0
196 66676 0 4294967295 0 0
197 66753 0 4294967295 0 0
198 66751 0 4294967295 0 0
199 66752 0 4294967295 0 0
200 66773 0 4294967295 0 0
201 66677 0 4294967295 0 0
202 66678 0 4294967295 0 0
203 66757 0 4294967295 0 0
204 66679 0 4294967295 0 0
205 66680 0 4294967295 0 0
206 66750 0 4294967295 0 0
207 66681 0 4294967295 0 0
208 66749 0 4294967295 0 0
209 66682 0 4294967295 0 0
210 66748 0 4294967295 0 0
211 66747 0 4294967295 0 0
212 66683 0 4294967295 0 0
213 66659 0 4294967295 0 0
214 66684 0 4294967295 0 0
215 66611 0 4294967295 0 0
216 66760 0 4294967295 0 0
217 66766 0 4294967295 0 0
218 66663 0 4294967295 0 0
219 66768 0 4294967295 0 0
220 66765 0 4294967295 0 0
221 66764 0 4294967295 0 0
222 66763 0 4294967295 0 0
223 66769 0 4294967295 0 0
224 66770 0 4294967295 0 0
225 66664 0 4294967295 0 0
226 66762 0 4294967295 0 0
227 66662 0 4294967295 0 0
228 66665 0 4294967295 0 0
229 66761 0 4294967295 0 0
230 66755 0 4294967295 0 0
231 66666 0 4294967295 0 0
232 66667 0 4294967295 0 0
233 66771 0 4294967295 0 0
234 66668 0 4294967295 0 0
235 66661 0 4294967295 0 0
236 66669 0 4294967295 0 0
237 66772 0 4294967295 0 0
238 66670 0 4294967295 0 0
239 66671 0 4294967295 0 0
240 66759 0 4294967295 0 0
241 66758 0 4294967295 0 0
242 66767 0 4294967295 0 0
243 66756 0 4294967295 0 0
244 66705 0 4294967295 0 0
245 66726 0 4294967295 0 0
246 66725 0 4294967295 0 0
247 66697 0 4294967295 0 0
248 66724 0 4294967295 0 0
249 66723 0 4294967295 0 0
250 66722 0 4294967295 0 0
251 66721 0 4294967295 0 0
252 66698 0 4294967295 0 0
253 66699 0 4294967295 0 0
254 66700 0 4294967295 0 0
255 66701 0 4294967295 0 0
256 66702 0 4294967295 0 0
257 66703 0 4294967295 0 0
258 66704 0 4294967295 0 0
259 66720 0 4294967295 0 0
260 66696 0 4294967295 0 0
261 66706 0 4294967295 0 0
262 66719 0 4294967295 0 0
263 66718 0 4294967295 0 0
264 66707 0 4294967295 0 0
265 66708 0 4294967295 0 0
266 66709 0 4294967295 0 0
267 66710 0 4294967295 0 0
268 66711 0 4294967295 0 0
269 66717 0 4294967295 0 0
270 66712 0 4294967295 0 0
271 66716 0 4294967295 0 0
272 66713 0 4294967295 0 0
273 66714 0 4294967295 0 0
274 66715 0 4294967295 0 0
275 66692 0 4294967295 0 0
276 66745 0 4294967295 0 0
277 66685 0 4294967295 0 0
278 66686 0 4294967295 0 0
279 66744 0 4294967295 0 0
280 66743 0 4294967295 0 0
281 66742 0 4294967295 0 0
282 66741 0 4294967295 0 0
283 66687 0 4294967295 0 0
284 66688 0 4294967295 0 0
285 66740 0 4294967295 0 0
286 66739 0 4294967295 0 0
287 66738 0 4294967295 0 0
288 66689 0 4294967295 0 0
289 66690 0 4294967295 0 0
290 66691 0 4294967295 0 0
291 66746 0 4294967295 0 0
