29999860 55555 0.000010
0 12880644 23805853 12880644 23795555 1
1 27546843 3538761 27546843 3537186 1
2 9421475 1160380 9421475 1159881 1
3 16985852 526040 16985852 525787 1
4 22381743 284784 22381743 284673 1
5 6601940 172492 6601940 172407 1
6 19167512 112892 19167512 112829 1
7 26082697 78196 26082697 78158 1
8 26349538 56561 26349538 56532 1
9 11920939 42333 11920939 42320 1
10 22928793 32573 22928793 32567 1
11 15931095 25641 15931095 25635 1
12 1737098 20575 1737098 20565 1
13 12709913 16782 12709913 16777 1
14 6899289 13881 6899289 13875 1
15 12822840 11624 12822840 11613 1
16 15555755 9839 15555755 9835 1
17 23762724 8408 23762724 8401 1
18 239425 7246 239425 7239 1
19 10863421 6293 10863421 6289 1
20 23383221 5503 23383221 5500 1
21 9377131 4842 9377131 4841 1
22 26050044 4285 26050044 4283 1
23 22904892 3812 22904892 3812 1
24 19530033 3407 19530033 3405 1
25 11211064 3058 11211064 3057 1
26 17740954 2757 17740954 2753 1
27 5354566 2495 5354566 2493 1
28 16024943 2265 16024943 2264 1
29 11113610 2063 11113610 2063 1
30 30 1886 30 1886 1
31 1082604 1728 1082604 1727 1
32 25065359 1588 25065359 1588 1
33 2588130 1463 2588130 1462 1
34 18986174 1351 18986174 1350 1
35 8649667 1250 8649667 1249 1
36 25514107 1159 25514107 1158 1
37 9868494 1077 9868494 1076 1
38 38 1003 38 1002 1
39 11422549 935 11422549 933 1
40 14303177 874 14303177 874 1
41 3828462 818 3828462 818 1
42 24252872 767 24252872 767 1
43 14750655 720 14750655 720 1
44 2802450 677 2802450 677 1
45 1298001 637 1298001 637 1
46 46 600 46 600 1
47 47 567 47 567 1
48 18681442 535 18681442 533 1
49 49 506 49 505 1
50 50 480 50 480 1
51 6816457 455 6816457 455 1
52 52 431 52 431 1
53 53 410 53 410 1
54 8225765 390 8225765 390 1
55 1648295 371 1648295 371 1
56 15471384 353 15471384 353 1
57 23408397 337 23408397 337 1
58 16684339 321 16684339 321 1
59 24930477 307 24930477 307 1
60 60 293 4294967295 0 0
61 2545132 280 4294967295 0 0
62 20076035 268 4294967295 0 0
63 3757242 257 4294967295 0 0
64 4523835 246 4294967295 0 0
65 12261787 236 4294967295 0 0
66 26224558 226 4294967295 0 0
67 3609363 217 4294967295 0 0
68 21847821 209 4294967295 0 0
69 16769970 201 4294967295 0 0
70 2778429 193 4294967295 0 0
71 17551948 186 4294967295 0 0
72 72 179 4294967295 0 0
73 2542401 172 4294967295 0 0
74 20538485 166 4294967295 0 0
75 14983369 160 4294967295 0 0
76 6410511 154 4294967295 0 0
77 5962792 149 4294967295 0 0
78 11856306 144 4294967295 0 0
79 13323508 139 4294967295 0 0
80 26768642 134 4294967295 0 0
81 4130664 130 4294967295 0 0
82 19816319 126 4294967295 0 0
83 16074013 122 4294967295 0 0
84 15237081 118 4294967295 0 0
85 24750547 114 4294967295 0 0
86 29916443 110 4294967295 0 0
87 23271831 107 4294967295 0 0
88 8390058 104 4294967295 0 0
89 8952701 101 4294967295 0 0
90 12741616 98 4294967295 0 0
91 24591162 95 4294967295 0 0
92 3627928 92 4294967295 0 0
93 14497818 89 4294967295 0 0
94 94 87 4294967295 0 0
95 7209262 84 4294967295 0 0
96 96 82 4294967295 0 0
97 97 80 4294967295 0 0
98 760189 77 4294967295 0 0
99 13257601 75 4294967295 0 0
100 14195167 73 4294967295 0 0
101 27394373 71 4294967295 0 0
102 11764454 69 4294967295 0 0
103 29221837 68 4294967295 0 0
104 21357780 66 4294967295 0 0
105 5040814 64 4294967295 0 0
106 3962393 62 4294967295 0 0
107 1749327 61 4294967295 0 0
108 22477060 59 4294967295 0 0
109 8684803 58 4294967295 0 0
110 25619535 56 4294967295 0 0
111 21080142 55 4294967295 0 0
112 25352424 54 4294967295 0 0
113 20014391 53 4294967295 0 0
114 7925241 51 4294967295 0 0
115 28023923 50 4294967295 0 0
116 3960631 49 4294967295 0 0
117 10963587 48 4294967295 0 0
118 28491940 47 4294967295 0 0
119 26256108 46 4294967295 0 0
120 4704416 45 4294967295 0 0
121 7384924 44 4294967295 0 0
122 16358088 43 4294967295 0 0
123 8550824 42 4294967295 0 0
124 16766850 41 4294967295 0 0
125 16704178 40 4294967295 0 0
126 28748605 39 4294967295 0 0
127 3479274 38 4294967295 0 0
128 23446078 37 4294967295 0 0
129 128 37 4294967295 0 0
130 3940354 36 4294967295 0 0
131 13373539 35 4294967295 0 0
132 22089672 34 4294967295 0 0
133 719787 34 4294967295 0 0
134 10556052 33 4294967295 0 0
135 29610433 32 4294967295 0 0
136 136 32 4294967295 0 0
137 137 31 4294967295 0 0
138 15537223 30 4294967295 0 0
139 138 30 4294967295 0 0
140 7500276 29 4294967295 0 0
141 26392253 29 4294967295 0 0
142 5105201 28 4294967295 0 0
143 14578241 28 4294967295 0 0
144 20249505 27 4294967295 0 0
145 26757603 27 4294967295 0 0
146 2519073 26 4294967295 0 0
147 23642344 26 4294967295 0 0
148 148 25 4294967295 0 0
149 26329406 25 4294967295 0 0
150 26947901 24 4294967295 0 0
151 5781663 24 4294967295 0 0
152 8377063 23 4294967295 0 0
153 25344244 23 4294967295 0 0
154 153 23 4294967295 0 0
155 156 22 4294967295 0 0
156 12266863 22 4294967295 0 0
157 14974439 21 4294967295 0 0
158 10828741 21 4294967295 0 0
159 10494470 21 4294967295 0 0
160 26525176 20 4294967295 0 0
