29930994 55555 0.000010
0 12880644 11485407 12880644 11485407 1
1 27546843 4060705 27546843 4060705 1
2 9421475 2210368 9421475 2210368 1
3 16985852 1435676 16985852 1435676 1
4 22381743 1027286 22381743 1027286 1
5 6601940 781483 6601940 781483 1
6 19167512 620154 19167512 620154 1
7 26082697 507588 26082697 507588 1
8 26349538 425385 26349538 425385 1
9 11920939 363200 11920939 363200 1
10 22928793 314816 22928793 314816 1
11 15931095 276296 15931095 276296 1
12 1737098 245037 1737098 245037 1
13 12709913 219257 12709913 219257 1
14 6899289 197701 6899289 197701 1
15 12822840 179459 12822840 179459 1
16 15555755 163860 15555755 163860 1
17 23762724 150396 23762724 150396 1
18 239425 138681 239425 138681 1
19 10863421 128411 10863421 128411 1
20 23383221 119349 23383221 119349 1
21 9377131 111304 9377131 111304 1
22 26050044 104125 26050044 104125 1
23 22904892 97685 22904892 97685 1
24 19530033 91883 19530033 91883 1
25 11211064 86634 11211064 86634 1
26 17740954 81865 17740954 81865 1
27 5354566 77519 5354566 77519 1
28 16024943 73544 16024943 73544 1
29 11113610 69898 11113610 69898 1
30 30 66543 30 66543 1
31 1082604 63449 1082604 63449 1
32 25065359 60586 25065359 60586 1
33 2588130 57933 2588130 57933 1
34 18986174 55468 18986174 55468 1
35 8649667 53173 8649667 53173 1
36 25514107 51032 25514107 51032 1
37 9868494 49031 9868494 49031 1
38 38 47157 38 47157 1
39 11422549 45400 11422549 45400 1
40 14303177 43749 14303177 43749 1
41 3828462 42196 3828462 42196 1
42 24252872 40733 24252872 40733 1
43 14750655 39352 14750655 39352 1
44 2802450 38048 2802450 38048 1
45 1298001 36814 1298001 36814 1
46 46 35645 46 35645 1
47 47 34537 47 34537 1
48 18681442 33485 18681442 33485 1
49 49 32486 49 32486 1
50 50 31535 50 31535 1
51 6816457 30630 6816457 30630 1
52 52 29767 52 29767 1
53 53 28944 53 28944 1
54 8225765 28158 8225765 28158 1
55 1648295 27407 1648295 27407 1
56 15471384 26689 15471384 26689 1
57 23408397 26002 23408397 26002 1
58 16684339 25344 16684339 25344 1
59 24930477 24713 24930477 24713 1
60 60 24107 60 24107 1
61 2545132 23527 2545132 23527 1
62 20076035 22969 20076035 22969 1
63 3757242 22432 3757242 22432 1
64 4523835 21917 4523835 21917 1
65 12261787 21421 12261787 21421 1
66 26224558 20943 26224558 20943 1
67 3609363 20483 3609363 20483 1
68 21847821 20039 21847821 20039 1
69 16769970 19611 16769970 19611 1
70 2778429 19198 2778429 19198 1
71 17551948 18800 17551948 18800 1
72 72 18415 72 18415 1
73 2542401 18043 2542401 18043 1
74 20538485 17683 20538485 17683 1
75 14983369 17335 14983369 17335 1
76 6410511 16998 6410511 16998 1
77 5962792 16673 5962792 16673 1
78 11856306 16357 11856306 16357 1
79 13323508 16051 13323508 16051 1
80 26768642 15755 26768642 15755 1
81 4130664 15468 4130664 15468 1
82 19816319 15189 19816319 15189 1
83 16074013 14919 16074013 14919 1
84 15237081 14656 15237081 14656 1
85 24750547 14401 24750547 14401 1
86 29916443 14154 29916443 14154 1
87 23271831 13913 23271831 13913 1
88 8390058 13679 8390058 13679 1
89 8952701 13452 8952701 13452 1
90 12741616 13231 12741616 13231 1
91 24591162 13016 24591162 13016 1
92 3627928 12806 3627928 12806 1
93 14497818 12602 14497818 12602 1
94 94 12404 94 12404 1
95 7209262 12211 7209262 12211 1
96 96 12022 96 12022 1
97 97 11839 97 11839 1
98 760189 11660 760189 11660 1
99 13257601 11485 13257601 11485 1
100 14195167 11315 14195167 11315 1
101 27394373 11149 27394373 11149 1
102 11764454 10987 11764454 10987 1
103 29221837 10829 29221837 10829 1
104 21357780 10675 21357780 10675 1
105 5040814 10524 5040814 10524 1
106 3962393 10377 3962393 10377 1
107 1749327 10233 1749327 10233 1
108 22477060 10093 22477060 10093 1
109 8684803 9955 8684803 9955 1
110 25619535 9821 25619535 9821 1
111 21080142 9690 21080142 9690 1
112 25352424 9562 25352424 9562 1
113 20014391 9436 20014391 9436 1
114 7925241 9313 7925241 9313 1
115 28023923 9193 28023923 9193 1
116 3960631 9075 3960631 9075 1
117 10963587 8960 10963587 8960 1
118 28491940 8848 28491940 8848 1
119 26256108 8737 26256108 8737 1
120 4704416 8629 4704416 8629 1
121 7384924 8523 7384924 8523 1
122 16358088 8420 16358088 8420 1
123 8550824 8318 8550824 8318 1
124 16766850 8218 16766850 8218 1
125 16704178 8121 16704178 8121 1
126 28748605 8025 28748605 8025 1
127 3479274 7931 3479274 7931 1
128 128 7839 128 7839 1
129 23446078 7749 23446078 7749 1
130 3940354 7660 3940354 7660 1
131 13373539 7573 13373539 7573 1
132 719787 7488 719787 7488 1
133 22089672 7404 22089672 7404 1
134 10556052 7322 10556052 7322 1
135 29610433 7242 29610433 7242 1
136 136 7163 136 7163 1
137 137 7085 137 7085 1
138 138 7008 138 7008 1
139 15537223 6934 15537223 6934 1
140 7500276 6860 7500276 6860 1
141 26392253 6788 26392253 6788 1
142 5105201 6716 5105201 6716 1
143 14578241 6647 14578241 6647 1
144 26757603 6578 26757603 6578 1
145 20249505 6511 20249505 6511 1
146 2519073 6444 2519073 6444 1
147 23642344 6379 23642344 6379 1
148 148 6315 148 6315 1
149 26329406 6252 26329406 6252 1
150 26947901 6190 26947901 6190 1
151 5781663 6129 5781663 6129 1
152 25344244 6069 25344244 6069 1
153 153 6010 153 6010 1
154 8377063 5952 8377063 5952 1
155 12266863 5895 12266863 5895 1
156 156 5838 156 5838 1
157 10828741 5783 10828741 5783 1
158 10494470 5729 10494470 5729 1
159 14974439 5675 14974439 5675 1
160 26525176 5622 26525176 5622 1
161 28626298 5570 28626298 5570 1
162 20171621 5519 20171621 5519 1
163 24306644 5469 24306644 5469 1
164 6661238 5419 6661238 5419 1
165 6701179 5370 6701179 5370 1
166 24054367 5322 24054367 5322 1
167 6241810 5275 6241810 5275 1
168 1165133 5228 1165133 5228 1
169 3644547 5182 3644547 5182 1
170 170 5136 170 5136 1
171 171 5092 171 5092 1
172 172 5048 172 5048 1
173 173 5004 173 5004 1
174 4114119 4961 4114119 4961 1
175 4886400 4919 4886400 4919 1
176 20250036 4877 20250036 4877 1
177 8728406 4836 8728406 4836 1
178 178 4796 178 4796 1
179 4508961 4756 4508961 4756 1
180 18005736 4717 18005736 4717 1
181 8253663 4678 8253663 4678 1
182 19425206 4639 19425206 4639 1
183 19590502 4602 19590502 4602 1
184 22711993 4564 22711993 4564 1
185 18624590 4528 18624590 4528 1
186 29930297 4491 29930297 4491 1
187 4251970 4456 4251970 4456 1
188 188 4420 188 4420 1
189 16016351 4385 16016351 4385 1
190 28434083 4351 28434083 4351 1
191 20184874 4317 20184874 4317 1
192 2765921 4284 2765921 4284 1
193 10985552 4251 10985552 4251 1
194 13419510 4218 13419510 4218 1
195 16185481 4186 16185481 4186 1
196 196 4154 196 4154 1
197 7870173 4122 7870173 4122 1
198 26881824 4091 26881824 4091 1
199 26053874 4061 26053874 4061 1
200 10727682 4030 10727682 4030 1
201 5987573 4001 5987573 4001 1
202 24359866 3971 24359866 3971 1
203 10755321 3942 10755321 3942 1
204 21817719 3913 21817719 3913 1
205 205 3885 205 3885 1
206 19821572 3856 19821572 3856 1
207 16247166 3829 16247166 3829 1
208 9646106 3801 9646106 3801 1
209 15359114 3774 15359114 3774 1
210 210 3747 210 3747 1
211 21368233 3721 21368233 3721 1
212 21738812 3695 21738812 3695 1
213 26509886 3669 26509886 3669 1
214 26855632 3643 26855632 3643 1
215 246490 3618 246490 3618 1
216 216 3593 216 3593 1
217 15475682 3568 15475682 3568 1
218 28049505 3544 28049505 3544 1
219 6737268 3520 6737268 3520 1
220 220 3496 220 3496 1
221 17843088 3472 17843088 3472 1
222 14671368 3449 14671368 3449 1
223 8167668 3426 8167668 3426 1
224 21830191 3403 21830191 3403 1
225 225 3381 225 3381 1
226 22925838 3358 22925838 3358 1
227 26424121 3336 26424121 3336 1
228 18633729 3314 18633729 3314 1
229 22178833 3293 22178833 3293 1
230 11914168 3271 11914168 3271 1
231 231 3250 231 3250 1
232 15226415 3229 15226415 3229 1
233 5954439 3209 5954439 3209 1
234 9964436 3188 9964436 3188 1
235 7389618 3168 7389618 3168 1
236 10939150 3148 10939150 3148 1
237 6784700 3128 6784700 3128 1
238 29478443 3108 29478443 3108 1
239 12620193 3089 12620193 3089 1
240 24982073 3070 24982073 3070 1
241 27682258 3051 27682258 3051 1
242 1156600 3032 1156600 3032 1
243 14110250 3013 14110250 3013 1
244 830707 2995 830707 2995 1
245 6124478 2977 6124478 2977 1
246 23160761 2959 23160761 2959 1
247 26673947 2941 26673947 2941 1
248 19350002 2923 19350002 2923 1
249 249 2906 249 2906 1
250 7862376 2888 7862376 2888 1
251 5695678 2871 5695678 2871 1
252 1710768 2854 1710768 2854 1
253 253 2837 253 2837 1
254 12471756 2821 12471756 2821 1
255 7046361 2804 7046361 2804 1
256 2180915 2788 2180915 2788 1
257 6418013 2772 6418013 2772 1
258 258 2755 258 2755 1
259 218116 2740 218116 2740 1
260 10647130 2724 10647130 2724 1
261 11131011 2708 11131011 2708 1
262 20780294 2693 20780294 2693 1
263 4136774 2678 4136774 2678 1
264 14412648 2662 14412648 2662 1
265 29261404 2647 29261404 2647 1
266 20912741 2633 20912741 2633 1
267 10238097 2618 10238097 2618 1
268 21692198 2603 21692198 2603 1
269 7503612 2589 7503612 2589 1
270 13878188 2574 13878188 2574 1
271 22395217 2560 22395217 2560 1
272 16509770 2546 16509770 2546 1
273 2268541 2532 2268541 2532 1
274 27923282 2519 27923282 2519 1
275 275 2505 275 2505 1
276 14040021 2491 14040021 2491 1
277 29281098 2478 29281098 2478 1
278 1932349 2465 1932349 2465 1
279 12008074 2451 12008074 2451 1
280 280 2438 280 2438 1
281 26764680 2425 26764680 2425 1
282 14660294 2412 14660294 2412 1
283 7580130 2400 7580130 2400 1
284 4465163 2387 4465163 2387 1
285 18488958 2375 18488958 2375 1
286 5285796 2362 5285796 2362 1
287 2872132 2350 2872132 2350 1
288 18558957 2338 18558957 2338 1
289 2775730 2326 2775730 2326 1
290 1337471 2314 1337471 2314 1
291 13905811 2302 13905811 2302 1
292 11936784 2290 11936784 2290 1
293 18629118 2278 18629118 2278 1
294 16566525 2267 16566525 2267 1
295 10001649 2255 10001649 2255 1
296 17321781 2244 17321781 2244 1
297 18648718 2233 18648718 2233 1
298 24801928 2221 24801928 2221 1
299 299 2210 299 2210 1
300 4937931 2199 4937931 2199 1
301 17652010 2188 17652010 2188 1
302 20868272 2178 20868272 2178 1
303 303 2167 303 2167 1
304 13019450 2156 13019450 2156 1
305 305 2146 305 2146 1
306 27227590 2135 27227590 2135 1
307 611752 2125 611752 2125 1
308 4395471 2115 4395471 2115 1
309 17898626 2104 17898626 2104 1
310 16791098 2094 16791098 2094 1
311 26949917 2084 26949917 2084 1
312 26717119 2074 26717119 2074 1
313 24167046 2064 24167046 2064 1
314 14284948 2054 14284948 2054 1
315 22740217 2045 22740217 2045 1
316 20297429 2035 20297429 2035 1
317 16608233 2025 16608233 2025 1
318 318 2016 318 2016 1
319 24306085 2006 24306085 2006 1
320 28983305 1997 28983305 1997 1
321 9849715 1988 9849715 1988 1
322 6660439 1979 6660439 1979 1
323 15952646 1969 15952646 1969 1
324 11463632 1960 11463632 1960 1
325 16190038 1951 16190038 1951 1
326 28335790 1942 28335790 1942 1
327 10970105 1933 10970105 1933 1
328 16725620 1925 16725620 1925 1
329 20636027 1916 20636027 1916 1
330 29405960 1907 29405960 1907 1
331 12207243 1899 12207243 1899 1
332 18342499 1890 18342499 1890 1
333 333 1882 333 1882 1
334 334 1873 334 1873 1
335 335 1865 335 1865 1
336 17400751 1857 17400751 1857 1
337 14682881 1848 14682881 1848 1
338 4952032 1840 4952032 1840 1
339 8683634 1832 8683634 1832 1
340 7845067 1824 7845067 1824 1
341 3509910 1816 3509910 1816 1
342 15180544 1808 15180544 1808 1
343 25574613 1800 25574613 1800 1
344 17659628 1792 17659628 1792 1
345 125322 1785 125322 1785 1
346 11217204 1777 11217204 1777 1
347 347 1769 347 1769 1
348 8070060 1762 8070060 1762 1
349 14106234 1754 14106234 1754 1
350 14261450 1747 14261450 1747 1
351 22727486 1739 22727486 1739 1
352 17180738 1732 17180738 1732 1
353 7317206 1724 7317206 1724 1
354 7756410 1717 7756410 1717 1
355 14466421 1710 14466421 1710 1
356 28456067 1703 28456067 1703 1
357 3795800 1696 3795800 1696 1
358 15650303 1689 15650303 1689 1
359 29467303 1681 29467303 1681 1
360 25874313 1675 25874313 1675 1
361 6948001 1668 6948001 1668 1
362 11464250 1661 11464250 1661 1
363 15744955 1654 15744955 1654 1
364 24411639 1647 24411639 1647 1
365 3176183 1640 3176183 1640 1
366 366 1634 366 1634 1
367 15073500 1627 15073500 1627 1
368 368 1620 368 1620 1
369 21723285 1614 21723285 1614 1
370 19216550 1607 19216550 1607 1
371 11785346 1601 11785346 1601 1
372 6020788 1594 6020788 1594 1
373 12471905 1588 12471905 1588 1
374 374 1582 374 1582 1
375 17470172 1575 17470172 1575 1
376 22414192 1569 22414192 1569 1
377 19615764 1563 19615764 1563 1
378 138685 1557 138685 1557 1
379 17256305 1550 17256305 1550 1
380 29199974 1544 29199974 1544 1
381 3507258 1538 3507258 1538 1
382 475415 1532 475415 1532 1
383 16146700 1526 16146700 1526 1
384 19704439 1520 19704439 1520 1
385 22968789 1514 22968789 1514 1
386 14129979 1509 14129979 1509 1
387 14938588 1503 14938588 1503 1
388 8182328 1497 8182328 1497 1
389 20604746 1491 20604746 1491 1
390 8981395 1486 8981395 1486 1
391 308243 1480 308243 1480 1
392 22598660 1474 22598660 1474 1
393 9480852 1469 9480852 1469 1
394 16983097 1463 16983097 1463 1
395 11688277 1457 11688277 1457 1
396 24627874 1452 24627874 1452 1
397 14009826 1447 14009826 1447 1
398 16575430 1441 16575430 1441 1
399 22855797 1436 22855797 1436 1
400 14324101 1430 14324101 1430 1
401 26754535 1425 26754535 1425 1
402 26736787 1420 26736787 1420 1
403 20889278 1414 20889278 1414 1
404 25828527 1409 25828527 1409 1
405 419287 1404 419287 1404 1
406 19134727 1399 19134727 1399 1
407 22348144 1394 22348144 1394 1
408 19819123 1389 19819123 1389 1
409 23382942 1383 23382942 1383 1
410 26189404 1378 26189404 1378 1
411 1094243 1373 1094243 1373 1
412 14915117 1368 14915117 1368 1
413 27280481 1363 27280481 1363 1
414 414 1359 414 1359 1
415 14887025 1354 14887025 1354 1
416 17396461 1349 17396461 1349 1
417 417 1344 417 1344 1
418 7996599 1339 7996599 1339 1
419 9505457 1334 9505457 1334 1
420 15774293 1330 15774293 1330 1
421 7578173 1325 7578173 1325 1
422 422 1320 422 1320 1
423 24489811 1316 24489811 1316 1
424 14415983 1311 14415983 1311 1
425 21215754 1306 21215754 1306 1
426 13488267 1302 13488267 1302 1
427 427 1297 427 1297 1
428 2603390 1293 2603390 1293 1
429 27643847 1288 27643847 1288 1
430 430 1284 430 1284 1
431 25298441 1279 25298441 1279 1
432 28095943 1275 28095943 1275 1
433 13175347 1270 13175347 1270 1
434 28887819 1266 28887819 1266 1
435 435 1262 435 1262 1
436 17047207 1257 17047207 1257 1
437 11061580 1253 11061580 1253 1
438 11573559 1249 11573559 1249 1
439 26477817 1244 26477817 1244 1
440 6499670 1240 6499670 1240 1
441 24313085 1236 24313085 1236 1
442 442 1232 442 1232 1
443 443 1228 443 1228 1
444 13000724 1224 13000724 1224 1
445 24288075 1219 24288075 1219 1
446 8447444 1215 8447444 1215 1
447 11906346 1211 11906346 1211 1
448 7204095 1207 7204095 1207 1
449 14234935 1203 14234935 1203 1
450 21521554 1199 21521554 1199 1
451 25167393 1195 25167393 1195 1
452 452 1191 452 1191 1
453 12087903 1187 12087903 1187 1
454 23886704 1183 23886704 1183 1
455 24966842 1180 24966842 1180 1
456 29235276 1176 29235276 1176 1
457 1048262 1172 1048262 1172 1
458 13369271 1168 13369271 1168 1
459 8922182 1164 8922182 1164 1
460 11664617 1160 11664617 1160 1
461 15250372 1157 15250372 1157 1
462 27667890 1153 27667890 1153 1
463 9669726 1149 9669726 1149 1
464 27406252 1145 27406252 1145 1
465 16222600 1142 16222600 1142 1
466 3614605 1138 3614605 1138 1
467 1441090 1134 1441090 1134 1
468 468 1131 468 1131 1
469 10756062 1127 10756062 1127 1
470 24529694 1124 24529694 1124 1
471 4980410 1120 4980410 1120 1
472 7253622 1116 7253622 1116 1
473 3332463 1113 3332463 1113 1
474 28867149 1109 28867149 1109 1
475 3853504 1106 3853504 1106 1
476 11835441 1102 11835441 1102 1
477 26937924 1099 26937924 1099 1
478 478 1096 478 1096 1
479 28208968 1092 28208968 1092 1
480 25347878 1089 25347878 1089 1
481 16671812 1085 16671812 1085 1
482 20957534 1082 20957534 1082 1
483 14793911 1079 14793911 1079 1
484 1151370 1075 1151370 1075 1
485 485 1072 485 1072 1
486 12506575 1069 12506575 1069 1
487 28626183 1065 28626183 1065 1
488 973664 1062 973664 1062 1
489 3697602 1059 3697602 1059 1
490 29444986 1056 29444986 1056 1
491 28653310 1052 28653310 1052 1
492 492 1049 492 1049 1
493 20584993 1046 20584993 1046 1
494 15679245 1043 15679245 1043 1
495 7493506 1040 7493506 1040 1
496 16145633 1037 16145633 1037 1
497 28147470 1033 28147470 1033 1
498 28729724 1030 28729724 1030 1
499 2305262 1027 2305262 1027 1
500 17439646 1024 17439646 1024 1
501 20092792 1021 20092792 1021 1
502 25156614 1018 25156614 1018 1
503 2753470 1015 2753470 1015 1
504 29570875 1012 29570875 1012 1
505 17104974 1009 17104974 1009 1
506 17296165 1006 17296165 1006 1
507 25241064 1003 25241064 1003 1
508 508 1000 508 1000 1
509 6462294 997 6462294 997 1
510 510 994 510 994 1
511 1298687 991 1298687 991 1
512 16596343 988 16596343 988 1
513 513 986 513 986 1
514 514 983 514 983 1
515 6605557 980 6605557 980 1
516 18882187 977 18882187 977 1
517 23682609 974 23682609 974 1
518 5365979 971 5365979 971 1
519 9722341 969 9722341 969 1
520 19599096 966 19599096 966 1
521 24796377 963 24796377 963 1
522 12392365 960 12392365 960 1
523 6405612 958 6405612 958 1
524 524 955 524 955 1
525 25917237 952 25917237 952 1
526 18437249 949 18437249 949 1
527 20055508 947 20055508 947 1
528 9604223 944 9604223 944 1
529 19770341 941 19770341 941 1
530 15541124 939 15541124 939 1
531 25557337 936 25557337 936 1
532 6566266 933 6566266 933 1
533 17636574 931 17636574 931 1
534 25659896 928 25659896 928 1
535 10283090 926 10283090 926 1
536 15610082 923 15610082 923 1
537 14933738 920 14933738 920 1
538 23118868 918 23118868 918 1
539 23759665 915 23759665 915 1
540 12066174 913 12066174 913 1
541 12118734 910 12118734 910 1
542 532354 908 532354 908 1
543 543 905 543 905 1
544 7734268 903 7734268 903 1
545 5104104 900 5104104 900 1
546 1410015 898 1410015 898 1
547 15852737 895 15852737 895 1
548 548 893 548 893 1
549 24499257 890 24499257 890 1
550 4790341 888 4790341 888 1
551 27457269 886 27457269 886 1
552 29099904 883 29099904 883 1
553 553 881 553 881 1
554 554 878 554 878 1
555 14651844 876 14651844 876 1
556 5354615 874 5354615 874 1
557 557 871 557 871 1
558 12113289 869 12113289 869 1
559 24435478 867 24435478 867 1
560 15154442 864 15154442 864 1
561 20294181 862 20294181 862 1
562 24609302 860 24609302 860 1
563 20136275 857 20136275 857 1
564 28867598 855 28867598 855 1
565 23510834 853 23510834 853 1
566 13860 851 13860 851 1
567 567 848 567 848 1
568 16040202 846 16040202 846 1
569 22970885 844 22970885 844 1
570 6193573 842 6193573 842 1
571 29648920 840 29648920 840 1
572 20605772 837 20605772 837 1
573 10757418 835 10757418 835 1
574 4217574 833 4217574 833 1
575 19638934 831 19638934 831 1
576 22137646 829 22137646 829 1
577 23759225 827 23759225 827 1
578 7100969 824 7100969 824 1
579 579 822 579 822 1
580 4503879 820 4503879 820 1
581 581 818 581 818 1
582 11029375 816 11029375 816 1
583 12085394 814 12085394 814 1
584 2728466 812 2728466 812 1
585 20733140 810 20733140 810 1
586 20926654 808 20926654 808 1
587 19154583 806 19154583 806 1
588 12780577 803 12780577 803 1
589 3373976 801 3373976 801 1
590 11693659 799 11693659 799 1
591 591 797 591 797 1
592 10641722 795 10641722 795 1
593 447537 793 447537 793 1
594 594 791 594 791 1
595 23089142 789 23089142 789 1
596 4285094 787 4285094 787 1
597 597 785 597 785 1
598 27740433 783 27740433 783 1
599 19369945 781 19369945 781 1
600 19309321 780 19309321 780 1
601 22362604 778 22362604 778 1
602 10673188 776 10673188 776 1
603 11264084 774 11264084 774 1
604 28084391 772 28084391 772 1
605 3603355 770 3603355 770 1
606 606 768 606 768 1
607 607 766 607 766 1
608 27366215 764 27366215 764 1
609 5517872 762 5517872 762 1
610 23958721 760 23958721 760 1
611 24458093 759 24458093 759 1
612 25324416 757 25324416 757 1
613 613 755 613 755 1
614 614 753 614 753 1
615 29025868 751 29025868 751 1
616 616 749 616 749 1
617 17420748 748 17420748 748 1
618 9487526 746 9487526 746 1
619 16567171 744 16567171 744 1
620 16170425 742 16170425 742 1
621 15281559 740 15281559 740 1
622 16257414 739 16257414 739 1
623 29162150 737 29162150 737 1
624 23575709 735 23575709 735 1
625 846386 733 846386 733 1
626 24081652 732 24081652 732 1
627 18587498 730 18587498 730 1
628 9516876 728 9516876 728 1
629 16172598 726 16172598 726 1
630 630 725 630 725 1
631 19165814 723 19165814 723 1
632 5125723 721 5125723 721 1
633 13630675 719 13630675 719 1
634 634 718 634 718 1
635 9003617 716 9003617 716 1
636 3542408 714 3542408 714 1
637 637 713 637 713 1
638 2753576 711 2753576 711 1
639 9097144 709 9097144 709 1
640 2081477 708 2081477 708 1
641 8836748 706 8836748 706 1
642 20219450 704 20219450 704 1
643 23595599 703 23595599 703 1
644 3679448 701 3679448 701 1
645 645 700 645 700 1
646 24975416 698 24975416 698 1
647 20770530 696 20770530 696 1
648 7368813 695 7368813 695 1
649 6882537 693 6882537 693 1
650 13116901 691 13116901 691 1
651 17720206 690 17720206 690 1
652 29943954 688 29943954 688 1
653 7796805 687 7796805 687 1
654 654 685 654 685 1
655 14502922 684 14502922 684 1
656 28365977 682 28365977 682 1
657 5574107 680 5574107 680 1
658 220501 679 220501 679 1
659 2612724 677 2612724 677 1
660 660 676 660 676 1
661 22021458 674 22021458 674 1
662 15447709 673 15447709 673 1
663 4385614 671 4385614 671 1
664 11697287 670 11697287 670 1
665 665 668 665 668 1
666 666 667 666 667 1
667 16238467 665 16238467 665 1
668 668 664 668 664 1
669 9921549 662 9921549 662 1
670 28437553 661 28437553 661 1
671 3663462 659 3663462 659 1
672 672 658 672 658 1
673 29655206 656 29655206 656 1
674 674 655 674 655 1
675 20011969 653 20011969 653 1
676 5623056 652 5623056 652 1
677 5885201 651 5885201 651 1
678 23836770 649 23836770 649 1
679 5254674 648 5254674 648 1
680 680 646 680 646 1
681 3419805 645 3419805 645 1
682 11740592 643 11740592 643 1
683 29968699 642 29968699 642 1
684 7189808 641 7189808 641 1
685 2020221 639 2020221 639 1
686 16972258 638 16972258 638 1
687 662694 636 662694 636 1
688 14037064 635 14037064 635 1
689 8392648 634 8392648 634 1
690 690 632 690 632 1
691 3582943 631 3582943 631 1
692 23516155 630 23516155 630 1
693 19411518 628 19411518 628 1
694 3821216 627 3821216 627 1
695 21190610 626 21190610 626 1
696 23312112 624 23312112 624 1
697 697 623 697 623 1
698 25428890 621 25428890 621 1
699 23088746 620 23088746 620 1
700 7169495 619 7169495 619 1
701 701 618 701 618 1
702 21225422 616 21225422 616 1
703 9607444 615 9607444 615 1
704 25828493 614 25828493 614 1
705 25603443 612 25603443 612 1
706 15510093 611 15510093 611 1
707 22127207 610 22127207 610 1
708 18933796 608 18933796 608 1
709 19781627 607 19781627 607 1
710 710 606 710 606 1
711 26387369 605 26387369 605 1
712 2360917 603 2360917 603 1
713 14535564 602 14535564 602 1
714 9248482 601 9248482 601 1
715 12357416 599 12357416 599 1
716 9917163 598 9917163 598 1
717 23384185 597 23384185 597 1
718 3260460 596 3260460 596 1
719 23468177 594 23468177 594 1
720 8368658 593 8368658 593 1
721 7060711 592 7060711 592 1
722 14889663 591 14889663 591 1
723 24316189 590 24316189 590 1
724 15085641 588 15085641 588 1
725 3974520 587 3974520 587 1
726 8297554 586 8297554 586 1
727 20638049 585 20638049 585 1
728 64567 584 64567 584 1
729 4940886 582 4940886 582 1
730 28065121 581 28065121 581 1
731 25276545 580 25276545 580 1
732 11699528 579 11699528 579 1
733 2248835 578 2248835 578 1
734 734 576 734 576 1
735 15794374 575 15794374 575 1
736 9678293 574 9678293 574 1
737 10684381 573 10684381 573 1
738 26790802 572 26790802 572 1
739 22165500 571 22165500 571 1
740 4448788 569 4448788 569 1
741 12611088 568 12611088 568 1
742 7752649 567 7752649 567 1
743 10123541 566 10123541 566 1
744 11501263 565 11501263 565 1
745 6032397 564 6032397 564 1
746 13454330 563 13454330 563 1
747 7479579 561 7479579 561 1
748 17387158 560 17387158 560 1
749 9421887 559 9421887 559 1
750 7467422 558 7467422 558 1
751 23279902 557 23279902 557 1
752 12086176 556 12086176 556 1
753 5415641 555 5415641 555 1
754 25597343 554 25597343 554 1
755 16582553 553 16582553 553 1
756 9936649 551 9936649 551 1
757 19126567 550 19126567 550 1
758 11742841 549 11742841 549 1
759 18258952 548 18258952 548 1
760 15745903 547 15745903 547 1
761 5750108 546 5750108 546 1
762 762 545 762 545 1
763 21859181 544 21859181 544 1
764 21766038 543 21766038 543 1
765 25982844 542 25982844 542 1
766 6737672 541 6737672 541 1
767 13567563 540 13567563 540 1
768 3859040 539 3859040 539 1
769 769 538 769 538 1
770 28026139 536 28026139 536 1
771 771 535 771 535 1
772 13196678 534 13196678 534 1
773 773 533 773 533 1
774 22932794 532 22932794 532 1
775 17535297 531 17535297 531 1
776 24434081 530 24434081 530 1
777 21057057 529 21057057 529 1
778 7689178 528 7689178 528 1
779 13835822 527 13835822 527 1
780 8606823 526 8606823 526 1
781 24691068 525 24691068 525 1
782 9347972 524 9347972 524 1
783 7804967 523 7804967 523 1
784 784 522 784 522 1
785 22319748 521 22319748 521 1
786 26782004 520 26782004 520 1
787 28826062 519 28826062 519 1
788 29035592 518 29035592 518 1
789 2183064 517 2183064 517 1
790 4791258 516 4791258 516 1
791 791 515 791 515 1
792 18199500 514 18199500 514 1
793 6667683 513 6667683 513 1
794 25158865 512 25158865 512 1
795 17954750 511 17954750 511 1
796 1995146 510 1995146 510 1
797 21327221 509 21327221 509 1
798 9878241 509 9878241 509 1
799 8134584 508 8134584 508 1
800 25277901 507 25277901 507 1
801 20613444 506 20613444 506 1
802 11336191 505 11336191 505 1
803 6687831 504 6687831 504 1
804 7976420 503 7976420 503 1
805 805 502 805 502 1
806 17003862 501 17003862 501 1
807 807 500 807 500 1
808 1902704 499 1902704 499 1
809 13169420 498 13169420 498 1
810 24657483 497 24657483 497 1
811 926500 496 926500 496 1
812 19664796 495 19664796 495 1
813 25066299 495 25066299 495 1
814 16046300 494 16046300 494 1
815 3679366 493 3679366 493 1
816 25588340 492 25588340 492 1
817 4652700 491 4652700 491 1
818 2785711 490 2785711 490 1
819 28725067 489 28725067 489 1
820 8561911 488 8561911 488 1
821 9336804 487 9336804 487 1
822 5412259 486 5412259 486 1
823 16310215 486 16310215 486 1
824 13799270 485 13799270 485 1
825 10694119 484 10694119 484 1
826 21506587 483 21506587 483 1
827 5093066 482 5093066 482 1
828 14151523 481 14151523 481 1
829 25835719 480 25835719 480 1
830 8014523 479 8014523 479 1
831 29306398 479 29306398 479 1
832 2972464 478 2972464 478 1
833 3361579 477 3361579 477 1
834 2739875 476 2739875 476 1
835 27990024 475 27990024 475 1
836 1546753 474 1546753 474 1
837 29641943 473 24539547 473 0
838 24539547 473 29641943 473 0
839 19801585 472 19801585 472 1
840 28665315 471 28665315 471 1
841 5360269 470 5360269 470 1
842 5217574 469 5217574 469 1
843 17529380 468 23164692 468 0
844 23164692 468 17529380 468 0
845 25395496 467 25395496 467 1
846 13996934 466 13996934 466 1
847 22683843 465 22683843 465 1
848 25643797 464 25643797 464 1
849 27997908 463 8090642 463 0
850 8090642 463 27997908 463 0
851 1021197 462 1021197 462 1
852 20303787 461 20303787 461 1
853 10692104 460 10692104 460 1
854 10357022 459 13571616 459 0
855 13571616 459 10357022 459 0
856 2406566 458 2406566 458 1
857 5524783 457 5524783 457 1
858 12697856 456 12697856 456 1
859 859 455 859 455 1
860 18758387 455 18758387 455 1
861 861 454 861 454 1
862 862 453 862 453 1
863 15542646 452 15542646 452 1
864 27659437 451 27659437 451 1
865 865 451 865 451 1
866 866 450 866 450 1
867 9140709 449 9140709 449 1
868 869 448 869 448 1
869 11758754 448 11758754 448 1
870 26837924 447 26837924 447 1
871 18417317 446 18417317 446 1
872 27347804 445 27347804 445 1
873 2476371 445 2476371 445 1
874 431682 444 431682 444 1
875 24285351 443 24285351 443 1
876 19490469 442 19490469 442 1
877 877 441 24495558 441 0
878 24495558 441 877 441 0
879 5711289 440 5711289 440 1
880 880 439 880 439 1
881 3232680 438 25118390 438 0
882 25118390 438 3232680 438 0
883 883 437 883 437 1
884 15124786 436 15124786 436 1
885 23755544 436 23755544 436 1
886 10579539 435 10579539 435 1
887 2640386 434 2640386 434 1
888 2198347 433 2198347 433 1
889 10706845 433 10706845 433 1
890 21035920 432 21035920 432 1
891 13160138 431 13160138 431 1
892 5684089 430 9350160 430 0
893 9350160 430 5684089 430 0
894 24417283 429 24417283 429 1
895 25460529 428 25460529 428 1
896 7438131 428 7438131 428 1
897 29046275 427 29046275 427 1
898 6935041 426 6935041 426 1
899 21211978 425 19024046 425 0
900 19024046 425 21211978 425 0
901 901 424 901 424 1
902 1421384 423 1421384 423 1
903 23750022 423 23750022 423 1
904 25645494 422 25645494 422 1
905 12741535 421 12741535 421 1
906 11146845 420 11146845 420 1
907 870007 420 870007 420 1
908 23377719 419 23377719 419 1
909 17907998 418 19044367 418 0
910 19044367 418 17907998 418 0
911 13111555 417 13111555 417 1
912 3165313 416 18257416 416 0
913 18257416 416 3165313 416 0
914 150062 415 150062 415 1
915 25279728 414 25279728 414 1
916 26534378 414 26534378 414 1
917 10923054 413 10923054 413 1
918 11172594 412 26912804 412 0
919 26912804 412 11172594 412 0
920 12087740 411 12087740 411 1
921 23687953 410 7255643 410 0
922 7255643 410 23687953 410 0
923 5474074 409 5474074 409 1
924 18051595 408 18051595 408 1
925 3973343 408 3973343 408 1
926 19690175 407 19690175 407 1
927 2900687 406 2900687 406 1
928 18377463 406 18377463 406 1
929 929 405 929 405 1
930 2601896 404 2601896 404 1
931 25693385 404 25693385 404 1
932 24272017 403 24272017 403 1
933 7073824 402 21132163 402 0
934 21132163 402 7073824 402 0
935 7127494 401 7127494 401 1
936 29749902 400 29749902 400 1
937 12832468 400 12832468 400 1
938 6127664 399 6127664 399 1
939 10949639 399 10949639 399 1
940 940 398 940 398 1
941 12991435 397 11632197 397 0
942 11632197 397 12991435 397 0
943 23766406 396 23766406 396 1
944 2764806 395 5581887 395 0
945 5581887 395 2764806 395 0
946 356139 394 356139 394 1
947 11520468 393 11520468 393 1
948 25938913 393 25938913 393 1
949 949 392 17348995 392 0
950 17348995 392 949 392 0
951 951 391 951 391 1
952 16557183 390 24655971 390 0
953 24655971 390 16557183 390 0
954 29108934 389 11981932 389 0
955 11981932 389 29108934 389 0
956 19962390 388 19962390 388 1
957 958 387 957 387 0
958 957 387 958 387 0
959 960 386 960 386 1
960 18980340 386 18980340 386 1
961 22432236 385 22432236 385 1
962 16884435 384 16884435 384 1
963 11940038 384 11940038 384 1
964 28695640 383 964 383 0
965 964 383 28695640 383 0
966 29257948 382 29257948 382 1
967 968 381 968 381 1
968 11737824 381 11737824 381 1
969 13635537 380 19904048 380 0
970 19904048 380 13635537 380 0
971 24554291 379 24554291 379 1
972 12707422 378 4335002 378 0
973 4335002 378 12707422 378 0
974 19681454 377 29815350 377 0
975 29815350 377 19681454 377 0
976 7168267 376 7168267 376 1
977 29666910 376 29666910 376 1
978 6170810 375 6170810 375 1
979 905226 374 905226 374 1
980 979 374 979 374 1
981 6588773 373 27518668 373 0
982 27518668 373 6588773 373 0
983 14464484 372 11734659 372 0
984 11734659 372 14464484 372 0
985 985 371 985 371 1
986 22671597 370 22671597 370 1
987 12110104 370 12110104 370 1
988 22805729 369 3335782 369 0
989 3335782 369 22805729 369 0
990 2288262 368 24601518 368 0
991 24601518 368 2288262 368 0
992 3266692 367 3266692 367 1
993 22688851 366 22688851 366 1
994 25354087 366 25354087 366 1
995 16147049 365 4549969 365 0
996 4549969 365 16147049 365 0
997 25215501 364 25215501 364 1
998 1235176 364 1235176 364 1
999 3112802 363 12942220 363 0
1000 12942220 363 3112802 363 0
1001 3416237 362 3416237 362 1
1002 8455237 362 8455237 362 1
1003 5611238 361 5611238 361 1
1004 29069273 360 26593399 360 0
1005 26593399 360 29069273 360 0
1006 1599042 359 8321728 359 0
1007 8321728 359 1599042 359 0
1008 8201016 358 18869017 358 0
1009 18869017 358 8201016 358 0
1010 1010 357 1010 357 1
1011 7073684 357 7073684 357 1
1012 15717658 356 28047987 356 0
1013 28047987 356 15717658 356 0
1014 9303036 355 28304714 355 0
1015 28304714 355 9303036 355 0
1016 12923374 354 10812712 354 0
1017 10812712 354 12923374 354 0
1018 26615821 353 15199267 353 0
1019 15199267 353 26615821 353 0
1020 29080219 352 2556414 352 0
1021 2556414 352 29080219 352 0
1022 17852965 351 17852965 351 1
1023 25750547 351 25750547 351 1
1024 18560391 350 18560391 350 1
1025 3011 349 3011 349 1
1026 1026 349 1026 349 1
1027 8018478 348 8018478 348 1
1028 13580790 348 13580790 348 1
1029 5437720 347 6718756 347 0
1030 6718756 347 5437720 347 0
1031 14348482 346 24082649 346 0
1032 24082649 346 14348482 346 0
1033 16569065 345 6398906 345 0
1034 6398906 345 16569065 345 0
1035 21814421 344 26210481 344 0
1036 26210481 344 21814421 344 0
1037 12158042 343 12597687 343 0
1038 12597687 343 12158042 343 0
1039 10724426 342 1040 342 0
1040 1040 342 10724426 342 0
1041 18837329 341 14722874 341 0
1042 14722874 341 18837329 341 0
1043 1525285 340 1525285 340 1
1044 9870751 340 9870751 340 1
1045 2286900 340 2286900 340 1
1046 21295867 339 25498755 339 0
1047 25498755 339 21295867 339 0
1048 14294205 338 14294205 338 1
1049 18374152 338 18374152 338 1
1050 19597052 337 19597052 337 1
1051 13870603 337 13870603 337 1
1052 4825663 336 18205134 336 0
1053 18205134 336 4825663 336 0
1054 1055 335 9084971 335 0
1055 9084971 335 1055 335 0
1056 18084551 334 1057 334 0
1057 1057 334 18084551 334 0
1058 10314718 333 10314718 333 1
1059 21230661 333 21230661 333 1
1060 9302103 332 7702682 332 0
1061 7702682 332 9302103 332 0
1062 1141228 331 1141228 331 1
1063 2130146 331 2130146 331 1
1064 1267119 330 18875800 330 0
1065 1065 330 1065 330 1
1066 18875800 330 1267119 330 0
1067 14170249 329 14170249 329 1
1068 3826356 329 3826356 329 1
1069 13303237 328 1069 328 0
1070 1069 328 13303237 328 0
1071 27147903 327 27147903 327 1
1072 21480774 327 21480774 327 1
1073 22801134 326 4474766 326 0
1074 4474766 326 22801134 326 0
1075 25011376 325 25011376 325 1
1076 13382651 325 26816868 325 0
1077 26816868 325 13382651 325 0
1078 1078 324 29557740 324 0
1079 29557740 324 1078 324 0
1080 21824794 323 21824794 323 1
1081 14253100 323 14253100 323 1
1082 18782431 322 18782431 322 1
1083 15071827 322 15071827 322 1
1084 4477105 321 4477105 321 1
1085 2927717 321 2927717 321 1
1086 17207746 320 17207746 320 1
1087 17450205 320 17450205 320 1
1088 21698621 320 21698621 320 1
1089 12133569 319 1090 319 0
1090 1090 319 12133569 319 0
1091 3135780 318 17157484 318 0
1092 17157484 318 3135780 318 0
1093 5486716 317 1094 317 0
1094 1094 317 7748821 317 0
1095 7748821 317 5486716 317 0
1096 26316901 316 26316901 316 1
1097 25150077 316 25150077 316 1
1098 20673060 315 2262898 315 0
1099 2262898 315 20673060 315 0
1100 17531726 314 15858848 314 0
1101 15858848 314 17531726 314 0
1102 9597922 314 9597922 314 1
1103 9327284 313 17034545 313 0
1104 17034545 313 9327284 313 0
1105 18381475 312 18381475 312 1
1106 7706320 312 7706320 312 1
1107 7337434 311 16079193 311 0
1108 8558633 311 7337434 311 0
1109 16079193 311 8558633 311 0
1110 1110 310 1110 310 1
1111 15995684 310 15995684 310 1
1112 1463679 309 1463679 309 1
1113 6252587 309 6252587 309 1
1114 1115 308 28061962 308 0
1115 28061962 308 1115 308 0
1116 15981032 308 15981032 308 1
1117 27853616 307 27853616 307 1
1118 12797147 307 12797147 307 1
1119 1121 306 1121 306 1
1120 12916881 306 12916881 306 1
1121 7893557 306 7893557 306 1
1122 7236436 305 7236436 305 1
1123 19263756 305 19263756 305 1
1124 14071498 304 8940918 304 0
1125 12254026 304 14071498 304 0
1126 8940918 304 12254026 304 0
1127 1128 303 1128 303 1
1128 14321076 303 14321076 303 1
1129 3864335 302 18140508 302 0
1130 18140508 302 3864335 302 0
1131 22860599 302 22860599 302 1
1132 14816357 301 14816357 301 1
1133 1819485 301 1819485 301 1
1134 634210 300 634210 300 1
1135 29563720 300 13424007 300 0
1136 13424007 300 29563720 300 0
1137 18653847 299 4294967295 0 0
1138 21363380 299 4294967295 0 0
1139 29141511 298 4294967295 0 0
1140 26085636 298 4294967295 0 0
1141 19837499 298 4294967295 0 0
1142 20871685 297 4294967295 0 0
1143 27512740 297 4294967295 0 0
1144 18188729 296 4294967295 0 0
1145 1145 296 4294967295 0 0
1146 14681096 296 4294967295 0 0
1147 10108039 295 4294967295 0 0
1148 1484683 295 4294967295 0 0
1149 1147 295 4294967295 0 0
1150 24053379 294 4294967295 0 0
1151 24270452 294 4294967295 0 0
1152 1152 293 4294967295 0 0
1153 547212 293 4294967295 0 0
1154 10852880 293 4294967295 0 0
1155 1155 292 4294967295 0 0
1156 1169120 292 4294967295 0 0
1157 14195139 291 4294967295 0 0
1158 28281986 291 4294967295 0 0
1159 15323610 291 4294967295 0 0
1160 7499043 290 4294967295 0 0
1161 22931925 290 4294967295 0 0
1162 29814543 290 4294967295 0 0
1163 7219920 289 4294967295 0 0
1164 28190515 289 4294967295 0 0
1165 29275573 288 4294967295 0 0
1166 10198114 288 4294967295 0 0
1167 25400124 288 4294967295 0 0
1168 4139672 287 4294967295 0 0
1169 6267327 287 4294967295 0 0
1170 1170 287 4294967295 0 0
1171 16708718 286 4294967295 0 0
1172 1171 286 4294967295 0 0
1173 15289184 286 4294967295 0 0
1174 6450261 285 4294967295 0 0
1175 8058573 285 4294967295 0 0
1176 11814181 284 4294967295 0 0
1177 19679274 284 4294967295 0 0
1178 19361019 284 4294967295 0 0
1179 26879056 283 4294967295 0 0
1180 2767069 283 4294967295 0 0
1181 2444198 283 4294967295 0 0
1182 25924426 282 4294967295 0 0
1183 26769139 282 4294967295 0 0
1184 17353340 282 4294967295 0 0
1185 679462 281 4294967295 0 0
1186 4312909 281 4294967295 0 0
1187 9087990 280 4294967295 0 0
1188 1187 280 4294967295 0 0
1189 6154255 280 4294967295 0 0
1190 26934733 279 4294967295 0 0
1191 4713425 279 4294967295 0 0
1192 16902922 279 4294967295 0 0
1193 19436106 278 4294967295 0 0
1194 4713981 278 4294967295 0 0
1195 15350965 278 4294967295 0 0
1196 21818316 277 4294967295 0 0
1197 12864906 277 4294967295 0 0
1198 1198 277 4294967295 0 0
1199 24718030 276 4294967295 0 0
1200 27431457 276 4294967295 0 0
1201 1201 276 4294967295 0 0
1202 9455787 275 4294967295 0 0
1203 13444198 275 4294967295 0 0
1204 1203 275 4294967295 0 0
1205 14732373 274 4294967295 0 0
1206 26320352 274 4294967295 0 0
1207 25487684 274 4294967295 0 0
1208 10279871 273 4294967295 0 0
1209 11316247 273 4294967295 0 0
1210 21689060 273 4294967295 0 0
1211 20569656 272 4294967295 0 0
1212 28762490 272 4294967295 0 0
1213 26206989 272 4294967295 0 0
1214 23730091 271 4294967295 0 0
1215 8999104 271 4294967295 0 0
1216 11562692 271 4294967295 0 0
1217 14159879 270 4294967295 0 0
1218 6495145 270 4294967295 0 0
1219 19141114 270 4294967295 0 0
1220 3815134 269 4294967295 0 0
1221 8007307 269 4294967295 0 0
1222 17594675 269 4294967295 0 0
1223 21052635 268 4294967295 0 0
1224 13581157 268 4294967295 0 0
1225 22741828 268 4294967295 0 0
1226 9982144 267 4294967295 0 0
1227 1227 267 4294967295 0 0
1228 4898285 267 4294967295 0 0
1229 21898092 266 4294967295 0 0
1230 28165642 266 4294967295 0 0
1231 1229 266 4294967295 0 0
1232 1234 265 4294967295 0 0
1233 19789406 265 4294967295 0 0
1234 14073078 265 4294967295 0 0
1235 19241205 264 4294967295 0 0
1236 8099710 264 4294967295 0 0
1237 12782585 264 4294967295 0 0
