10000000 55555 0.000010
0 1039553 1278 1039553 1277 1
1 1334798 902 1334798 901 1
2 4211539 722 4211539 720 1
3 3137304 642 3137304 641 1
4 7084740 571 7084740 571 1
5 4778440 541 4778440 541 1
6 6133043 481 6133043 479 1
7 1321801 456 1321801 456 1
8 3602344 425 3602344 425 1
9 3444396 403 3444396 403 1
10 6406523 379 6406523 378 1
11 3152748 377 3152748 377 1
12 5048708 361 5048708 360 1
13 4767725 338 4767725 335 1
14 2470347 329 2470347 328 1
15 16 316 16 316 1
16 9792592 312 9792592 312 1
17 17 302 17 302 1
18 3841286 298 3841286 298 1
19 5561446 289 5561446 288 1
20 5541905 281 5541905 280 1
21 1622023 273 1622023 273 1
22 2102122 266 9366026 266 0
23 9366026 266 2102122 266 0
24 6749807 256 6749807 256 1
25 9709277 250 9709277 250 1
26 25 247 25 247 1
27 5935020 240 5935020 240 1
28 1751403 234 1751403 233 1
29 5619599 230 5619599 230 1
30 8448207 226 8197054 225 0
31 8197054 225 8448207 225 0
32 7050751 223 7050751 223 1
33 2612563 217 2612563 217 1
34 1615449 216 1615449 216 1
35 38 214 38 214 1
36 8181905 213 8181905 213 1
37 4976239 206 4976239 206 1
38 7088296 203 7088296 203 1
39 4132839 199 4132839 199 1
40 43 198 43 198 1
41 1957559 195 1957559 195 1
42 9503514 193 9503514 193 1
43 4852100 191 4852100 191 1
44 7395632 189 7395632 189 1
45 5818068 189 5818068 189 1
46 2202971 188 2202971 188 1
47 6267130 186 1105939 186 0
48 1105939 186 6267130 186 0
49 45 181 45 181 1
50 8932064 175 8932064 174 1
51 7215871 173 7215871 173 1
52 4818817 173 4818817 173 1
53 9466253 172 9466253 172 1
54 678277 171 678277 171 1
55 1042365 170 7741560 170 0
56 7741560 170 1042365 170 0
57 4401624 168 4401624 168 1
58 57 167 7217155 167 0
59 7217155 167 57 167 0
60 9234490 164 9234490 164 1
61 68 163 68 163 1
62 9265404 159 8752557 159 0
63 65 159 9265404 159 0
64 8752557 159 65 159 0
65 7422436 157 7422436 157 1
66 4249730 156 4249730 156 1
67 7752085 155 7752085 155 1
68 1086211 154 1086211 154 1
69 2806316 152 2748601 152 0
70 2748601 152 2806316 152 0
71 736761 149 6457397 149 0
72 6457397 149 736761 149 0
73 4575700 148 4575700 148 1
74 4427936 147 4427936 147 1
75 7823074 144 5828992 144 0
76 5828992 144 7823074 144 0
77 5667401 143 5667401 143 1
78 3836307 142 3836307 142 1
79 6173501 141 6173501 141 1
80 3971389 140 3971389 140 1
81 5676427 137 2139337 137 0
82 2610898 137 2610898 137 1
83 2139337 137 5676427 137 0
84 9307760 136 87 136 0
85 6797971 136 6797971 136 1
86 87 136 6970913 136 0
87 6970913 136 832383 135 0
88 832383 135 6216239 135 0
89 6216239 135 9307760 135 0
90 1034491 134 1034491 134 1
91 98 133 7368653 133 0
92 7368653 133 98 133 0
93 509928 132 509928 132 1
94 2567063 131 170181 131 0
95 170181 131 2567063 131 0
96 83 130 83 130 1
97 3883727 129 3883727 129 1
98 3365977 129 3365977 129 1
99 9760366 128 9760366 128 1
100 94 127 94 127 1
101 448087 127 463070 127 0
102 463070 127 448087 127 0
103 101 126 101 126 1
104 4488972 125 4488972 125 1
105 6298523 125 302443 125 0
106 302443 125 6298523 125 0
107 5746957 124 5746957 123 1
108 8143720 123 8143720 123 1
109 113 122 113 122 1
110 7473065 121 7473065 121 1
111 4896524 121 4896524 121 1
112 7767300 121 7767300 120 1
113 115 120 115 120 1
114 5127386 118 5648942 117 0
115 111 118 5127386 117 0
116 6088434 118 111 117 0
117 7509482 117 6973796 117 0
118 5648942 117 6088434 117 0
119 3612666 117 8774190 117 0
120 8774190 117 7509482 117 0
121 6973796 117 3612666 117 0
122 2497796 116 2497796 116 1
123 122 114 122 114 1
124 4157301 114 4157301 114 1
125 6456036 114 8758696 113 0
126 1551629 113 1551629 113 1
127 1623703 113 6456036 113 0
128 8758696 113 1623703 113 0
129 5382233 112 3993568 112 0
130 3993568 112 8582095 112 0
131 8582095 112 5382233 112 0
132 6554385 112 6554385 111 1
133 9541397 111 9541397 111 1
134 9533265 111 3991398 111 0
135 3991398 111 9533265 111 0
136 118 110 8758988 110 0
137 137 110 118 110 0
138 8758988 110 137 110 0
139 622912 109 622912 109 1
140 1409387 108 4368354 108 0
141 4368354 108 8436799 108 0
142 8436799 108 1409387 108 0
143 152 108 6271296 107 0
144 6271296 107 152 107 0
145 3240780 106 3240780 106 1
146 2480029 105 9612438 105 0
147 9524891 105 2480029 105 0
148 9612438 105 4893440 105 0
149 4950038 105 4950038 105 1
150 4893440 105 9524891 105 0
151 147 105 147 105 1
152 6010152 104 8322280 104 0
153 8322280 104 6010152 104 0
154 772542 104 772542 104 1
155 8913949 103 8913949 103 1
156 432895 103 2545163 102 0
157 2545163 102 432895 102 0
158 8090588 102 8090588 102 1
159 6797852 102 181 101 0
160 3048932 101 6797852 101 0
161 181 101 7704295 101 0
162 7704295 101 2627107 100 0
163 9423218 100 5580835 100 0
164 2627107 100 9423218 100 0
165 5580835 100 3048932 100 0
166 6729913 99 190280 99 0
167 190280 99 6729913 99 0
168 182 98 4294967295 0 0
169 9363808 98 4294967295 0 0
170 174 98 4294967295 0 0
171 4794101 98 4294967295 0 0
172 6555360 98 4294967295 0 0
173 438817 98 4294967295 0 0
174 9879203 98 4294967295 0 0
175 6578590 98 4294967295 0 0
176 5353187 97 4294967295 0 0
177 6907295 97 4294967295 0 0
178 1124658 97 4294967295 0 0
179 175 97 4294967295 0 0
180 6095681 97 4294967295 0 0
181 9576574 96 4294967295 0 0
182 4922971 96 4294967295 0 0
183 4551515 96 4294967295 0 0
184 2891872 96 4294967295 0 0
185 8521691 96 4294967295 0 0
186 9512579 95 4294967295 0 0
187 4288623 94 4294967295 0 0
188 7897924 94 4294967295 0 0
189 2154098 94 4294967295 0 0
190 8302373 94 4294967295 0 0
191 184 94 4294967295 0 0
192 6384861 94 4294967295 0 0
193 193 92 4294967295 0 0
194 4700162 92 4294967295 0 0
195 4268356 92 4294967295 0 0
196 4028464 92 4294967295 0 0
197 3162508 92 4294967295 0 0
198 7432308 91 4294967295 0 0
199 6460767 91 4294967295 0 0
200 4751813 90 4294967295 0 0
201 737008 90 4294967295 0 0
202 216 90 4294967295 0 0
203 5747514 90 4294967295 0 0
204 6546311 89 4294967295 0 0
205 4038686 89 4294967295 0 0
206 673407 89 4294967295 0 0
207 7639695 89 4294967295 0 0
208 5225977 89 4294967295 0 0
209 2615140 88 4294967295 0 0
210 2547902 87 4294967295 0 0
211 5491079 87 4294967295 0 0
212 5517840 87 4294967295 0 0
213 4547674 87 4294967295 0 0
214 303916 87 4294967295 0 0
215 8610409 87 4294967295 0 0
216 2183827 86 4294967295 0 0
217 2491882 86 4294967295 0 0
218 7941122 86 4294967295 0 0
219 1774061 85 4294967295 0 0
220 465269 85 4294967295 0 0
221 6027228 85 4294967295 0 0
222 614072 85 4294967295 0 0
223 1148627 84 4294967295 0 0
224 238557 84 4294967295 0 0
225 4679021 84 4294967295 0 0
226 9679071 84 4294967295 0 0
227 1656888 83 4294967295 0 0
228 6756458 83 4294967295 0 0
229 719093 83 4294967295 0 0
230 1194314 83 4294967295 0 0
231 9343886 83 4294967295 0 0
232 233 83 4294967295 0 0
233 676094 83 4294967295 0 0
234 8612708 82 4294967295 0 0
235 2811052 82 4294967295 0 0
236 232 82 4294967295 0 0
237 4704406 82 4294967295 0 0
238 8358773 82 4294967295 0 0
239 8459317 82 4294967295 0 0
240 21522 82 4294967295 0 0
241 1168780 81 4294967295 0 0
242 6851653 81 4294967295 0 0
243 9308562 81 4294967295 0 0
244 1027573 81 4294967295 0 0
245 9938174 81 4294967295 0 0
246 9355040 81 4294967295 0 0
247 6067145 81 4294967295 0 0
248 6868924 80 4294967295 0 0
249 2514858 80 4294967295 0 0
250 288 79 4294967295 0 0
251 42339 79 4294967295 0 0
252 1236292 79 4294967295 0 0
253 3869514 79 4294967295 0 0
254 8028416 79 4294967295 0 0
255 7432945 79 4294967295 0 0
256 6306962 79 4294967295 0 0
257 9553112 79 4294967295 0 0
258 9323702 79 4294967295 0 0
259 8344541 79 4294967295 0 0
260 1920346 79 4294967295 0 0
261 7477169 79 4294967295 0 0
262 1482929 79 4294967295 0 0
263 4349113 78 4294967295 0 0
264 7633046 78 4294967295 0 0
265 231244 78 4294967295 0 0
266 8512732 78 4294967295 0 0
267 9244073 77 4294967295 0 0
268 1633814 77 4294967295 0 0
