29930994 55555 0.000010
0 12880644 11485407 12880644 11472702 1
1 27546843 4060705 27546843 4056175 1
2 9421475 2210368 9421475 2207860 1
3 16985852 1435676 16985852 1434006 1
4 22381743 1027286 22381743 1026117 1
5 6601940 781483 6601940 780629 1
6 19167512 620154 19167512 619404 1
7 26082697 507588 26082697 506997 1
8 26349538 425385 26349538 424888 1
9 11920939 363200 11920939 362814 1
10 22928793 314816 22928793 314483 1
11 15931095 276296 15931095 276009 1
12 1737098 245037 1737098 244773 1
13 12709913 219257 12709913 218994 1
14 6899289 197701 6899289 197468 1
15 12822840 179459 12822840 179262 1
16 15555755 163860 15555755 163654 1
17 23762724 150396 23762724 150222 1
18 239425 138681 239425 138540 1
19 10863421 128411 10863421 128295 1
20 23383221 119349 23383221 119219 1
21 9377131 111304 9377131 111188 1
22 26050044 104125 26050044 104011 1
23 22904892 97685 22904892 97568 1
24 19530033 91883 19530033 91801 1
25 11211064 86634 11211064 86541 1
26 17740954 81865 17740954 81776 1
27 5354566 77519 5354566 77432 1
28 16024943 73544 16024943 73461 1
29 11113610 69898 11113610 69826 1
30 30 66543 30 66487 1
31 1082604 63449 1082604 63388 1
32 25065359 60586 25065359 60523 1
33 2588130 57933 2588130 57871 1
34 18986174 55468 18986174 55409 1
35 8649667 53173 8649667 53111 1
36 25514107 51032 25514107 50975 1
37 9868494 49031 9868494 48976 1
38 38 47157 38 47107 1
39 11422549 45400 11422549 45366 1
40 14303177 43749 14303177 43698 1
41 3828462 42196 3828462 42150 1
42 24252872 40733 24252872 40689 1
43 14750655 39352 14750655 39306 1
44 2802450 38048 2802450 37999 1
45 1298001 36814 1298001 36772 1
46 46 35645 46 35603 1
47 47 34537 47 34497 1
48 18681442 33485 18681442 33457 1
49 49 32486 49 32440 1
50 50 31535 50 31508 1
51 6816457 30630 6816457 30602 1
52 52 29767 52 29738 1
53 53 28944 53 28918 1
54 8225765 28158 8225765 28131 1
55 1648295 27407 1648295 27387 1
56 15471384 26689 15471384 26664 1
57 23408397 26002 23408397 25977 1
58 16684339 25344 16684339 25311 1
59 24930477 24713 24930477 24685 1
60 60 24107 60 24081 1
61 2545132 23527 2545132 23500 1
62 20076035 22969 20076035 22948 1
63 3757242 22432 3757242 22406 1
64 4523835 21917 4523835 21906 1
65 12261787 21421 12261787 21396 1
66 26224558 20943 26224558 20917 1
67 3609363 20483 3609363 20456 1
68 21847821 20039 21847821 20017 1
69 16769970 19611 16769970 19583 1
70 2778429 19198 2778429 19176 1
71 17551948 18800 17551948 18779 1
72 72 18415 72 18393 1
73 2542401 18043 2542401 18017 1
74 20538485 17683 20538485 17668 1
75 14983369 17335 14983369 17310 1
76 6410511 16998 6410511 16983 1
77 5962792 16673 5962792 16654 1
78 11856306 16357 11856306 16334 1
79 13323508 16051 13323508 16038 1
80 26768642 15755 26768642 15736 1
81 4130664 15468 4130664 15453 1
82 19816319 15189 19816319 15172 1
83 16074013 14919 16074013 14905 1
84 15237081 14656 15237081 14638 1
85 24750547 14401 24750547 14386 1
86 29916443 14154 29916443 14139 1
87 23271831 13913 23271831 13901 1
88 8390058 13679 8390058 13666 1
89 8952701 13452 8952701 13440 1
90 12741616 13231 12741616 13216 1
91 24591162 13016 24591162 12995 1
92 3627928 12806 3627928 12794 1
93 14497818 12602 14497818 12590 1
94 94 12404 94 12395 1
95 7209262 12211 7209262 12196 1
96 96 12022 96 12008 1
97 97 11839 97 11828 1
98 760189 11660 760189 11652 1
99 13257601 11485 13257601 11474 1
100 14195167 11315 14195167 11305 1
101 27394373 11149 27394373 11135 1
102 11764454 10987 11764454 10976 1
103 29221837 10829 29221837 10814 1
104 21357780 10675 21357780 10662 1
105 5040814 10524 5040814 10514 1
106 3962393 10377 3962393 10362 1
107 1749327 10233 1749327 10222 1
108 22477060 10093 22477060 10085 1
109 8684803 9955 8684803 9940 1
110 25619535 9821 25619535 9810 1
111 21080142 9690 21080142 9680 1
112 25352424 9562 25352424 9553 1
113 20014391 9436 20014391 9419 1
114 7925241 9313 7925241 9304 1
115 28023923 9193 28023923 9184 1
116 3960631 9075 3960631 9063 1
117 10963587 8960 10963587 8954 1
118 28491940 8848 28491940 8836 1
119 26256108 8737 26256108 8725 1
120 4704416 8629 4704416 8615 1
121 7384924 8523 7384924 8515 1
122 16358088 8420 16358088 8416 1
123 8550824 8318 8550824 8308 1
124 16766850 8218 16766850 8210 1
125 16704178 8121 16704178 8110 1
126 28748605 8025 28748605 8015 1
127 3479274 7931 3479274 7924 1
128 128 7839 128 7827 1
129 23446078 7749 23446078 7732 1
130 3940354 7660 3940354 7650 1
131 13373539 7573 13373539 7564 1
132 719787 7488 719787 7480 1
133 22089672 7404 22089672 7398 1
134 10556052 7322 10556052 7313 1
135 29610433 7242 29610433 7236 1
136 136 7163 136 7156 1
137 137 7085 137 7077 1
138 138 7008 138 7000 1
139 15537223 6934 15537223 6928 1
140 7500276 6860 7500276 6851 1
141 26392253 6788 26392253 6774 1
142 5105201 6716 5105201 6707 1
143 14578241 6647 14578241 6635 1
144 26757603 6578 26757603 6571 1
145 20249505 6511 20249505 6503 1
146 2519073 6444 2519073 6437 1
147 23642344 6379 23642344 6373 1
148 148 6315 148 6308 1
149 26329406 6252 26329406 6248 1
150 26947901 6190 26947901 6181 1
151 5781663 6129 5781663 6124 1
152 25344244 6069 25344244 6061 1
153 153 6010 153 6002 1
154 8377063 5952 8377063 5943 1
155 12266863 5895 12266863 5885 1
156 156 5838 156 5831 1
157 10828741 5783 10828741 5776 1
158 10494470 5729 10494470 5723 1
159 14974439 5675 14974439 5670 1
160 26525176 5622 26525176 5607 1
161 28626298 5570 28626298 5565 1
162 20171621 5519 20171621 5512 1
163 24306644 5469 24306644 5462 1
164 6661238 5419 6661238 5410 1
165 6701179 5370 6701179 5366 1
166 24054367 5322 24054367 5311 1
167 6241810 5275 6241810 5271 1
168 1165133 5228 1165133 5222 1
169 3644547 5182 3644547 5178 1
170 170 5136 170 5134 1
171 171 5092 171 5085 1
172 172 5048 172 5044 1
173 173 5004 173 4999 1
174 4114119 4961 4114119 4955 1
175 4886400 4919 4886400 4913 1
176 20250036 4877 20250036 4870 1
177 8728406 4836 8728406 4829 1
178 178 4796 178 4788 1
179 4508961 4756 4508961 4749 1
180 18005736 4717 18005736 4712 1
181 8253663 4678 8253663 4675 1
182 19425206 4639 19425206 4636 1
183 19590502 4602 19590502 4595 1
184 22711993 4564 22711993 4560 1
185 18624590 4528 18624590 4522 1
186 29930297 4491 29930297 4485 1
187 4251970 4456 4251970 4454 1
188 188 4420 188 4412 1
189 16016351 4385 16016351 4376 1
190 28434083 4351 28434083 4346 1
191 20184874 4317 20184874 4313 1
192 2765921 4284 2765921 4278 1
193 10985552 4251 10985552 4247 1
194 13419510 4218 13419510 4214 1
195 16185481 4186 16185481 4182 1
196 196 4154 196 4153 1
197 7870173 4122 7870173 4118 1
198 26881824 4091 26881824 4088 1
199 26053874 4061 26053874 4058 1
200 10727682 4030 10727682 4024 1
201 5987573 4001 5987573 3998 1
202 24359866 3971 24359866 3969 1
203 10755321 3942 10755321 3937 1
204 21817719 3913 21817719 3907 1
205 205 3885 205 3882 1
206 19821572 3856 19821572 3850 1
207 16247166 3829 16247166 3824 1
208 9646106 3801 9646106 3795 1
209 15359114 3774 15359114 3768 1
210 210 3747 210 3741 1
211 21368233 3721 21368233 3718 1
212 21738812 3695 21738812 3687 1
213 26509886 3669 26509886 3664 1
214 26855632 3643 26855632 3637 1
215 246490 3618 246490 3613 1
216 216 3593 216 3589 1
217 15475682 3568 15475682 3566 1
218 28049505 3544 28049505 3540 1
219 6737268 3520 6737268 3517 1
220 220 3496 220 3491 1
221 17843088 3472 17843088 3471 1
222 14671368 3449 14671368 3445 1
223 8167668 3426 8167668 3423 1
224 21830191 3403 21830191 3400 1
225 225 3381 225 3380 1
226 22925838 3358 22925838 3356 1
227 26424121 3336 26424121 3333 1
228 18633729 3314 18633729 3309 1
229 22178833 3293 22178833 3289 1
230 11914168 3271 11914168 3267 1
231 231 3250 231 3246 1
232 15226415 3229 15226415 3225 1
233 5954439 3209 5954439 3209 1
234 9964436 3188 9964436 3185 1
235 7389618 3168 7389618 3163 1
236 10939150 3148 10939150 3143 1
237 6784700 3128 6784700 3126 1
238 29478443 3108 29478443 3102 1
239 12620193 3089 12620193 3086 1
240 24982073 3070 24982073 3068 1
241 27682258 3051 27682258 3045 1
242 1156600 3032 1156600 3029 1
243 14110250 3013 14110250 3008 1
244 830707 2995 830707 2986 1
245 6124478 2977 6124478 2969 1
246 23160761 2959 23160761 2951 1
247 26673947 2941 26673947 2937 1
248 19350002 2923 19350002 2919 1
249 249 2906 249 2904 1
250 7862376 2888 7862376 2883 1
251 5695678 2871 5695678 2869 1
252 1710768 2854 1710768 2850 1
253 253 2837 253 2836 1
254 12471756 2821 12471756 2817 1
255 7046361 2804 7046361 2803 1
256 2180915 2788 2180915 2785 1
257 6418013 2772 6418013 2771 1
258 258 2755 258 2751 1
259 218116 2740 218116 2736 1
260 10647130 2724 10647130 2721 1
261 11131011 2708 11131011 2702 1
262 20780294 2693 20780294 2692 1
263 4136774 2678 4136774 2677 1
264 14412648 2662 14412648 2660 1
265 29261404 2647 29261404 2644 1
266 20912741 2633 20912741 2629 1
267 10238097 2618 10238097 2617 1
268 21692198 2603 21692198 2602 1
269 7503612 2589 7503612 2586 1
270 13878188 2574 13878188 2571 1
271 22395217 2560 22395217 2555 1
272 16509770 2546 16509770 2541 1
273 2268541 2532 2268541 2529 1
274 27923282 2519 27923282 2517 1
275 275 2505 275 2501 1
276 14040021 2491 14040021 2489 1
277 29281098 2478 29281098 2477 1
278 1932349 2465 1932349 2465 1
279 12008074 2451 12008074 2448 1
280 280 2438 280 2436 1
281 26764680 2425 26764680 2424 1
282 14660294 2412 14660294 2411 1
283 7580130 2400 7580130 2396 1
284 4465163 2387 4465163 2380 1
285 18488958 2375 18488958 2374 1
286 5285796 2362 5285796 2356 1
287 2872132 2350 2872132 2347 1
288 18558957 2338 18558957 2338 1
289 2775730 2326 2775730 2326 1
290 1337471 2314 1337471 2312 1
291 13905811 2302 13905811 2297 1
292 11936784 2290 11936784 2287 1
293 18629118 2278 18629118 2278 1
294 16566525 2267 16566525 2262 1
295 10001649 2255 10001649 2255 1
296 17321781 2244 17321781 2239 1
297 18648718 2233 18648718 2230 1
298 24801928 2221 24801928 2218 1
299 299 2210 299 2209 1
300 4937931 2199 4937931 2196 1
301 17652010 2188 17652010 2187 1
302 20868272 2178 20868272 2175 1
303 303 2167 303 2165 1
304 13019450 2156 13019450 2152 1
305 305 2146 305 2141 1
306 27227590 2135 27227590 2131 1
307 611752 2125 611752 2124 1
308 4395471 2115 4395471 2114 1
309 17898626 2104 17898626 2104 1
310 16791098 2094 16791098 2093 1
311 26949917 2084 26949917 2082 1
312 26717119 2074 26717119 2074 1
313 24167046 2064 24167046 2062 1
314 14284948 2054 14284948 2051 1
315 22740217 2045 22740217 2043 1
316 20297429 2035 20297429 2030 1
317 16608233 2025 16608233 2021 1
318 318 2016 318 2012 1
319 24306085 2006 24306085 2006 1
320 28983305 1997 28983305 1995 1
321 9849715 1988 9849715 1987 1
322 6660439 1979 6660439 1979 1
323 15952646 1969 15952646 1962 1
324 11463632 1960 11463632 1959 1
325 16190038 1951 16190038 1946 1
326 28335790 1942 28335790 1940 1
327 10970105 1933 10970105 1930 1
328 16725620 1925 16725620 1922 1
329 20636027 1916 20636027 1913 1
330 29405960 1907 29405960 1903 1
331 12207243 1899 12207243 1897 1
332 18342499 1890 18342499 1886 1
333 333 1882 333 1878 1
334 334 1873 334 1868 1
335 335 1865 335 1863 1
336 17400751 1857 17400751 1857 1
337 14682881 1848 14682881 1847 1
338 4952032 1840 4952032 1838 1
339 8683634 1832 8683634 1830 1
340 7845067 1824 7845067 1822 1
341 3509910 1816 3509910 1815 1
342 15180544 1808 15180544 1806 1
343 25574613 1800 25574613 1799 1
344 17659628 1792 17659628 1789 1
345 125322 1785 125322 1785 1
346 11217204 1777 11217204 1776 1
347 347 1769 347 1768 1
348 8070060 1762 8070060 1761 1
349 14106234 1754 14106234 1749 1
350 14261450 1747 14261450 1743 1
351 22727486 1739 22727486 1735 1
352 17180738 1732 17180738 1729 1
353 7317206 1724 7317206 1724 1
354 7756410 1717 7756410 1716 1
355 14466421 1710 14466421 1710 1
356 28456067 1703 28456067 1702 1
357 3795800 1696 3795800 1694 1
358 15650303 1689 15650303 1687 1
359 29467303 1681 29467303 1675 1
360 25874313 1675 25874313 1674 1
361 6948001 1668 6948001 1667 1
362 11464250 1661 11464250 1660 1
363 15744955 1654 15744955 1652 1
364 24411639 1647 24411639 1646 1
365 3176183 1640 3176183 1640 1
366 366 1634 366 1634 1
367 15073500 1627 15073500 1626 1
368 368 1620 368 1619 1
369 21723285 1614 21723285 1612 1
370 19216550 1607 19216550 1606 1
371 11785346 1601 11785346 1598 1
372 6020788 1594 6020788 1591 1
373 12471905 1588 12471905 1586 1
374 374 1582 374 1580 1
375 17470172 1575 17470172 1575 1
376 22414192 1569 22414192 1566 1
377 19615764 1563 19615764 1561 1
378 138685 1557 138685 1556 1
379 17256305 1550 17256305 1547 1
380 29199974 1544 29199974 1540 1
381 3507258 1538 3507258 1537 1
382 475415 1532 475415 1531 1
383 16146700 1526 16146700 1523 1
384 19704439 1520 19704439 1516 1
385 22968789 1514 22968789 1511 1
386 14129979 1509 14129979 1509 1
387 14938588 1503 14938588 1501 1
388 8182328 1497 8182328 1495 1
389 20604746 1491 20604746 1490 1
390 8981395 1486 8981395 1484 1
391 308243 1480 308243 1477 1
392 22598660 1474 22598660 1474 1
393 9480852 1469 9480852 1469 1
394 16983097 1463 16983097 1462 1
395 11688277 1457 11688277 1456 1
396 24627874 1452 24627874 1447 1
397 14009826 1447 14009826 1445 1
398 16575430 1441 16575430 1439 1
399 22855797 1436 22855797 1435 1
400 14324101 1430 14324101 1427 1
401 26754535 1425 26754535 1424 1
402 26736787 1420 26736787 1418 1
403 20889278 1414 20889278 1412 1
404 25828527 1409 25828527 1408 1
405 419287 1404 419287 1402 1
406 19134727 1399 19134727 1395 1
407 22348144 1394 22348144 1392 1
408 19819123 1389 19819123 1387 1
409 23382942 1383 23382942 1380 1
410 26189404 1378 26189404 1373 1
411 1094243 1373 1094243 1372 1
412 14915117 1368 14915117 1366 1
413 27280481 1363 27280481 1362 1
414 414 1359 414 1356 1
415 14887025 1354 14887025 1352 1
416 17396461 1349 17396461 1349 1
417 417 1344 417 1342 1
418 7996599 1339 7996599 1338 1
419 9505457 1334 9505457 1332 1
420 15774293 1330 15774293 1329 1
421 7578173 1325 7578173 1322 1
422 422 1320 422 1319 1
423 24489811 1316 24489811 1315 1
424 14415983 1311 14415983 1310 1
425 21215754 1306 21215754 1304 1
426 13488267 1302 13488267 1301 1
427 427 1297 427 1296 1
428 2603390 1293 2603390 1289 1
429 27643847 1288 27643847 1286 1
430 430 1284 430 1283 1
431 25298441 1279 25298441 1278 1
432 28095943 1275 28095943 1274 1
433 13175347 1270 13175347 1267 1
434 28887819 1266 28887819 1264 1
435 435 1262 435 1262 1
436 17047207 1257 17047207 1257 1
437 11061580 1253 11061580 1251 1
438 11573559 1249 11573559 1249 1
439 26477817 1244 26477817 1243 1
440 6499670 1240 6499670 1238 1
441 24313085 1236 24313085 1236 1
442 442 1232 442 1231 1
443 443 1228 443 1228 1
444 13000724 1224 13000724 1224 1
445 24288075 1219 24288075 1217 1
446 8447444 1215 11906346 1211 0
447 11906346 1211 8447444 1211 0
448 7204095 1207 7204095 1204 1
449 14234935 1203 14234935 1201 1
450 21521554 1199 21521554 1197 1
451 25167393 1195 25167393 1193 1
452 452 1191 452 1189 1
453 12087903 1187 12087903 1185 1
454 23886704 1183 23886704 1182 1
455 24966842 1180 24966842 1180 1
456 29235276 1176 29235276 1174 1
457 1048262 1172 1048262 1171 1
458 13369271 1168 13369271 1167 1
459 8922182 1164 8922182 1163 1
460 11664617 1160 11664617 1160 1
461 15250372 1157 15250372 1156 1
462 27667890 1153 27667890 1151 1
463 9669726 1149 9669726 1147 1
464 27406252 1145 16222600 1142 0
465 16222600 1142 27406252 1142 0
466 3614605 1138 3614605 1137 1
467 1441090 1134 1441090 1134 1
468 468 1131 468 1130 1
469 10756062 1127 10756062 1123 1
470 24529694 1124 24529694 1123 1
471 4980410 1120 4980410 1119 1
472 7253622 1116 7253622 1114 1
473 3332463 1113 3332463 1113 1
474 28867149 1109 28867149 1105 1
475 3853504 1106 3853504 1104 1
476 11835441 1102 11835441 1102 1
477 26937924 1099 26937924 1099 1
478 478 1096 478 1095 1
479 28208968 1092 28208968 1090 1
480 25347878 1089 25347878 1089 1
481 16671812 1085 16671812 1083 1
482 20957534 1082 20957534 1082 1
483 14793911 1079 14793911 1078 1
484 1151370 1075 1151370 1074 1
485 485 1072 485 1071 1
486 12506575 1069 12506575 1068 1
487 28626183 1065 28626183 1064 1
488 973664 1062 973664 1060 1
489 3697602 1059 3697602 1058 1
490 29444986 1056 29444986 1055 1
491 28653310 1052 28653310 1049 1
492 492 1049 20584993 1046 0
493 20584993 1046 492 1046 0
494 15679245 1043 15679245 1040 1
495 7493506 1040 7493506 1040 1
496 16145633 1037 16145633 1037 1
497 28147470 1033 28147470 1032 1
498 28729724 1030 28729724 1028 1
499 2305262 1027 2305262 1027 1
500 17439646 1024 17439646 1023 1
501 20092792 1021 20092792 1020 1
502 25156614 1018 25156614 1018 1
503 2753470 1015 2753470 1015 1
504 29570875 1012 29570875 1009 1
505 17104974 1009 17104974 1006 1
506 17296165 1006 17296165 1005 1
507 25241064 1003 25241064 1003 1
508 508 1000 508 1000 1
509 6462294 997 6462294 996 1
510 510 994 510 994 1
511 1298687 991 1298687 991 1
512 16596343 988 16596343 988 1
513 513 986 513 984 1
514 514 983 514 983 1
515 6605557 980 6605557 979 1
516 18882187 977 18882187 977 1
517 23682609 974 23682609 973 1
518 5365979 971 5365979 970 1
519 9722341 969 9722341 967 1
520 19599096 966 19599096 964 1
521 24796377 963 24796377 962 1
522 12392365 960 12392365 960 1
523 6405612 958 6405612 958 1
524 524 955 524 955 1
525 25917237 952 25917237 951 1
526 18437249 949 18437249 948 1
527 20055508 947 20055508 945 1
528 9604223 944 9604223 944 1
529 19770341 941 19770341 941 1
530 15541124 939 15541124 939 1
531 25557337 936 6566266 933 0
532 6566266 933 25557337 933 0
533 17636574 931 17636574 931 1
534 25659896 928 25659896 928 1
535 10283090 926 10283090 925 1
536 15610082 923 15610082 922 1
537 14933738 920 14933738 919 1
538 23118868 918 23118868 916 1
539 23759665 915 23759665 914 1
540 12066174 913 12066174 913 1
541 12118734 910 12118734 908 1
542 532354 908 532354 908 1
543 543 905 7734268 903 0
544 7734268 903 543 902 0
545 5104104 900 5104104 899 1
546 1410015 898 1410015 897 1
547 15852737 895 15852737 894 1
548 548 893 548 893 1
549 24499257 890 4790341 887 0
550 4790341 888 24499257 887 0
551 27457269 886 27457269 885 1
552 29099904 883 29099904 882 1
553 553 881 553 881 1
554 554 878 554 878 1
555 14651844 876 14651844 876 1
556 5354615 874 5354615 874 1
557 557 871 557 870 1
558 12113289 869 12113289 869 1
559 24435478 867 24435478 866 1
560 15154442 864 15154442 863 1
561 20294181 862 20294181 862 1
562 24609302 860 24609302 857 1
563 20136275 857 20136275 857 1
564 28867598 855 28867598 854 1
565 23510834 853 23510834 853 1
566 13860 851 13860 850 1
567 567 848 567 847 1
568 16040202 846 16040202 846 1
569 22970885 844 22970885 843 1
570 6193573 842 6193573 840 1
571 29648920 840 29648920 839 1
572 20605772 837 20605772 836 1
573 10757418 835 10757418 834 1
574 4217574 833 4217574 832 1
575 19638934 831 19638934 830 1
576 22137646 829 22137646 829 1
577 23759225 827 23759225 825 1
578 7100969 824 7100969 824 1
579 579 822 579 820 1
580 4503879 820 4503879 819 1
581 581 818 581 817 1
582 11029375 816 12085394 813 0
583 12085394 814 11029375 813 0
584 2728466 812 2728466 812 1
585 20733140 810 20733140 810 1
586 20926654 808 20926654 807 1
587 19154583 806 19154583 805 1
588 12780577 803 12780577 803 1
589 3373976 801 11693659 797 0
590 11693659 799 3373976 797 0
591 591 797 591 796 1
592 10641722 795 10641722 795 1
593 447537 793 447537 793 1
594 594 791 594 790 1
595 23089142 789 23089142 789 1
596 4285094 787 4285094 786 1
597 597 785 597 783 1
598 27740433 783 27740433 781 1
599 19369945 781 19369945 780 1
600 19309321 780 19309321 780 1
601 22362604 778 22362604 778 1
602 10673188 776 10673188 776 1
603 11264084 774 11264084 773 1
604 28084391 772 28084391 771 1
605 3603355 770 3603355 768 1
606 606 768 606 768 1
607 607 766 607 765 1
608 27366215 764 27366215 763 1
609 5517872 762 5517872 762 1
610 23958721 760 23958721 760 1
611 24458093 759 24458093 759 1
612 25324416 757 25324416 757 1
613 613 755 613 752 1
614 614 753 614 751 1
615 29025868 751 29025868 751 1
616 616 749 616 749 1
617 17420748 748 17420748 748 1
618 9487526 746 9487526 746 1
619 16567171 744 16567171 744 1
620 16170425 742 16170425 742 1
621 15281559 740 15281559 738 1
622 16257414 739 16257414 737 1
623 29162150 737 29162150 736 1
624 23575709 735 23575709 735 1
625 846386 733 846386 733 1
626 24081652 732 24081652 731 1
627 18587498 730 18587498 729 1
628 9516876 728 9516876 726 1
629 16172598 726 16172598 726 1
630 630 725 630 725 1
631 19165814 723 19165814 723 1
632 5125723 721 5125723 719 1
633 13630675 719 634 717 0
634 634 718 13630675 717 0
635 9003617 716 9003617 716 1
636 3542408 714 3542408 714 1
637 637 713 637 713 1
638 2753576 711 2753576 710 1
639 9097144 709 2081477 708 0
640 2081477 708 9097144 708 0
641 8836748 706 8836748 704 1
642 20219450 704 20219450 704 1
643 23595599 703 23595599 703 1
644 3679448 701 3679448 701 1
645 645 700 645 700 1
646 24975416 698 24975416 698 1
647 20770530 696 20770530 696 1
648 7368813 695 7368813 695 1
649 6882537 693 6882537 692 1
650 13116901 691 13116901 691 1
651 17720206 690 17720206 690 1
652 29943954 688 29943954 688 1
653 7796805 687 7796805 687 1
654 654 685 654 685 1
655 14502922 684 14502922 682 1
656 28365977 682 28365977 681 1
657 5574107 680 5574107 680 1
658 220501 679 220501 678 1
659 2612724 677 2612724 676 1
660 660 676 660 676 1
661 22021458 674 22021458 673 1
662 15447709 673 15447709 672 1
663 4385614 671 4385614 670 1
664 11697287 670 11697287 669 1
665 665 668 665 668 1
666 666 667 666 666 1
667 16238467 665 16238467 665 1
668 668 664 668 663 1
669 9921549 662 28437553 661 0
670 28437553 661 9921549 661 0
671 3663462 659 672 658 0
672 672 658 3663462 658 0
673 29655206 656 29655206 656 1
674 674 655 674 653 1
675 20011969 653 20011969 652 1
676 5623056 652 5623056 651 1
677 5885201 651 5885201 651 1
678 23836770 649 23836770 648 1
679 5254674 648 5254674 647 1
680 680 646 680 646 1
681 3419805 645 3419805 645 1
682 11740592 643 11740592 643 1
683 29968699 642 29968699 642 1
684 7189808 641 7189808 640 1
685 2020221 639 2020221 639 1
686 16972258 638 16972258 638 1
687 662694 636 662694 636 1
688 14037064 635 14037064 635 1
689 8392648 634 8392648 633 1
690 690 632 690 632 1
691 3582943 631 3582943 630 1
692 23516155 630 19411518 628 0
693 19411518 628 23516155 628 0
694 3821216 627 3821216 627 1
695 21190610 626 21190610 625 1
696 23312112 624 23312112 624 1
697 697 623 697 623 1
698 25428890 621 25428890 621 1
699 23088746 620 23088746 620 1
700 7169495 619 701 618 0
701 701 618 7169495 617 0
702 21225422 616 21225422 616 1
703 9607444 615 9607444 614 1
704 25828493 614 25828493 614 1
705 25603443 612 25603443 612 1
706 15510093 611 15510093 611 1
707 22127207 610 22127207 610 1
708 18933796 608 18933796 607 1
709 19781627 607 19781627 607 1
710 710 606 710 606 1
711 26387369 605 26387369 604 1
712 2360917 603 2360917 603 1
713 14535564 602 9248482 601 0
714 9248482 601 14535564 600 0
715 12357416 599 12357416 599 1
716 9917163 598 23384185 596 0
717 23384185 597 9917163 596 0
718 3260460 596 3260460 595 1
719 23468177 594 23468177 594 1
720 8368658 593 8368658 593 1
721 7060711 592 7060711 591 1
722 14889663 591 14889663 590 1
723 24316189 590 24316189 589 1
724 15085641 588 8297554 585 0
725 3974520 587 15085641 585 0
726 8297554 586 3974520 585 0
727 20638049 585 20638049 585 1
728 64567 584 64567 584 1
729 4940886 582 4940886 582 1
730 28065121 581 28065121 581 1
731 25276545 580 25276545 579 1
732 11699528 579 11699528 579 1
733 2248835 578 2248835 577 1
734 734 576 15794374 575 0
735 15794374 575 734 574 0
736 9678293 574 9678293 574 1
737 10684381 573 10684381 573 1
738 26790802 572 26790802 572 1
739 22165500 571 22165500 570 1
740 4448788 569 4448788 569 1
741 12611088 568 12611088 567 1
742 7752649 567 10123541 566 0
743 10123541 566 11501263 565 0
744 11501263 565 7752649 565 0
745 6032397 564 6032397 564 1
746 13454330 563 13454330 560 1
747 7479579 561 7479579 560 1
748 17387158 560 17387158 558 1
749 9421887 559 7467422 558 0
750 7467422 558 9421887 557 0
751 23279902 557 23279902 557 1
752 12086176 556 12086176 555 1
753 5415641 555 5415641 554 1
754 25597343 554 25597343 553 1
755 16582553 553 16582553 552 1
756 9936649 551 9936649 550 1
757 19126567 550 19126567 550 1
758 11742841 549 11742841 548 1
759 18258952 548 18258952 547 1
760 15745903 547 5750108 546 0
761 5750108 546 15745903 545 0
762 762 545 762 544 1
763 21859181 544 21859181 544 1
764 21766038 543 21766038 542 1
765 25982844 542 6737672 541 0
766 6737672 541 25982844 541 0
767 13567563 540 769 538 0
768 3859040 539 13567563 538 0
769 769 538 3859040 537 0
770 28026139 536 28026139 536 1
771 771 535 771 534 1
772 13196678 534 13196678 534 1
773 773 533 773 532 1
774 22932794 532 22932794 532 1
775 17535297 531 21057057 529 0
776 24434081 530 17535297 529 0
777 21057057 529 24434081 528 0
778 7689178 528 7689178 527 1
779 13835822 527 13835822 526 1
780 8606823 526 24691068 525 0
781 24691068 525 8606823 525 0
782 9347972 524 9347972 524 1
783 7804967 523 7804967 522 1
784 784 522 784 522 1
785 22319748 521 22319748 520 1
786 26782004 520 26782004 520 1
787 28826062 519 28826062 518 1
788 29035592 518 29035592 518 1
789 2183064 517 2183064 515 1
790 4791258 516 4791258 515 1
791 791 515 791 514 1
792 18199500 514 18199500 513 1
793 6667683 513 25158865 512 0
794 25158865 512 17954750 511 0
795 17954750 511 6667683 511 0
796 1995146 510 1995146 510 1
797 21327221 509 21327221 509 1
798 9878241 509 8134584 508 0
799 8134584 508 9878241 508 0
800 25277901 507 25277901 507 1
801 20613444 506 11336191 505 0
802 11336191 505 20613444 505 0
803 6687831 504 7976420 503 0
804 7976420 503 6687831 503 0
805 805 502 805 502 1
806 17003862 501 17003862 499 1
807 807 500 1902704 499 0
808 1902704 499 807 498 0
809 13169420 498 24657483 497 0
810 24657483 497 926500 496 0
811 926500 496 13169420 496 0
812 19664796 495 19664796 495 1
813 25066299 495 25066299 494 1
814 16046300 494 16046300 494 1
815 3679366 493 25588340 492 0
816 25588340 492 3679366 492 0
817 4652700 491 4652700 491 1
818 2785711 490 28725067 489 0
819 28725067 489 8561911 488 0
820 8561911 488 2785711 488 0
821 9336804 487 16310215 486 0
822 5412259 486 9336804 486 0
823 16310215 486 5412259 485 0
824 13799270 485 13799270 485 1
825 10694119 484 10694119 484 1
826 21506587 483 21506587 482 1
827 5093066 482 5093066 482 1
828 14151523 481 14151523 481 1
829 25835719 480 29306398 479 0
830 8014523 479 25835719 479 0
831 29306398 479 2972464 478 0
832 2972464 478 8014523 478 0
833 3361579 477 3361579 476 1
834 2739875 476 27990024 475 0
835 27990024 475 2739875 475 0
836 1546753 474 24539547 473 0
837 29641943 473 29641943 472 1
838 24539547 473 1546753 472 0
839 19801585 472 19801585 472 1
840 28665315 471 28665315 471 1
841 5360269 470 5360269 470 1
842 5217574 469 5217574 469 1
843 17529380 468 17529380 468 1
844 23164692 468 23164692 468 1
845 25395496 467 25395496 466 1
846 13996934 466 13996934 466 1
847 22683843 465 22683843 465 1
848 25643797 464 25643797 464 1
849 27997908 463 27997908 463 1
850 8090642 463 8090642 463 1
851 1021197 462 1021197 461 1
852 20303787 461 20303787 460 1
853 10692104 460 10692104 459 1
854 10357022 459 13571616 459 0
855 13571616 459 2406566 458 0
856 2406566 458 10357022 458 0
857 5524783 457 5524783 457 1
858 12697856 456 859 455 0
859 859 455 18758387 455 0
860 18758387 455 12697856 455 0
861 861 454 861 454 1
862 862 453 15542646 452 0
863 15542646 452 862 452 0
864 27659437 451 865 451 0
865 865 451 27659437 450 0
866 866 450 866 450 1
867 9140709 449 9140709 449 1
868 869 448 11758754 448 0
869 11758754 448 869 447 0
870 26837924 447 26837924 447 1
871 18417317 446 18417317 446 1
872 27347804 445 431682 444 0
873 2476371 445 27347804 444 0
874 431682 444 2476371 444 0
875 24285351 443 24285351 442 1
876 19490469 442 19490469 441 1
877 877 441 24495558 441 0
878 24495558 441 5711289 439 0
879 5711289 440 877 438 0
880 880 439 3232680 438 0
881 3232680 438 880 438 0
882 25118390 438 883 437 0
883 883 437 25118390 437 0
884 15124786 436 10579539 435 0
885 23755544 436 23755544 434 1
886 10579539 435 2198347 433 0
887 2640386 434 10706845 433 0
888 2198347 433 15124786 433 0
889 10706845 433 2640386 432 0
890 21035920 432 21035920 432 1
891 13160138 431 13160138 430 1
892 5684089 430 5684089 429 1
893 9350160 430 9350160 429 1
894 24417283 429 24417283 428 1
895 25460529 428 7438131 428 0
896 7438131 428 25460529 427 0
897 29046275 427 6935041 426 0
898 6935041 426 29046275 426 0
899 21211978 425 19024046 425 0
900 19024046 425 21211978 425 0
901 901 424 901 424 1
902 1421384 423 23750022 423 0
903 23750022 423 1421384 423 0
904 25645494 422 25645494 422 1
905 12741535 421 870007 420 0
906 11146845 420 12741535 420 0
907 870007 420 11146845 419 0
908 23377719 419 17907998 418 0
909 17907998 418 23377719 418 0
910 19044367 418 19044367 417 1
911 13111555 417 18257416 415 0
912 3165313 416 13111555 415 0
913 18257416 416 150062 415 0
914 150062 415 3165313 415 0
915 25279728 414 26534378 414 0
916 26534378 414 25279728 414 0
917 10923054 413 10923054 413 1
918 11172594 412 11172594 412 1
919 26912804 412 26912804 412 1
920 12087740 411 12087740 411 1
921 23687953 410 7255643 410 0
922 7255643 410 23687953 410 0
923 5474074 409 5474074 409 1
924 18051595 408 18051595 407 1
925 3973343 408 18377463 406 0
926 19690175 407 3973343 406 0
927 2900687 406 19690175 406 0
928 18377463 406 2900687 405 0
929 929 405 25693385 404 0
930 2601896 404 929 404 0
931 25693385 404 2601896 403 0
932 24272017 403 24272017 403 1
933 7073824 402 7073824 402 1
934 21132163 402 21132163 402 1
935 7127494 401 7127494 400 1
936 29749902 400 6127664 399 0
937 12832468 400 29749902 399 0
938 6127664 399 12832468 399 0
939 10949639 399 10949639 398 1
940 940 398 11632197 397 0
941 12991435 397 940 397 0
942 11632197 397 12991435 397 0
943 23766406 396 23766406 395 1
944 2764806 395 5581887 395 0
945 5581887 395 2764806 394 0
946 356139 394 25938913 392 0
947 11520468 393 11520468 392 1
948 25938913 393 17348995 392 0
949 949 392 949 392 1
950 17348995 392 356139 392 0
951 951 391 16557183 390 0
952 16557183 390 951 390 0
953 24655971 390 11981932 389 0
954 29108934 389 24655971 389 0
955 11981932 389 29108934 388 0
956 19962390 388 19962390 387 1
957 958 387 18980340 386 0
958 957 387 958 386 0
959 960 386 22432236 384 0
960 18980340 386 957 384 0
961 22432236 385 11940038 384 0
962 16884435 384 16884435 383 1
963 11940038 384 964 383 0
964 28695640 383 28695640 383 1
965 964 383 968 381 0
966 29257948 382 960 381 0
967 968 381 11737824 381 0
968 11737824 381 29257948 381 0
969 13635537 380 19904048 380 0
970 19904048 380 24554291 379 0
971 24554291 379 13635537 378 0
972 12707422 378 19681454 377 0
973 4335002 378 29815350 377 0
974 19681454 377 12707422 377 0
975 29815350 377 29666910 376 0
976 7168267 376 7168267 376 1
977 29666910 376 6170810 375 0
978 6170810 375 4335002 374 0
979 905226 374 979 374 0
980 979 374 14464484 372 0
981 6588773 373 905226 372 0
982 27518668 373 985 371 0
983 14464484 372 27518668 371 0
984 11734659 372 6588773 370 0
985 985 371 11734659 370 0
986 22671597 370 22671597 370 1
987 12110104 370 12110104 370 1
988 22805729 369 3335782 369 0
989 3335782 369 22805729 369 0
990 2288262 368 2288262 368 1
991 24601518 368 3266692 367 0
992 3266692 367 24601518 367 0
993 22688851 366 22688851 366 1
994 25354087 366 4549969 365 0
995 16147049 365 16147049 365 1
996 4549969 365 25215501 364 0
997 25215501 364 25354087 364 0
998 1235176 364 12942220 363 0
999 3112802 363 1235176 363 0
1000 12942220 363 8455237 362 0
1001 3416237 362 3112802 362 0
1002 8455237 362 3416237 362 0
1003 5611238 361 5611238 361 1
1004 29069273 360 26593399 360 0
1005 26593399 360 29069273 359 0
1006 1599042 359 8321728 359 0
1007 8321728 359 1599042 358 0
1008 8201016 358 8201016 358 1
1009 18869017 358 7073684 357 0
1010 1010 357 18869017 357 0
1011 7073684 357 1010 356 0
1012 15717658 356 15717658 355 1
1013 28047987 356 28047987 355 1
1014 9303036 355 9303036 355 1
1015 28304714 355 28304714 354 1
1016 12923374 354 12923374 354 1
1017 10812712 354 10812712 353 1
1018 26615821 353 26615821 353 1
1019 15199267 353 15199267 352 1
1020 29080219 352 2556414 352 0
1021 2556414 352 29080219 352 0
1022 17852965 351 25750547 351 0
1023 25750547 351 17852965 351 0
1024 18560391 350 18560391 350 1
1025 3011 349 1026 349 0
1026 1026 349 13580790 348 0
1027 8018478 348 3011 348 0
1028 13580790 348 5437720 347 0
1029 5437720 347 6718756 347 0
1030 6718756 347 8018478 347 0
1031 14348482 346 24082649 346 0
1032 24082649 346 14348482 346 0
1033 16569065 345 16569065 345 1
1034 6398906 345 6398906 344 1
1035 21814421 344 26210481 344 0
1036 26210481 344 21814421 343 0
1037 12158042 343 12597687 343 0
1038 12597687 343 12158042 342 0
1039 10724426 342 10724426 342 1
1040 1040 342 1040 342 1
1041 18837329 341 14722874 341 0
1042 14722874 341 18837329 340 0
1043 1525285 340 9870751 340 0
1044 9870751 340 21295867 339 0
1045 2286900 340 2286900 339 1
1046 21295867 339 14294205 338 0
1047 25498755 339 25498755 338 1
1048 14294205 338 18374152 338 0
1049 18374152 338 1525285 338 0
1050 19597052 337 13870603 337 0
1051 13870603 337 19597052 336 0
1052 4825663 336 18205134 336 0
1053 18205134 336 4825663 335 0
1054 1055 335 1055 335 1
1055 9084971 335 9084971 334 1
1056 18084551 334 1057 334 0
1057 1057 334 18084551 334 0
1058 10314718 333 21230661 333 0
1059 21230661 333 10314718 332 0
1060 9302103 332 9302103 332 1
1061 7702682 332 1141228 331 0
1062 1141228 331 7702682 331 0
1063 2130146 331 2130146 331 1
1064 1267119 330 1267119 330 1
1065 1065 330 18875800 330 0
1066 18875800 330 1065 330 0
1067 14170249 329 3826356 329 0
1068 3826356 329 14170249 328 0
1069 13303237 328 13303237 328 1
1070 1069 328 1069 328 1
1071 27147903 327 21480774 327 0
1072 21480774 327 27147903 327 0
1073 22801134 326 22801134 326 1
1074 4474766 326 13382651 325 0
1075 25011376 325 4474766 325 0
1076 13382651 325 26816868 325 0
1077 26816868 325 25011376 325 0
1078 1078 324 29557740 324 0
1079 29557740 324 1078 324 0
1080 21824794 323 14253100 323 0
1081 14253100 323 21824794 322 0
1082 18782431 322 15071827 322 0
1083 15071827 322 18782431 321 0
1084 4477105 321 2927717 321 0
1085 2927717 321 4477105 321 0
1086 17207746 320 17207746 320 1
1087 17450205 320 17450205 319 1
1088 21698621 320 12133569 319 0
1089 12133569 319 1090 319 0
1090 1090 319 21698621 319 0
1091 3135780 318 17157484 318 0
1092 17157484 318 3135780 318 0
1093 5486716 317 7748821 317 0
1094 1094 317 5486716 317 0
1095 7748821 317 25150077 316 0
1096 26316901 316 26316901 316 1
1097 25150077 316 1094 316 0
1098 20673060 315 2262898 314 0
1099 2262898 315 17531726 314 0
1100 17531726 314 15858848 314 0
1101 15858848 314 9597922 313 0
1102 9597922 314 20673060 313 0
1103 9327284 313 9327284 313 1
1104 17034545 313 7706320 312 0
1105 18381475 312 17034545 312 0
1106 7706320 312 18381475 312 0
1107 7337434 311 8558633 311 0
1108 8558633 311 16079193 310 0
1109 16079193 311 15995684 310 0
1110 1110 310 1110 310 1
1111 15995684 310 7337434 309 0
1112 1463679 309 6252587 309 0
1113 6252587 309 1463679 308 0
1114 1115 308 28061962 308 0
1115 28061962 308 1115 308 0
1116 15981032 308 12797147 307 0
1117 27853616 307 15981032 307 0
1118 12797147 307 27853616 307 0
1119 1121 306 12916881 306 0
1120 12916881 306 1121 306 0
1121 7893557 306 19263756 305 0
1122 7236436 305 7893557 305 0
1123 19263756 305 8940918 304 0
1124 14071498 304 7236436 304 0
1125 12254026 304 12254026 304 1
1126 8940918 304 14321076 303 0
1127 1128 303 14071498 303 0
1128 14321076 303 22860599 302 0
1129 3864335 302 1128 302 0
1130 18140508 302 1819485 301 0
1131 22860599 302 3864335 301 0
1132 14816357 301 18140508 301 0
1133 1819485 301 29563720 300 0
1134 634210 300 13424007 300 0
1135 29563720 300 634210 300 0
1136 13424007 300 14816357 300 0
1137 18653847 299 18653847 299 1
1138 21363380 299 4294967295 0 0
1139 29141511 298 4294967295 0 0
1140 26085636 298 4294967295 0 0
1141 19837499 298 4294967295 0 0
1142 20871685 297 4294967295 0 0
1143 27512740 297 4294967295 0 0
1144 18188729 296 4294967295 0 0
1145 1145 296 4294967295 0 0
1146 14681096 296 4294967295 0 0
1147 10108039 295 4294967295 0 0
1148 1484683 295 4294967295 0 0
1149 1147 295 4294967295 0 0
1150 24053379 294 4294967295 0 0
1151 24270452 294 4294967295 0 0
1152 1152 293 4294967295 0 0
1153 547212 293 4294967295 0 0
1154 10852880 293 4294967295 0 0
1155 1155 292 4294967295 0 0
1156 1169120 292 4294967295 0 0
1157 14195139 291 4294967295 0 0
1158 28281986 291 4294967295 0 0
1159 15323610 291 4294967295 0 0
1160 7499043 290 4294967295 0 0
1161 22931925 290 4294967295 0 0
1162 29814543 290 4294967295 0 0
1163 7219920 289 4294967295 0 0
1164 28190515 289 4294967295 0 0
1165 29275573 288 4294967295 0 0
1166 10198114 288 4294967295 0 0
1167 25400124 288 4294967295 0 0
1168 4139672 287 4294967295 0 0
1169 6267327 287 4294967295 0 0
1170 1170 287 4294967295 0 0
1171 16708718 286 4294967295 0 0
1172 1171 286 4294967295 0 0
1173 15289184 286 4294967295 0 0
1174 6450261 285 4294967295 0 0
1175 8058573 285 4294967295 0 0
1176 11814181 284 4294967295 0 0
1177 19679274 284 4294967295 0 0
1178 19361019 284 4294967295 0 0
1179 26879056 283 4294967295 0 0
1180 2767069 283 4294967295 0 0
1181 2444198 283 4294967295 0 0
1182 25924426 282 4294967295 0 0
1183 26769139 282 4294967295 0 0
1184 17353340 282 4294967295 0 0
1185 679462 281 4294967295 0 0
1186 4312909 281 4294967295 0 0
1187 9087990 280 4294967295 0 0
1188 1187 280 4294967295 0 0
1189 6154255 280 4294967295 0 0
1190 26934733 279 4294967295 0 0
1191 4713425 279 4294967295 0 0
1192 16902922 279 4294967295 0 0
1193 19436106 278 4294967295 0 0
1194 4713981 278 4294967295 0 0
1195 15350965 278 4294967295 0 0
1196 21818316 277 4294967295 0 0
1197 12864906 277 4294967295 0 0
1198 1198 277 4294967295 0 0
1199 24718030 276 4294967295 0 0
1200 27431457 276 4294967295 0 0
1201 1201 276 4294967295 0 0
1202 9455787 275 4294967295 0 0
1203 13444198 275 4294967295 0 0
1204 1203 275 4294967295 0 0
1205 14732373 274 4294967295 0 0
1206 26320352 274 4294967295 0 0
1207 25487684 274 4294967295 0 0
1208 10279871 273 4294967295 0 0
1209 11316247 273 4294967295 0 0
1210 21689060 273 4294967295 0 0
1211 20569656 272 4294967295 0 0
1212 28762490 272 4294967295 0 0
1213 26206989 272 4294967295 0 0
1214 23730091 271 4294967295 0 0
1215 8999104 271 4294967295 0 0
1216 11562692 271 4294967295 0 0
1217 14159879 270 4294967295 0 0
1218 6495145 270 4294967295 0 0
1219 19141114 270 4294967295 0 0
1220 3815134 269 4294967295 0 0
1221 8007307 269 4294967295 0 0
1222 17594675 269 4294967295 0 0
1223 21052635 268 4294967295 0 0
1224 13581157 268 4294967295 0 0
1225 22741828 268 4294967295 0 0
1226 9982144 267 4294967295 0 0
1227 1227 267 4294967295 0 0
1228 4898285 267 4294967295 0 0
1229 21898092 266 4294967295 0 0
1230 28165642 266 4294967295 0 0
1231 1229 266 4294967295 0 0
1232 1234 265 4294967295 0 0
1233 19789406 265 4294967295 0 0
1234 14073078 265 4294967295 0 0
1235 19241205 264 4294967295 0 0
1236 8099710 264 4294967295 0 0
1237 12782585 264 4294967295 0 0
1238 4582587 263 4294967295 0 0
