965661 55555 0.000010
0 713165 223783 713165 207680 1
1 1 94089 1 87285 1
2 500475 56679 500475 52517 1
3 43295 39560 43295 36664 1
4 288337 29931 288337 27719 1
5 5 23831 5 22142 1
6 811995 19654 811995 18263 1
7 581037 16633 581037 15470 1
8 422708 14356 422708 13320 1
9 454023 12584 454023 11698 1
10 344854 11171 344854 10364 1
11 162370 10020 162370 9338 1
12 656366 9066 656366 8402 1
13 13 8264 13 7719 1
14 151953 7581 151953 7088 1
15 374059 6993 374059 6498 1
16 279048 6483 279048 5972 1
17 278961 6036 278961 5597 1
18 806435 5641 806435 5242 1
19 603003 5291 603003 4937 1
20 549444 4978 549444 4651 1
21 831846 4697 831846 4409 1
22 967024 4443 967024 4116 1
23 313696 4213 313696 3914 1
24 183943 4003 183943 3695 1
25 604339 3812 604339 3568 1
26 729111 3636 729111 3376 1
27 472803 3474 472803 3248 1
28 835493 3325 835493 3088 1
29 338292 3187 338292 2942 1
30 582955 3059 582955 2843 1
31 809067 2940 809067 2726 1
32 711224 2829 711224 2596 1
33 677947 2726 677947 2547 1
34 330585 2629 330585 2438 1
35 314060 2538 314060 2372 1
36 610297 2452 610297 2298 1
37 37 2372 37 2199 1
38 533212 2296 533212 2118 1
39 452801 2225 452801 2052 1
40 730035 2157 730035 1985 1
41 735519 2093 735519 1922 1
42 638830 2032 638830 1884 1
43 234666 1975 234666 1826 1
44 497622 1920 497622 1782 1
45 292877 1868 292877 1742 1
46 60041 1818 60041 1686 1
47 966109 1771 966109 1640 1
48 388464 1726 388464 1623 1
49 893567 1683 893567 1561 1
50 202603 1642 202603 1516 1
51 321680 1603 321680 1476 1
52 819512 1565 819512 1447 1
53 743624 1529 743624 1413 1
54 341525 1494 341525 1389 1
55 943515 1461 943515 1361 1
56 603924 1429 603924 1328 1
57 650301 1398 650301 1291 1
58 397442 1369 397442 1267 1
59 843347 1340 843347 1252 1
60 327852 1313 327852 1205 1
61 158612 1286 158612 1169 1
62 62 1261 62 1155 1
63 213133 1236 213133 1145 1
64 127067 1213 127067 1123 1
65 780651 1190 780651 1100 1
66 280093 1167 67 1077 0
67 67 1146 280093 1073 0
68 945426 1125 945426 1051 1
69 787035 1105 787035 1018 1
70 274045 1086 274045 1016 1
71 644947 1067 644947 993 1
72 442676 1049 442676 965 1
73 349707 1031 349707 963 1
74 856802 1014 856802 942 1
75 661175 997 661175 933 1
76 98308 981 98308 916 1
77 92754 965 92754 884 1
78 534864 950 534864 879 1
79 110375 935 110375 873 1
80 878755 921 878755 860 1
81 81 907 80387 853 0
82 80387 893 81 843 0
83 725410 880 725410 809 1
84 84 867 84 790 1
85 279584 854 279584 789 1
86 844980 842 844980 788 1
87 829107 830 796821 768 0
88 796821 819 829107 767 0
89 73134 807 73134 752 1
90 695804 796 695804 738 1
91 198636 785 198636 729 1
92 92 775 729218 723 0
93 729218 765 92 711 0
94 602385 755 872422 706 0
95 872422 745 602385 690 0
96 302259 735 302259 681 1
97 316664 726 903922 670 0
98 903922 717 30473 669 0
99 30473 708 316664 663 0
100 97170 699 97170 652 1
101 954359 690 954359 646 1
102 75820 682 75820 640 1
103 132561 674 132561 633 1
104 989941 666 90009 616 0
105 90009 658 989941 612 0
106 106 650 106 601 1
107 262174 643 109 594 0
108 998207 635 262174 593 0
109 109 628 998207 586 0
110 858196 621 858196 584 1
111 179039 614 179039 566 1
112 415985 607 415985 565 1
113 892275 601 892275 565 1
114 114 594 114 555 1
115 814608 588 315324 541 0
116 315324 582 814608 541 0
117 469239 575 469239 532 1
118 426633 569 426633 530 1
119 257854 563 296578 523 0
120 296578 558 121 522 0
121 121 552 257854 518 0
122 687311 546 687311 517 1
123 648635 541 648635 500 1
124 617842 535 885806 498 0
125 885806 530 617842 494 0
126 441682 525 441682 491 1
127 306864 520 306864 484 1
128 570238 515 69043 475 0
129 69043 510 570238 473 0
130 63803 505 63803 468 1
131 128256 500 128256 462 1
132 348451 495 74424 457 0
133 74424 491 348451 452 0
134 312915 486 876644 445 0
135 876644 482 878886 441 0
136 878886 477 911927 440 0
137 911927 473 312915 440 0
138 790478 469 790478 436 1
139 995672 465 995672 434 1
140 426568 461 426568 429 1
141 793576 457 380355 426 0
142 380355 453 793576 425 0
143 540292 449 540292 415 1
144 817945 445 817945 410 1
145 145 441 145 406 1
146 211892 437 211892 404 1
147 640739 434 640739 401 1
148 146225 430 146225 400 1
149 179885 426 179885 394 1
150 150 423 150 389 1
151 471589 419 374984 386 0
152 374984 416 480940 384 0
153 153 413 471589 382 0
154 326861 409 156 380 0
155 480940 406 153 378 0
156 156 403 326861 368 0
157 878899 399 878899 367 1
158 524508 396 497674 365 0
159 721413 393 524508 364 0
160 497674 390 689381 363 0
161 205864 387 635963 362 0
162 635963 384 721413 359 0
163 689381 381 205864 357 0
164 39874 378 79313 352 0
165 323799 376 323799 352 1
166 219357 373 39874 351 0
167 425619 370 425619 345 1
168 168 367 219357 337 0
169 79313 365 680959 335 0
170 799755 362 168 330 0
171 946002 359 946002 330 1
172 680959 357 799755 328 0
173 173 354 820046 325 0
174 820046 352 807154 325 0
175 877924 349 877924 323 1
176 26171 347 26171 321 1
177 124395 344 124395 321 1
178 807154 342 173 319 0
179 179 339 179 316 1
180 730161 337 576931 314 0
181 576931 335 730161 312 0
182 776140 332 290246 310 0
183 164566 330 184 310 0
184 184 328 776140 308 0
185 459490 326 164566 302 0
186 290246 324 712040 299 0
187 518378 321 518378 299 1
188 662150 319 459490 299 0
189 592797 317 697542 292 0
190 712040 315 616414 292 0
191 697542 313 662150 290 0
192 150855 311 592797 289 0
193 616414 309 150855 288 0
194 452560 307 92206 286 0
195 758750 305 758750 286 1
196 880354 303 880354 284 1
197 397851 301 914662 283 0
198 92206 299 452560 283 0
199 998584 298 397851 278 0
200 200 296 200 275 1
201 914662 294 998584 273 0
202 466258 292 391988 272 0
203 391988 290 466258 267 0
204 41956 288 11818 267 0
205 11818 287 875647 266 0
206 875647 285 878956 262 0
207 221456 283 471029 262 0
208 312165 282 41956 261 0
209 878956 280 809643 259 0
210 825377 278 825377 259 1
211 471029 277 650646 259 0
212 222222 275 221456 257 0
213 650646 273 222222 256 0
214 809643 272 312165 256 0
215 915342 270 915342 254 1
216 38843 269 218 252 0
217 335478 267 360514 249 0
218 218 266 335478 248 0
219 360514 264 437205 244 0
220 226053 263 38843 244 0
221 184114 261 850307 243 0
222 850307 260 223 242 0
223 223 258 74007 239 0
224 586042 257 184114 238 0
225 399785 255 586042 236 0
226 74007 254 87033 235 0
227 437205 253 226053 231 0
228 526420 251 647588 231 0
229 87033 250 526420 230 0
230 690572 248 690572 229 1
231 647588 247 399785 228 0
232 232 246 232 225 1
233 632949 245 866496 225 0
234 464159 243 632949 224 0
235 866496 242 239 222 0
236 258874 241 464159 222 0
237 875902 239 197584 221 0
238 947680 238 664840 220 0
239 239 237 933953 219 0
240 197584 236 891719 219 0
241 933953 234 947680 219 0
242 242 233 258874 217 0
243 891719 232 875902 217 0
244 63497 231 242 216 0
245 664840 230 63497 215 0
246 73270 229 73270 214 1
247 60358 227 469794 210 0
248 894737 226 894737 208 1
249 249 225 60358 207 0
250 20087 224 249 207 0
251 433244 223 740512 206 0
252 740512 222 20087 205 0
253 469794 221 433244 205 0
254 603036 220 488207 204 0
255 255 219 603036 204 0
256 488207 217 937773 202 0
257 937773 216 255 201 0
258 837509 215 22731 199 0
259 22731 214 821550 197 0
260 334867 213 343099 197 0
261 821550 212 837509 196 0
262 273910 211 273910 195 1
263 343099 210 863986 194 0
264 916869 209 895704 193 0
265 601265 208 912485 193 0
266 895704 207 516532 193 0
267 912485 206 334867 193 0
268 268 205 271 192 0
269 863986 204 423622 191 0
270 516532 204 916869 190 0
271 271 203 941569 189 0
272 941569 202 604627 189 0
273 423622 201 268 188 0
274 987761 200 601265 188 0
275 604627 199 772717 186 0
276 430565 198 430565 184 1
277 871021 197 875586 182 0
278 726601 196 871021 181 0
279 772717 195 212322 180 0
280 875586 195 419614 180 0
281 419614 194 848878 179 0
282 212322 193 432616 179 0
283 848878 192 726601 178 0
284 210910 191 210910 177 1
285 305863 190 690795 175 0
286 353607 189 987761 175 0
287 947808 189 305863 174 0
288 432616 188 726510 173 0
289 209537 187 204023 173 0
290 204023 186 947808 173 0
291 690795 185 440501 172 0
292 726510 185 853286 171 0
293 440501 184 209537 171 0
294 942466 183 353607 171 0
295 151999 182 151999 171 1
296 853286 182 698072 170 0
297 984713 181 255442 170 0
298 215822 180 942466 170 0
299 255442 179 984713 169 0
300 698072 178 302 168 0
301 737872 178 386321 166 0
302 302 177 737872 164 0
303 674819 176 720354 163 0
304 720354 176 356480 163 0
305 356480 175 674819 163 0
306 306 174 345401 162 0
307 452061 173 617354 162 0
308 386321 173 306 161 0
309 31746 172 351620 161 0
310 846536 171 846536 160 1
311 351620 171 31746 159 0
312 56217 170 605451 159 0
313 345401 169 56217 159 0
314 605451 169 215822 158 0
315 617354 168 866394 156 0
316 776652 167 776652 156 1
317 279280 167 23746 155 0
318 866394 166 452061 155 0
319 331964 165 448897 153 0
320 158097 165 34982 153 0
321 448897 164 211344 153 0
322 23746 163 931488 152 0
323 883340 163 158097 150 0
324 915039 162 446984 150 0
325 825575 162 923718 149 0
326 211344 161 883340 149 0
327 923718 160 825575 148 0
328 34982 160 915039 148 0
329 931488 159 656350 147 0
330 446984 159 100872 147 0
331 220609 158 279280 147 0
332 100872 157 876341 146 0
333 162602 157 340 146 0
334 187727 156 220609 146 0
335 799407 156 331178 145 0
336 239130 155 655444 144 0
337 170193 154 162602 144 0
338 331178 154 331964 143 0
339 340 153 239130 143 0
340 656350 153 118315 142 0
341 634827 152 634827 142 1
342 655444 152 187727 142 0
343 876341 151 799407 142 0
344 917639 151 982058 141 0
345 118315 150 917639 141 0
346 240287 149 170193 139 0
347 540846 149 240287 139 0
348 982058 148 361 137 0
349 179730 148 442283 137 0
350 378737 147 161801 136 0
351 511352 147 378737 136 0
352 161801 146 179730 136 0
353 442283 146 511352 135 0
354 830963 145 358063 134 0
355 621312 145 948465 134 0
356 948465 144 219707 134 0
357 219707 144 426319 133 0
358 961012 143 961012 133 1
359 358063 143 902175 133 0
360 426319 142 540160 132 0
361 361 142 621312 132 0
362 806172 141 540846 131 0
363 540160 141 806172 129 0
364 825109 140 830963 129 0
365 902175 140 929603 128 0
366 104436 139 369 128 0
367 25983 139 297959 128 0
368 368 138 825109 127 0
369 369 138 25983 127 0
370 381913 137 940305 127 0
371 929603 137 979321 127 0
372 606996 137 381913 126 0
373 979321 136 606996 126 0
374 593513 136 251987 125 0
375 330337 135 368 125 0
376 297959 135 579605 125 0
377 251987 134 850516 124 0
378 940305 134 593513 124 0
379 579605 133 180948 124 0
380 850516 133 481167 123 0
381 969925 133 969925 123 1
382 180948 132 382 123 0
383 382 132 759840 122 0
384 481167 131 989422 122 0
385 759840 131 770508 121 0
386 660801 130 36144 121 0
387 36144 130 660801 120 0
388 387 130 104436 120 0
389 770508 129 998338 119 0
390 901154 129 330337 119 0
391 989422 128 401 118 0
392 52869 128 52869 118 1
393 562798 127 901154 118 0
394 179693 127 408789 117 0
395 998338 127 245834 117 0
396 396 126 373457 117 0
397 4777 126 562798 117 0
398 373457 125 387 116 0
399 482009 125 179693 116 0
400 245834 125 406 115 0
401 401 124 4777 115 0
402 610850 124 844308 115 0
403 844308 124 396 115 0
404 866988 123 410 114 0
405 895515 123 610850 114 0
406 939890 122 992761 114 0
407 72517 122 895515 114 0
408 406 122 939890 113 0
409 192685 121 192685 113 1
410 408789 121 540110 113 0
411 410 121 474844 112 0
412 992761 120 186228 112 0
413 413 120 866988 112 0
414 186228 119 482009 112 0
415 48193 119 643951 112 0
416 540110 119 413 112 0
417 418 118 72517 111 0
418 643951 118 956135 111 0
419 620532 118 20593 111 0
420 474844 117 418 109 0
421 911415 117 911415 109 1
422 466847 117 478810 108 0
423 859611 116 48193 108 0
424 20593 116 859611 107 0
425 470199 116 313670 107 0
426 478810 115 364246 106 0
427 716775 115 470199 106 0
428 470258 115 466847 106 0
429 250846 114 517254 105 0
430 364246 114 620532 105 0
431 956135 114 436 105 0
432 842596 113 37855 104 0
433 433 113 434 104 0
434 434 113 229284 104 0
435 557476 112 557476 104 1
436 436 112 893770 104 0
437 87859 112 87859 103 1
438 313670 111 716775 103 0
439 207807 111 452 103 0
440 2812 111 986785 103 0
441 893770 110 433 103 0
442 443 110 470258 103 0
443 37855 110 342783 103 0
444 342783 109 842596 102 0
445 231430 109 2812 102 0
446 229284 109 443 102 0
447 517254 109 234682 101 0
448 463177 108 250846 101 0
449 450 108 463177 101 0
450 265108 108 265108 100 1
451 451 107 74351 100 0
452 452 107 770461 99 0
453 150194 107 231430 99 0
454 986785 106 842964 98 0
455 456 106 335793 98 0
456 74351 106 207807 97 0
457 234682 106 595238 97 0
458 599769 105 456 97 0
459 470126 105 150194 97 0
460 335793 105 599769 97 0
461 770461 104 450 96 0
462 595238 104 451 96 0
463 899880 104 470126 96 0
464 298926 104 899880 95 0
465 972699 103 298926 95 0
466 231159 103 670468 95 0
467 576947 103 935730 94 0
468 875010 103 972699 94 0
469 878180 102 231159 94 0
470 670468 102 681227 94 0
471 842964 102 576947 94 0
472 935730 101 463712 94 0
473 52839 101 878180 93 0
474 13874 101 348040 93 0
475 783047 101 484 93 0
476 250013 100 875010 92 0
477 681227 100 250013 92 0
478 823943 100 171685 92 0
479 178870 100 52839 92 0
480 463712 99 233731 92 0
481 879067 99 840325 92 0
482 62206 99 488 92 0
483 169786 99 989280 92 0
484 348040 98 62206 91 0
485 989280 98 489 91 0
486 197479 98 169786 91 0
487 484 98 499 91 0
488 488 97 197479 91 0
489 489 97 153261 90 0
490 840325 97 52117 90 0
491 171685 97 33610 90 0
492 417933 96 879067 90 0
493 494 96 13874 90 0
494 635448 96 783047 89 0
495 153261 96 90148 89 0
496 128382 95 629380 89 0
497 52117 95 635448 89 0
498 499 95 823943 89 0
499 629380 95 179301 89 0
500 403963 94 494 88 0
501 233731 94 178870 88 0
502 33610 94 211440 88 0
503 781883 94 440627 88 0
504 179301 93 762175 88 0
505 606413 93 383 87 0
506 195667 93 781883 87 0
507 90148 93 417933 87 0
508 226504 93 606413 86 0
509 211440 92 633780 85 0
510 511 92 511 85 1
511 646007 92 522 85 0
512 911598 92 646007 85 0
513 383 91 911598 85 0
514 440627 91 226504 85 0
515 762175 91 416104 85 0
516 400828 91 195667 85 0
517 222720 91 128382 85 0
518 111102 90 404321 85 0
519 416104 90 254775 84 0
520 633780 90 584935 84 0
521 404321 90 604849 84 0
522 522 89 991204 83 0
523 331635 89 222720 83 0
524 604849 89 331635 83 0
525 242363 89 403963 82 0
526 9973 89 111102 82 0
527 254775 88 400828 82 0
528 527 88 527 82 1
529 584935 88 26712 82 0
530 748348 88 862565 82 0
531 919997 88 919997 81 1
532 862565 87 806857 81 0
533 889759 87 499016 81 0
534 199519 87 748348 81 0
535 26712 87 561 81 0
536 991204 87 856860 80 0
537 66774 86 242363 80 0
538 806857 86 889759 80 0
539 856860 86 814947 80 0
540 585278 86 66774 80 0
541 499016 86 199519 80 0
542 343832 85 343832 79 1
543 664406 85 9973 79 0
544 818458 85 552971 79 0
545 167533 85 585278 79 0
546 562290 85 562290 79 1
547 814947 84 412071 78 0
548 195912 84 574 78 0
549 594806 84 435013 78 0
550 435013 84 252324 78 0
551 445055 84 167533 78 0
552 142107 83 183039 77 0
553 707243 83 563675 77 0
554 662558 83 562 77 0
555 412071 83 195912 77 0
556 106522 83 937022 77 0
557 990391 83 664406 77 0
558 549796 82 276048 77 0
559 336914 82 818458 76 0
560 562 82 662558 76 0
561 561 82 707243 76 0
562 86201 82 445055 76 0
563 563675 81 336914 76 0
564 552971 81 860616 76 0
565 112633 81 838144 76 0
566 367939 81 86201 76 0
567 183039 81 106522 76 0
568 937022 81 549796 76 0
569 860616 80 610562 75 0
570 252324 80 477273 75 0
571 610562 80 990391 75 0
572 678039 80 142107 75 0
573 477273 80 585 74 0
574 838144 79 964785 74 0
575 494192 79 678039 74 0
576 276048 79 494192 74 0
577 574 79 594806 74 0
578 814279 79 367939 74 0
579 265769 79 985065 73 0
580 479622 78 82496 73 0
581 82496 78 112633 73 0
582 8023 78 814279 73 0
583 585 78 596 72 0
584 583 78 850194 72 0
585 584 78 603675 72 0
586 586 77 793559 72 0
587 971011 77 217345 72 0
588 580940 77 265769 72 0
589 914522 77 66335 71 0
590 964785 77 584 71 0
591 985065 77 987833 71 0
592 66335 76 609 70 0
593 850194 76 530856 70 0
594 288508 76 426687 70 0
595 596 76 586 70 0
596 217345 76 604 70 0
597 793559 76 921840 70 0
598 594 76 62708 70 0
599 604 75 6065 70 0
600 807529 75 583 70 0
601 123534 75 971011 70 0
602 62708 75 580940 69 0
603 6065 75 8023 69 0
604 426687 75 807529 69 0
605 448777 74 448777 69 1
606 987833 74 84399 69 0
607 607 74 292209 69 0
608 603675 74 226020 69 0
609 609 74 123534 69 0
610 962447 74 121058 68 0
611 921840 74 962447 68 0
612 571366 73 907226 68 0
613 332858 73 332858 67 1
614 226020 73 911057 67 0
615 84399 73 228018 67 0
616 530856 73 479622 67 0
617 292209 73 784579 67 0
618 927797 72 288508 67 0
619 473533 72 914522 67 0
620 907226 72 607 66 0
621 967536 72 594 66 0
622 937764 72 937764 66 1
623 189739 72 967536 66 0
624 41913 72 927797 66 0
625 911057 71 41913 66 0
626 108771 71 473533 66 0
627 111533 71 318133 66 0
628 73615 71 108771 66 0
629 808596 71 137863 66 0
630 629 71 784683 65 0
631 627 71 259736 65 0
632 784579 70 627 65 0
633 318133 70 354555 65 0
634 26377 70 111533 65 0
635 354555 70 673127 65 0
636 929176 70 881870 65 0
637 228018 70 664 65 0
638 121058 70 73615 64 0
639 925724 70 768371 64 0
640 354701 69 354701 64 1
641 673127 69 571366 64 0
642 259736 69 629 64 0
643 635579 69 997775 64 0
644 245555 69 808596 64 0
645 195346 69 189739 63 0
646 784683 69 896995 63 0
647 299692 68 929176 63 0
648 365959 68 828344 63 0
649 335176 68 180619 63 0
650 994158 68 562655 63 0
651 715947 68 864948 63 0
652 896995 68 336514 63 0
653 732258 68 732258 63 1
654 438454 68 343133 63 0
655 881870 67 195346 63 0
656 550478 67 635579 63 0
657 343133 67 994158 62 0
658 137863 67 550478 62 0
659 319069 67 26377 62 0
660 997775 67 181645 62 0
661 441074 67 319069 62 0
662 883826 67 694137 62 0
663 664 66 335176 62 0
664 336514 66 438454 62 0
665 653931 66 441074 62 0
666 562655 66 676 61 0
667 768371 66 527983 61 0
668 90765 66 264563 61 0
669 710867 66 245555 61 0
670 382746 66 925724 61 0
671 864948 65 299692 61 0
672 678 65 883826 61 0
673 181645 65 382746 60 0
674 676 65 710867 60 0
675 828344 65 671 60 0
676 671 65 375534 60 0
677 204101 65 795109 60 0
678 295615 65 945219 60 0
679 832557 64 715947 60 0
680 348028 64 403287 59 0
681 180619 64 295615 59 0
682 403287 64 832557 59 0
683 938262 64 678 59 0
684 74625 64 348028 59 0
685 512347 64 365959 59 0
686 694137 64 512347 59 0
687 222777 64 90765 59 0
688 375534 63 435500 59 0
689 581208 63 204101 59 0
690 264563 63 269845 59 0
691 795109 63 222777 59 0
692 193599 63 904232 58 0
693 945219 63 938262 58 0
694 178571 63 333821 58 0
695 527983 63 957670 58 0
696 333821 62 193599 58 0
697 435328 62 594976 58 0
698 957670 62 178571 58 0
699 435500 62 956695 57 0
700 702 62 715 57 0
701 594976 62 971070 57 0
702 269845 62 342127 57 0
703 399390 62 653931 57 0
704 647104 62 545230 57 0
705 904232 61 399390 57 0
706 392030 61 71626 56 0
707 616915 61 753 56 0
708 347383 61 702 56 0
709 885278 61 307263 56 0
710 820481 61 820481 56 1
711 969990 61 581208 56 0
712 111220 61 74625 56 0
713 878750 61 509725 56 0
714 707 61 707 56 1
715 230594 60 41539 56 0
716 715 60 392895 56 0
717 956695 60 230594 55 0
718 392895 60 701962 55 0
719 545230 60 392030 55 0
720 76645 60 834703 55 0
721 342127 60 616915 55 0
722 71626 60 498009 55 0
723 722 60 734 55 0
724 411781 59 833141 55 0
725 920988 59 347383 55 0
726 732 59 920988 55 0
727 578406 59 878750 55 0
728 674619 59 578406 54 0
729 614869 59 422447 54 0
730 45711 59 111220 54 0
731 971070 59 67803 54 0
732 509725 59 969990 54 0
733 422447 59 737 54 0
734 834703 58 160441 54 0
735 126428 58 76645 54 0
736 41539 58 749 54 0
737 737 58 28031 54 0
738 735 58 963394 54 0
739 734 58 735 54 0
740 833141 58 614869 54 0
741 76960 58 806567 53 0
742 424207 58 435328 53 0
743 806567 58 411781 53 0
744 817905 57 524462 53 0
745 753 57 749926 53 0
746 498009 57 763 53 0
747 749 57 581207 53 0
748 423369 57 722 53 0
749 67803 57 770 53 0
750 221743 57 707100 53 0
751 28031 57 423369 53 0
752 921670 57 393199 53 0
753 907798 57 907798 53 1
754 849207 57 655068 52 0
755 570706 56 954610 52 0
756 274913 56 45711 52 0
757 160441 56 259548 52 0
758 763 56 274913 52 0
759 963394 56 221743 52 0
760 612051 56 931672 52 0
761 759 56 570706 52 0
762 749926 56 25990 52 0
763 307263 56 794032 51 0
764 701962 56 141279 51 0
765 364512 56 674619 51 0
766 748124 55 885278 51 0
767 655068 55 728360 51 0
768 770 55 806 51 0
769 581207 55 452345 51 0
770 794032 55 817905 51 0
771 47900 55 47900 51 1
772 25990 55 364512 51 0
773 600301 55 851703 51 0
774 931672 55 888327 51 0
775 353066 55 943120 51 0
776 899892 55 76960 51 0
777 785 54 353066 51 0
778 707100 54 647104 51 0
779 393199 54 849207 51 0
780 746162 54 417240 50 0
781 763715 54 731098 50 0
782 417240 54 424072 50 0
783 667622 54 424207 50 0
784 728360 54 667622 50 0
785 954610 54 732 50 0
786 237014 54 921670 50 0
787 907422 54 164761 50 0
788 141279 54 789031 50 0
789 518535 53 542180 50 0
790 44427 53 126428 50 0
791 943120 53 748124 50 0
792 259548 53 600301 50 0
793 47355 53 237014 50 0
794 164761 53 803 50 0
795 424072 53 907422 50 0
796 524462 53 857436 49 0
797 139080 53 746162 49 0
798 851703 53 376013 49 0
799 792 53 811 49 0
800 59980 53 285758 49 0
801 329735 52 612051 49 0
802 695399 52 47355 49 0
803 811 52 658814 49 0
804 789031 52 759 49 0
805 731098 52 834849 48 0
806 376013 52 835 48 0
807 806 52 763715 48 0
808 888327 52 59980 48 0
809 803 52 139080 48 0
810 285758 52 935336 48 0
811 857436 52 174168 48 0
812 452345 52 518535 48 0
813 563418 51 336021 48 0
814 821 51 813 48 0
815 174168 51 785 48 0
816 336021 51 963223 48 0
817 834849 51 899892 48 0
818 934569 51 329735 48 0
819 401173 51 585353 47 0
820 606685 51 277306 47 0
821 200000 51 45182 47 0
822 963223 51 488136 47 0
823 813 51 606685 47 0
824 542180 51 540446 47 0
825 658814 51 405182 47 0
826 732212 50 278561 47 0
827 624716 50 338674 47 0
828 353403 50 322429 47 0
829 935336 50 601327 46 0
830 835 50 307385 46 0
831 307385 50 262627 46 0
832 411782 50 933694 46 0
833 872763 50 732212 46 0
834 277306 50 624716 46 0
835 488136 50 934569 46 0
836 322429 50 845 46 0
837 826 50 327123 45 0
838 540446 50 188591 45 0
839 951940 49 695399 45 0
840 328277 49 549853 45 0
841 845 49 657096 45 0
842 844 49 200000 45 0
843 198708 49 854288 45 0
844 259348 49 844 45 0
845 549853 49 896724 45 0
846 43513 49 881 45 0
847 854288 49 700865 45 0
848 585353 49 44427 45 0
849 405182 49 406391 45 0
850 45182 49 951940 45 0
851 166121 49 862 45 0
852 278561 49 826 45 0
853 406391 48 563418 45 0
854 309635 48 31667 45 0
855 338674 48 309635 44 0
856 940946 48 411782 44 0
857 520811 48 405666 44 0
858 601327 48 284081 44 0
859 862 48 23570 44 0
860 831709 48 257701 44 0
861 859 48 417721 44 0
862 257701 48 57258 44 0
863 602699 48 328277 44 0
864 96926 48 166121 44 0
865 262627 48 859 44 0
866 327123 48 520811 44 0
867 879 47 713734 44 0
868 284081 47 792 44 0
869 23570 47 809374 43 0
870 881 47 544247 43 0
871 317229 47 647231 43 0
872 304755 47 317229 43 0
873 405666 47 43513 43 0
874 933694 47 353403 43 0
875 809374 47 687525 43 0
876 544247 47 602699 43 0
877 602494 47 602494 43 1
878 581081 47 638196 43 0
879 214896 47 214896 43 1
880 272888 47 831709 43 0
881 604783 47 172076 43 0
882 958149 46 401173 43 0
883 539962 46 821 43 0
884 832319 46 168968 43 0
885 57244 46 96926 43 0
886 57258 46 824513 43 0
887 417721 46 198708 42 0
888 700865 46 307741 42 0
889 833250 46 872763 42 0
890 31667 46 539962 42 0
891 657096 46 226913 42 0
892 264237 46 259348 42 0
893 713734 46 304755 42 0
894 188591 46 601889 42 0
895 172076 46 483492 42 0
896 896724 46 625747 42 0
897 412313 46 833250 42 0
898 440467 45 832319 42 0
899 745222 45 264237 42 0
900 913 45 765684 42 0
901 209879 45 304195 42 0
902 765684 45 734933 42 0
903 568450 45 879 42 0
904 168968 45 940946 42 0
905 687525 45 448668 41 0
906 373076 45 373076 41 1
907 601889 45 238806 41 0
908 902 45 906 41 0
909 587096 45 59697 41 0
910 824513 45 913 41 0
911 304195 45 224768 41 0
912 905 45 209879 41 0
913 906 45 510339 41 0
914 625747 44 587096 41 0
915 419443 44 276203 41 0
916 638196 44 919 41 0
917 627283 44 603029 41 0
918 686521 44 581081 41 0
919 631937 44 602074 41 0
920 734933 44 272193 41 0
921 388490 44 106837 41 0
922 579633 44 604783 41 0
923 262207 44 388490 41 0
924 307741 44 929031 41 0
925 483492 44 708130 41 0
926 67323 44 861218 41 0
927 653814 44 211787 41 0
928 919 44 327348 40 0
929 647231 44 320604 40 0
930 929031 44 230268 40 0
931 602074 43 958149 40 0
932 945 43 568450 40 0
933 745858 43 1074 40 0
934 947 43 246366 40 0
935 226913 43 947 40 0
936 510339 43 272888 40 0
937 59697 43 684365 40 0
938 176658 43 1003 40 0
939 537573 43 745222 40 0
940 937 43 9123 40 0
941 1074 43 964 40 0
942 264055 43 72198 40 0
943 211787 43 319254 40 0
944 276203 43 534934 39 0
945 846748 43 1924 39 0
946 272193 43 731388 39 0
947 561574 43 881669 39 0
948 603029 42 209235 39 0
949 964 42 909150 39 0
950 224768 42 67323 39 0
951 962 42 937 39 0
952 861218 42 561574 39 0
953 327348 42 440467 39 0
954 993381 42 945 39 0
955 708130 42 627283 39 0
956 72198 42 579633 39 0
957 9123 42 412313 39 0
958 909150 42 686521 39 0
959 232502 42 488596 39 0
960 323446 42 227090 39 0
961 230268 42 419443 39 0
962 246366 42 949298 39 0
963 702933 42 702933 39 1
964 135262 42 59140 39 0
965 209235 42 262207 39 0
966 881669 41 905 38 0
967 448668 41 902 38 0
968 238806 41 745858 38 0
969 623022 41 653814 38 0
970 368180 41 57244 38 0
971 684365 41 728529 38 0
972 319254 41 1041 38 0
973 281572 41 458115 38 0
974 808007 41 681201 38 0
975 688813 41 623022 38 0
976 661547 41 79414 38 0
977 949298 41 962 38 0
978 765801 41 654649 38 0
979 838083 41 176658 38 0
980 106837 41 135262 38 0
981 731388 41 386431 38 0
982 488596 41 846748 38 0
983 754414 41 631937 38 0
984 534934 41 993381 38 0
985 791326 41 932168 38 0
986 220266 40 978000 38 0
987 1003 40 1017 37 0
988 59140 40 829912 37 0
989 932168 40 609575 37 0
990 23641 40 845502 37 0
991 681201 40 232502 37 0
992 320604 40 829329 37 0
993 227090 40 1010 37 0
994 728529 40 323446 37 0
995 829814 40 621602 37 0
996 746033 40 931620 37 0
997 363969 40 688813 37 0
998 654649 40 765801 37 0
999 386431 40 537573 37 0
1000 829912 40 133060 37 0
1001 203729 40 838083 37 0
1002 990 40 281572 37 0
1003 1924 40 223638 37 0
1004 79414 40 661547 37 0
1005 1017 39 777 36 0
1006 295832 39 737009 36 0
1007 11754 39 746033 36 0
1008 845502 39 687552 36 0
1009 571152 39 829814 36 0
1010 458115 39 1033 36 0
1011 140405 39 802879 36 0
1012 88509 39 34733 36 0
1013 621602 39 613735 36 0
1014 817688 39 838692 36 0
1015 1018 39 940090 36 0
1016 829329 39 140405 36 0
1017 498173 39 403083 36 0
1018 759814 39 791326 36 0
1019 609575 39 66490 36 0
1020 809964 39 990 36 0
1021 1010 39 498173 36 0
1022 656712 39 88509 36 0
1023 978000 39 368180 36 0
1024 1006 39 754414 36 0
1025 34733 39 808007 36 0
1026 1041 38 23641 36 0
1027 883332 38 363969 36 0
1028 384266 38 391492 35 0
1029 1040 38 1045 35 0
1030 223638 38 1049 35 0
1031 1045 38 656712 35 0
1032 990723 38 1018 35 0
1033 1033 38 762390 35 0
1034 687552 38 1076 35 0
1035 1031 38 536069 35 0
1036 530323 38 384266 35 0
1037 1028 38 12807 35 0
1038 861236 38 817688 35 0
1039 845919 38 1052 35 0
1040 640071 38 203729 35 0
1041 394015 38 530323 35 0
1042 63684 38 100268 35 0
1043 639935 38 445288 35 0
1044 940090 38 845919 35 0
1045 802879 38 639935 35 0
1046 348309 38 571152 35 0
1047 281699 38 11754 35 0
1048 838692 37 883332 35 0
1049 227464 37 766352 35 0
1050 762390 37 443692 35 0
1051 217929 37 735449 35 0
1052 670257 37 1068 35 0
1053 1068 37 348309 35 0
1054 514199 37 220266 35 0
1055 653693 37 264055 35 0
1056 133060 37 30758 35 0
1057 613735 37 809964 34 0
1058 429088 37 429088 34 1
1059 777 37 267969 34 0
1060 550084 37 509309 34 0
1061 931620 37 933324 34 0
1062 766352 37 217929 34 0
1063 735449 37 545199 34 0
1064 737009 37 1084 34 0
1065 30758 37 295832 34 0
1066 403083 37 617569 34 0
1067 121184 37 598308 34 0
1068 267969 37 653693 34 0
1069 1052 37 11972 34 0
1070 1049 37 307353 34 0
1071 595017 36 63684 34 0
1072 850601 36 394015 34 0
1073 933324 36 1080 34 0
1074 480007 36 856260 34 0
1075 12807 36 861236 34 0
1076 545199 36 281699 34 0
1077 98173 36 1031 34 0
1078 598308 36 364822 34 0
1079 66490 36 1082 34 0
1080 739484 36 567655 34 0
1081 1084 36 1149 33 0
1082 970670 36 34548 33 0
1083 417612 36 470089 33 0
1084 443692 36 113928 33 0
1085 928940 36 581216 33 0
1086 88612 36 514199 33 0
1087 536069 36 1040 33 0
1088 891587 36 121184 33 0
1089 194731 36 227464 33 0
1090 1076 36 1140 33 0
1091 34548 36 877504 33 0
1092 1078 36 1126 33 0
1093 1080 36 163464 33 0
1094 1082 36 417690 33 0
1095 617569 35 2923 33 0
1096 120321 35 551148 33 0
1097 445288 35 739484 33 0
1098 203935 35 990723 33 0
1099 551148 35 1028 33 0
1100 509309 35 1100 33 0
1101 559046 35 891587 33 0
1102 11972 35 659009 33 0
1103 856260 35 595017 33 0
1104 391492 35 779541 33 0
1105 469644 35 432072 33 0
1106 100268 35 850601 33 0
1107 787927 35 290310 33 0
1108 779541 35 970670 33 0
1109 600253 35 417612 33 0
1110 319920 35 927518 33 0
1111 659009 35 182653 32 0
1112 470089 35 194731 32 0
1113 1100 35 487364 32 0
1114 18779 35 600253 32 0
1115 515677 35 98173 32 0
1116 985352 35 515677 32 0
1117 516357 35 886544 32 0
1118 561147 35 670257 32 0
1119 581216 35 724353 32 0
1120 307353 35 720865 32 0
1121 113928 34 1122 32 0
1122 275792 34 88612 32 0
1123 1133 34 696721 32 0
1124 668409 34 483271 32 0
1125 912610 34 1078 32 0
1126 311747 34 80759 32 0
1127 720865 34 446842 32 0
1128 375165 34 341295 32 0
1129 1140 34 759814 32 0
1130 163464 34 480007 32 0
1131 927518 34 985352 32 0
1132 567655 34 163437 32 0
1133 446842 34 640071 32 0
1134 417690 34 928940 32 0
1135 549380 34 825636 31 0
1136 712234 34 927814 31 0
1137 2923 34 668409 31 0
1138 131052 34 275792 31 0
1139 468821 34 914184 31 0
1140 483271 34 549380 31 0
1141 1122 34 247598 31 0
1142 1123 34 787927 31 0
1143 724353 34 120321 31 0
1144 1126 34 319920 31 0
1145 364822 34 776892 31 0
1146 425994 34 712234 31 0
1147 889048 33 397228 31 0
1148 877504 33 12570 31 0
1149 513170 33 634791 31 0
1150 290310 33 912610 31 0
1151 1169 33 672175 31 0
1152 118810 33 468821 31 0
1153 168303 33 1202 31 0
1154 523800 33 516357 31 0
1155 974541 33 311747 31 0
1156 80759 33 168303 31 0
1157 163437 33 74534 31 0
1158 432072 33 607431 31 0
1159 516025 33 539068 31 0
1160 673762 33 118810 31 0
1161 634791 33 297560 31 0
1162 306292 33 516025 31 0
1163 301289 33 1236 31 0
1164 74534 33 1006 31 0
1165 914184 33 801718 30 0
1166 1150 33 401540 30 0
1167 1149 33 1201 30 0
1168 271072 33 928620 30 0
1169 487364 33 513170 30 0
1170 603957 33 271072 30 0
1171 539068 33 131052 30 0
1172 777078 33 928499 30 0
1173 182653 33 1221 30 0
1174 341295 33 117826 30 0
1175 696721 32 777078 30 0
1176 204670 32 889048 30 0
1177 1192 32 550084 30 0
1178 620737 32 1192 30 0
1179 699606 32 603957 30 0
1180 247598 32 523800 30 0
1181 801348 32 708226 30 0
1182 1200 32 81185 30 0
1183 1201 32 620737 30 0
1184 555550 32 871125 30 0
1185 1202 32 375165 30 0
1186 886544 32 1266 30 0
1187 801718 32 1133 30 0
1188 187278 32 1169 30 0
1189 401540 32 699606 30 0
1190 835870 32 169460 30 0
1191 236592 32 416060 30 0
1192 776892 32 970443 29 0
1193 297560 32 203935 29 0
1194 247861 32 864546 29 0
1195 928499 32 88569 29 0
1196 416060 32 898337 29 0
1197 299198 32 1228 29 0
1198 672175 32 533639 29 0
1199 765269 32 561147 29 0
1200 825636 32 50473 29 0
1201 443712 32 1123 29 0
1202 928620 32 1225 29 0
1203 845694 32 741154 29 0
1204 708822 32 899374 29 0
1205 663164 31 18779 29 0
1206 169460 31 820161 29 0
1207 1221 31 912874 29 0
1208 176451 31 858434 29 0
1209 607796 31 946083 29 0
1210 1225 31 1212 29 0
1211 607431 31 425994 29 0
1212 762738 31 673762 29 0
1213 1236 31 301289 29 0
1214 1228 31 726223 29 0
1215 930914 31 306292 29 0
1216 937573 31 536868 29 0
1217 368372 31 546601 29 0
1218 899374 31 559046 29 0
1219 927814 31 1269 29 0
1220 708226 31 1150 29 0
1221 397228 31 835870 29 0
1222 123877 31 555550 29 0
1223 533639 31 299198 29 0
1224 88569 31 765269 29 0
1225 726223 31 247861 29 0
1226 12570 31 21509 29 0
1227 81185 31 1215 29 0
1228 905242 31 1311 28 0
1229 970443 31 289635 28 0
1230 64532 31 102185 28 0
1231 344461 31 123877 28 0
1232 744571 31 80844 28 0
1233 117826 31 618155 28 0
1234 536868 31 409062 28 0
1235 1215 31 469644 28 0
1236 1212 31 653527 28 0
1237 864546 30 443712 28 0
1238 998563 30 368372 28 0
1239 122812 30 959376 28 0
1240 1266 30 380152 28 0
1241 566122 30 680556 28 0
1242 618155 30 292493 28 0
1243 1269 30 176451 28 0
1244 262356 30 262356 28 1
1245 190034 30 117005 28 0
1246 380152 30 725374 28 0
1247 16918 30 1200 28 0
1248 368012 30 1282 28 0
1249 292493 30 236592 28 0
1250 871125 30 899476 28 0
1251 912874 30 840360 28 0
1252 39450 30 1274 28 0
1253 858434 30 16918 28 0
1254 21509 30 1258 28 0
1255 294583 30 533614 28 0
1256 680556 30 178079 28 0
1257 693124 30 1315 28 0
1258 69627 30 788557 28 0
1259 1258 30 759631 28 0
1260 381249 30 314976 28 0
1261 759631 30 905242 28 0
1262 1242 30 294583 28 0
1263 898337 30 499371 28 0
1264 521895 30 1242 28 0
1265 546601 30 39450 28 0
1266 50473 30 566122 28 0
1267 741154 30 344461 28 0
1268 795909 30 485840 28 0
1269 11075 30 348655 27 0
1270 102185 29 1272 27 0
1271 409062 29 1278 27 0
1272 838573 29 602314 27 0
1273 156549 29 190034 27 0
1274 150301 29 167069 27 0
1275 858368 29 176469 27 0
1276 499371 29 599666 27 0
1277 613883 29 659670 27 0
1278 230227 29 762738 27 0
1279 14388 29 974541 27 0
1280 289635 29 607796 27 0
1281 381093 29 708822 27 0
1282 167069 29 175258 27 0
1283 959376 29 855413 27 0
1284 491645 29 204670 27 0
1285 855413 29 187278 27 0
1286 314976 29 159578 27 0
1287 348655 29 64532 27 0
1288 132452 29 79629 27 0
1289 419134 29 934712 27 0
1290 605864 29 132452 27 0
1291 178079 29 491645 27 0
1292 899476 29 663164 27 0
1293 159578 29 521895 27 0
1294 981119 29 150301 27 0
1295 1272 29 283020 27 0
1296 485840 29 1374 27 0
1297 1274 29 638823 27 0
1298 820161 29 94331 27 0
1299 1278 29 80654 27 0
1300 553498 29 25091 27 0
1301 272280 29 388850 27 0
1302 464126 29 744571 27 0
1303 1282 29 14388 27 0
1304 946083 29 1333 27 0
1305 725374 29 613883 27 0
1306 80844 28 801348 27 0
1307 892377 28 11075 27 0
1308 159821 28 805677 27 0
1309 1333 28 129919 27 0
1310 129919 28 937573 27 0
1311 1341 28 605864 27 0
1312 496055 28 464126 26 0
1313 283020 28 661729 26 0
1314 653527 28 613653 26 0
1315 80654 28 156549 26 0
1316 119707 28 927404 26 0
1317 17263 28 693124 26 0
1318 788557 28 331221 26 0
1319 25091 28 230227 26 0
1320 210273 28 119707 26 0
1321 117005 28 684514 26 0
1322 175258 28 553498 26 0
1323 588671 28 368012 26 0
1324 533614 28 736983 26 0
1325 613653 28 923091 26 0
1326 805677 28 447124 26 0
1327 602314 28 272280 26 0
1328 233967 28 804085 26 0
1329 29065 28 892377 26 0
1330 684514 28 69627 26 0
1331 840360 28 981119 26 0
1332 929892 28 210273 26 0
1333 200122 28 376854 26 0
1334 1307 28 782162 26 0
1335 1311 28 419134 26 0
1336 599666 28 636682 26 0
1337 1315 28 929892 26 0
1338 641337 28 17263 26 0
1339 659670 28 923690 26 0
1340 390223 28 496055 26 0
1341 376854 28 930914 26 0
1342 135209 28 29065 26 0
1343 1381 27 813352 26 0
1344 388850 27 196700 26 0
1345 343380 27 1307 26 0
1346 196700 27 641337 26 0
1347 473134 27 807979 26 0
1348 225003 27 1341 26 0
1349 1374 27 695817 26 0
1350 728816 27 795909 26 0
1351 636682 27 885710 25 0
1352 626652 27 623921 25 0
1353 804085 27 122812 25 0
1354 540071 27 1353 25 0
1355 479453 27 449828 25 0
1356 934712 27 381093 25 0
1357 630062 27 159821 25 0
1358 807979 27 180567 25 0
1359 64882 27 225003 25 0
1360 447124 27 632405 25 0
1361 861246 27 772262 25 0
1362 923091 27 947166 25 0
1363 638823 27 64882 25 0
1364 669679 27 420391 25 0
1365 1353 27 361753 25 0
1366 42825 27 595403 25 0
1367 851840 27 888231 25 0
1368 888231 27 135209 25 0
1369 1346 27 940896 25 0
1370 736983 27 540071 25 0
1371 79629 27 998563 25 0
1372 361753 27 380283 25 0
1373 782162 27 479453 25 0
1374 176469 27 616979 25 0
1375 695817 27 655307 25 0
1376 772262 27 163749 25 0
1377 94331 27 858368 25 0
1378 223268 27 381249 25 0
1379 512298 27 473134 25 0
1380 431738 27 1363 25 0
1381 813352 27 851840 25 0
1382 1363 27 233967 25 0
1383 449828 27 845694 25 0
1384 927404 26 742393 25 0
1385 286175 26 1422 25 0
1386 1401 26 52676 25 0
1387 885710 26 343380 25 0
1388 171832 26 431738 25 0
1389 816104 26 418002 25 0
1390 923690 26 131854 25 0
1391 883976 26 286175 25 0
1392 488258 26 41542 25 0
1393 317016 26 245740 25 0
1394 286057 26 568418 25 0
1395 493996 26 669092 25 0
1396 41542 26 883976 25 0
1397 661729 26 980166 25 0
1398 349367 26 630062 24 0
1399 1422 26 328026 24 0
1400 131854 26 897411 24 0
1401 893581 26 669679 24 0
1402 491933 26 309469 24 0
1403 221447 26 817543 24 0
1404 632405 26 516538 24 0
1405 329452 26 755981 24 0
1406 323762 26 329452 24 0
1407 940896 26 671132 24 0
1408 623921 26 200122 24 0
1409 669092 26 37321 24 0
1410 755981 26 626201 24 0
1411 980166 26 553079 24 0
1412 245740 26 481538 24 0
1413 258872 26 659122 24 0
1414 542812 26 390223 24 0
1415 331221 26 951857 24 0
1416 434968 26 700663 24 0
1417 616979 26 976770 24 0
1418 328026 26 376634 24 0
1419 309469 26 728816 24 0
1420 655307 26 893581 24 0
1421 1389 26 334513 24 0
1422 380283 26 258872 24 0
1423 1392 26 838573 24 0
1424 180567 26 637806 24 0
1425 553079 26 498908 24 0
1426 163749 26 434968 24 0
1427 852858 25 1392 24 0
1428 870435 25 161556 24 0
1429 671132 25 807116 24 0
1430 37321 25 870435 24 0
1431 519769 25 588671 24 0
1432 161556 25 626652 24 0
1433 559453 25 221447 24 0
1434 743623 25 704651 24 0
1435 751401 25 80083 24 0
1436 453946 25 1389 24 0
1437 704651 25 493996 24 0
1438 516538 25 954153 24 0
1439 420391 25 657252 23 0
1440 52676 25 816104 23 0
1441 807116 25 317016 23 0
1442 311393 25 312131 23 0
1443 418002 25 1429 23 0
1444 1442 25 479190 23 0
1445 947166 25 388382 23 0
1446 87959 25 826571 23 0
1447 376634 25 861246 23 0
1448 578732 25 64225 23 0
1449 244930 25 61799 23 0
1450 595403 25 23654 23 0
1451 700663 25 665080 23 0
1452 150619 25 150619 23 1
1453 665080 25 512298 23 0
1454 897411 25 862390 23 0
1455 976770 25 552835 23 0
1456 80083 25 250694 23 0
1457 759564 25 993883 23 0
1458 742393 25 504510 23 0
1459 951857 25 323762 23 0
1460 23654 25 1516 23 0
1461 1429 25 311393 23 0
1462 40272 25 95354 23 0
1463 659122 25 949586 23 0
1464 534358 25 507293 23 0
1465 725510 25 519769 23 0
1466 862390 25 40272 23 0
1467 552835 25 349367 23 0
1468 527613 25 728103 23 0
1469 626201 25 750108 23 0
1470 131287 25 1401 23 0
1471 419055 25 469961 23 0
1472 334513 25 648056 23 0
1473 568418 25 881568 23 0
1474 1516 24 293770 23 0
1475 345391 24 527613 23 0
1476 451679 24 558399 23 0
1477 250694 24 887445 23 0
1478 362334 24 1553 23 0
1479 150505 24 1381 23 0
1480 388382 24 573671 23 0
1481 817543 24 439014 23 0
1482 197876 24 542812 23 0
1483 439014 24 42825 23 0
1484 948887 24 1442 23 0
1485 64225 24 244930 23 0
1486 770963 24 1496 23 0
1487 557243 24 183149 23 0
1488 498908 24 578732 23 0
1489 531831 24 491933 23 0
1490 105012 24 94839 22 0
1491 287364 24 99084 22 0
1492 663291 24 971953 22 0
1493 767722 24 542411 22 0
1494 881568 24 495811 22 0
1495 902131 24 764456 22 0
1496 479190 24 142500 22 0
1497 648056 24 146541 22 0
1498 481538 24 413670 22 0
1499 469961 24 395636 22 0
1500 146541 24 38702 22 0
1501 928319 24 1550 22 0
1502 657252 24 959097 22 0
1503 312131 24 663291 22 0
1504 95354 24 404702 22 0
1505 246920 24 1624 22 0
1506 954153 24 148605 22 0
1507 573671 24 534358 22 0
1508 728103 24 713896 22 0
1509 529511 24 743623 22 0
1510 203252 24 979100 22 0
1511 293770 24 199534 22 0
1512 94839 24 78427 22 0
1513 62039 24 301581 22 0
1514 887445 24 960370 22 0
1515 146655 24 842843 22 0
1516 1496 24 743611 22 0
1517 401423 24 1570 22 0
1518 83824 24 699813 22 0
1519 504510 24 1534 22 0
1520 1486 24 286057 22 0
1521 637806 24 488258 22 0
1522 865775 24 559453 22 0
1523 826571 24 413208 22 0
1524 949586 23 543235 22 0
1525 878409 23 303415 22 0
1526 168530 23 401423 22 0
1527 99084 23 948887 22 0
1528 960370 23 1539 22 0
1529 344518 23 56124 22 0
1530 724472 23 451679 22 0
1531 705476 23 1346 22 0
1532 743120 23 770963 22 0
1533 713896 23 557243 22 0
1534 508681 23 731293 22 0
1535 1570 23 345391 22 0
1536 38702 23 171832 22 0
1537 959097 23 865775 22 0
1538 141688 23 403700 21 0
1539 853797 23 195859 21 0
1540 274745 23 274745 21 1
1541 135308 23 739405 21 0
1542 532864 23 743120 21 0
1543 182571 23 135308 21 0
1544 148605 23 552396 21 0
1545 515683 23 98587 21 0
1546 841148 23 928319 21 0
1547 373025 23 102461 21 0
1548 195859 23 658112 21 0
1549 61799 23 889495 21 0
1550 183149 23 246920 21 0
1551 918151 23 1632 21 0
1552 558399 23 759564 21 0
1553 750108 23 105012 21 0
1554 543235 23 377285 21 0
1555 780555 23 90381 21 0
1556 658112 23 120334 21 0
1557 893243 23 638686 21 0
1558 507293 23 87959 21 0
1559 993883 23 361592 21 0
1560 643961 23 725510 21 0
1561 758374 23 837596 21 0
1562 582522 23 97226 21 0
1563 731293 23 150505 21 0
1564 404702 23 898928 21 0
1565 798503 23 542038 21 0
1566 1534 23 159618 21 0
1567 1539 23 595624 21 0
1568 1550 23 992824 21 0
1569 603882 23 853797 21 0
1570 743611 23 83824 21 0
1571 1553 23 796860 21 0
1572 159618 23 464806 21 0
1573 764456 23 758374 21 0
1574 595624 23 841148 21 0
1575 729634 23 858433 21 0
1576 995142 23 419055 21 0
1577 98587 23 287364 21 0
1578 971953 22 821834 21 0
1579 128926 22 309024 21 0
1580 107645 22 850502 21 0
1581 90381 22 197656 21 0
1582 97226 22 780555 21 0
1583 597968 22 362334 21 0
1584 199534 22 893243 21 0
1585 86748 22 597968 21 0
1586 482026 22 181023 21 0
1587 791839 22 852858 21 0
1588 20337 22 128926 21 0
1589 1632 22 767722 21 0
1590 761237 22 1582 21 0
1591 136955 22 603882 21 0
1592 1624 22 529511 21 0
1593 824574 22 428682 21 0
1594 992824 22 580740 21 0
1595 898928 22 410053 21 0
1596 102461 22 824574 21 0
1597 303415 22 136955 21 0
1598 120334 22 20337 21 0
1599 78427 22 508681 21 0
1600 539101 22 255538 21 0
1601 495811 22 417887 21 0
1602 979100 22 1586 21 0
1603 301581 22 3050 21 0
1604 842843 22 223268 21 0
1605 18735 22 168530 21 0
1606 142500 22 724472 21 0
1607 428682 22 141688 20 0
1608 737788 22 885751 20 0
1609 3050 22 24613 20 0
1610 997376 22 714007 20 0
1611 415670 22 316688 20 0
1612 542411 22 531831 20 0
1613 474371 22 918151 20 0
1614 377285 22 245590 20 0
1615 56124 22 532864 20 0
1616 850502 22 980180 20 0
1617 656695 22 255912 20 0
1618 542038 22 335755 20 0
1619 1603 22 97340 20 0
1620 255538 22 83879 20 0
1621 739405 22 1765 20 0
1622 413670 22 911897 20 0
1623 148148 22 453946 20 0
1624 197656 22 1767 20 0
1625 1586 22 415670 20 0
1626 573096 22 18735 20 0
1627 255912 22 705476 20 0
1628 638686 22 263934 20 0
1629 395636 22 572123 20 0
1630 699813 22 618933 20 0
1631 274057 22 540408 20 0
1632 413208 22 197876 20 0
1633 991885 22 131287 20 0
1634 263934 22 42412 20 0
1635 1582 22 784928 20 0
1636 403700 21 1710 20 0
1637 1688 21 950328 20 0
1638 900122 21 999164 20 0
1639 1691 21 1691 20 1
1640 83879 21 995142 20 0
1641 464806 21 1651 20 0
1642 1684 21 971499 20 0
1643 912220 21 573870 20 0
1644 714007 21 737788 20 0
1645 216769 21 1486 20 0
1646 895211 21 682082 20 0
1647 39595 21 373025 20 0
1648 321327 21 991885 20 0
1649 821834 21 798503 20 0
1650 580740 21 666809 20 0
1651 419041 21 761237 20 0
1652 796860 21 344518 20 0
1653 666809 21 923424 20 0
1654 93355 21 146655 20 0
1655 887826 21 785827 20 0
1656 980180 21 1603 20 0
1657 837596 21 139016 20 0
1658 911897 21 402643 20 0
1659 417192 21 131429 20 0
1660 433357 21 902131 20 0
1661 240520 21 895211 20 0
1662 958437 21 878409 20 0
1663 131429 21 582522 20 0
1664 309024 21 751401 20 0
1665 858433 21 513028 20 0
1666 923424 21 182571 20 0
1667 1675 21 515683 20 0
1668 113041 21 203252 20 0
1669 1695 21 751523 20 0
1670 745871 21 274057 20 0
1671 235103 21 166901 20 0
1672 1651 21 729634 20 0
1673 342293 21 482026 20 0
1674 1649 21 532328 19 0
1675 950328 21 360735 19 0
1676 1645 21 791317 19 0
1677 862073 21 1791 19 0
1678 481539 21 643961 19 0
1679 181023 21 148148 19 0
1680 784928 21 86748 19 0
1681 44438 21 573096 19 0
1682 99704 21 419041 19 0
1683 361592 21 62039 19 0
1684 889495 21 791839 19 0
1685 987768 21 887826 19 0
1686 970449 21 235103 19 0
1687 513028 21 1735 19 0
1688 682082 21 44438 19 0
1689 410053 21 438287 19 0
1690 438287 21 592151 19 0
1691 572123 21 1750 19 0
1692 552396 21 900122 19 0
1693 353382 21 39595 19 0
1694 1661 21 362965 19 0
1695 577572 21 154767 19 0
1696 417887 21 112664 19 0
1697 97340 21 687657 19 0
1698 24613 21 997376 19 0
1699 269948 21 216769 19 0
1700 668975 20 1726 19 0
1701 1735 20 536216 19 0
1702 316688 20 921783 19 0
1703 538298 20 240520 19 0
1704 112664 20 573678 19 0
1705 313006 20 656695 19 0
1706 1738 20 269948 19 0
1707 791317 20 1775 19 0
1708 1757 20 433357 19 0
1709 335755 20 172932 19 0
1710 751523 20 697947 19 0
1711 673167 20 321327 19 0
1712 166901 20 970449 19 0
1713 592151 20 565286 19 0
1714 379147 20 1675 19 0
1715 1765 20 165309 19 0
1716 1767 20 732574 19 0
1717 42412 20 310453 19 0
1718 48370 20 179353 19 0
1719 225681 20 474371 19 0
1720 1768 20 935972 19 0
1721 1750 20 1700 19 0
1722 885751 20 903596 19 0
1723 1761 20 662168 19 0
1724 178729 20 1790 19 0
1725 618933 20 342293 19 0
1726 384943 20 252329 19 0
1727 376750 20 979112 19 0
1728 999164 20 577572 19 0
1729 310453 20 188555 19 0
1730 252329 20 326743 19 0
1731 39361 20 958437 19 0
1732 133445 20 313006 19 0
1733 565286 20 481539 19 0
1734 392212 20 113041 19 0
1735 245590 20 1738 19 0
1736 921783 20 444064 19 0
1737 541785 20 1645 19 0
1738 14971 20 339608 19 0
1739 536216 20 379147 19 0
1740 49295 20 159160 19 0
1741 218752 20 470155 19 0
1742 935972 20 107645 19 0
1743 621297 20 48370 19 0
1744 94157 20 235920 19 0
1745 971499 20 541785 19 0
1746 488818 20 279509 18 0
1747 402643 20 761955 18 0
1748 584686 20 259333 18 0
1749 687657 20 576689 18 0
1750 763371 20 318758 18 0
1751 1700 20 613040 18 0
1752 752333 20 40553 18 0
1753 1726 20 781955 18 0
1754 734928 20 133445 18 0
1755 271214 20 789711 18 0
1756 360735 20 600074 18 0
1757 573870 20 745871 18 0
1758 339608 20 1800 18 0
1759 785827 20 1829 18 0
1760 1713 20 845939 18 0
1761 159160 20 668975 18 0
1762 1710 20 1661 18 0
1763 139016 20 1713 18 0
1764 735247 20 656517 18 0
1765 540408 20 1825 18 0
1766 165309 20 491231 18 0
1767 173871 20 250554 18 0
1768 240071 20 752333 18 0
1769 1837 19 173871 18 0
1770 963198 19 488818 18 0
1771 817284 19 502863 18 0
1772 761955 19 107149 18 0
1773 659941 19 1688 18 0
1774 1843 19 758884 18 0
1775 417845 19 162908 18 0
1776 361649 19 542859 18 0
1777 524630 19 1892 18 0
1778 670880 19 1761 18 0
1779 59108 19 94157 18 0
1780 362451 19 472582 18 0
1781 954476 19 277277 18 0
1782 602452 19 672208 18 0
1783 348646 19 223546 18 0
1784 734710 19 384943 18 0
1785 613040 19 39361 18 0
1786 63093 19 538298 18 0
1787 966402 19 392212 18 0
1788 179353 19 353382 18 0
1789 110088 19 781832 18 0
1790 845939 19 178729 18 0
1791 470155 19 1768 18 0
1792 444064 19 90326 18 0
1793 603991 19 817284 18 0
1794 620676 19 218752 18 0
1795 758884 19 417192 18 0
1796 154767 19 956068 18 0
1797 250554 19 225681 18 0
1798 173987 19 240071 18 0
1799 946100 19 306921 18 0
1800 662168 19 374344 18 0
1801 812280 19 376750 18 0
1802 412756 19 538082 18 0
1803 732574 19 306003 18 0
1804 107149 19 59108 18 0
1805 458537 19 39488 18 0
1806 781955 19 827584 18 0
1807 273824 19 317740 18 0
1808 172932 19 1649 18 0
1809 188555 19 340941 18 0
1810 326743 19 1837 18 0
1811 979112 19 565072 18 0
1812 924008 19 99704 18 0
1813 317740 19 49295 18 0
1814 826427 19 1695 18 0
1815 802712 19 937044 18 0
1816 651597 19 417845 17 0
1817 953551 19 1684 17 0
1818 243588 19 602452 17 0
1819 502863 19 188648 17 0
1820 188648 19 709525 17 0
1821 903596 19 735247 17 0
1822 362965 19 631527 17 0
1823 235920 19 929387 17 0
1824 318758 19 763270 17 0
1825 937044 19 173987 17 0
1826 697947 19 660976 17 0
1827 573678 19 1859 17 0
1828 656517 19 599627 17 0
1829 277277 19 612373 17 0
1830 479541 19 220154 17 0
1831 660976 19 76483 17 0
1832 39488 19 353366 17 0
1833 947904 19 812280 17 0
1834 274255 19 659941 17 0
1835 1829 19 584686 17 0
1836 1791 19 93355 17 0
1837 1790 19 630425 17 0
1838 374344 19 1769 17 0
1839 1816 19 63093 17 0
1840 532328 19 746178 17 0
1841 1800 19 331435 17 0
1842 1775 19 876817 17 0
1843 1769 19 1891 17 0
1844 1825 19 458537 17 0
1845 173582 18 73129 17 0
1846 81438 18 807845 17 0
1847 500741 18 826427 17 0
1848 415683 18 22548 17 0
1849 980481 18 32472 17 0
1850 779760 18 385252 17 0
1851 1922 18 457091 17 0
1852 755695 18 2012 17 0
1853 385252 18 342913 17 0
1854 70806 18 183008 17 0
1855 1916 18 442487 17 0
1856 22548 18 774461 17 0
1857 331435 18 673446 17 0
1858 231981 18 273824 17 0
1859 542859 18 23634 17 0
1860 920792 18 798801 17 0
1861 700849 18 337342 17 0
1862 827584 18 862308 17 0
1863 672208 18 1916 17 0
1864 8758 18 412756 17 0
1865 279509 18 802712 17 0
1866 600074 18 1922 17 0
1867 580379 18 81438 17 0
1868 76483 18 375125 17 0
1869 513630 18 1757 17 0
1870 538595 18 912220 17 0
1871 544459 18 725349 17 0
1872 903943 18 546478 17 0
1873 136495 18 954476 17 0
1874 223546 18 1980 17 0
1875 245417 18 966402 17 0
1876 584863 18 734710 17 0
1877 340941 18 620676 17 0
1878 306003 18 768402 17 0
1879 71544 18 70806 17 0
1880 183008 18 1967 17 0
1881 457091 18 1816 17 0
1882 488238 18 953551 17 0
1883 548913 18 670880 17 0
1884 768402 18 348646 17 0
1885 876817 18 862073 17 0
1886 807845 18 33234 17 0
1887 342913 18 580379 17 0
1888 837104 18 544459 17 0
1889 576689 18 920792 17 0
1890 538082 18 498552 17 0
1891 90326 18 488238 17 0
1892 353366 18 213054 17 0
1893 71848 18 376943 17 0
1894 565072 18 987768 17 0
1895 631527 18 70834 17 0
1896 778653 18 621297 17 0
1897 709525 18 274255 17 0
1898 1874 18 824279 17 0
1899 77161 18 1864 17 0
1900 259333 18 673167 17 0
1901 56887 18 36202 17 0
1902 442487 18 966998 17 0
1903 280175 18 808731 17 0
1904 929387 18 2048 16 0
1905 432771 18 173582 16 0
1906 306921 18 471734 16 0
1907 824279 18 45382 16 0
1908 491231 18 980481 16 0
1909 1864 18 302048 16 0
1910 612373 18 1990 16 0
1911 956068 18 151518 16 0
1912 73129 18 879531 16 0
1913 1859 18 947904 16 0
1914 472582 18 1945 16 0
1915 685349 18 863328 16 0
1916 897966 18 940461 16 0
1917 33234 18 857233 16 0
1918 789711 18 415683 16 0
1919 162908 18 245417 16 0
1920 867093 18 200361 16 0
1921 519080 18 253265 16 0
1922 40553 18 858838 16 0
1923 209206 18 548913 16 0
1924 781832 18 479541 16 0
1925 213054 18 231981 16 0
1926 1891 18 512097 16 0
1927 1892 18 951852 16 0
1928 869497 18 539101 16 0
1929 858838 17 2069 16 0
1930 997561 17 651597 16 0
1931 337342 17 740541 16 0
1932 197409 17 230521 16 0
1933 450149 17 902897 16 0
1934 858828 17 2049 16 0
1935 703799 17 519080 16 0
1936 813521 17 220559 16 0
1937 1990 17 755695 16 0
1938 510919 17 472378 16 0
1939 2014 17 444898 16 0
1940 567252 17 1874 16 0
1941 630425 17 1960 16 0
1942 2012 17 54256 16 0
1943 951852 17 779760 16 0
1944 200361 17 837104 16 0
1945 546478 17 71544 16 0
1946 279475 17 510919 16 0
1947 372649 17 703799 16 0
1948 940461 17 584863 16 0
1949 376943 17 734928 16 0
1950 350941 17 532816 16 0
1951 220154 17 997561 16 0
1952 808731 17 924008 16 0
1953 687330 17 128654 16 0
1954 534220 17 547537 16 0
1955 887721 17 887721 16 1
1956 361083 17 897966 16 0
1957 308353 17 77161 16 0
1958 239961 17 513630 16 0
1959 161848 17 2034 16 0
1960 472378 17 734562 16 0
1961 245617 17 524630 16 0
1962 100281 17 1954 16 0
1963 328653 17 992108 16 0
1964 898705 17 966740 16 0
1965 753786 17 946100 16 0
1966 599627 17 567252 16 0
1967 798801 17 281503 16 0
1968 966998 17 741863 16 0
1969 763270 17 685349 16 0
1970 857233 17 328653 16 0
1971 933404 17 402998 16 0
1972 582373 17 132781 16 0
1973 746178 17 361083 16 0
1974 402998 17 2085 16 0
1975 904191 17 2103 16 0
1976 498552 17 187315 16 0
1977 337554 17 10925 16 0
1978 375125 17 500741 16 0
1979 662989 17 778653 16 0
1980 862308 17 218428 16 0
1981 725349 17 980458 16 0
1982 272439 17 243588 16 0
1983 10925 17 14971 16 0
1984 161335 17 867093 16 0
1985 444898 17 538595 16 0
1986 1945 17 2025 16 0
1987 230521 17 110088 16 0
1988 1960 17 161848 16 0
1989 32472 17 2081 16 0
1990 505542 17 780540 16 0
1991 740541 17 279475 16 0
1992 396962 17 687330 16 0
1993 1954 17 157316 16 0
1994 992108 17 334073 16 0
1995 272734 17 603991 16 0
1996 1949 17 2061 16 0
1997 506901 17 858828 16 0
1998 673446 17 56887 16 0
1999 413893 17 493164 16 0
2000 111887 17 272439 16 0
2001 253265 17 796362 16 0
2002 70834 17 763371 16 0
2003 281503 17 362451 16 0
2004 774461 17 271214 16 0
2005 395364 17 541820 16 0
2006 334073 17 450149 16 0
2007 788571 17 432771 16 0
2008 157316 17 10542 16 0
2009 302048 17 813521 15 0
2010 1967 17 761337 15 0
2011 1980 17 2050 15 0
2012 556446 17 354523 15 0
2013 54256 17 161574 15 0
2014 36202 17 161841 15 0
2015 1977 17 640260 15 0
2016 342722 17 189129 15 0
2017 556374 17 8758 15 0
2018 879531 17 322570 15 0
2019 951678 17 350941 15 0
2020 944666 17 676460 15 0
2021 23634 17 763262 15 0
2022 2117 16 499725 15 0
2023 537300 16 139086 15 0
2024 547537 16 92775 15 0
2025 161574 16 144346 15 0
2026 299091 16 2102 15 0
2027 985936 16 2014 15 0
2028 980458 16 2221 15 0
2029 2084 16 176042 15 0
2030 77626 16 374569 15 0
2031 670968 16 909799 15 0
2032 196980 16 951678 15 0
2033 2085 16 357743 15 0
2034 653416 16 811427 15 0
2035 810332 16 161335 15 0
2036 161841 16 136495 15 0
2037 438541 16 315746 15 0
2038 357743 16 134698 15 0
2039 2109 16 337554 15 0
2040 741863 16 700849 15 0
2041 568860 16 582373 15 0
2042 796362 16 194277 15 0
2043 2103 16 985936 15 0
2044 863328 16 58945 15 0
2045 407043 16 938405 15 0
2046 267642 16 396962 15 0
2047 222604 16 739010 15 0
2048 578148 16 449717 15 0
2049 2102 16 395364 15 0
2050 224838 16 222604 15 0
2051 128654 16 407043 15 0
2052 144346 16 65551 15 0
2053 902897 16 933404 15 0
2054 541820 16 603182 15 0
2055 817457 16 537300 15 0
2056 959317 16 599341 15 0
2057 811427 16 145184 15 0
2058 744881 16 868832 15 0
2059 739010 16 299091 15 0
2060 33768 16 495569 15 0
2061 632631 16 1843 15 0
2062 890267 16 369888 15 0
2063 734562 16 364183 15 0
2064 648131 16 963198 15 0
2065 449717 16 2179 15 0
2066 966740 16 255720 15 0
2067 994037 16 733398 15 0
2068 357275 16 224838 15 0
2069 206421 16 209206 15 0
2070 913219 16 2109 15 0
2071 10542 16 39232 15 0
2072 475925 16 361649 15 0
2073 132781 16 475925 15 0
2074 514610 16 662989 15 0
2075 495569 16 414138 15 0
2076 813460 16 475493 15 0
2077 599341 16 648131 15 0
2078 440649 16 577472 15 0
2079 322570 16 788571 15 0
2080 470312 16 904191 15 0
2081 248390 16 111887 15 0
2082 2050 16 914832 15 0
2083 396309 16 450558 15 0
2084 717531 16 994037 15 0
2085 589011 16 1977 15 0
2086 2062 16 705128 15 0
2087 97892 16 910305 15 0
2088 2061 16 589011 15 0
2089 364183 16 903943 15 0
2090 512097 16 670968 15 0
2091 148395 16 470312 15 0
2092 532816 16 913219 15 0
2093 676460 16 308353 15 0
2094 760483 16 534220 15 0
2095 493164 16 155242 15 0
2096 471734 16 306825 15 0
2097 2049 16 890267 15 0
2098 2048 16 1949 15 0
2099 194277 16 505542 15 0
2100 465069 16 567693 15 0
2101 909799 16 436886 15 0
2102 2025 16 835779 15 0
2103 151518 16 272734 15 0
2104 2027 16 2169 15 0
2105 2034 16 71848 15 0
2106 369888 16 2230 15 0
2107 45382 16 206421 15 0
2108 284846 16 440649 15 0
2109 2081 16 595357 15 0
2110 187315 16 262106 14 0
2111 780540 16 817457 14 0
2112 220559 16 959317 14 0
2113 2783 16 966612 14 0
2114 912346 16 105205 14 0
2115 134698 16 753786 14 0
2116 763262 16 77626 14 0
2117 234690 16 484667 14 0
2118 2069 16 153540 14 0
2119 835764 16 638654 14 0
2120 340071 16 2131 14 0
2121 2067 16 933996 14 0
2122 65551 16 2345 14 0
2123 139086 16 880983 14 0
2124 354523 16 506901 14 0
2125 218428 16 280175 14 0
2126 425626 15 243748 14 0
2127 58945 15 2160 14 0
2128 104343 15 18764 14 0
2129 278087 15 342722 14 0
2130 991778 15 103747 14 0
2131 155242 15 101313 14 0
2132 728960 15 196980 14 0
2133 189129 15 234690 14 0
2134 2225 15 540154 14 0
2135 153540 15 641272 14 0
2136 39232 15 248390 14 0
2137 2221 15 898705 14 0
2138 484667 15 670321 14 0
2139 476724 15 201303 14 0
2140 414138 15 2027 14 0
2141 605938 15 835764 14 0
2142 698523 15 422758 14 0
2143 69475 15 813460 14 0
2144 979494 15 926408 14 0
2145 756040 15 744881 14 0
2146 367940 15 578148 14 0
2147 733398 15 988891 14 0
2148 210932 15 572850 14 0
2149 374569 15 836371 14 0
2150 899760 15 704337 14 0
2151 541941 15 47961 14 0
2152 864702 15 599854 14 0
2153 39733 15 677779 14 0
2154 546427 15 104343 14 0
2155 133676 15 225421 14 0
2156 527678 15 10417 14 0
2157 572850 15 926793 14 0
2158 315746 15 653416 14 0
2159 632253 15 899760 14 0
2160 223571 15 245617 14 0
2161 794093 15 17235 14 0
2162 915681 15 979494 14 0
2163 2230 15 728782 14 0
2164 422180 15 869497 14 0
2165 343236 15 2322 14 0
2166 645270 15 190487 14 0
2167 933996 15 844661 14 0
2168 835441 15 357275 14 0
2169 534807 15 213709 14 0
2170 72419 15 239961 14 0
2171 705128 15 197409 14 0
2172 499725 15 2178 14 0
2173 835779 15 472041 14 0
2174 256261 15 838398 14 0
2175 283396 15 477376 14 0
2176 436886 15 753437 14 0
2177 640260 15 991778 14 0
2178 514406 15 2067 14 0
2179 942502 15 69475 14 0
2180 635906 15 788864 14 0
2181 928947 15 667874 14 0
2182 701210 15 556446 14 0
2183 868832 15 362803 14 0
2184 213709 15 148395 14 0
2185 677779 15 300831 14 0
2186 47534 15 35494 14 0
2187 147651 15 527678 14 0
2188 10417 15 100281 14 0
2189 914832 15 439690 14 0
2190 540154 15 115228 14 0
2191 938405 15 635906 14 0
2192 761337 15 556374 14 0
2193 145184 15 708610 14 0
2194 625778 15 648451 14 0
2195 648451 15 147651 14 0
2196 176042 15 546427 14 0
2197 595357 15 137539 14 0
2198 524867 15 438541 14 0
2199 567693 15 701210 14 0
2200 262106 15 840532 14 0
2201 941368 15 970753 14 0
2202 838398 15 728960 14 0
2203 638654 15 668247 14 0
2204 152560 15 2306 14 0
2205 306825 15 576500 14 0
2206 255720 15 2225 14 0
2207 603182 15 210932 14 0
2208 92840 15 945813 14 0
2209 966612 15 2140 14 0
2210 910305 15 256685 14 0
2211 18764 15 167152 14 0
2212 517173 15 554628 14 0
2213 92775 15 283396 14 0
2214 221010 15 343236 14 0
2215 35494 15 2783 14 0
2216 599854 15 544708 14 0
2217 654471 15 654471 14 1
2218 424756 15 835441 14 0
2219 450558 15 756040 14 0
2220 2209 15 717531 14 0
2221 926408 15 70615 14 0
2222 2140 15 238987 14 0
2223 2204 15 422180 14 0
2224 2133 15 465069 14 0
2225 2131 15 396309 14 0
2226 212371 15 413893 14 0
2227 668183 15 14441 14 0
2228 502791 15 632631 14 0
2229 2178 15 33768 14 0
2230 17235 15 873650 14 0
2231 241111 15 794093 14 0
2232 668247 15 284846 14 0
2233 167152 15 202633 14 0
2234 2179 15 165045 14 0
2235 840532 15 133676 14 0
2236 2153 15 2117 14 0
2237 475493 15 720628 14 0
2238 577472 15 224050 14 0
2239 115228 15 878245 14 0
2240 2169 15 912346 14 0
2241 2160 15 889306 13 0
2242 728782 14 944666 13 0
2243 630259 14 256261 13 0
2244 2345 14 943592 13 0
2245 129060 14 254520 13 0
2246 268789 14 2314 13 0
2247 588408 14 513508 13 0
2248 945813 14 814101 13 0
2249 2353 14 39733 13 0
2250 2354 14 708803 13 0
2251 737472 14 698523 13 0
2252 2356 14 89933 13 0
2253 344113 14 2449 13 0
2254 803349 14 2268 13 0
2255 498764 14 742291 13 0
2256 157093 14 631417 13 0
2257 782971 14 2258 13 0
2258 704337 14 625778 13 0
2259 329273 14 974298 13 0
2260 513508 14 424756 13 0
2261 771892 14 2356 13 0
2262 2322 14 524298 13 0
2263 836371 14 875105 13 0
2264 880983 14 2490 13 0
2265 908343 14 404098 13 0
2266 51538 14 834857 13 0
2267 724330 14 329273 13 0
2268 272497 14 915681 13 0
2269 2368 14 317650 13 0
2270 943592 14 452642 13 0
2271 908398 14 2153 13 0
2272 982262 14 2393 13 0
2273 137539 14 818315 13 0
2274 47961 14 29443 13 0
2275 477376 14 212371 13 0
2276 844661 14 425626 13 0
2277 2341 14 701004 13 0
2278 2342 14 630259 13 0
2279 667874 14 524867 13 0
2280 202633 14 492162 13 0
2281 990180 14 253498 13 0
2282 889306 14 514610 13 0
2283 402847 14 2365 13 0
2284 645254 14 498764 13 0
2285 766545 14 333440 13 0
2286 875164 14 372649 13 0
2287 641272 14 487843 13 0
2288 317490 14 424867 13 0
2289 654654 14 344113 13 0
2290 878245 14 72419 13 0
2291 423526 14 516362 13 0
2292 317650 14 179226 13 0
2293 29443 14 212932 13 0
2294 424867 14 825873 13 0
2295 970753 14 97892 13 0
2296 70615 14 782024 13 0
2297 300831 14 568860 13 0
2298 238987 14 221010 13 0
2299 103747 14 132260 13 0
2300 190487 14 2441 13 0
2301 753437 14 117924 13 0
2302 243748 14 524905 13 0
2303 931621 14 304593 13 0
2304 742291 14 637116 13 0
2305 101313 14 811634 13 0
2306 14441 14 746960 13 0
2307 394374 14 990180 13 0
2308 843071 14 725777 13 0
2309 2365 14 502791 13 0
2310 141822 14 632253 13 0
2311 838137 14 95855 13 0
2312 612799 14 517173 13 0
2313 95224 14 845349 13 0
2314 875105 14 294919 13 0
2315 788864 14 534807 13 0
2316 139256 14 941368 13 0
2317 458230 14 645567 13 0
2318 926793 14 412773 13 0
2319 988891 14 367887 13 0
2320 746960 14 715922 13 0
2321 304593 14 612799 13 0
2322 720962 14 496022 13 0
2323 294919 14 458230 13 0
2324 487843 14 2517 13 0
2325 423646 14 679327 13 0
2326 322642 14 2391 13 0
2327 377084 14 205143 13 0
2328 822548 14 724479 13 0
2329 63966 14 810332 13 0
2330 180221 14 605938 13 0
2331 492162 14 822548 13 0
2332 422758 14 2204 13 0
2333 530625 14 63966 13 0
2334 487424 14 839008 13 0
2335 679327 14 267143 13 0
2336 907173 14 843071 13 0
2337 590011 14 47534 13 0
2338 637116 14 340071 13 0
2339 2268 14 93155 13 0
2340 411249 14 942502 13 0
2341 362803 14 541941 13 0
2342 165045 14 487424 13 0
2343 430172 14 588408 13 0
2344 2258 14 982262 13 0
2345 256685 14 2470 13 0
2346 775573 14 931621 13 0
2347 873650 14 2062 13 0
2348 544708 14 200686 13 0
2349 720628 14 95224 13 0
2350 179226 14 358083 13 0
2351 256050 14 849926 13 0
2352 2304 14 423646 13 0
2353 105205 14 2408 13 0
2354 2306 14 775573 13 0
2355 849926 14 162526 13 0
2356 497880 14 379965 13 0
2357 439690 14 668183 13 0
2358 472041 14 223571 13 0
2359 308522 14 864702 13 0
2360 201303 14 141822 13 0
2361 576500 14 432879 13 0
2362 670321 14 2342 13 0
2363 2314 14 916650 13 0
2364 378620 14 278087 13 0
2365 497640 14 2479 13 0
2366 554628 14 907173 13 0
2367 563294 14 2383 13 0
2368 818315 14 113053 13 0
2369 224050 14 701080 13 0
2370 2298 14 129060 13 0
2371 146418 14 699252 13 0
2372 225421 14 152560 13 0
2373 708610 14 180221 13 0
2374 377309 13 92840 13 0
2375 24216 13 308269 13 0
2376 645567 13 143200 13 0
2377 906375 13 2341 13 0
2378 449101 13 313090 12 0
2379 496022 13 928947 12 0
2380 432879 13 756789 12 0
2381 2515 13 322642 12 0
2382 312564 13 2480 12 0
2383 2517 13 2645 12 0
2384 735324 13 803349 12 0
2385 254520 13 308522 12 0
2386 619749 13 595297 12 0
2387 2481 13 595829 12 0
2388 424286 13 734127 12 0
2389 811634 13 267228 12 0
2390 814174 13 423526 12 0
2391 947910 13 2634 12 0
2392 2470 13 405906 12 0
2393 795345 13 645270 12 0
2394 2475 13 753388 12 0
2395 516362 13 377309 12 0
2396 452642 13 164908 12 0
2397 2479 13 2133 12 0
2398 2480 13 22255 12 0
2399 2501 13 658965 12 0
2400 2482 13 906375 12 0
2401 117924 13 970557 12 0
2402 2490 13 2426 12 0
2403 701004 13 17924 12 0
2404 416422 13 908343 12 0
2405 89933 13 2354 12 0
2406 318104 13 634965 12 0
2407 57329 13 295624 12 0
2408 212932 13 277792 12 0
2409 708803 13 629153 12 0
2410 252232 13 378669 12 0
2411 327244 13 694949 12 0
2412 134638 13 735324 12 0
2413 654397 13 441980 12 0
2414 909645 13 656620 12 0
2415 205143 13 316789 12 0
2416 849382 13 2671 12 0
2417 412838 13 552422 12 0
2418 799346 13 777066 12 0
2419 588860 13 480788 12 0
2420 462537 13 544573 12 0
2421 162526 13 267642 12 0
2422 782024 13 654654 12 0
2423 624976 13 139647 12 0
2424 701080 13 760483 12 0
2425 333440 13 228467 12 0
2426 725777 13 357291 12 0
2427 564437 13 358291 12 0
2428 132260 13 737472 12 0
2429 412773 13 909645 12 0
2430 969477 13 2598 12 0
2431 363772 13 2475 12 0
2432 145249 13 497880 12 0
2433 524298 13 463854 12 0
2434 534273 13 590011 12 0
2435 2519 13 426870 12 0
2436 143200 13 402824 12 0
2437 361481 13 885968 12 0
2438 825873 13 2416 12 0
2439 36971 13 731878 12 0
2440 325126 13 732940 12 0
2441 859810 13 637766 12 0
2442 11110 13 2304 12 0
2443 505679 13 645254 12 0
2444 720373 13 606718 12 0
2445 56391 13 392346 12 0
2446 95855 13 636019 12 0
2447 814101 13 256050 12 0
2448 200686 13 400366 12 0
2449 631417 13 414202 12 0
2450 308269 13 543957 12 0
2451 916650 13 2368 12 0
2452 441980 13 101546 12 0
2453 747845 13 44450 12 0
2454 442158 13 325126 12 0
2455 699252 13 69642 12 0
2456 228467 13 2629 12 0
2457 595297 13 2690 12 0
2458 778627 13 18046 12 0
2459 379965 13 439889 12 0
2460 2393 13 785184 12 0
2461 358083 13 394374 12 0
2462 715922 13 782971 12 0
2463 93155 13 341187 12 0
2464 938594 13 859810 12 0
2465 404098 13 843424 12 0
2466 731602 13 908398 12 0
2467 672651 13 146638 12 0
2468 177657 13 828171 12 0
2469 2391 13 442158 12 0
2470 2408 13 747845 12 0
2471 367887 13 766545 12 0
2472 917459 13 268789 12 0
2473 496934 13 969477 12 0
2474 974298 13 462537 12 0
2475 2415 13 496934 12 0
2476 2416 13 318104 12 0
2477 357291 13 814174 12 0
2478 2420 13 935980 12 0
2479 606790 13 672651 12 0
2480 33853 13 377084 12 0
2481 253498 13 974849 12 0
2482 834857 13 2482 12 0
2483 950723 13 838137 12 0
2484 756789 13 430172 12 0
2485 439889 13 2481 12 0
2486 22255 13 563791 12 0
2487 315253 13 303100 12 0
2488 778108 13 378620 12 0
2489 221397 13 245284 12 0
2490 655922 13 523436 12 0
2491 731265 13 272497 12 0
2492 267228 13 667580 12 0
2493 631600 13 563294 12 0
2494 349096 13 152388 12 0
2495 217530 13 428323 12 0
2496 686743 13 402847 12 0
2497 839008 13 992928 12 0
2498 2377 13 2681 12 0
2499 267143 13 795345 12 0
2500 2383 13 2515 12 0
2501 2390 13 24216 12 0
2502 924529 13 917459 12 0
2503 519693 13 497640 12 0
2504 2449 13 812830 12 0
2505 734127 13 51538 12 0
2506 313090 13 71133 12 0
2507 845349 13 875164 12 0
2508 402824 13 412097 12 0
2509 469771 13 548322 12 0
2510 2441 13 314879 12 0
2511 252640 13 724330 12 0
2512 592973 13 36971 12 0
2513 69642 13 655922 12 0
2514 970557 13 514406 12 0
2515 528047 13 778108 12 0
2516 524905 13 631600 12 0
2517 819637 13 909579 12 0
2518 939866 13 149868 12 0
2519 2426 13 571083 12 0
2520 731878 13 2209 12 0
2521 811764 13 361481 12 0
2522 113053 13 624976 12 0
2523 859257 13 996949 12 0
2524 724479 13 811764 12 0
2525 523436 12 252232 12 0
2526 879320 12 2353 12 0
2527 206224 12 565207 12 0
2528 2658 12 885600 12 0
2529 706139 12 57329 12 0
2530 2681 12 514797 12 0
2531 765242 12 221397 12 0
2532 405906 12 686743 12 0
2533 2645 12 530625 12 0
2534 812830 12 528047 12 0
2535 828171 12 534273 12 0
2536 277792 12 11110 12 0
2537 565207 12 2415 12 0
2538 860716 12 67337 12 0
2539 594332 12 476724 12 0
2540 2671 12 2084 12 0
2541 358291 12 2658 12 0
2542 2674 12 588382 11 0
2543 843424 12 998616 11 0
2544 44450 12 592973 11 0
2545 18046 12 973549 11 0
2546 558041 12 849595 11 0
2547 552422 12 660449 11 0
2548 149868 12 739007 11 0
2549 699900 12 410632 11 0
2550 777066 12 994347 11 0
2551 2625 12 891897 11 0
2552 2629 12 327244 11 0
2553 148469 12 332548 11 0
2554 460650 12 716805 11 0
2555 621801 12 830007 11 0
2556 992203 12 849382 11 0
2557 2639 12 483720 11 0
2558 548322 12 137310 11 0
2559 563791 12 918160 11 0
2560 53784 12 2704 11 0
2561 891924 12 148469 11 0
2562 827127 12 92615 11 0
2563 71133 12 2390 11 0
2564 238738 12 744104 11 0
2565 973091 12 149958 11 0
2566 823820 12 859257 11 0
2567 606718 12 262118 11 0
2568 568119 12 650429 11 0
2569 12410 12 2782 11 0
2570 358052 12 758067 11 0
2571 589960 12 294710 11 0
2572 656620 12 252640 11 0
2573 992928 12 337237 11 0
2574 523306 12 954483 11 0
2575 996949 12 468958 11 0
2576 885968 12 428352 11 0
2577 987031 12 353198 11 0
2578 17924 12 249584 11 0
2579 807747 12 803456 11 0
2580 56403 12 126533 11 0
2581 92201 12 521749 11 0
2582 261498 12 772617 11 0
2583 571083 12 184604 11 0
2584 139647 12 721084 11 0
2585 400366 12 657289 11 0
2586 131752 12 449101 11 0
2587 660449 12 2807 11 0
2588 372814 12 277551 11 0
2589 73534 12 163398 11 0
2590 378669 12 564437 11 0
2591 772617 12 827127 11 0
2592 471852 12 860716 11 0
2593 341187 12 891924 11 0
2594 497632 12 533768 11 0
2595 909579 12 131752 11 0
2596 2690 12 2639 11 0
2597 101546 12 679340 11 0
2598 426870 12 235734 11 0
2599 164908 12 2550 11 0
2600 946673 12 2805 11 0
2601 885600 12 177657 11 0
2602 392346 12 2501 11 0
2603 795231 12 826096 11 0
2604 544573 12 2894 11 0
2605 978877 12 947910 11 0
2606 197111 12 990449 11 0
2607 249584 12 429269 11 0
2608 839810 12 731265 11 0
2609 372789 12 245439 11 0
2610 847846 12 412838 11 0
2611 968674 12 2737 11 0
2612 303100 12 606790 11 0
2613 412097 12 416422 11 0
2614 563874 12 903383 11 0
2615 2634 12 472056 11 0
2616 57940 12 372814 11 0
2617 543957 12 279501 11 0
2618 2551 12 894541 11 0
2619 332548 12 62311 11 0
2620 314879 12 819637 11 0
2621 694949 12 771892 11 0
2622 595829 12 358052 11 0
2623 826096 12 505679 11 0
2624 658965 12 312564 11 0
2625 677692 12 568119 11 0
2626 990449 12 401455 11 0
2627 277551 12 594332 11 0
2628 410632 12 2551 11 0
2629 233790 12 367940 11 0
2630 463854 12 206224 11 0
2631 2550 12 197078 11 0
2632 295530 12 947650 11 0
2633 974849 12 403178 11 0
2634 944285 12 563874 11 0
2635 482612 12 588860 11 0
2636 126533 12 523306 11 0
2637 657289 12 354218 11 0
2638 414202 12 199914 11 0
2639 636019 12 261498 11 0
2640 348124 12 390018 11 0
2641 2566 12 146418 11 0
2642 667580 12 57940 11 0
2643 2570 12 83675 11 0
2644 486140 12 175747 11 0
2645 565064 12 992203 11 0
2646 791284 12 2707 11 0
2647 753388 12 393508 11 0
2648 629153 12 952956 11 0
2649 935980 12 32680 11 0
2650 480788 12 633666 11 0
2651 785184 12 145272 11 0
2652 559750 12 325672 11 0
2653 156602 12 2519 11 0
2654 894541 12 368602 11 0
2655 42291 12 477805 11 0
2656 758067 12 2674 11 0
2657 324130 12 839810 11 0
2658 344175 12 424286 11 0
2659 537580 12 806116 11 0
2660 551198 12 660854 11 0
2661 374835 12 944285 11 0
2662 295624 12 33853 11 0
2663 210759 12 957231 11 0
2664 316789 12 898375 11 0
2665 903383 12 730294 11 0
2666 405105 12 796487 11 0
2667 67337 12 157093 11 0
2668 39299 12 238738 11 0
2669 245284 12 558041 11 0
2670 429269 12 765242 11 0
2671 184604 12 597483 11 0
2672 637766 12 411249 11 0
2673 732940 12 52684 11 0
2674 588382 12 570793 11 0
2675 957231 12 2377 11 0
2676 2598 12 946673 11 0
2677 716805 12 792058 11 0
2678 2584 12 287438 11 0
2679 149958 12 364385 11 0
2680 2585 12 330219 11 0
2681 597002 12 145249 11 0
2682 449499 12 774793 11 0
2683 428323 12 405105 11 0
2684 287438 12 113430 11 0
2685 796487 12 973091 11 0
2686 197078 12 315253 11 0
2687 146638 12 305334 11 0
2688 52684 12 460650 11 0
2689 364385 12 2610 11 0
2690 2610 12 626600 11 0
2691 607887 12 911628 11 0
2692 633666 12 968412 11 0
2693 2611 12 638502 11 0
2694 2579 12 519617 11 0
2695 519617 12 289879 11 0
2696 152388 12 654397 11 0
2697 634965 12 2841 11 0
2698 514797 12 519693 11 0
2699 998616 11 469771 11 0
2700 937218 11 984926 11 0
2701 248157 11 2745 11 0
2702 968412 11 619749 11 0
2703 574125 11 566283 11 0
2704 721084 11 783711 11 0
2705 137310 11 663388 11 0
2706 922537 11 2801 11 0
2707 544215 11 422534 11 0
2708 705220 11 823820 11 0
2709 645572 11 938594 11 0
2710 419253 11 347318 11 0
2711 975188 11 559750 11 0
2712 2894 11 20730 11 0
2713 2895 11 2420 11 0
2714 569205 11 778627 11 0
2715 365295 11 731602 11 0
2716 616927 11 217530 11 0
2717 508261 11 2740 11 0
2718 2902 11 66098 11 0
2719 895581 11 597002 11 0
2720 947650 11 2579 11 0
2721 645805 11 241111 11 0
2722 503361 11 706139 11 0
2723 289879 11 348083 11 0
2724 544364 11 2874 11 0
2725 175747 11 950723 11 0
2726 227988 11 2570 11 0
2727 276618 11 317490 11 0
2728 262118 11 68163 11 0
2729 2841 11 134638 11 0
2730 487669 11 2771 11 0
2731 998599 11 636719 11 0
2732 922104 11 583035 11 0
2733 650429 11 978877 11 0
2734 2851 11 486140 11 0
2735 2874 11 968674 11 0
2736 521749 11 589960 11 0
2737 339932 11 565064 11 0
2738 863507 11 449499 11 0
2739 791525 11 994090 11 0
2740 984926 11 2298 11 0
2741 976092 11 363772 11 0
2742 679340 11 446175 10 0
2743 583035 11 773783 10 0
2744 565808 11 516372 10 0
2745 157203 11 365295 10 0
2746 774793 11 197111 10 0
2747 87520 11 361759 10 0
2748 783711 11 661885 10 0
2749 470134 11 621801 10 0
2750 520363 11 64183 10 0
2751 277935 11 374835 10 0
2752 923605 11 3031 10 0
2753 536959 11 950906 10 0
2754 235643 11 792330 10 0
2755 368602 11 791284 10 0
2756 736748 11 921374 10 0
2757 159651 11 56391 10 0
2758 330219 11 925647 10 0
2759 147222 11 584149 10 0
2760 354218 11 513856 10 0
2761 145272 11 922104 10 0
2762 235734 11 729741 10 0
2763 911628 11 3044 10 0
2764 918160 11 157509 10 0
2765 377021 11 3033 10 0
2766 88669 11 470134 10 0
2767 581046 11 247424 10 0
2768 849595 11 657119 10 0
2769 950495 11 101517 10 0
2770 936527 11 2611 10 0
2771 792058 11 92733 10 0
2772 311508 11 701075 10 0
2773 350776 11 510903 10 0
2774 792330 11 678304 10 0
2775 570793 11 3122 10 0
2776 393508 11 551198 10 0
2777 833439 11 508261 10 0
2778 113430 11 215635 10 0
2779 428352 11 75861 10 0
2780 891897 11 933323 10 0
2781 342346 11 2895 10 0
2782 468958 11 277935 10 0
2783 245439 11 569205 10 0
2784 730294 11 536959 10 0
2785 390018 11 135344 10 0
2786 446175 11 60784 10 0
2787 744104 11 189314 10 0
2788 538224 11 186447 10 0
2789 32680 11 66391 10 0
2790 617068 11 2997 10 0
2791 794662 11 866342 10 0
2792 325672 11 565808 10 0
2793 35286 11 2781 10 0
2794 855096 11 998599 10 0
2795 9098 11 409864 10 0
2796 337237 11 894136 10 0
2797 348083 11 606048 10 0
2798 663388 11 31768 10 0
2799 533768 11 872023 10 0
2800 220196 11 12085 10 0
2801 199914 11 615404 10 0
2802 470705 11 146852 10 0
2803 803456 11 509949 10 0
2804 364484 11 791525 10 0
2805 809932 11 655519 10 0
2806 538183 11 349096 10 0
2807 347318 11 544364 10 0
2808 830007 11 53784 10 0
2809 638502 11 645805 10 0
2810 313373 11 3142 10 0
2811 31768 11 544215 10 0
2812 806116 11 924092 10 0
2813 584149 11 477237 10 0
2814 20730 11 833439 10 0
2815 994347 11 950495 10 0
2816 2740 11 689680 10 0
2817 2737 11 863828 10 0
2818 2736 11 316599 10 0
2819 732745 11 169686 10 0
2820 305334 11 17000 10 0
2821 361309 11 83207 10 0
2822 66098 11 3022 10 0
2823 2729 11 1620 10 0
2824 615404 11 2902 10 0
2825 401455 11 377021 10 0
2826 92615 11 537580 10 0
2827 477237 11 366039 10 0
2828 2771 11 685213 10 0
2829 162828 11 361309 10 0
2830 952956 11 12410 10 0
2831 898375 11 450314 10 0
2832 661885 11 55802 10 0
2833 529840 11 299597 10 0
2834 2757 11 537924 10 0
2835 422534 11 210759 10 0
2836 409864 11 451458 10 0
2837 468647 11 795231 10 0
2838 675618 11 970148 10 0
2839 2749 11 39299 10 0
2840 75861 11 344175 10 0
2841 2748 11 386430 10 0
2842 2746 11 487669 10 0
2843 2745 11 231518 10 0
2844 403178 11 574125 10 0
2845 68163 11 879320 10 0
2846 814030 11 650348 10 0
2847 234137 11 2788 10 0
2848 244883 11 471852 10 0
2849 689680 11 2584 10 0
2850 472056 11 372789 10 0
2851 62311 11 549327 10 0
2852 636719 11 581046 10 0
2853 439771 11 514474 10 0
2854 606118 11 620667 10 0
2855 162177 11 129732 10 0
2856 866342 11 842648 10 0
2857 92403 11 3102 10 0
2858 739007 11 311508 10 0
2859 973549 11 482612 10 0
2860 933323 11 677692 10 0
2861 17000 11 672012 10 0
2862 317847 11 339324 10 0
2863 425834 11 2106 10 0
2864 2704 11 867257 10 0
2865 921374 11 276618 10 0
2866 531192 11 10590 10 0
2867 2707 11 937218 10 0
2868 954483 11 577078 10 0
2869 450314 11 391480 10 0
2870 212376 11 594280 10 0
2871 2714 11 348124 10 0
2872 483720 11 924529 10 0
2873 994090 11 280322 10 0
2874 477805 11 2746 10 0
2875 606299 11 3053 10 0
2876 626600 11 451210 10 0
2877 661227 11 419902 10 0
2878 660854 11 233790 10 0
2879 2782 11 47972 10 0
2880 2781 11 18681 10 0
2881 2788 11 2934 10 0
2882 514474 11 2585 10 0
2883 83675 11 798825 10 0
2884 757623 11 342346 10 0
2885 566283 11 520363 10 0
2886 339324 11 497632 10 0
2887 597483 11 720962 10 0
2888 549327 11 3105 10 0
2889 842648 11 152084 10 0
2890 914116 11 2851 10 0
2891 163398 11 156602 10 0
2892 294710 11 324130 10 0
2893 132761 11 480874 10 0
2894 279501 11 208161 10 0
2895 577078 11 661227 10 0
2896 353198 11 2795 10 0
2897 743159 11 576235 10 0
2898 2795 11 295530 10 0
2899 2807 11 42291 10 0
2900 925647 11 439771 10 0
2901 2801 11 2977 10 0
2902 2805 11 419228 10 0
2903 3082 10 244883 10 0
2904 301313 10 759637 10 0
2905 3083 10 529840 10 0
2906 540677 10 644595 10 0
2907 3081 10 2963 10 0
2908 60784 10 726844 10 0
2909 157509 10 722787 10 0
2910 958641 10 2945 10 0
2911 594280 10 61560 10 0
2912 461797 10 602506 10 0
2913 438413 10 514169 10 0
2914 3105 10 356506 10 0
2915 3102 10 726362 10 0
2916 133037 10 599385 10 0
2917 607165 10 799346 10 0
2918 700778 10 2714 10 0
2919 764671 10 939866 10 0
2920 850171 10 3070 10 0
2921 678304 10 606118 10 0
2922 863828 10 465529 10 0
2923 671517 10 234137 10 0
2924 298530 10 841169 10 0
2925 648454 10 147222 10 0
2926 12085 10 976092 10 0
2927 187615 10 586625 10 0
2928 3087 10 830220 10 0
2929 386430 10 3083 10 0
2930 3052 10 3128 10 0
2931 451210 10 313373 10 0
2932 606048 10 3039 10 0
2933 972349 10 538183 10 0
2934 152084 10 902753 10 0
2935 3044 10 775452 10 0
2936 516865 10 92201 10 0
2937 729741 10 363377 10 0
2938 3053 10 317847 10 0
2939 3039 10 705220 10 0
2940 970148 10 3081 10 0
2941 810502 10 67883 10 0
2942 769565 10 45832 10 0
2943 169686 10 675618 10 0
2944 3033 10 73534 10 0
2945 585479 10 221668 10 0
2946 56937 10 713094 10 0
2947 129732 10 699900 10 0
2948 54779 10 807747 10 0
2949 727285 10 568409 10 0
2950 280322 10 267721 10 0
2951 267721 10 616927 10 0
2952 3070 10 159651 10 0
2953 930026 10 32379 10 0
2954 950906 10 490151 10 0
2955 231518 10 863507 10 0
2956 85934 10 171811 10 0
2957 3062 10 732745 10 0
2958 953870 10 665342 10 0
2959 3059 10 132761 10 0
2960 599385 10 162177 10 0
2961 3055 10 35286 10 0
2962 32379 10 227988 10 0
2963 650348 10 756780 10 0
2964 761831 10 654555 10 0
2965 173352 10 987031 10 0
2966 627098 10 2931 10 0
2967 480874 10 85873 10 0
2968 602506 10 966330 10 0
2969 660166 10 54779 10 0
2970 867257 10 720373 10 0
2971 935848 10 922537 10 0
2972 596927 10 871713 10 0
2973 816188 10 77925 10 0
2974 563738 10 973426 10 0
2975 454319 10 376385 10 0
2976 856376 10 470705 10 0
2977 894136 10 633179 10 0
2978 383421 10 856459 10 0
2979 486580 10 503361 10 0
2980 966330 10 11279 9 0
2981 510903 10 436749 9 0
2982 759637 10 885279 9 0
2983 552776 10 609693 9 0
2984 654555 10 856376 9 0
2985 850992 10 899679 9 0
2986 316599 10 903779 9 0
2987 835399 10 813223 9 0
2988 835968 10 159693 9 0
2989 3142 10 3216 9 0
2990 247424 10 541694 9 0
2991 722787 10 2933 9 0
2992 92733 10 978551 9 0
2993 959910 10 3359 9 0
2994 726362 10 764671 9 0
2995 45832 10 423742 9 0
2996 813223 10 371419 9 0
2997 85873 10 914938 9 0
2998 11279 10 3229 9 0
2999 505984 10 953870 9 0
3000 3122 10 318038 9 0
3001 655519 10 321611 9 0
3002 1620 10 607165 9 0
3003 215635 10 868286 9 0
3004 872023 10 972349 9 0
3005 150460 10 265267 9 0
3006 537924 10 794662 9 0
3007 868286 10 433023 9 0
3008 171240 10 561343 9 0
3009 419902 10 255222 9 0
3010 973426 10 489374 9 0
3011 516372 10 206040 9 0
3012 454981 10 579109 9 0
3013 67883 10 3431 9 0
3014 130450 10 3269 9 0
3015 509949 10 493110 9 0
3016 685213 10 235643 9 0
3017 366039 10 596927 9 0
3018 391480 10 321878 9 0
3019 875460 10 467483 9 0
3020 26224 10 847846 9 0
3021 620667 10 773519 9 0
3022 684404 10 360079 9 0
3023 417085 10 183374 9 0
3024 773783 10 288358 9 0
3025 3132 10 2968 9 0
3026 856459 10 335968 9 0
3027 3128 10 3375 9 0
3028 321611 10 678702 9 0
3029 765035 10 69094 9 0
3030 364306 10 248157 9 0
3031 189314 10 615735 9 0
3032 514169 10 757623 9 0
3033 816914 10 19815 9 0
3034 77925 10 992365 9 0
3035 356506 10 835399 9 0
3036 2934 10 532112 9 0
3037 2933 10 930527 9 0
3038 2931 10 139256 9 0
3039 796611 10 2566 9 0
3040 899679 10 814030 9 0
3041 64183 10 314647 9 0
3042 880220 10 383421 9 0
3043 436749 10 222543 9 0
3044 633091 10 734342 9 0
3045 490151 10 3157 9 0
3046 2916 10 957501 9 0
3047 299500 10 923605 9 0
3048 2956 10 3195 9 0
3049 2968 10 735829 9 0
3050 66391 10 3055 9 0
3051 458532 10 660166 9 0
3052 61560 10 984989 9 0
3053 361759 10 176587 9 0
3054 2963 10 87520 9 0
3055 231636 10 607887 9 0
3056 47972 10 755918 9 0
3057 411771 10 959910 9 0
3058 451181 10 3349 9 0
3059 2952 10 454981 9 0
3060 547890 10 904387 9 0
3061 2945 10 550949 9 0
3062 221668 10 907049 9 0
3063 2942 10 339932 9 0
3064 295804 10 809932 9 0
3065 518250 10 135292 9 0
3066 586625 10 425834 9 0
3067 121424 10 3329 9 0
3068 726844 10 157282 9 0
3069 44311 10 3266 9 0
3070 357591 10 3393 9 0
3071 179227 10 86572 9 0
3072 18681 10 958641 9 0
3073 146852 10 56937 9 0
3074 186447 10 252580 9 0
3075 88034 10 930026 9 0
3076 756780 10 295804 9 0
3077 419228 10 877793 9 0
3078 36995 10 130450 9 0
3079 513856 10 875460 9 0
3080 161323 10 464060 9 0
3081 992365 10 647330 9 0
3082 2953 10 64537 9 0
3083 963580 10 3225 9 0
3084 672012 10 3260 9 0
3085 772882 10 645572 9 0
3086 451458 10 863627 9 0
3087 984989 10 133037 9 0
3088 373414 10 547890 9 0
3089 171811 10 8272 9 0
3090 913378 10 540677 9 0
3091 2905 10 2736 9 0
3092 657119 10 516865 9 0
3093 101517 10 421992 9 0
3094 3031 10 650683 9 0
3095 299597 10 274267 9 0
3096 83207 10 5691 9 0
3097 208161 10 2952 9 0
3098 2997 10 231636 9 0
3099 841169 10 239361 9 0
3100 220467 10 206321 9 0
3101 665342 10 29851 9 0
3102 135292 10 301313 9 0
3103 661176 10 1901 9 0
3104 169561 10 802699 9 0
3105 306922 10 936393 9 0
3106 507820 10 149635 9 0
3107 2106 10 333228 9 0
3108 807375 10 765035 9 0
3109 830220 10 561804 9 0
3110 2996 10 258442 9 0
3111 978551 10 857841 9 0
3112 902753 10 554602 9 0
3113 950770 10 298530 9 0
3114 55802 10 543241 9 0
3115 326655 10 429489 9 0
3116 3004 10 2953 9 0
3117 363377 10 724817 9 0
3118 713094 10 3059 9 0
3119 439141 10 221907 9 0
3120 10590 10 759250 9 0
3121 871713 10 157203 9 0
3122 924092 10 880220 9 0
3123 644595 10 327417 9 0
3124 2980 10 666643 9 0
3125 633179 10 220467 9 0
3126 857841 10 914116 9 0
3127 813297 10 3082 9 0
3128 3028 10 3145 9 0
3129 553704 10 635459 9 0
3130 206040 10 172393 9 0
3131 568409 10 606299 9 0
3132 2977 10 807075 9 0
3133 421750 10 161323 9 0
3134 809772 10 181348 9 0
3135 403573 10 809244 9 0
3136 798825 10 975188 9 0
3137 775452 10 950770 9 0
3138 135344 10 650809 9 0
3139 701075 10 530313 9 0
3140 576235 10 507820 9 0
3141 465529 10 224220 9 0
3142 376385 10 490388 9 0
3143 3022 10 2996 9 0
3144 382665 10 778522 9 0
3145 550949 9 253052 9 0
3146 3357 9 265333 9 0
3147 100743 9 420418 9 0
3148 8272 9 2729 9 0
3149 198660 9 182866 9 0
3150 270432 9 2748 9 0
3151 157013 9 364484 9 0
3152 196863 9 458532 9 0
3153 52940 9 743028 9 0
3154 489374 9 39538 9 0
3155 149635 9 2916 9 0
3156 183374 9 264108 9 0
3157 213904 9 772882 9 0
3158 1901 9 403573 9 0
3159 194540 9 552776 9 0
3160 3348 9 857010 9 0
3161 423742 9 684404 9 0
3162 3349 9 809772 9 0
3163 322333 9 2757 9 0
3164 216667 9 538224 9 0
3165 3305 9 548174 9 0
3166 184770 9 783200 9 0
3167 206321 9 299500 9 0
3168 548174 9 171240 9 0
3169 195245 9 3004 9 0
3170 840554 9 179687 9 0
3171 3319 9 661176 9 0
3172 374050 9 3384 9 0
3173 3317 9 8197 9 0
3174 874261 9 419253 9 0
3175 3309 9 162828 9 0
3176 329929 9 737845 9 0
3177 241010 9 150460 9 0
3178 586295 9 88669 9 0
3179 196505 9 617068 9 0
3180 3310 9 482541 9 0
3181 179687 9 2980 9 0
3182 737845 9 220196 9 0
3183 268951 9 451181 9 0
3184 490388 9 718031 9 0
3185 862219 9 743159 9 0
3186 530313 9 874261 9 0
3187 3330 9 936527 9 0
3188 726646 9 592951 9 0
3189 157282 9 711767 9 0
3190 778522 9 44311 9 0
3191 3329 9 864775 9 0
3192 705873 9 3310 9 0
3193 537578 9 85934 9 0
3194 670374 9 816188 9 0
3195 96369 9 807375 9 0
3196 482175 9 207119 9 0
3197 3302 9 904980 9 0
3198 872189 9 530917 9 0
3199 61202 9 3028 9 0
3200 256856 9 648454 9 0
3201 678702 9 3062 9 0
3202 319570 9 88034 9 0
3203 807075 9 445328 9 0
3204 521483 9 225512 9 0
3205 440855 9 864374 9 0
3206 196545 9 379725 9 0
3207 482541 9 121424 9 0
3208 640432 9 563738 9 0
3209 177353 9 350776 9 0
3210 3431 9 3364 9 0
3211 237519 9 472010 9 0
3212 936393 9 173352 9 0
3213 450137 9 700778 9 0
3214 321878 9 2625 9 0
3215 743028 9 213573 9 0
3216 593587 9 168548 9 0
3217 750628 9 36995 9 0
3218 385598 9 855096 9 0
3219 731424 9 963580 9 0
3220 824417 9 3305 9 0
3221 19815 9 169561 9 0
3222 241864 9 27273 9 0
3223 429489 9 22432 9 0
3224 529549 9 450137 9 0
3225 394572 9 505984 9 0
3226 541694 9 3357 9 0
3227 773519 9 420517 9 0
3228 592951 9 618125 9 0
3229 819786 9 3309 9 0
3230 3415 9 461797 9 0
3231 265267 9 648757 9 0
3232 39538 9 302724 9 0
3233 512768 9 769565 9 0
3234 261067 9 3132 9 0
3235 380316 9 3052 9 0
3236 564950 9 736748 9 0
3237 168548 9 512768 9 0
3238 180576 9 420291 9 0
3239 420517 9 3348 9 0
3240 225512 9 486580 9 0
3241 3384 9 603852 9 0
3242 265333 9 553983 9 0
3243 951004 9 157013 9 0
3244 950512 9 2749 9 0
3245 755918 9 270432 9 0
3246 975658 9 531192 9 0
3247 541357 9 132256 9 0
3248 3375 9 195764 9 0
3249 664873 9 935848 9 0
3250 647330 9 438413 9 0
3251 306723 9 3317 9 0
3252 258405 9 241864 9 0
3253 852165 9 840554 9 0
3254 335968 9 4294967295 0 0
3255 735829 9 4294967295 0 0
3256 3364 9 4294967295 0 0
3257 553983 9 4294967295 0 0
3258 3359 9 4294967295 0 0
3259 420291 9 4294967295 0 0
3260 833720 9 4294967295 0 0
3261 467483 9 4294967295 0 0
3262 904980 9 4294967295 0 0
3263 464060 9 4294967295 0 0
3264 366120 9 4294967295 0 0
3265 249308 9 4294967295 0 0
3266 648757 9 4294967295 0 0
3267 420418 9 4294967295 0 0
3268 224220 9 4294967295 0 0
3269 379725 9 4294967295 0 0
3270 817466 9 4294967295 0 0
3271 3400 9 4294967295 0 0
3272 29935 9 4294967295 0 0
3273 447312 9 4294967295 0 0
3274 3397 9 4294967295 0 0
3275 869643 9 4294967295 0 0
3276 433023 9 4294967295 0 0
3277 3393 9 4294967295 0 0
3278 635459 9 4294967295 0 0
3279 627640 9 4294967295 0 0
3280 142900 9 4294967295 0 0
3281 288358 9 4294967295 0 0
3282 579109 9 4294967295 0 0
3283 317098 9 4294967295 0 0
3284 3154 9 4294967295 0 0
3285 172393 9 4294967295 0 0
3286 333228 9 4294967295 0 0
3287 182866 9 4294967295 0 0
3288 3145 9 4294967295 0 0
3289 517815 9 4294967295 0 0
3290 5691 9 4294967295 0 0
3291 169044 9 4294967295 0 0
3292 724817 9 4294967295 0 0
3293 253052 9 4294967295 0 0
3294 592226 9 4294967295 0 0
3295 558685 9 4294967295 0 0
3296 143239 9 4294967295 0 0
3297 61596 9 4294967295 0 0
3298 573377 9 4294967295 0 0
3299 123703 9 4294967295 0 0
3300 370801 9 4294967295 0 0
3301 777059 9 4294967295 0 0
3302 718031 9 4294967295 0 0
3303 957501 9 4294967295 0 0
3304 302724 9 4294967295 0 0
3305 520434 9 4294967295 0 0
3306 3180 9 4294967295 0 0
3307 222543 9 4294967295 0 0
3308 864775 9 4294967295 0 0
3309 561343 9 4294967295 0 0
3310 3176 9 4294967295 0 0
3311 176587 9 4294967295 0 0
3312 530917 9 4294967295 0 0
3313 64537 9 4294967295 0 0
3314 160123 9 4294967295 0 0
3315 674059 9 4294967295 0 0
3316 3171 9 4294967295 0 0
3317 352111 9 4294967295 0 0
3318 750022 9 4294967295 0 0
3319 877793 9 4294967295 0 0
3320 428367 9 4294967295 0 0
3321 264108 9 4294967295 0 0
3322 134298 9 4294967295 0 0
3323 3157 9 4294967295 0 0
3324 207119 9 4294967295 0 0
3325 554602 9 4294967295 0 0
3326 987791 9 4294967295 0 0
3327 911281 9 4294967295 0 0
3328 239361 9 4294967295 0 0
3329 802752 9 4294967295 0 0
3330 111070 9 4294967295 0 0
3331 274267 9 4294967295 0 0
3332 513535 9 4294967295 0 0
3333 371419 9 4294967295 0 0
3334 181348 9 4294967295 0 0
3335 650809 9 4294967295 0 0
3336 18718 9 4294967295 0 0
3337 618125 9 4294967295 0 0
3338 321108 9 4294967295 0 0
3339 914938 9 4294967295 0 0
3340 603852 9 4294967295 0 0
3341 255222 9 4294967295 0 0
3342 360746 9 4294967295 0 0
3343 314647 9 4294967295 0 0
3344 561804 9 4294967295 0 0
3345 615735 9 4294967295 0 0
3346 472010 9 4294967295 0 0
3347 132256 9 4294967295 0 0
3348 668526 9 4294967295 0 0
3349 213573 9 4294967295 0 0
3350 899461 9 4294967295 0 0
3351 802699 9 4294967295 0 0
3352 609693 9 4294967295 0 0
3353 885279 9 4294967295 0 0
3354 221907 9 4294967295 0 0
