9999797 55555 0.000010
0 1039553 7454413 1039553 7454413 1
1 1334798 1317766 1334798 1317766 1
2 4211539 478201 4211539 478201 1
3 3137304 232950 3137304 232950 1
4 7084740 133349 7084740 133349 1
5 4778440 84535 4778440 84535 1
6 6133043 57500 6133043 57500 1
7 1321801 41180 1321801 41180 1
8 3602344 30677 3602344 30677 1
9 3444396 23573 3444396 23573 1
10 6406523 18575 6406523 18575 1
11 3152748 14944 3152748 14944 1
12 5048708 12234 5048708 12234 1
13 4767725 10165 4767725 10165 1
14 2470347 8554 2470347 8554 1
15 9792592 7280 9792592 7280 1
16 16 6256 16 6256 1
17 17 5423 17 5423 1
18 3841286 4737 3841286 4737 1
19 5561446 4167 5561446 4167 1
20 5541905 3689 5541905 3689 1
21 1622023 3284 1622023 3284 1
22 9366026 2938 9366026 2938 1
23 6749807 2642 6749807 2642 1
24 2102122 2385 2102122 2385 1
25 25 2163 25 2163 1
26 5935020 1968 5935020 1968 1
27 9709277 1797 9709277 1797 1
28 5619599 1646 5619599 1646 1
29 1751403 1512 1751403 1512 1
30 8197054 1393 8197054 1393 1
31 8448207 1287 8448207 1287 1
32 1615449 1192 1615449 1192 1
33 2612563 1106 2612563 1106 1
34 7050751 1029 7050751 1029 1
35 4976239 959 4976239 959 1
36 7088296 895 7088296 895 1
37 8181905 837 8181905 837 1
38 38 785 38 785 1
39 1957559 737 1957559 737 1
40 5818068 693 5818068 693 1
41 4852100 652 4852100 652 1
42 4132839 615 4132839 615 1
43 43 580 43 580 1
44 9503514 549 9503514 549 1
45 45 519 45 519 1
46 8932064 492 8932064 492 1
47 7395632 467 7395632 467 1
48 6267130 444 6267130 444 1
49 1105939 422 1105939 422 1
50 4818817 401 4818817 401 1
51 2202971 382 2202971 382 1
52 678277 365 678277 365 1
53 9466253 348 9466253 348 1
54 7215871 332 7215871 332 1
55 1042365 318 1042365 318 1
56 4401624 304 4401624 304 1
57 57 291 57 291 1
58 8752557 279 8752557 279 1
59 9234490 267 9234490 267 1
60 9265404 257 9265404 257 1
61 7217155 246 7217155 246 1
62 7741560 237 7741560 237 1
63 7752085 227 7752085 227 1
64 4249730 219 4249730 219 1
65 65 211 65 211 1
66 2748601 203 2748601 203 1
67 6457397 195 6457397 195 1
68 68 188 68 188 1
69 1086211 182 1086211 182 1
70 5676427 175 5676427 175 1
71 2806316 169 2806316 169 1
72 4427936 164 4427936 164 1
73 7422436 158 7422436 158 1
74 4575700 153 4575700 153 1
75 5667401 148 5667401 148 1
76 3971389 143 3971389 143 1
77 509928 139 509928 139 1
78 832383 134 832383 134 1
79 5828992 130 5828992 130 1
80 736761 126 736761 126 1
81 7823074 122 7823074 122 1
82 2610898 119 2610898 119 1
83 83 115 83 115 1
84 3836307 112 3836307 112 1
85 2139337 109 2139337 109 1
86 6173501 106 6173501 106 1
87 87 103 87 103 1
88 6970913 100 6970913 100 1
89 170181 97 4294967295 0 0
90 6797971 94 4294967295 0 0
91 9307760 92 4294967295 0 0
92 9760366 89 4294967295 0 0
93 463070 87 4294967295 0 0
94 94 85 4294967295 0 0
95 1034491 83 4294967295 0 0
96 6298523 80 4294967295 0 0
97 2567063 78 4294967295 0 0
98 98 76 4294967295 0 0
99 6216239 75 4294967295 0 0
100 302443 73 4294967295 0 0
101 101 71 4294967295 0 0
102 7368653 69 4294967295 0 0
103 4896524 68 4294967295 0 0
104 7473065 66 4294967295 0 0
105 3883727 64 4294967295 0 0
106 448087 63 4294967295 0 0
107 2497796 61 4294967295 0 0
108 8143720 60 4294967295 0 0
109 5746957 59 4294967295 0 0
110 3365977 57 4294967295 0 0
111 111 56 4294967295 0 0
112 1551629 55 4294967295 0 0
113 113 54 4294967295 0 0
114 5127386 53 4294967295 0 0
115 115 51 4294967295 0 0
116 8774190 50 4294967295 0 0
117 8436799 49 4294967295 0 0
118 118 48 4294967295 0 0
119 1623703 47 4294967295 0 0
120 4488972 46 4294967295 0 0
121 6973796 45 4294967295 0 0
122 122 44 4294967295 0 0
123 6555360 44 4294967295 0 0
124 4157301 43 4294967295 0 0
125 6271296 42 4294967295 0 0
126 5648942 41 4294967295 0 0
127 5382233 40 4294967295 0 0
128 6088434 39 4294967295 0 0
129 3993568 39 4294967295 0 0
130 9612438 38 4294967295 0 0
131 7509482 37 4294967295 0 0
132 6456036 37 4294967295 0 0
133 3612666 36 4294967295 0 0
134 8758696 35 4294967295 0 0
135 4368354 35 4294967295 0 0
136 8582095 34 4294967295 0 0
137 137 33 4294967295 0 0
138 7767300 33 4294967295 0 0
139 622912 32 4294967295 0 0
140 9541397 32 4294967295 0 0
141 8758988 31 4294967295 0 0
142 6554385 30 4294967295 0 0
143 9533265 30 4294967295 0 0
144 1409387 29 4294967295 0 0
145 3991398 29 4294967295 0 0
146 4950038 28 4294967295 0 0
147 147 28 4294967295 0 0
148 2480029 28 4294967295 0 0
149 6797852 27 4294967295 0 0
150 6010152 27 4294967295 0 0
151 152 26 4294967295 0 0
152 8322280 26 4294967295 0 0
153 4922971 25 4294967295 0 0
154 9524891 25 4294967295 0 0
155 772542 25 4294967295 0 0
156 2627107 24 4294967295 0 0
157 2545163 24 4294967295 0 0
158 8090588 23 4294967295 0 0
159 9423218 23 4294967295 0 0
160 3048932 23 4294967295 0 0
161 8521691 22 4294967295 0 0
162 4893440 22 4294967295 0 0
163 438817 22 4294967295 0 0
164 5580835 21 4294967295 0 0
165 9576574 21 4294967295 0 0
166 190280 21 4294967295 0 0
167 6729913 20 4294967295 0 0
168 4794101 20 4294967295 0 0
169 2154098 20 4294967295 0 0
170 3240780 19 4294967295 0 0
171 432895 19 4294967295 0 0
172 6907295 19 4294967295 0 0
173 9363808 19 4294967295 0 0
174 7704295 18 4294967295 0 0
175 4288623 18 4294967295 0 0
176 175 18 4294967295 0 0
177 174 18 4294967295 0 0
178 181 17 4294967295 0 0
179 6578590 17 4294967295 0 0
180 9512579 17 4294967295 0 0
181 6095681 17 4294967295 0 0
182 4038686 16 4294967295 0 0
183 182 16 4294967295 0 0
184 184 16 4294967295 0 0
185 8913949 16 4294967295 0 0
186 9879203 16 4294967295 0 0
187 8302373 15 4294967295 0 0
188 2491882 15 4294967295 0 0
189 6546311 15 4294967295 0 0
