99936 55555 0.000010
0 42270 68483 42270 47942 1
1 60300 14397 60300 10103 1
2 66376 5782 66376 4087 1
3 85945 3027 85945 2135 1
4 84423 1832 84423 1300 1
5 17885 1215 17885 869 1
6 62778 859 62778 609 1
7 14493 636 14493 465 1
8 5318 488 5318 353 1
9 9 385 9 260 1
10 54058 311 54058 206 1
11 60340 256 60340 182 1
12 77541 213 77541 153 1
13 6583 181 6583 139 1
14 27529 155 27529 111 1
15 52418 134 52418 98 1
16 16 117 16 87 1
17 9886 103 9886 84 1
18 18 91 18 65 1
19 22472 81 22472 61 1
20 55231 73 55231 49 1
21 8177 65 71705 42 0
22 22 59 8177 41 0
23 35955 54 22 40 0
24 71705 49 35955 38 0
25 69236 45 69236 32 1
26 80417 41 80417 26 1
27 16159 38 4269 23 0
28 4269 35 16159 22 0
29 90048 33 90048 21 1
30 2968 30 34929 21 0
31 25782 28 2968 21 0
32 43272 26 43272 20 1
33 34929 25 25782 15 0
34 56385 23 56385 14 1
35 35559 22 37 14 0
36 36 20 35559 13 0
37 37 19 75726 12 0
38 75726 18 36 12 0
39 46322 17 67636 12 0
40 46789 16 85412 11 0
41 41 15 46789 10 0
42 67636 14 24550 10 0
43 24550 14 41 10 0
44 85412 13 740 10 0
45 26692 12 46322 9 0
46 40176 12 99748 8 0
47 740 11 14700 8 0
48 96250 11 98185 8 0
49 14700 10 40176 8 0
50 99748 10 96250 8 0
51 87164 9 1100 7 0
52 77417 9 77417 7 1
53 98185 9 26692 7 0
54 1100 8 72405 6 0
55 69394 8 87164 6 0
56 72405 8 73307 6 0
57 73307 7 17862 5 0
58 96492 7 40786 5 0
59 30787 7 67 5 0
60 39154 7 23038 4 0
61 40786 6 73 4 0
62 45410 6 39154 4 0
63 71969 6 2142 4 0
64 31549 6 84167 4 0
65 19606 6 30787 4 0
66 71 5 69394 4 0
67 33551 5 71969 3 0
68 67 5 16330 3 0
69 30013 5 19606 3 0
70 2142 5 31549 3 0
71 17862 5 30013 3 0
72 84167 4 33551 3 0
73 23038 4 45410 3 0
74 33580 4 19870 3 0
75 73 4 74550 3 0
76 75 4 71 3 0
77 85240 4 33580 3 0
78 74044 4 30852 2 0
79 21340 4 46139 2 0
80 24939 3 105 2 0
81 16330 3 8648 2 0
82 99457 3 103 2 0
83 95200 3 11434 2 0
84 61423 3 5152 2 0
85 35099 3 85240 2 0
86 48290 3 99457 2 0
87 54044 3 1637 2 0
88 52890 3 88182 2 0
89 74550 3 52890 2 0
90 19870 3 35099 2 0
91 12572 3 75 2 0
92 30852 3 61423 2 0
93 48968 2 69704 2 0
94 8569 2 54044 2 0
95 11434 2 48290 2 0
96 8648 2 24939 2 0
97 15798 2 26441 2 0
98 55721 2 15798 2 0
99 16360 2 12572 2 0
100 95781 2 21340 2 0
101 69704 2 95200 2 0
102 51730 2 41881 1 0
103 66672 2 85324 1 0
104 3381 2 25469 1 0
105 88333 2 65309 1 0
106 1637 2 74044 1 0
107 98091 2 10894 1 0
108 88182 2 48968 1 0
109 5152 2 38824 1 0
110 46139 2 46480 1 0
111 103 2 1841 1 0
112 26441 2 80218 1 0
113 39313 2 72834 1 0
114 105 2 49812 1 0
115 106 2 36235 1 0
116 10894 2 39313 1 0
117 63278 1 51947 1 0
118 43938 1 62368 1 0
119 43980 1 128 1 0
120 85324 1 150 1 0
121 36235 1 20653 1 0
122 20222 1 170 1 0
123 20653 1 8569 1 0
124 1093 1 23375 1 0
125 62895 1 16360 1 0
126 97087 1 78871 1 0
127 62368 1 86661 1 0
128 67806 1 95781 1 0
129 170 1 61278 1 0
130 36439 1 56751 1 0
131 91813 1 10550 1 0
132 17398 1 42595 1 0
133 49812 1 149 1 0
134 1841 1 51730 1 0
135 4428 1 10386 1 0
136 26873 1 55721 1 0
137 80299 1 1093 1 0
138 58504 1 58915 1 0
139 93005 1 96492 1 0
140 41881 1 20222 1 0
141 51947 1 86208 1 0
142 27981 1 85117 1 0
143 49792 1 85063 1 0
144 38824 1 67870 1 0
145 10386 1 93005 1 0
146 36077 1 55623 1 0
147 80218 1 98091 1 0
148 61278 1 91813 1 0
149 72834 1 82491 1 0
150 29270 1 43980 1 0
151 95800 1 92463 1 0
152 65159 1 67806 1 0
153 29269 1 27981 1 0
154 41706 1 43938 1 0
155 33073 1 140 1 0
156 190 1 135 1 0
157 48275 1 17398 1 0
158 185 1 37048 1 0
159 65309 1 2147483647 0 0
160 58915 1 2147483647 0 0
161 97706 1 2147483647 0 0
162 135 1 2147483647 0 0
163 78871 1 2147483647 0 0
164 25469 1 2147483647 0 0
165 128 1 2147483647 0 0
166 119 1 2147483647 0 0
167 10550 1 2147483647 0 0
168 13463 1 2147483647 0 0
169 92463 1 2147483647 0 0
170 158 1 2147483647 0 0
171 86208 1 2147483647 0 0
172 46480 1 2147483647 0 0
173 37048 1 2147483647 0 0
174 23375 1 2147483647 0 0
175 8673 1 2147483647 0 0
176 56751 1 2147483647 0 0
177 85063 1 2147483647 0 0
178 67870 1 2147483647 0 0
179 79002 1 2147483647 0 0
180 86661 1 2147483647 0 0
181 85117 1 2147483647 0 0
182 149 1 2147483647 0 0
183 62430 1 2147483647 0 0
184 148 1 2147483647 0 0
185 150 1 2147483647 0 0
186 55623 1 2147483647 0 0
187 42595 1 2147483647 0 0
188 82491 1 2147483647 0 0
189 140 1 2147483647 0 0
190 32173 1 2147483647 0 0
191 66674 0 2147483647 0 0
192 66673 0 2147483647 0 0
193 66754 0 2147483647 0 0
194 66660 0 2147483647 0 0
195 66675 0 2147483647 0 0
196 66676 0 2147483647 0 0
197 66753 0 2147483647 0 0
198 66751 0 2147483647 0 0
199 66752 0 2147483647 0 0
200 66773 0 2147483647 0 0
201 66677 0 2147483647 0 0
202 66678 0 2147483647 0 0
203 66757 0 2147483647 0 0
204 66679 0 2147483647 0 0
205 66680 0 2147483647 0 0
206 66750 0 2147483647 0 0
207 66681 0 2147483647 0 0
208 66749 0 2147483647 0 0
209 66682 0 2147483647 0 0
210 66748 0 2147483647 0 0
211 66747 0 2147483647 0 0
212 66683 0 2147483647 0 0
213 66659 0 2147483647 0 0
214 66684 0 2147483647 0 0
215 66611 0 2147483647 0 0
216 66760 0 2147483647 0 0
217 66766 0 2147483647 0 0
218 66663 0 2147483647 0 0
219 66768 0 2147483647 0 0
220 66765 0 2147483647 0 0
221 66764 0 2147483647 0 0
222 66763 0 2147483647 0 0
223 66769 0 2147483647 0 0
224 66770 0 2147483647 0 0
225 66664 0 2147483647 0 0
226 66762 0 2147483647 0 0
227 66662 0 2147483647 0 0
228 66665 0 2147483647 0 0
229 66761 0 2147483647 0 0
230 66755 0 2147483647 0 0
231 66666 0 2147483647 0 0
232 66667 0 2147483647 0 0
233 66771 0 2147483647 0 0
234 66668 0 2147483647 0 0
235 66661 0 2147483647 0 0
236 66669 0 2147483647 0 0
237 66772 0 2147483647 0 0
238 66670 0 2147483647 0 0
239 66671 0 2147483647 0 0
240 66759 0 2147483647 0 0
241 66758 0 2147483647 0 0
242 66767 0 2147483647 0 0
243 66756 0 2147483647 0 0
244 66705 0 2147483647 0 0
245 66726 0 2147483647 0 0
246 66725 0 2147483647 0 0
247 66697 0 2147483647 0 0
248 66724 0 2147483647 0 0
249 66723 0 2147483647 0 0
250 66722 0 2147483647 0 0
251 66721 0 2147483647 0 0
252 66698 0 2147483647 0 0
253 66699 0 2147483647 0 0
254 66700 0 2147483647 0 0
255 66701 0 2147483647 0 0
256 66702 0 2147483647 0 0
257 66703 0 2147483647 0 0
258 66704 0 2147483647 0 0
259 66720 0 2147483647 0 0
260 66696 0 2147483647 0 0
261 66706 0 2147483647 0 0
262 66719 0 2147483647 0 0
263 66718 0 2147483647 0 0
264 66707 0 2147483647 0 0
265 66708 0 2147483647 0 0
266 66709 0 2147483647 0 0
267 66710 0 2147483647 0 0
268 66711 0 2147483647 0 0
269 66717 0 2147483647 0 0
270 66712 0 2147483647 0 0
271 66716 0 2147483647 0 0
272 66713 0 2147483647 0 0
273 66714 0 2147483647 0 0
274 66715 0 2147483647 0 0
275 66692 0 2147483647 0 0
276 66745 0 2147483647 0 0
277 66685 0 2147483647 0 0
278 66686 0 2147483647 0 0
279 66744 0 2147483647 0 0
280 66743 0 2147483647 0 0
281 66742 0 2147483647 0 0
282 66741 0 2147483647 0 0
283 66687 0 2147483647 0 0
284 66688 0 2147483647 0 0
285 66740 0 2147483647 0 0
286 66739 0 2147483647 0 0
287 66738 0 2147483647 0 0
288 66689 0 2147483647 0 0
289 66690 0 2147483647 0 0
290 66691 0 2147483647 0 0
291 66746 0 2147483647 0 0
292 66737 0 2147483647 0 0
293 66736 0 2147483647 0 0
294 66735 0 2147483647 0 0
295 66693 0 2147483647 0 0
296 66734 0 2147483647 0 0
297 66733 0 2147483647 0 0
298 66732 0 2147483647 0 0
299 66694 0 2147483647 0 0
300 66731 0 2147483647 0 0
301 66730 0 2147483647 0 0
302 66729 0 2147483647 0 0
303 66728 0 2147483647 0 0
304 66695 0 2147483647 0 0
305 66727 0 2147483647 0 0
306 66530 0 2147483647 0 0
307 66541 0 2147483647 0 0
308 66540 0 2147483647 0 0
309 66539 0 2147483647 0 0
310 66538 0 2147483647 0 0
311 66537 0 2147483647 0 0
312 66536 0 2147483647 0 0
313 66535 0 2147483647 0 0
314 66534 0 2147483647 0 0
315 66533 0 2147483647 0 0
316 66532 0 2147483647 0 0
317 66531 0 2147483647 0 0
318 66542 0 2147483647 0 0
319 66529 0 2147483647 0 0
320 66528 0 2147483647 0 0
321 66527 0 2147483647 0 0
322 66526 0 2147483647 0 0
323 66525 0 2147483647 0 0
324 66524 0 2147483647 0 0
325 66523 0 2147483647 0 0
326 66522 0 2147483647 0 0
327 66521 0 2147483647 0 0
328 66520 0 2147483647 0 0
329 66519 0 2147483647 0 0
330 66553 0 2147483647 0 0
331 66564 0 2147483647 0 0
332 66563 0 2147483647 0 0
333 66562 0 2147483647 0 0
334 66561 0 2147483647 0 0
335 66560 0 2147483647 0 0
336 66559 0 2147483647 0 0
337 66558 0 2147483647 0 0
338 66557 0 2147483647 0 0
339 66556 0 2147483647 0 0
340 66555 0 2147483647 0 0
341 66554 0 2147483647 0 0
342 66518 0 2147483647 0 0
343 66552 0 2147483647 0 0
344 66551 0 2147483647 0 0
345 66550 0 2147483647 0 0
346 66549 0 2147483647 0 0
347 66548 0 2147483647 0 0
348 66547 0 2147483647 0 0
349 66546 0 2147483647 0 0
350 66545 0 2147483647 0 0
351 66544 0 2147483647 0 0
352 66543 0 2147483647 0 0
353 66483 0 2147483647 0 0
354 66494 0 2147483647 0 0
355 66493 0 2147483647 0 0
356 66492 0 2147483647 0 0
357 66491 0 2147483647 0 0
358 66490 0 2147483647 0 0
359 66489 0 2147483647 0 0
360 66488 0 2147483647 0 0
361 66487 0 2147483647 0 0
362 66486 0 2147483647 0 0
363 66485 0 2147483647 0 0
364 66484 0 2147483647 0 0
365 66495 0 2147483647 0 0
366 66482 0 2147483647 0 0
367 66481 0 2147483647 0 0
368 66480 0 2147483647 0 0
369 66479 0 2147483647 0 0
370 66478 0 2147483647 0 0
371 66477 0 2147483647 0 0
372 66476 0 2147483647 0 0
373 66475 0 2147483647 0 0
374 66474 0 2147483647 0 0
375 66426 0 2147483647 0 0
376 66506 0 2147483647 0 0
377 66517 0 2147483647 0 0
378 66516 0 2147483647 0 0
379 66515 0 2147483647 0 0
380 66514 0 2147483647 0 0
381 66513 0 2147483647 0 0
382 66512 0 2147483647 0 0
383 66511 0 2147483647 0 0
384 66510 0 2147483647 0 0
385 66509 0 2147483647 0 0
386 66508 0 2147483647 0 0
387 66507 0 2147483647 0 0
388 66565 0 2147483647 0 0
389 66505 0 2147483647 0 0
390 66504 0 2147483647 0 0
391 66503 0 2147483647 0 0
392 66502 0 2147483647 0 0
393 66501 0 2147483647 0 0
394 66500 0 2147483647 0 0
395 66499 0 2147483647 0 0
396 66498 0 2147483647 0 0
397 66497 0 2147483647 0 0
398 66496 0 2147483647 0 0
399 66623 0 2147483647 0 0
400 66634 0 2147483647 0 0
401 66633 0 2147483647 0 0
402 66632 0 2147483647 0 0
403 66631 0 2147483647 0 0
404 66630 0 2147483647 0 0
405 66629 0 2147483647 0 0
406 66628 0 2147483647 0 0
407 66627 0 2147483647 0 0
408 66626 0 2147483647 0 0
409 66625 0 2147483647 0 0
410 66624 0 2147483647 0 0
411 66635 0 2147483647 0 0
412 66622 0 2147483647 0 0
413 66621 0 2147483647 0 0
414 66620 0 2147483647 0 0
415 66619 0 2147483647 0 0
416 66618 0 2147483647 0 0
417 66617 0 2147483647 0 0
418 66616 0 2147483647 0 0
419 66615 0 2147483647 0 0
420 66614 0 2147483647 0 0
421 66613 0 2147483647 0 0
422 66612 0 2147483647 0 0
423 66646 0 2147483647 0 0
424 66657 0 2147483647 0 0
425 66656 0 2147483647 0 0
426 66655 0 2147483647 0 0
427 66654 0 2147483647 0 0
428 66653 0 2147483647 0 0
429 66652 0 2147483647 0 0
430 66651 0 2147483647 0 0
431 66650 0 2147483647 0 0
432 66649 0 2147483647 0 0
433 66648 0 2147483647 0 0
434 66647 0 2147483647 0 0
435 66473 0 2147483647 0 0
436 66645 0 2147483647 0 0
437 66644 0 2147483647 0 0
438 66643 0 2147483647 0 0
439 66642 0 2147483647 0 0
440 66641 0 2147483647 0 0
441 66640 0 2147483647 0 0
442 66639 0 2147483647 0 0
443 66638 0 2147483647 0 0
444 66637 0 2147483647 0 0
445 66636 0 2147483647 0 0
446 66576 0 2147483647 0 0
447 66587 0 2147483647 0 0
448 66586 0 2147483647 0 0
449 66585 0 2147483647 0 0
450 66584 0 2147483647 0 0
451 66583 0 2147483647 0 0
452 66582 0 2147483647 0 0
453 66581 0 2147483647 0 0
454 66580 0 2147483647 0 0
455 66579 0 2147483647 0 0
456 66578 0 2147483647 0 0
457 66577 0 2147483647 0 0
458 66588 0 2147483647 0 0
459 66575 0 2147483647 0 0
460 66574 0 2147483647 0 0
461 66573 0 2147483647 0 0
462 66572 0 2147483647 0 0
463 66571 0 2147483647 0 0
464 66570 0 2147483647 0 0
465 66569 0 2147483647 0 0
466 66568 0 2147483647 0 0
467 66567 0 2147483647 0 0
468 66566 0 2147483647 0 0
469 66599 0 2147483647 0 0
470 66610 0 2147483647 0 0
471 66609 0 2147483647 0 0
472 66608 0 2147483647 0 0
473 66607 0 2147483647 0 0
474 66606 0 2147483647 0 0
475 66605 0 2147483647 0 0
476 66604 0 2147483647 0 0
477 66603 0 2147483647 0 0
478 66602 0 2147483647 0 0
479 66601 0 2147483647 0 0
480 66600 0 2147483647 0 0
481 66658 0 2147483647 0 0
482 66598 0 2147483647 0 0
483 66597 0 2147483647 0 0
484 66596 0 2147483647 0 0
485 66595 0 2147483647 0 0
486 66594 0 2147483647 0 0
487 66593 0 2147483647 0 0
488 66592 0 2147483647 0 0
489 66591 0 2147483647 0 0
490 66590 0 2147483647 0 0
491 66589 0 2147483647 0 0
492 67031 0 2147483647 0 0
493 67043 0 2147483647 0 0
494 67042 0 2147483647 0 0
495 67041 0 2147483647 0 0
496 67040 0 2147483647 0 0
497 67039 0 2147483647 0 0
498 67038 0 2147483647 0 0
499 67037 0 2147483647 0 0
500 67036 0 2147483647 0 0
501 67035 0 2147483647 0 0
502 67034 0 2147483647 0 0
503 67033 0 2147483647 0 0
504 67032 0 2147483647 0 0
505 67044 0 2147483647 0 0
506 67030 0 2147483647 0 0
507 67029 0 2147483647 0 0
508 67028 0 2147483647 0 0
509 67027 0 2147483647 0 0
510 67026 0 2147483647 0 0
511 67025 0 2147483647 0 0
512 67024 0 2147483647 0 0
513 67023 0 2147483647 0 0
514 67022 0 2147483647 0 0
515 67021 0 2147483647 0 0
516 67020 0 2147483647 0 0
517 67056 0 2147483647 0 0
518 67068 0 2147483647 0 0
519 67067 0 2147483647 0 0
520 67066 0 2147483647 0 0
521 67065 0 2147483647 0 0
522 67064 0 2147483647 0 0
523 67063 0 2147483647 0 0
524 67062 0 2147483647 0 0
525 67061 0 2147483647 0 0
526 67060 0 2147483647 0 0
527 67059 0 2147483647 0 0
528 67058 0 2147483647 0 0
529 67057 0 2147483647 0 0
530 67019 0 2147483647 0 0
531 67055 0 2147483647 0 0
532 67054 0 2147483647 0 0
533 67053 0 2147483647 0 0
534 67052 0 2147483647 0 0
535 67051 0 2147483647 0 0
536 67050 0 2147483647 0 0
537 67049 0 2147483647 0 0
538 67048 0 2147483647 0 0
539 67047 0 2147483647 0 0
540 67046 0 2147483647 0 0
541 67045 0 2147483647 0 0
542 66982 0 2147483647 0 0
543 66994 0 2147483647 0 0
544 66993 0 2147483647 0 0
545 66992 0 2147483647 0 0
546 66991 0 2147483647 0 0
547 66990 0 2147483647 0 0
548 66989 0 2147483647 0 0
549 66988 0 2147483647 0 0
550 66987 0 2147483647 0 0
551 66986 0 2147483647 0 0
552 66985 0 2147483647 0 0
553 66984 0 2147483647 0 0
554 66983 0 2147483647 0 0
555 66995 0 2147483647 0 0
556 66981 0 2147483647 0 0
557 66980 0 2147483647 0 0
558 66979 0 2147483647 0 0
559 66978 0 2147483647 0 0
560 66977 0 2147483647 0 0
561 66976 0 2147483647 0 0
562 66975 0 2147483647 0 0
563 66974 0 2147483647 0 0
564 66973 0 2147483647 0 0
565 66972 0 2147483647 0 0
566 66971 0 2147483647 0 0
567 67007 0 2147483647 0 0
568 67018 0 2147483647 0 0
569 67017 0 2147483647 0 0
570 67016 0 2147483647 0 0
571 67015 0 2147483647 0 0
572 67014 0 2147483647 0 0
573 67013 0 2147483647 0 0
574 67012 0 2147483647 0 0
575 67011 0 2147483647 0 0
576 67010 0 2147483647 0 0
577 67009 0 2147483647 0 0
578 67008 0 2147483647 0 0
579 67069 0 2147483647 0 0
580 67006 0 2147483647 0 0
581 67005 0 2147483647 0 0
582 67004 0 2147483647 0 0
583 67003 0 2147483647 0 0
584 67002 0 2147483647 0 0
585 67001 0 2147483647 0 0
586 67000 0 2147483647 0 0
587 66999 0 2147483647 0 0
588 66998 0 2147483647 0 0
589 66997 0 2147483647 0 0
590 66996 0 2147483647 0 0
591 67130 0 2147483647 0 0
592 67142 0 2147483647 0 0
593 67141 0 2147483647 0 0
594 67140 0 2147483647 0 0
595 67139 0 2147483647 0 0
596 67138 0 2147483647 0 0
597 67137 0 2147483647 0 0
598 67136 0 2147483647 0 0
599 67135 0 2147483647 0 0
600 67134 0 2147483647 0 0
601 67133 0 2147483647 0 0
602 67132 0 2147483647 0 0
603 67131 0 2147483647 0 0
604 67143 0 2147483647 0 0
605 67129 0 2147483647 0 0
606 67128 0 2147483647 0 0
607 67127 0 2147483647 0 0
608 67126 0 2147483647 0 0
609 67125 0 2147483647 0 0
610 67124 0 2147483647 0 0
611 67123 0 2147483647 0 0
612 67122 0 2147483647 0 0
613 67121 0 2147483647 0 0
614 67120 0 2147483647 0 0
615 67119 0 2147483647 0 0
616 67155 0 2147483647 0 0
617 67166 0 2147483647 0 0
618 67165 0 2147483647 0 0
619 67164 0 2147483647 0 0
620 67163 0 2147483647 0 0
621 67162 0 2147483647 0 0
622 67161 0 2147483647 0 0
623 67160 0 2147483647 0 0
624 67159 0 2147483647 0 0
625 67158 0 2147483647 0 0
626 67157 0 2147483647 0 0
627 67156 0 2147483647 0 0
628 67118 0 2147483647 0 0
629 67154 0 2147483647 0 0
630 67153 0 2147483647 0 0
631 67152 0 2147483647 0 0
632 67151 0 2147483647 0 0
633 67150 0 2147483647 0 0
634 67149 0 2147483647 0 0
635 67148 0 2147483647 0 0
636 67147 0 2147483647 0 0
637 67146 0 2147483647 0 0
638 67145 0 2147483647 0 0
639 67144 0 2147483647 0 0
640 67081 0 2147483647 0 0
641 67093 0 2147483647 0 0
642 67092 0 2147483647 0 0
643 67091 0 2147483647 0 0
644 67090 0 2147483647 0 0
645 67089 0 2147483647 0 0
646 67088 0 2147483647 0 0
647 67087 0 2147483647 0 0
648 67086 0 2147483647 0 0
649 67085 0 2147483647 0 0
650 67084 0 2147483647 0 0
651 67083 0 2147483647 0 0
652 67082 0 2147483647 0 0
653 67094 0 2147483647 0 0
654 67080 0 2147483647 0 0
655 67079 0 2147483647 0 0
656 67078 0 2147483647 0 0
657 67077 0 2147483647 0 0
658 67076 0 2147483647 0 0
659 67075 0 2147483647 0 0
660 67074 0 2147483647 0 0
661 67073 0 2147483647 0 0
662 67072 0 2147483647 0 0
663 67071 0 2147483647 0 0
664 67070 0 2147483647 0 0
665 67106 0 2147483647 0 0
666 67117 0 2147483647 0 0
667 67116 0 2147483647 0 0
668 67115 0 2147483647 0 0
669 67114 0 2147483647 0 0
670 67113 0 2147483647 0 0
671 67112 0 2147483647 0 0
672 67111 0 2147483647 0 0
673 67110 0 2147483647 0 0
674 67109 0 2147483647 0 0
675 67108 0 2147483647 0 0
676 67107 0 2147483647 0 0
677 66970 0 2147483647 0 0
678 67105 0 2147483647 0 0
679 67104 0 2147483647 0 0
680 67103 0 2147483647 0 0
681 67102 0 2147483647 0 0
682 67101 0 2147483647 0 0
683 67100 0 2147483647 0 0
684 67099 0 2147483647 0 0
685 67098 0 2147483647 0 0
686 67097 0 2147483647 0 0
687 67096 0 2147483647 0 0
688 67095 0 2147483647 0 0
689 66835 0 2147483647 0 0
690 66847 0 2147483647 0 0
691 66846 0 2147483647 0 0
692 66845 0 2147483647 0 0
693 66844 0 2147483647 0 0
694 66843 0 2147483647 0 0
695 66842 0 2147483647 0 0
696 66841 0 2147483647 0 0
697 66840 0 2147483647 0 0
698 66839 0 2147483647 0 0
699 66838 0 2147483647 0 0
700 66837 0 2147483647 0 0
701 66836 0 2147483647 0 0
702 66848 0 2147483647 0 0
703 66834 0 2147483647 0 0
704 66833 0 2147483647 0 0
705 66832 0 2147483647 0 0
706 66831 0 2147483647 0 0
707 66830 0 2147483647 0 0
708 66829 0 2147483647 0 0
709 66828 0 2147483647 0 0
710 66827 0 2147483647 0 0
711 66826 0 2147483647 0 0
712 66825 0 2147483647 0 0
713 66824 0 2147483647 0 0
714 66860 0 2147483647 0 0
715 66871 0 2147483647 0 0
716 66870 0 2147483647 0 0
717 66869 0 2147483647 0 0
718 66868 0 2147483647 0 0
719 66867 0 2147483647 0 0
720 66866 0 2147483647 0 0
721 66865 0 2147483647 0 0
722 66864 0 2147483647 0 0
723 66863 0 2147483647 0 0
724 66862 0 2147483647 0 0
725 66861 0 2147483647 0 0
726 66823 0 2147483647 0 0
727 66859 0 2147483647 0 0
728 66858 0 2147483647 0 0
729 66857 0 2147483647 0 0
730 66856 0 2147483647 0 0
731 66855 0 2147483647 0 0
732 66854 0 2147483647 0 0
733 66853 0 2147483647 0 0
734 66852 0 2147483647 0 0
735 66851 0 2147483647 0 0
736 66850 0 2147483647 0 0
737 66849 0 2147483647 0 0
738 66786 0 2147483647 0 0
739 66798 0 2147483647 0 0
740 66797 0 2147483647 0 0
741 66796 0 2147483647 0 0
742 66795 0 2147483647 0 0
743 66794 0 2147483647 0 0
744 66793 0 2147483647 0 0
745 66792 0 2147483647 0 0
746 66791 0 2147483647 0 0
747 66790 0 2147483647 0 0
748 66789 0 2147483647 0 0
749 66788 0 2147483647 0 0
750 66787 0 2147483647 0 0
751 66799 0 2147483647 0 0
752 66785 0 2147483647 0 0
753 66784 0 2147483647 0 0
754 66783 0 2147483647 0 0
755 66782 0 2147483647 0 0
756 66781 0 2147483647 0 0
757 66780 0 2147483647 0 0
758 66779 0 2147483647 0 0
759 66778 0 2147483647 0 0
760 66777 0 2147483647 0 0
761 66776 0 2147483647 0 0
762 66775 0 2147483647 0 0
763 66811 0 2147483647 0 0
764 66822 0 2147483647 0 0
765 66821 0 2147483647 0 0
766 66820 0 2147483647 0 0
767 66819 0 2147483647 0 0
768 66818 0 2147483647 0 0
769 66817 0 2147483647 0 0
770 66816 0 2147483647 0 0
771 66815 0 2147483647 0 0
772 66814 0 2147483647 0 0
773 66813 0 2147483647 0 0
774 66812 0 2147483647 0 0
775 66872 0 2147483647 0 0
776 66810 0 2147483647 0 0
777 66809 0 2147483647 0 0
778 66808 0 2147483647 0 0
779 66807 0 2147483647 0 0
780 66806 0 2147483647 0 0
781 66805 0 2147483647 0 0
782 66804 0 2147483647 0 0
783 66803 0 2147483647 0 0
784 66802 0 2147483647 0 0
785 66801 0 2147483647 0 0
786 66800 0 2147483647 0 0
787 66933 0 2147483647 0 0
788 66945 0 2147483647 0 0
789 66944 0 2147483647 0 0
790 66943 0 2147483647 0 0
791 66942 0 2147483647 0 0
792 66941 0 2147483647 0 0
793 66940 0 2147483647 0 0
794 66939 0 2147483647 0 0
795 66938 0 2147483647 0 0
796 66937 0 2147483647 0 0
797 66936 0 2147483647 0 0
798 66935 0 2147483647 0 0
799 66934 0 2147483647 0 0
800 66946 0 2147483647 0 0
801 66932 0 2147483647 0 0
802 66931 0 2147483647 0 0
803 66930 0 2147483647 0 0
804 66929 0 2147483647 0 0
805 66928 0 2147483647 0 0
806 66927 0 2147483647 0 0
807 66926 0 2147483647 0 0
808 66925 0 2147483647 0 0
809 66924 0 2147483647 0 0
810 66923 0 2147483647 0 0
811 66922 0 2147483647 0 0
812 66958 0 2147483647 0 0
813 66969 0 2147483647 0 0
814 66968 0 2147483647 0 0
815 66967 0 2147483647 0 0
816 66966 0 2147483647 0 0
817 66965 0 2147483647 0 0
818 66964 0 2147483647 0 0
819 66963 0 2147483647 0 0
820 66962 0 2147483647 0 0
821 66961 0 2147483647 0 0
822 66960 0 2147483647 0 0
823 66959 0 2147483647 0 0
824 66921 0 2147483647 0 0
825 66957 0 2147483647 0 0
826 66956 0 2147483647 0 0
827 66955 0 2147483647 0 0
828 66954 0 2147483647 0 0
829 66953 0 2147483647 0 0
830 66952 0 2147483647 0 0
831 66951 0 2147483647 0 0
832 66950 0 2147483647 0 0
833 66949 0 2147483647 0 0
834 66948 0 2147483647 0 0
835 66947 0 2147483647 0 0
836 66884 0 2147483647 0 0
837 66896 0 2147483647 0 0
838 66895 0 2147483647 0 0
839 66894 0 2147483647 0 0
840 66893 0 2147483647 0 0
841 66892 0 2147483647 0 0
842 66891 0 2147483647 0 0
843 66890 0 2147483647 0 0
844 66889 0 2147483647 0 0
845 66888 0 2147483647 0 0
846 66887 0 2147483647 0 0
847 66886 0 2147483647 0 0
848 66885 0 2147483647 0 0
849 66897 0 2147483647 0 0
850 66883 0 2147483647 0 0
851 66882 0 2147483647 0 0
852 66881 0 2147483647 0 0
853 66880 0 2147483647 0 0
854 66879 0 2147483647 0 0
855 66878 0 2147483647 0 0
856 66877 0 2147483647 0 0
857 66876 0 2147483647 0 0
858 66875 0 2147483647 0 0
859 66874 0 2147483647 0 0
860 66873 0 2147483647 0 0
861 66909 0 2147483647 0 0
862 66920 0 2147483647 0 0
863 66919 0 2147483647 0 0
864 66918 0 2147483647 0 0
865 66917 0 2147483647 0 0
866 66916 0 2147483647 0 0
867 66915 0 2147483647 0 0
868 66914 0 2147483647 0 0
869 66913 0 2147483647 0 0
870 66912 0 2147483647 0 0
871 66911 0 2147483647 0 0
872 66910 0 2147483647 0 0
873 66774 0 2147483647 0 0
874 66908 0 2147483647 0 0
875 66907 0 2147483647 0 0
876 66906 0 2147483647 0 0
877 66905 0 2147483647 0 0
878 66904 0 2147483647 0 0
879 66903 0 2147483647 0 0
880 66902 0 2147483647 0 0
881 66901 0 2147483647 0 0
882 66900 0 2147483647 0 0
883 66899 0 2147483647 0 0
884 66898 0 2147483647 0 0
885 65945 0 2147483647 0 0
886 65957 0 2147483647 0 0
887 65956 0 2147483647 0 0
888 65955 0 2147483647 0 0
889 65954 0 2147483647 0 0
890 65953 0 2147483647 0 0
891 65952 0 2147483647 0 0
892 65951 0 2147483647 0 0
893 65950 0 2147483647 0 0
894 65949 0 2147483647 0 0
895 65948 0 2147483647 0 0
896 65947 0 2147483647 0 0
897 65946 0 2147483647 0 0
898 65958 0 2147483647 0 0
899 65944 0 2147483647 0 0
900 65943 0 2147483647 0 0
901 65942 0 2147483647 0 0
902 65941 0 2147483647 0 0
903 65940 0 2147483647 0 0
904 65939 0 2147483647 0 0
905 65938 0 2147483647 0 0
906 65937 0 2147483647 0 0
907 65936 0 2147483647 0 0
908 65935 0 2147483647 0 0
909 65934 0 2147483647 0 0
910 65970 0 2147483647 0 0
911 65981 0 2147483647 0 0
912 65980 0 2147483647 0 0
913 65979 0 2147483647 0 0
914 65978 0 2147483647 0 0
915 65977 0 2147483647 0 0
916 65976 0 2147483647 0 0
917 65975 0 2147483647 0 0
918 65974 0 2147483647 0 0
919 65973 0 2147483647 0 0
920 65972 0 2147483647 0 0
921 65971 0 2147483647 0 0
922 65933 0 2147483647 0 0
923 65969 0 2147483647 0 0
924 65968 0 2147483647 0 0
925 65967 0 2147483647 0 0
926 65966 0 2147483647 0 0
927 65965 0 2147483647 0 0
928 65964 0 2147483647 0 0
929 65963 0 2147483647 0 0
930 65962 0 2147483647 0 0
931 65961 0 2147483647 0 0
932 65960 0 2147483647 0 0
933 65959 0 2147483647 0 0
934 65896 0 2147483647 0 0
935 65908 0 2147483647 0 0
936 65907 0 2147483647 0 0
937 65906 0 2147483647 0 0
938 65905 0 2147483647 0 0
939 65904 0 2147483647 0 0
940 65903 0 2147483647 0 0
941 65902 0 2147483647 0 0
942 65901 0 2147483647 0 0
943 65900 0 2147483647 0 0
944 65899 0 2147483647 0 0
945 65898 0 2147483647 0 0
946 65897 0 2147483647 0 0
947 65909 0 2147483647 0 0
948 65895 0 2147483647 0 0
949 65894 0 2147483647 0 0
950 65893 0 2147483647 0 0
951 65892 0 2147483647 0 0
952 65891 0 2147483647 0 0
953 65890 0 2147483647 0 0
954 65889 0 2147483647 0 0
955 65888 0 2147483647 0 0
956 65887 0 2147483647 0 0
957 65886 0 2147483647 0 0
958 65885 0 2147483647 0 0
959 65921 0 2147483647 0 0
960 65932 0 2147483647 0 0
961 65931 0 2147483647 0 0
962 65930 0 2147483647 0 0
963 65929 0 2147483647 0 0
964 65928 0 2147483647 0 0
965 65927 0 2147483647 0 0
966 65926 0 2147483647 0 0
967 65925 0 2147483647 0 0
968 65924 0 2147483647 0 0
969 65923 0 2147483647 0 0
970 65922 0 2147483647 0 0
971 65982 0 2147483647 0 0
972 65920 0 2147483647 0 0
973 65919 0 2147483647 0 0
974 65918 0 2147483647 0 0
975 65917 0 2147483647 0 0
976 65916 0 2147483647 0 0
977 65915 0 2147483647 0 0
978 65914 0 2147483647 0 0
979 65913 0 2147483647 0 0
980 65912 0 2147483647 0 0
981 65911 0 2147483647 0 0
982 65910 0 2147483647 0 0
983 66043 0 2147483647 0 0
984 66055 0 2147483647 0 0
985 66054 0 2147483647 0 0
986 66053 0 2147483647 0 0
987 66052 0 2147483647 0 0
988 66051 0 2147483647 0 0
989 66050 0 2147483647 0 0
990 66049 0 2147483647 0 0
991 66048 0 2147483647 0 0
992 66047 0 2147483647 0 0
993 66046 0 2147483647 0 0
994 66045 0 2147483647 0 0
995 66044 0 2147483647 0 0
996 66056 0 2147483647 0 0
997 66042 0 2147483647 0 0
998 66041 0 2147483647 0 0
999 66040 0 2147483647 0 0
1000 66039 0 2147483647 0 0
1001 66038 0 2147483647 0 0
1002 66037 0 2147483647 0 0
1003 66036 0 2147483647 0 0
1004 66035 0 2147483647 0 0
1005 66034 0 2147483647 0 0
1006 66033 0 2147483647 0 0
1007 66032 0 2147483647 0 0
1008 66068 0 2147483647 0 0
1009 66079 0 2147483647 0 0
1010 66078 0 2147483647 0 0
1011 66077 0 2147483647 0 0
1012 66076 0 2147483647 0 0
1013 66075 0 2147483647 0 0
1014 66074 0 2147483647 0 0
1015 66073 0 2147483647 0 0
1016 66072 0 2147483647 0 0
1017 66071 0 2147483647 0 0
1018 66070 0 2147483647 0 0
1019 66069 0 2147483647 0 0
1020 66031 0 2147483647 0 0
1021 66067 0 2147483647 0 0
1022 66066 0 2147483647 0 0
1023 66065 0 2147483647 0 0
1024 66064 0 2147483647 0 0
1025 66063 0 2147483647 0 0
1026 66062 0 2147483647 0 0
1027 66061 0 2147483647 0 0
1028 66060 0 2147483647 0 0
1029 66059 0 2147483647 0 0
1030 66058 0 2147483647 0 0
1031 66057 0 2147483647 0 0
1032 65994 0 2147483647 0 0
1033 66006 0 2147483647 0 0
1034 66005 0 2147483647 0 0
1035 66004 0 2147483647 0 0
1036 66003 0 2147483647 0 0
1037 66002 0 2147483647 0 0
1038 66001 0 2147483647 0 0
1039 66000 0 2147483647 0 0
1040 65999 0 2147483647 0 0
1041 65998 0 2147483647 0 0
1042 65997 0 2147483647 0 0
1043 65996 0 2147483647 0 0
1044 65995 0 2147483647 0 0
1045 66007 0 2147483647 0 0
1046 65993 0 2147483647 0 0
1047 65992 0 2147483647 0 0
1048 65991 0 2147483647 0 0
1049 65990 0 2147483647 0 0
1050 65989 0 2147483647 0 0
1051 65988 0 2147483647 0 0
1052 65987 0 2147483647 0 0
1053 65986 0 2147483647 0 0
1054 65985 0 2147483647 0 0
1055 65984 0 2147483647 0 0
1056 65983 0 2147483647 0 0
1057 66019 0 2147483647 0 0
1058 66030 0 2147483647 0 0
1059 66029 0 2147483647 0 0
1060 66028 0 2147483647 0 0
1061 66027 0 2147483647 0 0
1062 66026 0 2147483647 0 0
1063 66025 0 2147483647 0 0
1064 66024 0 2147483647 0 0
1065 66023 0 2147483647 0 0
1066 66022 0 2147483647 0 0
1067 66021 0 2147483647 0 0
1068 66020 0 2147483647 0 0
1069 65884 0 2147483647 0 0
1070 66018 0 2147483647 0 0
1071 66017 0 2147483647 0 0
1072 66016 0 2147483647 0 0
1073 66015 0 2147483647 0 0
1074 66014 0 2147483647 0 0
1075 66013 0 2147483647 0 0
1076 66012 0 2147483647 0 0
1077 66011 0 2147483647 0 0
1078 66010 0 2147483647 0 0
1079 66009 0 2147483647 0 0
1080 66008 0 2147483647 0 0
1081 65749 0 2147483647 0 0
1082 65761 0 2147483647 0 0
1083 65760 0 2147483647 0 0
1084 65759 0 2147483647 0 0
1085 65758 0 2147483647 0 0
1086 65757 0 2147483647 0 0
1087 65756 0 2147483647 0 0
1088 65755 0 2147483647 0 0
1089 65754 0 2147483647 0 0
1090 65753 0 2147483647 0 0
1091 65752 0 2147483647 0 0
1092 65751 0 2147483647 0 0
1093 65750 0 2147483647 0 0
1094 65762 0 2147483647 0 0
1095 65748 0 2147483647 0 0
1096 65747 0 2147483647 0 0
1097 65746 0 2147483647 0 0
1098 65745 0 2147483647 0 0
1099 65744 0 2147483647 0 0
1100 65743 0 2147483647 0 0
1101 65742 0 2147483647 0 0
1102 65741 0 2147483647 0 0
1103 65740 0 2147483647 0 0
1104 65739 0 2147483647 0 0
1105 65738 0 2147483647 0 0
1106 65774 0 2147483647 0 0
1107 65785 0 2147483647 0 0
1108 65784 0 2147483647 0 0
1109 65783 0 2147483647 0 0
1110 65782 0 2147483647 0 0
1111 65781 0 2147483647 0 0
1112 65780 0 2147483647 0 0
1113 65779 0 2147483647 0 0
1114 65778 0 2147483647 0 0
1115 65777 0 2147483647 0 0
1116 65776 0 2147483647 0 0
1117 65775 0 2147483647 0 0
1118 65737 0 2147483647 0 0
1119 65773 0 2147483647 0 0
1120 65772 0 2147483647 0 0
1121 65771 0 2147483647 0 0
1122 65770 0 2147483647 0 0
1123 65769 0 2147483647 0 0
1124 65768 0 2147483647 0 0
1125 65767 0 2147483647 0 0
1126 65766 0 2147483647 0 0
1127 65765 0 2147483647 0 0
1128 65764 0 2147483647 0 0
1129 65763 0 2147483647 0 0
1130 65700 0 2147483647 0 0
1131 65712 0 2147483647 0 0
1132 65711 0 2147483647 0 0
1133 65710 0 2147483647 0 0
1134 65709 0 2147483647 0 0
1135 65708 0 2147483647 0 0
1136 65707 0 2147483647 0 0
1137 65706 0 2147483647 0 0
1138 65705 0 2147483647 0 0
1139 65704 0 2147483647 0 0
1140 65703 0 2147483647 0 0
1141 65702 0 2147483647 0 0
1142 65701 0 2147483647 0 0
1143 65713 0 2147483647 0 0
1144 65699 0 2147483647 0 0
1145 65698 0 2147483647 0 0
1146 65697 0 2147483647 0 0
1147 65696 0 2147483647 0 0
1148 65695 0 2147483647 0 0
1149 65694 0 2147483647 0 0
1150 65693 0 2147483647 0 0
1151 65692 0 2147483647 0 0
1152 65691 0 2147483647 0 0
1153 65690 0 2147483647 0 0
1154 65689 0 2147483647 0 0
1155 65725 0 2147483647 0 0
1156 65736 0 2147483647 0 0
1157 65735 0 2147483647 0 0
1158 65734 0 2147483647 0 0
1159 65733 0 2147483647 0 0
1160 65732 0 2147483647 0 0
1161 65731 0 2147483647 0 0
1162 65730 0 2147483647 0 0
1163 65729 0 2147483647 0 0
1164 65728 0 2147483647 0 0
1165 65727 0 2147483647 0 0
1166 65726 0 2147483647 0 0
1167 65786 0 2147483647 0 0
1168 65724 0 2147483647 0 0
1169 65723 0 2147483647 0 0
1170 65722 0 2147483647 0 0
1171 65721 0 2147483647 0 0
1172 65720 0 2147483647 0 0
1173 65719 0 2147483647 0 0
1174 65718 0 2147483647 0 0
1175 65717 0 2147483647 0 0
1176 65716 0 2147483647 0 0
1177 65715 0 2147483647 0 0
1178 65714 0 2147483647 0 0
1179 65847 0 2147483647 0 0
1180 65859 0 2147483647 0 0
1181 65858 0 2147483647 0 0
1182 65857 0 2147483647 0 0
1183 65856 0 2147483647 0 0
1184 65855 0 2147483647 0 0
1185 65854 0 2147483647 0 0
1186 65853 0 2147483647 0 0
1187 65852 0 2147483647 0 0
1188 65851 0 2147483647 0 0
1189 65850 0 2147483647 0 0
1190 65849 0 2147483647 0 0
1191 65848 0 2147483647 0 0
1192 65860 0 2147483647 0 0
1193 65846 0 2147483647 0 0
1194 65845 0 2147483647 0 0
1195 65844 0 2147483647 0 0
1196 65843 0 2147483647 0 0
1197 65842 0 2147483647 0 0
1198 65841 0 2147483647 0 0
1199 65840 0 2147483647 0 0
1200 65839 0 2147483647 0 0
1201 65838 0 2147483647 0 0
1202 65837 0 2147483647 0 0
1203 65836 0 2147483647 0 0
1204 65872 0 2147483647 0 0
1205 65883 0 2147483647 0 0
1206 65882 0 2147483647 0 0
1207 65881 0 2147483647 0 0
1208 65880 0 2147483647 0 0
1209 65879 0 2147483647 0 0
1210 65878 0 2147483647 0 0
1211 65877 0 2147483647 0 0
1212 65876 0 2147483647 0 0
1213 65875 0 2147483647 0 0
1214 65874 0 2147483647 0 0
1215 65873 0 2147483647 0 0
1216 65835 0 2147483647 0 0
1217 65871 0 2147483647 0 0
1218 65870 0 2147483647 0 0
1219 65869 0 2147483647 0 0
1220 65868 0 2147483647 0 0
1221 65867 0 2147483647 0 0
1222 65866 0 2147483647 0 0
1223 65865 0 2147483647 0 0
1224 65864 0 2147483647 0 0
1225 65863 0 2147483647 0 0
1226 65862 0 2147483647 0 0
1227 65861 0 2147483647 0 0
1228 65798 0 2147483647 0 0
1229 65810 0 2147483647 0 0
1230 65809 0 2147483647 0 0
1231 65808 0 2147483647 0 0
1232 65807 0 2147483647 0 0
1233 65806 0 2147483647 0 0
1234 65805 0 2147483647 0 0
1235 65804 0 2147483647 0 0
1236 65803 0 2147483647 0 0
1237 65802 0 2147483647 0 0
1238 65801 0 2147483647 0 0
1239 65800 0 2147483647 0 0
1240 65799 0 2147483647 0 0
1241 65811 0 2147483647 0 0
1242 65797 0 2147483647 0 0
1243 65796 0 2147483647 0 0
1244 65795 0 2147483647 0 0
1245 65794 0 2147483647 0 0
1246 65793 0 2147483647 0 0
1247 65792 0 2147483647 0 0
1248 65791 0 2147483647 0 0
1249 65790 0 2147483647 0 0
1250 65789 0 2147483647 0 0
1251 65788 0 2147483647 0 0
1252 65787 0 2147483647 0 0
1253 65823 0 2147483647 0 0
1254 65834 0 2147483647 0 0
1255 65833 0 2147483647 0 0
1256 65832 0 2147483647 0 0
1257 65831 0 2147483647 0 0
1258 65830 0 2147483647 0 0
1259 65829 0 2147483647 0 0
1260 65828 0 2147483647 0 0
1261 65827 0 2147483647 0 0
1262 65826 0 2147483647 0 0
1263 65825 0 2147483647 0 0
1264 65824 0 2147483647 0 0
1265 66080 0 2147483647 0 0
1266 65822 0 2147483647 0 0
1267 65821 0 2147483647 0 0
1268 65820 0 2147483647 0 0
1269 65819 0 2147483647 0 0
1270 65818 0 2147483647 0 0
1271 65817 0 2147483647 0 0
1272 65816 0 2147483647 0 0
1273 65815 0 2147483647 0 0
1274 65814 0 2147483647 0 0
1275 65813 0 2147483647 0 0
1276 65812 0 2147483647 0 0
1277 66336 0 2147483647 0 0
1278 66348 0 2147483647 0 0
1279 66347 0 2147483647 0 0
1280 66346 0 2147483647 0 0
1281 66345 0 2147483647 0 0
1282 66344 0 2147483647 0 0
1283 66343 0 2147483647 0 0
1284 66342 0 2147483647 0 0
1285 66341 0 2147483647 0 0
1286 66340 0 2147483647 0 0
1287 66339 0 2147483647 0 0
1288 66338 0 2147483647 0 0
1289 66337 0 2147483647 0 0
1290 66349 0 2147483647 0 0
1291 66335 0 2147483647 0 0
1292 66334 0 2147483647 0 0
1293 66333 0 2147483647 0 0
1294 66332 0 2147483647 0 0
1295 66331 0 2147483647 0 0
1296 66330 0 2147483647 0 0
1297 66329 0 2147483647 0 0
1298 66328 0 2147483647 0 0
1299 66327 0 2147483647 0 0
1300 66326 0 2147483647 0 0
1301 66325 0 2147483647 0 0
1302 66361 0 2147483647 0 0
1303 66372 0 2147483647 0 0
1304 66371 0 2147483647 0 0
1305 66370 0 2147483647 0 0
1306 66369 0 2147483647 0 0
1307 66368 0 2147483647 0 0
1308 66367 0 2147483647 0 0
1309 66366 0 2147483647 0 0
1310 66365 0 2147483647 0 0
1311 66364 0 2147483647 0 0
1312 66363 0 2147483647 0 0
1313 66362 0 2147483647 0 0
1314 66324 0 2147483647 0 0
1315 66360 0 2147483647 0 0
1316 66359 0 2147483647 0 0
1317 66358 0 2147483647 0 0
1318 66357 0 2147483647 0 0
1319 66356 0 2147483647 0 0
1320 66355 0 2147483647 0 0
1321 66354 0 2147483647 0 0
1322 66353 0 2147483647 0 0
1323 66352 0 2147483647 0 0
1324 66351 0 2147483647 0 0
1325 66350 0 2147483647 0 0
1326 66287 0 2147483647 0 0
1327 66299 0 2147483647 0 0
1328 66298 0 2147483647 0 0
1329 66297 0 2147483647 0 0
1330 66296 0 2147483647 0 0
1331 66295 0 2147483647 0 0
1332 66294 0 2147483647 0 0
1333 66293 0 2147483647 0 0
1334 66292 0 2147483647 0 0
1335 66291 0 2147483647 0 0
1336 66290 0 2147483647 0 0
1337 66289 0 2147483647 0 0
1338 66288 0 2147483647 0 0
1339 66300 0 2147483647 0 0
1340 66286 0 2147483647 0 0
1341 66285 0 2147483647 0 0
1342 66284 0 2147483647 0 0
1343 66283 0 2147483647 0 0
1344 66282 0 2147483647 0 0
1345 66281 0 2147483647 0 0
1346 66280 0 2147483647 0 0
1347 66279 0 2147483647 0 0
1348 66278 0 2147483647 0 0
1349 66277 0 2147483647 0 0
1350 66276 0 2147483647 0 0
1351 66312 0 2147483647 0 0
1352 66323 0 2147483647 0 0
1353 66322 0 2147483647 0 0
1354 66321 0 2147483647 0 0
1355 66320 0 2147483647 0 0
1356 66319 0 2147483647 0 0
1357 66318 0 2147483647 0 0
1358 66317 0 2147483647 0 0
1359 66316 0 2147483647 0 0
1360 66315 0 2147483647 0 0
1361 66314 0 2147483647 0 0
1362 66313 0 2147483647 0 0
1363 66373 0 2147483647 0 0
1364 66311 0 2147483647 0 0
1365 66310 0 2147483647 0 0
1366 66309 0 2147483647 0 0
1367 66308 0 2147483647 0 0
1368 66307 0 2147483647 0 0
1369 66306 0 2147483647 0 0
1370 66305 0 2147483647 0 0
1371 66304 0 2147483647 0 0
1372 66303 0 2147483647 0 0
1373 66302 0 2147483647 0 0
1374 66301 0 2147483647 0 0
1375 66435 0 2147483647 0 0
1376 66447 0 2147483647 0 0
1377 66446 0 2147483647 0 0
1378 66445 0 2147483647 0 0
1379 66444 0 2147483647 0 0
1380 66443 0 2147483647 0 0
1381 66442 0 2147483647 0 0
1382 66441 0 2147483647 0 0
1383 66440 0 2147483647 0 0
1384 66439 0 2147483647 0 0
1385 66438 0 2147483647 0 0
1386 66437 0 2147483647 0 0
1387 66436 0 2147483647 0 0
1388 66448 0 2147483647 0 0
1389 66434 0 2147483647 0 0
1390 66433 0 2147483647 0 0
1391 66432 0 2147483647 0 0
1392 66431 0 2147483647 0 0
1393 66430 0 2147483647 0 0
1394 66429 0 2147483647 0 0
1395 66428 0 2147483647 0 0
1396 66427 0 2147483647 0 0
1397 67215 0 2147483647 0 0
1398 66425 0 2147483647 0 0
1399 66424 0 2147483647 0 0
1400 66460 0 2147483647 0 0
1401 66471 0 2147483647 0 0
1402 66470 0 2147483647 0 0
1403 66469 0 2147483647 0 0
1404 66468 0 2147483647 0 0
1405 66467 0 2147483647 0 0
1406 66466 0 2147483647 0 0
1407 66465 0 2147483647 0 0
1408 66464 0 2147483647 0 0
1409 66463 0 2147483647 0 0
1410 66462 0 2147483647 0 0
1411 66461 0 2147483647 0 0
1412 66423 0 2147483647 0 0
1413 66459 0 2147483647 0 0
1414 66458 0 2147483647 0 0
1415 66457 0 2147483647 0 0
1416 66456 0 2147483647 0 0
1417 66455 0 2147483647 0 0
1418 66454 0 2147483647 0 0
1419 66453 0 2147483647 0 0
1420 66452 0 2147483647 0 0
1421 66451 0 2147483647 0 0
1422 66450 0 2147483647 0 0
1423 66449 0 2147483647 0 0
1424 66386 0 2147483647 0 0
1425 66398 0 2147483647 0 0
1426 66397 0 2147483647 0 0
1427 66396 0 2147483647 0 0
1428 66395 0 2147483647 0 0
1429 66394 0 2147483647 0 0
1430 66393 0 2147483647 0 0
1431 66392 0 2147483647 0 0
1432 66391 0 2147483647 0 0
1433 66390 0 2147483647 0 0
1434 66389 0 2147483647 0 0
1435 66388 0 2147483647 0 0
1436 66387 0 2147483647 0 0
1437 66399 0 2147483647 0 0
1438 66385 0 2147483647 0 0
1439 66384 0 2147483647 0 0
1440 66383 0 2147483647 0 0
1441 66382 0 2147483647 0 0
1442 66381 0 2147483647 0 0
1443 66380 0 2147483647 0 0
1444 66379 0 2147483647 0 0
1445 66378 0 2147483647 0 0
1446 66377 0 2147483647 0 0
1447 66375 0 2147483647 0 0
1448 66374 0 2147483647 0 0
1449 66411 0 2147483647 0 0
1450 66422 0 2147483647 0 0
1451 66421 0 2147483647 0 0
1452 66420 0 2147483647 0 0
1453 66419 0 2147483647 0 0
1454 66418 0 2147483647 0 0
1455 66417 0 2147483647 0 0
1456 66416 0 2147483647 0 0
1457 66415 0 2147483647 0 0
1458 66414 0 2147483647 0 0
1459 66413 0 2147483647 0 0
1460 66412 0 2147483647 0 0
1461 66275 0 2147483647 0 0
1462 66410 0 2147483647 0 0
1463 66409 0 2147483647 0 0
1464 66408 0 2147483647 0 0
1465 66407 0 2147483647 0 0
1466 66406 0 2147483647 0 0
1467 66405 0 2147483647 0 0
1468 66404 0 2147483647 0 0
1469 66403 0 2147483647 0 0
1470 66402 0 2147483647 0 0
1471 66401 0 2147483647 0 0
1472 66400 0 2147483647 0 0
1473 66141 0 2147483647 0 0
1474 66153 0 2147483647 0 0
1475 66152 0 2147483647 0 0
1476 66151 0 2147483647 0 0
1477 66150 0 2147483647 0 0
1478 66149 0 2147483647 0 0
1479 66148 0 2147483647 0 0
1480 66147 0 2147483647 0 0
1481 66146 0 2147483647 0 0
1482 66145 0 2147483647 0 0
1483 66144 0 2147483647 0 0
1484 66143 0 2147483647 0 0
1485 66142 0 2147483647 0 0
1486 66154 0 2147483647 0 0
1487 66140 0 2147483647 0 0
1488 66139 0 2147483647 0 0
1489 66138 0 2147483647 0 0
1490 66137 0 2147483647 0 0
1491 66136 0 2147483647 0 0
1492 66135 0 2147483647 0 0
1493 66134 0 2147483647 0 0
1494 66133 0 2147483647 0 0
1495 66132 0 2147483647 0 0
1496 66131 0 2147483647 0 0
1497 66130 0 2147483647 0 0
1498 66166 0 2147483647 0 0
1499 66177 0 2147483647 0 0
1500 66176 0 2147483647 0 0
1501 66175 0 2147483647 0 0
1502 66174 0 2147483647 0 0
1503 66173 0 2147483647 0 0
1504 66172 0 2147483647 0 0
1505 66171 0 2147483647 0 0
1506 66170 0 2147483647 0 0
1507 66169 0 2147483647 0 0
1508 66168 0 2147483647 0 0
1509 66167 0 2147483647 0 0
1510 66129 0 2147483647 0 0
1511 66165 0 2147483647 0 0
1512 66164 0 2147483647 0 0
1513 66163 0 2147483647 0 0
1514 66162 0 2147483647 0 0
1515 66161 0 2147483647 0 0
1516 66160 0 2147483647 0 0
1517 66159 0 2147483647 0 0
1518 66158 0 2147483647 0 0
1519 66157 0 2147483647 0 0
1520 66156 0 2147483647 0 0
1521 66155 0 2147483647 0 0
1522 66092 0 2147483647 0 0
1523 66104 0 2147483647 0 0
1524 66103 0 2147483647 0 0
1525 66102 0 2147483647 0 0
1526 66101 0 2147483647 0 0
1527 66100 0 2147483647 0 0
1528 66099 0 2147483647 0 0
1529 66098 0 2147483647 0 0
1530 66097 0 2147483647 0 0
1531 66096 0 2147483647 0 0
1532 66095 0 2147483647 0 0
1533 66094 0 2147483647 0 0
1534 66093 0 2147483647 0 0
1535 66105 0 2147483647 0 0
1536 66091 0 2147483647 0 0
1537 66090 0 2147483647 0 0
1538 66089 0 2147483647 0 0
1539 66088 0 2147483647 0 0
1540 66087 0 2147483647 0 0
1541 66086 0 2147483647 0 0
1542 66085 0 2147483647 0 0
1543 66084 0 2147483647 0 0
1544 66083 0 2147483647 0 0
1545 66082 0 2147483647 0 0
1546 66081 0 2147483647 0 0
1547 66117 0 2147483647 0 0
1548 66128 0 2147483647 0 0
1549 66127 0 2147483647 0 0
1550 66126 0 2147483647 0 0
1551 66125 0 2147483647 0 0
1552 66124 0 2147483647 0 0
1553 66123 0 2147483647 0 0
1554 66122 0 2147483647 0 0
1555 66121 0 2147483647 0 0
1556 66120 0 2147483647 0 0
1557 66119 0 2147483647 0 0
1558 66118 0 2147483647 0 0
1559 66178 0 2147483647 0 0
1560 66116 0 2147483647 0 0
1561 66115 0 2147483647 0 0
1562 66114 0 2147483647 0 0
1563 66113 0 2147483647 0 0
1564 66112 0 2147483647 0 0
1565 66111 0 2147483647 0 0
1566 66110 0 2147483647 0 0
1567 66109 0 2147483647 0 0
1568 66108 0 2147483647 0 0
1569 66107 0 2147483647 0 0
1570 66106 0 2147483647 0 0
1571 66238 0 2147483647 0 0
1572 66250 0 2147483647 0 0
1573 66249 0 2147483647 0 0
1574 66248 0 2147483647 0 0
1575 66247 0 2147483647 0 0
1576 66246 0 2147483647 0 0
1577 66245 0 2147483647 0 0
1578 66244 0 2147483647 0 0
1579 66243 0 2147483647 0 0
1580 66242 0 2147483647 0 0
1581 66241 0 2147483647 0 0
1582 66240 0 2147483647 0 0
1583 66239 0 2147483647 0 0
1584 66251 0 2147483647 0 0
1585 66237 0 2147483647 0 0
1586 66236 0 2147483647 0 0
1587 66235 0 2147483647 0 0
1588 66234 0 2147483647 0 0
1589 66233 0 2147483647 0 0
1590 66232 0 2147483647 0 0
1591 66231 0 2147483647 0 0
1592 66230 0 2147483647 0 0
1593 66229 0 2147483647 0 0
1594 66228 0 2147483647 0 0
1595 66227 0 2147483647 0 0
1596 66263 0 2147483647 0 0
1597 66274 0 2147483647 0 0
1598 66273 0 2147483647 0 0
1599 66272 0 2147483647 0 0
1600 66271 0 2147483647 0 0
1601 66270 0 2147483647 0 0
1602 66269 0 2147483647 0 0
1603 66268 0 2147483647 0 0
1604 66267 0 2147483647 0 0
1605 66266 0 2147483647 0 0
1606 66265 0 2147483647 0 0
1607 66264 0 2147483647 0 0
1608 66226 0 2147483647 0 0
1609 66262 0 2147483647 0 0
1610 66261 0 2147483647 0 0
1611 66260 0 2147483647 0 0
1612 66259 0 2147483647 0 0
1613 66258 0 2147483647 0 0
1614 66257 0 2147483647 0 0
1615 66256 0 2147483647 0 0
1616 66255 0 2147483647 0 0
1617 66254 0 2147483647 0 0
1618 66253 0 2147483647 0 0
1619 66252 0 2147483647 0 0
1620 66190 0 2147483647 0 0
1621 66201 0 2147483647 0 0
1622 66200 0 2147483647 0 0
1623 66199 0 2147483647 0 0
1624 66198 0 2147483647 0 0
1625 66197 0 2147483647 0 0
1626 66196 0 2147483647 0 0
1627 66195 0 2147483647 0 0
1628 66194 0 2147483647 0 0
1629 66193 0 2147483647 0 0
1630 66192 0 2147483647 0 0
1631 66191 0 2147483647 0 0
1632 66202 0 2147483647 0 0
1633 66189 0 2147483647 0 0
1634 66188 0 2147483647 0 0
1635 66187 0 2147483647 0 0
1636 66186 0 2147483647 0 0
1637 66185 0 2147483647 0 0
1638 66184 0 2147483647 0 0
1639 66183 0 2147483647 0 0
1640 66182 0 2147483647 0 0
1641 66181 0 2147483647 0 0
1642 66180 0 2147483647 0 0
1643 66179 0 2147483647 0 0
1644 66214 0 2147483647 0 0
1645 66225 0 2147483647 0 0
1646 66224 0 2147483647 0 0
1647 66223 0 2147483647 0 0
1648 66222 0 2147483647 0 0
1649 66221 0 2147483647 0 0
1650 66220 0 2147483647 0 0
1651 66219 0 2147483647 0 0
1652 66218 0 2147483647 0 0
1653 66217 0 2147483647 0 0
1654 66216 0 2147483647 0 0
1655 66215 0 2147483647 0 0
1656 66472 0 2147483647 0 0
1657 66213 0 2147483647 0 0
1658 66212 0 2147483647 0 0
1659 66211 0 2147483647 0 0
1660 66210 0 2147483647 0 0
1661 66209 0 2147483647 0 0
1662 66208 0 2147483647 0 0
1663 66207 0 2147483647 0 0
1664 66206 0 2147483647 0 0
1665 66205 0 2147483647 0 0
1666 66204 0 2147483647 0 0
1667 66203 0 2147483647 0 0
1668 68209 0 2147483647 0 0
1669 68221 0 2147483647 0 0
1670 68220 0 2147483647 0 0
1671 68219 0 2147483647 0 0
1672 68218 0 2147483647 0 0
1673 68217 0 2147483647 0 0
1674 68216 0 2147483647 0 0
1675 68215 0 2147483647 0 0
1676 68214 0 2147483647 0 0
1677 68213 0 2147483647 0 0
1678 68212 0 2147483647 0 0
1679 68211 0 2147483647 0 0
1680 68210 0 2147483647 0 0
1681 68222 0 2147483647 0 0
1682 68208 0 2147483647 0 0
1683 68207 0 2147483647 0 0
1684 68206 0 2147483647 0 0
1685 68205 0 2147483647 0 0
1686 68204 0 2147483647 0 0
1687 68203 0 2147483647 0 0
1688 68202 0 2147483647 0 0
1689 68201 0 2147483647 0 0
1690 68200 0 2147483647 0 0
1691 68199 0 2147483647 0 0
1692 68198 0 2147483647 0 0
1693 68234 0 2147483647 0 0
1694 68245 0 2147483647 0 0
1695 68244 0 2147483647 0 0
1696 68243 0 2147483647 0 0
1697 68242 0 2147483647 0 0
1698 68241 0 2147483647 0 0
1699 68240 0 2147483647 0 0
1700 68239 0 2147483647 0 0
1701 68238 0 2147483647 0 0
1702 68237 0 2147483647 0 0
1703 68236 0 2147483647 0 0
1704 68235 0 2147483647 0 0
1705 68197 0 2147483647 0 0
1706 68233 0 2147483647 0 0
1707 68232 0 2147483647 0 0
1708 68231 0 2147483647 0 0
1709 68230 0 2147483647 0 0
1710 68229 0 2147483647 0 0
1711 68228 0 2147483647 0 0
1712 68227 0 2147483647 0 0
1713 68226 0 2147483647 0 0
1714 68225 0 2147483647 0 0
1715 68224 0 2147483647 0 0
1716 68223 0 2147483647 0 0
1717 68160 0 2147483647 0 0
1718 68172 0 2147483647 0 0
1719 68171 0 2147483647 0 0
1720 68170 0 2147483647 0 0
1721 68169 0 2147483647 0 0
1722 68168 0 2147483647 0 0
1723 68167 0 2147483647 0 0
1724 68166 0 2147483647 0 0
1725 68165 0 2147483647 0 0
1726 68164 0 2147483647 0 0
1727 68163 0 2147483647 0 0
1728 68162 0 2147483647 0 0
1729 68161 0 2147483647 0 0
1730 68173 0 2147483647 0 0
1731 68159 0 2147483647 0 0
1732 68158 0 2147483647 0 0
1733 68157 0 2147483647 0 0
1734 68156 0 2147483647 0 0
1735 68155 0 2147483647 0 0
1736 68154 0 2147483647 0 0
1737 68153 0 2147483647 0 0
1738 68152 0 2147483647 0 0
1739 68151 0 2147483647 0 0
1740 68150 0 2147483647 0 0
1741 68149 0 2147483647 0 0
1742 68185 0 2147483647 0 0
1743 68196 0 2147483647 0 0
1744 68195 0 2147483647 0 0
1745 68194 0 2147483647 0 0
1746 68193 0 2147483647 0 0
1747 68192 0 2147483647 0 0
1748 68191 0 2147483647 0 0
1749 68190 0 2147483647 0 0
1750 68189 0 2147483647 0 0
1751 68188 0 2147483647 0 0
1752 68187 0 2147483647 0 0
1753 68186 0 2147483647 0 0
1754 68246 0 2147483647 0 0
1755 68184 0 2147483647 0 0
1756 68183 0 2147483647 0 0
1757 68182 0 2147483647 0 0
1758 68181 0 2147483647 0 0
1759 68180 0 2147483647 0 0
1760 68179 0 2147483647 0 0
1761 68178 0 2147483647 0 0
1762 68177 0 2147483647 0 0
1763 68176 0 2147483647 0 0
1764 68175 0 2147483647 0 0
1765 68174 0 2147483647 0 0
1766 68307 0 2147483647 0 0
1767 68319 0 2147483647 0 0
1768 68318 0 2147483647 0 0
1769 68317 0 2147483647 0 0
1770 68316 0 2147483647 0 0
1771 68315 0 2147483647 0 0
1772 68314 0 2147483647 0 0
1773 68313 0 2147483647 0 0
1774 68312 0 2147483647 0 0
1775 68311 0 2147483647 0 0
1776 68310 0 2147483647 0 0
1777 68309 0 2147483647 0 0
1778 68308 0 2147483647 0 0
1779 68320 0 2147483647 0 0
1780 68306 0 2147483647 0 0
1781 68305 0 2147483647 0 0
1782 68304 0 2147483647 0 0
1783 68303 0 2147483647 0 0
1784 68302 0 2147483647 0 0
1785 68301 0 2147483647 0 0
1786 68300 0 2147483647 0 0
1787 68299 0 2147483647 0 0
1788 68298 0 2147483647 0 0
1789 68297 0 2147483647 0 0
1790 68296 0 2147483647 0 0
1791 68332 0 2147483647 0 0
1792 68343 0 2147483647 0 0
1793 68342 0 2147483647 0 0
1794 68341 0 2147483647 0 0
1795 68340 0 2147483647 0 0
1796 68339 0 2147483647 0 0
1797 68338 0 2147483647 0 0
1798 68337 0 2147483647 0 0
1799 68336 0 2147483647 0 0
1800 68335 0 2147483647 0 0
1801 68334 0 2147483647 0 0
1802 68333 0 2147483647 0 0
1803 68295 0 2147483647 0 0
1804 68331 0 2147483647 0 0
1805 68330 0 2147483647 0 0
1806 68329 0 2147483647 0 0
1807 68328 0 2147483647 0 0
1808 68327 0 2147483647 0 0
1809 68326 0 2147483647 0 0
1810 68325 0 2147483647 0 0
1811 68324 0 2147483647 0 0
1812 68323 0 2147483647 0 0
1813 68322 0 2147483647 0 0
1814 68321 0 2147483647 0 0
1815 68258 0 2147483647 0 0
1816 68270 0 2147483647 0 0
1817 68269 0 2147483647 0 0
1818 68268 0 2147483647 0 0
1819 68267 0 2147483647 0 0
1820 68266 0 2147483647 0 0
1821 68265 0 2147483647 0 0
1822 68264 0 2147483647 0 0
1823 68263 0 2147483647 0 0
1824 68262 0 2147483647 0 0
1825 68261 0 2147483647 0 0
1826 68260 0 2147483647 0 0
1827 68259 0 2147483647 0 0
1828 68271 0 2147483647 0 0
1829 68257 0 2147483647 0 0
1830 68256 0 2147483647 0 0
1831 68255 0 2147483647 0 0
1832 68254 0 2147483647 0 0
1833 68253 0 2147483647 0 0
1834 68252 0 2147483647 0 0
1835 68251 0 2147483647 0 0
1836 68250 0 2147483647 0 0
1837 68249 0 2147483647 0 0
1838 68248 0 2147483647 0 0
1839 68247 0 2147483647 0 0
1840 68283 0 2147483647 0 0
1841 68294 0 2147483647 0 0
1842 68293 0 2147483647 0 0
1843 68292 0 2147483647 0 0
1844 68291 0 2147483647 0 0
1845 68290 0 2147483647 0 0
1846 68289 0 2147483647 0 0
1847 68288 0 2147483647 0 0
1848 68287 0 2147483647 0 0
1849 68286 0 2147483647 0 0
1850 68285 0 2147483647 0 0
1851 68284 0 2147483647 0 0
1852 68148 0 2147483647 0 0
1853 68282 0 2147483647 0 0
1854 68281 0 2147483647 0 0
1855 68280 0 2147483647 0 0
1856 68279 0 2147483647 0 0
1857 68278 0 2147483647 0 0
1858 68277 0 2147483647 0 0
1859 68276 0 2147483647 0 0
1860 68275 0 2147483647 0 0
1861 68274 0 2147483647 0 0
1862 68273 0 2147483647 0 0
1863 68272 0 2147483647 0 0
1864 68013 0 2147483647 0 0
1865 68025 0 2147483647 0 0
1866 68024 0 2147483647 0 0
1867 68023 0 2147483647 0 0
1868 68022 0 2147483647 0 0
1869 68021 0 2147483647 0 0
1870 68020 0 2147483647 0 0
1871 68019 0 2147483647 0 0
1872 68018 0 2147483647 0 0
1873 68017 0 2147483647 0 0
1874 68016 0 2147483647 0 0
1875 68015 0 2147483647 0 0
1876 68014 0 2147483647 0 0
1877 68026 0 2147483647 0 0
1878 68012 0 2147483647 0 0
1879 68011 0 2147483647 0 0
1880 68010 0 2147483647 0 0
1881 68009 0 2147483647 0 0
1882 68008 0 2147483647 0 0
1883 68007 0 2147483647 0 0
1884 68006 0 2147483647 0 0
1885 68005 0 2147483647 0 0
1886 68004 0 2147483647 0 0
1887 68003 0 2147483647 0 0
1888 68002 0 2147483647 0 0
1889 68038 0 2147483647 0 0
1890 68049 0 2147483647 0 0
1891 68048 0 2147483647 0 0
1892 68047 0 2147483647 0 0
1893 68046 0 2147483647 0 0
1894 68045 0 2147483647 0 0
1895 68044 0 2147483647 0 0
1896 68043 0 2147483647 0 0
1897 68042 0 2147483647 0 0
1898 68041 0 2147483647 0 0
1899 68040 0 2147483647 0 0
1900 68039 0 2147483647 0 0
1901 68001 0 2147483647 0 0
1902 68037 0 2147483647 0 0
1903 68036 0 2147483647 0 0
1904 68035 0 2147483647 0 0
1905 68034 0 2147483647 0 0
1906 68033 0 2147483647 0 0
1907 68032 0 2147483647 0 0
1908 68031 0 2147483647 0 0
1909 68030 0 2147483647 0 0
1910 68029 0 2147483647 0 0
1911 68028 0 2147483647 0 0
1912 68027 0 2147483647 0 0
1913 67964 0 2147483647 0 0
1914 67976 0 2147483647 0 0
1915 67975 0 2147483647 0 0
1916 67974 0 2147483647 0 0
1917 67973 0 2147483647 0 0
1918 67972 0 2147483647 0 0
1919 67971 0 2147483647 0 0
1920 67970 0 2147483647 0 0
1921 67969 0 2147483647 0 0
1922 67968 0 2147483647 0 0
1923 67967 0 2147483647 0 0
1924 67966 0 2147483647 0 0
1925 67965 0 2147483647 0 0
1926 67977 0 2147483647 0 0
1927 67963 0 2147483647 0 0
1928 67962 0 2147483647 0 0
1929 67961 0 2147483647 0 0
1930 67960 0 2147483647 0 0
1931 67959 0 2147483647 0 0
1932 67958 0 2147483647 0 0
1933 67957 0 2147483647 0 0
1934 67956 0 2147483647 0 0
1935 67955 0 2147483647 0 0
1936 67954 0 2147483647 0 0
1937 67953 0 2147483647 0 0
1938 67989 0 2147483647 0 0
1939 68000 0 2147483647 0 0
1940 67999 0 2147483647 0 0
1941 67998 0 2147483647 0 0
1942 67997 0 2147483647 0 0
1943 67996 0 2147483647 0 0
1944 67995 0 2147483647 0 0
1945 67994 0 2147483647 0 0
1946 67993 0 2147483647 0 0
1947 67992 0 2147483647 0 0
1948 67991 0 2147483647 0 0
1949 67990 0 2147483647 0 0
1950 68050 0 2147483647 0 0
1951 67988 0 2147483647 0 0
1952 67987 0 2147483647 0 0
1953 67986 0 2147483647 0 0
1954 67985 0 2147483647 0 0
1955 67984 0 2147483647 0 0
1956 67983 0 2147483647 0 0
1957 67982 0 2147483647 0 0
1958 67981 0 2147483647 0 0
1959 67980 0 2147483647 0 0
1960 67979 0 2147483647 0 0
1961 67978 0 2147483647 0 0
1962 68111 0 2147483647 0 0
1963 68123 0 2147483647 0 0
1964 68122 0 2147483647 0 0
1965 68121 0 2147483647 0 0
1966 68120 0 2147483647 0 0
1967 68119 0 2147483647 0 0
1968 68118 0 2147483647 0 0
1969 68117 0 2147483647 0 0
1970 68116 0 2147483647 0 0
1971 68115 0 2147483647 0 0
1972 68114 0 2147483647 0 0
1973 68113 0 2147483647 0 0
1974 68112 0 2147483647 0 0
1975 68124 0 2147483647 0 0
1976 68110 0 2147483647 0 0
1977 68109 0 2147483647 0 0
1978 68108 0 2147483647 0 0
1979 68107 0 2147483647 0 0
1980 68106 0 2147483647 0 0
1981 68105 0 2147483647 0 0
1982 68104 0 2147483647 0 0
1983 68103 0 2147483647 0 0
1984 68102 0 2147483647 0 0
1985 68101 0 2147483647 0 0
1986 68100 0 2147483647 0 0
1987 68136 0 2147483647 0 0
1988 68147 0 2147483647 0 0
1989 68146 0 2147483647 0 0
1990 68145 0 2147483647 0 0
1991 68144 0 2147483647 0 0
1992 68143 0 2147483647 0 0
1993 68142 0 2147483647 0 0
1994 68141 0 2147483647 0 0
1995 68140 0 2147483647 0 0
1996 68139 0 2147483647 0 0
1997 68138 0 2147483647 0 0
1998 68137 0 2147483647 0 0
1999 68099 0 2147483647 0 0
2000 68135 0 2147483647 0 0
2001 68134 0 2147483647 0 0
2002 68133 0 2147483647 0 0
2003 68132 0 2147483647 0 0
2004 68131 0 2147483647 0 0
2005 68130 0 2147483647 0 0
2006 68129 0 2147483647 0 0
2007 68128 0 2147483647 0 0
2008 68127 0 2147483647 0 0
2009 68126 0 2147483647 0 0
2010 68125 0 2147483647 0 0
2011 68062 0 2147483647 0 0
2012 68074 0 2147483647 0 0
2013 68073 0 2147483647 0 0
2014 68072 0 2147483647 0 0
2015 68071 0 2147483647 0 0
2016 68070 0 2147483647 0 0
2017 68069 0 2147483647 0 0
2018 68068 0 2147483647 0 0
2019 68067 0 2147483647 0 0
2020 68066 0 2147483647 0 0
2021 68065 0 2147483647 0 0
2022 68064 0 2147483647 0 0
2023 68063 0 2147483647 0 0
2024 68075 0 2147483647 0 0
2025 68061 0 2147483647 0 0
2026 68060 0 2147483647 0 0
2027 68059 0 2147483647 0 0
2028 68058 0 2147483647 0 0
2029 68057 0 2147483647 0 0
2030 68056 0 2147483647 0 0
2031 68055 0 2147483647 0 0
2032 68054 0 2147483647 0 0
2033 68053 0 2147483647 0 0
2034 68052 0 2147483647 0 0
2035 68051 0 2147483647 0 0
2036 68087 0 2147483647 0 0
2037 68098 0 2147483647 0 0
2038 68097 0 2147483647 0 0
2039 68096 0 2147483647 0 0
2040 68095 0 2147483647 0 0
2041 68094 0 2147483647 0 0
2042 68093 0 2147483647 0 0
2043 68092 0 2147483647 0 0
2044 68091 0 2147483647 0 0
2045 68090 0 2147483647 0 0
2046 68089 0 2147483647 0 0
2047 68088 0 2147483647 0 0
2048 68344 0 2147483647 0 0
2049 68086 0 2147483647 0 0
2050 68085 0 2147483647 0 0
2051 68084 0 2147483647 0 0
2052 68083 0 2147483647 0 0
2053 68082 0 2147483647 0 0
2054 68081 0 2147483647 0 0
2055 68080 0 2147483647 0 0
2056 68079 0 2147483647 0 0
2057 68078 0 2147483647 0 0
2058 68077 0 2147483647 0 0
2059 68076 0 2147483647 0 0
2060 68600 0 2147483647 0 0
2061 68612 0 2147483647 0 0
2062 68611 0 2147483647 0 0
2063 68610 0 2147483647 0 0
2064 68609 0 2147483647 0 0
2065 68608 0 2147483647 0 0
2066 68607 0 2147483647 0 0
2067 68606 0 2147483647 0 0
2068 68605 0 2147483647 0 0
2069 68604 0 2147483647 0 0
2070 68603 0 2147483647 0 0
2071 68602 0 2147483647 0 0
2072 68601 0 2147483647 0 0
2073 68613 0 2147483647 0 0
2074 68599 0 2147483647 0 0
2075 68598 0 2147483647 0 0
2076 68597 0 2147483647 0 0
2077 68596 0 2147483647 0 0
2078 68595 0 2147483647 0 0
2079 68594 0 2147483647 0 0
2080 68593 0 2147483647 0 0
2081 68592 0 2147483647 0 0
2082 68591 0 2147483647 0 0
2083 68590 0 2147483647 0 0
2084 68589 0 2147483647 0 0
2085 68625 0 2147483647 0 0
2086 68636 0 2147483647 0 0
2087 68635 0 2147483647 0 0
2088 68634 0 2147483647 0 0
2089 68633 0 2147483647 0 0
2090 68632 0 2147483647 0 0
2091 68631 0 2147483647 0 0
2092 68630 0 2147483647 0 0
2093 68629 0 2147483647 0 0
2094 68628 0 2147483647 0 0
2095 68627 0 2147483647 0 0
2096 68626 0 2147483647 0 0
2097 68588 0 2147483647 0 0
2098 68624 0 2147483647 0 0
2099 68623 0 2147483647 0 0
2100 68622 0 2147483647 0 0
2101 68621 0 2147483647 0 0
2102 68620 0 2147483647 0 0
2103 68619 0 2147483647 0 0
2104 68618 0 2147483647 0 0
2105 68617 0 2147483647 0 0
2106 68616 0 2147483647 0 0
2107 68615 0 2147483647 0 0
2108 68614 0 2147483647 0 0
2109 68551 0 2147483647 0 0
2110 68563 0 2147483647 0 0
2111 68562 0 2147483647 0 0
2112 68561 0 2147483647 0 0
2113 68560 0 2147483647 0 0
2114 68559 0 2147483647 0 0
2115 68558 0 2147483647 0 0
2116 68557 0 2147483647 0 0
2117 68556 0 2147483647 0 0
2118 68555 0 2147483647 0 0
2119 68554 0 2147483647 0 0
2120 68553 0 2147483647 0 0
2121 68552 0 2147483647 0 0
2122 68564 0 2147483647 0 0
2123 68550 0 2147483647 0 0
2124 68549 0 2147483647 0 0
2125 68548 0 2147483647 0 0
2126 68547 0 2147483647 0 0
2127 68546 0 2147483647 0 0
2128 68545 0 2147483647 0 0
2129 68544 0 2147483647 0 0
2130 68543 0 2147483647 0 0
2131 68542 0 2147483647 0 0
2132 68541 0 2147483647 0 0
2133 68540 0 2147483647 0 0
2134 68576 0 2147483647 0 0
2135 68587 0 2147483647 0 0
2136 68586 0 2147483647 0 0
2137 68585 0 2147483647 0 0
2138 68584 0 2147483647 0 0
2139 68583 0 2147483647 0 0
2140 68582 0 2147483647 0 0
2141 68581 0 2147483647 0 0
2142 68580 0 2147483647 0 0
2143 68579 0 2147483647 0 0
2144 68578 0 2147483647 0 0
2145 68577 0 2147483647 0 0
2146 68637 0 2147483647 0 0
2147 68575 0 2147483647 0 0
2148 68574 0 2147483647 0 0
2149 68573 0 2147483647 0 0
2150 68572 0 2147483647 0 0
2151 68571 0 2147483647 0 0
2152 68570 0 2147483647 0 0
2153 68569 0 2147483647 0 0
2154 68568 0 2147483647 0 0
2155 68567 0 2147483647 0 0
2156 68566 0 2147483647 0 0
2157 68565 0 2147483647 0 0
2158 68698 0 2147483647 0 0
2159 68710 0 2147483647 0 0
2160 68709 0 2147483647 0 0
2161 68708 0 2147483647 0 0
2162 68707 0 2147483647 0 0
2163 68706 0 2147483647 0 0
2164 68705 0 2147483647 0 0
2165 68704 0 2147483647 0 0
2166 68703 0 2147483647 0 0
2167 68702 0 2147483647 0 0
2168 68701 0 2147483647 0 0
2169 68700 0 2147483647 0 0
2170 68699 0 2147483647 0 0
2171 68711 0 2147483647 0 0
2172 68697 0 2147483647 0 0
2173 68696 0 2147483647 0 0
2174 68695 0 2147483647 0 0
2175 68694 0 2147483647 0 0
2176 68693 0 2147483647 0 0
2177 68692 0 2147483647 0 0
2178 68691 0 2147483647 0 0
2179 68690 0 2147483647 0 0
2180 68689 0 2147483647 0 0
2181 68688 0 2147483647 0 0
2182 68687 0 2147483647 0 0
2183 68723 0 2147483647 0 0
2184 68734 0 2147483647 0 0
2185 68733 0 2147483647 0 0
2186 68732 0 2147483647 0 0
2187 68731 0 2147483647 0 0
2188 68730 0 2147483647 0 0
2189 68729 0 2147483647 0 0
2190 68728 0 2147483647 0 0
2191 68727 0 2147483647 0 0
2192 68726 0 2147483647 0 0
2193 68725 0 2147483647 0 0
2194 68724 0 2147483647 0 0
2195 68686 0 2147483647 0 0
2196 68722 0 2147483647 0 0
2197 68721 0 2147483647 0 0
2198 68720 0 2147483647 0 0
2199 68719 0 2147483647 0 0
2200 68718 0 2147483647 0 0
2201 68717 0 2147483647 0 0
2202 68716 0 2147483647 0 0
2203 68715 0 2147483647 0 0
2204 68714 0 2147483647 0 0
2205 68713 0 2147483647 0 0
2206 68712 0 2147483647 0 0
2207 68649 0 2147483647 0 0
2208 68661 0 2147483647 0 0
2209 68660 0 2147483647 0 0
2210 68659 0 2147483647 0 0
2211 68658 0 2147483647 0 0
2212 68657 0 2147483647 0 0
2213 68656 0 2147483647 0 0
2214 68655 0 2147483647 0 0
2215 68654 0 2147483647 0 0
2216 68653 0 2147483647 0 0
2217 68652 0 2147483647 0 0
2218 68651 0 2147483647 0 0
2219 68650 0 2147483647 0 0
2220 68662 0 2147483647 0 0
2221 68648 0 2147483647 0 0
2222 68647 0 2147483647 0 0
2223 68646 0 2147483647 0 0
2224 68645 0 2147483647 0 0
2225 68644 0 2147483647 0 0
2226 68643 0 2147483647 0 0
2227 68642 0 2147483647 0 0
2228 68641 0 2147483647 0 0
2229 68640 0 2147483647 0 0
2230 68639 0 2147483647 0 0
2231 68638 0 2147483647 0 0
2232 68674 0 2147483647 0 0
2233 68685 0 2147483647 0 0
2234 68684 0 2147483647 0 0
2235 68683 0 2147483647 0 0
2236 68682 0 2147483647 0 0
2237 68681 0 2147483647 0 0
2238 68680 0 2147483647 0 0
2239 68679 0 2147483647 0 0
2240 68678 0 2147483647 0 0
2241 68677 0 2147483647 0 0
2242 68676 0 2147483647 0 0
2243 68675 0 2147483647 0 0
2244 68539 0 2147483647 0 0
2245 68673 0 2147483647 0 0
2246 68672 0 2147483647 0 0
2247 68671 0 2147483647 0 0
2248 68670 0 2147483647 0 0
2249 68669 0 2147483647 0 0
2250 68668 0 2147483647 0 0
2251 68667 0 2147483647 0 0
2252 68666 0 2147483647 0 0
2253 68665 0 2147483647 0 0
2254 68664 0 2147483647 0 0
2255 68663 0 2147483647 0 0
2256 68405 0 2147483647 0 0
2257 68417 0 2147483647 0 0
2258 68416 0 2147483647 0 0
2259 68415 0 2147483647 0 0
2260 68414 0 2147483647 0 0
2261 68413 0 2147483647 0 0
2262 68412 0 2147483647 0 0
2263 68411 0 2147483647 0 0
2264 68410 0 2147483647 0 0
2265 68409 0 2147483647 0 0
2266 68408 0 2147483647 0 0
2267 68407 0 2147483647 0 0
2268 68406 0 2147483647 0 0
2269 68418 0 2147483647 0 0
2270 68404 0 2147483647 0 0
2271 68403 0 2147483647 0 0
2272 68402 0 2147483647 0 0
2273 68401 0 2147483647 0 0
2274 68400 0 2147483647 0 0
2275 68399 0 2147483647 0 0
2276 68398 0 2147483647 0 0
2277 68397 0 2147483647 0 0
2278 68396 0 2147483647 0 0
2279 68395 0 2147483647 0 0
2280 68394 0 2147483647 0 0
2281 68430 0 2147483647 0 0
2282 68441 0 2147483647 0 0
2283 68440 0 2147483647 0 0
2284 68439 0 2147483647 0 0
2285 68438 0 2147483647 0 0
2286 68437 0 2147483647 0 0
2287 68436 0 2147483647 0 0
2288 68435 0 2147483647 0 0
2289 68434 0 2147483647 0 0
2290 68433 0 2147483647 0 0
2291 68432 0 2147483647 0 0
2292 68431 0 2147483647 0 0
2293 68393 0 2147483647 0 0
2294 68429 0 2147483647 0 0
2295 68428 0 2147483647 0 0
2296 68427 0 2147483647 0 0
2297 68426 0 2147483647 0 0
2298 68425 0 2147483647 0 0
2299 68424 0 2147483647 0 0
2300 68423 0 2147483647 0 0
2301 68422 0 2147483647 0 0
2302 68421 0 2147483647 0 0
2303 68420 0 2147483647 0 0
2304 68419 0 2147483647 0 0
2305 68356 0 2147483647 0 0
2306 68368 0 2147483647 0 0
2307 68367 0 2147483647 0 0
2308 68366 0 2147483647 0 0
2309 68365 0 2147483647 0 0
2310 68364 0 2147483647 0 0
2311 68363 0 2147483647 0 0
2312 68362 0 2147483647 0 0
2313 68361 0 2147483647 0 0
2314 68360 0 2147483647 0 0
2315 68359 0 2147483647 0 0
2316 68358 0 2147483647 0 0
2317 68357 0 2147483647 0 0
2318 68369 0 2147483647 0 0
2319 68355 0 2147483647 0 0
2320 68354 0 2147483647 0 0
2321 68353 0 2147483647 0 0
2322 68352 0 2147483647 0 0
2323 68351 0 2147483647 0 0
2324 68350 0 2147483647 0 0
2325 68349 0 2147483647 0 0
2326 68348 0 2147483647 0 0
2327 68347 0 2147483647 0 0
2328 68346 0 2147483647 0 0
2329 68345 0 2147483647 0 0
2330 68381 0 2147483647 0 0
2331 68392 0 2147483647 0 0
2332 68391 0 2147483647 0 0
2333 68390 0 2147483647 0 0
2334 68389 0 2147483647 0 0
2335 68388 0 2147483647 0 0
2336 68387 0 2147483647 0 0
2337 68386 0 2147483647 0 0
2338 68385 0 2147483647 0 0
2339 68384 0 2147483647 0 0
2340 68383 0 2147483647 0 0
2341 68382 0 2147483647 0 0
2342 68442 0 2147483647 0 0
2343 68380 0 2147483647 0 0
2344 68379 0 2147483647 0 0
2345 68378 0 2147483647 0 0
2346 68377 0 2147483647 0 0
2347 68376 0 2147483647 0 0
2348 68375 0 2147483647 0 0
2349 68374 0 2147483647 0 0
2350 68373 0 2147483647 0 0
2351 68372 0 2147483647 0 0
2352 68371 0 2147483647 0 0
2353 68370 0 2147483647 0 0
2354 68502 0 2147483647 0 0
2355 68514 0 2147483647 0 0
2356 68513 0 2147483647 0 0
2357 68512 0 2147483647 0 0
2358 68511 0 2147483647 0 0
2359 68510 0 2147483647 0 0
2360 68509 0 2147483647 0 0
2361 68508 0 2147483647 0 0
2362 68507 0 2147483647 0 0
2363 68506 0 2147483647 0 0
2364 68505 0 2147483647 0 0
2365 68504 0 2147483647 0 0
2366 68503 0 2147483647 0 0
2367 68515 0 2147483647 0 0
2368 68501 0 2147483647 0 0
2369 68500 0 2147483647 0 0
2370 68499 0 2147483647 0 0
2371 68498 0 2147483647 0 0
2372 68497 0 2147483647 0 0
2373 68496 0 2147483647 0 0
2374 68495 0 2147483647 0 0
2375 68494 0 2147483647 0 0
2376 68493 0 2147483647 0 0
2377 68492 0 2147483647 0 0
2378 68491 0 2147483647 0 0
2379 68527 0 2147483647 0 0
2380 68538 0 2147483647 0 0
2381 68537 0 2147483647 0 0
2382 68536 0 2147483647 0 0
2383 68535 0 2147483647 0 0
2384 68534 0 2147483647 0 0
2385 68533 0 2147483647 0 0
2386 68532 0 2147483647 0 0
2387 68531 0 2147483647 0 0
2388 68530 0 2147483647 0 0
2389 68529 0 2147483647 0 0
2390 68528 0 2147483647 0 0
2391 68490 0 2147483647 0 0
2392 68526 0 2147483647 0 0
2393 68525 0 2147483647 0 0
2394 68524 0 2147483647 0 0
2395 68523 0 2147483647 0 0
2396 68522 0 2147483647 0 0
2397 68521 0 2147483647 0 0
2398 68520 0 2147483647 0 0
2399 68519 0 2147483647 0 0
2400 68518 0 2147483647 0 0
2401 68517 0 2147483647 0 0
2402 68516 0 2147483647 0 0
2403 68454 0 2147483647 0 0
2404 68465 0 2147483647 0 0
2405 68464 0 2147483647 0 0
2406 68463 0 2147483647 0 0
2407 68462 0 2147483647 0 0
2408 68461 0 2147483647 0 0
2409 68460 0 2147483647 0 0
2410 68459 0 2147483647 0 0
2411 68458 0 2147483647 0 0
2412 68457 0 2147483647 0 0
2413 68456 0 2147483647 0 0
2414 68455 0 2147483647 0 0
2415 68466 0 2147483647 0 0
2416 68453 0 2147483647 0 0
2417 68452 0 2147483647 0 0
2418 68451 0 2147483647 0 0
2419 68450 0 2147483647 0 0
2420 68449 0 2147483647 0 0
2421 68448 0 2147483647 0 0
2422 68447 0 2147483647 0 0
2423 68446 0 2147483647 0 0
2424 68445 0 2147483647 0 0
2425 68444 0 2147483647 0 0
2426 68443 0 2147483647 0 0
2427 68478 0 2147483647 0 0
2428 68489 0 2147483647 0 0
2429 68488 0 2147483647 0 0
2430 68487 0 2147483647 0 0
2431 68486 0 2147483647 0 0
2432 68485 0 2147483647 0 0
2433 68484 0 2147483647 0 0
2434 68483 0 2147483647 0 0
2435 68482 0 2147483647 0 0
2436 68481 0 2147483647 0 0
2437 68480 0 2147483647 0 0
2438 68479 0 2147483647 0 0
2439 67952 0 2147483647 0 0
2440 68477 0 2147483647 0 0
2441 68476 0 2147483647 0 0
2442 68475 0 2147483647 0 0
2443 68474 0 2147483647 0 0
2444 68473 0 2147483647 0 0
2445 68472 0 2147483647 0 0
2446 68471 0 2147483647 0 0
2447 68470 0 2147483647 0 0
2448 68469 0 2147483647 0 0
2449 68468 0 2147483647 0 0
2450 68467 0 2147483647 0 0
2451 67423 0 2147483647 0 0
2452 67435 0 2147483647 0 0
2453 67434 0 2147483647 0 0
2454 67433 0 2147483647 0 0
2455 67432 0 2147483647 0 0
2456 67431 0 2147483647 0 0
2457 67430 0 2147483647 0 0
2458 67429 0 2147483647 0 0
2459 67428 0 2147483647 0 0
2460 67427 0 2147483647 0 0
2461 67426 0 2147483647 0 0
2462 67425 0 2147483647 0 0
2463 67424 0 2147483647 0 0
2464 67436 0 2147483647 0 0
2465 67422 0 2147483647 0 0
2466 67421 0 2147483647 0 0
2467 67420 0 2147483647 0 0
2468 67419 0 2147483647 0 0
2469 67418 0 2147483647 0 0
2470 67417 0 2147483647 0 0
2471 67416 0 2147483647 0 0
2472 67415 0 2147483647 0 0
2473 67414 0 2147483647 0 0
2474 67413 0 2147483647 0 0
2475 67412 0 2147483647 0 0
2476 67448 0 2147483647 0 0
2477 67459 0 2147483647 0 0
2478 67458 0 2147483647 0 0
2479 67457 0 2147483647 0 0
2480 67456 0 2147483647 0 0
2481 67455 0 2147483647 0 0
2482 67454 0 2147483647 0 0
2483 67453 0 2147483647 0 0
2484 67452 0 2147483647 0 0
2485 67451 0 2147483647 0 0
2486 67450 0 2147483647 0 0
2487 67449 0 2147483647 0 0
2488 67411 0 2147483647 0 0
2489 67447 0 2147483647 0 0
2490 67446 0 2147483647 0 0
2491 67445 0 2147483647 0 0
2492 67444 0 2147483647 0 0
2493 67443 0 2147483647 0 0
2494 67442 0 2147483647 0 0
2495 67441 0 2147483647 0 0
2496 67440 0 2147483647 0 0
2497 67439 0 2147483647 0 0
2498 67438 0 2147483647 0 0
2499 67437 0 2147483647 0 0
2500 67374 0 2147483647 0 0
2501 67386 0 2147483647 0 0
2502 67385 0 2147483647 0 0
2503 67384 0 2147483647 0 0
2504 67383 0 2147483647 0 0
2505 67382 0 2147483647 0 0
2506 67381 0 2147483647 0 0
2507 67380 0 2147483647 0 0
2508 67379 0 2147483647 0 0
2509 67378 0 2147483647 0 0
2510 67377 0 2147483647 0 0
2511 67376 0 2147483647 0 0
2512 67375 0 2147483647 0 0
2513 67387 0 2147483647 0 0
2514 67373 0 2147483647 0 0
2515 67372 0 2147483647 0 0
2516 67371 0 2147483647 0 0
2517 67370 0 2147483647 0 0
2518 67369 0 2147483647 0 0
2519 67368 0 2147483647 0 0
2520 67367 0 2147483647 0 0
2521 67366 0 2147483647 0 0
2522 67365 0 2147483647 0 0
2523 67364 0 2147483647 0 0
2524 67363 0 2147483647 0 0
2525 67399 0 2147483647 0 0
2526 67410 0 2147483647 0 0
2527 67409 0 2147483647 0 0
2528 67408 0 2147483647 0 0
2529 67407 0 2147483647 0 0
2530 67406 0 2147483647 0 0
2531 67405 0 2147483647 0 0
2532 67404 0 2147483647 0 0
2533 67403 0 2147483647 0 0
2534 67402 0 2147483647 0 0
2535 67401 0 2147483647 0 0
2536 67400 0 2147483647 0 0
2537 67460 0 2147483647 0 0
2538 67398 0 2147483647 0 0
2539 67397 0 2147483647 0 0
2540 67396 0 2147483647 0 0
2541 67395 0 2147483647 0 0
2542 67394 0 2147483647 0 0
2543 67393 0 2147483647 0 0
2544 67392 0 2147483647 0 0
2545 67391 0 2147483647 0 0
2546 67390 0 2147483647 0 0
2547 67389 0 2147483647 0 0
2548 67388 0 2147483647 0 0
2549 67521 0 2147483647 0 0
2550 67533 0 2147483647 0 0
2551 67532 0 2147483647 0 0
2552 67531 0 2147483647 0 0
2553 67530 0 2147483647 0 0
2554 67529 0 2147483647 0 0
2555 67528 0 2147483647 0 0
2556 67527 0 2147483647 0 0
2557 67526 0 2147483647 0 0
2558 67525 0 2147483647 0 0
2559 67524 0 2147483647 0 0
2560 67523 0 2147483647 0 0
2561 67522 0 2147483647 0 0
2562 67534 0 2147483647 0 0
2563 67520 0 2147483647 0 0
2564 67519 0 2147483647 0 0
2565 67518 0 2147483647 0 0
2566 67517 0 2147483647 0 0
2567 67516 0 2147483647 0 0
2568 67515 0 2147483647 0 0
2569 67514 0 2147483647 0 0
2570 67513 0 2147483647 0 0
2571 67512 0 2147483647 0 0
2572 67511 0 2147483647 0 0
2573 67510 0 2147483647 0 0
2574 67546 0 2147483647 0 0
2575 67557 0 2147483647 0 0
2576 67556 0 2147483647 0 0
2577 67555 0 2147483647 0 0
2578 67554 0 2147483647 0 0
2579 67553 0 2147483647 0 0
2580 67552 0 2147483647 0 0
2581 67551 0 2147483647 0 0
2582 67550 0 2147483647 0 0
2583 67549 0 2147483647 0 0
2584 67548 0 2147483647 0 0
2585 67547 0 2147483647 0 0
2586 67509 0 2147483647 0 0
2587 67545 0 2147483647 0 0
2588 67544 0 2147483647 0 0
2589 67543 0 2147483647 0 0
2590 67542 0 2147483647 0 0
2591 67541 0 2147483647 0 0
2592 67540 0 2147483647 0 0
2593 67539 0 2147483647 0 0
2594 67538 0 2147483647 0 0
2595 67537 0 2147483647 0 0
2596 67536 0 2147483647 0 0
2597 67535 0 2147483647 0 0
2598 67472 0 2147483647 0 0
2599 67484 0 2147483647 0 0
2600 67483 0 2147483647 0 0
2601 67482 0 2147483647 0 0
2602 67481 0 2147483647 0 0
2603 67480 0 2147483647 0 0
2604 67479 0 2147483647 0 0
2605 67478 0 2147483647 0 0
2606 67477 0 2147483647 0 0
2607 67476 0 2147483647 0 0
2608 67475 0 2147483647 0 0
2609 67474 0 2147483647 0 0
2610 67473 0 2147483647 0 0
2611 67485 0 2147483647 0 0
2612 67471 0 2147483647 0 0
2613 67470 0 2147483647 0 0
2614 67469 0 2147483647 0 0
2615 67468 0 2147483647 0 0
2616 67467 0 2147483647 0 0
2617 67466 0 2147483647 0 0
2618 67465 0 2147483647 0 0
2619 67464 0 2147483647 0 0
2620 67463 0 2147483647 0 0
2621 67462 0 2147483647 0 0
2622 67461 0 2147483647 0 0
2623 67497 0 2147483647 0 0
2624 67508 0 2147483647 0 0
2625 67507 0 2147483647 0 0
2626 67506 0 2147483647 0 0
2627 67505 0 2147483647 0 0
2628 67504 0 2147483647 0 0
2629 67503 0 2147483647 0 0
2630 67502 0 2147483647 0 0
2631 67501 0 2147483647 0 0
2632 67500 0 2147483647 0 0
2633 67499 0 2147483647 0 0
2634 67498 0 2147483647 0 0
2635 67362 0 2147483647 0 0
2636 67496 0 2147483647 0 0
2637 67495 0 2147483647 0 0
2638 67494 0 2147483647 0 0
2639 67493 0 2147483647 0 0
2640 67492 0 2147483647 0 0
2641 67491 0 2147483647 0 0
2642 67490 0 2147483647 0 0
2643 67489 0 2147483647 0 0
2644 67488 0 2147483647 0 0
2645 67487 0 2147483647 0 0
2646 67486 0 2147483647 0 0
2647 67228 0 2147483647 0 0
2648 67240 0 2147483647 0 0
2649 67239 0 2147483647 0 0
2650 67238 0 2147483647 0 0
2651 67237 0 2147483647 0 0
2652 67236 0 2147483647 0 0
2653 67235 0 2147483647 0 0
2654 67234 0 2147483647 0 0
2655 67233 0 2147483647 0 0
2656 67232 0 2147483647 0 0
2657 67231 0 2147483647 0 0
2658 67230 0 2147483647 0 0
2659 67229 0 2147483647 0 0
2660 67241 0 2147483647 0 0
2661 67227 0 2147483647 0 0
2662 67226 0 2147483647 0 0
2663 67225 0 2147483647 0 0
2664 67224 0 2147483647 0 0
2665 67223 0 2147483647 0 0
2666 67222 0 2147483647 0 0
2667 67221 0 2147483647 0 0
2668 67220 0 2147483647 0 0
2669 67219 0 2147483647 0 0
2670 67218 0 2147483647 0 0
2671 67217 0 2147483647 0 0
2672 67253 0 2147483647 0 0
2673 67264 0 2147483647 0 0
2674 67263 0 2147483647 0 0
2675 67262 0 2147483647 0 0
2676 67261 0 2147483647 0 0
2677 67260 0 2147483647 0 0
2678 67259 0 2147483647 0 0
2679 67258 0 2147483647 0 0
2680 67257 0 2147483647 0 0
2681 67256 0 2147483647 0 0
2682 67255 0 2147483647 0 0
2683 67254 0 2147483647 0 0
2684 67216 0 2147483647 0 0
2685 67252 0 2147483647 0 0
2686 67251 0 2147483647 0 0
2687 67250 0 2147483647 0 0
2688 67249 0 2147483647 0 0
2689 67248 0 2147483647 0 0
2690 67247 0 2147483647 0 0
2691 67246 0 2147483647 0 0
2692 67245 0 2147483647 0 0
2693 67244 0 2147483647 0 0
2694 67243 0 2147483647 0 0
2695 67242 0 2147483647 0 0
2696 67179 0 2147483647 0 0
2697 67191 0 2147483647 0 0
2698 67190 0 2147483647 0 0
2699 67189 0 2147483647 0 0
2700 67188 0 2147483647 0 0
2701 67187 0 2147483647 0 0
2702 67186 0 2147483647 0 0
2703 67185 0 2147483647 0 0
2704 67184 0 2147483647 0 0
2705 67183 0 2147483647 0 0
2706 67182 0 2147483647 0 0
2707 67181 0 2147483647 0 0
2708 67180 0 2147483647 0 0
2709 67192 0 2147483647 0 0
2710 67178 0 2147483647 0 0
2711 67177 0 2147483647 0 0
2712 67176 0 2147483647 0 0
2713 67175 0 2147483647 0 0
2714 67174 0 2147483647 0 0
2715 67173 0 2147483647 0 0
2716 67172 0 2147483647 0 0
2717 67171 0 2147483647 0 0
2718 67170 0 2147483647 0 0
2719 67169 0 2147483647 0 0
2720 67168 0 2147483647 0 0
2721 67204 0 2147483647 0 0
2722 65632 0 2147483647 0 0
2723 67214 0 2147483647 0 0
2724 67213 0 2147483647 0 0
2725 67212 0 2147483647 0 0
2726 67211 0 2147483647 0 0
2727 67210 0 2147483647 0 0
2728 67209 0 2147483647 0 0
2729 67208 0 2147483647 0 0
2730 67207 0 2147483647 0 0
2731 67206 0 2147483647 0 0
2732 67205 0 2147483647 0 0
2733 67265 0 2147483647 0 0
2734 67203 0 2147483647 0 0
2735 67202 0 2147483647 0 0
2736 67201 0 2147483647 0 0
2737 67200 0 2147483647 0 0
2738 67199 0 2147483647 0 0
2739 67198 0 2147483647 0 0
2740 67197 0 2147483647 0 0
2741 67196 0 2147483647 0 0
2742 67195 0 2147483647 0 0
2743 67194 0 2147483647 0 0
2744 67193 0 2147483647 0 0
2745 67325 0 2147483647 0 0
2746 67337 0 2147483647 0 0
2747 67336 0 2147483647 0 0
2748 67335 0 2147483647 0 0
2749 67334 0 2147483647 0 0
2750 67333 0 2147483647 0 0
2751 67332 0 2147483647 0 0
2752 67331 0 2147483647 0 0
2753 67330 0 2147483647 0 0
2754 67329 0 2147483647 0 0
2755 67328 0 2147483647 0 0
2756 67327 0 2147483647 0 0
2757 67326 0 2147483647 0 0
2758 67338 0 2147483647 0 0
2759 67324 0 2147483647 0 0
2760 67323 0 2147483647 0 0
2761 67322 0 2147483647 0 0
2762 67321 0 2147483647 0 0
2763 67320 0 2147483647 0 0
2764 67319 0 2147483647 0 0
2765 67318 0 2147483647 0 0
2766 67317 0 2147483647 0 0
2767 67316 0 2147483647 0 0
2768 67315 0 2147483647 0 0
2769 67314 0 2147483647 0 0
2770 67350 0 2147483647 0 0
2771 67361 0 2147483647 0 0
2772 67360 0 2147483647 0 0
2773 67359 0 2147483647 0 0
2774 67358 0 2147483647 0 0
2775 67357 0 2147483647 0 0
2776 67356 0 2147483647 0 0
2777 67355 0 2147483647 0 0
2778 67354 0 2147483647 0 0
2779 67353 0 2147483647 0 0
2780 67352 0 2147483647 0 0
2781 67351 0 2147483647 0 0
2782 67313 0 2147483647 0 0
2783 67349 0 2147483647 0 0
2784 67348 0 2147483647 0 0
2785 67347 0 2147483647 0 0
2786 67346 0 2147483647 0 0
2787 67345 0 2147483647 0 0
2788 67344 0 2147483647 0 0
2789 67343 0 2147483647 0 0
2790 67342 0 2147483647 0 0
2791 67341 0 2147483647 0 0
2792 67340 0 2147483647 0 0
2793 67339 0 2147483647 0 0
2794 67277 0 2147483647 0 0
2795 67288 0 2147483647 0 0
2796 67287 0 2147483647 0 0
2797 67286 0 2147483647 0 0
2798 67285 0 2147483647 0 0
2799 67284 0 2147483647 0 0
2800 67283 0 2147483647 0 0
2801 67282 0 2147483647 0 0
2802 67281 0 2147483647 0 0
2803 67280 0 2147483647 0 0
2804 67279 0 2147483647 0 0
2805 67278 0 2147483647 0 0
2806 67289 0 2147483647 0 0
2807 67276 0 2147483647 0 0
2808 67275 0 2147483647 0 0
2809 67274 0 2147483647 0 0
2810 67273 0 2147483647 0 0
2811 67272 0 2147483647 0 0
2812 67271 0 2147483647 0 0
2813 67270 0 2147483647 0 0
2814 67269 0 2147483647 0 0
2815 67268 0 2147483647 0 0
2816 67267 0 2147483647 0 0
2817 67266 0 2147483647 0 0
2818 67301 0 2147483647 0 0
2819 67312 0 2147483647 0 0
2820 67311 0 2147483647 0 0
2821 67310 0 2147483647 0 0
2822 67309 0 2147483647 0 0
2823 67308 0 2147483647 0 0
2824 67307 0 2147483647 0 0
2825 67306 0 2147483647 0 0
2826 67305 0 2147483647 0 0
2827 67304 0 2147483647 0 0
2828 67303 0 2147483647 0 0
2829 67302 0 2147483647 0 0
2830 67558 0 2147483647 0 0
2831 67300 0 2147483647 0 0
2832 67299 0 2147483647 0 0
2833 67298 0 2147483647 0 0
2834 67297 0 2147483647 0 0
2835 67296 0 2147483647 0 0
2836 67295 0 2147483647 0 0
2837 67294 0 2147483647 0 0
2838 67293 0 2147483647 0 0
2839 67292 0 2147483647 0 0
2840 67291 0 2147483647 0 0
2841 67290 0 2147483647 0 0
2842 67816 0 2147483647 0 0
2843 67828 0 2147483647 0 0
2844 67827 0 2147483647 0 0
2845 67826 0 2147483647 0 0
2846 67825 0 2147483647 0 0
2847 67824 0 2147483647 0 0
2848 67823 0 2147483647 0 0
2849 67822 0 2147483647 0 0
2850 67821 0 2147483647 0 0
2851 67820 0 2147483647 0 0
2852 67819 0 2147483647 0 0
2853 67818 0 2147483647 0 0
2854 67817 0 2147483647 0 0
2855 67829 0 2147483647 0 0
2856 67815 0 4294967295 0 0
2857 67814 0 4294967295 0 0
2858 67813 0 4294967295 0 0
2859 67812 0 4294967295 0 0
2860 67811 0 4294967295 0 0
2861 67810 0 4294967295 0 0
2862 67809 0 4294967295 0 0
2863 67808 0 4294967295 0 0
2864 67807 0 4294967295 0 0
2865 67805 0 4294967295 0 0
2866 67804 0 4294967295 0 0
2867 67841 0 4294967295 0 0
2868 67852 0 4294967295 0 0
2869 67851 0 4294967295 0 0
2870 67850 0 4294967295 0 0
2871 67849 0 4294967295 0 0
2872 67848 0 4294967295 0 0
2873 67847 0 4294967295 0 0
2874 67846 0 4294967295 0 0
2875 67845 0 4294967295 0 0
2876 67844 0 4294967295 0 0
2877 67843 0 4294967295 0 0
2878 67842 0 4294967295 0 0
2879 67803 0 4294967295 0 0
2880 67840 0 4294967295 0 0
2881 67839 0 4294967295 0 0
2882 67838 0 4294967295 0 0
2883 67837 0 4294967295 0 0
2884 67836 0 4294967295 0 0
2885 67835 0 4294967295 0 0
2886 67834 0 4294967295 0 0
2887 67833 0 4294967295 0 0
2888 67832 0 4294967295 0 0
2889 67831 0 4294967295 0 0
2890 67830 0 4294967295 0 0
2891 67766 0 4294967295 0 0
2892 67778 0 4294967295 0 0
2893 67777 0 4294967295 0 0
2894 67776 0 4294967295 0 0
2895 67775 0 4294967295 0 0
2896 67774 0 4294967295 0 0
2897 67773 0 4294967295 0 0
2898 67772 0 4294967295 0 0
2899 67771 0 4294967295 0 0
2900 67770 0 4294967295 0 0
2901 67769 0 4294967295 0 0
2902 67768 0 4294967295 0 0
2903 67767 0 4294967295 0 0
2904 67779 0 4294967295 0 0
2905 67765 0 4294967295 0 0
2906 67764 0 4294967295 0 0
2907 67763 0 4294967295 0 0
2908 67762 0 4294967295 0 0
2909 67761 0 4294967295 0 0
2910 67760 0 4294967295 0 0
2911 67759 0 4294967295 0 0
2912 67758 0 4294967295 0 0
2913 67757 0 4294967295 0 0
2914 67756 0 4294967295 0 0
2915 67755 0 4294967295 0 0
2916 67791 0 4294967295 0 0
2917 67802 0 4294967295 0 0
2918 67801 0 4294967295 0 0
2919 67800 0 4294967295 0 0
2920 67799 0 4294967295 0 0
2921 67798 0 4294967295 0 0
2922 67797 0 4294967295 0 0
2923 67796 0 4294967295 0 0
2924 67795 0 4294967295 0 0
2925 67794 0 4294967295 0 0
2926 67793 0 4294967295 0 0
2927 67792 0 4294967295 0 0
2928 67853 0 4294967295 0 0
2929 67790 0 4294967295 0 0
2930 67789 0 4294967295 0 0
2931 67788 0 4294967295 0 0
2932 67787 0 4294967295 0 0
2933 67786 0 4294967295 0 0
2934 67785 0 4294967295 0 0
2935 67784 0 4294967295 0 0
2936 67783 0 4294967295 0 0
2937 67782 0 4294967295 0 0
2938 67781 0 4294967295 0 0
2939 67780 0 4294967295 0 0
2940 67915 0 4294967295 0 0
2941 67927 0 4294967295 0 0
2942 67926 0 4294967295 0 0
2943 67925 0 4294967295 0 0
2944 67924 0 4294967295 0 0
2945 67923 0 4294967295 0 0
2946 67922 0 4294967295 0 0
2947 67921 0 4294967295 0 0
2948 67920 0 4294967295 0 0
2949 67919 0 4294967295 0 0
2950 67918 0 4294967295 0 0
2951 67917 0 4294967295 0 0
2952 67916 0 4294967295 0 0
2953 67928 0 4294967295 0 0
2954 67914 0 4294967295 0 0
2955 67913 0 4294967295 0 0
2956 67912 0 4294967295 0 0
