1000000 55555 0.000010
0 713165 388 713165 384 1
1 1 291 1 289 1
2 500475 240 500475 237 1
3 43295 195 43295 193 1
4 288337 190 288337 190 1
5 5 169 5 166 1
6 811995 157 811995 156 1
7 581037 137 581037 137 1
8 422708 137 422708 134 1
9 454023 131 454023 129 1
10 344854 120 162370 117 0
11 162370 118 344854 117 0
12 13 115 13 114 1
13 656366 110 656366 108 1
14 374059 100 374059 99 1
15 151953 98 278961 96 0
16 278961 98 151953 96 0
17 603003 95 603003 93 1
18 279048 94 279048 92 1
19 549444 89 549444 89 1
20 831846 89 831846 87 1
21 604339 86 604339 84 1
22 967024 85 967024 84 1
23 806435 83 806435 83 1
24 729111 83 729111 82 1
25 313696 81 313696 80 1
26 582955 78 582955 76 1
27 183943 77 183943 75 1
28 809067 75 809067 75 1
29 472803 75 835493 73 0
30 835493 73 472803 73 0
31 610297 73 610297 71 1
32 314060 70 330585 69 0
33 711224 70 711224 69 1
34 677947 69 314060 69 0
35 452801 69 677947 68 0
36 330585 69 452801 68 0
37 730035 67 730035 67 1
38 37 66 37 66 1
39 893567 66 893567 65 1
40 338292 65 338292 65 1
41 533212 64 533212 63 1
42 234666 62 234666 62 1
43 638830 61 638830 61 1
44 292877 61 292877 60 1
45 202603 60 202603 60 1
46 388464 59 321680 59 0
47 321680 59 966109 58 0
48 966109 59 388464 58 0
49 735519 58 735519 57 1
50 60041 57 60041 57 1
51 843347 57 743624 55 0
52 743624 56 819512 54 0
53 158612 55 158612 54 1
54 819512 55 943515 54 0
55 943515 54 843347 53 0
56 341525 54 341525 52 1
57 497622 54 274045 52 0
58 274045 53 67 51 0
59 67 52 397442 51 0
60 603924 51 110375 51 0
61 650301 51 327852 51 0
62 62 51 650301 51 0
63 327852 51 497622 50 0
64 110375 51 603924 50 0
65 349707 51 213133 50 0
66 397442 51 62 50 0
67 213133 50 644947 49 0
68 280093 50 349707 48 0
69 644947 49 280093 48 0
70 787035 48 787035 47 1
71 856802 47 279584 47 0
72 725410 47 780651 47 0
73 279584 47 725410 47 0
74 780651 47 442676 47 0
75 945426 47 661175 46 0
76 442676 47 945426 46 0
77 661175 46 856802 46 0
78 844980 46 844980 46 1
79 534864 46 92754 45 0
80 92754 46 534864 45 0
81 796821 45 729218 45 0
82 127067 45 84 44 0
83 729218 45 127067 44 0
84 98308 45 262174 44 0
85 84 45 98308 44 0
86 262174 44 796821 44 0
87 695804 44 829107 43 0
88 81 44 81 43 1
89 73134 43 302259 43 0
90 302259 43 73134 42 0
91 989941 43 198636 42 0
92 829107 43 989941 42 0
93 92 43 90009 42 0
94 75820 43 695804 42 0
95 198636 42 75820 42 0
96 954359 42 954359 41 1
97 90009 42 80387 41 0
98 878755 41 878755 41 1
99 80387 41 92 41 0
100 97170 40 617842 40 0
101 617842 40 97170 40 0
102 872422 40 146225 39 0
103 316664 39 872422 39 0
104 315324 39 315324 39 1
105 903922 39 316664 39 0
106 602385 39 106 38 0
107 146225 39 858196 38 0
108 814608 39 415985 38 0
109 858196 39 911927 38 0
110 109 39 814608 38 0
111 998207 38 998207 38 1
112 30473 38 296578 38 0
113 128256 38 817945 38 0
114 817945 38 30473 38 0
115 296578 38 109 38 0
116 415985 38 903922 38 0
117 911927 38 995672 37 0
118 106 38 602385 37 0
119 892275 38 892275 37 1
120 878886 38 114 37 0
121 995672 37 790478 37 0
122 648635 37 128256 37 0
123 306864 37 306864 37 1
124 790478 37 326861 36 0
125 114 37 74424 36 0
126 885806 36 257854 36 0
127 570238 36 348451 36 0
128 74424 36 179039 36 0
129 179039 36 121 36 0
130 326861 36 570238 36 0
131 121 36 441682 36 0
132 150 36 150 35 1
133 441682 36 885806 35 0
134 348451 36 648635 35 0
135 257854 36 878886 35 0
136 179885 35 469239 35 0
137 132561 35 820046 35 0
138 39874 35 179885 35 0
139 820046 35 132561 35 0
140 469239 35 63803 34 0
141 721413 34 69043 34 0
142 687311 34 635963 34 0
143 69043 34 687311 34 0
144 426633 34 480940 34 0
145 63803 34 426633 34 0
146 480940 34 721413 34 0
147 635963 34 39874 34 0
148 168 34 878899 33 0
149 205864 34 680959 33 0
150 219357 33 524508 33 0
151 712040 33 425619 33 0
152 616414 33 712040 33 0
153 524508 33 219357 33 0
154 877924 33 497674 33 0
155 211892 33 168 33 0
156 426568 33 877924 33 0
157 497674 33 616414 33 0
158 173 33 876644 33 0
159 452560 33 173 33 0
160 425619 33 205864 33 0
161 876644 33 793576 32 0
162 459490 33 380355 32 0
163 680959 33 662150 32 0
164 878899 33 179 32 0
165 179 32 452560 32 0
166 689381 32 184 32 0
167 807154 32 540292 32 0
168 799755 32 807154 32 0
169 290246 32 426568 32 0
170 380355 32 211892 32 0
171 540292 32 290246 32 0
172 374984 32 689381 32 0
173 793576 32 153 31 0
174 184 32 758750 31 0
175 758750 32 150855 31 0
176 662150 32 799755 31 0
177 164566 32 312165 31 0
178 397851 31 156 31 0
179 312165 31 164566 31 0
180 150855 31 459490 31 0
181 79313 31 397851 31 0
182 153 31 471589 30 0
183 156 31 124395 30 0
184 576931 31 79313 30 0
185 124395 30 374984 30 0
186 312915 30 576931 30 0
187 471589 30 312915 30 0
188 518378 30 518378 30 1
189 998584 30 914662 29 0
190 875647 30 998584 29 0
191 145 29 469794 29 0
192 469794 29 640739 29 0
193 776140 29 391988 29 0
194 914662 29 87033 29 0
195 334867 29 776140 29 0
196 60358 29 273910 29 0
197 87033 29 875647 29 0
198 640739 29 632949 29 0
199 360514 29 880354 29 0
200 880354 29 226053 29 0
201 41956 29 360514 29 0
202 232 29 145 29 0
203 223 29 223 29 1
204 273910 29 11818 28 0
205 226053 29 947680 28 0
206 632949 29 74007 28 0
207 391988 29 334867 28 0
208 730161 28 38843 28 0
209 323799 28 41956 28 0
210 38843 28 73270 28 0
211 74007 28 871021 28 0
212 592797 28 946002 28 0
213 92206 28 92206 28 1
214 875902 28 60358 28 0
215 258874 28 232 28 0
216 526420 28 258874 28 0
217 947680 28 730161 28 0
218 11818 28 200 27 0
219 73270 28 592797 27 0
220 871021 28 218 27 0
221 946002 28 915342 27 0
222 63497 27 268 27 0
223 488207 27 526420 27 0
224 878956 27 825377 27 0
225 464159 27 488207 27 0
226 698072 27 647588 27 0
227 825377 27 772717 27 0
228 268 27 63497 27 0
229 915342 27 878956 27 0
230 200 27 875902 27 0
231 941569 27 698072 27 0
232 306 27 306 27 1
233 647588 27 941569 27 0
234 772717 27 464159 27 0
235 218 27 697542 26 0
236 875586 26 650646 26 0
237 56217 26 837509 26 0
238 891719 26 305863 26 0
239 850307 26 184114 26 0
240 866496 26 221456 26 0
241 516532 26 809643 26 0
242 184114 26 891719 26 0
243 197584 26 255442 26 0
244 399785 26 866496 26 0
245 809643 26 875586 26 0
246 221456 26 323799 26 0
247 821550 26 440501 26 0
248 697542 26 850307 26 0
249 933953 26 56217 26 0
250 20087 26 197584 26 0
251 255442 26 933953 26 0
252 650646 26 399785 26 0
253 837509 26 516532 25 0
254 740512 26 271 25 0
255 603036 26 219707 25 0
256 825575 26 690572 25 0
257 440501 26 923718 25 0
258 305863 26 982058 25 0
259 271 25 222222 25 0
260 279280 25 343099 25 0
261 430565 25 821550 25 0
262 605451 25 279280 25 0
263 923718 25 211344 25 0
264 586042 25 471029 25 0
265 158097 25 961012 25 0
266 209537 25 437205 25 0
267 219707 25 853286 25 0
268 471029 25 603036 25 0
269 211344 25 825575 25 0
270 343099 25 740512 25 0
271 982058 25 894737 25 0
272 894737 25 605451 25 0
273 222222 25 430565 25 0
274 26171 25 20087 25 0
275 853286 25 466258 24 0
276 726601 25 863986 24 0
277 776652 25 621312 24 0
278 433244 25 726601 24 0
279 690572 25 331178 24 0
280 437205 25 413 24 0
281 239130 25 984713 24 0
282 961012 25 215822 24 0
283 212322 24 209537 24 0
284 540846 24 212322 24 0
285 335478 24 606996 24 0
286 331178 24 419614 24 0
287 448897 24 664840 24 0
288 863986 24 331964 24 0
289 466258 24 26171 24 0
290 413 24 895704 24 0
291 912485 24 674819 24 0
292 22731 24 601265 24 0
293 674819 24 586042 24 0
294 895704 24 356480 24 0
295 419614 24 22731 24 0
296 621312 24 335478 24 0
297 356480 24 433244 24 0
298 255 24 239130 24 0
299 442283 24 776652 24 0
300 601265 24 912485 24 0
301 606996 24 442283 24 0
302 984713 24 255 24 0
303 664840 24 883340 23 0
304 331964 24 947808 23 0
305 215822 24 401 23 0
306 249 24 604627 23 0
307 432616 23 373457 23 0
308 210910 23 249 23 0
309 229284 23 917639 23 0
310 242 23 158097 23 0
311 917639 23 386321 23 0
312 916869 23 34982 23 0
313 361 23 351620 23 0
314 690795 23 593513 23 0
315 373457 23 726510 23 0
316 351620 23 358063 23 0
317 452061 23 245834 23 0
318 604627 23 876341 23 0
319 245834 23 242 23 0
320 313670 23 940305 23 0
321 947808 23 916869 23 0
322 931488 23 931488 23 1
323 876341 23 617354 23 0
324 726510 23 929603 23 0
325 302 23 540846 23 0
326 358063 23 432616 23 0
327 401 23 720354 23 0
328 720354 23 361 23 0
329 883340 23 345401 22 0
330 929603 23 987761 22 0
331 593513 23 179730 22 0
332 386321 23 895515 22 0
333 34982 23 448897 22 0
334 617354 23 452061 22 0
335 940305 23 656350 22 0
336 433 22 599769 22 0
337 434 22 690795 22 0
338 297959 22 450 22 0
339 450 22 340 22 0
340 330337 22 210910 22 0
341 408789 22 313670 22 0
342 937773 22 31746 22 0
343 406 22 302 22 0
344 540110 22 759840 22 0
345 179730 22 100872 22 0
346 656350 22 434 22 0
347 426319 22 187727 22 0
348 342783 22 915039 22 0
349 345401 22 423622 22 0
350 180948 22 161801 22 0
351 987761 22 540110 22 0
352 62206 22 330337 22 0
353 895515 22 470199 22 0
354 162602 22 848878 21 0
355 599769 22 387 21 0
356 239 22 231159 21 0
357 31746 22 180948 21 0
358 759840 22 426319 21 0
359 161801 22 643951 21 0
360 100872 22 846536 21 0
361 187727 22 482009 21 0
362 915039 22 410 21 0
363 470199 22 660801 21 0
364 423622 22 62206 21 0
365 340 22 378737 21 0
366 655444 21 866988 21 0
367 250846 21 151999 21 0
368 381913 21 204023 21 0
369 231159 21 353607 21 0
370 387 21 937773 21 0
371 446984 21 250846 21 0
372 846536 21 655444 21 0
373 998338 21 433 21 0
374 866988 21 229284 21 0
375 866394 21 381913 21 0
376 151999 21 20593 21 0
377 848878 21 87859 21 0
378 20593 21 220609 21 0
379 540160 21 998338 21 0
380 410 21 470258 21 0
381 660801 21 408789 21 0
382 830963 21 866394 21 0
383 470258 21 298926 21 0
384 634827 21 297959 21 0
385 989422 21 806172 21 0
386 204023 21 436 21 0
387 806172 21 239 21 0
388 220609 21 540160 20 0
389 353607 21 609 20 0
390 643951 21 406 20 0
391 416104 21 162602 20 0
392 436 21 150194 20 0
393 482009 21 418 20 0
394 298926 21 634827 20 0
395 850516 21 823943 20 0
396 799407 21 342783 20 0
397 378737 21 199519 20 0
398 186228 21 240287 20 0
399 87859 21 793559 20 0
400 557476 20 585278 20 0
401 199519 20 737872 20 0
402 169786 20 26712 20 0
403 13874 20 211440 20 0
404 211440 20 178870 20 0
405 418 20 169786 20 0
406 856860 20 484 20 0
407 793559 20 499016 20 0
408 150194 20 13874 20 0
409 609 20 562798 20 0
410 26712 20 251987 20 0
411 240287 20 478810 20 0
412 737872 20 799407 20 0
413 251987 20 935730 20 0
414 4777 20 369 20 0
415 770461 20 446984 20 0
416 368 20 368 20 1
417 369 20 186228 20 0
418 499016 20 557476 20 0
419 484 20 850516 20 0
420 935730 20 989422 20 0
421 562798 20 52869 20 0
422 478810 20 416104 20 0
423 823943 20 856860 20 0
424 178870 20 635448 19 0
425 901154 20 265108 19 0
426 585278 20 991204 19 0
427 470126 20 878180 19 0
428 635448 20 489 19 0
429 52869 20 62708 19 0
430 36144 20 842964 19 0
431 23746 19 265769 19 0
432 481167 19 112633 19 0
433 451 19 207807 19 0
434 893770 19 770461 19 0
435 489 19 549796 19 0
436 37855 19 288508 19 0
437 517254 19 153261 19 0
438 265769 19 396 19 0
439 878180 19 400828 19 0
440 549796 19 576947 19 0
441 576947 19 48193 19 0
442 440627 19 875010 19 0
443 522 19 463177 19 0
444 412071 19 179301 19 0
445 463177 19 477273 19 0
446 511 19 23746 19 0
447 991204 19 404321 19 0
448 33610 19 517254 19 0
449 195667 19 550478 19 0
450 207807 19 463712 19 0
451 179301 19 470126 19 0
452 956135 19 563675 19 0
453 396 19 939890 19 0
454 404321 19 604849 19 0
455 477273 19 770508 19 0
456 770508 19 481167 19 0
457 179693 19 830963 19 0
458 48193 19 901154 19 0
459 842964 19 412071 19 0
460 234682 19 118315 19 0
461 265108 19 195667 19 0
462 972699 19 451 19 0
463 948465 19 354555 19 0
464 354555 19 972699 19 0
465 604849 19 4777 19 0
466 336914 19 956135 19 0
467 153261 19 511 19 0
468 875010 19 443 19 0
469 222720 19 336914 19 0
470 939890 19 948465 19 0
471 550478 19 37855 19 0
472 112633 19 33610 19 0
473 563675 19 343133 18 0
474 762175 19 25983 18 0
475 443 19 192685 18 0
476 288508 19 479622 18 0
477 62708 19 111102 18 0
478 400828 19 595238 18 0
479 511352 19 231430 18 0
480 595238 19 571366 18 0
481 118315 19 783047 18 0
482 463712 19 762175 18 0
483 128382 19 474844 18 0
484 250013 18 902175 18 0
485 806857 18 123534 18 0
486 527983 18 702 18 0
487 231430 18 128382 18 0
488 123534 18 250013 18 0
489 606413 18 36144 18 0
490 681227 18 494192 18 0
491 937022 18 440627 18 0
492 914522 18 511352 18 0
493 807529 18 522 18 0
494 586 18 838144 18 0
495 512347 18 242363 18 0
496 74351 18 26377 18 0
497 259736 18 594806 18 0
498 347383 18 604 18 0
499 942466 18 142107 18 0
500 571366 18 937022 18 0
501 192685 18 627 18 0
502 879067 18 234682 18 0
503 604 18 233731 18 0
504 899880 18 896995 18 0
505 889759 18 681227 18 0
506 633780 18 331635 18 0
507 242363 18 964785 18 0
508 171685 18 817905 18 0
509 716775 18 579605 18 0
510 343133 18 606413 18 0
511 985065 18 899880 18 0
512 964785 18 614869 18 0
513 627 18 259736 18 0
514 422447 18 807529 18 0
515 594 18 179693 18 0
516 838144 18 222720 18 0
517 331635 18 985065 18 0
518 111102 18 586 18 0
519 479622 18 104436 18 0
520 702 18 986785 17 0
521 104436 18 72517 17 0
522 614869 18 664406 17 0
523 26377 18 170193 17 0
524 142107 18 994158 17 0
525 228018 18 662558 17 0
526 474844 18 545230 17 0
527 25983 18 825109 17 0
528 902175 18 237014 17 0
529 579605 18 195912 17 0
530 594806 18 562655 17 0
531 620532 18 881870 17 0
532 494192 18 392030 17 0
533 896995 18 610562 17 0
534 817905 18 581208 17 0
535 299692 18 141279 17 0
536 783047 18 527 17 0
537 233731 18 193599 17 0
538 864948 18 137863 17 0
539 121058 17 383 17 0
540 393199 17 646007 17 0
541 818458 17 527983 17 0
542 90148 17 74351 17 0
543 226504 17 393199 17 0
544 814947 17 956695 17 0
545 581208 17 452 17 0
546 137863 17 814279 17 0
547 814279 17 228018 17 0
548 781883 17 121058 17 0
549 803 17 445055 17 0
550 445055 17 889759 17 0
551 435013 17 911598 17 0
552 994158 17 375534 17 0
553 921840 17 594 17 0
554 646007 17 466847 17 0
555 403963 17 844308 17 0
556 610562 17 417933 17 0
557 992761 17 620532 17 0
558 217345 17 226504 17 0
559 382746 17 509725 17 0
560 74625 17 276048 17 0
561 911598 17 862565 17 0
562 825109 17 171685 17 0
563 907798 17 382746 17 0
564 466847 17 217345 17 0
565 956695 17 629380 17 0
566 399390 17 90148 17 0
567 252324 17 399390 17 0
568 71626 17 907798 17 0
569 335793 17 864948 17 0
570 237014 17 914522 17 0
571 862565 17 818458 17 0
572 375534 17 307385 17 0
573 707 17 781883 17 0
574 748348 17 512347 17 0
575 844308 17 893770 17 0
576 784579 17 716775 17 0
577 662558 17 382 17 0
578 860616 17 814947 17 0
579 342127 17 879067 17 0
580 41913 17 335793 17 0
581 562655 17 803 17 0
582 193599 17 794032 17 0
583 664406 17 71626 17 0
584 382 17 927797 17 0
585 383 17 748348 17 0
586 545230 17 806857 17 0
587 2812 17 456 17 0
588 527 17 403963 17 0
589 881870 17 74625 17 0
590 307385 17 784579 17 0
591 343832 17 942466 17 0
592 197479 17 925724 17 0
593 276048 17 921840 17 0
594 417933 17 633780 17 0
595 72517 17 299692 17 0
596 424072 17 992761 17 0
597 195912 17 979321 16 0
598 170193 17 694137 16 0
599 509725 17 106522 16 0
600 141279 17 272888 16 0
601 794032 17 561 16 0
602 456 17 707243 16 0
603 452 17 671 16 0
604 927797 17 435013 16 0
605 925724 17 606685 16 0
606 937764 17 840325 16 0
607 694137 17 181645 16 0
608 986785 17 318133 16 0
609 488 17 920988 16 0
610 629380 17 222777 16 0
611 392030 17 84399 16 0
612 987833 17 919997 16 0
613 348028 16 584935 16 0
614 784683 16 945219 16 0
615 759 16 499 16 0
616 753 16 737 16 0
617 606685 16 962447 16 0
618 962447 16 264237 16 0
619 808596 16 732258 16 0
620 707243 16 8023 16 0
621 426687 16 403287 16 0
622 673127 16 364512 16 0
623 749 16 678039 16 0
624 938262 16 66774 16 0
625 319069 16 878750 16 0
626 562290 16 333821 16 0
627 737 16 937764 16 0
628 919997 16 347383 16 0
629 722 16 987833 16 0
630 840325 16 934569 16 0
631 715 16 342127 16 0
632 842596 16 654649 16 0
633 441074 16 753 16 0
634 728360 16 135262 16 0
635 940946 16 406391 16 0
636 494 16 883826 16 0
637 920988 16 938262 16 0
638 499 16 722 16 0
639 8023 16 562290 16 0
640 318133 16 728360 16 0
641 579633 16 197479 16 0
642 979321 16 488 16 0
643 281572 16 281572 16 1
644 222777 16 911057 16 0
645 850194 16 842596 16 0
646 945219 16 732212 16 0
647 272888 16 354701 16 0
648 367939 16 940946 16 0
649 732258 16 635579 16 0
650 364512 16 52117 16 0
651 295615 16 343832 16 0
652 570706 16 422447 16 0
653 732212 16 784683 16 0
654 934569 16 570706 16 0
655 354701 16 367939 16 0
656 66774 16 859611 16 0
657 647104 16 424072 16 0
658 859611 16 327123 16 0
659 353403 16 749 16 0
660 715947 16 335176 16 0
661 264237 16 348028 16 0
662 135262 16 707 16 0
663 47900 16 850194 16 0
664 674619 16 969925 16 0
665 520811 16 687552 16 0
666 333821 16 31667 16 0
667 181645 16 259548 16 0
668 106522 16 353403 16 0
669 911057 16 647104 16 0
670 813 16 579633 16 0
671 406391 16 252324 16 0
672 580940 16 417240 16 0
673 635579 16 309635 16 0
674 31667 16 734933 16 0
675 327123 16 319069 16 0
676 878750 16 715 16 0
677 403287 16 426687 16 0
678 872763 16 41913 16 0
679 561 16 673127 16 0
680 883826 16 47900 16 0
681 584935 16 2812 16 0
682 687552 16 230594 15 0
683 654649 16 488136 15 0
684 671 16 811 15 0
685 52117 16 52839 15 0
686 734933 16 174168 15 0
687 264563 16 808596 15 0
688 259548 16 178571 15 0
689 417240 16 872763 15 0
690 678039 16 602074 15 0
691 309635 16 264563 15 0
692 335176 16 990 15 0
693 226020 16 539962 15 0
694 574 16 678 15 0
695 84399 16 584 15 0
696 969925 16 964 15 0
697 896724 15 424207 15 0
698 6065 15 580940 15 0
699 376013 15 759 15 0
700 28031 15 735 15 0
701 82496 15 494 15 0
702 108771 15 108771 15 1
703 304755 15 859 15 0
704 600253 15 574 15 0
705 907226 15 578406 15 0
706 401173 15 47355 15 0
707 1028 15 851703 15 0
708 254775 15 6065 15 0
709 770 15 957670 15 0
710 111533 15 963394 15 0
711 498009 15 824513 15 0
712 183039 15 770 15 0
713 238806 15 610850 15 0
714 164761 15 245555 15 0
715 168968 15 376013 15 0
716 52839 15 929176 15 0
717 833141 15 600253 15 0
718 468821 15 304755 15 0
719 957670 15 857436 15 0
720 647231 15 828344 15 0
721 86201 15 833141 15 0
722 935336 15 140405 15 0
723 540446 15 164761 15 0
724 610850 15 596 15 0
725 47355 15 292209 15 0
726 140405 15 278561 15 0
727 990391 15 715947 15 0
728 859 15 111533 15 0
729 435328 15 322429 15 0
730 178571 15 763 15 0
731 488136 15 348040 15 0
732 245555 15 435328 15 0
733 824513 15 954610 15 0
734 524462 15 520811 15 0
735 594976 15 168968 15 0
736 307263 15 176658 15 0
737 789031 15 540446 15 0
738 405182 15 674619 15 0
739 539962 15 813 15 0
740 964 15 594976 15 0
741 811 15 896724 15 0
742 828344 15 907226 15 0
743 904232 15 598308 15 0
744 424207 15 670257 15 0
745 386431 15 860616 15 0
746 929176 15 568450 15 0
747 763 15 833250 15 0
748 598308 15 167533 15 0
749 568450 15 226020 15 0
750 230594 15 935336 15 0
751 584 15 183039 15 0
752 585 15 468821 15 0
753 174168 15 583 15 0
754 578406 15 801718 15 0
755 832557 15 73615 15 0
756 759814 15 904232 15 0
757 857436 15 911415 15 0
758 963394 15 530856 15 0
759 801718 15 338674 15 0
760 338674 15 647231 15 0
761 111220 15 441074 15 0
762 167533 15 76960 15 0
763 911415 15 585 15 0
764 907422 15 82496 15 0
765 670257 15 254775 15 0
766 530856 15 990391 15 0
767 278561 15 759814 15 0
768 332858 15 86201 15 0
769 971070 15 392895 15 0
770 713734 15 524462 15 0
771 833250 15 971070 15 0
772 423369 15 713734 15 0
773 322429 15 295615 15 0
774 929031 15 307263 15 0
775 851703 15 238806 15 0
776 596 15 838573 14 0
777 76960 15 886544 14 0
778 990 15 223638 14 0
779 348040 15 602494 14 0
780 954610 15 423369 14 0
781 292209 15 328277 14 0
782 602074 15 945 14 0
783 678 15 820481 14 0
784 735 15 791326 14 0
785 392895 15 401173 14 0
786 73615 15 111220 14 0
787 583 15 664 14 0
788 176658 15 967536 14 0
789 274913 15 88612 14 0
790 336514 14 1068 14 0
791 9973 14 737009 14 0
792 59697 14 949298 14 0
793 1068 14 1045 14 0
794 809374 14 1080 14 0
795 281699 14 327348 14 0
796 23570 14 257701 14 0
797 1003 14 661547 14 0
798 820481 14 667622 14 0
799 172076 14 1078 14 0
800 616915 14 45182 14 0
801 440467 14 629 14 0
802 43513 14 607 14 0
803 710867 14 603029 14 0
804 262207 14 809374 14 0
805 862 14 41539 14 0
806 661547 14 405182 14 0
807 612051 14 832557 14 0
808 11972 14 452345 14 0
809 267969 14 262207 14 0
810 737009 14 224768 14 0
811 45182 14 785 14 0
812 963223 14 549853 14 0
813 41539 14 1150 14 0
814 1045 14 710867 14 0
815 696721 14 885278 14 0
816 653931 14 440467 14 0
817 609575 14 631937 14 0
818 88612 14 209235 14 0
819 284081 14 284081 14 1
820 257701 14 603957 14 0
821 1080 14 696721 14 0
822 417690 14 612051 14 0
823 763715 14 928499 14 0
824 905 14 655068 14 0
825 435500 14 821 14 0
826 617569 14 993381 14 0
827 562 14 11972 14 0
828 885278 14 792 14 0
829 561574 14 601327 14 0
830 879 14 59697 14 0
831 188591 14 274913 14 0
832 80844 14 724353 14 0
833 57258 14 617569 14 0
834 223638 14 829912 14 0
835 319920 14 81185 14 0
836 945 14 539068 14 0
837 969990 14 726223 14 0
838 631937 14 604783 14 0
839 603957 14 57258 14 0
840 607 14 825636 14 0
841 881 14 731388 14 0
842 817688 14 23570 14 0
843 1078 14 28031 14 0
844 57244 14 269845 14 0
845 695399 14 550084 14 0
846 655068 14 365959 14 0
847 913 14 57244 14 0
848 881669 14 748124 14 0
849 200122 14 319254 14 0
850 227464 14 708130 14 0
851 667622 14 438454 14 0
852 514199 14 831709 14 0
853 214896 14 66335 14 0
854 886544 14 80844 14 0
855 364246 14 12807 14 0
856 602494 14 96926 14 0
857 731388 14 336021 14 0
858 227090 14 544247 14 0
859 838573 14 44427 14 0
860 993381 14 301289 14 0
861 328277 14 448777 14 0
862 550084 14 899892 14 0
863 448777 14 963223 14 0
864 724353 14 417690 14 0
865 66335 14 765801 14 0
866 777078 14 653931 14 0
867 327348 14 166121 14 0
868 301289 14 763715 14 0
869 700865 14 907422 14 0
870 67323 14 518535 14 0
871 688813 14 913 14 0
872 829912 14 336514 14 0
873 285758 14 881669 14 0
874 44427 14 364246 14 0
875 319254 14 188591 14 0
876 25990 14 879 14 0
877 545199 14 267969 14 0
878 195346 14 281699 14 0
879 726223 14 1031 14 0
880 365959 14 749926 14 0
881 1346 14 545199 14 0
882 978000 14 195346 14 0
883 928499 14 9973 14 0
884 634791 14 227464 14 0
885 150301 14 943120 14 0
886 604783 14 285758 14 0
887 791326 14 712234 14 0
888 664 14 688813 14 0
889 438454 14 1003 14 0
890 765801 14 200122 14 0
891 745222 14 332858 14 0
892 601327 14 172076 14 0
893 712234 14 862 14 0
894 336021 14 777078 14 0
895 943120 14 929031 14 0
896 224768 14 789031 14 0
897 518535 14 609575 14 0
898 821 14 67323 14 0
899 967536 14 616915 14 0
900 209235 14 1346 14 0
901 603029 14 43513 14 0
902 166121 14 319920 14 0
903 1200 14 25091 13 0
904 708130 14 905 13 0
905 1031 14 11754 13 0
906 1150 14 507293 13 0
907 835 14 817688 13 0
908 899892 14 1236 13 0
909 748124 14 169460 13 0
910 516025 14 42825 13 0
911 549853 14 923091 13 0
912 259348 14 368012 13 0
913 844 14 290310 13 0
914 81185 14 381249 13 0
915 269845 14 889048 13 0
916 825636 14 835 13 0
917 12807 14 483492 13 0
918 785 14 67803 13 0
919 544247 14 627283 13 0
920 749926 14 840360 13 0
921 452345 14 673762 13 0
922 792 14 129919 13 0
923 831709 14 247861 13 0
924 539068 14 230268 13 0
925 731098 14 443692 13 0
926 96926 14 990723 13 0
927 629 14 401540 13 0
928 949298 14 1040 13 0
929 728529 13 1266 13 0
930 653527 13 286057 13 0
931 507293 13 283020 13 0
932 483271 13 353066 13 0
933 909150 13 888327 13 0
934 600301 13 304195 13 0
935 1040 13 746033 13 0
936 1049 13 220266 13 0
937 132452 13 681201 13 0
938 834703 13 770963 13 0
939 1006 13 959376 13 0
940 169460 13 919 13 0
941 931672 13 971011 13 0
942 67803 13 160441 13 0
943 613735 13 90765 13 0
944 90765 13 1126 13 0
945 1225 13 766352 13 0
946 464126 13 958149 13 0
947 1236 13 670468 13 0
948 349367 13 600301 13 0
949 220266 13 311747 13 0
950 439014 13 809964 13 0
951 1266 13 762738 13 0
952 1274 13 262627 13 0
953 1282 13 1274 13 0
954 889048 13 100268 13 0
955 795109 13 844 13 0
956 1311 13 320604 13 0
957 1201 13 435500 13 0
958 246366 13 132452 13 0
959 230268 13 419443 13 0
960 204101 13 227090 13 0
961 846748 13 834849 13 0
962 1353 13 1006 13 0
963 659670 13 464126 13 0
964 829814 13 909150 13 0
965 995142 13 561574 13 0
966 607431 13 725374 13 0
967 203729 13 829814 13 0
968 203935 13 439014 13 0
969 483492 13 634791 13 0
970 1392 13 277306 13 0
971 766352 13 485840 13 0
972 923091 13 473533 13 0
973 1126 13 563418 13 0
974 806567 13 1353 13 0
975 159821 13 978000 13 0
976 888327 13 1311 13 0
977 813352 13 846748 13 0
978 41542 13 41542 13 1
979 419443 13 989280 13 0
980 673762 13 826 13 0
981 834849 13 167069 13 0
982 445288 13 549380 13 0
983 549380 13 349367 13 0
984 668409 13 806 13 0
985 754414 13 317229 13 0
986 417721 13 854288 13 0
987 1122 13 969990 13 0
988 585353 13 931672 13 0
989 42825 13 834703 13 0
990 148605 13 695399 13 0
991 210273 13 299198 13 0
992 563418 13 607431 13 0
993 829329 13 995142 13 0
994 720865 13 934712 13 0
995 658112 13 17263 13 0
996 401540 13 431738 13 0
997 1586 13 820161 13 0
998 317229 13 1122 13 0
999 458115 13 246366 13 0
1000 725374 13 364822 13 0
1001 25091 13 210273 13 0
1002 381249 13 180567 13 0
1003 603675 13 516025 13 0
1004 840360 13 34548 13 0
1005 100268 13 1028 13 0
1006 854288 13 514199 13 0
1007 163464 13 845502 13 0
1008 247861 13 806567 13 0
1009 129919 13 921670 13 0
1010 431738 13 214896 13 0
1011 762738 13 272280 13 0
1012 311747 13 585353 13 0
1013 283020 13 1392 13 0
1014 989280 13 1282 13 0
1015 653693 13 731098 13 0
1016 320604 13 653527 13 0
1017 405666 13 76645 13 0
1018 826 13 734 13 0
1019 76645 13 203729 13 0
1020 734 13 403083 13 0
1021 485840 13 928620 13 0
1022 653814 13 150301 13 0
1023 17263 13 373076 13 0
1024 262627 13 204101 13 0
1025 741154 13 200000 13 0
1026 353066 13 417721 13 0
1027 809964 13 1586 13 0
1028 919 13 653693 13 0
1029 167069 13 881 13 0
1030 364822 13 498009 13 0
1031 443692 13 741154 13 0
1032 200000 13 829329 13 0
1033 290310 13 700865 13 0
1034 921670 13 159821 13 0
1035 180619 13 720865 13 0
1036 299198 13 1200 13 0
1037 368012 13 659670 13 0
1038 160441 13 653814 13 0
1039 11754 13 25990 13 0
1040 990723 13 513170 12 0
1041 277306 13 659009 12 0
1042 403083 13 458115 12 0
1043 180567 13 566122 12 0
1044 934712 13 230227 12 0
1045 806 13 1278 12 0
1046 304195 13 947 12 0
1047 670468 13 940896 12 0
1048 34548 13 743611 12 0
1049 770963 13 508681 12 0
1050 959376 13 203935 12 0
1051 958149 13 405666 12 0
1052 59980 13 141688 12 0
1053 820161 13 632405 12 0
1054 845502 13 864546 12 0
1055 971011 13 307741 12 0
1056 681201 13 551148 12 0
1057 864546 13 274057 12 0
1058 473533 13 411782 12 0
1059 970670 13 98587 12 0
1060 928620 13 956068 12 0
1061 272280 13 95354 12 0
1062 411781 13 1169 12 0
1063 419134 13 974541 12 0
1064 542180 13 824574 12 0
1065 286057 13 344461 12 0
1066 232502 13 621297 12 0
1067 746033 13 244930 12 0
1068 627283 13 878409 12 0
1069 373076 13 656712 12 0
1070 621602 12 178729 12 0
1071 105012 12 163464 12 0
1072 940896 12 274745 12 0
1073 56124 12 118810 12 0
1074 743611 12 552971 12 0
1075 45711 12 928319 12 0
1076 146655 12 530323 12 0
1077 601889 12 802879 12 0
1078 381093 12 163437 12 0
1079 987768 12 865775 12 0
1080 1516 12 883332 12 0
1081 38702 12 764456 12 0
1082 746162 12 951940 12 0
1083 567655 12 702933 12 0
1084 928319 12 294583 12 0
1085 262356 12 71544 12 0
1086 480007 12 553498 12 0
1087 708226 12 226913 12 0
1088 997775 12 562 12 0
1089 394015 12 962 12 0
1090 233967 12 1516 12 0
1091 624716 12 259348 12 0
1092 94331 12 1315 12 0
1093 196700 12 80759 12 0
1094 376750 12 1049 12 0
1095 508681 12 411781 12 0
1096 512298 12 209879 12 0
1097 411782 12 233967 12 0
1098 951940 12 310453 12 0
1099 638196 12 263934 12 0
1100 566122 12 937 12 0
1101 816104 12 838083 12 0
1102 402643 12 782162 12 0
1103 1215 12 94331 12 0
1104 30758 12 603675 12 0
1105 732574 12 39450 12 0
1106 695817 12 255538 12 0
1107 204670 12 120321 12 0
1108 516357 12 376634 12 0
1109 923424 12 446842 12 0
1110 61799 12 9123 12 0
1111 29065 12 136955 12 0
1112 648056 12 119707 12 0
1113 954153 12 135209 12 0
1114 1534 12 194731 12 0
1115 419055 12 855413 12 0
1116 230227 12 687525 12 0
1117 226913 12 363969 12 0
1118 39450 12 861246 12 0
1119 9123 12 648056 12 0
1120 928940 12 900122 12 0
1121 1442 12 835870 12 0
1122 446842 12 66490 12 0
1123 849207 12 314976 12 0
1124 878409 12 175258 12 0
1125 255538 12 480007 12 0
1126 117005 12 912874 12 0
1127 687525 12 388382 12 0
1128 553498 12 906 12 0
1129 865775 12 970670 12 0
1130 912874 12 83824 12 0
1131 20337 12 772262 12 0
1132 640071 12 813352 12 0
1133 707100 12 235103 12 0
1134 390223 12 812280 12 0
1135 189739 12 1924 12 0
1136 927518 12 587096 12 0
1137 701962 12 534358 12 0
1138 376634 12 182653 12 0
1139 412313 12 516357 12 0
1140 587096 12 624716 12 0
1141 1381 12 851840 12 0
1142 133060 12 117005 12 0
1143 772262 12 512298 12 0
1144 309469 12 795109 12 0
1145 64532 12 21509 12 0
1146 98587 12 927518 12 0
1147 504510 12 1076 12 0
1148 824574 12 240071 12 0
1149 530323 12 1215 12 0
1150 469644 12 1442 12 0
1151 510339 12 658112 12 0
1152 209879 12 146655 12 0
1153 118810 12 156549 12 0
1154 534934 12 542180 12 0
1155 344461 12 419055 12 0
1156 1278 12 701962 12 0
1157 363969 12 555550 12 0
1158 388382 12 933324 12 0
1159 571152 12 148605 12 0
1160 1272 12 271072 12 0
1161 946083 12 1381 12 0
1162 684365 12 536868 12 0
1163 595624 12 523800 12 0
1164 835870 12 56124 12 0
1165 513170 12 1225 12 0
1166 274057 12 404702 12 0
1167 537573 12 686521 12 0
1168 855413 12 657096 12 0
1169 523800 12 571152 12 0
1170 59140 12 845 12 0
1171 236592 12 754414 12 0
1172 34733 12 16918 12 0
1173 128926 12 50473 12 0
1174 198708 12 483271 12 0
1175 551148 12 928940 12 0
1176 765684 12 954153 12 0
1177 659009 12 429088 12 0
1178 900122 12 1201 12 0
1179 271072 12 376854 12 0
1180 676 12 74534 12 0
1181 1315 12 29065 12 0
1182 625747 12 34733 12 0
1183 782162 12 412313 12 0
1184 141688 12 765684 12 0
1185 861246 12 376750 12 0
1186 71544 12 728529 12 0
1187 552971 12 534934 12 0
1188 1892 12 638196 12 0
1189 764456 12 445288 12 0
1190 812280 12 419134 12 0
1191 491645 12 668409 12 0
1192 736983 12 1534 12 0
1193 686521 12 20337 12 0
1194 472582 12 695817 12 0
1195 656712 12 661729 12 0
1196 883332 12 613735 12 0
1197 182653 12 105012 12 0
1198 66490 12 1272 12 0
1199 1033 12 849207 12 0
1200 63684 12 595624 12 0
1201 656695 12 204670 12 0
1202 962 12 232502 12 0
1203 74534 12 309469 12 0
1204 120321 12 128926 12 0
1205 178729 12 746162 12 0
1206 838083 12 386431 12 0
1207 175258 12 625747 12 0
1208 621297 12 638823 12 0
1209 1076 12 59140 12 0
1210 638823 12 198708 12 0
1211 802879 12 708226 12 0
1212 937 12 61799 12 0
1213 136955 12 657252 12 0
1214 119707 12 1892 12 0
1215 536868 12 113928 12 0
1216 376854 12 736983 12 0
1217 235103 12 236592 12 0
1218 168303 12 732574 12 0
1219 453946 12 394015 12 0
1220 702933 12 59980 12 0
1221 80759 12 64532 12 0
1222 429088 12 472582 12 0
1223 933324 12 923424 12 0
1224 906 12 45711 12 0
1225 404702 12 196700 12 0
1226 397228 12 390223 12 0
1227 80654 12 521895 12 0
1228 263934 12 656695 12 0
1229 83824 12 80654 12 0
1230 657096 12 397228 12 0
1231 947 12 640071 12 0
1232 861218 12 168303 12 0
1233 728103 12 262356 12 0
1234 974541 12 621602 12 0
1235 845 12 49295 12 0
1236 521895 12 491645 12 0
1237 661729 12 950328 11 0
1238 50473 12 1052 11 0
1239 1924 12 852858 11 0
1240 657252 12 597968 11 0
1241 310453 12 146541 11 0
1242 314976 12 88509 11 0
1243 1169 12 286175 11 0
1244 599666 12 892377 11 0
1245 49295 12 735247 11 0
1246 851840 12 584863 11 0
1247 294583 12 252329 11 0
1248 956068 12 966998 11 0
1249 244930 12 453946 11 0
1250 311393 12 705128 11 0
1251 274745 12 911897 11 0
1252 295832 12 342722 11 0
1253 163437 12 971953 11 0
1254 135209 12 542038 11 0
1255 113928 12 672175 11 0
1256 21509 12 707100 11 0
1257 534358 12 663164 11 0
1258 156549 12 762390 11 0
1259 626652 12 713896 11 0
1260 914184 12 1041 11 0
1261 307741 12 1017 11 0
1262 95354 12 163749 11 0
1263 1017 12 744571 11 0
1264 240071 12 552835 11 0
1265 194731 12 567655 11 0
1266 16918 12 632631 11 0
1267 555550 12 963198 11 0
1268 632405 12 420391 11 0
1269 971953 11 117826 11 0
1270 2204 11 438287 11 0
1271 123877 11 607796 11 0
1272 808007 11 353382 11 0
1273 491933 11 531831 11 0
1274 663291 11 318758 11 0
1275 416060 11 684514 11 0
1276 546601 11 361753 11 0
1277 850601 11 159618 11 0
1278 90381 11 601889 11 0
1279 1790 11 221743 11 0
1280 998563 11 504510 11 0
1281 94839 11 1074 11 0
1282 623022 11 1192 11 0
1283 531831 11 1422 11 0
1284 495811 11 937573 11 0
1285 496055 11 885710 11 0
1286 991885 11 933694 11 0
1287 1710 11 725510 11 0
1288 665080 11 418002 11 0
1289 90326 11 927404 11 0
1290 739484 11 668975 11 0
1291 1422 11 311393 11 0
1292 744571 11 368180 11 0
1293 2178 11 395364 11 0
1294 306292 11 898337 11 0
1295 602699 11 708822 11 0
1296 1738 11 745222 11 0
1297 388490 11 183008 11 0
1298 1429 11 728103 11 0
1299 287364 11 145184 11 0
1300 153540 11 948887 11 0
1301 666809 11 603182 11 0
1302 117826 11 348309 11 0
1303 895211 11 1374 11 0
1304 286175 11 247598 11 0
1305 950328 11 817543 11 0
1306 780555 11 2221 11 0
1307 892377 11 111887 11 0
1308 1829 11 581081 11 0
1309 837596 11 788557 11 0
1310 567252 11 941368 11 0
1311 329735 11 605938 11 0
1312 776892 11 603991 11 0
1313 44438 11 864702 11 0
1314 2140 11 565286 11 0
1315 927404 11 30758 11 0
1316 889495 11 491933 11 0
1317 774461 11 519769 11 0
1318 980166 11 1790 11 0
1319 395364 11 510919 11 0
1320 841148 11 630062 11 0
1321 64882 11 563294 11 0
1322 146541 11 533639 11 0
1323 963198 11 56887 11 0
1324 557243 11 558399 11 0
1325 743623 11 767722 11 0
1326 245740 11 816104 11 0
1327 641337 11 384266 11 0
1328 42412 11 914184 11 0
1329 94157 11 345391 11 0
1330 39361 11 443712 11 0
1331 396309 11 980166 11 0
1332 597968 11 487424 11 0
1333 479190 11 889495 11 0
1334 189129 11 734562 11 0
1335 307353 11 479190 11 0
1336 612373 11 94839 11 0
1337 375165 11 743623 11 0
1338 98173 11 845919 11 0
1339 1954 11 496055 11 0
1340 893243 11 38702 11 0
1341 767722 11 329735 11 0
1342 708822 11 832319 11 0
1343 779541 11 173871 11 0
1344 1570 11 1269 11 0
1345 449828 11 123877 11 0
1346 966998 11 612373 11 0
1347 438287 11 804085 11 0
1348 434968 11 488258 11 0
1349 71848 11 1333 11 0
1350 139080 11 64882 11 0
1351 603991 11 567252 11 0
1352 519769 11 2048 11 0
1353 602452 11 481539 11 0
1354 443712 11 1738 11 0
1355 183008 11 861236 11 0
1356 479541 11 126428 11 0
1357 781955 11 153540 11 0
1358 725510 11 449828 11 0
1359 384266 11 970443 11 0
1360 891587 11 595017 11 0
1361 2221 11 133060 11 0
1362 933694 11 561147 11 0
1363 970443 11 620737 11 0
1364 602314 11 63684 11 0
1365 1874 11 59108 11 0
1366 182571 11 1082 11 0
1367 852858 11 1954 11 0
1368 59108 11 998563 11 0
1369 188555 11 1202 11 0
1370 838692 11 510339 11 0
1371 1864 11 871125 11 0
1372 672175 11 774461 11 0
1373 166901 11 739484 11 0
1374 418002 11 684365 11 0
1375 668975 11 2178 11 0
1376 558399 11 391492 11 0
1377 515677 11 580740 11 0
1378 858434 11 729634 11 0
1379 348309 11 841148 11 0
1380 804085 11 381093 11 0
1381 768371 11 620676 11 0
1382 671132 11 402643 11 0
1383 603182 11 838692 11 0
1384 79414 11 474371 11 0
1385 940090 11 663291 11 0
1386 122812 11 425994 11 0
1387 384943 11 413208 11 0
1388 145184 11 434968 11 0
1389 941368 11 777 11 0
1390 2923 11 297560 11 0
1391 584863 11 537573 11 0
1392 663164 11 221447 11 0
1393 959097 11 837596 11 0
1394 670968 11 602699 11 0
1395 660976 11 676 11 0
1396 2225 11 776892 11 0
1397 2048 11 1829 11 0
1398 1202 11 1149 11 0
1399 885710 11 548913 11 0
1400 595017 11 189739 11 0
1401 133445 11 2140 11 0
1402 197876 11 121184 11 0
1403 469961 11 180619 11 0
1404 510919 11 946083 11 0
1405 899476 11 891587 11 0
1406 524630 11 893243 11 0
1407 761237 11 626652 11 0
1408 176469 11 808007 11 0
1409 413670 11 1341 11 0
1410 99084 11 861218 11 0
1411 565286 11 142500 11 0
1412 1192 11 444064 11 0
1413 159578 11 469644 11 0
1414 931620 11 1570 11 0
1415 159618 11 660976 11 0
1416 758374 11 1133 11 0
1417 498173 11 987768 11 0
1418 474371 11 1864 11 0
1419 252329 11 293770 11 0
1420 937573 11 182571 11 0
1421 542411 11 602314 11 0
1422 552396 11 542812 11 0
1423 444064 11 52676 11 0
1424 23641 11 368372 11 0
1425 845919 11 403700 11 0
1426 658814 11 384943 11 0
1427 1269 11 524630 11 0
1428 1258 11 842843 11 0
1429 318758 11 887445 11 0
1430 911897 11 23641 11 0
1431 777 11 1307 11 0
1432 52676 11 895211 11 0
1433 488258 11 133445 11 0
1434 620737 11 448668 11 0
1435 734928 11 289635 11 0
1436 879531 11 287364 11 0
1437 225003 11 90381 11 0
1438 121184 11 734928 11 0
1439 817543 11 498173 11 0
1440 861236 11 432072 11 0
1441 581216 11 616979 11 0
1442 605938 11 780555 11 0
1443 561147 11 79414 11 0
1444 1082 11 605864 11 0
1445 111887 11 546601 11 0
1446 607796 11 88569 11 0
1447 1041 11 515677 11 0
1448 293770 11 654471 11 0
1449 552835 11 375165 11 0
1450 898337 11 150505 11 0
1451 735449 11 580379 11 0
1452 1052 11 552396 11 0
1453 1084 11 931620 11 0
1454 541785 11 280175 11 0
1455 993883 11 189129 11 0
1456 871125 11 779541 11 0
1457 142500 11 557243 11 0
1458 787927 11 991885 11 0
1459 481539 11 656517 11 0
1460 632631 11 599666 11 0
1461 887445 11 2204 11 0
1462 1074 11 159578 11 0
1463 684514 11 196980 11 0
1464 630062 11 1429 11 0
1465 126428 11 188555 11 0
1466 289635 11 425626 11 0
1467 960370 11 993883 11 0
1468 605864 11 761237 11 0
1469 1149 11 253265 11 0
1470 353382 11 960370 11 0
1471 173871 11 190034 11 0
1472 542812 11 665080 11 0
1473 163749 11 735449 11 0
1474 1133 11 1710 11 0
1475 412756 11 412756 11 1
1476 425994 11 858434 11 0
1477 425626 11 1084 11 0
1478 1123 11 295832 11 0
1479 713896 11 396309 11 0
1480 253265 11 479541 11 0
1481 581081 11 641337 11 0
1482 705128 11 166901 11 0
1483 391492 11 307353 11 0
1484 734562 11 469961 11 0
1485 580379 11 225003 11 0
1486 542038 11 98173 11 0
1487 580740 11 245740 11 0
1488 1100 11 1033 11 0
1489 654471 11 1874 11 0
1490 864702 11 671132 11 0
1491 563294 11 758374 11 0
1492 735247 11 666809 10 0
1493 328026 11 58945 10 0
1494 548913 11 197111 10 0
1495 297560 11 759631 10 0
1496 729634 11 94157 10 0
1497 1307 11 57329 10 0
1498 190034 11 573096 10 0
1499 221447 11 785184 10 0
1500 470312 11 87959 10 0
1501 656517 11 734127 10 0
1502 1374 11 53784 10 0
1503 342722 11 306921 10 0
1504 762390 11 1967 10 0
1505 877504 11 412097 10 0
1506 196980 11 417192 10 0
1507 343380 11 139080 10 0
1508 533639 11 372649 10 0
1509 88509 11 905242 10 0
1510 832319 11 1649 10 0
1511 448668 11 985352 10 0
1512 280175 11 1775 10 0
1513 842843 11 39361 10 0
1514 1341 11 643961 10 0
1515 788557 11 128654 10 0
1516 150505 11 1401 10 0
1517 620676 11 971499 10 0
1518 88569 11 648451 10 0
1519 487424 11 677779 10 0
1520 1333 11 77161 10 0
1521 432072 11 78427 10 0
1522 221743 11 29443 10 0
1523 1389 11 410053 10 0
1524 403700 11 879531 10 0
1525 136495 11 429269 10 0
1526 932168 11 292493 10 0
1527 536069 11 795909 10 0
1528 473134 11 524867 10 0
1529 368372 11 980481 10 0
1530 361753 11 807979 10 0
1531 948887 11 80083 10 0
1532 413208 11 415683 10 0
1533 616979 11 704651 10 0
1534 247598 11 590011 10 0
1535 345391 11 221397 10 0
1536 420391 11 1891 10 0
1537 276203 11 276203 10 1
1538 951678 11 700849 10 0
1539 56887 11 1651 10 0
1540 368180 11 788571 10 0
1541 859257 10 69475 10 0
1542 556374 10 539101 10 0
1543 272193 10 283396 10 0
1544 1735 10 980180 10 0
1545 1761 10 329452 10 0
1546 755981 10 161841 10 0
1547 72198 10 1140 10 0
1548 392346 10 705476 10 0
1549 57329 10 1700 10 0
1550 677779 10 493996 10 0
1551 1018 10 801348 10 0
1552 2258 10 344113 10 0
1553 354523 10 903596 10 0
1554 847846 10 899476 10 0
1555 488238 10 42412 10 0
1556 1765 10 470089 10 0
1557 306921 10 796860 10 0
1558 128654 10 306292 10 0
1559 929387 10 883976 10 0
1560 867093 10 891924 10 0
1561 862390 10 22548 10 0
1562 487843 10 417612 10 0
1563 2570 10 164908 10 0
1564 693124 10 924008 10 0
1565 582522 10 581216 10 0
1566 947910 10 2475 10 0
1567 758884 10 951857 10 0
1568 414138 10 245417 10 0
1569 908398 10 927814 10 0
1570 540408 10 90326 10 0
1571 912220 10 998616 10 0
1572 840532 10 482026 10 0
1573 679327 10 309024 10 0
1574 888231 10 2258 10 0
1575 2160 10 44438 10 0
1576 331435 10 163398 10 0
1577 705476 10 1258 10 0
1578 514406 10 724472 10 0
1579 344113 10 859257 10 0
1580 69475 10 2169 10 0
1581 241111 10 951678 10 0
1582 161841 10 224838 10 0
1583 317740 10 623022 10 0
1584 470089 10 541785 10 0
1585 1700 10 71848 10 0
1586 2625 10 728816 10 0
1587 361083 10 761337 10 0
1588 173582 10 473134 10 0
1589 546427 10 37321 10 0
1590 239961 10 171832 10 0
1591 673167 10 2625 10 0
1592 577572 10 588671 10 0
1593 2169 10 926793 10 0
1594 429269 10 22255 10 0
1595 908343 10 514406 10 0
1596 312131 10 742393 10 0
1597 958437 10 912346 10 0
1598 826427 10 625778 10 0
1599 78427 10 979112 10 0
1600 546478 10 997376 10 0
1601 544459 10 428682 10 0
1602 677692 10 373025 10 0
1603 648451 10 728960 10 0
1604 24613 10 850601 10 0
1605 343236 10 248390 10 0
1606 33768 10 959097 10 0
1607 264055 10 134698 10 0
1608 197111 10 217929 10 0
1609 171832 10 626201 10 0
1610 524298 10 768402 10 0
1611 589011 10 1212 10 0
1612 763371 10 733398 10 0
1613 318104 10 302048 10 0
1614 475493 10 2014 10 0
1615 538298 10 2426 10 0
1616 1825 10 176042 10 0
1617 539101 10 582522 10 0
1618 880983 10 660449 10 0
1619 912346 10 658814 10 0
1620 1967 10 840532 10 0
1621 631527 10 279475 10 0
1622 970753 10 544459 10 0
1623 803456 10 197876 10 0
1624 973091 10 880983 10 0
1625 1816 10 379147 10 0
1626 807116 10 69627 10 0
1627 223571 10 1389 10 0
1628 131287 10 929387 10 0
1629 388850 10 495811 10 0
1630 524867 10 632253 10 0
1631 759631 10 529511 10 0
1632 402998 10 14971 10 0
1633 367940 10 312131 10 0
1634 373025 10 2225 10 0
1635 423526 10 542411 10 0
1636 1859 10 502791 10 0
1637 905242 10 223571 10 0
1638 643961 10 546427 10 0
1639 759564 10 908343 10 0
1640 224838 10 147651 10 0
1641 499371 10 1363 10 0
1642 821834 10 24613 10 0
1643 323446 10 449717 10 0
1644 795231 10 2645 10 0
1645 163398 10 768371 10 0
1646 921783 10 737788 10 0
1647 148148 10 759564 10 0
1648 201303 10 361083 10 0
1649 502791 10 213709 10 0
1650 902 10 679327 10 0
1651 40553 10 18779 10 0
1652 460650 10 362334 10 0
1653 1960 10 340941 10 0
1654 1775 10 99084 10 0
1655 77161 10 1486 10 0
1656 742393 10 487843 10 0
1657 323762 10 976770 10 0
1658 179353 10 732 10 0
1659 980481 10 578732 10 0
1660 788571 10 798503 10 0
1661 419041 10 460650 10 0
1662 217929 10 419041 10 0
1663 14971 10 908398 10 0
1664 733398 10 645254 10 0
1665 1891 10 867093 10 0
1666 329452 10 578148 10 0
1667 739405 10 524905 10 0
1668 187278 10 323446 10 0
1669 447124 10 739405 10 0
1670 657289 10 337554 10 0
1671 18779 10 958437 10 0
1672 83879 10 781955 10 0
1673 1768 10 763371 10 0
1674 493996 10 1859 10 0
1675 903596 10 973091 10 0
1676 734710 10 272439 10 0
1677 724472 10 502863 10 0
1678 933996 10 725777 10 0
1679 751401 10 655922 10 0
1680 731293 10 680556 10 0
1681 147651 10 40553 10 0
1682 331221 10 395636 10 0
1683 164908 10 161848 10 0
1684 372649 10 803456 10 0
1685 1800 10 377084 10 0
1686 700849 10 129060 10 0
1687 698523 10 835441 10 0
1688 409062 10 471852 10 0
1689 428682 10 618155 10 0
1690 502863 10 497640 10 0
1691 1791 10 97340 10 0
1692 97340 10 316688 10 0
1693 417192 10 327244 10 0
1694 914832 10 933996 10 0
1695 632253 10 1761 10 0
1696 482026 10 979100 10 0
1697 655922 10 222604 10 0
1698 488818 10 2923 10 0
1699 538082 10 102185 10 0
1700 765269 10 693124 10 0
1701 220154 10 946100 10 0
1702 734127 10 577572 10 0
1703 856260 10 317740 10 0
1704 870435 10 367940 10 0
1705 410053 10 653416 10 0
1706 22255 10 912220 10 0
1707 316688 10 312564 10 0
1708 927814 10 498908 10 0
1709 926793 10 498764 10 0
1710 312564 10 159160 10 0
1711 213709 10 2061 10 0
1712 981119 10 362451 10 0
1713 1496 10 981119 10 0
1714 645567 10 1735 10 0
1715 449717 10 1765 10 0
1716 77626 10 856260 10 0
1717 395636 10 943592 10 0
1718 417612 10 137539 10 0
1719 302048 10 273824 10 0
1720 72419 10 279509 10 0
1721 784928 10 527613 10 0
1722 1486 10 515683 10 0
1723 80083 10 33768 10 0
1724 488596 10 870435 10 0
1725 2102 10 659122 10 0
1726 912610 10 543235 10 0
1727 328653 10 540408 10 0
1728 308522 10 331221 10 0
1729 317016 10 72419 10 0
1730 883976 10 731293 10 0
1731 497640 10 2085 10 0
1732 1212 10 1123 10 0
1733 415670 10 670968 10 0
1734 161848 10 898928 10 0
1735 1221 10 331435 10 0
1736 379147 10 657289 10 0
1737 415683 10 698523 10 0
1738 850502 10 318104 10 0
1739 544573 10 416060 10 0
1740 272439 10 592151 10 0
1741 924008 10 488818 10 0
1742 581207 10 392346 10 0
1743 578148 10 766545 10 0
1744 853797 10 888231 10 0
1745 498764 10 1791 10 0
1746 946100 10 2570 10 0
1747 541941 10 161574 10 0
1748 795909 10 914832 10 0
1749 590011 10 1661 10 0
1750 898928 10 787927 10 0
1751 413893 10 2322 10 0
1752 2085 10 414138 10 0
1753 704651 10 18735 10 0
1754 129060 10 536069 10 0
1755 543235 10 902 10 0
1756 2426 10 1496 10 0
1757 929892 10 2081 10 0
1758 891924 10 81438 10 0
1759 670880 10 2160 10 0
1760 364183 10 670880 10 0
1761 798503 10 541941 10 0
1762 1363 10 476724 10 0
1763 159160 10 72198 10 0
1764 2081 10 107645 10 0
1765 653416 10 677692 10 0
1766 997376 10 264055 10 0
1767 2690 10 556374 10 0
1768 766545 10 220154 10 0
1769 801348 10 402998 10 0
1770 197409 10 997775 10 0
1771 273824 10 447124 10 0
1772 998616 10 168530 10 0
1773 39488 10 322642 10 0
1774 807979 10 415670 10 0
1775 1401 10 720628 10 0
1776 578732 10 524298 10 0
1777 626201 10 341295 10 0
1778 221397 10 241111 10 0
1779 676460 10 940090 10 0
1780 341295 10 755695 10 0
1781 69627 10 246920 10 0
1782 471852 10 758884 10 0
1783 87959 10 544573 10 0
1784 618155 10 1100 10 0
1785 527613 10 546478 10 0
1786 2061 10 176469 10 0
1787 275792 10 413893 10 0
1788 292493 10 1960 10 0
1789 951857 10 201303 10 0
1790 248390 10 328653 10 0
1791 755695 10 388490 10 0
1792 377084 10 755981 10 0
1793 737788 10 1018 10 0
1794 745858 10 388850 10 0
1795 785184 10 335755 10 0
1796 659122 10 173582 10 0
1797 680556 10 673167 10 0
1798 835441 10 516362 10 0
1799 424867 10 343236 10 0
1800 37321 10 821834 10 0
1801 573096 10 533614 10 0
1802 412097 10 423526 10 0
1803 362334 10 947910 10 0
1804 81438 10 424867 10 0
1805 529511 10 538082 10 0
1806 283396 10 853797 10 0
1807 625778 10 745858 10 0
1808 279475 10 581207 10 0
1809 2322 10 932168 10 0
1810 2475 10 645567 10 0
1811 577472 10 83879 10 0
1812 161574 10 1816 10 0
1813 498908 10 2102 10 0
1814 18735 10 602452 10 0
1815 176042 10 1695 10 0
1816 238987 10 577472 10 0
1817 58945 10 136495 10 0
1818 102185 10 323762 10 0
1819 205143 10 255912 10 0
1820 728816 10 272193 10 0
1821 858433 10 488596 10 0
1822 335755 10 409062 10 0
1823 1140 10 751401 10 0
1824 70806 10 912610 10 0
1825 524905 10 877504 10 0
1826 279509 10 1768 10 0
1827 943592 10 789711 10 0
1828 1651 10 376943 10 0
1829 134698 10 701080 9 0
1830 985352 10 33234 9 0
1831 1661 10 2117 9 0
1832 309024 10 588408 9 0
1833 899374 10 709525 9 0
1834 533614 10 915681 9 0
1835 340941 10 416422 9 0
1836 515683 10 3357 9 0
1837 137539 10 734710 9 0
1838 588671 10 633666 9 0
1839 858828 10 319570 9 0
1840 1695 10 269948 9 0
1841 1649 10 845694 9 0
1842 22548 10 893581 9 0
1843 898705 10 462537 9 0
1844 222604 10 439690 9 0
1845 768402 10 726646 9 0
1846 700663 10 985936 9 0
1847 476724 10 20730 9 0
1848 245417 10 516538 9 0
1849 2645 10 2690 9 0
1850 2014 10 2298 9 0
1851 2748 10 202633 9 0
1852 789711 10 791284 9 0
1853 979112 10 876817 9 0
1854 168530 10 131429 9 0
1855 246920 10 576689 9 0
1856 442487 10 509309 9 0
1857 796860 10 863328 9 0
1858 725777 10 245617 9 0
1859 592151 10 259333 9 0
1860 979100 10 458537 9 0
1861 732 10 179353 9 0
1862 980180 10 740541 9 0
1863 2740 10 3393 9 0
1864 720628 10 304593 9 0
1865 322642 10 750108 9 0
1866 827584 10 841169 9 0
1867 107645 10 243588 9 0
1868 337554 10 97892 9 0
1869 499725 10 218428 9 0
1870 542859 10 541820 9 0
1871 176451 10 477376 9 0
1872 439690 10 86025 9 0
1873 645254 10 687330 9 0
1874 3050 10 1713 9 0
1875 761337 10 334513 9 0
1876 255912 10 295530 9 0
1877 53784 10 640432 9 0
1878 362451 10 1632 9 0
1879 971499 10 858433 9 0
1880 1684 10 725349 9 0
1881 159651 10 64225 9 0
1882 516362 10 980458 9 0
1883 660449 10 441980 9 0
1884 376943 10 803349 9 0
1885 29443 10 651597 9 0
1886 327244 10 2069 9 0
1887 728960 10 618125 9 0
1888 2342 10 239961 9 0
1889 976770 10 10417 9 0
1890 519080 9 847846 9 0
1891 269948 9 278087 9 0
1892 2117 9 945813 9 0
1893 516538 9 607887 9 0
1894 106837 9 360079 9 0
1895 745871 9 765269 9 0
1896 893581 9 3431 9 0
1897 930914 9 300831 9 0
1898 988891 9 2365 9 0
1899 573377 9 10925 9 0
1900 946673 9 303415 9 0
1901 904191 9 413670 9 0
1902 73129 9 659941 9 0
1903 150619 9 637806 9 0
1904 760483 9 885751 9 0
1905 62039 9 2342 9 0
1906 655307 9 577078 9 0
1907 687330 9 2566 9 0
1908 928947 9 83207 9 0
1909 487364 9 791839 9 0
1910 2133 9 833439 9 0
1911 433357 9 154767 9 0
1912 184604 9 741863 9 0
1913 2517 9 131287 9 0
1914 513630 9 274255 9 0
1915 559046 9 205143 9 0
1916 252232 9 903943 9 0
1917 735324 9 167152 9 0
1918 2084 9 104343 9 0
1919 936527 9 982262 9 0
1920 2109 9 509949 9 0
1921 208161 9 372814 9 0
1922 319570 9 795231 9 0
1923 92840 9 493110 9 0
1924 17818 9 132781 9 0
1925 663388 9 517173 9 0
1926 306003 9 8197 9 0
1927 417845 9 819637 9 0
1928 113041 9 1221 9 0
1929 615404 9 206040 9 0
1930 924092 9 432879 9 0
1931 113053 9 183149 9 0
1932 780540 9 419253 9 0
1933 95855 9 1800 9 0
1934 342293 9 23654 9 0
1935 2916 9 412773 9 0
1936 450137 9 868832 9 0
1937 139016 9 79629 9 0
1938 101313 9 106837 9 0
1939 155242 9 450149 9 0
1940 334513 9 275792 9 0
1941 809932 9 850992 9 0
1942 724817 9 73534 9 0
1943 86748 9 360735 9 0
1944 444898 9 827584 9 0
1945 607887 9 348646 9 0
1946 809244 9 162526 9 0
1947 863328 9 70806 9 0
1948 536216 9 791525 9 0
1949 618933 9 245439 9 0
1950 796611 9 606718 9 0
1951 2365 9 268951 9 0
1952 638502 9 477237 9 0
1953 412838 9 442487 9 0
1954 833439 9 313006 9 0
1955 2304 9 849382 9 0
1956 2306 9 553079 9 0
1957 987031 9 849926 9 0
1958 344175 9 987031 9 0
1959 845694 9 92840 9 0
1960 380152 9 218752 9 0
1961 32680 9 78406 9 0
1962 450149 9 110088 9 0
1963 167152 9 862308 9 0
1964 564950 9 1684 9 0
1965 76483 9 380152 9 0
1966 850992 9 746960 9 0
1967 577078 9 458230 9 0
1968 982262 9 428352 9 0
1969 791839 9 24216 9 0
1970 568418 9 513856 9 0
1971 2408 9 3176 9 0
1972 726646 9 470312 9 0
1973 897411 9 339608 9 0
1974 79629 9 121424 9 0
1975 145249 9 410632 9 0
1976 101546 9 947166 9 0
1977 599854 9 914116 9 0
1978 493110 9 2952 9 0
1979 362803 9 809932 9 0
1980 493164 9 1990 9 0
1981 774793 9 536216 9 0
1982 162526 9 333440 9 0
1983 541820 9 2550 9 0
1984 2956 9 899760 9 0
1985 24216 9 571083 9 0
1986 778522 9 11110 9 0
1987 2952 9 513630 9 0
1988 197656 9 47534 9 0
1989 441980 9 14388 9 0
1990 368602 9 784928 9 0
1991 295530 9 2408 9 0
1992 885968 9 1688 9 0
1993 726844 9 700663 9 0
1994 914116 9 367887 9 0
1995 741863 9 364183 9 0
1996 277277 9 909799 9 0
1997 2298 9 588382 9 0
1998 2391 9 925647 9 0
1999 231981 9 904191 9 0
2000 54256 9 2807 9 0
2001 839810 9 2584 9 0
2002 2449 9 724479 9 0
2003 517173 9 563791 9 0
2004 513508 9 449101 9 0
2005 845939 9 850502 9 0
2006 3180 9 374344 9 0
2007 23654 9 699606 9 0
2008 595357 9 763262 9 0
2009 871713 9 440855 9 0
2010 725349 9 143239 9 0
2011 154767 9 2894 9 0
2012 612799 9 564950 9 0
2013 819637 9 673446 9 0
2014 9098 9 773783 9 0
2015 115228 9 139016 9 0
2016 157282 9 235734 9 0
2017 156602 9 559046 9 0
2018 845349 9 930527 9 0
2019 3176 9 496022 9 0
2020 32472 9 209206 9 0
2021 819786 9 95224 9 0
2022 482612 9 573678 9 0
2023 277792 9 2391 9 0
2024 565207 9 32472 9 0
2025 840554 9 417845 9 0
2026 86025 9 151518 9 0
2027 899760 9 899374 9 0
2028 278087 9 157282 9 0
2029 132781 9 2034 9 0
2030 428323 9 1010 9 0
2031 17924 9 2062 9 0
2032 637806 9 966402 9 0
2033 599627 9 353366 9 0
2034 243588 9 200686 9 0
2035 613653 9 778522 9 0
2036 620667 9 12570 9 0
2037 344518 9 305334 9 0
2038 954476 9 10542 9 0
2039 582373 9 898705 9 0
2040 670321 9 678702 9 0
2041 157316 9 2230 9 0
2042 162908 9 405906 9 0
2043 573678 9 394374 9 0
2044 805677 9 862390 9 0
2045 669679 9 471734 9 0
2046 42291 9 213054 9 0
2047 213054 9 101313 9 0
2048 412773 9 187278 9 0
2049 2894 9 450314 9 0
2050 925647 9 519617 9 0
2051 93355 9 488238 9 0
2052 606718 9 464806 9 0
2053 457091 9 385598 9 0
2054 810332 9 568418 9 0
2055 773783 9 77626 9 0
2056 209206 9 573377 9 0
2057 172932 9 2598 9 0
2058 791525 9 234690 9 0
2059 405906 9 538298 9 0
2060 980458 9 317490 9 0
2061 464806 9 2306 9 0
2062 791284 9 368602 9 0
2063 5691 9 699813 9 0
2064 791317 9 871713 9 0
2065 2230 9 58506 9 0
2066 724479 9 206421 9 0
2067 380283 9 966330 9 0
2068 630259 9 2517 9 0
2069 472378 9 747845 9 0
2070 915681 9 807845 9 0
2071 40272 9 379965 9 0
2072 532328 9 791317 9 0
2073 362965 9 2133 9 0
2074 966612 9 216769 9 0
2075 565072 9 970753 9 0
2076 573671 9 499725 9 0
2077 414202 9 582373 9 0
2078 868832 9 519693 9 0
2079 394572 9 208161 9 0
2080 78406 9 844661 9 0
2081 12570 9 102461 9 0
2082 218428 9 419902 9 0
2083 235920 9 1550 9 0
2084 966330 9 540154 9 0
2085 794093 9 313090 9 0
2086 623921 9 845349 9 0
2087 33763 9 636682 9 0
2088 922537 9 805677 9 0
2089 869643 9 472378 9 0
2090 519693 9 113041 9 0
2091 206040 9 817466 9 0
2092 947166 9 890267 9 0
2093 817284 9 224050 9 0
2094 563791 9 407043 9 0
2095 750628 9 859810 9 0
2096 171240 9 306003 9 0
2097 949586 9 620667 9 0
2098 917459 9 887721 9 0
2099 1675 9 317016 9 0
2100 349096 9 765242 9 0
2101 203252 9 414202 9 0
2102 416422 9 39488 9 0
2103 1688 9 819786 9 0
2104 131429 9 743120 9 0
2105 303415 9 188648 9 0
2106 849926 9 73129 9 0
2107 218752 9 235920 9 0
2108 722787 9 2304 9 0
2109 133676 9 825873 9 0
2110 666643 9 548322 9 0
2111 1713 9 2449 9 0
2112 673446 9 949586 9 0
2113 33234 9 930914 9 0
2114 64183 9 774793 9 0
2115 465529 9 3375 9 0
2116 835764 9 626600 9 0
2117 876817 9 179226 9 0
2118 134638 9 54256 9 0
2119 890267 9 22832 9 0
2120 817466 9 885968 9 0
2121 367887 9 837104 9 0
2122 223546 9 32680 9 0
2123 458230 9 252232 9 0
2124 10925 9 519080 9 0
2125 523436 9 1769 9 0
2126 540154 9 944666 9 0
2127 639935 9 858368 9 0
2128 803349 9 349096 9 0
2129 234690 9 171240 9 0
2130 462537 9 885600 9 0
2131 509309 9 97226 9 0
2132 430172 9 2050 9 0
2133 212371 9 918151 9 0
2134 440855 9 739010 9 0
2135 2681 9 444898 9 0
2136 223268 9 840554 9 0
2137 2611 9 612799 9 0
2138 268951 9 326743 9 0
2139 360079 9 401423 9 0
2140 1010 9 344175 9 0
2141 64225 9 724817 9 0
2142 1757 9 101546 9 0
2143 739010 9 348655 9 0
2144 720373 9 12410 9 0
2145 179226 9 921783 9 0
2146 659941 9 631527 9 0
2147 1769 9 62039 9 0
2148 2788 9 669679 9 0
2149 835779 9 599854 9 0
2150 299500 9 946673 9 0
2151 817457 9 670321 9 0
2152 765035 9 450137 9 0
2153 1228 9 3305 9 0
2154 1539 9 1242 9 0
2155 859810 9 95855 9 0
2156 143200 9 145249 9 0
2157 1550 9 572850 9 0
2158 315253 9 225681 9 0
2159 1553 9 1922 9 0
2160 83207 9 315253 9 0
2161 202633 9 2745 9 0
2162 195859 9 573671 9 0
2163 645270 9 922537 9 0
2164 909885 9 957231 9 0
2165 121424 9 540071 9 0
2166 245617 9 64183 9 0
2167 410632 9 817457 9 0
2168 39595 9 482612 9 0
2169 22432 9 1539 9 0
2170 534220 9 862219 9 0
2171 571083 9 238987 9 0
2172 377285 9 597483 9 0
2173 300831 9 197409 9 0
2174 102461 9 593587 9 0
2175 449101 9 343380 9 0
2176 2714 9 928947 9 0
2177 957231 9 656620 9 0
2178 10542 9 487364 9 0
2179 651597 9 394572 9 0
2180 909799 9 173987 9 0
2181 807845 9 679340 9 0
2182 316789 9 176451 9 0
2183 211787 9 785827 9 0
2184 765242 9 159651 9 0
2185 1242 9 917459 9 0
2186 640432 9 599627 9 0
2187 235734 9 61596 9 0
2188 699252 9 897411 9 0
2189 339608 9 2579 9 0
2190 2745 9 735324 9 0
2191 274255 9 341187 9 0
2192 1624 9 2916 9 0
2193 490388 9 33763 9 0
2194 188648 9 765035 9 0
2195 245439 9 162908 9 0
2196 1632 9 499371 9 0
2197 532816 9 860716 9 0
2198 152388 9 2027 9 0
2199 317490 9 133676 9 0
2200 432879 9 826427 9 0
2201 976092 9 195859 9 0
2202 813460 9 2012 9 0
2203 513028 9 490388 9 0
2204 2639 9 172932 9 0
2205 966402 9 523436 9 0
2206 747845 9 9098 9 0
2207 750108 9 839810 9 0
2208 1582 9 184604 9 0
2209 70834 9 947904 9 0
2210 458537 9 929892 9 0
2211 302724 9 277792 9 0
2212 633666 9 532328 9 0
2213 626600 9 991778 9 0
2214 553079 9 40272 9 0
2215 143239 9 203252 9 0
2216 2598 9 277277 9 0
2217 633091 9 231981 9 0
2218 857233 9 86748 9 0
2219 353366 9 156602 9 0
2220 495569 9 475493 9 0
2221 385598 9 155242 9 0
2222 97892 9 5691 9 0
2223 945813 9 70834 9 0
2224 470155 9 3050 9 0
2225 1990 9 513508 9 0
2226 313090 9 976092 9 0
2227 2550 9 308522 9 0
2228 1980 9 430172 9 0
2229 637116 9 328026 9 0
2230 807075 9 974849 9 0
2231 3348 9 17924 9 0
2232 860716 9 771892 9 0
2233 885751 9 115228 9 0
2234 991778 9 565072 9 0
2235 1977 9 2748 9 0
2236 401423 9 637116 9 0
2237 313006 9 813460 9 0
2238 477376 9 2067 9 0
2239 165309 9 648131 9 0
2240 12410 9 722787 9 0
2241 20730 9 817284 9 0
2242 95224 9 380283 9 0
2243 541357 9 699252 9 0
2244 818315 9 807075 9 0
2245 348646 9 706139 9 0
2246 887721 9 869643 9 0
2247 496022 9 299500 9 0
2248 419253 9 354523 9 0
2249 509949 9 676460 9 0
2250 200686 9 469771 9 0
2251 492162 9 161556 9 0
2252 469771 9 457091 9 0
2253 3375 9 493164 9 0
2254 519617 9 807116 9 0
2255 372814 9 302724 9 0
2256 785827 9 760483 9 0
2257 305334 9 342293 9 0
2258 862219 9 633091 9 0
2259 572850 9 165309 9 0
2260 14388 9 796611 9 0
2261 3357 9 316789 9 0
2262 588408 9 818315 9 0
2263 341187 9 362965 9 0
2264 449499 9 358291 9 0
2265 2049 9 42291 9 0
2266 2050 9 211787 9 0
2267 161556 9 433357 9 0
2268 903943 9 2109 9 0
2269 740541 9 613653 9 0
2270 225681 9 567693 9 0
2271 2062 9 1825 9 0
2272 379965 9 148148 9 0
2273 360735 9 966740 9 0
2274 2067 9 845939 9 0
2275 2069 9 999164 9 0
2276 974849 9 966612 9 0
2277 173987 9 1228 9 0
2278 775573 9 615404 9 0
2279 58506 9 988891 9 0
2280 73534 9 924092 9 0
2281 825873 9 2788 9 0
2282 771892 9 223268 9 0
2283 450314 9 470155 9 0
2284 2012 9 2049 9 0
2285 699606 9 3180 9 0
2286 798801 9 152388 9 0
2287 618125 9 666643 9 0
2288 837104 9 2740 9 0
2289 966740 9 835764 9 0
2290 2027 9 954476 9 0
2291 679340 9 39595 9 0
2292 301581 9 655307 9 0
2293 593587 9 810332 9 0
2294 648131 9 1980 9 0
2295 2034 9 663388 9 0
2296 844661 9 630259 9 0
2297 3305 9 449499 9 0
2298 567693 9 750628 9 0
2299 916650 9 2611 9 0
2300 224050 9 2714 9 0
2301 97226 9 362803 9 0
2302 2584 9 542859 9 0
2303 22832 9 589011 9 0
2304 706139 9 902131 9 0
2305 428352 9 122812 9 0
2306 479453 9 780540 9 0
2307 548322 9 1843 9 0
2308 2579 9 4294967295 0 0
2309 47534 9 4294967295 0 0
2310 678702 9 4294967295 0 0
2311 944666 9 4294967295 0 0
2312 262106 9 4294967295 0 0
2313 3393 9 4294967295 0 0
2314 918151 9 4294967295 0 0
2315 930527 9 4294967295 0 0
2316 10417 9 4294967295 0 0
2317 685349 9 4294967295 0 0
2318 151518 9 4294967295 0 0
2319 259333 9 4294967295 0 0
2320 588382 9 4294967295 0 0
2321 358291 9 4294967295 0 0
2322 326743 9 4294967295 0 0
2323 374344 9 4294967295 0 0
2324 540071 9 4294967295 0 0
2325 597483 9 4294967295 0 0
2326 763262 9 4294967295 0 0
2327 513856 9 4294967295 0 0
2328 885600 9 4294967295 0 0
2329 304593 9 4294967295 0 0
2330 1843 9 4294967295 0 0
2331 902131 9 4294967295 0 0
2332 2807 9 4294967295 0 0
2333 61596 9 4294967295 0 0
2334 709525 9 4294967295 0 0
2335 477237 9 4294967295 0 0
2336 1922 9 4294967295 0 0
2337 216769 9 4294967295 0 0
2338 858368 9 4294967295 0 0
2339 849382 9 4294967295 0 0
2340 110088 9 4294967295 0 0
2341 746960 9 4294967295 0 0
2342 2566 9 4294967295 0 0
2343 8197 9 4294967295 0 0
2344 394374 9 4294967295 0 0
2345 333440 9 4294967295 0 0
2346 656620 9 4294967295 0 0
2347 999164 9 4294967295 0 0
2348 63966 9 4294967295 0 0
2349 576689 9 4294967295 0 0
2350 743120 9 4294967295 0 0
2351 348655 9 4294967295 0 0
2352 206421 9 4294967295 0 0
2353 11110 9 4294967295 0 0
2354 701080 9 4294967295 0 0
2355 636682 9 4294967295 0 0
2356 959910 9 4294967295 0 0
2357 3431 9 4294967295 0 0
2358 862308 9 4294967295 0 0
2359 887826 9 4294967295 0 0
2360 183149 9 4294967295 0 0
2361 419902 9 4294967295 0 0
2362 841169 9 4294967295 0 0
2363 471734 9 4294967295 0 0
2364 407043 9 4294967295 0 0
2365 699813 9 4294967295 0 0
2366 947904 9 4294967295 0 0
2367 985936 9 4294967295 0 0
2368 104343 9 4294967295 0 0
2369 807956 8 4294967295 0 0
2370 256261 8 4294967295 0 0
2371 423646 8 4294967295 0 0
2372 250694 8 4294967295 0 0
2373 2933 8 4294967295 0 0
2374 732940 8 4294967295 0 0
2375 256856 8 4294967295 0 0
2376 371110 8 4294967295 0 0
2377 2707 8 4294967295 0 0
2378 732240 8 4294967295 0 0
2379 19815 8 4294967295 0 0
2380 2704 8 4294967295 0 0
2381 144835 8 4294967295 0 0
2382 120334 8 4294967295 0 0
2383 795292 8 4294967295 0 0
2384 563738 8 4294967295 0 0
2385 641272 8 4294967295 0 0
2386 935972 8 4294967295 0 0
2387 992203 8 4294967295 0 0
2388 498552 8 4294967295 0 0
2389 396962 8 4294967295 0 0
2390 2801 8 4294967295 0 0
2391 472041 8 4294967295 0 0
2392 2805 8 4294967295 0 0
2393 838398 8 4294967295 0 0
2394 75992 8 4294967295 0 0
2395 704337 8 4294967295 0 0
2396 332548 8 4294967295 0 0
2397 600074 8 4294967295 0 0
2398 832055 8 4294967295 0 0
2399 56391 8 4294967295 0 0
2400 196505 8 4294967295 0 0
2401 892645 8 4294967295 0 0
2402 650809 8 4294967295 0 0
2403 56403 8 4294967295 0 0
2404 2841 8 4294967295 0 0
2405 451458 8 4294967295 0 0
2406 401455 8 4294967295 0 0
2407 541694 8 4294967295 0 0
2408 568600 8 4294967295 0 0
