98612 55555 0.000010
0 42270 38372 42270 38372 1
1 60300 13567 60300 13567 1
2 66376 7385 66376 7385 1
3 85945 4797 85945 4797 1
4 84423 3432 84423 3432 1
5 17885 2611 17885 2611 1
6 62778 2072 62778 2072 1
7 14493 1696 14493 1696 1
8 5318 1421 5318 1421 1
9 9 1213 9 1213 1
10 54058 1052 54058 1052 1
11 60340 923 60340 923 1
12 77541 819 77541 819 1
13 6583 733 6583 733 1
14 27529 661 27529 661 1
15 52418 600 52418 600 1
16 16 547 16 547 1
17 9886 502 9886 502 1
18 18 463 18 463 1
19 22472 429 22472 429 1
20 55231 399 55231 399 1
21 8177 372 8177 372 1
22 22 348 22 348 1
23 35955 326 35955 326 1
24 71705 307 71705 307 1
25 69236 289 69236 289 1
26 80417 274 80417 274 1
27 16159 259 16159 259 1
28 4269 246 4269 246 1
29 90048 234 90048 234 1
30 2968 222 2968 222 1
31 25782 212 25782 212 1
32 43272 202 43272 202 1
33 34929 194 34929 194 1
34 56385 185 56385 185 1
35 35559 178 35559 178 1
36 36 170 36 170 1
37 37 164 37 164 1
38 75726 158 75726 158 1
39 46322 152 46322 152 1
40 46789 146 46789 146 1
41 41 141 41 141 1
42 24550 136 24550 136 1
43 67636 131 67636 131 1
44 85412 127 85412 127 1
45 40176 123 40176 123 1
46 26692 119 26692 119 1
47 740 115 740 115 1
48 96250 112 96250 112 1
49 14700 109 14700 109 1
50 99748 105 99748 105 1
51 77417 102 77417 102 1
52 87164 99 87164 99 1
53 98185 97 98185 97 1
54 1100 94 1100 94 1
55 69394 92 69394 92 1
56 72405 89 72405 89 1
57 96492 87 96492 87 1
58 39154 85 39154 85 1
59 30787 83 30787 83 1
60 73307 81 73307 81 1
61 71969 79 71969 79 1
62 45410 77 45410 77 1
63 19606 75 19606 75 1
64 31549 73 31549 73 1
65 40786 72 40786 72 1
66 33551 70 33551 70 1
67 67 68 67 68 1
68 30013 67 30013 67 1
69 17862 66 17862 66 1
70 2142 64 2142 64 1
71 71 63 71 63 1
72 23038 62 23038 62 1
73 73 60 73 60 1
74 21340 59 21340 59 1
75 75 58 75 58 1
76 33580 57 33580 57 1
77 84167 56 84167 56 1
78 74044 55 74044 55 1
79 85240 54 85240 54 1
80 48290 53 48290 53 1
81 16330 52 16330 52 1
82 52890 51 52890 51 1
83 54044 50 54044 50 1
84 19870 49 19870 49 1
85 74550 48 74550 48 1
86 35099 47 35099 47 1
87 30852 46 24939 46 0
88 24939 46 30852 46 0
89 61423 45 61423 45 1
90 95200 44 95200 44 1
91 99457 43 12572 43 0
92 12572 43 99457 43 0
93 98091 42 98091 42 1
94 11434 41 11434 41 1
95 69704 41 69704 41 1
96 39313 40 39313 40 1
97 5152 40 5152 40 1
98 8569 39 8569 39 1
99 51730 38 95781 38 0
100 95781 38 51730 38 0
101 46139 37 88333 37 0
102 88333 37 46139 37 0
103 48968 36 103 36 0
104 103 36 48968 36 0
105 105 35 105 35 1
106 106 35 106 35 1
107 15798 34 8648 34 0
108 8648 34 15798 34 0
109 16360 33 26441 33 0
110 26441 33 16360 33 0
111 55721 32 1637 32 0
112 1637 32 55721 32 0
113 3381 32 3381 32 1
114 66672 31 88182 31 0
115 88182 31 66672 31 0
116 10894 30 61278 30 0
117 61278 30 8673 30 0
118 8673 30 10894 30 0
119 119 29 119 29 1
120 56751 29 56751 29 1
121 85063 28 1093 28 0
122 1093 28 55623 28 0
123 55623 28 85063 28 0
124 43980 27 97706 27 0
125 97706 27 20222 27 0
126 20222 27 43980 27 0
127 27981 26 27981 26 1
128 128 26 49792 26 0
129 49792 26 128 26 0
130 82491 26 82491 26 1
131 93005 25 62895 25 0
132 62895 25 93005 25 0
133 33073 25 33073 25 1
134 135 24 48275 24 0
135 63278 24 92463 24 0
136 48275 24 135 24 0
137 92463 24 63278 24 0
138 80218 23 62430 23 0
139 62430 23 51947 23 0
140 51947 23 80218 23 0
141 140 23 140 23 1
142 36439 22 85324 22 0
143 85324 22 36439 22 0
144 20653 22 20653 22 1
145 23375 22 23375 22 1
146 42595 22 42595 22 1
147 148 21 148 21 1
148 149 21 38824 21 0
149 150 21 150 21 1
150 38824 21 149 21 0
151 36235 20 85117 20 0
152 25469 20 25469 20 1
153 58504 20 36235 20 0
154 85117 20 80299 20 0
155 29269 20 58504 20 0
156 80299 20 29269 20 0
157 13463 19 158 19 0
158 158 19 65309 19 0
159 65309 19 13463 19 0
160 58915 19 58915 19 1
161 86208 19 86208 19 1
162 72834 18 10386 18 0
163 10386 18 67870 18 0
164 46480 18 37048 18 0
165 67870 18 97087 18 0
166 37048 18 72834 18 0
167 97087 18 46480 18 0
168 86661 17 4428 17 0
169 36077 17 36077 17 1
170 170 17 170 17 1
171 4428 17 26873 17 0
172 41881 17 86661 17 0
173 29270 17 41881 17 0
174 26873 17 29270 17 0
175 10550 16 91813 16 0
176 65159 16 79002 16 0
177 91813 16 32173 16 0
178 41706 16 17398 16 0
179 67806 16 65159 16 0
180 79002 16 41706 16 0
181 32173 16 10550 16 0
182 17398 16 67806 16 0
183 49812 15 1841 15 0
184 78871 15 190 15 0
185 190 15 43938 15 0
186 1841 15 49812 15 0
187 95800 15 78871 15 0
188 43938 15 95800 15 0
189 185 15 62368 15 0
190 62368 15 185 15 0
191 10455 14 77009 14 0
192 17643 14 21088 14 0
193 10204 14 17643 14 0
194 77009 14 10204 14 0
195 196 14 10455 14 0
196 194 14 194 14 1
197 69204 14 69204 14 1
198 50831 14 50831 14 1
199 21088 14 196 14 0
200 7762 13 57836 13 0
201 20517 13 9573 13 0
202 10107 13 20517 13 0
203 210 13 7762 13 0
204 49707 13 34960 13 0
205 469 13 10107 13 0
206 34960 13 469 13 0
207 46900 13 210 13 0
208 9573 13 46900 13 0
209 93745 13 49707 13 0
210 57836 13 93745 13 0
211 27959 12 30157 12 0
212 53253 12 71065 12 0
213 74688 12 6869 12 0
214 61069 12 61069 12 1
215 71065 12 53253 12 0
216 87496 12 7700 12 0
217 30157 12 69480 12 0
218 219 12 27959 12 0
219 6869 12 4794 12 0
220 69480 12 87496 12 0
221 7700 12 74688 12 0
222 4794 12 219 12 0
223 39915 11 39915 11 1
224 31698 11 61181 11 0
225 11748 11 29622 11 0
226 28725 11 38788 11 0
227 65864 11 28725 11 0
228 20005 11 65864 11 0
229 38788 11 95759 11 0
230 29622 11 31698 11 0
231 236 11 20005 11 0
232 95759 11 66048 11 0
233 61181 11 232 11 0
234 66048 11 11748 11 0
235 4215 11 236 11 0
236 232 11 4215 11 0
237 248 10 30525 10 0
238 925 10 248 10 0
239 24309 10 42071 10 0
240 99889 10 92282 10 0
241 18618 10 95633 10 0
242 95633 10 3796 10 0
243 92282 10 99889 10 0
244 42071 10 24309 10 0
245 59812 10 20562 10 0
246 30525 10 18618 10 0
247 8036 10 55484 10 0
248 20562 10 59812 10 0
249 55484 10 8036 10 0
250 18652 10 925 10 0
251 3796 10 15283 10 0
252 15283 10 18652 10 0
253 78187 9 47706 9 0
254 46074 9 42019 9 0
255 11191 9 21688 9 0
256 264 9 64624 9 0
257 57425 9 28807 9 0
258 42019 9 46074 9 0
259 28807 9 264 9 0
260 21688 9 91258 9 0
261 47706 9 10444 9 0
262 82239 9 87243 9 0
263 87243 9 82239 9 0
264 91741 9 99835 9 0
265 91258 9 20623 9 0
266 59436 9 39163 9 0
267 99835 9 78187 9 0
268 39163 9 57425 9 0
269 20623 9 13116 9 0
270 13116 9 11191 9 0
271 64624 9 91741 9 0
272 10444 9 59436 9 0
273 61351 8 74186 8 0
274 24938 8 58271 8 0
275 59983 8 278 8 0
276 66108 8 24938 8 0
277 97639 8 80306 8 0
278 12782 8 27829 8 0
279 69288 8 19215 8 0
280 27829 8 29477 8 0
281 71798 8 274 8 0
282 80306 8 769 8 0
283 18162 8 12782 8 0
284 274 8 61351 8 0
285 11308 8 99991 8 0
286 29477 8 59983 8 0
287 79988 8 11308 8 0
288 58271 8 63263 8 0
289 99991 8 71798 8 0
290 63263 8 79988 8 0
291 769 8 69288 8 0
292 278 8 45123 8 0
293 45123 8 66108 8 0
294 74186 8 18162 8 0
295 19215 8 97639 8 0
296 62684 7 21972 7 0
297 80180 7 87796 7 0
298 79737 7 5621 7 0
299 52866 7 79737 7 0
300 12796 7 50418 7 0
301 18294 7 89388 7 0
302 17784 7 18294 7 0
303 53863 7 13526 7 0
304 13045 7 52866 7 0
305 27954 7 27954 7 1
306 21972 7 18042 7 0
307 47021 7 22580 7 0
308 44145 7 91900 7 0
309 15750 7 45834 7 0
310 73148 7 73148 7 1
311 45834 7 47021 7 0
312 73111 7 303 7 0
313 95774 7 73111 7 0
314 303 7 12796 7 0
315 5621 7 62684 7 0
316 13526 7 13045 7 0
317 70068 7 44145 7 0
318 89388 7 298 7 0
319 87796 7 95774 7 0
320 22580 7 76948 7 0
321 50418 7 80180 7 0
322 76948 7 17784 7 0
323 298 7 15750 7 0
324 91900 7 53863 7 0
325 18042 7 70068 7 0
326 79198 6 68257 6 0
327 81338 6 63782 6 0
328 32814 6 88217 6 0
329 21477 6 81338 6 0
330 350 6 56590 6 0
331 40127 6 79198 6 0
332 95902 6 16765 6 0
333 39276 6 39276 6 1
334 2962 6 32814 6 0
335 23339 6 90634 6 0
336 13368 6 45510 6 0
337 88217 6 343 6 0
338 18199 6 90689 6 0
339 16765 6 23289 6 0
340 92209 6 56794 6 0
341 23289 6 346 6 0
342 45672 6 40127 6 0
343 68257 6 2962 6 0
344 9775 6 40076 6 0
345 63320 6 18199 6 0
346 19759 6 74522 6 0
347 43165 6 21477 6 0
348 63782 6 13368 6 0
349 326 6 11978 6 0
350 40076 6 95902 6 0
351 74522 6 58772 6 0
352 90634 6 45672 6 0
353 90689 6 17277 6 0
354 68928 6 92209 6 0
355 13444 6 13444 6 1
356 16069 6 63320 6 0
357 56590 6 350 6 0
358 56794 6 43165 6 0
359 58772 6 326 6 0
360 11978 6 23339 6 0
361 45510 6 19759 6 0
362 343 6 68928 6 0
363 17277 6 9775 6 0
364 346 6 16069 6 0
365 54649 5 88097 5 0
366 74366 5 80390 5 0
367 64534 5 17420 5 0
368 395 5 405 5 0
369 387 5 82852 5 0
370 80795 5 9123 5 0
371 58944 5 398 5 0
372 398 5 21954 5 0
373 403 5 88357 5 0
374 405 5 78228 5 0
375 79871 5 49580 5 0
376 80390 5 13559 5 0
377 31095 5 31095 5 1
378 88357 5 372 5 0
379 18827 5 91954 5 0
380 80727 5 18420 5 0
381 44179 5 79871 5 0
382 84416 5 18827 5 0
383 35170 5 17346 5 0
384 51916 5 49952 5 0
385 49952 5 395 5 0
386 78228 5 32290 5 0
387 82852 5 79059 5 0
388 21954 5 44179 5 0
389 43606 5 371 5 0
390 54459 5 80727 5 0
391 91954 5 65700 5 0
392 57995 5 86080 5 0
393 79364 5 44514 5 0
394 88097 5 74366 5 0
395 13559 5 54649 5 0
396 69471 5 95565 5 0
397 44514 5 366 5 0
398 65700 5 57995 5 0
399 17420 5 54459 5 0
400 17346 5 51916 5 0
401 18420 5 89483 5 0
402 89483 5 84416 5 0
403 81778 5 46162 5 0
404 95565 5 24848 5 0
405 383 5 387 5 0
406 49580 5 81778 5 0
407 9123 5 64534 5 0
408 24848 5 58944 5 0
409 79059 5 69471 5 0
410 372 5 80795 5 0
411 371 5 43606 5 0
412 74819 5 35170 5 0
413 32290 5 79364 5 0
414 46162 5 383 5 0
415 366 5 403 5 0
416 86080 5 74819 5 0
417 78858 4 19431 4 0
418 87798 4 444 4 0
419 463 4 20297 4 0
420 88093 4 1518 4 0
421 458 4 463 4 0
422 14374 4 487 4 0
423 1518 4 56902 4 0
424 1409 4 95952 4 0
425 22721 4 85635 4 0
426 89864 4 74179 4 0
427 92568 4 73369 4 0
428 68326 4 422 4 0
429 21016 4 76880 4 0
430 31778 4 83718 4 0
431 74335 4 71485 4 0
432 41660 4 59129 4 0
433 47446 4 433 4 0
434 86036 4 99684 4 0
435 43338 4 13378 4 0
436 12511 4 58194 4 0
437 74179 4 85332 4 0
438 56902 4 83559 4 0
439 65996 4 95336 4 0
440 93445 4 434 4 0
441 34438 4 43338 4 0
442 83559 4 86036 4 0
443 80382 4 30096 4 0
444 24960 4 15878 4 0
445 4445 4 30195 4 0
446 78735 4 89864 4 0
447 487 4 13339 4 0
448 486 4 48033 4 0
449 38753 4 97170 4 0
450 61564 4 486 4 0
451 65149 4 34438 4 0
452 424 4 68326 4 0
453 422 4 50276 4 0
454 13339 4 78668 4 0
455 95952 4 65149 4 0
456 76880 4 27410 4 0
457 85332 4 83055 4 0
458 83055 4 40278 4 0
459 58984 4 88093 4 0
460 18987 4 87798 4 0
461 15878 4 47446 4 0
462 83939 4 14374 4 0
463 30195 4 12511 4 0
464 45139 4 80382 4 0
465 30096 4 82875 4 0
466 444 4 93445 4 0
467 59129 4 4445 4 0
468 99684 4 4874 4 0
469 73369 4 21023 4 0
470 40278 4 22721 4 0
471 50276 4 1409 4 0
472 97170 4 58984 4 0
473 95336 4 424 4 0
474 71485 4 38753 4 0
475 27410 4 21016 4 0
476 19431 4 35859 4 0
477 78668 4 458 4 0
478 90310 4 31778 4 0
479 85635 4 35898 4 0
480 83718 4 83939 4 0
481 58194 4 92568 4 0
482 20297 4 65996 4 0
483 4874 4 24960 4 0
484 48033 4 74335 4 0
485 10729 4 90310 4 0
486 82875 4 45139 4 0
487 35898 4 61564 4 0
488 21023 4 18987 4 0
489 433 4 78858 4 0
490 13378 4 41660 4 0
491 434 4 78735 4 0
492 35859 4 10729 4 0
493 8510 3 51661 3 0
494 52801 3 92848 3 0
495 14288 3 85974 3 0
496 604 3 15570 3 0
497 45636 3 38210 3 0
498 608 3 546 3 0
499 57960 3 19077 3 0
500 10901 3 86791 3 0
501 611 3 50856 3 0
502 66223 3 535 3 0
503 613 3 34135 3 0
504 80072 3 562 3 0
505 86458 3 18648 3 0
506 21283 3 45636 3 0
507 24768 3 94755 3 0
508 45055 3 4898 3 0
509 76586 3 585 3 0
510 50051 3 2453 3 0
511 87474 3 513 3 0
512 48124 3 81251 3 0
513 577 3 12790 3 0
514 62536 3 22568 3 0
515 59934 3 41288 3 0
516 93495 3 99337 3 0
517 51661 3 27546 3 0
518 585 3 14050 3 0
519 38210 3 29468 3 0
520 54837 3 14288 3 0
521 18751 3 85987 3 0
522 12790 3 613 3 0
523 32343 3 43061 3 0
524 99337 3 604 3 0
525 12783 3 65296 3 0
526 595 3 10815 3 0
527 4192 3 24768 3 0
528 27546 3 48124 3 0
529 42551 3 34979 3 0
530 65820 3 57960 3 0
531 93071 3 84090 3 0
532 18648 3 65820 3 0
533 94755 3 12783 3 0
534 22568 3 16636 3 0
535 75666 3 533 3 0
536 16633 3 7763 3 0
537 5196 3 16633 3 0
538 23706 3 595 3 0
539 93727 3 518 3 0
540 2453 3 93071 3 0
541 29468 3 42551 3 0
542 16636 3 35573 3 0
543 90134 3 21197 3 0
544 12751 3 11687 3 0
545 15570 3 84926 3 0
546 71692 3 45232 3 0
547 79714 3 90839 3 0
548 14050 3 608 3 0
549 84926 3 9103 3 0
550 94845 3 4192 3 0
551 78007 3 92829 3 0
552 51540 3 45055 3 0
553 75397 3 94845 3 0
554 7763 3 62536 3 0
555 19077 3 564 3 0
556 43061 3 517 3 0
557 65296 3 27257 3 0
558 11687 3 51953 3 0
559 66938 3 74486 3 0
560 45232 3 75666 3 0
561 61414 3 611 3 0
562 90571 3 76586 3 0
563 73055 3 8510 3 0
564 9103 3 64227 3 0
565 66556 3 36664 3 0
566 35573 3 540 3 0
567 81251 3 25390 3 0
568 90839 3 90134 3 0
569 32728 3 90571 3 0
570 21197 3 27023 3 0
571 34979 3 67765 3 0
572 92829 3 555 3 0
573 85987 3 70649 3 0
574 50856 3 18751 3 0
575 67765 3 509 3 0
576 36664 3 71692 3 0
577 73522 3 32343 3 0
578 73624 3 80072 3 0
579 85713 3 515 3 0
580 533 3 94045 3 0
581 518 3 79714 3 0
582 535 3 87474 3 0
583 70649 3 75397 3 0
584 92848 3 51540 3 0
585 540 3 66556 3 0
586 10815 3 85713 3 0
587 86791 3 66223 3 0
588 77758 3 78007 3 0
589 83368 3 23706 3 0
590 517 3 73624 3 0
591 515 3 73055 3 0
592 513 3 553 3 0
593 41288 3 33000 3 0
594 27023 3 86458 3 0
595 509 3 61414 3 0
596 27257 3 44008 3 0
597 25390 3 73522 3 0
598 496 3 66938 3 0
599 85974 3 54837 3 0
600 4898 3 50051 3 0
601 74486 3 32728 3 0
602 33000 3 10901 3 0
603 44008 3 496 3 0
604 9285 3 21283 3 0
605 562 3 59934 3 0
606 94045 3 52801 3 0
607 553 3 577 3 0
608 7437 3 12983 3 0
609 12983 3 77758 3 0
610 34135 3 7437 3 0
611 51953 3 5196 3 0
612 564 3 12751 3 0
613 64227 3 93727 3 0
614 546 3 83368 3 0
615 84090 3 93495 3 0
616 555 3 9285 3 0
617 40445 2 34925 2 0
618 14693 2 54306 2 0
619 53422 2 67543 2 0
620 62442 2 28468 2 0
621 64863 2 74219 2 0
622 28658 2 35318 2 0
623 65030 2 42530 2 0
624 36534 2 4939 2 0
625 8284 2 82113 2 0
626 21025 2 95379 2 0
627 23676 2 39550 2 0
628 40733 2 34327 2 0
629 21118 2 65633 2 0
630 22943 2 92612 2 0
631 810 2 26217 2 0
632 74171 2 38818 2 0
633 28972 2 92677 2 0
634 35318 2 55296 2 0
635 64773 2 57469 2 0
636 87039 2 43237 2 0
637 43166 2 14751 2 0
638 45364 2 83206 2 0
639 23464 2 52870 2 0
640 30649 2 81262 2 0
641 70113 2 23795 2 0
642 79467 2 711 2 0
643 83501 2 90650 2 0
644 27819 2 657 2 0
645 89169 2 60356 2 0
646 17531 2 11636 2 0
647 74124 2 4131 2 0
648 52651 2 89645 2 0
649 76213 2 32048 2 0
650 15241 2 76411 2 0
651 2694 2 21118 2 0
652 15967 2 641 2 0
653 51843 2 52562 2 0
654 22551 2 33647 2 0
655 92612 2 36098 2 0
656 43237 2 865 2 0
657 36571 2 81768 2 0
658 70233 2 64863 2 0
659 848 2 28457 2 0
660 91070 2 47337 2 0
661 819 2 59713 2 0
662 16987 2 19252 2 0
663 39839 2 28658 2 0
664 74219 2 848 2 0
665 33647 2 95176 2 0
666 79515 2 12582 2 0
667 838 2 30771 2 0
668 56180 2 1539 2 0
669 834 2 51843 2 0
670 73598 2 22860 2 0
671 82242 2 68833 2 0
672 17611 2 79515 2 0
673 42189 2 54775 2 0
674 34327 2 810 2 0
675 18312 2 40445 2 0
676 25084 2 2059 2 0
677 55296 2 33262 2 0
678 12076 2 719 2 0
679 53023 2 15241 2 0
680 52713 2 15883 2 0
681 20209 2 698 2 0
682 14655 2 5732 2 0
683 27886 2 78727 2 0
684 8178 2 91070 2 0
685 82980 2 50848 2 0
686 22860 2 21504 2 0
687 52870 2 27819 2 0
688 40435 2 90416 2 0
689 46357 2 861 2 0
690 865 2 46103 2 0
691 27911 2 76720 2 0
692 54925 2 22551 2 0
693 20251 2 52651 2 0
694 818 2 53023 2 0
695 861 2 36269 2 0
696 858 2 26084 2 0
697 14952 2 36863 2 0
698 55879 2 71565 2 0
699 38818 2 51362 2 0
700 97104 2 53422 2 0
701 60356 2 36891 2 0
702 63977 2 74124 2 0
703 38699 2 97104 2 0
704 36891 2 70233 2 0
705 76411 2 818 2 0
706 47337 2 38743 2 0
707 42768 2 2036 2 0
708 21275 2 65332 2 0
709 42530 2 74848 2 0
710 65332 2 642 2 0
711 4939 2 724 2 0
712 93919 2 53747 2 0
713 28700 2 748 2 0
714 49508 2 23464 2 0
715 79097 2 2694 2 0
716 30851 2 697 2 0
717 36269 2 92502 2 0
718 40477 2 7320 2 0
719 38861 2 42768 2 0
720 54775 2 74295 2 0
721 28457 2 75731 2 0
722 23063 2 92310 2 0
723 82113 2 473 2 0
724 65633 2 49967 2 0
725 36382 2 8153 2 0
726 92310 2 64773 2 0
727 67543 2 4156 2 0
728 60671 2 38236 2 0
729 33262 2 69066 2 0
730 72001 2 70554 2 0
731 51659 2 16651 2 0
732 1965 2 55686 2 0
733 70554 2 715 2 0
734 47703 2 36534 2 0
735 80124 2 42189 2 0
736 18066 2 36571 2 0
737 38743 2 22943 2 0
738 28468 2 30851 2 0
739 77592 2 53147 2 0
740 5014 2 38861 2 0
741 2036 2 43166 2 0
742 2059 2 76818 2 0
743 30986 2 21275 2 0
744 36863 2 28335 2 0
745 76818 2 17902 2 0
746 75731 2 30649 2 0
747 46103 2 65030 2 0
748 30727 2 89386 2 0
749 30725 2 39839 2 0
750 17902 2 9761 2 0
751 91726 2 54925 2 0
752 92502 2 819 2 0
753 1539 2 68325 2 0
754 15128 2 770 2 0
755 55686 2 30725 2 0
756 35039 2 31867 2 0
757 53147 2 695 2 0
758 36098 2 5014 2 0
759 39550 2 89169 2 0
760 89645 2 27911 2 0
761 8153 2 40477 2 0
762 60579 2 40733 2 0
763 30690 2 74171 2 0
764 17037 2 16958 2 0
765 89386 2 16987 2 0
766 52562 2 12519 2 0
767 51362 2 636 2 0
768 95176 2 26060 2 0
769 51474 2 1494 2 0
770 83206 2 28519 2 0
771 1494 2 63977 2 0
772 95379 2 83501 2 0
773 10482 2 30727 2 0
774 79368 2 81067 2 0
775 12519 2 60579 2 0
776 5732 2 41040 2 0
777 14751 2 38699 2 0
778 28335 2 776 2 0
779 28519 2 676 2 0
780 53747 2 93919 2 0
781 23795 2 82980 2 0
782 42442 2 685 2 0
783 76720 2 79467 2 0
784 30771 2 14952 2 0
785 11636 2 30742 2 0
786 15883 2 43331 2 0
787 76760 2 18312 2 0
788 98008 2 838 2 0
789 12582 2 624 2 0
790 30742 2 21025 2 0
791 74042 2 55879 2 0
792 21504 2 23063 2 0
793 7320 2 46776 2 0
794 628 2 10482 2 0
795 711 2 20209 2 0
796 43331 2 15967 2 0
797 71502 2 52713 2 0
798 63071 2 51659 2 0
799 715 2 25084 2 0
800 755 2 49508 2 0
801 69066 2 15128 2 0
802 657 2 79368 2 0
803 4131 2 57650 2 0
804 59713 2 60671 2 0
805 636 2 30690 2 0
806 473 2 87039 2 0
807 74848 2 70113 2 0
808 46776 2 79097 2 0
809 54448 2 14655 2 0
810 13567 2 76760 2 0
811 641 2 755 2 0
812 4156 2 80124 2 0
813 71087 2 684 2 0
814 26084 2 19579 2 0
815 90650 2 56180 2 0
816 618 2 14693 2 0
817 31867 2 63071 2 0
818 57469 2 858 2 0
819 92677 2 98008 2 0
820 34925 2 630 2 0
821 41040 2 74042 2 0
822 676 2 6922 2 0
823 630 2 678 2 0
824 81768 2 17037 2 0
825 32048 2 27886 2 0
826 19252 2 20251 2 0
827 49967 2 37447 2 0
828 678 2 40435 2 0
829 57650 2 82242 2 0
830 16651 2 37738 2 0
831 68833 2 75503 2 0
832 37447 2 71502 2 0
833 748 2 71087 2 0
834 74295 2 12076 2 0
835 81262 2 628 2 0
836 776 2 91726 2 0
837 26060 2 17531 2 0
838 685 2 96008 2 0
839 38236 2 54448 2 0
840 68998 2 77592 2 0
841 724 2 30986 2 0
842 19579 2 834 2 0
843 698 2 35039 2 0
844 68325 2 28700 2 0
845 78727 2 45364 2 0
846 81523 2 618 2 0
847 54306 2 76213 2 0
848 81067 2 18066 2 0
849 786 2 81523 2 0
850 697 2 17611 2 0
851 695 2 51474 2 0
852 719 2 46357 2 0
853 90416 2 13567 2 0
854 624 2 62442 2 0
855 50848 2 81031 2 0
856 71565 2 8178 2 0
857 642 2 28972 2 0
858 9761 2 23676 2 0
859 96008 2 786 2 0
860 6922 2 72001 2 0
861 26217 2 42442 2 0
862 37738 2 68998 2 0
863 684 2 73598 2 0
864 16958 2 1965 2 0
865 81031 2 47703 2 0
866 770 2 36382 2 0
867 75503 2 8284 2 0
868 79209 1 68503 1 0
869 3962 1 89784 1 0
870 12003 1 1304 1 0
871 90285 1 12098 1 0
872 97057 1 1433 1 0
873 48985 1 76617 1 0
874 52055 1 61370 1 0
875 94326 1 36700 1 0
876 45989 1 20879 1 0
877 64354 1 1024 1 0
878 66339 1 37963 1 0
879 42690 1 7811 1 0
880 9777 1 1106 1 0
881 1840 1 8865 1 0
882 48976 1 44553 1 0
883 14680 1 74811 1 0
884 1792 1 60556 1 0
885 10753 1 42224 1 0
886 1790 1 28833 1 0
887 77679 1 51906 1 0
888 15910 1 73750 1 0
889 1784 1 32869 1 0
890 30055 1 5110 1 0
891 53427 1 91090 1 0
892 59635 1 85595 1 0
893 85786 1 53480 1 0
894 92079 1 1614 1 0
895 79199 1 29367 1 0
896 91093 1 8979 1 0
897 94273 1 63492 1 0
898 20324 1 96660 1 0
899 91090 1 52839 1 0
900 1764 1 91706 1 0
901 15938 1 44296 1 0
902 60556 1 90401 1 0
903 36504 1 79209 1 0
904 92053 1 14893 1 0
905 46910 1 10266 1 0
906 69703 1 82642 1 0
907 97043 1 75457 1 0
908 94305 1 1622 1 0
909 67656 1 10982 1 0
910 13707 1 94182 1 0
911 83236 1 85628 1 0
912 92051 1 61105 1 0
913 91100 1 1217 1 0
914 1801 1 76777 1 0
915 82339 1 17436 1 0
916 1799 1 9337 1 0
917 36523 1 14040 1 0
918 91099 1 18359 1 0
919 7487 1 90007 1 0
920 86749 1 94458 1 0
921 16536 1 1287 1 0
922 24155 1 31238 1 0
923 53309 1 79402 1 0
924 7021 1 81692 1 0
925 85628 1 55808 1 0
926 89555 1 25183 1 0
927 36374 1 3591 1 0
928 30140 1 94582 1 0
929 65388 1 39515 1 0
930 98294 1 62824 1 0
931 33260 1 33733 1 0
932 81551 1 89476 1 0
933 7010 1 91099 1 0
934 3999 1 37851 1 0
935 9798 1 36523 1 0
936 39234 1 55828 1 0
937 78373 1 7515 1 0
938 55959 1 881 1 0
939 55071 1 7904 1 0
940 85595 1 49822 1 0
941 22227 1 1743 1 0
942 69867 1 73040 1 0
943 71223 1 29006 1 0
944 82494 1 1531 1 0
945 27441 1 14384 1 0
946 2031 1 4242 1 0
947 5847 1 1376 1 0
948 14893 1 16874 1 0
949 25547 1 7562 1 0
950 57005 1 21245 1 0
951 14884 1 24749 1 0
952 83973 1 63358 1 0
953 34743 1 1242 1 0
954 94458 1 54692 1 0
955 99722 1 40738 1 0
956 84699 1 14130 1 0
957 61631 1 8075 1 0
958 54152 1 28499 1 0
959 3202 1 45989 1 0
960 81128 1 1203 1 0
961 48925 1 99787 1 0
962 28499 1 13005 1 0
963 63358 1 53040 1 0
964 78684 1 80400 1 0
965 15862 1 29909 1 0
966 13680 1 61967 1 0
967 43517 1 55819 1 0
968 95967 1 889 1 0
969 83996 1 1176 1 0
970 3974 1 49515 1 0
971 94345 1 24849 1 0
972 3210 1 28311 1 0
973 57455 1 37913 1 0
974 69735 1 64957 1 0
975 78690 1 67969 1 0
976 62824 1 1411 1 0
977 89627 1 51717 1 0
978 41817 1 1398 1 0
979 97122 1 91492 1 0
980 48875 1 59331 1 0
981 85663 1 1428 1 0
982 14817 1 55840 1 0
983 81139 1 1638 1 0
984 27351 1 57659 1 0
985 30975 1 28309 1 0
986 41822 1 40849 1 0
987 18125 1 43058 1 0
988 52076 1 32566 1 0
989 36420 1 27545 1 0
990 33210 1 97213 1 0
991 3172 1 4158 1 0
992 24223 1 74531 1 0
993 73370 1 74763 1 0
994 69777 1 75300 1 0
995 3174 1 46394 1 0
996 31002 1 39010 1 0
997 3906 1 34743 1 0
998 95912 1 957 1 0
999 16012 1 19267 1 0
1000 80397 1 87186 1 0
1001 34828 1 97554 1 0
1002 38901 1 42690 1 0
1003 49236 1 1472 1 0
1004 1552 1 33210 1 0
1005 57525 1 28025 1 0
1006 80400 1 10595 1 0
1007 36700 1 15910 1 0
1008 1546 1 1014 1 0
1009 1543 1 21452 1 0
1010 1542 1 15369 1 0
1011 62735 1 93958 1 0
1012 66374 1 44201 1 0
1013 75300 1 19089 1 0
1014 18359 1 76717 1 0
1015 1536 1 81376 1 0
1016 1535 1 1523 1 0
1017 61967 1 76564 1 0
1018 71567 1 33088 1 0
1019 61948 1 25547 1 0
1020 6165 1 30055 1 0
1021 1604 1 93847 1 0
1022 75271 1 69735 1 0
1023 15993 1 32039 1 0
1024 41320 1 54255 1 0
1025 1593 1 72430 1 0
1026 481 1 1247 1 0
1027 81034 1 92423 1 0
1028 28651 1 38901 1 0
1029 26191 1 21126 1 0
1030 3915 1 15944 1 0
1031 64170 1 1604 1 0
1032 22330 1 49614 1 0
1033 27035 1 87075 1 0
1034 79121 1 16218 1 0
1035 1563 1 1529 1 0
1036 3371 1 97935 1 0
1037 80433 1 62227 1 0
1038 91005 1 79121 1 0
1039 14477 1 25080 1 0
1040 89784 1 25958 1 0
1041 1497 1 8082 1 0
1042 32977 1 67429 1 0
1043 1493 1 70330 1 0
1044 98727 1 9157 1 0
1045 1491 1 44696 1 0
1046 13005 1 6639 1 0
1047 66378 1 58769 1 0
1048 77823 1 9549 1 0
1049 1479 1 70385 1 0
1050 80440 1 1671 1 0
1051 1477 1 81428 1 0
1052 64108 1 78115 1 0
1053 44696 1 94204 1 0
1054 1472 1 72372 1 0
1055 16448 1 26618 1 0
1056 92249 1 94232 1 0
1057 1523 1 70905 1 0
1058 82195 1 49643 1 0
1059 1532 1 37340 1 0
1060 1531 1 85355 1 0
1061 38888 1 1280 1 0
1062 1529 1 8598 1 0
1063 1528 1 3172 1 0
1064 76103 1 57134 1 0
1065 28675 1 55711 1 0
1066 44077 1 95095 1 0
1067 56924 1 82494 1 0
1068 31238 1 59635 1 0
1069 4396 1 7972 1 0
1070 64136 1 10893 1 0
1071 1516 1 3999 1 0
1072 1515 1 96504 1 0
1073 36723 1 30975 1 0
1074 1512 1 11810 1 0
1075 87435 1 25358 1 0
1076 49103 1 67402 1 0
1077 33088 1 75992 1 0
1078 74531 1 32554 1 0
1079 15944 1 78486 1 0
1080 46520 1 45152 1 0
1081 94232 1 71223 1 0
1082 28596 1 1277 1 0
1083 62780 1 6842 1 0
1084 76245 1 39933 1 0
1085 84037 1 81128 1 0
1086 12098 1 79199 1 0
1087 20282 1 78690 1 0
1088 47554 1 93552 1 0
1089 1697 1 3647 1 0
1090 73558 1 41320 1 0
1091 80310 1 88908 1 0
1092 33075 1 16166 1 0
1093 39010 1 8881 1 0
1094 64250 1 24885 1 0
1095 20272 1 97409 1 0
1096 35333 1 79447 1 0
1097 44877 1 28675 1 0
1098 1760 1 52076 1 0
1099 1759 1 12512 1 0
1100 44874 1 68543 1 0
1101 24370 1 1191 1 0
1102 51190 1 91870 1 0
1103 24377 1 35973 1 0
1104 1743 1 86563 1 0
1105 88347 1 95912 1 0
1106 28603 1 62780 1 0
1107 427 1 73121 1 0
1108 92101 1 1563 1 0
1109 40370 1 62735 1 0
1110 73527 1 50049 1 0
1111 92850 1 99080 1 0
1112 86735 1 481 1 0
1113 1727 1 46910 1 0
1114 37963 1 33594 1 0
1115 49165 1 65273 1 0
1116 1647 1 994 1 0
1117 56182 1 1394 1 0
1118 4840 1 82853 1 0
1119 9337 1 42320 1 0
1120 92156 1 17967 1 0
1121 94185 1 57525 1 0
1122 1638 1 12592 1 0
1123 94182 1 19688 1 0
1124 84531 1 89627 1 0
1125 25420 1 44810 1 0
1126 1630 1 58409 1 0
1127 67753 1 53102 1 0
1128 22316 1 1245 1 0
1129 1624 1 53427 1 0
1130 65544 1 19570 1 0
1131 1622 1 49142 1 0
1132 1614 1 15111 1 0
1133 1613 1 38833 1 0
1134 12181 1 11677 1 0
1135 21458 1 51698 1 0
1136 35307 1 15162 1 0
1137 53480 1 96763 1 0
1138 21452 1 81551 1 0
1139 64239 1 99122 1 0
1140 94204 1 16775 1 0
1141 1671 1 14405 1 0
1142 36619 1 6450 1 0
1143 38990 1 82948 1 0
1144 73585 1 96222 1 0
1145 47587 1 94326 1 0
1146 1663 1 1421 1 0
1147 1661 1 47846 1 0
1148 51906 1 31002 1 0
1149 98590 1 69416 1 0
1150 49142 1 77235 1 0
1151 44810 1 26283 1 0
1152 7515 1 76962 1 0
1153 36627 1 84266 1 0
1154 70435 1 90933 1 0
1155 53040 1 1479 1 0
1156 21126 1 94273 1 0
1157 15584 1 7276 1 0
1158 78486 1 38316 1 0
1159 54255 1 97790 1 0
1160 85239 1 3596 1 0
1161 57160 1 48976 1 0
1162 55587 1 23431 1 0
1163 19142 1 86749 1 0
1164 15580 1 1275 1 0
1165 37845 1 18530 1 0
1166 81428 1 68956 1 0
1167 37847 1 37917 1 0
1168 97409 1 64170 1 0
1169 68543 1 5847 1 0
1170 42297 1 56924 1 0
1171 70442 1 1218 1 0
1172 5186 1 69 1 0
1173 36008 1 62977 1 0
1174 5496 1 5097 1 0
1175 20862 1 6390 1 0
1176 93061 1 23187 1 0
1177 60915 1 73197 1 0
1178 19267 1 48026 1 0
1179 74811 1 96629 1 0
1180 45436 1 28409 1 0
1181 17776 1 1027 1 0
1182 23668 1 1647 1 0
1183 78578 1 6768 1 0
1184 39648 1 17145 1 0
1185 19272 1 87166 1 0
1186 25719 1 5752 1 0
1187 97790 1 51575 1 0
1188 50450 1 1156 1 0
1189 35973 1 84463 1 0
1190 34569 1 78160 1 0
1191 52682 1 83642 1 0
1192 76962 1 55715 1 0
1193 13334 1 22561 1 0
1194 15162 1 24042 1 0
1195 53102 1 39624 1 0
1196 64779 1 66649 1 0
1197 28251 1 23900 1 0
1198 48462 1 36374 1 0
1199 83044 1 24223 1 0
1200 82679 1 55130 1 0
1201 95173 1 1404 1 0
1202 90401 1 97203 1 0
1203 76850 1 81866 1 0
1204 45345 1 1107 1 0
1205 7138 1 61337 1 0
1206 43650 1 8503 1 0
1207 57134 1 953 1 0
1208 74763 1 48564 1 0
1209 68702 1 6865 1 0
1210 61337 1 1515 1 0
1211 4242 1 5127 1 0
1212 70485 1 427 1 0
1213 91706 1 947 1 0
1214 2894 1 1759 1 0
1215 61262 1 60915 1 0
1216 17826 1 78578 1 0
1217 50431 1 75271 1 0
1218 79447 1 37621 1 0
1219 42320 1 86735 1 0
1220 37851 1 35145 1 0
1221 74782 1 14884 1 0
1222 39624 1 3174 1 0
1223 5162 1 14404 1 0
1224 48010 1 82792 1 0
1225 77356 1 14817 1 0
1226 47938 1 66374 1 0
1227 5157 1 64239 1 0
1228 88908 1 1391 1 0
1229 15631 1 80310 1 0
1230 32244 1 57455 1 0
1231 89366 1 13887 1 0
1232 83786 1 84037 1 0
1233 4158 1 1239 1 0
1234 28011 1 29844 1 0
1235 42158 1 97122 1 0
1236 8881 1 21852 1 0
1237 30477 1 6165 1 0
1238 23431 1 98086 1 0
1239 61078 1 49444 1 0
1240 52839 1 28596 1 0
1241 66219 1 8561 1 0
1242 77114 1 53309 1 0
1243 81376 1 98727 1 0
1244 82853 1 48268 1 0
1245 91508 1 1661 1 0
1246 58769 1 64136 1 0
1247 8865 1 2031 1 0
1248 45536 1 24863 1 0
1249 5388 1 82679 1 0
1250 13385 1 73558 1 0
1251 74916 1 22759 1 0
1252 39933 1 56182 1 0
1253 59789 1 1448 1 0
1254 21014 1 89975 1 0
1255 13414 1 39511 1 0
1256 61020 1 96835 1 0
1257 83837 1 61631 1 0
1258 16684 1 43249 1 0
1259 72649 1 9467 1 0
1260 70330 1 963 1 0
1261 23484 1 38744 1 0
1262 97554 1 50404 1 0
1263 61105 1 6295 1 0
1264 45583 1 58406 1 0
1265 89204 1 43650 1 0
1266 21030 1 17826 1 0
1267 20987 1 7138 1 0
1268 52928 1 51141 1 0
1269 28025 1 40370 1 0
1270 91492 1 62417 1 0
1271 2655 1 69703 1 0
1272 48026 1 32302 1 0
1273 15537 1 53752 1 0
1274 33594 1 97343 1 0
1275 42224 1 49980 1 0
1276 55522 1 19982 1 0
1277 74939 1 72649 1 0
1278 69 1 57160 1 0
1279 67218 1 1801 1 0
1280 82792 1 37890 1 0
1281 7276 1 53867 1 0
1282 30539 1 1385 1 0
1283 20881 1 98294 1 0
1284 61178 1 1790 1 0
1285 20879 1 61178 1 0
1286 93069 1 74916 1 0
1287 59818 1 35333 1 0
1288 70407 1 64108 1 0
1289 95095 1 35307 1 0
1290 9012 1 1536 1 0
1291 29367 1 66339 1 0
1292 61125 1 89204 1 0
1293 42183 1 27488 1 0
1294 34593 1 37643 1 0
1295 77235 1 62947 1 0
1296 15369 1 1261 1 0
1297 33733 1 15039 1 0
1298 81330 1 66219 1 0
1299 82948 1 648 1 0
1300 64957 1 83505 1 0
1301 87075 1 1477 1 0
1302 97343 1 22330 1 0
1303 8979 1 28308 1 0
1304 91543 1 1528 1 0
1305 48256 1 22648 1 0
1306 70385 1 54015 1 0
1307 55501 1 7010 1 0
1308 50487 1 73585 1 0
1309 48268 1 36619 1 0
1310 55509 1 89944 1 0
1311 42478 1 1370 1 0
1312 21245 1 27351 1 0
1313 94582 1 20272 1 0
1314 72372 1 46138 1 0
1315 16775 1 8066 1 0
1316 54407 1 3858 1 0
1317 55808 1 24155 1 0
1318 17436 1 86619 1 0
1319 59028 1 14477 1 0
1320 5752 1 87486 1 0
1321 27563 1 1189 1 0
1322 99787 1 83428 1 0
1323 9833 1 79935 1 0
1324 27545 1 92850 1 0
1325 55819 1 62982 1 0
1326 32302 1 52682 1 0
1327 89476 1 73872 1 0
1328 10937 1 82615 1 0
1329 55828 1 28732 1 0
1330 72354 1 38716 1 0
1331 17967 1 1337 1 0
1332 15039 1 43414 1 0
1333 50719 1 42297 1 0
1334 23187 1 64091 1 0
1335 39440 1 12556 1 0
1336 28332 1 20282 1 0
1337 90368 1 73370 1 0
1338 50346 1 1408 1 0
1339 73121 1 15580 1 0
1340 98086 1 5157 1 0
1341 77491 1 84801 1 0
1342 32039 1 1059 1 0
1343 67429 1 66378 1 0
1344 55171 1 1532 1 0
1345 97261 1 23240 1 0
1346 62947 1 1165 1 0
1347 8561 1 61262 1 0
1348 55797 1 6658 1 0
1349 99800 1 51325 1 0
1350 68744 1 44331 1 0
1351 61572 1 21014 1 0
1352 46839 1 62925 1 0
1353 43913 1 1624 1 0
1354 8503 1 63750 1 0
1355 4035 1 4035 1 1
1356 97203 1 99800 1 0
1357 91868 1 90368 1 0
1358 34730 1 38436 1 0
1359 91870 1 94345 1 0
1360 16559 1 53636 1 0
1361 80029 1 13334 1 0
1362 92940 1 48925 1 0
1363 76564 1 34569 1 0
1364 69880 1 62649 1 0
1365 10893 1 9777 1 0
1366 28409 1 80029 1 0
1367 11810 1 77390 1 0
1368 58409 1 55501 1 0
1369 37979 1 55171 1 0
1370 58406 1 32244 1 0
1371 24042 1 43018 1 0
1372 7382 1 13414 1 0
1373 80005 1 70407 1 0
1374 45152 1 84531 1 0
1375 55840 1 38990 1 0
1376 87230 1 33260 1 0
1377 62925 1 40730 1 0
1378 76617 1 92156 1 0
1379 21269 1 1663 1 0
1380 20581 1 61572 1 0
1381 11677 1 30539 1 0
1382 73197 1 28011 1 0
1383 9157 1 79876 1 0
1384 58438 1 25719 1 0
1385 97213 1 46520 1 0
1386 98183 1 1491 1 0
1387 55130 1 5162 1 0
1388 76285 1 84303 1 0
1389 27488 1 3576 1 0
1390 39515 1 35079 1 0
1391 79876 1 80433 1 0
1392 91732 1 7487 1 0
1393 87166 1 1197 1 0
1394 15111 1 5496 1 0
1395 72430 1 13533 1 0
1396 37643 1 16559 1 0
1397 82642 1 43214 1 0
1398 55711 1 51075 1 0
1399 8637 1 34730 1 0
1400 23240 1 71567 1 0
1401 62982 1 3915 1 0
1402 55715 1 74057 1 0
1403 39511 1 1326 1 0
1404 37890 1 27035 1 0
1405 55717 1 16684 1 0
1406 63225 1 10283 1 0
1407 76777 1 54152 1 0
1408 73040 1 70442 1 0
1409 79402 1 36008 1 0
1410 39548 1 1141 1 0
1411 94713 1 1257 1 0
1412 36088 1 57005 1 0
1413 97935 1 7021 1 0
1414 77390 1 64354 1 0
1415 50404 1 54780 1 0
1416 15658 1 38888 1 0
1417 61355 1 83996 1 0
1418 25926 1 9659 1 0
1419 34551 1 14423 1 0
1420 11615 1 44435 1 0
1421 48510 1 24941 1 0
1422 5127 1 1276 1 0
1423 85355 1 64250 1 0
1424 42379 1 15862 1 0
1425 32261 1 3906 1 0
1426 13533 1 55522 1 0
1427 171 1 4396 1 0
1428 61370 1 954 1 0
1429 84801 1 90176 1 0
1430 33403 1 20862 1 0
1431 65273 1 80691 1 0
1432 36166 1 95173 1 0
1433 96222 1 19142 1 0
1434 23921 1 68702 1 0
1435 15696 1 7814 1 0
1436 67402 1 1497 1 0
1437 8598 1 86588 1 0
1438 5097 1 89555 1 0
1439 10982 1 34593 1 0
1440 79935 1 13956 1 0
1441 76717 1 1799 1 0
1442 47846 1 12940 1 0
1443 28324 1 42158 1 0
1444 73099 1 50346 1 0
1445 37913 1 70435 1 0
1446 37621 1 26191 1 0
1447 37917 1 171 1 0
1448 19089 1 16012 1 0
1449 95214 1 33403 1 0
1450 8630 1 1552 1 0
1451 27660 1 24377 1 0
1452 62977 1 10937 1 0
1453 5110 1 91100 1 0
1454 48564 1 61078 1 0
1455 61406 1 70485 1 0
1456 25958 1 44877 1 0
1457 23900 1 44568 1 0
1458 5100 1 62181 1 0
1459 60701 1 21269 1 0
1460 87186 1 17776 1 0
1461 28308 1 12181 1 0
1462 50703 1 59028 1 0
1463 28309 1 7890 1 0
1464 82615 1 12608 1 0
1465 84804 1 90080 1 0
1466 28311 1 1784 1 0
1467 68503 1 34865 1 0
1468 1156 1 1840 1 0
1469 73872 1 43913 1 0
1470 12940 1 91732 1 0
1471 90933 1 37246 1 0
1472 648 1 47300 1 0
1473 26508 1 91005 1 0
1474 6639 1 15696 1 0
1475 32869 1 47587 1 0
1476 24849 1 97057 1 0
1477 70860 1 44874 1 0
1478 889 1 5100 1 0
1479 1304 1 37845 1 0
1480 49955 1 18125 1 0
1481 37340 1 74237 1 0
1482 38716 1 16420 1 0
1483 1001 1 2655 1 0
1484 1306 1 47174 1 0
1485 1308 1 27563 1 0
1486 44584 1 34551 1 0
1487 81914 1 80531 1 0
1488 53867 1 24370 1 0
1489 884 1 75437 1 0
1490 14040 1 38552 1 0
1491 3858 1 8630 1 0
1492 1152 1 19993 1 0
1493 62181 1 33075 1 0
1494 32566 1 37847 1 0
1495 1275 1 59789 1 0
1496 1276 1 74782 1 0
1497 1277 1 77356 1 0
1498 44568 1 76037 1 0
1499 35145 1 82339 1 0
1500 1280 1 67218 1 0
1501 43214 1 39234 1 0
1502 84266 1 70860 1 0
1503 6376 1 28715 1 0
1504 68127 1 44454 1 0
1505 881 1 3210 1 0
1506 1287 1 976 1 0
1507 24749 1 1792 1 0
1508 59331 1 36723 1 0
1509 994 1 40765 1 0
1510 93958 1 22227 1 0
1511 1292 1 37979 1 0
1512 95757 1 25420 1 0
1513 40738 1 94185 1 0
1514 51141 1 9012 1 0
1515 49444 1 61948 1 0
1516 90007 1 72354 1 0
1517 24866 1 13680 1 0
1518 1018 1 85786 1 0
1519 86619 1 664 1 0
1520 81692 1 50450 1 0
1521 38744 1 66664 1 0
1522 78115 1 76285 1 0
1523 1337 1 31525 1 0
1524 24863 1 98590 1 0
1525 1139 1 85663 1 0
1526 86588 1 14680 1 0
1527 57659 1 949 1 0
1528 34865 1 80005 1 0
1529 1141 1 36166 1 0
1530 66649 1 1152 1 0
1531 1024 1 93061 1 0
1532 99122 1 92249 1 0
1533 38316 1 1087 1 0
1534 16420 1 16448 1 0
1535 54015 1 36951 1 0
1536 53636 1 16063 1 0
1537 87486 1 47938 1 0
1538 53752 1 63949 1 0
1539 29909 1 30140 1 0
1540 37246 1 6376 1 0
1541 54823 1 884 1 0
1542 18646 1 1543 1 0
1543 38410 1 15584 1 0
1544 25080 1 89996 1 0
1545 4710 1 9798 1 0
1546 18480 1 48875 1 0
1547 22648 1 1352 1 0
1548 86563 1 91093 1 0
1549 1148 1 95967 1 0
1550 3576 1 672 1 0
1551 89944 1 36420 1 0
1552 14130 1 80397 1 0
1553 1165 1 41817 1 0
1554 1006 1 1148 1 0
1555 75437 1 77823 1 0
1556 63699 1 28651 1 0
1557 17145 1 21458 1 0
1558 3647 1 59359 1 0
1559 66537 1 81745 1 0
1560 1326 1 28332 1 0
1561 1014 1 1630 1 0
1562 6652 1 39548 1 0
1563 26283 1 28251 1 0
1564 80531 1 23484 1 0
1565 28833 1 39648 1 0
1566 36938 1 1236 1 0
1567 22561 1 38258 1 0
1568 53702 1 42379 1 0
1569 62227 1 41822 1 0
1570 75648 1 15658 1 0
1571 957 1 51407 1 0
1572 1197 1 1447 1 0
1573 87762 1 52928 1 0
1574 3845 1 81330 1 0
1575 63750 1 48985 1 0
1576 7972 1 17019 1 0
1577 32554 1 62127 1 0
1578 1227 1 45583 1 0
1579 17019 1 1516 1 0
1580 51557 1 67656 1 0
1581 83428 1 1512 1 0
1582 7814 1 48010 1 0
1583 1191 1 50431 1 0
1584 19993 1 49103 1 0
1585 963 1 36627 1 0
1586 83505 1 76245 1 0
1587 1189 1 1377 1 0
1588 967 1 87435 1 0
1589 49515 1 45436 1 0
1590 90176 1 58438 1 0
1591 1207 1 92101 1 0
1592 953 1 5186 1 0
1593 7811 1 32977 1 0
1594 949 1 91543 1 0
1595 9659 1 49236 1 0
1596 69348 1 61125 1 0
1597 947 1 3202 1 0
1598 54780 1 12987 1 0
1599 59359 1 1493 1 0
1600 1203 1 28324 1 0
1601 16166 1 1697 1 0
1602 62417 1 1535 1 0
1603 67963 1 1306 1 0
1604 19982 1 21547 1 0
1605 62649 1 28603 1 0
1606 67969 1 1272 1 0
1607 18530 1 6652 1 0
1608 1217 1 22316 1 0
1609 10223 1 92470 1 0
1610 1218 1 43517 1 0
1611 51325 1 76850 1 0
1612 954 1 84699 1 0
1613 6390 1 23668 1 0
1614 51575 1 40499 1 0
1615 44201 1 52055 1 0
1616 6768 1 92079 1 0
1617 979 1 55071 1 0
1618 70905 1 975 1 0
1619 6450 1 1460 1 0
1620 81745 1 1227 1 0
1621 96763 1 54874 1 0
1622 92423 1 1269 1 0
1623 38436 1 1108 1 0
1624 1257 1 65932 1 0
1625 44553 1 95757 1 0
1626 81866 1 83786 1 0
1627 40730 1 73099 1 0
1628 1261 1 13707 1 0
1629 9467 1 99722 1 0
1630 32852 1 61355 1 0
1631 1265 1 1308 1 0
1632 44331 1 60701 1 0
1633 1269 1 15537 1 0
1634 10266 1 49165 1 0
1635 96629 1 93069 1 0
1636 1272 1 45536 1 0
1637 43058 1 47554 1 0
1638 75457 1 24866 1 0
1639 1236 1 23921 1 0
1640 36951 1 15631 1 0
1641 63949 1 979 1 0
1642 1239 1 42478 1 0
1643 12512 1 1613 1 0
1644 54692 1 32852 1 0
1645 47300 1 1001 1 0
1646 1242 1 65388 1 0
1647 1176 1 48510 1 0
1648 43199 1 20881 1 0
1649 69416 1 94305 1 0
1650 972 1 76103 1 0
1651 47174 1 48256 1 0
1652 1245 1 1593 1 0
1653 974 1 38410 1 0
1654 43018 1 55717 1 0
1655 29844 1 4840 1 0
1656 1247 1 1727 1 0
1657 919 1 32261 1 0
1658 1249 1 1292 1 0
1659 975 1 54407 1 0
1660 976 1 73527 1 0
1661 8082 1 10753 1 0
1662 8075 1 67753 1 0
1663 92627 1 13881 1 0
1664 19570 1 5388 1 0
1665 1408 1 25108 1 0
1666 28732 1 69348 1 0
1667 1411 1 26508 1 0
1668 21547 1 36938 1 0
1669 1053 1 65544 1 0
1670 93650 1 92490 1 0
1671 74057 1 21030 1 0
1672 1055 1 34324 1 0
1673 1106 1 90285 1 0
1674 49643 1 55797 1 0
1675 84311 1 51190 1 0
1676 44454 1 54823 1 0
1677 99304 1 89366 1 0
1678 43414 1 77491 1 0
1679 12608 1 31502 1 0
1680 13881 1 19272 1 0
1681 1421 1 1006 1 0
1682 31525 1 15993 1 0
1683 12987 1 61020 1 0
1684 49980 1 66537 1 0
1685 63492 1 83973 1 0
1686 96835 1 20324 1 0
1687 21687 1 69867 1 0
1688 19571 1 84291 1 0
1689 38258 1 50487 1 0
1690 1394 1 3974 1 0
1691 14404 1 92051 1 0
1692 14405 1 972 1 0
1693 34324 1 44077 1 0
1694 40765 1 91508 1 0
1695 1398 1 42183 1 0
1696 672 1 1542 1 0
1697 14423 1 43199 1 0
1698 29006 1 1355 1 0
1699 24941 1 27660 1 0
1700 51698 1 16536 1 0
1701 51407 1 50703 1 0
1702 74237 1 88347 1 0
1703 1108 1 974 1 0
1704 51075 1 77114 1 0
1705 6295 1 81139 1 0
1706 46394 1 44584 1 0
1707 1404 1 55959 1 0
1708 664 1 45345 1 0
1709 1087 1 63225 1 0
1710 46138 1 55509 1 0
1711 84303 1 10223 1 0
1712 32949 1 74939 1 0
1713 13887 1 967 1 0
1714 73750 1 95214 1 0
1715 1454 1 21687 1 0
1716 64091 1 83837 1 0
1717 89975 1 69777 1 0
1718 38833 1 9833 1 0
1719 16218 1 3962 1 0
1720 53906 1 3371 1 0
1721 87631 1 30477 1 0
1722 80691 1 39440 1 0
1723 1460 1 18646 1 0
1724 54874 1 1055 1 0
1725 84463 1 84804 1 0
1726 38552 1 86296 1 0
1727 99080 1 92940 1 0
1728 12592 1 12003 1 0
1729 44435 1 34828 1 0
1730 86296 1 32949 1 0
1731 66425 1 81914 1 0
1732 10595 1 87762 1 0
1733 6865 1 13385 1 0
1734 51717 1 1454 1 0
1735 16063 1 1139 1 0
1736 1428 1 51557 1 0
1737 1059 1 49955 1 0
1738 7890 1 56571 1 0
1739 1433 1 50719 1 0
1740 92470 1 18480 1 0
1741 31502 1 87230 1 0
1742 78160 1 78684 1 0
1743 84291 1 77679 1 0
1744 1107 1 8637 1 0
1745 7562 1 68744 1 0
1746 40499 1 1760 1 0
1747 16874 1 92053 1 0
1748 76037 1 1378 1 0
1749 28715 1 97043 1 0
1750 96660 1 3845 1 0
1751 1447 1 64779 1 0
1752 92490 1 36504 1 0
1753 49614 1 1265 1 0
1754 1448 1 2894 1 0
1755 1377 1 55587 1 0
1756 10283 1 53906 1 0
1757 25108 1 1207 1 0
1758 7904 1 99304 1 0
1759 1370 1 46839 1 0
1760 65932 1 69880 1 0
1761 22759 1 15938 1 0
1762 50049 1 86319 1 0
1763 12556 1 78373 1 0
1764 1376 1 98183 1 0
1765 14384 1 84311 1 0
1766 25264 1 83236 1 0
1767 1378 1 4710 1 0
1768 13956 1 81034 1 0
1769 34416 1 87631 1 0
1770 83642 1 1764 1 0
1771 93847 1 25264 1 0
1772 9549 1 82195 1 0
1773 68956 1 1249 1 0
1774 1385 1 1546 1 0
1775 40849 1 48462 1 0
1776 1352 1 20581 1 0
1777 21852 1 919 1 0
1778 6658 1 94713 1 0
1779 25358 1 11615 1 0
1780 1355 1 92627 1 0
1781 1027 1 66425 1 0
1782 89996 1 20987 1 0
1783 96504 1 1018 1 0
1784 26618 1 80440 1 0
1785 35079 1 93650 1 0
1786 6842 1 71615 1 0
1787 62127 1 19571 1 0
1788 44296 1 83044 1 0
1789 3591 1 91868 1 0
1790 56571 1 97261 1 0
1791 25183 1 7382 1 0
1792 71615 1 68127 1 0
1793 19688 1 67963 1 0
1794 49822 1 59818 1 0
1795 1391 1 1053 1 0
1796 66664 1 53702 1 0
1797 75992 1 75648 1 0
1798 43249 1 36088 1 0
1799 8066 1 27441 1 0
1800 93552 1 61406 1 0
1801 24885 1 85239 1 0
1802 3596 1 63699 1 0
1803 86319 1 25926 1 0
1804 90080 1 34416 1 0
1805 66980 0 4294967295 0 0
1806 66941 0 4294967295 0 0
1807 66551 0 4294967295 0 0
1808 66940 0 4294967295 0 0
1809 66430 0 4294967295 0 0
1810 66437 0 4294967295 0 0
1811 66949 0 4294967295 0 0
1812 66955 0 4294967295 0 0
1813 66270 0 4294967295 0 0
1814 66255 0 4294967295 0 0
1815 66540 0 4294967295 0 0
1816 66981 0 4294967295 0 0
1817 66948 0 4294967295 0 0
1818 66967 0 4294967295 0 0
1819 66550 0 4294967295 0 0
1820 66256 0 4294967295 0 0
1821 66544 0 4294967295 0 0
1822 66432 0 4294967295 0 0
1823 66257 0 4294967295 0 0
1824 66526 0 4294967295 0 0
1825 66271 0 4294967295 0 0
1826 66535 0 4294967295 0 0
1827 66272 0 4294967295 0 0
1828 66527 0 4294967295 0 0
1829 66979 0 4294967295 0 0
1830 66258 0 4294967295 0 0
1831 66978 0 4294967295 0 0
1832 66444 0 4294967295 0 0
1833 66539 0 4294967295 0 0
1834 66264 0 4294967295 0 0
1835 66283 0 4294967295 0 0
1836 66269 0 4294967295 0 0
1837 66965 0 4294967295 0 0
1838 66966 0 4294967295 0 0
1839 66426 0 4294967295 0 0
1840 66986 0 4294967295 0 0
1841 66265 0 4294967295 0 0
1842 66936 0 4294967295 0 0
1843 66956 0 4294967295 0 0
1844 66554 0 4294967295 0 0
1845 66431 0 4294967295 0 0
1846 66947 0 4294967295 0 0
1847 66987 0 4294967295 0 0
1848 66988 0 4294967295 0 0
1849 66436 0 4294967295 0 0
1850 66429 0 4294967295 0 0
1851 66277 0 4294967295 0 0
1852 66541 0 4294967295 0 0
1853 66937 0 4294967295 0 0
1854 66957 0 4294967295 0 0
1855 66543 0 4294967295 0 0
1856 66542 0 4294967295 0 0
1857 66282 0 4294967295 0 0
1858 66553 0 4294967295 0 0
1859 66985 0 4294967295 0 0
1860 66984 0 4294967295 0 0
1861 66278 0 4294967295 0 0
1862 66939 0 4294967295 0 0
1863 66281 0 4294967295 0 0
1864 66552 0 4294967295 0 0
1865 66528 0 4294967295 0 0
1866 66983 0 4294967295 0 0
1867 66982 0 4294967295 0 0
1868 66953 0 4294967295 0 0
1869 66439 0 4294967295 0 0
1870 66440 0 4294967295 0 0
1871 66962 0 4294967295 0 0
1872 66968 0 4294967295 0 0
1873 66266 0 4294967295 0 0
1874 66952 0 4294967295 0 0
1875 66532 0 4294967295 0 0
1876 66961 0 4294967295 0 0
1877 66427 0 4294967295 0 0
1878 66547 0 4294967295 0 0
1879 66533 0 4294967295 0 0
1880 66973 0 4294967295 0 0
1881 66276 0 4294967295 0 0
1882 66960 0 4294967295 0 0
1883 66546 0 4294967295 0 0
1884 66974 0 4294967295 0 0
1885 66441 0 4294967295 0 0
1886 66549 0 4294967295 0 0
1887 66963 0 4294967295 0 0
1888 66972 0 4294967295 0 0
1889 66971 0 4294967295 0 0
1890 66970 0 4294967295 0 0
1891 66951 0 4294967295 0 0
1892 66969 0 4294967295 0 0
1893 66530 0 4294967295 0 0
1894 66261 0 4294967295 0 0
1895 66438 0 4294967295 0 0
1896 66548 0 4294967295 0 0
1897 66964 0 4294967295 0 0
1898 66531 0 4294967295 0 0
1899 66428 0 4294967295 0 0
1900 66267 0 4294967295 0 0
1901 66274 0 4294967295 0 0
1902 66279 0 4294967295 0 0
1903 66259 0 4294967295 0 0
1904 66944 0 4294967295 0 0
1905 66958 0 4294967295 0 0
