20408353
20811452
20943356
20343121
20570719
21204343
21874352
20090483
21362233
21281152
33351684
32796760
32881440
33219392
32765115
79794512
79252691
79333106
78694172
79337403
121812841
120600071
121145354
120407478
122154368
150269190
139821918
152100245
156664677
152771369
152370379
145775870
149417662
146542331
143105437
175097397
166366543
170694586
179908713
163448324
162246173
160571877
160685871
161402868
160728503
165544401
175668986
166521949
169873294
173308849
152451300
150933290
149960029
148250001
151151189
