16116053
15921276
15980446
15557843
15676977
17317190
17340571
16605370
17337961
16713717
30925450
33305516
32764271
29104149
30804297
79538355
85226103
86440374
86267158
86118533
133879953
134171078
135508576
134048871
135100855
141036135
150697697
147966881
147785087
148286311
159418944
157932467
149215647
158378915
158060475
159986749
161823331
162217185
164715607
165615619
165498557
166018611
160083073
157950162
161832261
167432002
169895229
166305409
166809834
165251188
148012981
142402213
151891298
148977938
152365969
