37106669
36799413
35067574
37376920
35877294
33858423
35274387
37075492
35479160
34771693
40745599
40487820
38321742
39997897
40028987
444539280
445488206
448553427
452170939
445109240
974112668
953126267
977571286
929638186
971655327
1520027440
1499226767
1516252076
1535034962
1493715441
1909723479
1893746078
1872219254
1909047335
1883623984
2034726087
2089749096
2108496311
1955071905
2087184286
2163642011
2148428134
2074038834
2164879911
2144225285
2181800653
2180112264
2184765511
2156504934
2178045507
2144119276
2162724577
2177318667
2172641954
2186710493
