10110723
10176165
10150654
10139372
10257869
11941214
10986546
12369702
12451333
12267091
23614036
23069824
23794282
22858537
22906705
80397800
81296127
81152894
83129830
79039503
137166715
139659208
138160019
138792342
135281833
127548131
135137770
135952877
133106774
132039634
165860428
167929025
160416115
158623966
167801158
149882354
156877757
151336145
153918631
148045243
175977825
179015205
176845713
176253120
169802948
179093335
193038760
180809104
180417964
172994078
173064748
173698648
177531206
172752478
167017534
