291743614
289725648
291909111
290940274
289538491
318263893
315658323
317119716
313879114
309644152
559477030
565220371
544405630
537246138
551853648
1386116465
1377092267
1359032069
1374433616
1353746322
2016099740
2026339771
2020302644
1988801090
2008443132
2222454947
2282115738
2265230166
2280779859
2236967369
2329733433
2307183557
2298845764
2073350547
2305940260
2161888159
2300701477
2274661589
2198263415
2223396283
2203755846
2079227934
2154533627
2227250773
2228628918
2066908649
2150118761
2189091837
2208401861
2103383199
2137664457
2113616916
2173691372
2204430281
2132200726
