193170757
193562267
193026224
193281342
194707849
215829891
221189140
222979887
218774870
211403063
477858063
467126779
479085461
466938993
461829035
1443941797
1406886051
1438460405
1438451694
1432969270
2075851169
2017385476
2087602816
2072491354
1911566862
2291227265
2244973366
2290143365
2258694127
2209784255
2222438925
2300478034
2223088746
2294555039
2265389370
2169929028
2259959964
2137192213
2282143269
2248835993
2200375421
2177994778
2230105811
2224219288
2157342353
2144806167
2096735343
2152395854
2195896271
2188966280
2084995647
2200331980
2229064265
2146669865
2176185263
