15678398
15866581
15637800
15354753
13888882
17441545
17104688
18043110
17594233
17306781
32332397
35728264
32848223
32994309
32541243
86420671
87640609
87801966
92824767
85597778
136499990
133774991
133839217
134744708
134117479
145858170
157773012
150169855
143123666
140535940
157383276
159201961
159949773
159480094
157743873
165073531
164046797
161584624
158456675
161264324
165762679
161723352
160421972
161484676
161641366
162943672
172346257
165695771
178713685
170474946
139642148
152151264
160813630
155491814
153889889
