347335884
349254575
341264967
347837970
348420500
349476735
358381219
358368947
357459369
356013790
509527698
504757019
512232029
504405600
516202330
1172110444
1169024201
1150540305
1180112913
1184164140
1747529818
1727044390
1737847117
1779619073
1763298162
2052019727
2010237584
2053034146
2047872381
2011475808
2163489164
2037576304
2173838411
2182560607
2135810722
2170661394
2191115333
2167954025
2205508527
2149135483
2168569492
2199724324
2169713816
2209170290
2190885221
2079883529
2146162979
2088753730
2187493914
2170453983
2085651362
2181922851
2171271622
2127430934
2181283834
