269319381
266567447
252820825
266916439
267809065
278616579
286962475
288223700
285879775
285274498
484505969
482736764
481258143
471990452
481395395
1303030128
1292526428
1294696509
1302113057
1297558922
1907553926
1856527922
1953620697
1935684717
1886357716
2197384616
2233166660
2205178288
2232898205
2178361527
2275591841
2268531160
2257598941
2231643064
2240812010
2274967848
2285494591
2224231523
2232113430
2262914965
2274159209
2168392666
2163214559
2232171491
2127228723
2110368185
1996822427
2213163097
2207665733
2139898226
2067549676
2226297185
2202354918
2136561861
2129211359
