11004708
11320573
11400773
11407006
11513771
13355033
13438403
13472271
13353290
13200967
31878550
33061341
31887031
33175687
32712110
89250749
89031902
84930733
88976345
86886391
142270759
141648811
141129345
143361075
139074159
134330380
133819829
132337012
131430508
127480296
162821943
162866454
164520398
153941726
149457293
150398034
153003955
151756311
150362691
144987425
175992862
175743193
172858903
174490414
182830878
178550401
189954427
171632218
170779745
175413674
186020057
172660681
178203482
176572426
172980599
