369316550
359217361
369045147
367860178
352021333
380709464
381868772
373882285
377745024
374977029
566650461
569024010
553628513
559838616
569799808
1275993208
1290392804
1278316606
1299917275
1295839360
1823493424
1956854750
1942927428
1964418045
1950975295
2190287363
2198706235
2237227990
2235109740
2220652663
2295438780
2243547237
2227061392
2195374844
2264966807
2144853708
2188218866
2154756581
2173635612
2204230187
2219647478
2214628388
2236775910
2265390879
2249714695
2232993816
2184327578
2234236030
2204698915
2126324358
2182875415
2148805106
2237963385
2196860127
2200137787
