352863616
369981235
363299450
367519209
372082672
375710404
385251579
376377586
384032941
382454143
566083302
571382569
573008535
565748352
574065098
1311774317
1305483305
1255525518
1292430437
1307477540
1989042175
1963538343
1995997536
1984955717
1969519566
2262315630
2242599609
2282421337
2255692649
2235514150
2278410709
2251735662
2311846049
2190585317
2222036694
2197622171
2205998605
2150569825
2249204483
2112449692
2241317777
2261198280
2114571406
2233160874
2178296328
2171365151
2241888045
2186692768
2103084329
2169088790
2045135986
2206857553
2172211102
2180512720
2175350164
