119244805
120304237
121035789
122235711
121147196
117758010
126084554
125291795
122356554
122609013
167040757
178041985
173855412
178356866
185584449
897877236
899814305
872426056
900467269
901445604
1533090102
1605678600
1627748449
1623056512
1619236876
2007822746
2048063784
2054664792
2045684111
2058871466
2234403721
2248348655
2222438158
2182687234
2184388734
2267859909
2284109609
2248036405
2264696693
2258421468
2251900651
2217260701
2140528469
2272423303
2250439444
2188109778
2122131776
2256490772
2090116631
2053635914
2117328798
2106825416
2135002323
2124545463
2157050735
