14229198
14604087
14647477
14441835
14975421
16810612
15853617
15995550
16060456
17768884
25946077
26302334
26053708
27586810
27889719
77578838
76562807
76517464
75970060
83503377
126495742
128910082
126569550
127138200
128091593
144171397
147154451
145568599
145127448
148713353
156118904
159431040
157596030
157182555
171108008
163319802
161784068
163333980
161212668
162599979
159485205
163885932
162596390
153497523
158930020
173368632
174296247
187602011
170710492
171339855
154563087
151703892
151323920
154073960
151902344
