5292173
5452951
5304163
5663862
5249067
5574192
5493626
5770732
5691422
6037081
7448126
7043007
7605982
7367027
6409753
46456646
47184595
47261994
46928810
47286828
101354471
96466386
101363202
101636198
104423234
119162976
120272341
121340826
121001602
120760821
154122142
157974911
169955508
168611294
169356089
152405821
163227551
161223625
146964507
146926677
156766899
162047281
171716118
169315720
173625546
173742510
173619575
171152098
171969331
172176609
168843282
171070722
165071635
170039098
168181749
