20344290
20813954
20432155
19749687
20671215
21409410
20985666
22857553
20896600
20967204
32167899
31720304
32518635
32658129
32105780
79351399
78163316
80267344
78634930
78712409
122100586
122544599
129823322
131374699
120074307
150930750
153346444
150375366
149480464
148645442
141394515
142203816
143997293
143102668
144159286
159872235
153518589
161004734
163589670
162684331
156090898
149257814
159292626
161005160
154778164
161991200
170481302
170453082
169097436
170868937
152567291
153001091
152839732
146899316
152312659
