205081300
203917882
206508499
205375371
206634814
212482116
206040070
212751252
209728433
209330745
317506514
317095557
330789473
321902012
312333383
939312247
962372526
963874255
965947301
946720369
1580698326
1563806411
1554990409
1551842468
1558324137
1964311369
1948490890
1926131015
1895160829
1963401338
2099590220
2100677519
2099264751
2079245933
2088453610
2120587637
2121013112
2183170584
2095205903
2134835842
2136913440
2167992869
2168915185
2145432001
2144317468
2167585838
2115206227
2127850371
2196848820
2049348994
2180008442
2157682191
2106299408
2176926220
2135421977
