20370904
20330994
20386105
20487977
20444770
21179741
21200677
21061241
21385119
21356506
33540950
33735333
33452718
33169444
33026847
80866273
75625071
76321527
81502790
78848387
122614280
120291074
122265046
121673973
120656817
147796029
147871429
152324463
148004139
147757866
142908369
142596811
142033284
141777987
142375327
149411568
179275240
166094836
159570290
162093667
157900727
173703676
158416403
158011921
161343130
172046337
173171080
172595834
175307829
175502554
150663152
150209770
155255722
153473633
148983918
